#idx     perf      run   period           start             end          rel_st      slack c_duration   c_period     wu_lat   cpu       freq dl_runtime  dl_period dl_deadline
   5      952    88561   326338    114141112856    114141439194         1166812     236771      87665     340000         45     6    1400000   92279000  340000000  340000000
   5      952    88596   339995    114141439203    114141779198         1493159     239255      87665     340000         49     6    1400000   92279000  340000000  340000000
   5      952    88588   339983    114141779207    114142119190         1833163     248089      87665     340000         40     6    1400000   92279000  340000000  340000000
   5      952    88621   340000    114142119199    114142459199         2173154     127985      87665     340000         49     7    1400000   92279000  340000000  340000000
   5      952    88593   340035    114142459208    114142799242         2513163     239291      87665     340000         93     6    1400000   92279000  340000000  340000000
   5      952    90128   339966    114142799251    114143139217         2853206     248890      87665     340000         67     6    1400000   92279000  340000000  340000000
   5      952    95368   339982    114143139226    114143479209         3193182        -60      87665     340000          0     4    1300000   92279000  340000000  340000000
   5      952    88785   339966    114143479219    114143819184         3533174      46555      87665     340000         35     7    1300000   92279000  340000000  340000000
   5      952    88570   340000    114143819193    114144159193         3873149     250546      87665     340000         43     7    1400000   92279000  340000000  340000000
   5      952    88604   340023    114144159204    114144499227         4213160     130383      87665     340000         77     4    1400000   92279000  340000000  340000000
   5      952    92781   339978    114144499235    114144839213         4553191        -65      87665     340000          0     6    1400000   92279000  340000000  340000000
   5      952    88591   339976    114144839222    114145179199         4893178     103456      87665     340000         48     4    1400000   92279000  340000000  340000000
   5      952    88599   339989    114145179208    114145519197         5233163     193224      87665     340000         48     5    1400000   92279000  340000000  340000000
   5      952    88596   339987    114145519206    114145859193         5573162     243507      87665     340000         43     5    1400000   92279000  340000000  340000000
   5      952    95422   343122    114145859202    114146202324         5913158      -3176      87665     340000          0     5    1300000   92279000  340000000  340000000
   5      952    95649   339887    114146202334    114146542221         6256289      -3072      87665     340000          0     7    1300000   92279000  340000000  340000000
   5      952   103364   491580    114146542231    114147033811         6596186    -154662      87665     340000          0     5    1200000   92279000  340000000  340000000
   5      952   101380   234468    114147033821    114147268289         7087776     -49140      87665     340000          0     5    1200000   92279000  340000000  340000000
   5      952    97755   346665    114147268298    114147614964         7322254     -55815      87665     340000          0     7    1300000   92279000  340000000  340000000
   5      952   100053   324194    114147614974    114147939167         7668929     -40018      87665     340000          0     7    1200000   92279000  340000000  340000000
   5      952    95391   343628    114147939177    114148282805         7993132     -43656      87665     340000          0     7    1300000   92279000  340000000  340000000
   5      952    95416   340422    114148282814    114148623236         8336770     -44088      87665     340000          0     5    1300000   92279000  340000000  340000000
   5      952    95414   344456    114148623245    114148967701         8677201     -48552      87665     340000          0     6    1300000   92279000  340000000  340000000
   5      952    99690   347881    114148967751    114149315631         9021706     -56483      87665     340000          0     4    1300000   92279000  340000000  340000000
   5      952   103330   352424    114149315641    114149668065         9369597     -68917      87665     340000          0     6    1200000   92279000  340000000  340000000
   5      952    97243   345543    114149668075    114150013619         9722031     -74470      87665     340000          0     6    1200000   92279000  340000000  340000000
   5      952   101506   362677    114150013628    114150376305        10067584     -97156      87665     340000          0     4    1300000   92279000  340000000  340000000
   5      952    98389   341670    114150376316    114150717986        10430272     -98838      87665     340000          0     5    1200000   92279000  340000000  340000000
   5      952    95882   581341    114150717996    114151299338        10771952    -340189      87665     340000          0     4    1200000   92279000  340000000  340000000
   5      952    95403   343743    114151299347    114151643091        11353303    -343942      87665     340000          0     4    1300000   92279000  340000000  340000000
   5      952    90808   336260    114151643100    114151979360        11697055    -340211      87665     340000          0     5    1300000   92279000  340000000  340000000
   5      952    95135   343477    114151979369    114152322846        12033325    -343698      87665     340000          0     4    1300000   92279000  340000000  340000000
   5      952    94114   342361    114152322855    114152665216        12376811    -346067      87665     340000          0     5    1400000   92279000  340000000  340000000
   5      952    96177   344413    114152665226    114153009638        12719181    -350489      87665     340000          0     7    1300000   92279000  340000000  340000000
   5      952   103344   392216    114153009648    114153401864        13063604    -402716      87665     340000          0     7    1200000   92279000  340000000  340000000
   5      952   101065   330107    114153401875    114153731982        13455830    -392833      87665     340000          0     6    1200000   92279000  340000000  340000000
   5      952    95404   321711    114153731992    114154053704        13785948    -374555      87665     340000          0     7    1300000   92279000  340000000  340000000
   5      952    98307   343421    114154053714    114154397134        14107669    -377985      87665     340000          0     7    1300000   92279000  340000000  340000000
   5      952   103348   352342    114154397144    114154749486        14451100    -390337      87665     340000          0     7    1200000   92279000  340000000  340000000
   5      952   103413   436213    114154749496    114155185709        14803451    -486560      87665     340000          0     7    1200000   92279000  340000000  340000000
   5      952   103381   267803    114155185719    114155453522        15239675    -414374      87665     340000          0     4    1200000   92279000  340000000  340000000
   5      952   103335   420405    114155453533    114155873938        15507488    -494790      87665     340000          0     5    1200000   92279000  340000000  340000000
   5      952   103217   551648    114155873948    114156425596        15927904    -706448      87665     340000          0     5    1200000   92279000  340000000  340000000
   5      952    95910   320278    114156425606    114156745883        16479561    -686735      87665     340000          0     7    1300000   92279000  340000000  340000000
   5      952   103379   351976    114156745893    114157097870        16799849    -698721      87665     340000          0     7    1200000   92279000  340000000  340000000
   5      952   103381   377189    114157097880    114157475068        17151835    -735920      87665     340000          0     5    1200000   92279000  340000000  340000000
   5      952   103423   324184    114157475079    114157799262        17529034    -720114      87665     340000          0     4    1200000   92279000  340000000  340000000
   5      952   103398   352067    114157799315    114158151382        17853270    -732233      87665     340000          0     6    1200000   92279000  340000000  340000000
   5      952   103348   351769    114158151391    114158503161        18205347    -744012      87665     340000          0     4    1200000   92279000  340000000  340000000
   5      952   103360   347875    114158503171    114158851046        18557126    -751897      87665     340000          0     6    1200000   92279000  340000000  340000000
   5      952    97018   350165    114158851056    114159201220        18905011    -762072      87665     340000          0     7    1200000   92279000  340000000  340000000
   5      952   102129   359727    114159201230    114159560957        19255186    -781809      87665     340000          0     4    1300000   92279000  340000000  340000000
   5      952   102973   584030    114159560968    114160144998        19614923   -1025849      87665     340000          0     4    1200000   92279000  340000000  340000000
   5      952    95433   343975    114160145008    114160488983        20198963   -1029834      87665     340000          0     4    1300000   92279000  340000000  340000000
   5      952    96400   343146    114160488992    114160832139        20542948   -1032990      87665     340000          0     7    1300000   92279000  340000000  340000000
   5      952   103351   351949    114160832149    114161184098        20886105   -1044949      87665     340000          0     5    1200000   92279000  340000000  340000000
   5      952   103359   351981    114161184108    114161536088        21238063   -1056940      87665     340000          0     4    1200000   92279000  340000000  340000000
   5      952    99667   348297    114161536098    114161884395        21590054   -1065246      87665     340000          0     4    1200000   92279000  340000000  340000000
   5      952   101342   345950    114161884404    114162230354        21938360   -1071205      87665     340000          0     6    1300000   92279000  340000000  340000000
   5      952    98577   357556    114162230364    114162587920        22284319   -1088771      87665     340000          0     6    1200000   92279000  340000000  340000000
   5      952    95402   335925    114162587929    114162923854        22641885   -1084706      87665     340000          0     7    1300000   92279000  340000000  340000000
   5      952   100743   382259    114162923864    114163306123        22977819   -1126974      87665     340000          0     5    1300000   92279000  340000000  340000000
   5      952    97066   338028    114163306132    114163644160        23360088   -1125012      87665     340000          0     7    1200000   92279000  340000000  340000000
   5      952    97767   330404    114163644170    114163974574        23698125   -1115425      87665     340000          0     7    1300000   92279000  340000000  340000000
   5      952   103373   585070    114163974584    114164559654        24028539   -1360505      87665     340000          0     4    1200000   92279000  340000000  340000000
   5      952    95677   342891    114164559664    114164902554        24613619   -1363406      87665     340000          0     4    1300000   92279000  340000000  340000000
   5      952   103368   352202    114164902565    114165254767        24956521   -1375619      87665     340000          0     6    1200000   92279000  340000000  340000000
   5      952   101292   402293    114165254778    114165657071        25308733   -1437922      87665     340000          0     6    1200000   92279000  340000000  340000000
   5      952   103129   337524    114165657080    114165994604        25711036   -1435455      87665     340000          0     6    1300000   92279000  340000000  340000000
   5      952   103352   388824    114165994614    114166383439        26048570   -1484290      87665     340000          0     4    1200000   92279000  340000000  340000000
   5      952    99095   267660    114166383489    114166651149        26437445   -1412001      87665     340000          0     5    1200000   92279000  340000000  340000000
   5      952    91460   340043    114166651159    114166991203        26705115   -1412054      87665     340000          0     4    1300000   92279000  340000000  340000000
   5      952    92264   340094    114166991211    114167331305        27045167   -1412156      87665     340000          0     4    1400000   92279000  340000000  340000000
   5      952    95417   344113    114167331315    114167675428        27385270   -1416279      87665     340000          0     6    1300000   92279000  340000000  340000000
   5      952    95437   344201    114167675438    114168019639        27729393   -1420490      87665     340000          0     6    1300000   92279000  340000000  340000000
   5      952    95372   360332    114168019648    114168379980        28073604   -1440832      87665     340000          0     4    1300000   92279000  340000000  340000000
   5      952    97794   338589    114168379989    114168718579        28433945   -1439430      87665     340000          0     4    1300000   92279000  340000000  340000000
   5      952   101276   398103    114168718588    114169116692        28772544   -1497543      87665     340000          0     5    1300000   92279000  340000000  340000000
   5      952   103332   291990    114169116702    114169408692        29170657   -1449543      87665     340000          0     5    1200000   92279000  340000000  340000000
   5      952   102984   595813    114169408702    114170004516        29462658   -1705367      87665     340000          0     5    1200000   92279000  340000000  340000000
   5      952    98053   346843    114170004525    114170351368        30058481   -1712219      87665     340000          0     7    1300000   92279000  340000000  340000000
   5      952   103364   353099    114170351378    114170704477        30405334   -1725328      87665     340000          0     7    1200000   92279000  340000000  340000000
   5      952   103382   348279    114170704487    114171052767        30758443   -1733618      87665     340000          0     7    1200000   92279000  340000000  340000000
   5      952   103343   352928    114171052777    114171405705        31106732   -1746556      87665     340000          0     6    1200000   92279000  340000000  340000000
   5      952   103337   364832    114171405715    114171770547        31459671   -1771398      87665     340000          0     7    1200000   92279000  340000000  340000000
   5      952   103389   360529    114171770557    114172131086        31824513   -1791938      87665     340000          0     7    1200000   92279000  340000000  340000000
   5      952   103385   447677    114172131096    114172578773        32185052   -1899625      87665     340000          0     6    1200000   92279000  340000000  340000000
   5      952   103385   260554    114172578783    114172839338        32632739   -1820189      87665     340000          0     5    1200000   92279000  340000000  340000000
   5      952    95494   560902    114172839348    114173400250        32893303   -2041101      87665     340000          0     6    1200000   92279000  340000000  340000000
   5      952   103355   476466    114173400260    114173876726        33454215   -2177578      87665     340000          0     6    1200000   92279000  340000000  340000000
   5      952   103373   224450    114173876737    114174101187        33930692   -2062038      87665     340000          0     5    1200000   92279000  340000000  340000000
   5      952   103356   352326    114174101198    114174453523        34155153   -2074375      87665     340000          0     4    1200000   92279000  340000000  340000000
   5      952   103394   352375    114174453533    114174805909        34507489   -2086760      87665     340000          0     5    1200000   92279000  340000000  340000000
   5      952   103371   352391    114174805919    114175158309        34859874   -2099160      87665     340000          0     6    1200000   92279000  340000000  340000000
   5      952   103368   370055    114175158356    114175528411        35212311   -2129262      87665     340000          0     7    1200000   92279000  340000000  340000000
   5      952   103424   372683    114175528421    114175901104        35582376   -2161955      87665     340000          0     6    1200000   92279000  340000000  340000000
   5      952   103365   364344    114175901114    114176265458        35955069   -2186309      87665     340000          0     6    1200000   92279000  340000000  340000000
   5      952    95634   536463    114176265468    114176801931        36319423   -2382783      87665     340000          0     6    1200000   92279000  340000000  340000000
   5      952    95921   344838    114176801941    114177146778        36855896   -2387629      87665     340000          0     7    1300000   92279000  340000000  340000000
   5      952   103350   348320    114177146788    114177495109        37200744   -2395960      87665     340000          0     7    1200000   92279000  340000000  340000000
   5      952    97621   374475    114177495118    114177869594        37549074   -2430445      87665     340000          0     7    1200000   92279000  340000000  340000000
   5      952   103367   361306    114177869604    114178230909        37923559   -2451760      87665     340000          0     5    1200000   92279000  340000000  340000000
   5      952   103336   340421    114178230919    114178571340        38284875   -2452192      87665     340000          0     6    1200000   92279000  340000000  340000000
   5      952   103344   324413    114178571350    114178895763        38625306   -2436615      87665     340000          0     4    1200000   92279000  340000000  340000000
   5      952    98169   347201    114178895774    114179242974        38949729   -2443826      87665     340000          0     5    1200000   92279000  340000000  340000000
   5      952   100823   348150    114179242984    114179591134        39296940   -2451986      87665     340000          0     4    1300000   92279000  340000000  340000000
   5      952   103360   348366    114179591145    114179939511        39645100   -2460362      87665     340000          0     4    1200000   92279000  340000000  340000000
   5      952    96342   345409    114179939521    114180284929        39993476   -2465781      87665     340000          0     4    1200000   92279000  340000000  340000000
   5      952   102792   669784    114180284939    114180954723        40338895   -2795575      87665     340000          0     5    1300000   92279000  340000000  340000000
   5      952   103324   280330    114180954734    114181235064        41008690   -2735915      87665     340000          0     4    1200000   92279000  340000000  340000000
   5      952   103364   352452    114181235074    114181587526        41289030   -2748378      87665     340000          0     4    1200000   92279000  340000000  340000000
   5      952   103361   358409    114181587537    114181945946        41641492   -2766798      87665     340000          0     6    1200000   92279000  340000000  340000000
   5      952   103370   340521    114181945956    114182286477        41999912   -2767329      87665     340000          0     5    1200000   92279000  340000000  340000000
   5      952   103359   352447    114182286488    114182638935        42340443   -2779786      87665     340000          0     7    1200000   92279000  340000000  340000000
   5      952   103339   352305    114182638945    114182991250        42692900   -2792101      87665     340000          0     4    1200000   92279000  340000000  340000000
   5      952   103372   352521    114182991259    114183343780        43045215   -2804630      87665     340000          0     5    1200000   92279000  340000000  340000000
   5      952    98133   360376    114183343791    114183704167        43397746   -2825019      87665     340000          0     6    1300000   92279000  340000000  340000000
   5      952   103019   580339    114183704215    114184284554        43758170   -3065405      87665     340000          0     6    1200000   92279000  340000000  340000000
   5      952    95422   342414    114184284563    114184626977        44338519   -3067829      87665     340000          0     4    1300000   92279000  340000000  340000000
   5      952    99633   352360    114184626987    114184979347        44680942   -3080198      87665     340000          0     4    1300000   92279000  340000000  340000000
   5      952   101068   349119    114184979357    114185328476        45033313   -3089327      87665     340000          0     4    1200000   92279000  340000000  340000000
   5      952    95408   344524    114185328485    114185673009        45382441   -3093860      87665     340000          0     6    1300000   92279000  340000000  340000000
   5      952    98182   343447    114185673018    114186016465        45726974   -3097316      87665     340000          0     6    1300000   92279000  340000000  340000000
   5      952   103345   352429    114186016476    114186368905        46070431   -3109756      87665     340000          0     6    1200000   92279000  340000000  340000000
   5      952   101231   361387    114186368915    114186730302        46422871   -3131154      87665     340000          0     4    1200000   92279000  340000000  340000000
   5      952    97979   364213    114186730312    114187094525        46784268   -3155377      87665     340000          0     6    1200000   92279000  340000000  340000000
   5      952    95457   312690    114187094535    114187407225        47148491   -3128077      87665     340000          0     4    1300000   92279000  340000000  340000000
   5      952    95436   344690    114187407235    114187751925        47461190   -3132776      87665     340000          0     6    1300000   92279000  340000000  340000000
   5      952   102739   348008    114187751935    114188099942        47805890   -3140793      87665     340000          0     6    1300000   92279000  340000000  340000000
   5      952   103383   600290    114188099952    114188700242        48153908   -3401094      87665     340000          0     7    1200000   92279000  340000000  340000000
   5      952    95473   340733    114188700252    114189040985        48754207   -3401836      87665     340000          0     6    1300000   92279000  340000000  340000000
   5      952   103377   351392    114189040995    114189392387        49094951   -3413238      87665     340000          0     4    1200000   92279000  340000000  340000000
   5      952   101471   364535    114189392397    114189756932        49446352   -3437783      87665     340000          0     5    1200000   92279000  340000000  340000000
   5      952   100589   369575    114189756941    114190126516        49810897   -3467367      87665     340000          0     6    1300000   92279000  340000000  340000000
   5      952    95410   342778    114190126525    114190469303        50180481   -3470154      87665     340000          0     4    1300000   92279000  340000000  340000000
   5      952    92732   305826    114190469313    114190775138        50523268   -3435990      87665     340000          0     5    1300000   92279000  340000000  340000000
   5      952    91031   339937    114190775147    114191115084        50829103   -3435936      87665     340000          0     5    1400000   92279000  340000000  340000000
   5      952    98420   344538    114191115094    114191459631        51169049   -3440483      87665     340000          0     5    1300000   92279000  340000000  340000000
   5      952    99306   349566    114191459642    114191809208        51513597   -3450059      87665     340000          0     6    1200000   92279000  340000000  340000000
   5      952    99519   344823    114191809217    114192154040        51863173   -3454891      87665     340000          0     6    1300000   92279000  340000000  340000000
   5      952   103388   363669    114192154051    114192517720        52208007   -3478571      87665     340000          0     4    1200000   92279000  340000000  340000000
   5      952   103352   340745    114192517768    114192858513        52571724   -3479364      87665     340000          0     6    1200000   92279000  340000000  340000000
   5      952   103378   388453    114192858523    114193246975        52912478   -3527827      87665     340000          0     4    1200000   92279000  340000000  340000000
   5      952   103357   561848    114193246986    114193808834        53300941   -3749685      87665     340000          0     4    1200000   92279000  340000000  340000000
   5      952   102057   347475    114193808844    114194156319        53862800   -3757170      87665     340000          0     7    1200000   92279000  340000000  340000000
   5      952    95434   344770    114194156328    114194501098        54210284   -3761949      87665     340000          0     5    1300000   92279000  340000000  340000000
   5      952    95441   343405    114194501108    114194844512        54555063   -3765364      87665     340000          0     6    1300000   92279000  340000000  340000000
   5      952    95410   340722    114194844522    114195185244        54898477   -3766095      87665     340000          0     7    1300000   92279000  340000000  340000000
   5      952    95402   344698    114195185254    114195529952        55239209   -3770803      87665     340000          0     7    1300000   92279000  340000000  340000000
   5      952    99095   400139    114195529961    114195930100        55583917   -3830951      87665     340000          0     6    1300000   92279000  340000000  340000000
   5      952    99798   319623    114195930111    114196249734        55984066   -3810585      87665     340000          0     7    1200000   92279000  340000000  340000000
   5      952    99250   349041    114196249743    114196598784        56303698   -3819635      87665     340000          0     7    1300000   92279000  340000000  340000000
   5      952   103372   337860    114196598793    114196936653        56652749   -3817504      87665     340000          0     7    1200000   92279000  340000000  340000000
   5      952   103365   392561    114196936663    114197329225        56990619   -3870076      87665     340000          0     7    1200000   92279000  340000000  340000000
   5      952   103350   332423    114197329235    114197661658        57383191   -3862509      87665     340000          0     6    1200000   92279000  340000000  340000000
   5      952   103356   720790    114197661668    114198382458        57715623   -4243309      87665     340000          0     4    1200000   92279000  340000000  340000000
   5      952   102213   191595    114198382468    114198574062        58436424   -4094914      87665     340000          0     7    1200000   92279000  340000000  340000000
   5      952    96897   349845    114198574072    114198923917        58628027   -4104768      87665     340000          0     7    1300000   92279000  340000000  340000000
   5      952   103364   344896    114198923927    114199268823        58977883   -4109674      87665     340000          0     7    1200000   92279000  340000000  340000000
   5      952   100208   377174    114199268834    114199646008        59322789   -4146859      87665     340000          0     4    1200000   92279000  340000000  340000000
   5      952    98748   318140    114199646017    114199964157        59699973   -4125008      87665     340000          0     4    1300000   92279000  340000000  340000000
   5      952    99057   369828    114199964167    114200333995        60018122   -4154846      87665     340000          0     5    1200000   92279000  340000000  340000000
   5      952    95416   320841    114200334004    114200654845        60387960   -4135697      87665     340000          0     7    1300000   92279000  340000000  340000000
   5      952   100296   577334    114200654855    114201232189        60708810   -4373040      87665     340000          0     4    1300000   92279000  340000000  340000000
   5      952   103354   120912    114201232233    114201353145        61286189   -4153996      87665     340000          0     5    1200000   92279000  340000000  340000000
   5      952    96801   393699    114201353156    114201746855        61407111   -4207706      87665     340000          0     5    1200000   92279000  340000000  340000000
   5      952    95398   296797    114201746864    114202043662        61800820   -4164513      87665     340000          0     7    1300000   92279000  340000000  340000000
   5      952    95417   351614    114202043671    114202395286        62097627   -4176137      87665     340000          0     6    1300000   92279000  340000000  340000000
   5      952   100778   587059    114202395295    114202982354        62449251   -4423205      87665     340000          0     4    1300000   92279000  340000000  340000000
   5      952    95705   342044    114202982364    114203324408        63036319   -4425259      87665     340000          0     4    1300000   92279000  340000000  340000000
   5      952   103375   352400    114203324417    114203676817        63378373   -4437668      87665     340000          0     5    1200000   92279000  340000000  340000000
   5      952   103370   348482    114203676827    114204025309        63730783   -4446161      87665     340000          0     6    1200000   92279000  340000000  340000000
   5      952   103351   352901    114204025320    114204378221        64079275   -4459072      87665     340000          0     7    1200000   92279000  340000000  340000000
   5      952   103397   365999    114204378231    114204744230        64432187   -4485081      87665     340000          0     4    1200000   92279000  340000000  340000000
   5      952    98735   332276    114204744240    114205076516        64798195   -4477367      87665     340000          0     7    1200000   92279000  340000000  340000000
   5      952   100423   349561    114205076525    114205426086        65130480   -4486937      87665     340000          0     4    1300000   92279000  340000000  340000000
   5      952    97704   371910    114205426096    114205798006        65480051   -4518857      87665     340000          0     5    1200000   92279000  340000000  340000000
   5      952    95427   324383    114205798016    114206122399        65851971   -4503250      87665     340000          0     5    1300000   92279000  340000000  340000000
   5      952   101614   365926    114206122408    114206488334        66176364   -4529186      87665     340000          0     7    1300000   92279000  340000000  340000000
   5      952   103369   573873    114206488345    114207062218        66542300   -4763069      87665     340000          0     7    1200000   92279000  340000000  340000000
   5      952   103369   351607    114207062228    114207413835        67116184   -4774687      87665     340000          0     5    1200000   92279000  340000000  340000000
   5      952   103337   349114    114207413846    114207762960        67467801   -4783811      87665     340000          0     6    1200000   92279000  340000000  340000000
   5      952   103362   350023    114207762970    114208112993        67816926   -4793845      87665     340000          0     4    1200000   92279000  340000000  340000000
   5      952   103031   429807    114208113004    114208542810        68166959   -4883662      87665     340000          0     5    1200000   92279000  340000000  340000000
   5      952    97686   302741    114208542820    114208845561        68596776   -4846412      87665     340000          0     7    1300000   92279000  340000000  340000000
   5      952   103371   349757    114208845571    114209195328        68899527   -4856179      87665     340000          0     6    1200000   92279000  340000000  340000000
   5      952   103391   330338    114209195338    114209525676        69249293   -4846527      87665     340000          0     5    1200000   92279000  340000000  340000000
   5      952    96809   334558    114209525686    114209860244        69579642   -4841096      87665     340000          0     6    1200000   92279000  340000000  340000000
   5      952   102229   350142    114209860288    114210210430        69914243   -4851281      87665     340000          0     5    1300000   92279000  340000000  340000000
   5      952   103377   597856    114210210441    114210808297        70264396   -5109148      87665     340000          0     6    1200000   92279000  340000000  340000000
   5      952   103359   349195    114210808307    114211157502        70862263   -5118353      87665     340000          0     4    1200000   92279000  340000000  340000000
   5      952   103406   373017    114211157512    114211530529        71211467   -5151380      87665     340000          0     7    1200000   92279000  340000000  340000000
   5      952   103390   365958    114211530539    114211896497        71584494   -5177348      87665     340000          0     6    1200000   92279000  340000000  340000000
   5      952    99576   310104    114211896507    114212206611        71950463   -5147462      87665     340000          0     5    1200000   92279000  340000000  340000000
   5      952    99621   360847    114212206620    114212567467        72260576   -5168318      87665     340000          0     6    1300000   92279000  340000000  340000000
   5      952   103397   341350    114212567477    114212908827        72621432   -5169678      87665     340000          0     6    1200000   92279000  340000000  340000000
   5      952   103380   349295    114212908836    114213258132        72962792   -5178983      87665     340000          0     6    1200000   92279000  340000000  340000000
   5      952   103399   353310    114213258142    114213611452        73312097   -5192303      87665     340000          0     5    1200000   92279000  340000000  340000000
   5      952   102037   603182    114213611462    114214214644        73665418   -5455496      87665     340000          0     6    1200000   92279000  340000000  340000000
   5      952   102172   351449    114214214654    114214566104        74268610   -5466955      87665     340000          0     6    1200000   92279000  340000000  340000000
   5      952    96926   334733    114214566113    114214900846        74620069   -5461697      87665     340000          0     6    1300000   92279000  340000000  340000000
   5      952   103349   313115    114214940055    114215253170        74994011   -5474021      87665     340000          0     7    1200000   92279000  340000000  340000000
   5      952   103342   352274    114215253180    114215605454        75307136   -5486305      87665     340000          0     7    1200000   92279000  340000000  340000000
   5      952   103338   347469    114215605464    114215952934        75659420   -5493785      87665     340000          0     7    1200000   92279000  340000000  340000000
   5      952   103367   352470    114215952944    114216305414        76006900   -5506265      87665     340000          0     7    1200000   92279000  340000000  340000000
   5      952    97901   347855    114216305424    114216653279        76359379   -5514131      87665     340000          0     4    1200000   92279000  340000000  340000000
   5      952   101485   347560    114216653289    114217000849        76707245   -5521701      87665     340000          0     4    1300000   92279000  340000000  340000000
   5      952    95888   350463    114217000860    114217351322        77054815   -5532174      87665     340000          0     4    1200000   92279000  340000000  340000000
   5      952    95378   589629    114217351332    114217940961        77405287   -5781812      87665     340000          0     4    1300000   92279000  340000000  340000000
   5      952    95424   345175    114217940970    114218286145        77994926   -5786996      87665     340000          0     7    1300000   92279000  340000000  340000000
   5      952    97281   357192    114218286155    114218643346        78340110   -5804198      87665     340000          0     5    1300000   92279000  340000000  340000000
   5      952   103358   338090    114218643393    114218981483        78697349   -5802335      87665     340000          0     7    1200000   92279000  340000000  340000000
   5      952   103374   349498    114218981494    114219330992        79035449   -5811843      87665     340000          0     4    1200000   92279000  340000000  340000000
   5      952   103387   353441    114219331002    114219684443        79384958   -5825295      87665     340000          0     7    1200000   92279000  340000000  340000000
   5      952   103325   360452    114219684454    114220044906        79738409   -5845757      87665     340000          0     6    1200000   92279000  340000000  340000000
   5      952   103345   368356    114220044916    114220413272        80098871   -5874123      87665     340000          0     6    1200000   92279000  340000000  340000000
   5      952   103332   364320    114220413282    114220777602        80467238   -5898453      87665     340000          0     4    1200000   92279000  340000000  340000000
   5      952    97764   377845    114220777612    114221155457        80831568   -5936309      87665     340000          0     7    1200000   92279000  340000000  340000000
   5      952   103384   526404    114221155468    114221681872        81209423   -6122723      87665     340000          0     5    1200000   92279000  340000000  340000000
   5      952   103342   350188    114221681882    114222032070        81735838   -6132922      87665     340000          0     7    1200000   92279000  340000000  340000000
   5      952   103375   352464    114222032080    114222384544        82086036   -6145396      87665     340000          0     7    1200000   92279000  340000000  340000000
   5      952   103360   358475    114222384554    114222743029        82438510   -6163880      87665     340000          0     7    1200000   92279000  340000000  340000000
   5      952   103339   345406    114222743039    114223088445        82796995   -6169297      87665     340000          0     7    1200000   92279000  340000000  340000000
   5      952   103359   349483    114223088455    114223437939        83142411   -6178790      87665     340000          0     7    1200000   92279000  340000000  340000000
   5      952    98283   344297    114223437949    114223782246        83491905   -6183097      87665     340000          0     7    1200000   92279000  340000000  340000000
   5      952   100925   359956    114223782256    114224142212        83836211   -6203063      87665     340000          0     7    1300000   92279000  340000000  340000000
   5      952   103356   370343    114224142222    114224512565        84196177   -6233416      87665     340000          0     5    1200000   92279000  340000000  340000000
   5      952    98875   317042    114224512576    114224829617        84566531   -6210469      87665     340000          0     6    1200000   92279000  340000000  340000000
   5      952    95435   591522    114224829627    114225421149        84883582   -6462000      87665     340000          0     6    1300000   92279000  340000000  340000000
   5      952   103355   349475    114225421159    114225770634        85475114   -6471485      87665     340000          0     7    1200000   92279000  340000000  340000000
   5      952   101611   351847    114225770644    114226122491        85824600   -6483342      87665     340000          0     6    1200000   92279000  340000000  340000000
   5      952    97297   343443    114226122501    114226465943        86176456   -6486795      87665     340000          0     5    1300000   92279000  340000000  340000000
   5      952   100418   373264    114226465953    114226839218        86519909   -6520069      87665     340000          0     5    1200000   92279000  340000000  340000000
   5      952    98346   360420    114226839227    114227199647        86893183   -6540499      87665     340000          0     4    1300000   92279000  340000000  340000000
   5      952   103362   326678    114227199657    114227526336        87253613   -6527187      87665     340000          0     5    1200000   92279000  340000000  340000000
   5      952   103352   364412    114227526383    114227890795        87580338   -6551647      87665     340000          0     4    1200000   92279000  340000000  340000000
   5      952   103341   325448    114227890805    114228216253        87944761   -6537105      87665     340000          0     7    1200000   92279000  340000000  340000000
   5      952   103385   433213    114228216264    114228649477        88270219   -6630328      87665     340000          0     7    1200000   92279000  340000000  340000000
   5      952   103117   514567    114228649487    114229164054        88703442   -6804905      87665     340000          0     5    1200000   92279000  340000000  340000000
   5      952    96004   351119    114229164063    114229515182        89218019   -6816033      87665     340000          0     5    1300000   92279000  340000000  340000000
   5      952   103345   345719    114229515193    114229860912        89569148   -6821763      87665     340000          0     4    1200000   92279000  340000000  340000000
   5      952   101237   385273    114229860922    114230246195        89914878   -6867046      87665     340000          0     5    1200000   92279000  340000000  340000000
   5      952    97922   308072    114230246205    114230554277        90300160   -6835128      87665     340000          0     7    1300000   92279000  340000000  340000000
