#idx     perf      run   period           start             end          rel_st      slack c_duration   c_period     wu_lat   cpu       freq dl_runtime  dl_period dl_deadline
   9      269    25066   310509    114141108680    114141419189         1162635     285140      24808     320000         39     5    1400000   26808000  320000000  320000000
   9      269    25069   319999    114141419200    114141739199         1473155     294557      24808     320000         49     5    1400000   26808000  320000000  320000000
   9      269    25069   319999    114141739207    114142059206         1793163     294559      24808     320000         53     5    1400000   26808000  320000000  320000000
   9      269    25067   329292    114142059215    114142388507         2113171     285247      24808     320000       9358     5    1400000   26808000  320000000  320000000
   9      269    25069   310693    114142388516    114142699209         2442471     285269      24808     320000         59     6    1400000   26808000  320000000  320000000
   9      269    25087   330040    114142699218    114143029258         2753173     294454      24808     320000      10108     6    1400000   26808000  320000000  320000000
   9      269    27011   309969    114143029267    114143339236         3083223        -87      24808     320000          0     7    1300000   26808000  320000000  320000000
   9      269    26995   319992    114143339245    114143659237         3393201        -88      24808     320000          0     5    1300000   26808000  320000000  320000000
   9      269    25073   331145    114143659246    114143990391         3713202     294504      24808     320000      11242     6    1400000   26808000  320000000  320000000
   9      269    25082   308801    114143990400    114144299201         4044356     281024      24808     320000         51     6    1400000   26808000  320000000  320000000
   9      269    25072   319989    114144299213    114144619201         4353168     294509      24808     320000         51     6    1400000   26808000  320000000  320000000
   9      269    27001   322377    114144619211    114144941588         4673166      -2440      24808     320000          0     6    1300000   26808000  320000000  320000000
   9      269    25069   317594    114144941597    114145259190         4995552     292145      24808     320000         41     6    1400000   26808000  320000000  320000000
   9      269    25063   310633    114145268549    114145579182         5322505     285240      24808     320000         33     7    1400000   26808000  320000000  320000000
   9      269    25088   322588    114145579191    114145901780         5633147     257874      24808     320000       2630     4    1400000   26808000  320000000  320000000
   9      269    26987   322272    114145901789    114146224061         5955744      -4912      24808     320000          0     4    1300000   26808000  320000000  320000000
   9      269    26990   315162    114146224070    114146539232         6278026        -83      24808     320000          0     4    1300000   26808000  320000000  320000000
   9      269    29280   331708    114146539243    114146870951         6593198     -11803      24808     320000          0     4    1200000   26808000  320000000  320000000
   9      269    29005   311572    114146870962    114147182534         6924918      -3386      24808     320000          0     7    1200000   26808000  320000000  320000000
   9      269    27164   343530    114147182544    114147526074         7236500     -26926      24808     320000          0     5    1300000   26808000  320000000  320000000
   9      269    28679   300240    114147526085    114147826324         7580040      -7175      24808     320000          0     4    1200000   26808000  320000000  320000000
   9      269    26992   323335    114147826334    114148149669         7880289     -10520      24808     320000          0     4    1300000   26808000  320000000  320000000
   9      269    27014   314600    114148149679    114148464278         8203634      -5130      24808     320000          0     4    1300000   26808000  320000000  320000000
   9      269    27040   332565    114148464327    114148796892         8518282     -17743      24808     320000          0     6    1300000   26808000  320000000  320000000
   9      269    27016   320496    114148796901    114149117397         8850856     -18249      24808     320000          0     7    1300000   26808000  320000000  320000000
   9      269    28059   311656    114149117406    114149429063         9171362      -9914      24808     320000          0     7    1300000   26808000  320000000  320000000
   9      269    29270   356869    114149429073    114149785941         9483028     -46793      24808     320000          0     6    1200000   26808000  320000000  320000000
   9      269    28396   284054    114149785951    114150070005         9839907     -10857      24808     320000          0     7    1200000   26808000  320000000  320000000
   9      269    28119   343617    114150070015    114150413632        10123970     -34483      24808     320000          0     7    1300000   26808000  320000000  320000000
   9      269    29202   308867    114150413642    114150722509        10467598     -23361      24808     320000          0     5    1200000   26808000  320000000  320000000
   9      269    27726   352052    114150722520    114151074572        10776475     -55423      24808     320000          0     5    1200000   26808000  320000000  320000000
   9      269    27026   282737    114151074581    114151357317        11128536     -18169      24808     320000          0     5    1300000   26808000  320000000  320000000
   9      269    26956   330432    114151357327    114151687759        11411282     -28611      24808     320000          0     6    1300000   26808000  320000000  320000000
   9      269    26408   310042    114151687768    114151997810        11741724     -18661      24808     320000          0     6    1400000   26808000  320000000  320000000
   9      269    27027   398530    114151997819    114152396349        12051775     -97201      24808     320000          0     6    1300000   26808000  320000000  320000000
   9      269    27037   254552    114152396358    114152650910        12450314     -31762      24808     320000          0     5    1300000   26808000  320000000  320000000
   9      269    28527   308199    114152650919    114152959118        12704875     -19970      24808     320000          0     4    1300000   26808000  320000000  320000000
   9      269    29265   320965    114152959129    114153280093        13013084     -20945      24808     320000          0     5    1200000   26808000  320000000  320000000
   9      269    27330   325391    114153280104    114153605494        13334059     -26345      24808     320000          0     5    1200000   26808000  320000000  320000000
   9      269    27020   328497    114153605505    114153934002        13659461     -34854      24808     320000          0     7    1300000   26808000  320000000  320000000
   9      269    29117   614046    114153934011    114154548058        13987967    -328909      24808     320000          0     7    1300000   26808000  320000000  320000000
   9      269    29264   313070    114154548068    114154861138        14602024    -321990      24808     320000          0     6    1200000   26808000  320000000  320000000
   9      269    29273   331624    114154861149    114155192772        14915104    -333624      24808     320000          0     7    1200000   26808000  320000000  320000000
   9      269    29274   323690    114155192782    114155516472        15246738    -337323      24808     320000          0     7    1200000   26808000  320000000  320000000
   9      269    29274   313025    114155516482    114155829507        15570438    -330358      24808     320000          0     7    1200000   26808000  320000000  320000000
   9      269    29267   321060    114155829517    114156150578        15883473    -331429      24808     320000          0     4    1200000   26808000  320000000  320000000
   9      269    28044   336053    114156150588    114156486641        16204544    -347492      24808     320000          0     4    1200000   26808000  320000000  320000000
   9      269    28254   319523    114156486684    114156806207        16540640    -347058      24808     320000          0     4    1300000   26808000  320000000  320000000
   9      269    29253   357601    114156806217    114157163818        16860173    -384669      24808     320000          0     6    1200000   26808000  320000000  320000000
   9      269    29269   277109    114157163829    114157440938        17217784    -341789      24808     320000          0     6    1200000   26808000  320000000  320000000
   9      269    29265   321080    114157440948    114157762028        17494903    -342880      24808     320000          0     4    1200000   26808000  320000000  320000000
   9      269    29263   321057    114157762038    114158083096        17815994    -343947      24808     320000          0     5    1200000   26808000  320000000  320000000
   9      269    29271   616414    114158083106    114158699520        18137061    -640371      24808     320000          0     5    1200000   26808000  320000000  320000000
   9      269    29266   321179    114158699530    114159020710        18753486    -641561      24808     320000          0     4    1200000   26808000  320000000  320000000
   9      269    27964   325952    114159020720    114159346672        19074676    -647523      24808     320000          0     7    1200000   26808000  320000000  320000000
   9      269    27498   323818    114159346681    114159670499        19400636    -651350      24808     320000          0     7    1300000   26808000  320000000  320000000
   9      269    29278   317152    114159670508    114159987661        19724464    -648512      24808     320000          0     7    1200000   26808000  320000000  320000000
   9      269    28540   332542    114159987671    114160320213        20041626    -661064      24808     320000          0     4    1200000   26808000  320000000  320000000
   9      269    27627   307431    114160320222    114160627654        20374178    -648505      24808     320000          0     4    1300000   26808000  320000000  320000000
   9      269    29269   325199    114160627664    114160952862        20681619    -653714      24808     320000          0     7    1200000   26808000  320000000  320000000
   9      269    29267   368832    114160952873    114161321705        21006828    -702556      24808     320000          0     6    1200000   26808000  320000000  320000000
   9      269    28823   276709    114161321715    114161598424        21375671    -659276      24808     320000          0     6    1200000   26808000  320000000  320000000
   9      269    28499   356793    114161598434    114161955227        21652389    -696078      24808     320000          0     5    1300000   26808000  320000000  320000000
   9      269    29267   287505    114161955237    114162242742        22009193    -663593      24808     320000          0     7    1200000   26808000  320000000  320000000
   9      269    27398   394134    114162242752    114162636886        22296707    -737737      24808     320000          0     7    1200000   26808000  320000000  320000000
   9      269    27025   242944    114162636895    114162879840        22690851    -660691      24808     320000          0     7    1300000   26808000  320000000  320000000
   9      269    28953   327289    114162879849    114163207138        22933805    -667990      24808     320000          0     6    1300000   26808000  320000000  320000000
   9      269    27082   319009    114163207149    114163526158        23261104    -667009      24808     320000          0     7    1200000   26808000  320000000  320000000
   9      269    27013   318936    114163526167    114163845103        23580123    -665954      24808     320000          0     5    1300000   26808000  320000000  320000000
   9      269    29268   616290    114163845112    114164461402        23899067    -962253      24808     320000          0     4    1300000   26808000  320000000  320000000
   9      269    28026   320017    114164461446    114164781463        24515402    -962315      24808     320000          0     6    1200000   26808000  320000000  320000000
   9      269    29269   333821    114164781473    114165115294        24835429    -976146      24808     320000          0     6    1200000   26808000  320000000  320000000
   9      269    29279   309320    114165115305    114165424624        25169260    -965476      24808     320000          0     6    1200000   26808000  320000000  320000000
   9      269    27436   320556    114165424635    114165745191        25478590    -966042      24808     320000          0     7    1300000   26808000  320000000  320000000
   9      269    29305   335709    114165745201    114166080910        25799157    -981761      24808     320000          0     5    1200000   26808000  320000000  320000000
   9      269    29271   309304    114166080920    114166390225        26134876    -971076      24808     320000          0     6    1200000   26808000  320000000  320000000
   9      269    28076   324158    114166390235    114166714393        26444191    -975244      24808     320000          0     4    1200000   26808000  320000000  320000000
   9      269    26029   366334    114166714402    114167080736        26768358   -1021587      24808     320000          0     4    1300000   26808000  320000000  320000000
   9      269    25860   269896    114167080745    114167350640        27134700    -971492      24808     320000          0     4    1400000   26808000  320000000  320000000
   9      269    27030   470902    114167350650    114167821552        27404605   -1122404      24808     320000          0     4    1300000   26808000  320000000  320000000
   9      269    27037   182553    114167821562    114168004115        27875517    -984967      24808     320000          0     6    1300000   26808000  320000000  320000000
   9      269    27017   316485    114168004125    114168320610        28058080    -981461      24808     320000          0     5    1300000   26808000  320000000  320000000
   9      269    28001   312071    114168320619    114168632690        28374574    -973542      24808     320000          0     5    1300000   26808000  320000000  320000000
   9      269    29274   434804    114168632700    114169067505        28686656   -1088356      24808     320000          0     6    1200000   26808000  320000000  320000000
   9      269    29274   213446    114169067516    114169280961        29121471    -981813      24808     320000          0     6    1200000   26808000  320000000  320000000
   9      269    29277   321367    114169280972    114169602339        29334927    -983190      24808     320000          0     6    1200000   26808000  320000000  320000000
   9      269    27443   333480    114169602349    114169935829        29656305    -996681      24808     320000          0     7    1200000   26808000  320000000  320000000
   9      269    28929   309069    114169935839    114170244908        29989794    -985759      24808     320000          0     7    1300000   26808000  320000000  320000000
   9      269    29300   617167    114170244918    114170862085        30298874   -1282937      24808     320000          0     7    1200000   26808000  320000000  320000000
   9      269    29267   365616    114170862095    114171227712        30916051   -1328563      24808     320000          0     6    1200000   26808000  320000000  320000000
   9      269    29275   277417    114171227722    114171505139        31281678   -1285990      24808     320000          0     4    1200000   26808000  320000000  320000000
   9      269    29257   333602    114171505149    114171838751        31559104   -1299602      24808     320000          0     7    1200000   26808000  320000000  320000000
   9      269    29271   313454    114171838761    114172152215        31892717   -1293066      24808     320000          0     5    1200000   26808000  320000000  320000000
   9      269    29247   345609    114172152225    114172497835        32206181   -1318686      24808     320000          0     7    1200000   26808000  320000000  320000000
   9      269    29256   309602    114172497880    114172807482        32551836   -1308334      24808     320000          0     7    1200000   26808000  320000000  320000000
   9      269    27976   317510    114172807492    114173125002        32861448   -1305854      24808     320000          0     7    1200000   26808000  320000000  320000000
   9      269    28365   312519    114173125012    114173437531        33178967   -1298382      24808     320000          0     7    1300000   26808000  320000000  320000000
   9      269    27514   335000    114173437541    114173772541        33491496   -1313393      24808     320000          0     7    1200000   26808000  320000000  320000000
   9      269    28656   308857    114173772550    114174081407        33826506   -1302259      24808     320000          0     7    1300000   26808000  320000000  320000000
   9      269    29279   349676    114174081418    114174431093        34135373   -1331945      24808     320000          0     5    1200000   26808000  320000000  320000000
   9      269    29275   588828    114174431103    114175019931        34485059   -1600782      24808     320000          0     6    1200000   26808000  320000000  320000000
   9      269    29262   329635    114175019942    114175349577        35073897   -1610428      24808     320000          0     6    1200000   26808000  320000000  320000000
   9      269    29271   323679    114175349587    114175673266        35403542   -1614117      24808     320000          0     6    1200000   26808000  320000000  320000000
   9      269    29282   313561    114175673276    114175986837        35727231   -1607688      24808     320000          0     6    1200000   26808000  320000000  320000000
   9      269    29272   321598    114175986847    114176308445        36040803   -1609296      24808     320000          0     4    1200000   26808000  320000000  320000000
   9      269    27362   347691    114176308455    114176656146        36362410   -1636998      24808     320000          0     7    1200000   26808000  320000000  320000000
   9      269    27012   295207    114176656156    114176951363        36710111   -1612214      24808     320000          0     6    1300000   26808000  320000000  320000000
   9      269    28882   321185    114176951372    114177272557        37005327   -1613408      24808     320000          0     7    1300000   26808000  320000000  320000000
   9      269    28189   320534    114177272567    114177593101        37326522   -1613952      24808     320000          0     7    1200000   26808000  320000000  320000000
   9      269    28070   330456    114177593111    114177923567        37647066   -1624418      24808     320000          0     5    1300000   26808000  320000000  320000000
   9      269    29273   313630    114177923577    114178237206        37977532   -1618057      24808     320000          0     4    1200000   26808000  320000000  320000000
   9      269    29260   333922    114178237217    114178571139        38291172   -1631990      24808     320000          0     7    1200000   26808000  320000000  320000000
   9      269    29256   313595    114178571149    114178884743        38625104   -1625595      24808     320000          0     7    1200000   26808000  320000000  320000000
   9      269    27275   319605    114178884753    114179204358        38938709   -1625209      24808     320000          0     7    1200000   26808000  320000000  320000000
   9      269    28967   615687    114179204367    114179820054        39258323   -1920905      24808     320000          0     6    1300000   26808000  320000000  320000000
   9      269    29125   321513    114179820064    114180141577        39874020   -1922429      24808     320000          0     6    1200000   26808000  320000000  320000000
   9      269    27092   319452    114180141587    114180461039        40195543   -1921891      24808     320000          0     4    1300000   26808000  320000000  320000000
   9      269    29251   321577    114180461086    114180782663        40515041   -1923514      24808     320000          0     5    1200000   26808000  320000000  320000000
   9      269    29289   335700    114180782673    114181118373        40836629   -1939225      24808     320000          0     5    1200000   26808000  320000000  320000000
   9      269    29241   321561    114181118384    114181439945        41172340   -1940796      24808     320000          0     4    1200000   26808000  320000000  320000000
   9      269    29258   313647    114181439955    114181753601        41493910   -1934452      24808     320000          0     4    1200000   26808000  320000000  320000000
   9      269    29263   321615    114181753612    114182075227        41807567   -1936078      24808     320000          0     6    1200000   26808000  320000000  320000000
   9      269    29254   469594    114182075237    114182544831        42129193   -2085683      24808     320000          0     4    1200000   26808000  320000000  320000000
   9      269    29264   181612    114182544841    114182726453        42598797   -1947304      24808     320000          0     4    1200000   26808000  320000000  320000000
   9      269    29282   313708    114182726463    114183040171        42780419   -1941022      24808     320000          0     5    1200000   26808000  320000000  320000000
   9      269    27301   335879    114183040181    114183376060        43094137   -1956912      24808     320000          0     7    1200000   26808000  320000000  320000000
   9      269    28948   318528    114183376070    114183694598        43430025   -1955449      24808     320000          0     7    1300000   26808000  320000000  320000000
   9      269    29258   665714    114183694608    114184360321        43748563   -2301173      24808     320000          0     7    1200000   26808000  320000000  320000000
   9      269    26993   259842    114184360331    114184620173        44414287   -2241024      24808     320000          0     6    1300000   26808000  320000000  320000000
   9      269    26991   319975    114184620182    114184940157        44674138   -2241008      24808     320000          0     7    1300000   26808000  320000000  320000000
   9      269    29265   321794    114184940167    114185261962        44994123   -2242813      24808     320000          0     6    1200000   26808000  320000000  320000000
   9      269    27219   363567    114185261972    114185625538        45315927   -2286390      24808     320000          0     7    1200000   26808000  320000000  320000000
   9      269    27412   279879    114185625547    114185905426        45679503   -2246277      24808     320000          0     7    1300000   26808000  320000000  320000000
   9      269    29252   369553    114185905436    114186274989        45959392   -2295840      24808     320000          0     7    1200000   26808000  320000000  320000000
   9      269    28613   273098    114186274999    114186548097        46328955   -2248948      24808     320000          0     7    1200000   26808000  320000000  320000000
   9      269    27617   320074    114186548106    114186868180        46602061   -2249031      24808     320000          0     7    1300000   26808000  320000000  320000000
   9      269    28220   361282    114186868190    114187229472        46922145   -2290323      24808     320000          0     5    1200000   26808000  320000000  320000000
   9      269    27009   283462    114187229481    114187512943        47283436   -2253794      24808     320000          0     5    1300000   26808000  320000000  320000000
   9      269    28022   320495    114187512952    114187833447        47566908   -2254299      24808     320000          0     5    1300000   26808000  320000000  320000000
   9      269    29269   321785    114187833458    114188155244        47887414   -2256095      24808     320000          0     6    1200000   26808000  320000000  320000000
   9      269    29253   373621    114188155253    114188528875        48209209   -2309726      24808     320000          0     5    1200000   26808000  320000000  320000000
   9      269    27570   272126    114188528939    114188801065        48582895   -2261916      24808     320000          0     5    1200000   26808000  320000000  320000000
   9      269    28676   344989    114188801074    114189146063        48855030   -2286914      24808     320000          0     7    1300000   26808000  320000000  320000000
   9      269    29261   297797    114189146073    114189443870        49200029   -2264722      24808     320000          0     7    1200000   26808000  320000000  320000000
   9      269    29245   625435    114189443881    114190069315        49497836   -2570167      24808     320000          0     7    1200000   26808000  320000000  320000000
   9      269    27016   311550    114190069325    114190380875        50123280   -2561726      24808     320000          0     7    1300000   26808000  320000000  320000000
   9      269    27010   319625    114190380885    114190700509        50434840   -2561361      24808     320000          0     6    1300000   26808000  320000000  320000000
   9      269    25065    25339    114190700518    114190725857        50754473   -2266708      24808     320000          0     7    1400000   26808000  320000000  320000000
   9      269    26841   375138    114190725865    114191101004        50779821   -2321855      24808     320000          0     7    1400000   26808000  320000000  320000000
   9      269    29014   559320    114191101013    114191660333        51154968   -2561185      24808     320000          0     7    1300000   26808000  320000000  320000000
   9      269    28693   323576    114191660344    114191983919        51714299   -2564771      24808     320000          0     7    1200000   26808000  320000000  320000000
   9      269    29283   321979    114191983930    114192305908        52037885   -2566760      24808     320000          0     4    1200000   26808000  320000000  320000000
   9      269    29280   321942    114192305918    114192627860        52359874   -2568712      24808     320000          0     7    1200000   26808000  320000000  320000000
   9      269    29260   333644    114192627871    114192961514        52681826   -2582365      24808     320000          0     4    1200000   26808000  320000000  320000000
   9      269    29266   309908    114192961524    114193271432        53015480   -2572284      24808     320000          0     4    1200000   26808000  320000000  320000000
   9      269    29265   321941    114193271443    114193593384        53325398   -2574235      24808     320000          0     5    1200000   26808000  320000000  320000000
   9      269    29251   365581    114193593394    114193958974        53647349   -2619826      24808     320000          0     6    1200000   26808000  320000000  320000000
   9      269    27693   300008    114193958984    114194258993        54012940   -2599844      24808     320000          0     6    1200000   26808000  320000000  320000000
   9      269    27008   347333    114194259002    114194606335        54312958   -2627187      24808     320000          0     6    1300000   26808000  320000000  320000000
   9      269    27024   280554    114194606345    114194886898        54660300   -2587750      24808     320000          0     6    1300000   26808000  320000000  320000000
   9      269    27001   383292    114194886908    114195270200        54940863   -2651051      24808     320000          0     6    1300000   26808000  320000000  320000000
   9      269    27010   251690    114195270209    114195521899        55324165   -2582751      24808     320000          0     7    1300000   26808000  320000000  320000000
   9      269    28747   373029    114195521908    114195894937        55575864   -2635789      24808     320000          0     4    1300000   26808000  320000000  320000000
   9      269    29275   269987    114195894947    114196164934        55948903   -2585785      24808     320000          0     4    1200000   26808000  320000000  320000000
   9      269    27257   320002    114196164978    114196484980        56218934   -2585831      24808     320000          0     4    1200000   26808000  320000000  320000000
   9      269    29051   625428    114196484990    114197110417        56538945   -2891268      24808     320000          0     7    1300000   26808000  320000000  320000000
   9      269    29264   314010    114197110427    114197424437        57164383   -2885288      24808     320000          0     7    1200000   26808000  320000000  320000000
   9      269    29266   365651    114197424447    114197790098        57478403   -2930949      24808     320000          0     7    1200000   26808000  320000000  320000000
   9      269    29266   277596    114197790108    114198067704        57844063   -2888555      24808     320000          0     4    1200000   26808000  320000000  320000000
   9      269    29273   322072    114198067714    114198389787        58121670   -2890638      24808     320000          0     4    1200000   26808000  320000000  320000000
   9      269    28385   368765    114198389797    114198758562        58443752   -2939414      24808     320000          0     6    1200000   26808000  320000000  320000000
   9      269    28161   276934    114198758572    114199035505        58812527   -2896357      24808     320000          0     6    1300000   26808000  320000000  320000000
   9      269    28918   321781    114199035515    114199357296        59089471   -2898148      24808     320000          0     6    1200000   26808000  320000000  320000000
   9      269    28365   564749    114199357306    114199922054        59411261   -3142906      24808     320000          0     6    1300000   26808000  320000000  320000000
   9      269    29247    85612    114199922064    114200007676        59976020   -2908528      24808     320000          0     6    1200000   26808000  320000000  320000000
   9      269    27631   359995    114200007687    114200367682        60061643   -2948534      24808     320000          0     6    1200000   26808000  320000000  320000000
   9      269    27026   282555    114200367691    114200650246        60421647   -2911098      24808     320000          0     6    1300000   26808000  320000000  320000000
   9      269    28792   313615    114200650255    114200963871        60704211   -2904722      24808     320000          0     6    1300000   26808000  320000000  320000000
   9      269    29262   644180    114200963881    114201608061        61017837   -3228913      24808     320000          0     6    1200000   26808000  320000000  320000000
   9      269    27271   292511    114201608072    114201900583        61662027   -3201434      24808     320000          0     7    1200000   26808000  320000000  320000000
   9      269    26993   319997    114201900592    114202220589        61954548   -3201440      24808     320000          0     7    1300000   26808000  320000000  320000000
   9      269    26993   319990    114202220599    114202540588        62274554   -3201440      24808     320000          0     5    1300000   26808000  320000000  320000000
   9      269    29086   325429    114202540599    114202866028        62594554   -3206880      24808     320000          0     4    1200000   26808000  320000000  320000000
   9      269    27015   315921    114202866038    114203181959        62919993   -3202810      24808     320000          0     4    1300000   26808000  320000000  320000000
   9      269    27755   375620    114203181968    114203557588        63235924   -3258440      24808     320000          0     4    1300000   26808000  320000000  320000000
   9      269    29258   270152    114203557599    114203827750        63611554   -3208602      24808     320000          0     4    1200000   26808000  320000000  320000000
   9      269    29264   322243    114203827760    114204150003        63881716   -3210855      24808     320000          0     4    1200000   26808000  320000000  320000000
   9      269    29270   334382    114204150014    114204484395        64203969   -3225247      24808     320000          0     4    1200000   26808000  320000000  320000000
   9      269    29264   311040    114204484442    114204795483        64538398   -3216334      24808     320000          0     4    1200000   26808000  320000000  320000000
   9      269    29303   468343    114204795493    114205263836        64849449   -3364688      24808     320000          0     6    1200000   26808000  320000000  320000000
   9      269    29277   175525    114205263847    114205439372        65317802   -3220223      24808     320000          0     4    1200000   26808000  320000000  320000000
   9      269    27670   379182    114205439382    114205818564        65493338   -3279416      24808     320000          0     4    1200000   26808000  320000000  320000000
   9      269    27010   259986    114205818574    114206078560        65872529   -3219411      24808     320000          0     7    1300000   26808000  320000000  320000000
   9      269    28832   340043    114206078569    114206418612        66132525   -3239463      24808     320000          0     7    1300000   26808000  320000000  320000000
   9      269    29265   306264    114206418622    114206724887        66472578   -3225738      24808     320000          0     7    1200000   26808000  320000000  320000000
   9      269    29267   643177    114206724897    114207368074        66778852   -3548925      24808     320000          0     7    1200000   26808000  320000000  320000000
   9      269    29259   294284    114207368084    114207662367        67422039   -3523219      24808     320000          0     6    1200000   26808000  320000000  320000000
   9      269    29277   322318    114207662378    114207984695        67716333   -3525547      24808     320000          0     6    1200000   26808000  320000000  320000000
   9      269    29272   331690    114207984706    114208316395        68038661   -3537247      24808     320000          0     6    1200000   26808000  320000000  320000000
   9      269    28492   332854    114208316405    114208649259        68370361   -3550111      24808     320000          0     6    1200000   26808000  320000000  320000000
   9      269    27717   300727    114208649268    114208949996        68703224   -3530847      24808     320000          0     6    1300000   26808000  320000000  320000000
   9      269    29277   335053    114208950006    114209285059        69003961   -3545910      24808     320000          0     6    1200000   26808000  320000000  320000000
   9      269    28150   309188    114209285069    114209594257        69339025   -3535109      24808     320000          0     6    1200000   26808000  320000000  320000000
   9      269    27432   320440    114209594267    114209914707        69648223   -3535559      24808     320000          0     4    1300000   26808000  320000000  320000000
   9      269    29264   333873    114209914718    114210248591        69968673   -3549442      24808     320000          0     6    1200000   26808000  320000000  320000000
   9      269    29275   323629    114210248601    114210572231        70302557   -3553082      24808     320000          0     6    1200000   26808000  320000000  320000000
   9      269    29254   311140    114210572241    114210883381        70626196   -3544232      24808     320000          0     6    1200000   26808000  320000000  320000000
   9      269    29264   636692    114210883391    114211520083        70937346   -3860934      24808     320000          0     6    1200000   26808000  320000000  320000000
   9      269    29266   302357    114211520093    114211822450        71574048   -3843301      24808     320000          0     4    1200000   26808000  320000000  320000000
   9      269    29170   319720    114211822460    114212142180        71876415   -3843031      24808     320000          0     6    1200000   26808000  320000000  320000000
   9      269    27467   324586    114212142189    114212466775        72196145   -3847626      24808     320000          0     7    1300000   26808000  320000000  320000000
   9      269    29268   322446    114212466820    114212789266        72520776   -3850118      24808     320000          0     5    1200000   26808000  320000000  320000000
   9      269    29269   485607    114212789276    114213274883        72843232   -4015734      24808     320000          0     6    1200000   26808000  320000000  320000000
   9      269    29261   158433    114213274893    114213433325        73328848   -3854177      24808     320000          0     5    1200000   26808000  320000000  320000000
   9      269    28122   321247    114213433335    114213754583        73487291   -3855434      24808     320000          0     5    1200000   26808000  320000000  320000000
   9      269    28164   322429    114213754592    114214077021        73808547   -3857872      24808     320000          0     5    1300000   26808000  320000000  320000000
   9      269    29268   340809    114214077031    114214417839        74130986   -3878690      24808     320000          0     5    1200000   26808000  320000000  320000000
   9      269    27819   306899    114214417849    114214724748        74471805   -3865599      24808     320000          0     6    1200000   26808000  320000000  320000000
   9      269    28673   329270    114214724757    114215054027        74778713   -3874878      24808     320000          0     6    1300000   26808000  320000000  320000000
   9      269    29275   319630    114215054037    114215373667        75107993   -3874519      24808     320000          0     6    1200000   26808000  320000000  320000000
   9      269    29272   618488    114215373678    114215992166        75427633   -4173017      24808     320000          0     6    1200000   26808000  320000000  320000000
   9      269    29295   317021    114215992176    114216309197        76046132   -4170049      24808     320000          0     5    1200000   26808000  320000000  320000000
   9      269    29054   314239    114216309207    114216623446        76363163   -4164298      24808     320000          0     5    1200000   26808000  320000000  320000000
   9      269    27239   320418    114216623456    114216943875        76677412   -4164726      24808     320000          0     5    1300000   26808000  320000000  320000000
   9      269    28715   323679    114216943885    114217267564        76997840   -4168415      24808     320000          0     5    1200000   26808000  320000000  320000000
   9      269    27011   320208    114217267573    114217587781        77321529   -4168633      24808     320000          0     7    1300000   26808000  320000000  320000000
   9      269    27023   326525    114217587791    114217914316        77641747   -4175168      24808     320000          0     7    1300000   26808000  320000000  320000000
   9      269    27013   312257    114217914326    114218226583        77968281   -4167434      24808     320000          0     7    1300000   26808000  320000000  320000000
   9      269    27497   320746    114218226593    114218547339        78280548   -4168190      24808     320000          0     7    1300000   26808000  320000000  320000000
   9      269    29265   334006    114218547349    114218881355        78601305   -4182206      24808     320000          0     7    1200000   26808000  320000000  320000000
   9      269    29264   310534    114218881366    114219191900        78935321   -4172751      24808     320000          0     4    1200000   26808000  320000000  320000000
   9      269    29263   322573    114219191910    114219514482        79245865   -4175334      24808     320000          0     6    1200000   26808000  320000000  320000000
   9      269    29270   482629    114219514493    114219997123        79568449   -4337974      24808     320000          0     6    1200000   26808000  320000000  320000000
   9      269    29251   221671    114219997133    114220218803        80051088   -4239655      24808     320000          0     5    1200000   26808000  320000000  320000000
   9      269    29270   266577    114220218814    114220485390        80272769   -4186242      24808     320000          0     7    1200000   26808000  320000000  320000000
   9      269    29243   653803    114220485438    114221139241        80539393   -4520092      24808     320000          0     7    1200000   26808000  320000000  320000000
   9      269    29265   282618    114221139251    114221421870        81193207   -4482721      24808     320000          0     6    1200000   26808000  320000000  320000000
   9      269    29288   331659    114221421880    114221753539        81475836   -4494390      24808     320000          0     6    1200000   26808000  320000000  320000000
   9      269    29270   313786    114221753549    114222067335        81807504   -4488186      24808     320000          0     5    1200000   26808000  320000000  320000000
   9      269    29270   331609    114222067345    114222398953        82121300   -4499805      24808     320000          0     5    1200000   26808000  320000000  320000000
   9      269    29295   321140    114222398963    114222720104        82452919   -4500955      24808     320000          0     5    1200000   26808000  320000000  320000000
   9      269    29249   321580    114222720113    114223041694        82774069   -4502545      24808     320000          0     5    1200000   26808000  320000000  320000000
   9      269    29265   314668    114223041704    114223356372        83095659   -4497223      24808     320000          0     5    1200000   26808000  320000000  320000000
   9      269    27899   321894    114223356382    114223678276        83410337   -4499128      24808     320000          0     5    1200000   26808000  320000000  320000000
   9      269    28466   321936    114223678286    114224000221        83732241   -4501073      24808     320000          0     5    1300000   26808000  320000000  320000000
   9      269    29263   322675    114224000231    114224322907        84054187   -4503758      24808     320000          0     6    1200000   26808000  320000000  320000000
   9      269    29271   331729    114224322917    114224654646        84376872   -4515497      24808     320000          0     6    1200000   26808000  320000000  320000000
   9      269    27106   312503    114224654656    114224967159        84708612   -4508010      24808     320000          0     6    1200000   26808000  320000000  320000000
   9      269    27313   613980    114224967168    114225581149        85021124   -4802000      24808     320000          0     7    1300000   26808000  320000000  320000000
   9      269    29254   405590    114225581159    114225986749        85635115   -4887601      24808     320000          0     4    1200000   26808000  320000000  320000000
   9      269    28943   238424    114225986759    114226225183        86040715   -4806034      24808     320000          0     4    1200000   26808000  320000000  320000000
   9      269    27402   331975    114226225192    114226557168        86279148   -4818019      24808     320000          0     4    1300000   26808000  320000000  320000000
   9      269    28754   310219    114226557177    114226867396        86611133   -4808247      24808     320000          0     6    1200000   26808000  320000000  320000000
   9      269    27580   329962    114226867405    114227197368        86921361   -4818219      24808     320000          0     6    1300000   26808000  320000000  320000000
   9      269    29294   321053    114227197378    114227518431        87251333   -4819282      24808     320000          0     6    1200000   26808000  320000000  320000000
   9      269    29272   400919    114227518441    114227919360        87572396   -4900211      24808     320000          0     6    1200000   26808000  320000000  320000000
   9      269    29262   234791    114227919370    114228154161        87973325   -4815013      24808     320000          0     6    1200000   26808000  320000000  320000000
   9      269    29269   331636    114228154171    114228485807        88208127   -4826659      24808     320000          0     5    1200000   26808000  320000000  320000000
   9      269    29285   314861    114228485851    114228800712        88539806   -4821563      24808     320000          0     5    1200000   26808000  320000000  320000000
   9      269    27569   379075    114228800722    114229179797        88854678   -4880649      24808     320000          0     4    1200000   26808000  320000000  320000000
   9      269    28605   273160    114229179807    114229452967        89233762   -4833818      24808     320000          0     6    1300000   26808000  320000000  320000000
   9      269    29269   314843    114229452977    114229767820        89506932   -4828671      24808     320000          0     6    1200000   26808000  320000000  320000000
   9      269    26997   624450    114229767830    114230392280        89821785   -5133131      24808     320000          0     6    1200000   26808000  320000000  320000000
