#idx     perf      run   period           start             end          rel_st      slack c_duration   c_period     wu_lat   cpu       freq dl_runtime  dl_period dl_deadline
   5      334    31078   199947    103807106167    103807306113         1164143     168350      30751     200000         48     6    1400000   32751000  200000000  200000000
   5      334    31074   199989    103807306123    103807506113         1364100     168498      30751     200000         47     6    1400000   32751000  200000000  200000000
   5      334    31068   199991    103807506122    103807706113         1564099     168555      30751     200000         48     6    1400000   32751000  200000000  200000000
   5      334    31070   199984    103807706122    103807906106         1764098     168547      30751     200000         41     6    1400000   32751000  200000000  200000000
   5      334    31072   199992    103807906115    103808106108         1964092     168499      30751     200000         42     6    1400000   32751000  200000000  200000000
   5      334    31072   200007    103808106116    103808306124         2164093     168527      30751     200000         58     6    1400000   32751000  200000000  200000000
   5      334    31066   199976    103808306133    103808506109         2364110     168551      30751     200000         44     6    1400000   32751000  200000000  200000000
   5      334    31071   199997    103808506118    103808706116         2564095     168509      30751     200000         50     6    1400000   32751000  200000000  200000000
   5      334    31066   199998    103808706124    103808906122         2764101     168564      30751     200000         56     6    1400000   32751000  200000000  200000000
   5      334    31075   199978    103808906131    103809106109         2964108     168475      30751     200000         43     6    1400000   32751000  200000000  200000000
   5      334    31069   199987    103809106119    103809306107         3164096     168537      30751     200000         41     6    1400000   32751000  200000000  200000000
   5      334    31067   199987    103809306116    103809506103         3364092     168571      30751     200000         36     6    1400000   32751000  200000000  200000000
   5      334    31072   200007    103809506113    103809706120         3564089     168515      30751     200000         53     6    1400000   32751000  200000000  200000000
   5      334    31074   199977    103809706128    103809906105         3764105     168489      30751     200000         40     6    1400000   32751000  200000000  200000000
   5      334    31069   199998    103809906114    103810106112         3964091     168530      30751     200000         47     6    1400000   32751000  200000000  200000000
   5      334    31071   199987    103810106121    103810306108         4164097     168532      30751     200000         41     6    1400000   32751000  200000000  200000000
   5      334    31065   199994    103810306117    103810506111         4364094     168580      30751     200000         45     6    1400000   32751000  200000000  200000000
   5      334    31075   199989    103810506121    103810706110         4564098     168505      30751     200000         44     6    1400000   32751000  200000000  200000000
   5      334    31069   199993    103810706121    103810906114         4764098     168476      30751     200000         49     6    1400000   32751000  200000000  200000000
   5      334    31073   199991    103810906123    103811106113         4964099     168503      30751     200000         48     6    1400000   32751000  200000000  200000000
   5      334    31067   200002    103811106122    103811306124         5164099     168571      30751     200000         59     6    1400000   32751000  200000000  200000000
   5      334    31067   199979    103811306134    103811506112         5364110     168538      30751     200000         47     6    1400000   32751000  200000000  200000000
   5      334    31073   199992    103811506121    103811706113         5564098     168516      30751     200000         48     6    1400000   32751000  200000000  200000000
   5      334    31069   199957    103811706162    103811906119         5764139     168495      30751     200000         54     6    1400000   32751000  200000000  200000000
   5      334    31073   199979    103811906129    103812106108         5964105     168473      30751     200000         40     6    1400000   32751000  200000000  200000000
   5      334    31068   199995    103812106117    103812306113         6164094     168542      30751     200000         45     6    1400000   32751000  200000000  200000000
   5      334    31074   199991    103812306123    103812506113         6364099     168479      30751     200000         47     6    1400000   32751000  200000000  200000000
   5      334    31069   200004    103812506124    103812706128         6564100     168512      30751     200000         61     6    1400000   32751000  200000000  200000000
   5      334    31073   199972    103812706137    103812906109         6764114     168492      30751     200000         42     6    1400000   32751000  200000000  200000000
   5      334    31066   199993    103812906119    103813106112         6964096     168549      30751     200000         47     6    1400000   32751000  200000000  200000000
   5      334    31071   199987    103813106121    103813306108         7164098     168498      30751     200000         43     6    1400000   32751000  200000000  200000000
   5      334    31072   199999    103813306117    103813506116         7364094     168492      30751     200000         50     6    1400000   32751000  200000000  200000000
   5      334    31066   200002    103813506125    103813706127         7564102     168555      30751     200000         61     6    1400000   32751000  200000000  200000000
   5      334    31071   199972    103813706136    103813906108         7764113     168459      30751     200000         43     6    1400000   32751000  200000000  200000000
   5      334    31064   199989    103813906118    103814106106         7964094     168584      30751     200000         40     6    1400000   32751000  200000000  200000000
   5      334    31071   200007    103814106117    103814306124         8164093     168485      30751     200000         59     6    1400000   32751000  200000000  200000000
   5      334    31065   199995    103814306133    103814506128         8364110     168546      30751     200000         61     6    1400000   32751000  200000000  200000000
   5      334    31077   199974    103814506137    103814706111         8564113     168439      30751     200000         45     6    1400000   32751000  200000000  200000000
   5      334    31069   200009    103814706120    103814906129         8764096     168523      30751     200000         63     6    1400000   32751000  200000000  200000000
   5      334    31072   199968    103814906138    103815106106         8964115     168463      30751     200000         41     6    1400000   32751000  200000000  200000000
   5      334    31075   200006    103815106115    103815306121         9164092     168467      30751     200000         56     6    1400000   32751000  200000000  200000000
   5      334    31073   199995    103815306131    103815506126         9364107     168495      30751     200000         61     6    1400000   32751000  200000000  200000000
   5      334    31067   199987    103815506135    103815706123         9564112     168494      30751     200000         57     6    1400000   32751000  200000000  200000000
   5      334    31066   199981    103815706132    103815906113         9764108     168532      30751     200000         48     6    1400000   32751000  200000000  200000000
   5      334    31069   199991    103815906122    103816106113         9964098     168538      30751     200000         47     6    1400000   32751000  200000000  200000000
   5      334    31068   199994    103816106122    103816306116        10164099     168486      30751     200000         51     6    1400000   32751000  200000000  200000000
   5      334    31065   200000    103816306125    103816506125        10364102     168580      30751     200000         60     6    1400000   32751000  200000000  200000000
   5      334    31070   199949    103816506172    103816706121        10564148     168453      30751     200000         55     6    1400000   32751000  200000000  200000000
   5      334    31075   199984    103816706130    103816906114        10764107     168482      30751     200000         49     6    1400000   32751000  200000000  200000000
   5      334    31068   199973    103816906123    103817106097        10964100     168548      30751     200000         32     6    1400000   32751000  200000000  200000000
   5      334    31068   200018    103817106106    103817306124        11164083     168547      30751     200000         59     6    1400000   32751000  200000000  200000000
   5      334    31067   199980    103817306134    103817506114        11364110     168545      30751     200000         47     6    1400000   32751000  200000000  200000000
   5      334    31077   199983    103817506123    103817706106        11564100     168507      30751     200000         41     6    1400000   32751000  200000000  200000000
   5      334    31068   200010    103817706115    103817906125        11764092     168550      30751     200000         59     6    1400000   32751000  200000000  200000000
   5      334    31069   199982    103817906134    103818106116        11964110     168507      30751     200000         51     6    1400000   32751000  200000000  200000000
   5      334    31066   199996    103818106126    103818306121        12164102     168568      30751     200000         56     6    1400000   32751000  200000000  200000000
   5      334    31072   199988    103818306131    103818506119        12364108     168497      30751     200000         53     6    1400000   32751000  200000000  200000000
   5      334    31074   199988    103818506128    103818706116        12564105     168497      30751     200000         50     6    1400000   32751000  200000000  200000000
   5      334    31066   199987    103818706125    103818906112        12764102     168550      30751     200000         47     6    1400000   32751000  200000000  200000000
   5      334    31069   199986    103818906121    103819106107        12964098     168559      30751     200000         42     6    1400000   32751000  200000000  200000000
   5      334    31073   199990    103819106116    103819306106        13164093     168525      30751     200000         41     6    1400000   32751000  200000000  200000000
   5      334    31080   200001    103819306115    103819506116        13364092     168470      30751     200000         51     6    1400000   32751000  200000000  200000000
   5      334    31068   200005    103819506125    103819706130        13564102     168532      30751     200000         65     6    1400000   32751000  200000000  200000000
   5      334    31073   199968    103819706139    103819906107        13764116     168473      30751     200000         41     6    1400000   32751000  200000000  200000000
   5      334    31067   199998    103819906117    103820106115        13964094     168544      30751     200000         49     6    1400000   32751000  200000000  200000000
   5      334    31073   199999    103820106124    103820306123        14164101     168493      30751     200000         58     6    1400000   32751000  200000000  200000000
   5      334    31076   199980    103820306132    103820506113        14364109     168487      30751     200000         47     6    1400000   32751000  200000000  200000000
   5      334    31066   199987    103820506121    103820706109        14564098     168585      30751     200000         44     6    1400000   32751000  200000000  200000000
   5      334    31065   200000    103820706117    103820906118        14764094     168583      30751     200000         50     6    1400000   32751000  200000000  200000000
   5      334    31068   199969    103820906128    103821106096        14964104     168489      30751     200000         31     6    1400000   32751000  200000000  200000000
   5      334    31074   199976    103821106138    103821306114        15164114     168487      30751     200000         49     6    1400000   32751000  200000000  200000000
   5      334    31073   199998    103821306123    103821506120        15364099     168514      30751     200000         55     6    1400000   32751000  200000000  200000000
   5      334    31071   199977    103821506130    103821706107        15564107     168526      30751     200000         41     6    1400000   32751000  200000000  200000000
   5      334    31069   199995    103821706115    103821906110        15764092     168539      30751     200000         45     6    1400000   32751000  200000000  200000000
   5      334    31073   200004    103821906120    103822106123        15964096     168465      30751     200000         58     6    1400000   32751000  200000000  200000000
   5      334    31067   199964    103822106133    103822306097        16164109     168556      30751     200000         32     6    1400000   32751000  200000000  200000000
   5      334    31068   200000    103822306106    103822506106        16364083     168559      30751     200000         41     6    1400000   32751000  200000000  200000000
   5      334    31067   199996    103822506115    103822706110        16564091     168573      30751     200000         45     6    1400000   32751000  200000000  200000000
   5      334    31073   199993    103822706120    103822906113        16764097     168473      30751     200000         48     6    1400000   32751000  200000000  200000000
   5      334    31067   199984    103822906123    103823106106        16964099     168552      30751     200000         41     6    1400000   32751000  200000000  200000000
   5      334    31069   200004    103823106115    103823306120        17164092     168558      30751     200000         54     6    1400000   32751000  200000000  200000000
   5      334    31068   199995    103823306129    103823506124        17364106     168563      30751     200000         59     6    1400000   32751000  200000000  200000000
   5      334    31069   199977    103823506133    103823706110        17564110     168519      30751     200000         43     6    1400000   32751000  200000000  200000000
   5      334    31067   200006    103823706119    103823906125        17764096     168551      30751     200000         60     6    1400000   32751000  200000000  200000000
   5      334    31074   199981    103823906135    103824106116        17964112     168451      30751     200000         50     6    1400000   32751000  200000000  200000000
   5      334    31072   200000    103824106125    103824306125        18164101     168529      30751     200000         60     6    1400000   32751000  200000000  200000000
   5      334    31072   199982    103824306134    103824506116        18364111     168519      30751     200000         50     6    1400000   32751000  200000000  200000000
   5      334    31072   199984    103824506125    103824706109        18564101     168489      30751     200000         43     6    1400000   32751000  200000000  200000000
   5      334    31066   200010    103824706118    103824906128        18764094     168577      30751     200000         61     6    1400000   32751000  200000000  200000000
   5      334    31072   199985    103824906137    103825106122        18964113     168481      30751     200000         57     6    1400000   32751000  200000000  200000000
   5      334    31068   199983    103825106131    103825306114        19164108     168558      30751     200000         46     6    1400000   32751000  200000000  200000000
   5      334    31070   199989    103825306123    103825506112        19364100     168504      30751     200000         47     6    1400000   32751000  200000000  200000000
   5      334    31067   199998    103825506121    103825706119        19564098     168559      30751     200000         54     6    1400000   32751000  200000000  200000000
   5      334    31069   199994    103825706128    103825906123        19764105     168527      30751     200000         57     6    1400000   32751000  200000000  200000000
   5      334    31073   199946    103825906166    103826106113        19964143     168459      30751     200000         47     6    1400000   32751000  200000000  200000000
   5      334    31069   199992    103826106122    103826306114        20164099     168542      30751     200000         48     6    1400000   32751000  200000000  200000000
   5      334    31076   199986    103826306124    103826506110        20364101     168518      30751     200000         44     6    1400000   32751000  200000000  200000000
   5      334    31065   199992    103826506121    103826706113        20564098     168574      30751     200000         48     6    1400000   32751000  200000000  200000000
   5      334    31071   200000    103826706122    103826906122        20764098     168537      30751     200000         54     6    1400000   32751000  200000000  200000000
   5      334    31071   199978    103826906131    103827106110        20964108     168429      30751     200000         44     6    1400000   32751000  200000000  200000000
   5      334    31069   199997    103827106118    103827306116        21164095     168491      30751     200000         50     6    1400000   32751000  200000000  200000000
   5      334    31067   199996    103827306124    103827506120        21364101     168541      30751     200000         55     6    1400000   32751000  200000000  200000000
   5      334    31071   199978    103827506130    103827706107        21564106     168520      30751     200000         42     6    1400000   32751000  200000000  200000000
   5      334    31067   199994    103827706116    103827906110        21764093     168583      30751     200000         45     6    1400000   32751000  200000000  200000000
   5      334    31067   200001    103827906119    103828106120        21964096     168462      30751     200000         55     6    1400000   32751000  200000000  200000000
   5      334    31066   199977    103828106129    103828306106        22164106     168553      30751     200000         41     6    1400000   32751000  200000000  200000000
   5      334    31067   199991    103828306115    103828506106        22364092     168569      30751     200000         41     6    1400000   32751000  200000000  200000000
   5      334    31070   200011    103828506115    103828706126        22564092     168522      30751     200000         61     6    1400000   32751000  200000000  200000000
   5      334    31072   199978    103828706136    103828906114        22764112     168484      30751     200000         48     6    1400000   32751000  200000000  200000000
   5      334    31066   199987    103828906122    103829106109        22964099     168591      30751     200000         44     6    1400000   32751000  200000000  200000000
   5      334    31066   200000    103829106118    103829306118        23164095     168582      30751     200000         53     6    1400000   32751000  200000000  200000000
   5      334    31076   199991    103829306128    103829506118        23364104     168467      30751     200000         51     6    1400000   32751000  200000000  200000000
   5      334    31069   199982    103829506128    103829706109        23564104     168489      30751     200000         43     6    1400000   32751000  200000000  200000000
   5      334    31074   200016    103829706118    103829906134        23764095     168517      30751     200000         68     6    1400000   32751000  200000000  200000000
   5      334    31069   199970    103829906144    103830106113        23964120     168498      30751     200000         48     6    1400000   32751000  200000000  200000000
   5      334    31068   199990    103830106122    103830306112        24164099     168545      30751     200000         47     6    1400000   32751000  200000000  200000000
   5      334    31066   200012    103830306121    103830506133        24364098     168560      30751     200000         65     6    1400000   32751000  200000000  200000000
   5      334    31071   199932    103830506174    103830706106        24564150     168465      30751     200000         40     6    1400000   32751000  200000000  200000000
   5      334    31066   199990    103830706116    103830906106        24764093     168562      30751     200000         41     6    1400000   32751000  200000000  200000000
   5      334    31067   199999    103830906115    103831106114        24964092     168561      30751     200000         48     6    1400000   32751000  200000000  200000000
   5      334    31069   199992    103831106123    103831306115        25164100     168502      30751     200000         49     6    1400000   32751000  200000000  200000000
   5      334    31068   199982    103831306124    103831506106        25364100     168549      30751     200000         41     6    1400000   32751000  200000000  200000000
   5      334    31069   200020    103831506115    103831706135        25564092     168530      30751     200000         69     6    1400000   32751000  200000000  200000000
   5      334    31070   199968    103831706144    103831906112        25764121     168448      30751     200000         47     6    1400000   32751000  200000000  200000000
   5      334    31068   199986    103831906121    103832106107        25964098     168547      30751     200000         42     6    1400000   32751000  200000000  200000000
   5      334    31069   200008    103832106116    103832306124        26164093     168492      30751     200000         59     6    1400000   32751000  200000000  200000000
   5      334    31071   199980    103832306133    103832506113        26364110     168444      30751     200000         48     6    1400000   32751000  200000000  200000000
   5      334    31070   199991    103832506122    103832706113        26564099     168545      30751     200000         47     6    1400000   32751000  200000000  200000000
   5      334    31068   199994    103832706122    103832906116        26764099     168560      30751     200000         51     6    1400000   32751000  200000000  200000000
   5      334    31080   199995    103832906126    103833106121        26964103     168475      30751     200000         55     6    1400000   32751000  200000000  200000000
   5      334    31070   199983    103833106130    103833306114        27164107     168515      30751     200000         48     6    1400000   32751000  200000000  200000000
   5      334    31068   199999    103833306123    103833506122        27364099     168559      30751     200000         55     6    1400000   32751000  200000000  200000000
   5      334    31068   199981    103833506132    103833706113        27564108     168456      30751     200000         48     6    1400000   32751000  200000000  200000000
   5      334    31066   199975    103833706122    103833906097        27764098     168574      30751     200000         31     6    1400000   32751000  200000000  200000000
   5      334    31074   200019    103833906105    103834106125        27964082     168520      30751     200000         59     6    1400000   32751000  200000000  200000000
   5      334    31067   199971    103834106134    103834306105        28164111     168505      30751     200000         40     6    1400000   32751000  200000000  200000000
   5      334    31068   199983    103834306114    103834506097        28364091     168572      30751     200000         32     6    1400000   32751000  200000000  200000000
   5      334    31072   200015    103834506106    103834706122        28564083     168509      30751     200000         56     6    1400000   32751000  200000000  200000000
   5      334    31076   199986    103834706130    103834906116        28764107     168480      30751     200000         51     6    1400000   32751000  200000000  200000000
   5      334    31074   199992    103834906125    103835106116        28964102     168493      30751     200000         51     6    1400000   32751000  200000000  200000000
   5      334    31068   199997    103835106125    103835306122        29164102     168528      30751     200000         55     6    1400000   32751000  200000000  200000000
   5      334    31074   199950    103835306164    103835506114        29364141     168475      30751     200000         49     6    1400000   32751000  200000000  200000000
   5      334    31073   199991    103835506123    103835706114        29564100     168500      30751     200000         47     6    1400000   32751000  200000000  200000000
   5      334    31067   199990    103835706123    103835906113        29764100     168496      30751     200000         48     6    1400000   32751000  200000000  200000000
   5      334    31070   199985    103835906122    103836106107        29964099     168537      30751     200000         42     6    1400000   32751000  200000000  200000000
   5      334    31068   199998    103836106116    103836306113        30164092     168549      30751     200000         48     6    1400000   32751000  200000000  200000000
   5      334    31069   199984    103836306122    103836506106        30364098     168560      30751     200000         41     6    1400000   32751000  200000000  200000000
   5      334    31070   199999    103836506115    103836706114        30564092     168494      30751     200000         48     6    1400000   32751000  200000000  200000000
   5      334    31078   199997    103836706123    103836906120        30764099     168492      30751     200000         54     6    1400000   32751000  200000000  200000000
   5      334    31067   199984    103836906130    103837106114        30964106     168561      30751     200000         48     6    1400000   32751000  200000000  200000000
   5      334    31074   199984    103837106122    103837306106        31164099     168483      30751     200000         40     6    1400000   32751000  200000000  200000000
   5      334    31073   200004    103837306115    103837506119        31364091     168506      30751     200000         53     6    1400000   32751000  200000000  200000000
   5      334    31073   199993    103837506128    103837706120        31564104     168497      30751     200000         55     6    1400000   32751000  200000000  200000000
   5      334    31071   199983    103837706129    103837906113        31764106     168507      30751     200000         47     6    1400000   32751000  200000000  200000000
   5      334    31068   199991    103837906121    103838106112        31964098     168555      30751     200000         47     6    1400000   32751000  200000000  200000000
   5      334    31072   199998    103838106121    103838306119        32164098     168531      30751     200000         53     6    1400000   32751000  200000000  200000000
   5      334    31075   199985    103838306128    103838506113        32364105     168479      30751     200000         48     6    1400000   32751000  200000000  200000000
   5      334    31066   199991    103838506122    103838706113        32564098     168588      30751     200000         48     6    1400000   32751000  200000000  200000000
   5      334    31067   200001    103838706122    103838906123        32764098     168566      30751     200000         58     6    1400000   32751000  200000000  200000000
   5      334    31068   199977    103838906132    103839106109        32964108     168512      30751     200000         43     6    1400000   32751000  200000000  200000000
   5      334    31075   199995    103839106118    103839306113        33164094     168500      30751     200000         48     6    1400000   32751000  200000000  200000000
   5      334    31068   199995    103839306122    103839506117        33364098     168554      30751     200000         51     6    1400000   32751000  200000000  200000000
   5      334    31071   199987    103839506126    103839706112        33564102     168516      30751     200000         47     6    1400000   32751000  200000000  200000000
   5      334    31067   199992    103839706121    103839906113        33764098     168560      30751     200000         47     6    1400000   32751000  200000000  200000000
   5      334    31074   199977    103839906156    103840106134        33964133     168475      30751     200000         66     6    1400000   32751000  200000000  200000000
   5      334    31072   199973    103840106143    103840306116        34164119     168463      30751     200000         51     6    1400000   32751000  200000000  200000000
   5      334    31065   199988    103840306125    103840506113        34364102     168587      30751     200000         47     6    1400000   32751000  200000000  200000000
   5      334    31070   199997    103840506121    103840706118        34564098     168512      30751     200000         52     6    1400000   32751000  200000000  200000000
   5      334    31074   199989    103840706127    103840906116        34764104     168474      30751     200000         50     6    1400000   32751000  200000000  200000000
   5      334    31075   199988    103840906125    103841106114        34964102     168467      30751     200000         48     6    1400000   32751000  200000000  200000000
   5      334    31067   200010    103841106123    103841306132        35164099     168559      30751     200000         67     6    1400000   32751000  200000000  200000000
   5      334    31074   199970    103841306142    103841506111        35364118     168432      30751     200000         46     6    1400000   32751000  200000000  200000000
   5      334    31074   199993    103841506121    103841706114        35564097     168501      30751     200000         49     6    1400000   32751000  200000000  200000000
   5      334    31071   199998    103841706123    103841906121        35764100     168519      30751     200000         55     6    1400000   32751000  200000000  200000000
   5      334    31077   199984    103841906129    103842106113        35964106     168442      30751     200000         48     6    1400000   32751000  200000000  200000000
   5      334    31066   199983    103842106122    103842306106        36164099     168578      30751     200000         40     6    1400000   32751000  200000000  200000000
   5      334    31070   200006    103842306114    103842506120        36364091     168544      30751     200000         55     6    1400000   32751000  200000000  200000000
   5      334    31075   199991    103842506129    103842706120        36564106     168503      30751     200000         55     6    1400000   32751000  200000000  200000000
   5      334    31073   199977    103842706129    103842906106        36764106     168476      30751     200000         40     6    1400000   32751000  200000000  200000000
   5      334    31068   200007    103842906116    103843106124        36964093     168559      30751     200000         58     6    1400000   32751000  200000000  200000000
   5      334    31067   199980    103843106133    103843306113        37164109     168545      30751     200000         48     6    1400000   32751000  200000000  200000000
   5      334    31071   199993    103843306122    103843506115        37364098     168505      30751     200000         47     6    1400000   32751000  200000000  200000000
   5      334    31071   199988    103843506125    103843706113        37564102     168524      30751     200000         48     6    1400000   32751000  200000000  200000000
   5      334    31066   199985    103843706123    103843906108        37764099     168568      30751     200000         42     6    1400000   32751000  200000000  200000000
   5      334    31066   200004    103843906117    103844106121        37964093     168588      30751     200000         55     6    1400000   32751000  200000000  200000000
   5      334    31072   199982    103844106130    103844306112        38164106     168500      30751     200000         46     6    1400000   32751000  200000000  200000000
   5      334    31071   199997    103844306121    103844506118        38364098     168488      30751     200000         53     6    1400000   32751000  200000000  200000000
   5      334    31072   199989    103844506127    103844706116        38564104     168507      30751     200000         51     6    1400000   32751000  200000000  200000000
   5      334    31070   199958    103844706159    103844906117        38764136     168500      30751     200000         49     6    1400000   32751000  200000000  200000000
   5      334    31069   199986    103844906128    103845106113        38964104     168475      30751     200000         48     6    1400000   32751000  200000000  200000000
   5      334    31066   199992    103845106122    103845306114        39164099     168567      30751     200000         49     6    1400000   32751000  200000000  200000000
   5      334    31068   200000    103845306123    103845506123        39364100     168536      30751     200000         58     6    1400000   32751000  200000000  200000000
   5      334    31067   199974    103845506132    103845706107        39564109     168536      30751     200000         41     6    1400000   32751000  200000000  200000000
   5      334    31076   199991    103845706115    103845906107        39764092     168504      30751     200000         40     6    1400000   32751000  200000000  200000000
   5      334    31067   200008    103845906116    103846106123        39964092     168554      30751     200000         58     6    1400000   32751000  200000000  200000000
   5      334    31074   199995    103846106133    103846306128        40164109     168476      30751     200000         61     6    1400000   32751000  200000000  200000000
   5      334    31073   199969    103846306137    103846506106        40364113     168486      30751     200000         41     6    1400000   32751000  200000000  200000000
   5      334    31068   200002    103846506115    103846706116        40564092     168569      30751     200000         51     6    1400000   32751000  200000000  200000000
   5      334    31073   199988    103846706125    103846906113        40764102     168493      30751     200000         48     6    1400000   32751000  200000000  200000000
   5      334    31070   199985    103846906122    103847106108        40964099     168549      30751     200000         42     6    1400000   32751000  200000000  200000000
   5      334    31071   200010    103847106116    103847306126        41164093     168534      30751     200000         61     6    1400000   32751000  200000000  200000000
   5      334    31076   199978    103847306135    103847506114        41364112     168464      30751     200000         48     6    1400000   32751000  200000000  200000000
   5      334    31067   199992    103847506123    103847706114        41564099     168537      30751     200000         49     6    1400000   32751000  200000000  200000000
   5      334    31070   199995    103847706123    103847906118        41764100     168530      30751     200000         53     6    1400000   32751000  200000000  200000000
   5      334    31068   200002    103847906127    103848106129        41964104     168525      30751     200000         63     6    1400000   32751000  200000000  200000000
   5      334    31074   199978    103848106138    103848306116        42164115     168501      30751     200000         51     6    1400000   32751000  200000000  200000000
   5      334    31066   199989    103848306125    103848506115        42364102     168591      30751     200000         49     6    1400000   32751000  200000000  200000000
   5      334    31071   199998    103848506124    103848706122        42564101     168469      30751     200000         57     6    1400000   32751000  200000000  200000000
   5      334    31077   199975    103848706131    103848906106        42764108     168463      30751     200000         41     6    1400000   32751000  200000000  200000000
   5      334    31073   200009    103848906115    103849106124        42964092     168478      30751     200000         58     6    1400000   32751000  200000000  200000000
   5      334    31068   199982    103849106133    103849306115        43164110     168515      30751     200000         50     6    1400000   32751000  200000000  200000000
   5      334    31077   199955    103849306154    103849506109        43364131     168458      30751     200000         43     6    1400000   32751000  200000000  200000000
   5      334    31071   200000    103849506120    103849706119        43564096     168451      30751     200000         54     6    1400000   32751000  200000000  200000000
   5      334    31069   199977    103849706128    103849906106        43764105     168507      30751     200000         40     6    1400000   32751000  200000000  200000000
   5      334    31070   200009    103849906115    103850106123        43964091     168556      30751     200000         58     6    1400000   32751000  200000000  200000000
   5      334    31067   199986    103850106133    103850306118        44164109     168530      30751     200000         53     6    1400000   32751000  200000000  200000000
   5      334    31073   199979    103850306127    103850506106        44364104     168494      30751     200000         41     6    1400000   32751000  200000000  200000000
   5      334    31069   200001    103850506115    103850706116        44564092     168544      30751     200000         51     6    1400000   32751000  200000000  200000000
   5      334    31067   199991    103850706125    103850906116        44764102     168544      30751     200000         49     6    1400000   32751000  200000000  200000000
   5      334    31070   199984    103850906125    103851106108        44964102     168499      30751     200000         42     6    1400000   32751000  200000000  200000000
   5      334    31068   200003    103851106117    103851306120        45164094     168556      30751     200000         55     6    1400000   32751000  200000000  200000000
   5      334    31072   199996    103851306129    103851506126        45364106     168500      30751     200000         59     6    1400000   32751000  200000000  200000000
   5      334    31069   199971    103851506135    103851706106        45564111     168514      30751     200000         40     6    1400000   32751000  200000000  200000000
   5      334    31065   200005    103851706115    103851906120        45764091     168594      30751     200000         55     6    1400000   32751000  200000000  200000000
   5      334    31072   199997    103851906129    103852106127        45964106     168502      30751     200000         62     6    1400000   32751000  200000000  200000000
   5      334    31073   199971    103852106136    103852306107        46164112     168462      30751     200000         41     6    1400000   32751000  200000000  200000000
   5      334    31073   199997    103852306116    103852506114        46364093     168519      30751     200000         48     6    1400000   32751000  200000000  200000000
   5      334    31071   200008    103852506123    103852706130        46564099     168505      30751     200000         65     6    1400000   32751000  200000000  200000000
   5      334    31074   199974    103852706139    103852906113        46764116     168468      30751     200000         48     6    1400000   32751000  200000000  200000000
   5      334    31069   199991    103852906122    103853106113        46964099     168563      30751     200000         48     6    1400000   32751000  200000000  200000000
   5      334    31073   199999    103853106122    103853306121        47164099     168517      30751     200000         56     6    1400000   32751000  200000000  200000000
   5      334    31070   199985    103853306130    103853506115        47364107     168521      30751     200000         50     6    1400000   32751000  200000000  200000000
   5      334    31065   199982    103853506124    103853706107        47564101     168589      30751     200000         41     6    1400000   32751000  200000000  200000000
   5      334    31076   199999    103853706115    103853906114        47764092     168461      30751     200000         47     6    1400000   32751000  200000000  200000000
   5      334    31068   199996    103853906123    103854106119        47964100     168515      30751     200000         54     6    1400000   32751000  200000000  200000000
   5      334    31075   199943    103854106163    103854306106        48164139     168461      30751     200000         41     6    1400000   32751000  200000000  200000000
   5      334    31067   200000    103854306115    103854506115        48364091     168568      30751     200000         49     6    1400000   32751000  200000000  200000000
   5      334    31077   199983    103854506124    103854706108        48564101     168505      30751     200000         41     6    1400000   32751000  200000000  200000000
   5      334    31070   199995    103854706118    103854906113        48764094     168542      30751     200000         47     6    1400000   32751000  200000000  200000000
   5      334    31068   199989    103854906122    103855106111        48964098     168551      30751     200000         45     6    1400000   32751000  200000000  200000000
   5      334    31072   199992    103855106120    103855306113        49164097     168537      30751     200000         47     6    1400000   32751000  200000000  200000000
   5      334    31069   199986    103855306121    103855506107        49364098     168560      30751     200000         42     6    1400000   32751000  200000000  200000000
   5      334    31071   200004    103855506116    103855706120        49564093     168523      30751     200000         54     6    1400000   32751000  200000000  200000000
   5      334    31068   199980    103855706129    103855906109        49764105     168538      30751     200000         43     6    1400000   32751000  200000000  200000000
   5      334    31067   199990    103855906118    103856106107        49964094     168575      30751     200000         42     6    1400000   32751000  200000000  200000000
   5      334    31069   200008    103856106116    103856306124        50164093     168518      30751     200000         59     6    1400000   32751000  200000000  200000000
   5      334    31073   199986    103856306134    103856506120        50364110     168490      30751     200000         54     6    1400000   32751000  200000000  200000000
   5      334    31074   199976    103856506129    103856706106        50564106     168489      30751     200000         41     6    1400000   32751000  200000000  200000000
   5      334    31070   200005    103856706115    103856906119        50764091     168561      30751     200000         54     6    1400000   32751000  200000000  200000000
   5      334    31077   199979    103856906128    103857106108        50964105     168474      30751     200000         40     6    1400000   32751000  200000000  200000000
   5      334    31073   199980    103857106116    103857306096        51164093     168479      30751     200000         31     6    1400000   32751000  200000000  200000000
   5      334    31067   200017    103857306106    103857506122        51364082     168591      30751     200000         56     6    1400000   32751000  200000000  200000000
   5      334    31078   199982    103857506131    103857706113        51564108     168473      30751     200000         48     6    1400000   32751000  200000000  200000000
   5      334    31065   199985    103857706122    103857906108        51764099     168581      30751     200000         42     6    1400000   32751000  200000000  200000000
   5      334    31077   200004    103857906116    103858106120        51964093     168489      30751     200000         55     6    1400000   32751000  200000000  200000000
   5      334    31072   199986    103858106129    103858306116        52164106     168525      30751     200000         51     6    1400000   32751000  200000000  200000000
   5      334    31067   199988    103858306124    103858506113        52364101     168558      30751     200000         48     6    1400000   32751000  200000000  200000000
   5      334    31068   200012    103858506122    103858706134        52564098     168539      30751     200000         68     6    1400000   32751000  200000000  200000000
   5      334    31077   199948    103858706175    103858906124        52764152     168417      30751     200000         57     6    1400000   32751000  200000000  200000000
   5      334    31073   199989    103858906133    103859106122        52964110     168488      30751     200000         57     6    1400000   32751000  200000000  200000000
   5      334    31067   199989    103859106131    103859306121        53164108     168534      30751     200000         55     6    1400000   32751000  200000000  200000000
   5      334    31075   199984    103859306129    103859506114        53364106     168478      30751     200000         49     6    1400000   32751000  200000000  200000000
   5      334    31066   199983    103859506123    103859706106        53564099     168581      30751     200000         40     6    1400000   32751000  200000000  200000000
   5      334    31068   200009    103859706115    103859906124        53764091     168538      30751     200000         58     6    1400000   32751000  200000000  200000000
   5      334    31070   199980    103859906134    103860106113        53964110     168481      30751     200000         48     6    1400000   32751000  200000000  200000000
   5      334    31067   199984    103860106123    103860306106        54164099     168542      30751     200000         41     6    1400000   32751000  200000000  200000000
   5      334    31068   200012    103860306115    103860506127        54364092     168563      30751     200000         61     6    1400000   32751000  200000000  200000000
   5      334    31076   199972    103860506137    103860706109        54564114     168450      30751     200000         42     6    1400000   32751000  200000000  200000000
   5      334    31069   199988    103860706118    103860906106        54764094     168519      30751     200000         41     6    1400000   32751000  200000000  200000000
   5      334    31067   200002    103860906115    103861106117        54964092     168570      30751     200000         52     6    1400000   32751000  200000000  200000000
   5      334    31069   199988    103861106126    103861306114        55164102     168528      30751     200000         49     6    1400000   32751000  200000000  200000000
   5      334    31073   199991    103861306123    103861506114        55364099     168493      30751     200000         48     6    1400000   32751000  200000000  200000000
   5      334    31072   200000    103861506122    103861706123        55564099     168463      30751     200000         55     6    1400000   32751000  200000000  200000000
   5      334    31068   199974    103861706133    103861906107        55764110     168439      30751     200000         42     6    1400000   32751000  200000000  200000000
   5      334    31071   199990    103861906116    103862106106        55964093     168541      30751     200000         41     6    1400000   32751000  200000000  200000000
   5      334    31073   199999    103862106115    103862306115        56164092     168515      30751     200000         48     6    1400000   32751000  200000000  200000000
   5      334    31071   199982    103862306125    103862506107        56364101     168463      30751     200000         42     6    1400000   32751000  200000000  200000000
   5      334    31065   200001    103862506116    103862706117        56564093     168591      30751     200000         52     6    1400000   32751000  200000000  200000000
   5      334    31066   199994    103862706126    103862906120        56764103     168589      30751     200000         55     6    1400000   32751000  200000000  200000000
   5      334    31073   199991    103862906129    103863106120        56964106     168507      30751     200000         55     6    1400000   32751000  200000000  200000000
   5      334    31073   199986    103863106129    103863306116        57164106     168455      30751     200000         50     6    1400000   32751000  200000000  200000000
   5      334    31066   200001    103863306125    103863506126        57364101     168582      30751     200000         59     6    1400000   32751000  200000000  200000000
   5      334    31075   199947    103863506167    103863706113        57564143     168420      30751     200000         48     6    1400000   32751000  200000000  200000000
   5      334    31072   199990    103863706122    103863906112        57764099     168525      30751     200000         47     6    1400000   32751000  200000000  200000000
   5      334    31068   199984    103863906121    103864106105        57964098     168555      30751     200000         40     6    1400000   32751000  200000000  200000000
   5      334    31073   200009    103864106114    103864306123        58164091     168502      30751     200000         58     6    1400000   32751000  200000000  200000000
   5      334    31068   199981    103864306133    103864506114        58364109     168532      30751     200000         49     6    1400000   32751000  200000000  200000000
   5      334    31078   199990    103864506123    103864706113        58564100     168443      30751     200000         48     6    1400000   32751000  200000000  200000000
   5      334    31070   199991    103864706122    103864906113        58764099     168510      30751     200000         48     6    1400000   32751000  200000000  200000000
   5      334    31073   199988    103864906122    103865106110        58964099     168516      30751     200000         44     6    1400000   32751000  200000000  200000000
   5      334    31066   200000    103865106121    103865306121        59164097     168568      30751     200000         55     6    1400000   32751000  200000000  200000000
   5      334    31071   199967    103865306130    103865506096        59364106     168505      30751     200000         31     6    1400000   32751000  200000000  200000000
   5      334    31068   200009    103865506105    103865706115        59564082     168563      30751     200000         49     6    1400000   32751000  200000000  200000000
   5      334    31074   199990    103865706123    103865906113        59764100     168506      30751     200000         48     6    1400000   32751000  200000000  200000000
   5      334    31075   199994    103865906122    103866106116        59964098     168474      30751     200000         51     6    1400000   32751000  200000000  200000000
   5      334    31067   199995    103866106125    103866306120        60164101     168565      30751     200000         54     6    1400000   32751000  200000000  200000000
   5      334    31070   199986    103866306129    103866506115        60364106     168499      30751     200000         49     6    1400000   32751000  200000000  200000000
   5      334    31071   199982    103866506125    103866706107        60564102     168491      30751     200000         42     6    1400000   32751000  200000000  200000000
   5      334    31076   200003    103866706117    103866906120        60764093     168490      30751     200000         54     6    1400000   32751000  200000000  200000000
   5      334    31070   199995    103866906129    103867106123        60964105     168517      30751     200000         58     6    1400000   32751000  200000000  200000000
   5      334    31069   199972    103867106132    103867306104        61164109     168529      30751     200000         39     6    1400000   32751000  200000000  200000000
   5      334    31077   199995    103867306113    103867506108        61364090     168530      30751     200000         43     6    1400000   32751000  200000000  200000000
   5      334    31074   199997    103867506117    103867706115        61564094     168491      30751     200000         48     6    1400000   32751000  200000000  200000000
   5      334    31068   199983    103867706124    103867906107        61764101     168560      30751     200000         41     6    1400000   32751000  200000000  200000000
   5      334    31067   199991    103867906115    103868106106        61964092     168568      30751     200000         41     6    1400000   32751000  200000000  200000000
   5      334    31068   200005    103868106115    103868306120        62164092     168583      30751     200000         54     6    1400000   32751000  200000000  200000000
   5      334    31073   199946    103868306162    103868506108        62364139     168449      30751     200000         43     6    1400000   32751000  200000000  200000000
   5      334    31073   200012    103868506117    103868706129        62564094     168501      30751     200000         62     6    1400000   32751000  200000000  200000000
   5      334    31072   199986    103868706138    103868906125        62764115     168479      30751     200000         59     6    1400000   32751000  200000000  200000000
   5      334    31073   199978    103868906134    103869106112        62964111     168486      30751     200000         47     6    1400000   32751000  200000000  200000000
   5      334    31067   199997    103869106121    103869306118        63164098     168571      30751     200000         51     6    1400000   32751000  200000000  200000000
   5      334    31069   199996    103869306127    103869506123        63364103     168497      30751     200000         56     6    1400000   32751000  200000000  200000000
   5      334    31072   199966    103869506132    103869706097        63564108     168478      30751     200000         32     6    1400000   32751000  200000000  200000000
   5      334    31067   200007    103869706106    103869906113        63764083     168549      30751     200000         47     6    1400000   32751000  200000000  200000000
   5      334    31067   199993    103869906121    103870106114        63964098     168559      30751     200000         48     6    1400000   32751000  200000000  200000000
   5      334    31075   199986    103870106124    103870306110        64164100     168406      30751     200000         43     6    1400000   32751000  200000000  200000000
   5      334    31070   199994    103870306119    103870506113        64364095     168526      30751     200000         48     6    1400000   32751000  200000000  200000000
   5      334    31065   199980    103870506122    103870706102        64564098     168591      30751     200000         36     6    1400000   32751000  200000000  200000000
   5      334    31069   199996    103870706111    103870906107        64764087     168554      30751     200000         41     6    1400000   32751000  200000000  200000000
   5      334    31066   199991    103870906117    103871106108        64964094     168553      30751     200000         42     6    1400000   32751000  200000000  200000000
   5      334    31070   200003    103871106117    103871306120        65164093     168512      30751     200000         54     6    1400000   32751000  200000000  200000000
   5      334    31069   199987    103871306129    103871506117        65364106     168531      30751     200000         51     6    1400000   32751000  200000000  200000000
   5      334    31074   199982    103871506126    103871706107        65564102     168503      30751     200000         40     6    1400000   32751000  200000000  200000000
   5      334    31067   200010    103871706117    103871906128        65764094     168564      30751     200000         62     6    1400000   32751000  200000000  200000000
   5      334    31075   199979    103871906137    103872106116        65964113     168436      30751     200000         50     6    1400000   32751000  200000000  200000000
   5      334    31074   199984    103872106125    103872306109        66164101     168507      30751     200000         44     6    1400000   32751000  200000000  200000000
   5      334    31065   199998    103872306118    103872506116        66364094     168597      30751     200000         50     6    1400000   32751000  200000000  200000000
   5      334    31074   199995    103872506125    103872706120        66564102     168410      30751     200000         55     6    1400000   32751000  200000000  200000000
   5      334    31078   199985    103872706129    103872906114        66764106     168491      30751     200000         49     6    1400000   32751000  200000000  200000000
   5      334    31069   199965    103872906161    103873106127        66964138     168489      30751     200000         61     6    1400000   32751000  200000000  200000000
   5      334    31069   199971    103873106136    103873306107        67164113     168524      30751     200000         41     6    1400000   32751000  200000000  200000000
   5      334    31068   199993    103873306116    103873506108        67364092     168531      30751     200000         42     6    1400000   32751000  200000000  200000000
   5      334    31071   200002    103873506119    103873706121        67564095     168505      30751     200000         55     6    1400000   32751000  200000000  200000000
   5      334    31073   199982    103873706130    103873906112        67764107     168495      30751     200000         45     6    1400000   32751000  200000000  200000000
   5      334    31077   199992    103873906122    103874106113        67964098     168490      30751     200000         48     6    1400000   32751000  200000000  200000000
   5      334    31071   200007    103874106122    103874306130        68164099     168513      30751     200000         64     6    1400000   32751000  200000000  200000000
   5      334    31078   199974    103874306139    103874506113        68364116     168445      30751     200000         48     6    1400000   32751000  200000000  200000000
   5      334    31066   200001    103874506122    103874706122        68564098     168555      30751     200000         57     6    1400000   32751000  200000000  200000000
   5      334    31067   199983    103874706131    103874906114        68764108     168530      30751     200000         48     6    1400000   32751000  200000000  200000000
   5      334    31068   199982    103874906124    103875106106        68964101     168526      30751     200000         41     6    1400000   32751000  200000000  200000000
   5      334    31071   199999    103875106115    103875306114        69164092     168546      30751     200000         49     6    1400000   32751000  200000000  200000000
   5      334    31073   200000    103875306123    103875506123        69364100     168497      30751     200000         58     6    1400000   32751000  200000000  200000000
   5      334    31070   199976    103875506132    103875706109        69564109     168507      30751     200000         43     6    1400000   32751000  200000000  200000000
   5      334    31069   200000    103875706117    103875906117        69764094     168541      30751     200000         51     6    1400000   32751000  200000000  200000000
   5      334    31070   199995    103875906125    103876106120        69964102     168527      30751     200000         54     6    1400000   32751000  200000000  200000000
   5      334    31071   199985    103876106129    103876306114        70164106     168526      30751     200000         49     6    1400000   32751000  200000000  200000000
   5      334    31072   199986    103876306123    103876506110        70364100     168484      30751     200000         44     6    1400000   32751000  200000000  200000000
   5      334    31067   199999    103876506119    103876706117        70564095     168563      30751     200000         52     6    1400000   32751000  200000000  200000000
   5      334    31079   199987    103876706126    103876906114        70764103     168452      30751     200000         48     6    1400000   32751000  200000000  200000000
   5      334    31065   199983    103876906123    103877106105        70964099     168576      30751     200000         40     6    1400000   32751000  200000000  200000000
   5      334    31070   200013    103877106114    103877306127        71164091     168505      30751     200000         61     6    1400000   32751000  200000000  200000000
   5      334    31069   199980    103877306136    103877506116        71364112     168493      30751     200000         51     6    1400000   32751000  200000000  200000000
   5      334    31066   199983    103877506125    103877706107        71564101     168579      30751     200000         42     6    1400000   32751000  200000000  200000000
   5      334    31076   199966    103877706147    103877906113        71764124     168495      30751     200000         46     6    1400000   32751000  200000000  200000000
   5      334    31070   199992    103877906122    103878106113        71964098     168528      30751     200000         48     6    1400000   32751000  200000000  200000000
   5      334    31070   200001    103878106122    103878306123        72164099     168511      30751     200000         57     6    1400000   32751000  200000000  200000000
   5      334    31074   199988    103878306132    103878506119        72364108     168512      30751     200000         54     6    1400000   32751000  200000000  200000000
   5      334    31076   199978    103878506128    103878706107        72564105     168456      30751     200000         40     6    1400000   32751000  200000000  200000000
   5      334    31071   199997    103878706115    103878906113        72764092     168486      30751     200000         48     6    1400000   32751000  200000000  200000000
   5      334    31069   200001    103878906122    103879106123        72964098     168519      30751     200000         57     6    1400000   32751000  200000000  200000000
   5      334    31071   199982    103879106132    103879306113        73164108     168500      30751     200000         48     6    1400000   32751000  200000000  200000000
   5      334    31071   199993    103879306122    103879506115        73364099     168542      30751     200000         50     6    1400000   32751000  200000000  200000000
   5      334    31076   200003    103879506124    103879706127        73564101     168490      30751     200000         61     6    1400000   32751000  200000000  200000000
   5      334    31073   199987    103879706137    103879906123        73764113     168466      30751     200000         58     6    1400000   32751000  200000000  200000000
   5      334    31073   199978    103879906133    103880106111        73964109     168503      30751     200000         45     6    1400000   32751000  200000000  200000000
   5      334    31067   199996    103880106120    103880306115        74164096     168517      30751     200000         47     6    1400000   32751000  200000000  200000000
   5      334    31070   199984    103880306125    103880506109        74364102     168490      30751     200000         42     6    1400000   32751000  200000000  200000000
   5      334    31069   199979    103880506118    103880706097        74564094     168503      30751     200000         32     6    1400000   32751000  200000000  200000000
   5      334    31068   200020    103880706105    103880906126        74764082     168566      30751     200000         60     6    1400000   32751000  200000000  200000000
   5      334    31073   199988    103880906134    103881106122        74964111     168505      30751     200000         57     6    1400000   32751000  200000000  200000000
   5      334    31071   199976    103881106131    103881306108        75164108     168499      30751     200000         40     6    1400000   32751000  200000000  200000000
   5      334    31069   200008    103881306118    103881506126        75364094     168528      30751     200000         58     6    1400000   32751000  200000000  200000000
   5      334    31070   199973    103881506135    103881706108        75564112     168486      30751     200000         43     6    1400000   32751000  200000000  200000000
   5      334    31070   199990    103881706117    103881906107        75764093     168492      30751     200000         41     6    1400000   32751000  200000000  200000000
   5      334    31072   199996    103881906116    103882106112        75964092     168500      30751     200000         47     6    1400000   32751000  200000000  200000000
   5      334    31073   199996    103882106121    103882306116        76164098     168497      30751     200000         51     6    1400000   32751000  200000000  200000000
   5      334    31069   199961    103882306159    103882506120        76364135     168523      30751     200000         55     6    1400000   32751000  200000000  200000000
   5      334    31066   199997    103882506129    103882706126        76564106     168566      30751     200000         61     6    1400000   32751000  200000000  200000000
   5      334    31072   199972    103882706135    103882906107        76764112     168490      30751     200000         42     6    1400000   32751000  200000000  200000000
   5      334    31071   200001    103882906116    103883106117        76964093     168485      30751     200000         52     6    1400000   32751000  200000000  200000000
   5      334    31066   199994    103883106126    103883306120        77164103     168581      30751     200000         54     6    1400000   32751000  200000000  200000000
   5      334    31076   199985    103883306129    103883506114        77364106     168493      30751     200000         48     6    1400000   32751000  200000000  200000000
   5      334    31066   199991    103883506123    103883706114        77564099     168588      30751     200000         49     6    1400000   32751000  200000000  200000000
   5      334    31074   199996    103883706123    103883906119        77764099     168494      30751     200000         53     6    1400000   32751000  200000000  200000000
   5      334    31072   199978    103883906127    103884106106        77964104     168497      30751     200000         41     6    1400000   32751000  200000000  200000000
   5      334    31065   199992    103884106115    103884306106        78164091     168596      30751     200000         40     6    1400000   32751000  200000000  200000000
   5      334    31068   200019    103884306116    103884506135        78364093     168537      30751     200000         70     6    1400000   32751000  200000000  200000000
   5      334    31074   199961    103884506145    103884706106        78564121     168449      30751     200000         40     6    1400000   32751000  200000000  200000000
   5      334    31069   199999    103884706114    103884906113        78764091     168503      30751     200000         48     6    1400000   32751000  200000000  200000000
   5      334    31063   200008    103884906122    103885106130        78964099     168603      30751     200000         65     6    1400000   32751000  200000000  200000000
   5      334    31074   199969    103885106140    103885306109        79164116     168475      30751     200000         44     6    1400000   32751000  200000000  200000000
   5      334    31068   200002    103885306118    103885506120        79364094     168554      30751     200000         55     6    1400000   32751000  200000000  200000000
   5      334    31071   199982    103885506129    103885706111        79564106     168498      30751     200000         45     6    1400000   32751000  200000000  200000000
   5      334    31072   199990    103885706121    103885906110        79764097     168495      30751     200000         44     6    1400000   32751000  200000000  200000000
   5      334    31069   199993    103885906119    103886106113        79964096     168527      30751     200000         47     6    1400000   32751000  200000000  200000000
   5      334    31067   199993    103886106121    103886306114        80164098     168562      30751     200000         48     6    1400000   32751000  200000000  200000000
   5      334    31078   199993    103886306123    103886506116        80364099     168420      30751     200000         51     6    1400000   32751000  200000000  200000000
   5      334    31073   199993    103886506125    103886706118        80564102     168532      30751     200000         51     6    1400000   32751000  200000000  200000000
   5      334    31070   199993    103886706127    103886906121        80764104     168463      30751     200000         56     6    1400000   32751000  200000000  200000000
   5      334    31071   199981    103886906130    103887106112        80964107     168510      30751     200000         45     6    1400000   32751000  200000000  200000000
   5      334    31076   199961    103887106152    103887306113        81164129     168470      30751     200000         48     6    1400000   32751000  200000000  200000000
   5      334    31072   199994    103887306122    103887506116        81364099     168493      30751     200000         50     6    1400000   32751000  200000000  200000000
   5      334    31076   199991    103887506125    103887706116        81564102     168487      30751     200000         51     6    1400000   32751000  200000000  200000000
   5      334    31069   199991    103887706125    103887906116        81764102     168551      30751     200000         51     6    1400000   32751000  200000000  200000000
   5      334    31066   199988    103887906125    103888106113        81964102     168587      30751     200000         46     6    1400000   32751000  200000000  200000000
   5      334    31072   199982    103888106123    103888306106        82164100     168511      30751     200000         41     6    1400000   32751000  200000000  200000000
   5      334    31068   200000    103888306114    103888506114        82364091     168572      30751     200000         46     6    1400000   32751000  200000000  200000000
   5      334    31068   200001    103888506124    103888706124        82564100     168497      30751     200000         59     6    1400000   32751000  200000000  200000000
   5      334    31068   199965    103888706133    103888906099        82764110     168552      30751     200000         33     6    1400000   32751000  200000000  200000000
   5      334    31074   199999    103888906107    103889106107        82964084     168534      30751     200000         41     6    1400000   32751000  200000000  200000000
   5      334    31066   200012    103889106116    103889306127        83164092     168549      30751     200000         62     6    1400000   32751000  200000000  200000000
   5      334    31068   199980    103889306136    103889506116        83364113     168545      30751     200000         51     6    1400000   32751000  200000000  200000000
   5      334    31069   199983    103889506125    103889706108        83564102     168533      30751     200000         41     6    1400000   32751000  200000000  200000000
   5      334    31065   199988    103889706117    103889906105        83764093     168583      30751     200000         40     6    1400000   32751000  200000000  200000000
   5      334    31078   200003    103889906114    103890106116        83964090     168480      30751     200000         51     6    1400000   32751000  200000000  200000000
   5      334    31066   199996    103890106125    103890306121        84164102     168588      30751     200000         55     6    1400000   32751000  200000000  200000000
   5      334    31077   199983    103890306129    103890506112        84364106     168464      30751     200000         47     6    1400000   32751000  200000000  200000000
   5      334    31067   199985    103890506121    103890706106        84564098     168566      30751     200000         41     6    1400000   32751000  200000000  200000000
   5      334    31071   199984    103890706114    103890906098        84764091     168535      30751     200000         33     6    1400000   32751000  200000000  200000000
   5      334    31069   200020    103890906107    103891106128        84964084     168487      30751     200000         63     6    1400000   32751000  200000000  200000000
   5      334    31071   199970    103891106137    103891306106        85164113     168491      30751     200000         41     6    1400000   32751000  200000000  200000000
   5      334    31067   199993    103891306115    103891506108        85364092     168577      30751     200000         43     6    1400000   32751000  200000000  200000000
   5      334    31076   200008    103891506117    103891706125        85564094     168507      30751     200000         59     6    1400000   32751000  200000000  200000000
   5      334    31071   199945    103891706169    103891906114        85764146     168383      30751     200000         49     6    1400000   32751000  200000000  200000000
   5      334    31069   199983    103891906123    103892106106        85964100     168514      30751     200000         41     6    1400000   32751000  200000000  200000000
   5      334    31065   199994    103892106115    103892306109        86164092     168589      30751     200000         44     6    1400000   32751000  200000000  200000000
   5      334    31068   199989    103892306120    103892506108        86364096     168475      30751     200000         41     6    1400000   32751000  200000000  200000000
   5      334    31068   199994    103892506118    103892706112        86564095     168554      30751     200000         47     6    1400000   32751000  200000000  200000000
   5      334    31072   200023    103892706121    103892906144        86764098     168473      30751     200000         77     6    1400000   32751000  200000000  200000000
   5      334    31070   199973    103892906154    103893106126        86964130     168482      30751     200000         61     6    1400000   32751000  200000000  200000000
   5      334    31070   199973    103893106135    103893306108        87164112     168483      30751     200000         41     6    1400000   32751000  200000000  200000000
   5      334    31069   200004    103893306119    103893506122        87364095     168517      30751     200000         57     6    1400000   32751000  200000000  200000000
   5      334    31068   199979    103893506131    103893706110        87564108     168541      30751     200000         44     6    1400000   32751000  200000000  200000000
   5      334    31070   199996    103893706119    103893906115        87764096     168514      30751     200000         50     6    1400000   32751000  200000000  200000000
   5      334    31068   199980    103893906124    103894106103        87964100     168560      30751     200000         38     6    1400000   32751000  200000000  200000000
   5      334    31074   199998    103894106113    103894306111        88164089     168502      30751     200000         45     6    1400000   32751000  200000000  200000000
   5      334    31069   199994    103894306120    103894506113        88364096     168532      30751     200000         48     6    1400000   32751000  200000000  200000000
   5      334    31067   199987    103894506122    103894706109        88564099     168538      30751     200000         44     6    1400000   32751000  200000000  200000000
   5      334    31073   199990    103894706118    103894906108        88764094     168513      30751     200000         41     6    1400000   32751000  200000000  200000000
   5      334    31072   199994    103894906116    103895106111        88964093     168522      30751     200000         44     6    1400000   32751000  200000000  200000000
   5      334    31069   200019    103895106119    103895306139        89164096     168530      30751     200000         73     6    1400000   32751000  200000000  200000000
   5      334    31067   199966    103895306148    103895506114        89364125     168491      30751     200000         48     6    1400000   32751000  200000000  200000000
   5      334    31073   199989    103895506124    103895706114        89564101     168472      30751     200000         48     6    1400000   32751000  200000000  200000000
   5      334    31073   200009    103895706122    103895906131        89764099     168462      30751     200000         66     6    1400000   32751000  200000000  200000000
   5      334    31075   199979    103895906140    103896106119        89964117     168445      30751     200000         54     6    1400000   32751000  200000000  200000000
   5      334    31067   199978    103896106128    103896306106        90164105     168557      30751     200000         41     6    1400000   32751000  200000000  200000000
   5      334    31072   200000    103896306115    103896506115        90364092     168533      30751     200000         47     6    1400000   32751000  200000000  200000000
