#idx     perf      run   period           start             end          rel_st      slack c_duration   c_period     wu_lat   cpu       freq dl_runtime  dl_period dl_deadline
   6     1724   160315   945825     73657842238     73658788063         2581541     462497     158650    1150000         96     7    1400000  167001000 1150000000 1150000000
   6     1724   162609  1149930     73658788072     73659938002         3527374     985726     158650    1150000         35     4    1400000  167001000 1150000000 1150000000
   6     1724   172616  1153895     73659938011     73661091907         4677314      -3940     158650    1150000          0     7    1300000  167001000 1150000000 1150000000
   6     1724   173331  1155126     73661091916     73662247043         5831219      -9077     158650    1150000          0     4    1300000  167001000 1150000000 1150000000
   6     1724   187034  1210903     73662247053     73663457956         6986355     -69990     158650    1150000          0     6    1200000  167001000 1150000000 1150000000
   6     1724   183687  1190567     73663457966     73664648533         8197269    -110567     158650    1150000          0     7    1200000  167001000 1150000000 1150000000
   6     1724   187045  1100576     73664648543     73665749120         9387846     -61154     158650    1150000          0     4    1200000  167001000 1150000000 1150000000
   6     1724   187008  1540463     73665749130     73667289594        10488433    -451628     158650    1150000          0     5    1200000  167001000 1150000000 1150000000
   6     1724   181600   901334     73667289604     73668190938        12028906    -202972     158650    1150000          0     7    1200000  167001000 1150000000 1150000000
   6     1724   187032  1308719     73668190948     73669499667        12930250    -361701     158650    1150000          0     5    1200000  167001000 1150000000 1150000000
   6     1724   183129  1108156     73669499677     73670607833        14238979    -319867     158650    1150000          0     4    1200000  167001000 1150000000 1150000000
   6     1724   184209  1099536     73670607843     73671707379        15347145    -269412     158650    1150000          0     5    1300000  167001000 1150000000 1150000000
   6     1724   187065  2149743     73671707389     73673857132        16446692   -1269166     158650    1150000          0     4    1200000  167001000 1150000000 1150000000
   6     1724   187004  1131663     73673857143     73674988806        18596445   -1250840     158650    1150000          0     4    1200000  167001000 1150000000 1150000000
   6     1724   187027  1092598     73674988816     73676081415        19728119   -1193448     158650    1150000          0     6    1200000  167001000 1150000000 1150000000
   6     1724   187060  1287982     73676081425     73677369408        20820728   -1331442     158650    1150000          0     5    1200000  167001000 1150000000 1150000000
   6     1724   180734  1288804     73677369418     73678658222        22108720   -1470256     158650    1150000          0     6    1200000  167001000 1150000000 1150000000
   6     1724   181859   923349     73678658231     73679581580        23397534   -1243614     158650    1150000          0     4    1300000  167001000 1150000000 1150000000
   6     1724   187038  1363632     73679581590     73680945222        24320892   -1457256     158650    1150000          0     6    1200000  167001000 1150000000 1150000000
   6     1724   187046  1088926     73680945232     73682034159        25684535   -1396193     158650    1150000          0     7    1200000  167001000 1150000000 1150000000
   6     1724   187097  1177950     73682034169     73683212119        26773471   -1424153     158650    1150000          0     6    1200000  167001000 1150000000 1150000000
   6     1724   187010  2088366     73683212130     73685300496        27951432   -2362529     158650    1150000          0     5    1200000  167001000 1150000000 1150000000
   6     1724   187068  1111120     73685300506     73686411626        30039808   -2323660     158650    1150000          0     6    1200000  167001000 1150000000 1150000000
   6     1724   183888  1286482     73686411679     73687698160        31150981   -2460194     158650    1150000          0     4    1200000  167001000 1150000000 1150000000
   6     1724   184461  1264992     73687698170     73688963162        32437472   -2575196     158650    1150000          0     6    1300000  167001000 1150000000 1150000000
   6     1724   187035   951091     73688963172     73689914262        33702474   -2376296     158650    1150000          0     7    1200000  167001000 1150000000 1150000000
   6     1724   187078  1211037     73689914273     73691125310        34653575   -2437344     158650    1150000          0     6    1200000  167001000 1150000000 1150000000
   6     1724   187016  1263949     73691125321     73692389270        35864623   -2551303     158650    1150000          0     6    1200000  167001000 1150000000 1150000000
   6     1724   187038  1275478     73692389280     73693664758        37128582   -2676792     158650    1150000          0     7    1200000  167001000 1150000000 1150000000
   6     1724   187073  1105237     73693664768     73694770005        38404070   -2632039     158650    1150000          0     4    1200000  167001000 1150000000 1150000000
   6     1724   187045  1979748     73694770015     73696749764        39509317   -3461797     158650    1150000          0     4    1200000  167001000 1150000000 1150000000
   6     1724   187089  1233721     73696749774     73697983495        41489076   -3545529     158650    1150000          0     4    1200000  167001000 1150000000 1150000000
   6     1724   187303  1228663     73697983506     73699212169        42722808   -3624203     158650    1150000          0     4    1200000  167001000 1150000000 1150000000
   6     1724   187001  1045905     73699212180     73700258085        43951482   -3520119     158650    1150000          0     4    1200000  167001000 1150000000 1150000000
   6     1724   187045  1200593     73700258095     73701458688        44997398   -3570722     158650    1150000          0     4    1200000  167001000 1150000000 1150000000
   6     1724   187023  1482553     73701458699     73702941251        46198001   -3903285     158650    1150000          0     7    1200000  167001000 1150000000 1150000000
   6     1724   187003   895872     73702941262     73703837134        47680564   -3649168     158650    1150000          0     6    1200000  167001000 1150000000 1150000000
   6     1724   187081  1201823     73703837144     73705038967        48576446   -3701001     158650    1150000          0     7    1200000  167001000 1150000000 1150000000
   6     1724   187058  2054685     73705038977     73707093663        49778280   -4605697     158650    1150000          0     5    1200000  167001000 1150000000 1150000000
   6     1724   187033  1240657     73707093673     73708334330        51832975   -4696364     158650    1150000          0     4    1200000  167001000 1150000000 1150000000
   6     1724   187022  1099758     73708334340     73709434099        53073643   -4646132     158650    1150000          0     4    1200000  167001000 1150000000 1150000000
   6     1724   187058  1513382     73709434109     73710947490        54173411   -5009524     158650    1150000          0     5    1200000  167001000 1150000000 1150000000
   6     1724   192738  1013974     73710947501     73711961475        55686803   -4873509     158650    1150000          0     4    1200000  167001000 1150000000 1150000000
   6     1724   190023  1074615     73711961486     73713036101        56700788   -4798135     158650    1150000          0     7    1100000  167001000 1150000000 1150000000
   6     1724   193031  1354698     73713036111     73714390810        57775414   -5002843     158650    1150000          0     4    1200000  167001000 1150000000 1150000000
   6     1724   187654  1349077     73714390822     73715739898        59130124   -5201932     158650    1150000          0     4    1100000  167001000 1150000000 1150000000
   6     1724   187065   976619     73715739909     73716716527        60479211   -5028561     158650    1150000          0     6    1200000  167001000 1150000000 1150000000
   6     1724   198514  1914402     73716716575     73718630977        61455877   -5793011     158650    1150000          0     4    1200000  167001000 1150000000 1150000000
   6     1724   183514  1334678     73718630987     73719965664        63370289   -5977698     158650    1150000          0     4    1300000  167001000 1150000000 1150000000
   6     1724   183180  1205084     73719965675     73721170759        64704977   -6032793     158650    1150000          0     4    1200000  167001000 1150000000 1150000000
   6     1724   180827  1024421     73721170768     73722195189        65910070   -5907223     158650    1150000          0     4    1300000  167001000 1150000000 1150000000
   6     1724   187033  1295938     73722195199     73723491137        66934501   -6053171     158650    1150000          0     4    1200000  167001000 1150000000 1150000000
   6     1724   186978  1209013     73723491148     73724700161        68230450   -6112195     158650    1150000          0     7    1200000  167001000 1150000000 1150000000
   6     1724   187031   950934     73724700171     73725651105        69439474   -5913139     158650    1150000          0     6    1200000  167001000 1150000000 1150000000
   6     1724   187036  1405488     73725651115     73727056604        70390418   -6168637     158650    1150000          0     6    1200000  167001000 1150000000 1150000000
   6     1724   187065  1890826     73727056613     73728947439        71795916   -6909473     158650    1150000          0     5    1200000  167001000 1150000000 1150000000
   6     1724   187009  1219304     73728947450     73730166753        73686752   -6978787     158650    1150000          0     5    1200000  167001000 1150000000 1150000000
   6     1724   187021  1224723     73730166764     73731391487        74906066   -7053521     158650    1150000          0     6    1200000  167001000 1150000000 1150000000
   6     1724   187040  1105413     73731391497     73732496911        76130799   -7008944     158650    1150000          0     5    1200000  167001000 1150000000 1150000000
   6     1724   187017  1279131     73732496921     73733776053        77236224   -7138086     158650    1150000          0     6    1200000  167001000 1150000000 1150000000
   6     1724   187023  1210947     73733776063     73734987010        78515365   -7199044     158650    1150000          0     7    1200000  167001000 1150000000 1150000000
   6     1724   187052  1325029     73734987020     73736312050        79726323   -7374084     158650    1150000          0     7    1200000  167001000 1150000000 1150000000
   6     1724   187024  1028932     73736312060     73737340992        81051362   -7253026     158650    1150000          0     7    1200000  167001000 1150000000 1150000000
   6     1724   187073  2000679     73737341003     73739341682        82080305   -8103716     158650    1150000          0     6    1200000  167001000 1150000000 1150000000
   6     1724   187061  1232965     73739341692     73740574657        84080994   -8186691     158650    1150000          0     6    1200000  167001000 1150000000 1150000000
   6     1724   187042  1094811     73740574667     73741669479        85313970   -8131512     158650    1150000          0     5    1200000  167001000 1150000000 1150000000
   6     1724   187119  1415162     73741669489     73743084650        86408791   -8396684     158650    1150000          0     5    1200000  167001000 1150000000 1150000000
   6     1724   187062  1123394     73743084661     73744208056        87823963   -8370089     158650    1150000          0     6    1200000  167001000 1150000000 1150000000
   6     1724   187039  1094459     73744208066     73745302525        88947369   -8314559     158650    1150000          0     5    1200000  167001000 1150000000 1150000000
   6     1724   187070  1316018     73745302536     73746618553        90041838   -8480587     158650    1150000          0     5    1200000  167001000 1150000000 1150000000
