#idx     perf      run   period           start             end          rel_st      slack c_duration   c_period     wu_lat   cpu       freq dl_runtime  dl_period dl_deadline
   1      339    31563   415939    110613969573    110614385511         1191759     384040      31246     450000         41     5    1400000   33246000  450000000  450000000
   1      339    31583   449994    110614385521    110614835515         1607707     384163      31246     450000         45     5    1400000   33246000  450000000  450000000
   1      339    31566   449987    110614835524    110615285511         2057711     418082      31246     450000         41     5    1400000   33246000  450000000  450000000
   1      339    31563   449995    110615285520    110615735515         2507707     418101      31246     450000         45     5    1400000   33246000  450000000  450000000
   1      339    31564   449987    110615735524    110616185511         2957711     418081      31246     450000         41     5    1400000   33246000  450000000  450000000
   1      339    31564   449995    110616185520    110616635515         3407707     418082      31246     450000         45     5    1400000   33246000  450000000  450000000
   1      339    31564   453946    110616635524    110617089470         3857710     418083      31246     450000       4000     5    1400000   33246000  450000000  450000000
   1      339    31561   479992    110617089479    110617569471         4311666     414155      31246     450000      34001     5    1400000   33246000  450000000  450000000
   1      339    31562   416031    110617569480    110617985511         4791666     384131      31246     450000         41     5    1400000   33246000  450000000  450000000
   1      339    31580   449995    110617985520    110618435516         5207707     384163      31246     450000         46     5    1400000   33246000  450000000  450000000
   1      339    31565   449999    110618435525    110618885524         5657711     418075      31246     450000         53     5    1400000   33246000  450000000  450000000
   1      339    31563   449983    110618885533    110619335516         6107719     418058      31246     450000         46     5    1400000   33246000  450000000  450000000
   1      339    31566   449986    110619335525    110619785511         6557711     418051      31246     450000         41     5    1400000   33246000  450000000  450000000
   1      339    31566   449995    110619785520    110620235515         7007706     418079      31246     450000         45     5    1400000   33246000  450000000  450000000
   1      339    31563   453951    110620235524    110620689475         7457710     418081      31246     450000       4005     5    1400000   33246000  450000000  450000000
   1      339    31564   479993    110620689484    110621169478         7911670     414098      31246     450000      34007     5    1400000   33246000  450000000  450000000
   1      339    31563   416025    110621169487    110621585512         8391673     384117      31246     450000         41     5    1400000   33246000  450000000  450000000
   1      339    31583   449995    110621585521    110622035516         8807707     384110      31246     450000         45     5    1400000   33246000  450000000  450000000
   1      339    31565   449986    110622035525    110622485510         9257711     418045      31246     450000         40     5    1400000   33246000  450000000  450000000
   1      339    31562   449995    110622485519    110622935515         9707706     418095      31246     450000         44     5    1400000   33246000  450000000  450000000
   1      339    31566   449987    110622935524    110623385511        10157710     418074      31246     450000         41     5    1400000   33246000  450000000  450000000
   1      339    31564   449994    110623385520    110623835514        10607706     418088      31246     450000         43     5    1400000   33246000  450000000  450000000
   1      339    31564   453951    110623835522    110624289474        11057709     418073      31246     450000       4004     5    1400000   33246000  450000000  450000000
   1      339    31561   479932    110624289526    110624769458        11511712     414123      31246     450000      33988     5    1400000   33246000  450000000  450000000
   1      339    31563   416047    110624769467    110625185513        11991653     384141      31246     450000         43     5    1400000   33246000  450000000  450000000
   1      339    31580   449993    110625185522    110625635515        12407708     384113      31246     450000         45     5    1400000   33246000  450000000  450000000
   1      339    31564   449987    110625635524    110626085511        12857710     418076      31246     450000         41     5    1400000   33246000  450000000  450000000
   1      339    31562   449996    110626085520    110626535515        13307706     418082      31246     450000         45     5    1400000   33246000  450000000  450000000
   1      339    31564   449987    110626535524    110626985511        13757710     418088      31246     450000         41     5    1400000   33246000  450000000  450000000
   1      339    31565   449996    110626985520    110627435515        14207706     418089      31246     450000         45     5    1400000   33246000  450000000  450000000
   1      339    31564   453955    110627435524    110627889479        14657710     418073      31246     450000       4009     5    1400000   33246000  450000000  450000000
   1      339    31564   480008    110627889488    110628369496        15111674     414105      31246     450000      34026     5    1400000   33246000  450000000  450000000
   1      339    31562   416012    110628369505    110628785517        15591691     384114      31246     450000         46     5    1400000   33246000  450000000  450000000
   1      339    31582   449996    110628785526    110629235522        16007712     384100      31246     450000         51     5    1400000   33246000  450000000  450000000
   1      339    31563   449981    110629235531    110629685511        16457717     418074      31246     450000         41     5    1400000   33246000  450000000  450000000
   1      339    31562   450002    110629685520    110630135521        16907706     418116      31246     450000         51     5    1400000   33246000  450000000  450000000
   1      339    31566   449980    110630135530    110630585511        17357717     418054      31246     450000         40     5    1400000   33246000  450000000  450000000
   1      339    31563   449997    110630585520    110631035516        17807706     418097      31246     450000         46     5    1400000   33246000  450000000  450000000
   1      339    31567   453928    110631035525    110631489452        18257711     418061      31246     450000       3982     5    1400000   33246000  450000000  450000000
   1      339    31562   479984    110631489461    110631969446        18711648     414176      31246     450000      33976     5    1400000   33246000  450000000  450000000
   1      339    31563   416057    110631969454    110632385511        19191640     384169      31246     450000         40     5    1400000   33246000  450000000  450000000
   1      339    31580   449995    110632385519    110632835515        19607706     384170      31246     450000         45     5    1400000   33246000  450000000  450000000
   1      339    31567   449990    110632835524    110633285514        20057710     418068      31246     450000         44     5    1400000   33246000  450000000  450000000
   1      339    31564   449994    110633285523    110633735517        20507709     418072      31246     450000         46     5    1400000   33246000  450000000  450000000
   1      339    31564   449985    110633735526    110634185510        20957712     418070      31246     450000         40     5    1400000   33246000  450000000  450000000
   1      339    31563   449995    110634185520    110634635515        21407706     418097      31246     450000         44     5    1400000   33246000  450000000  450000000
   1      339    31565   453979    110634635524    110635089502        21857710     418092      31246     450000       4032     5    1400000   33246000  450000000  450000000
   1      339    31561   479895    110635089544    110635569440        22311731     414088      31246     450000      33970     5    1400000   33246000  450000000  450000000
   1      339    31563   416064    110635569449    110635985513        22791635     384175      31246     450000         43     5    1400000   33246000  450000000  450000000
   1      339    31581   449993    110635985522    110636435515        23207708     384144      31246     450000         45     5    1400000   33246000  450000000  450000000
   1      339    31564   449986    110636435524    110636885510        23657710     418079      31246     450000         40     5    1400000   33246000  450000000  450000000
   1      339    31566   449996    110636885519    110637335515        24107705     418085      31246     450000         45     5    1400000   33246000  450000000  450000000
   1      339    31563   449989    110637335524    110637785513        24557710     418078      31246     450000         43     5    1400000   33246000  450000000  450000000
   1      339    31564   449998    110637785522    110638235520        25007708     418089      31246     450000         50     5    1400000   33246000  450000000  450000000
   1      339    31564   453917    110638235529    110638689446        25457715     418046      31246     450000       3976     5    1400000   33246000  450000000  450000000
   1      339    31561   479994    110638689455    110639169449        25911641     414175      31246     450000      33979     5    1400000   33246000  450000000  450000000
   1      339    31564   416053    110639169457    110639585510        26391644     384150      31246     450000         40     5    1400000   33246000  450000000  450000000
   1      339    31578   449998    110639585519    110640035516        26807705     384214      31246     450000         46     5    1400000   33246000  450000000  450000000
   1      339    31566   449985    110640035526    110640485511        27257712     418058      31246     450000         41     5    1400000   33246000  450000000  450000000
   1      339    31565   449995    110640485520    110640935515        27707706     418087      31246     450000         44     5    1400000   33246000  450000000  450000000
   1      339    31564   449991    110640935524    110641385514        28157710     418084      31246     450000         44     5    1400000   33246000  450000000  450000000
   1      339    31562   449992    110641385523    110641835515        28607709     418092      31246     450000         45     5    1400000   33246000  450000000  450000000
   1      339    31564   453938    110641835524    110642289462        29057711     418085      31246     450000       3992     5    1400000   33246000  450000000  450000000
   1      339    31563   479978    110642289471    110642769448        29511657     414146      31246     450000      33978     5    1400000   33246000  450000000  450000000
   1      339    31565   416053    110642769457    110643185511        29991644     384159      31246     450000         40     5    1400000   33246000  450000000  450000000
   1      339    31580   449997    110643185519    110643635516        30407706     384163      31246     450000         46     5    1400000   33246000  450000000  450000000
   1      339    31566   449996    110643635525    110644085522        30857712     418081      31246     450000         51     5    1400000   33246000  450000000  450000000
   1      339    31564   449985    110644085531    110644535516        31307717     418086      31246     450000         45     5    1400000   33246000  450000000  450000000
   1      339    31564   449986    110644535525    110644985511        31757711     418088      31246     450000         40     5    1400000   33246000  450000000  450000000
   1      339    31563   449996    110644985519    110645435515        32207706     418102      31246     450000         45     5    1400000   33246000  450000000  450000000
   1      339    31563   453917    110645435559    110645889476        32657745     418061      31246     450000       4006     5    1400000   33246000  450000000  450000000
   1      339    31561   479943    110645889484    110646369427        33111670     414146      31246     450000      33957     5    1400000   33246000  450000000  450000000
   1      339    31562   416075    110646369436    110646785511        33591622     384189      31246     450000         40     5    1400000   33246000  450000000  450000000
   1      339    31578   449995    110646785519    110647235515        34007706     384147      31246     450000         44     5    1400000   33246000  450000000  450000000
   1      339    31562   449986    110647235524    110647685510        34457710     418099      31246     450000         40     5    1400000   33246000  450000000  450000000
   1      339    31562   449998    110647685519    110648135516        34907705     418098      31246     450000         46     5    1400000   33246000  450000000  450000000
   1      339    31563   449989    110648135525    110648585514        35357712     418087      31246     450000         44     5    1400000   33246000  450000000  450000000
   1      339    31562   449991    110648585523    110649035514        35807709     418108      31246     450000         43     5    1400000   33246000  450000000  450000000
   1      339    31564   453947    110649035522    110649489470        36257709     418084      31246     450000       3999     5    1400000   33246000  450000000  450000000
   1      339    31563   479962    110649489478    110649969441        36711665     414147      31246     450000      33971     5    1400000   33246000  450000000  450000000
   1      339    31564   416064    110649969450    110650385514        37191636     384155      31246     450000         44     5    1400000   33246000  450000000  450000000
   1      339    31579   449992    110650385523    110650835515        37607709     384158      31246     450000         44     5    1400000   33246000  450000000  450000000
   1      339    31563   449990    110650835524    110651285513        38057710     418095      31246     450000         43     5    1400000   33246000  450000000  450000000
   1      339    31561   449996    110651285522    110651735518        38507708     418112      31246     450000         46     5    1400000   33246000  450000000  450000000
   1      339    31563   449983    110651735527    110652185510        38957714     418092      31246     450000         40     5    1400000   33246000  450000000  450000000
   1      339    31563   449995    110652185519    110652635514        39407705     418098      31246     450000         44     5    1400000   33246000  450000000  450000000
   1      339    31563   453919    110652635523    110653089442        39857709     418085      31246     450000       3972     5    1400000   33246000  450000000  450000000
   1      339    31562   479992    110653089451    110653569443        40311637     414161      31246     450000      33973     5    1400000   33246000  450000000  450000000
   1      339    31564   416062    110653569452    110653985514        40791638     384166      31246     450000         44     5    1400000   33246000  450000000  450000000
   1      339    31579   449991    110653985523    110654435514        41207709     384185      31246     450000         44     5    1400000   33246000  450000000  450000000
   1      339    31563   449987    110654435523    110654885510        41657709     418092      31246     450000         40     5    1400000   33246000  450000000  450000000
   1      339    31563   449996    110654885519    110655335515        42107705     418106      31246     450000         45     5    1400000   33246000  450000000  450000000
   1      339    31563   449991    110655335524    110655785515        42557710     418102      31246     450000         44     5    1400000   33246000  450000000  450000000
   1      339    31563   449992    110655785524    110656235515        43007710     418097      31246     450000         45     5    1400000   33246000  450000000  450000000
   1      339    31563   453897    110656235557    110656689453        43457743     418071      31246     450000       3983     5    1400000   33246000  450000000  450000000
   1      339    31563   479980    110656689462    110657169442        43911648     414165      31246     450000      33972     5    1400000   33246000  450000000  450000000
   1      339    31562   416060    110657169450    110657585510        44391637     384176      31246     450000         40     5    1400000   33246000  450000000  450000000
   1      339    31581   449996    110657585519    110658035515        44807705     384160      31246     450000         45     5    1400000   33246000  450000000  450000000
   1      339    31563   449991    110658035524    110658485515        45257710     418089      31246     450000         45     5    1400000   33246000  450000000  450000000
   1      339    31563   449990    110658485524    110658935514        45707710     418105      31246     450000         43     5    1400000   33246000  450000000  450000000
   1      339    31563   449988    110658935522    110659385510        46157709     418096      31246     450000         40     5    1400000   33246000  450000000  450000000
   1      339    31562   449996    110659385519    110659835515        46607705     418112      31246     450000         44     5    1400000   33246000  450000000  450000000
   1      339    31565   453925    110659835523    110660289448        47057710     418076      31246     450000       3978     5    1400000   33246000  450000000  450000000
   1      339    31562   479995    110660289456    110660769451        47511643     414177      31246     450000      33982     5    1400000   33246000  450000000  450000000
   1      339    31562   416051    110660769460    110661185511        47991647     384144      31246     450000         41     5    1400000   33246000  450000000  450000000
   1      339    31579   449995    110661185520    110661635515        48407706     384141      31246     450000         44     5    1400000   33246000  450000000  450000000
   1      339    31563   449986    110661635524    110662085510        48857710     418103      31246     450000         40     5    1400000   33246000  450000000  450000000
   1      339    31564   450005    110662085519    110662535524        49307705     418099      31246     450000         53     5    1400000   33246000  450000000  450000000
   1      339    31563   449977    110662535533    110662985510        49757719     418069      31246     450000         40     5    1400000   33246000  450000000  450000000
   1      339    31564   450007    110662985519    110663435526        50207705     418093      31246     450000         55     5    1400000   33246000  450000000  450000000
   1      339    31563   453924    110663435535    110663889459        50657721     418087      31246     450000       3989     5    1400000   33246000  450000000  450000000
   1      339    31562   479995    110663889467    110664369462        51111654     414149      31246     450000      33992     5    1400000   33246000  450000000  450000000
   1      339    31563   416046    110664369471    110664785517        51591657     384143      31246     450000         47     5    1400000   33246000  450000000  450000000
   1      339    31580   449982    110664785526    110665235508        52007713     384159      31246     450000         38     5    1400000   33246000  450000000  450000000
   1      339    31563   449990    110665235522    110665685511        52457708     418049      31246     450000         41     5    1400000   33246000  450000000  450000000
   1      339    31563   449998    110665685520    110666135518        52907707     418094      31246     450000         47     5    1400000   33246000  450000000  450000000
   1      339    31563   449984    110666135527    110666585511        53357713     418082      31246     450000         41     5    1400000   33246000  450000000  450000000
   1      339    31564   449966    110666585551    110667035516        53807737     418048      31246     450000         46     5    1400000   33246000  450000000  450000000
   1      339    31564   453950    110667035525    110667489476        54257711     418083      31246     450000       4005     5    1400000   33246000  450000000  450000000
   1      339    31563   479992    110667489484    110667969476        54711670     414143      31246     450000      34006     5    1400000   33246000  450000000  450000000
   1      339    31563   416032    110667969484    110668385516        55191671     384130      31246     450000         46     5    1400000   33246000  450000000  450000000
   1      339    31578   449990    110668385525    110668835515        55607711     384165      31246     450000         45     5    1400000   33246000  450000000  450000000
   1      339    31564   449989    110668835524    110669285513        56057710     418081      31246     450000         42     5    1400000   33246000  450000000  450000000
   1      339    31564   449999    110669285522    110669735521        56507708     418077      31246     450000         51     5    1400000   33246000  450000000  450000000
   1      339    31565   449988    110669735530    110670185519        56957716     418067      31246     450000         48     5    1400000   33246000  450000000  450000000
   1      339    31564   449988    110670185528    110670635516        57407714     418080      31246     450000         44     5    1400000   33246000  450000000  450000000
   1      339    31565   453920    110670635525    110671089445        57857711     418073      31246     450000       3975     5    1400000   33246000  450000000  450000000
   1      339    31562   480037    110671089454    110671569491        58311640     414165      31246     450000      34021     5    1400000   33246000  450000000  450000000
   1      339    31564   416011    110671569499    110671985511        58791686     384093      31246     450000         40     5    1400000   33246000  450000000  450000000
   1      339    31581   450000    110671985519    110672435519        59207706     384076      31246     450000         48     5    1400000   33246000  450000000  450000000
   1      339    31563   449982    110672435528    110672885510        59657714     418080      31246     450000         40     5    1400000   33246000  450000000  450000000
   1      339    31564   449997    110672885519    110673335516        60107705     418082      31246     450000         46     5    1400000   33246000  450000000  450000000
   1      339    31565   449985    110673335525    110673785511        60557712     418078      31246     450000         41     5    1400000   33246000  450000000  450000000
   1      339    31565   450003    110673785520    110674235523        61007706     418092      31246     450000         52     5    1400000   33246000  450000000  450000000
   1      339    31563   453943    110674235532    110674689475        61457718     418077      31246     450000       4005     5    1400000   33246000  450000000  450000000
   1      339    31561   480008    110674689483    110675169491        61911670     414140      31246     450000      34021     5    1400000   33246000  450000000  450000000
   1      339    31561   416011    110675169500    110675585511        62391686     384129      31246     450000         41     5    1400000   33246000  450000000  450000000
   1      339    31580   449996    110675585520    110676035515        62807706     384157      31246     450000         45     5    1400000   33246000  450000000  450000000
   1      339    31565   449986    110676035525    110676485511        63257711     418067      31246     450000         41     5    1400000   33246000  450000000  450000000
   1      339    31566   450001    110676485519    110676935521        63707706     418077      31246     450000         50     5    1400000   33246000  450000000  450000000
   1      339    31564   449981    110676935529    110677385511        64157716     418077      31246     450000         40     5    1400000   33246000  450000000  450000000
   1      339    31564   449969    110677385551    110677835521        64607738     418050      31246     450000         50     5    1400000   33246000  450000000  450000000
   1      339    31564   453940    110677835529    110678289469        65057716     418054      31246     450000       3999     5    1400000   33246000  450000000  450000000
   1      339    31562   479976    110678289478    110678769454        65511664     414153      31246     450000      33984     5    1400000   33246000  450000000  450000000
   1      339    31563   416048    110678769463    110679185511        65991649     384148      31246     450000         41     5    1400000   33246000  450000000  450000000
   1      339    31583   450002    110679185520    110679635521        66407706     384086      31246     450000         51     5    1400000   33246000  450000000  450000000
   1      339    31564   449980    110679635531    110680085510        66857717     418057      31246     450000         40     5    1400000   33246000  450000000  450000000
   1      339    31563   450003    110680085519    110680535522        67307705     418107      31246     450000         51     5    1400000   33246000  450000000  450000000
   1      339    31564   449983    110680535530    110680985513        67757717     418075      31246     450000         43     5    1400000   33246000  450000000  450000000
   1      339    31563   450000    110680985523    110681435523        68207709     418109      31246     450000         52     5    1400000   33246000  450000000  450000000
   1      339    31564   453930    110681435532    110681889462        68657718     418053      31246     450000       3992     5    1400000   33246000  450000000  450000000
   1      339    31564   479964    110681889471    110682369435        69111657     414158      31246     450000      33965     5    1400000   33246000  450000000  450000000
   1      339    31562   416067    110682369443    110682785510        69591630     384189      31246     450000         40     5    1400000   33246000  450000000  450000000
   1      339    31579   450001    110682785519    110683235520        70007705     384179      31246     450000         49     5    1400000   33246000  450000000  450000000
   1      339    31563   449984    110683235529    110683685513        70457715     418085      31246     450000         43     5    1400000   33246000  450000000  450000000
   1      339    31565   449992    110683685522    110684135514        70907709     418072      31246     450000         44     5    1400000   33246000  450000000  450000000
   1      339    31570   449988    110684135524    110684585512        71357710     418054      31246     450000         42     5    1400000   33246000  450000000  450000000
   1      339    31563   450002    110684585521    110685035523        71807707     418112      31246     450000         53     5    1400000   33246000  450000000  450000000
   1      339    31563   453943    110685035532    110685489476        72257719     418086      31246     450000       4006     5    1400000   33246000  450000000  450000000
   1      339    31562   479962    110685489484    110685969447        72711671     414140      31246     450000      33977     5    1400000   33246000  450000000  450000000
   1      339    31563   416054    110685969456    110686385510        73191642     384156      31246     450000         40     5    1400000   33246000  450000000  450000000
   1      339    31579   450000    110686385519    110686835519        73607706     384154      31246     450000         48     5    1400000   33246000  450000000  450000000
   1      339    31563   449983    110686835528    110687285511        74057715     418081      31246     450000         41     5    1400000   33246000  450000000  450000000
   1      339    31565   449995    110687285520    110687735515        74507706     418068      31246     450000         45     5    1400000   33246000  450000000  450000000
   1      339    31563   449959    110687735558    110688185518        74957745     418060      31246     450000         47     5    1400000   33246000  450000000  450000000
   1      339    31563   449987    110688185526    110688635514        75407713     418092      31246     450000         44     5    1400000   33246000  450000000  450000000
   1      339    31563   453924    110688635522    110689089446        75857708     418097      31246     450000       3976     5    1400000   33246000  450000000  450000000
   1      339    31563   479975    110689089454    110689569429        76311641     414176      31246     450000      33959     5    1400000   33246000  450000000  450000000
   1      339    31563   416074    110689569438    110689985511        76791624     384174      31246     450000         41     5    1400000   33246000  450000000  450000000
   1      339    31580   449994    110689985520    110690435515        77207707     384158      31246     450000         44     5    1400000   33246000  450000000  450000000
   1      339    31563   449987    110690435524    110690885510        77657710     418081      31246     450000         40     5    1400000   33246000  450000000  450000000
   1      339    31563   449996    110690885519    110691335515        78107705     418092      31246     450000         45     5    1400000   33246000  450000000  450000000
   1      339    31563   449987    110691335524    110691785510        78557710     418090      31246     450000         40     5    1400000   33246000  450000000  450000000
   1      339    31564   450004    110691785519    110692235522        79007705     418089      31246     450000         52     5    1400000   33246000  450000000  450000000
   1      339    31563   453925    110692235531    110692689456        79457717     418066      31246     450000       3986     5    1400000   33246000  450000000  450000000
   1      339    31563   480002    110692689465    110693169466        79911651     414111      31246     450000      33996     5    1400000   33246000  450000000  450000000
   1      339    31563   416036    110693169475    110693585510        80391661     384138      31246     450000         40     5    1400000   33246000  450000000  450000000
   1      339    31582   449995    110693585519    110694035515        80807705     384149      31246     450000         44     5    1400000   33246000  450000000  450000000
   1      339    31563   449988    110694035524    110694485512        81257710     418068      31246     450000         42     5    1400000   33246000  450000000  450000000
   1      339    31564   449998    110694485520    110694935518        81707707     418057      31246     450000         48     5    1400000   33246000  450000000  450000000
   1      339    31562   449973    110694935527    110695385500        82157713     418094      31246     450000         30     5    1400000   33246000  450000000  450000000
   1      339    31565   450006    110695385509    110695835515        82607695     418076      31246     450000         45     5    1400000   33246000  450000000  450000000
   1      339    31564   453948    110695835524    110696289472        83057710     418075      31246     450000       4002     5    1400000   33246000  450000000  450000000
   1      339    31563   479970    110696289481    110696769451        83511667     414140      31246     450000      33981     5    1400000   33246000  450000000  450000000
   1      339    31565   416052    110696769460    110697185511        83991646     384134      31246     450000         41     5    1400000   33246000  450000000  450000000
   1      339    31580   449994    110697185520    110697635514        84407706     384164      31246     450000         44     5    1400000   33246000  450000000  450000000
   1      339    31564   449995    110697635523    110698085518        84857709     418087      31246     450000         47     5    1400000   33246000  450000000  450000000
   1      339    31563   449987    110698085526    110698535514        85307713     418087      31246     450000         44     5    1400000   33246000  450000000  450000000
   1      339    31566   449955    110698535556    110698985511        85757742     418028      31246     450000         41     5    1400000   33246000  450000000  450000000
   1      339    31562   449995    110698985520    110699435515        86207706     418120      31246     450000         45     5    1400000   33246000  450000000  450000000
   1      339    31564   453960    110699435524    110699889484        86657710     418076      31246     450000       4014     5    1400000   33246000  450000000  450000000
   1      339    31562   479971    110699889492    110700369463        87111679     414132      31246     450000      33993     5    1400000   33246000  450000000  450000000
   1      339    31564   416039    110700369472    110700785511        87591658     384141      31246     450000         40     5    1400000   33246000  450000000  450000000
   1      339    31581   449997    110700785519    110701235516        88007706     384154      31246     450000         45     5    1400000   33246000  450000000  450000000
   1      339    31565   449987    110701235525    110701685512        88457711     418086      31246     450000         42     5    1400000   33246000  450000000  450000000
   1      339    31567   449994    110701685521    110702135515        88907708     418072      31246     450000         45     5    1400000   33246000  450000000  450000000
   1      339    31564   449986    110702135524    110702585510        89357711     418091      31246     450000         40     5    1400000   33246000  450000000  450000000
   1      339    31564   449996    110702585519    110703035516        89807706     418090      31246     450000         45     5    1400000   33246000  450000000  450000000
