#idx     perf      run   period           start             end          rel_st      slack c_duration   c_period     wu_lat   cpu       freq dl_runtime  dl_period dl_deadline
   7      563    52402   536344    101157270351    101157806695         1636375     423836      51881     970000      59686     4    1400000   54612000  970000000  970000000
   7      563    52438  1044520    101157806704    101158851223         2172728     491689      51881     970000     134214     4    1400000   54612000  970000000  970000000
   7      563    52441   917307    101158851232    101159768539         3217256     459806      51881     970000      81531     4    1400000   54612000  970000000  970000000
   7      563    52425  1032197    101159768548    101160800745         4134572     788270      51881     970000     143736     4    1400000   54612000  970000000  970000000
   7      563    52419  1112158    101160800754    101161912912         5166778     763874      51881     970000     285902     4    1400000   54612000  970000000  970000000
   7      563    52403   684133    101161912920    101162597053         6278944     631243      51881     970000         44     4    1400000   54612000  970000000  970000000
   7      563    52419   969988    101162597061    101163567050         6963085     551422      51881     970000         40     4    1400000   54612000  970000000  970000000
   7      563    52424  1109108    101163567059    101164676167         7933083     475722      51881     970000     139158     4    1400000   54612000  970000000  970000000
   7      563    52429  1022258    101164676176    101165698433         9042200     449877      51881     970000     191424     4    1400000   54612000  970000000  970000000
   7      563    52402   974801    101165698442    101166673243        10064466     725732      51881     970000     196234     4    1400000   54612000  970000000  970000000
   7      563    52422  1069682    101166673252    101167742934        11039276     711370      51881     970000     295925     4    1400000   54612000  970000000  970000000
   7      563    52405   674110    101167742942    101168417052        12108966     621182      51881     970000         43     4    1400000   54612000  970000000  970000000
   7      563    52451  1007426    101168417061    101169424487        12783085     551174      51881     970000      37478     4    1400000   54612000  970000000  970000000
   7      563    52401   932554    101169424496    101170357049        13790520     879681      51881     970000         40     4    1400000   54612000  970000000  970000000
   7      563    52422  1218685    101170357058    101171575743        14723082     794122      51881     970000     248734     4    1400000   54612000  970000000  970000000
   7      563    52420   990093    101171575752    101172565845        15941776     344565      51881     970000     268836     4    1400000   54612000  970000000  970000000
   7      563    52401   954959    101172565854    101173520813        16931878     648339      51881     970000     253804     4    1400000   54612000  970000000  970000000
   7      563    52403   716229    101173520822    101174237051        17886846     663361      51881     970000         42     4    1400000   54612000  970000000  970000000
   7      563    52424   969994    101174237060    101175207053        18603084     598678      51881     970000         44     4    1400000   54612000  970000000  970000000
   7      563    52423  1009522    101175207062    101176216584        19573086     902809      51881     970000      39575     4    1400000   54612000  970000000  970000000
   7      563    52400  1179805    101176216592    101177396397        20582616     877426      51881     970000     249388     4    1400000   54612000  970000000  970000000
   7      563    52417  1060003    101177396406    101178456409        21762430     349282      51881     970000     339400     4    1400000   54612000  970000000  970000000
   7      563    52439   904580    101178456417    101179360997        22822441     249855      51881     970000     273988     4    1400000   54612000  970000000  970000000
   7      563    52401   696012    101179361044    101180057056        23727068     643147      51881     970000         47     4    1400000   54612000  970000000  970000000
   7      563    52422   999050    101180057065    101181056116        24423089     560693      51881     970000      29107     4    1400000   54612000  970000000  970000000
   7      563    52421   987164    101181056124    101182043288        25422148     878498      51881     970000      46279     4    1400000   54612000  970000000  970000000
   7      563    52405  1022100    101182043297    101183065398        26409321     870818      51881     970000      98389     4    1400000   54612000  970000000  970000000
   7      563    52405  1205292    101183065406    101184270698        27431430     818745      51881     970000     333689     4    1400000   54612000  970000000  970000000
   7      563    52405  1045342    101184270707    101185316049        28636731     583420      51881     970000     409040     4    1400000   54612000  970000000  970000000
   7      563    52401   570517    101185316058    101185886574        29682082     508150      51881     970000       9565     4    1400000   54612000  970000000  970000000
   7      563    52438  1059253    101185886583    101186945836        30252607     551163      51881     970000      98827     4    1400000   54612000  970000000  970000000
   7      563    52418   919818    101186945844    101187865662        31311868     500055      51881     970000      48653     4    1400000   54612000  970000000  970000000
   7      563    52398  1077086    101187865670    101188942756        32231694     868542      51881     970000     155747     4    1400000   54612000  970000000  970000000
   7      563    52399  1050332    101188942765    101189993097        33308789     761428      51881     970000     236088     4    1400000   54612000  970000000  970000000
   7      563    52400  1182976    101189993106    101191176082        34359130     681100      51881     970000     449073     4    1400000   54612000  970000000  970000000
   7      563    52422   578555    101191176090    101191754646        35542114     463256      51881     970000      57637     4    1400000   54612000  970000000  970000000
   7      563    52421   973457    101191754654    101192728111        36120678     541165      51881     970000      61102     4    1400000   54612000  970000000  970000000
   7      563    52434  1077808    101192728120    101193805928        37094144     490320      51881     970000     168919     4    1400000   54612000  970000000  970000000
   7      563    52419   966822    101193805936    101194772758        38171960     738683      51881     970000     165749     4    1400000   54612000  970000000  970000000
   7      563    52401  1059916    101194772766    101195832683        39138790     751446      51881     970000     255674     4    1400000   54612000  970000000  970000000
   7      563    52402  1022160    101195832691    101196854851        40198715     661448      51881     970000     307843     4    1400000   54612000  970000000  970000000
   7      563    52399   662195    101196854860    101197517055        41220884     609318      51881     970000         46     4    1400000   54612000  970000000  970000000
   7      563    52410  1079026    101197517064    101198596090        41883088     917075      51881     970000     109081     4    1400000   54612000  970000000  970000000
   7      563    52471  1059950    101198596098    101199656049        42962122     437520      51881     970000     199040     4    1400000   54612000  970000000  970000000
   7      563    52434   912221    101199656058    101200568279        44022082     390261      51881     970000     141270     4    1400000   54612000  970000000  970000000
   7      563    52440  1047181    101200568287    101201615468        44934311     723738      51881     970000     218459     4    1400000   54612000  970000000  970000000
   7      563    52418  1107189    101201615477    101202722666        45981501     689159      51881     970000     355657     4    1400000   54612000  970000000  970000000
   7      563    52402   614352    101202722709    101203337061        47088733     561477      51881     970000         52     4    1400000   54612000  970000000  970000000
   7      563    52401   969972    101203337070    101204307042        47703094     917149      51881     970000         33     4    1400000   54612000  970000000  970000000
   7      563    52437  1179074    101204307051    101205486125        48673075     902816      51881     970000     209117     4    1400000   54612000  970000000  970000000
   7      563    52438  1021985    101205486134    101206508119        49852158     380261      51881     970000     261111     4    1400000   54612000  970000000  970000000
   7      563    52403   984681    101206508128    101207492809        50874152     656030      51881     970000     275800     4    1400000   54612000  970000000  970000000
   7      563    52400  1059939    101207492818    101208552756        51858842     641376      51881     970000     365747     4    1400000   54612000  970000000  970000000
   7      563    52402   604285    101208552765    101209157050        52918789     551426      51881     970000         41     4    1400000   54612000  970000000  970000000
   7      563    52400   970010    101209157059    101210127069        53523083     917155      51881     970000         59     4    1400000   54612000  970000000  970000000
   7      563    52428  1028249    101210127078    101211155327        54493102     869730      51881     970000      58318     4    1400000   54612000  970000000  970000000
   7      563    52437  1220761    101211155336    101212376097        55521360     731134      51881     970000     309088     4    1400000   54612000  970000000  970000000
   7      563    52426   994433    101212376106    101213370539        56742130     280218      51881     970000     333530     4    1400000   54612000  970000000  970000000
   7      563    52399   636504    101213370547    101214007051        57736571     583680      51881     970000         41     4    1400000   54612000  970000000  970000000
   7      563    52449  1028090    101214007060    101215035150        58373084     551159      51881     970000      58141     4    1400000   54612000  970000000  970000000
   7      563    52424   911882    101215035158    101215947040        59401182     545443      51881     970000         31     4    1400000   54612000  970000000  970000000
   7      563    52403  1071487    101215947049    101217018535        60313073     917089      51881     970000     101526     4    1400000   54612000  970000000  970000000
   7      563    52420  1187594    101217018544    101218206138        61384568     810832      51881     970000     319129     4    1400000   54612000  970000000  970000000
   7      563    52447  1059988    101218206147    101219266135        62572171     270129      51881     970000     409126     4    1400000   54612000  970000000  970000000
   7      563    52406   571655    101219266144    101219837799        63632168     508005      51881     970000      10790     4    1400000   54612000  970000000  970000000
   7      563    52418  1032164    101219837808    101220869972        64203832     588143      51881     970000      72963     4    1400000   54612000  970000000  970000000
   7      563    52437   990565    101220869981    101221860545        65236005     478461      51881     970000      93537     4    1400000   54612000  970000000  970000000
   7      563    52418   993435    101221860554    101222853989        66226578     814077      51881     970000     116980     4    1400000   54612000  970000000  970000000
   7      563    52403  1021302    101222853998    101223875300        67220022     800112      51881     970000     168291     4    1400000   54612000  970000000  970000000
   7      563    52407  1190366    101223875309    101225065675        68241333     748802      51881     970000     388666     4    1400000   54612000  970000000  970000000
   7      563    52405  1054813    101225065714    101226120528        69431738     528412      51881     970000     473519     4    1400000   54612000  970000000  970000000
   7      563    52400   579244    101226120536    101226699780        70486560     443664      51881     970000      82771     4    1400000   54612000  970000000  970000000
   7      563    52424  1066539    101226699789    101227766328        71065813     477971      51881     970000     179319     4    1400000   54612000  970000000  970000000
   7      563    52437   903571    101227766337    101228669908        72132361     419462      51881     970000     112899     4    1400000   54612000  970000000  970000000
   7      563    52401  1068050    101228669916    101229737966        73035940     804250      51881     970000     210957     4    1400000   54612000  970000000  970000000
   7      563    52417  1065274    101229737975    101230803249        74103999     701462      51881     970000     306240     4    1400000   54612000  970000000  970000000
   7      563    52403   663797    101230803258    101231467055        75169282     610911      51881     970000         45     4    1400000   54612000  970000000  970000000
   7      563    52440  1082859    101231467064    101232549923        75833088     428593      51881     970000     112914     4    1400000   54612000  970000000  970000000
   7      563    52420   993875    101232549932    101233543807        76915956     486011      51881     970000     136798     4    1400000   54612000  970000000  970000000
   7      563    52446  1066693    101233543815    101234610508        77909839     414592      51881     970000     233499     4    1400000   54612000  970000000  970000000
   7      563    52420   972220    101234610516    101235582737        78976540     674109      51881     970000     235728     4    1400000   54612000  970000000  970000000
   7      563    52399  1059874    101235582745    101236642619        79948769     681470      51881     970000     325611     4    1400000   54612000  970000000  970000000
   7      563    52402   644426    101236642628    101237287054        81008652     591561      51881     970000         45     4    1400000   54612000  970000000  970000000
   7      563    52439   969988    101237287063    101238257051        81653087     589244      51881     970000         42     4    1400000   54612000  970000000  970000000
   7      563    52400  1157540    101238257060    101239414600        82623084     917133      51881     970000     187591     4    1400000   54612000  970000000  970000000
   7      563    52432  1060474    101239414609    101240475083        83780633     363748      51881     970000     278074     4    1400000   54612000  970000000  970000000
   7      563    52437   897492    101240475091    101241372583        84841115     315857      51881     970000     205574     4    1400000   54612000  970000000  970000000
   7      563    52426  1048019    101241372591    101242420610        85738615     664080      51881     970000     283601     4    1400000   54612000  970000000  970000000
   7      563    52432   686439    101242420619    101243107058        86786643     619239      51881     970000         49     4    1400000   54612000  970000000  970000000
   7      563    52408   979495    101243107067    101244086563        87473091     917063      51881     970000       9554     4    1400000   54612000  970000000  970000000
   7      563    52419  1031205    101244086571    101245117777        88452595     902816      51881     970000      70768     4    1400000   54612000  970000000  970000000
