#idx     perf      run   period           start             end          rel_st      slack c_duration   c_period     wu_lat   cpu       freq dl_runtime  dl_period dl_deadline
   8     1887   175401   731623    105538059567    105538791190         4089337     175474     173621     910000     185051     4    1400000  182759000  910000000  910000000
   8     1887   175389   738686    105538791199    105539529885         4820969     353795     173621     910000      13746     4    1400000  182759000  910000000  910000000
   8     1887   175396   896306    105539529894    105540426200         5559664     719252     173621     910000         61     4    1400000  182759000  910000000  910000000
   8     1887   175418   936390    105540426209    105541362599         6455979     372733     173621     910000      26461     4    1400000  182759000  910000000  910000000
   8     1887   175410  1037315    105541362608    105542399923         7392378     512827     173621     910000     153784     4    1400000  182759000  910000000  910000000
   8     1887   175374   820013    105542399932    105543219945         8429702     579018     173621     910000      63806     4    1400000  182759000  910000000  910000000
   8     1887   175381   991717    105543219954    105544211671         9249724     308767     173621     910000     145532     4    1400000  182759000  910000000  910000000
   8     1887   176457   814720    105544211680    105545026401        10241450     390008     173621     910000      50261     4    1400000  182759000  910000000  910000000
   8     1887   176588   859786    105545026409    105545886195        11056179     486710     173621     910000         56     4    1400000  182759000  910000000  910000000
   8     1887   176148  1190217    105545886205    105547076422        11915975     177884     173621     910000     280283     4    1300000  182759000  910000000  910000000
   8     1887   175411   780229    105547076431    105547856660        13106201     258982     173621     910000     150521     4    1400000  182759000  910000000  910000000
   8     1887   175387   759531    105547856669    105548616200        13886439     388341     173621     910000         61     4    1400000  182759000  910000000  910000000
   8     1887   175411   909985    105548616209    105549526194        14645978     537961     173621     910000         55     4    1400000  182759000  910000000  910000000
   8     1887   176092  1130118    105549526203    105550656320        15555972     177316     173621     910000     220182     4    1400000  182759000  910000000  910000000
   8     1887   176616   763596    105550656329    105551419925        16686099     317109     173621     910000      73786     4    1400000  182759000  910000000  910000000
   8     1887   175402   836268    105551419934    105552256201        17449703     659171     173621     910000         62     4    1400000  182759000  910000000  910000000
   8     1887   175612  1006843    105552256231    105553263074        18286000     370839     173621     910000      96935     4    1300000  182759000  910000000  910000000
   8     1887   176312   813123    105553263083    105554076206        19292853     440575     173621     910000         67     4    1300000  182759000  910000000  910000000
   8     1887   176223  1033747    105554076237    105555109984        20106007     532748     173621     910000     123845     4    1300000  182759000  910000000  910000000
   8     1887   175401   988269    105555109993    105556098261        21139762     248650     173621     910000     202122     4    1400000  182759000  910000000  910000000
   8     1887   175414   818544    105556098270    105556916814        22128040     337068     173621     910000     110675     4    1400000  182759000  910000000  910000000
   8     1887   175408   799385    105556916822    105557716207        22946592     428555     173621     910000         67     4    1400000  182759000  910000000  910000000
   8     1887   175401  1250148    105557716216    105558966364        23745986     539144     173621     910000     340225     4    1400000  182759000  910000000  910000000
   8     1887   175390   791171    105558966410    105559757582        24996180     198620     173621     910000     221443     4    1400000  182759000  910000000  910000000
   8     1887   175394   731667    105559757591    105560489258        25787360     317445     173621     910000      43119     4    1400000  182759000  910000000  910000000
   8     1887   176078   866938    105560489267    105561356204        26519036     494648     173621     910000         65     4    1400000  182759000  910000000  910000000
   8     1887   177831  1203191    105561356214    105562559405        27385983     368783     173621     910000     293266     4    1400000  182759000  910000000  910000000
   8     1887   175389   750581    105562559413    105563309994        28589183     245585     173621     910000     133855     4    1400000  182759000  910000000  910000000
   8     1887   175388   820363    105563310003    105564130365        29339772     599157     173621     910000      44226     4    1400000  182759000  910000000  910000000
   8     1887   175411  1032819    105564130374    105565163193        30160144     328666     173621     910000     167054     4    1400000  182759000  910000000  910000000
   8     1887   175408   773115    105565163202    105565936317        31192972     372248     173621     910000      30179     4    1400000  182759000  910000000  910000000
   8     1887   175405  1064994    105565936326    105567001320        31966096     509139     173621     910000     185181     4    1400000  182759000  910000000  910000000
   8     1887   176207   985031    105567001329    105567986360        33031099     546490     173621     910000     260221     4    1400000  182759000  910000000  910000000
   8     1887   175416   819965    105567986369    105568806334        34016139     278987     173621     910000     170195     4    1400000  182759000  910000000  910000000
   8     1887   175408   750036    105568806343    105569556379        34836112     369179     173621     910000      10240     4    1400000  182759000  910000000  910000000
   8     1887   176602   899820    105569556388    105570456208        35586157     526867     173621     910000         66     4    1400000  182759000  910000000  910000000
   8     1887   176651  1202304    105570456217    105571658521        36485986     177080     173621     910000     292382     4    1400000  182759000  910000000  910000000
   8     1887   175407   732700    105571658529    105572391229        37688299     246841     173621     910000     115090     4    1400000  182759000  910000000  910000000
   8     1887   175385   794964    105572391238    105573186202        38421008     423795     173621     910000         63     4    1400000  182759000  910000000  910000000
   8     1887   175400  1270555    105573186212    105574456767        39215982     732918     173621     910000     360628     4    1400000  182759000  910000000  910000000
   8     1887   176681   743145    105574456776    105575199921        40486546     176350     173621     910000     193782     4    1400000  182759000  910000000  910000000
   8     1887   175389   820149    105575199930    105576020078        41229699     539220     173621     910000     103940     4    1400000  182759000  910000000  910000000
   8     1887   175373   819882    105576020087    105576839969        42049857     628936     173621     910000      13831     4    1400000  182759000  910000000  910000000
   8     1887   175386   989608    105576839978    105577829586        42869748     356763     173621     910000      93447     4    1400000  182759000  910000000  910000000
   8     1887   176531   816738    105577829595    105578646332        43859364     443738     173621     910000        194     4    1400000  182759000  910000000  910000000
   8     1887   176595  1231554    105578646341    105579877895        44676111     536794     173621     910000     321757     4    1400000  182759000  910000000  910000000
   8     1887   175392   818412    105579877904    105580696316        45907674     217132     173621     910000     230177     4    1400000  182759000  910000000  910000000
   8     1887   175407   761677    105580696356    105581458034        46726126     309116     173621     910000      81895     4    1400000  182759000  910000000  910000000
   8     1887   175383   828152    105581458043    105582286194        47487812     456988     173621     910000         55     4    1400000  182759000  910000000  910000000
   8     1887   175410  1270178    105582286203    105583556381        48315973     372917     173621     910000     360242     4    1400000  182759000  910000000  910000000
   8     1887   176591   733393    105583556390    105584289782        49586159     176862     173621     910000     183643     4    1400000  182759000  910000000  910000000
   8     1887   175392   750132    105584289791    105585039923        50319561     355313     173621     910000      23784     4    1400000  182759000  910000000  910000000
   8     1887   175380   886263    105585039932    105585926195        51069702     709274     173621     910000         56     4    1400000  182759000  910000000  910000000
   8     1887   175406   936421    105585926205    105586862626        51955975     370472     173621     910000      26487     4    1400000  182759000  910000000  910000000
   8     1887   176587  1047251    105586862635    105587909886        52892405     510542     173621     910000     163747     4    1400000  182759000  910000000  910000000
   8     1887   175391   820144    105587909895    105588730039        53939664     569236     173621     910000      73900     4    1400000  182759000  910000000  910000000
   8     1887   175387   986748    105588730048    105589716795        54759817     298378     173621     910000     150656     4    1400000  182759000  910000000  910000000
   8     1887   175383   821683    105589716805    105590538488        55746574     388320     173621     910000      62349     4    1400000  182759000  910000000  910000000
   8     1887   175392   847695    105590538497    105591386192        56568267     476474     173621     910000         51     4    1400000  182759000  910000000  910000000
   8     1887   176605  1202040    105591386205    105592588245        57415974     176288     173621     910000     292106     4    1400000  182759000  910000000  910000000
   8     1887   175387   768312    105592588255    105593356567        58618024     246881     173621     910000     150427     4    1400000  182759000  910000000  910000000
   8     1887   175375   759712    105593356577    105594116289        59386346     388724     173621     910000        149     4    1400000  182759000  910000000  910000000
   8     1887   176624   909882    105594116299    105595026181        60146069     537082     173621     910000         41     4    1400000  182759000  910000000  910000000
   8     1887   177627  1131262    105595026194    105596157456        61055964     175291     173621     910000     221317     4    1400000  182759000  910000000  910000000
   8     1887   175395   773059    105596157466    105596930525        62187236     318052     173621     910000      84386     4    1400000  182759000  910000000  910000000
