#idx     perf      run   period           start             end          rel_st      slack c_duration   c_period     wu_lat   cpu       freq dl_runtime  dl_period dl_deadline
   1      489    45546   908858     91937670578     91938579437         1347370     668802      45061     930000     185313     4    1400000   47433000  930000000  930000000
   1      489    45543   976012     91938579445     91939555457         2256237     689752      45061     930000     231333     6    1400000   47433000  930000000  930000000
   1      489    45551  1206022     91939555466     91940761488         3232258     484260      45061     930000     507364     6    1400000   47433000  930000000  930000000
   1      489    45536   422668     91940761497     91941184165         4438289     235038      45061     930000         41     7    1400000   47433000  930000000  930000000
   1      489    45538   978788     91941184174     91942162962         4860966     835175      45061     930000      48837     7    1400000   47433000  930000000  930000000
   1      489    45525   900012     91942162970     91943062983         5839763     835130      45061     930000      18858     7    1400000   47433000  930000000  930000000
   1      489    45568   911163     91943062991     91943974154         6739783     738514      45061     930000         30     7    1400000   47433000  930000000  930000000
   1      489    45533  1412149     91943974163     91945386312         7650955     883904      45061     930000     482188     4    1400000   47433000  930000000  930000000
   1      489    45545   447836     91945386321     91945834157         9063113     260160      45061     930000         33     4    1400000   47433000  930000000  930000000
   1      489    45537   930026     91945834166     91946764192         9510958     664645      45061     930000         67     4    1400000   47433000  930000000  930000000
   1      489    45520  1083140     91946764202     91947847341        10440994     883955      45061     930000     153217     7    1400000   47433000  930000000  930000000
   1      489    45520   891064     91947847350     91948738414        11524142     730729      45061     930000     114290     7    1400000   47433000  930000000  930000000
   1      489    45542   965227     91948738423     91949703650        12415215     631616      45061     930000     149526     6    1400000   47433000  930000000  930000000
   1      489    45547   793350     91949703659     91950497008        13380451     661628      45061     930000      12884     6    1400000   47433000  930000000  930000000
   1      489    45544   917165     91950497017     91951414182        14173810     729361      45061     930000         58     6    1400000   47433000  930000000  930000000
   1      489    45525   929978     91951414191     91952344170        15090984     883927      45061     930000         45     7    1400000   47433000  930000000  930000000
   1      489    45527   929991     91952344179     91953274170        16020971     883927      45061     930000         45     6    1400000   47433000  930000000  930000000
   1      489    45539   930007     91953274179     91954204186        16950971     811243      45061     930000         61     4    1400000   47433000  930000000  930000000
   1      489    45544  1014380     91954204195     91955218575        17880987     875173      45061     930000      84451     4    1400000   47433000  930000000  930000000
   1      489    45523   904664     91955218584     91956123248        18895376     799544      45061     930000      59124     4    1400000   47433000  930000000  930000000
   1      489    45520  1091130     91956123257     91957214386        19800049     824941      45061     930000     220262     4    1400000   47433000  930000000  930000000
   1      489    46355   809061     91957214395     91958023456        20891187     585018      45061     930000      99332     4    1400000   47433000  930000000  930000000
   1      489    45542   830701     91958023465     91958854166        21700257     476552      45061     930000         42     7    1400000   47433000  930000000  930000000
   1      489    45552  1002719     91958854215     91959856934        22531007     576032      45061     930000      72810     7    1400000   47433000  930000000  930000000
   1      489    45541   906030     91959856943     91960762974        23533735     802309      45061     930000      48850     4    1400000   47433000  930000000  930000000
   1      489    45522  1082693     91960762983     91961845676        24439775     835203      45061     930000     201551     4    1400000   47433000  930000000  930000000
   1      489    45525   780130     91961845684     91962625814        25522476     682478      45061     930000      51690     5    1400000   47433000  930000000  930000000
   1      489    45540  1184895     91962625823     91963810718        26302615     441653      45061     930000     306594     6    1400000   47433000  930000000  930000000
   1      489    45525   653466     91963810727     91964464193        27487519     577329      45061     930000      30067     6    1400000   47433000  930000000  930000000
   1      489    45523   948798     91964464202     91965413000        28140994     853923      45061     930000      48876     4    1400000   47433000  930000000  930000000
   1      489    45521  1369084     91965413009     91966782093        29089801     835160      45061     930000     487969     4    1400000   47433000  930000000  930000000
   1      489    45522   470025     91966782102     91967252127        30458894     396012      45061     930000      28003     7    1400000   47433000  930000000  930000000
   1      489    45522   989535     91967252136     91968241671        30928928     856037      45061     930000      87547     7    1400000   47433000  930000000  930000000
   1      489    45552   873092     91968241680     91969114772        31918472     580407      45061     930000      30648     4    1400000   47433000  930000000  930000000
   1      489    45548   994606     91969114781     91970109387        32791573     780560      45061     930000      95263     4    1400000   47433000  930000000  930000000
   1      489    45522   954801     91970109396     91971064197        33786188     788783      45061     930000     120072     4    1400000   47433000  930000000  930000000
   1      489    45528   809950     91971064206     91971874156        34740998     763915      45061     930000         31     4    1400000   47433000  930000000  930000000
   1      489    45544  1038313     91971874165     91972912477        35550957     875050      45061     930000     108353     4    1400000   47433000  930000000  930000000
   1      489    45559  1451368     91972912486     91974363854        36589278      72552      45061     930000     629730     4    1400000   47433000  930000000  930000000
   1      489    45548   459587     91974363863     91974823450        38040655     112578      45061     930000     159326     4    1400000   47433000  930000000  930000000
   1      489    45538   770708     91974823458     91975594166        38500250     715801      45061     930000         42     6    1400000   47433000  930000000  930000000
   1      489    45547  1175441     91975594175     91976769616        39270967     223868      45061     930000     245492     6    1400000   47433000  930000000  930000000
   1      489    45521   684548     91976769625     91977454173        40446417     638489      45061     930000         49     6    1400000   47433000  930000000  930000000
   1      489    45529   929984     91977454182     91978384166        41130974     883895      45061     930000         42     6    1400000   47433000  930000000  930000000
   1      489    45575   978782     91978384175     91979362958        42060967     690574      45061     930000      48833     6    1400000   47433000  930000000  930000000
   1      489    45526   881189     91979362966     91980244156        43039758     835191      45061     930000         31     4    1400000   47433000  930000000  930000000
   1      489    45525  1020022     91980244164     91981264187        43920957     883975      45061     930000      90062     4    1400000   47433000  930000000  930000000
   1      489    45540   839948     91981264229     91982104177        44941021     752443      45061     930000         53     7    1400000   47433000  930000000  930000000
   1      489    45525  1025973     91982104186     91983130159        45780978     884008      45061     930000      96035     7    1400000   47433000  930000000  930000000
   1      489    45523   969242     91983130168     91984099410        46806960     787872      45061     930000     135285     7    1400000   47433000  930000000  930000000
   1      489    45565   840481     91984099418     91984939899        47776210     649747      45061     930000      45775     7    1400000   47433000  930000000  930000000
   1      489    45537  1049912     91984939907     91985989819        48616700     829430      45061     930000     165695     7    1400000   47433000  930000000  930000000
   1      489    45523   764326     91985989828     91986754153        49666620     718348      45061     930000         29     7    1400000   47433000  930000000  930000000
   1      489    45525  1011550     91986754162     91987765712        50430954     883950      45061     930000      81588     4    1400000   47433000  930000000  930000000
   1      489    45571   900062     91987765721     91988665783        51442513     655620      45061     930000      51659     4    1400000   47433000  930000000  930000000
   1      489    45540   891123     91988665792     91989556915        52342584     583394      45061     930000      12791     4    1400000   47433000  930000000  930000000
   1      489    45519   917230     91989556924     91990474154        53233716     871183      45061     930000         30     4    1400000   47433000  930000000  930000000
   1      489    45540   930000     91990474162     91991404162        54150954     760923      45061     930000         38     5    1400000   47433000  930000000  930000000
   1      489    45528   929995     91991404171     91992334167        55080964     883959      45061     930000         42     4    1400000   47433000  930000000  930000000
   1      489    45583  1039810     91992334176     91993373986        56010968     666858      45061     930000     109862     4    1400000   47433000  930000000  930000000
   1      489    45544   862908     91993373995     91994236903        57050787     725326      45061     930000      42779     7    1400000   47433000  930000000  930000000
   1      489    45522   887245     91994236911     91995124156        57913704     841262      45061     930000         32     7    1400000   47433000  930000000  930000000
   1      489    45524   941491     91995124165     91996065656        58800957     883970      45061     930000      11532     7    1400000   47433000  930000000  930000000
