#idx     perf      run   period           start             end          rel_st      slack c_duration   c_period     wu_lat   cpu       freq dl_runtime  dl_period dl_deadline
   7     4858   455135   767136    105191628861    105192395997         4112012     200615     446963     970000     106539     6    1400000  470488000  970000000  970000000
   7     4858   451492   863517    105192396006    105193259523         4879157     407165     446963     970000         64     6    1400000  470488000  970000000  970000000
   7     4858   454487  1248610    105193259533    105194508144         5742684     204857     446963     970000     278685     6    1300000  470488000  970000000  970000000
   7     4858   456778   769677    105194508153    105195277830         6991303     229807     446963     970000      78371     6    1400000  470488000  970000000  970000000
   7     4858   454607   891676    105195277839    105196169515         7760989     432355     446963     970000         54     6    1400000  470488000  970000000  970000000
   7     4858   454941  1219360    105196169526    105197388886         8652677     203954     446963     970000     249427     6    1300000  470488000  970000000  970000000
   7     4858   454565   767755    105197388895    105198156651         9872046     261449     446963     970000      47192     6    1400000  470488000  970000000  970000000
   7     4858   454485   922843    105198156659    105199079503        10639810     463722     446963     970000         44     6    1400000  470488000  970000000  970000000
   7     4858   454672  1189438    105199079515    105200268954        11562666     204139     446963     970000     219495     6    1200000  470488000  970000000  970000000
   7     4858   454564   766267    105200268963    105201035229        12752113     291296     446963     970000      15771     6    1400000  470488000  970000000  970000000
   7     4858   452541   954278    105201035238    105201989517        13518389     497043     446963     970000         58     6    1400000  470488000  970000000  970000000
   7     4858   456519  1159906    105201989527    105203149433        14472677     202135     446963     970000     189975     6    1300000  470488000  970000000  970000000
   7     4858   454508   780082    105203149442    105203929525        15632593     320743     446963     970000         65     6    1400000  470488000  970000000  970000000
   7     4858   454816   969987    105203929535    105204899522        16412686     510787     446963     970000         63     6    1300000  470488000  970000000  970000000
   7     4858   455066  1129393    105204899533    105206028926        17382684     204068     446963     970000     159468     6    1300000  470488000  970000000  970000000
   7     4858   454576   810588    105206028935    105206839523        18512085     351297     446963     970000         63     6    1400000  470488000  970000000  970000000
   7     4858   454886   969991    105206839533    105207809524        19322684     510725     446963     970000         64     6    1300000  470488000  970000000  970000000
   7     4858   454741  1099266    105207809536    105208908802        20292687     204543     446963     970000     129343     6    1300000  470488000  970000000  970000000
   7     4858   454193   840719    105208908811    105209749530        21391961     382388     446963     970000         71     6    1400000  470488000  970000000  970000000
   7     4858   454825   969990    105209749540    105210719531        22232691     510426     446963     970000         71     6    1300000  470488000  970000000  970000000
   7     4858   458049  1079315    105210719540    105211798855        23202691     200803     446963     970000     109397     6    1300000  470488000  970000000  970000000
   7     4858   452843   860658    105211798864    105212659522        24282015     402980     446963     970000         62     6    1400000  470488000  970000000  970000000
   7     4858   457049   969978    105212659532    105213629510        25142683     508256     446963     970000         51     6    1300000  470488000  970000000  970000000
   7     4858   456049  1073789    105213629562    105214703351        26112713     203273     446963     970000     103893     6    1300000  470488000  970000000  970000000
   7     4858   452553   866151    105214703361    105215569512        27186511     409040     446963     970000         53     6    1400000  470488000  970000000  970000000
   7     4858   454473  1257927    105215569522    105216827449        28052672     204455     446963     970000     287990     6    1300000  470488000  970000000  970000000
   7     4858   454566   766712    105216827458    105217594169        29310608     222717     446963     970000      84711     6    1400000  470488000  970000000  970000000
   7     4858   452694   885343    105217594178    105218479521        30077329     427813     446963     970000         62     6    1400000  470488000  970000000  970000000
   7     4858   455190  1229939    105218479532    105219709471        30962683     203873     446963     970000     260012     6    1300000  470488000  970000000  970000000
   7     4858   456673   769246    105219709480    105220478726        32192630     248602     446963     970000      59268     6    1400000  470488000  970000000  970000000
   7     4858   453441   910785    105220478735    105221389520        32961886     452551     446963     970000         61     6    1400000  470488000  970000000  970000000
   7     4858   454954  1199461    105221389530    105222588990        33872680     204043     446963     970000     229532     6    1300000  470488000  970000000  970000000
   7     4858   454541   766606    105222588999    105223355605        35072150     281141     446963     970000      26147     6    1400000  470488000  970000000  970000000
   7     4858   451480   943912    105223355614    105224299525        35838764     487716     446963     970000         66     6    1400000  470488000  970000000  970000000
   7     4858   454661  1169364    105224299536    105225468901        36782687     204175     446963     970000     199442     6    1200000  470488000  970000000  970000000
   7     4858   454584   770623    105225468910    105226239532        37952060     311213     446963     970000         73     6    1400000  470488000  970000000  970000000
   7     4858   455350   969993    105226239542    105227209535        38722693     510351     446963     970000         76     6    1300000  470488000  970000000  970000000
   7     4858   456934  1140066    105227209545    105228349611        39692696     201642     446963     970000     170153     6    1300000  470488000  970000000  970000000
   7     4858   454528   799902    105228349620    105229149522        40832771     340685     446963     970000         63     6    1400000  470488000  970000000  970000000
   7     4858   454817   969987    105229149532    105230119519        41632682     510360     446963     970000         59     6    1300000  470488000  970000000  970000000
   7     4858   454422  1109441    105230119529    105231228970        42602680     204822     446963     970000     139512     6    1300000  470488000  970000000  970000000
   7     4858   456388   830524    105231228979    105232059504        43712130     369393     446963     970000         44     6    1400000  470488000  970000000  970000000
   7     4858   455899   970007    105232059516    105233029522        44542666     509611     446963     970000         62     6    1200000  470488000  970000000  970000000
   7     4858   456894  1079423    105233029533    105234108955        45512683     202047     446963     970000     109497     6    1300000  470488000  970000000  970000000
   7     4858   454636   860558    105234108964    105234969522        46592115     401198     446963     970000         62     6    1400000  470488000  970000000  970000000
   7     4858   454868   969969    105234969533    105235939502        47452684     510601     446963     970000         43     6    1300000  470488000  970000000  970000000
   7     4858   457893  1078700    105235939512    105237018211        48422662     200563     446963     970000     108753     6    1300000  470488000  970000000  970000000
   7     4858   454619   861273    105237018256    105237879529        49501407     401868     446963     970000         70     6    1400000  470488000  970000000  970000000
   7     4858   456645  1266867    105237879540    105239146407        50362691     202461     446963     970000     296949     6    1200000  470488000  970000000  970000000
   7     4858   454648   765975    105239146417    105239912391        51629567     214004     446963     970000      92933     6    1400000  470488000  970000000  970000000
   7     4858   451495   877120    105239912400    105240789521        52395551     420919     446963     970000         61     6    1400000  470488000  970000000  970000000
   7     4858   454476  1238036    105240789532    105242027567        53272682     204673     446963     970000     268109     6    1300000  470488000  970000000  970000000
   7     4858   454531   766813    105242027577    105242794389        54510727     242739     446963     970000      64931     6    1400000  470488000  970000000  970000000
   7     4858   451450   905123    105242794398    105243699522        55277549     449071     446963     970000         63     6    1400000  470488000  970000000  970000000
   7     4858   454476  1210742    105243699532    105244910274        56182683     204401     446963     970000     240816     6    1300000  470488000  970000000  970000000
   7     4858   456609   769219    105244910284    105245679503        57393434     268196     446963     970000      40045     6    1400000  470488000  970000000  970000000
   7     4858   455401   930016    105245679512    105246609528        58162663     469750     446963     970000         68     6    1400000  470488000  970000000  970000000
   7     4858   454962  1179306    105246609539    105247788845        59092690     204017     446963     970000     209386     6    1300000  470488000  970000000  970000000
   7     4858   454584   765387    105247788854    105248554241        60272004     301190     446963     970000       4783     6    1400000  470488000  970000000  970000000
   7     4858   453526   965275    105248554250    105249519526        61037401     507078     446963     970000         66     6    1400000  470488000  970000000  970000000
