#idx     perf      run   period           start             end          rel_st      slack c_duration   c_period     wu_lat   cpu       freq dl_runtime  dl_period dl_deadline
   2     1307   121525   535935     32038724237     32039260173         1793369     413120     120313     580000         43     7    1400000  126646000  580000000  580000000
   2     1307   121553   579990     32039260182     32039840171         2329313     457322     120313     580000         42     4    1400000  126646000  580000000  580000000
   2     1307   121538   579991     32039840181     32040420171         2909312     457381     120313     580000         42     7    1400000  126646000  580000000  580000000
   2     1307   121572   579997     32040420180     32041000177         3489312     457172     120313     580000         48     4    1400000  126646000  580000000  580000000
   2     1307   121546   579990     32041000186     32041580176         4069318     457285     120313     580000         47     6    1400000  126646000  580000000  580000000
   2     1307   121536   580002     32041580185     32042160187         4649317     457323     120313     580000         57     6    1400000  126646000  580000000  580000000
   2     1307   170211   579978     32042160199     32042740178         5229331     407945     120313     580000         48     6    1000000  126646000  580000000  580000000
   2     1307   128524   579981     32042740190     32043320171         5809322     450064     120313     580000         42     6    1000000  126646000  580000000  580000000
   2     1307   121551   580011     32043320180     32043900190         6389311     457253     120313     580000         60     7    1400000  126646000  580000000  580000000
   2     1307   170200   579975     32043900203     32044480179         6969335     357297     120313     580000         49     6    1000000  126646000  580000000  580000000
   2     1307   170198   580029     32044480191     32045060220         7549323     357451     120313     580000         91     6    1000000  126646000  580000000  580000000
   2     1307   130904   579961     32045060230     32045640190         8129361     447785     120313     580000         61     5    1300000  126646000  580000000  580000000
   2     1307   130897   579973     32045640200     32046220173         8709332     408921     120313     580000         44     6    1300000  126646000  580000000  580000000
   2     1307   130901   579990     32046220182     32046800172         9289314     447869     120313     580000         43     6    1300000  126646000  580000000  580000000
   2     1307   123838   579997     32046800182     32047380179         9869313     434821     120313     580000         50     4    1300000  126646000  580000000  580000000
   2     1307   121544   579998     32047380188     32047960186        10449319     414190     120313     580000         56     6    1400000  126646000  580000000  580000000
   2     1307   170191   579988     32047960198     32048540186        11029330     407963     120313     580000         55     6    1000000  126646000  580000000  580000000
   2     1307   170179   580006     32048540198     32049120204        11609330     357443     120313     580000         74     4    1000000  126646000  580000000  580000000
   2     1307   160451   597693     32049120216     32049717909        12189348     376591     120313     580000         54     4    1000000  126646000  580000000  580000000
   2     1307   121546   562254     32049717920     32050280174        12787052     439605     120313     580000         45     7    1400000  126646000  580000000  580000000
   2     1307   121562   580001     32050280183     32050860184        13349315     457229     120313     580000         54     4    1400000  126646000  580000000  580000000
   2     1307   170194   580008     32050860196     32051440204        13929328     407911     120313     580000         73     4    1000000  126646000  580000000  580000000
   2     1307   170232   579949     32051440217     32052020165        14509348     296837     120313     580000         36     6    1000000  126646000  580000000  580000000
   2     1307   139087   579961     32052020221     32052600182        15089352     439394     120313     580000         53     4    1100000  126646000  580000000  580000000
   2     1307   121548   579987     32052600192     32053180179        15669323     457281     120313     580000         49     4    1400000  126646000  580000000  580000000
   2     1307   154713   579985     32053180190     32053760175        16249322     423737     120313     580000         45     5    1100000  126646000  580000000  580000000
   2     1307   154703   640431     32053760186     32054400617        16829318     423734     120313     580000      60487     4    1100000  126646000  580000000  580000000
   2     1307   170173   519559     32054400630     32054920188        17469761     287114     120313     580000         58     5    1000000  126646000  580000000  580000000
   2     1307   170199   579983     32054920201     32055500184        17989332     407891     120313     580000         54     4    1000000  126646000  580000000  580000000
   2     1307   170182   579999     32055500196     32056080195        18569328     357568     120313     580000         65     4    1000000  126646000  580000000  580000000
   2     1307   170183   579968     32056080207     32056660175        19149339     408140     120313     580000         46     5    1000000  126646000  580000000  580000000
   2     1307   130894   579992     32056660185     32057240177        19729317     319995     120313     580000         48     4    1300000  126646000  580000000  580000000
   2     1307   144021   580503     32057240187     32057820689        20309318     434688     120313     580000        560     5    1300000  126646000  580000000  580000000
   2     1307   170191   579478     32057820701     32058400179        20889833     407332     120313     580000         50     6    1000000  126646000  580000000  580000000
   2     1307   121539   579993     32058400189     32058980181        21469320     338582     120313     580000         52     4    1400000  126646000  580000000  580000000
   2     1307   121525   580008     32058980190     32059560198        22049322     457444     120313     580000         68     5    1400000  126646000  580000000  580000000
   2     1307   141811   579965     32059560209     32060140174        22629341     394780     120313     580000         45     5    1200000  126646000  580000000  580000000
   2     1307   141824   579998     32060140185     32060720183        23209316     386456     120313     580000         53     5    1200000  126646000  580000000  580000000
   2     1307   154724   579980     32060720194     32061300174        23789326     423618     120313     580000         45     6    1100000  126646000  580000000  580000000
   2     1307   154729   579982     32061300186     32061880168        24369318     368686     120313     580000         38     5    1100000  126646000  580000000  580000000
   2     1307   154720   615055     32061880181     32062495236        24949313     423654     120313     580000      35107     6    1100000  126646000  580000000  580000000
   2     1307   154709   544936     32062495247     32063040184        25564379     388579     120313     580000         54     6    1100000  126646000  580000000  580000000
   2     1307   121562   579978     32063040193     32063620171        26109324     457213     120313     580000         42     4    1400000  126646000  580000000  580000000
   2     1307   152781   580049     32063620180     32064200228        26689311     375271     120313     580000         97     5    1400000  126646000  580000000  580000000
   2     1307   170219   579978     32064200241     32064780219        27269373     286962     120313     580000         89     6    1000000  126646000  580000000  580000000
   2     1307   141788   579949     32064780230     32065360178        27849361     436809     120313     580000         49     4    1200000  126646000  580000000  580000000
   2     1307   141780   579997     32065360188     32065940185        28429320     437022     120313     580000         55     5    1200000  126646000  580000000  580000000
   2     1307   170210   579945     32065940244     32066520189        29009375     407865     120313     580000         58     5    1000000  126646000  580000000  580000000
   2     1307   170202   579982     32066520201     32067100184        29589333     357578     120313     580000         54     5    1000000  126646000  580000000  580000000
   2     1307   170179   579992     32067100196     32067680188        30169328     408145     120313     580000         58     4    1000000  126646000  580000000  580000000
   2     1307   170179   579976     32067680201     32068260177        30749332     357519     120313     580000         46     4    1000000  126646000  580000000  580000000
   2     1307   158499   579988     32068260189     32068840177        31329321     291827     120313     580000         47     4    1000000  126646000  580000000  580000000
   2     1307   121550   579994     32068840185     32069420179        31909317     457297     120313     580000         50     5    1400000  126646000  580000000  580000000
   2     1307   160790   580015     32069420189     32070000204        32489320     366976     120313     580000         74     4    1400000  126646000  580000000  580000000
   2     1307   170187   630560     32070000217     32070630776        33069348     408068     120313     580000      50647     4    1000000  126646000  580000000  580000000
   2     1307   170174   529389     32070630789     32071160178        33699921     357292     120313     580000         48     4    1000000  126646000  580000000  580000000
   2     1307   170171   579987     32071160190     32071740177        34229322     347650     120313     580000         47     5    1000000  126646000  580000000  580000000
   2     1307   170194   579993     32071740189     32072320183        34809321     408036     120313     580000         51     5    1000000  126646000  580000000  580000000
   2     1307   170202   579990     32072320195     32072900185        35389326     347465     120313     580000         55     5    1000000  126646000  580000000  580000000
   2     1307   170201   590536     32072900198     32073490734        35969330     408035     120313     580000      10604     4    1000000  126646000  580000000  580000000
   2     1307   170178   569432     32073490746     32074060178        36559878     346914     120313     580000         48     4    1000000  126646000  580000000  580000000
   2     1307   170191   579986     32074060190     32074640176        37129322     347601     120313     580000         46     4    1000000  126646000  580000000  580000000
   2     1307   167872   579996     32074640189     32075220185        37709321     400893     120313     580000         55     5    1000000  126646000  580000000  580000000
   2     1307   130882   561093     32075239079     32075800172        38308211     429040     120313     580000         43     4    1300000  126646000  580000000  580000000
   2     1307   141541   579992     32075800182     32076380174        38869314     436989     120313     580000         45     4    1300000  126646000  580000000  580000000
   2     1307   141814   580053     32076380185     32076960238        39449317     394660     120313     580000        108     4    1200000  126646000  580000000  580000000
   2     1307   170185   579928     32076960251     32077540178        40029382     407927     120313     580000         48     5    1000000  126646000  580000000  580000000
   2     1307   170175   579992     32077540191     32078120183        40609323     357494     120313     580000         53     4    1000000  126646000  580000000  580000000
   2     1307   170186   579989     32078120195     32078700184        41189327     357635     120313     580000         54     4    1000000  126646000  580000000  580000000
   2     1307   170199   579981     32078700197     32079280178        41769329     407849     120313     580000         48     4    1000000  126646000  580000000  580000000
   2     1307   170176   579948     32079280236     32079860184        42349368     357506     120313     580000         54     4    1000000  126646000  580000000  580000000
   2     1307   170185   580006     32079860197     32080440202        42929328     407964     120313     580000         72     5    1000000  126646000  580000000  580000000
   2     1307   170530   579969     32080440215     32081020184        43509347     354988     120313     580000         54     4    1000000  126646000  580000000  580000000
   2     1307   164046   579987     32081020196     32081600183        44089328     413647     120313     580000         53     4    1000000  126646000  580000000  580000000
   2     1307   130898   579987     32081600193     32082180179        44669324     447809     120313     580000         49     5    1300000  126646000  580000000  580000000
   2     1307   170186   579993     32082180192     32082760185        45249323     357421     120313     580000         55     6    1000000  126646000  580000000  580000000
   2     1307   170193   579997     32082760197     32083340193        45829328     407961     120313     580000         64     6    1000000  126646000  580000000  580000000
   2     1307   141803   441393     32083478791     32083920184        46547923     298191     120313     580000         55     4    1200000  126646000  580000000  580000000
   2     1307   141802   579982     32083920194     32084500177        46989326     386446     120313     580000         47     5    1200000  126646000  580000000  580000000
   2     1307   170213   579989     32084500189     32085080178        47569321     407945     120313     580000         47     5    1000000  126646000  580000000  580000000
   2     1307   163497   579999     32085080190     32085660189        48149322     354269     120313     580000         59     5    1000000  126646000  580000000  580000000
   2     1307   141804   590441     32085660199     32086250641        48729331     436777     120313     580000      10511     6    1200000  126646000  580000000  580000000
   2     1307   141815   569512     32086250651     32086820163        49319783     426287     120313     580000         33     5    1200000  126646000  580000000  580000000
   2     1307   141824   580027     32086820173     32087400200        49889304     436782     120313     580000         70     4    1200000  126646000  580000000  580000000
   2     1307   121551   579969     32087400209     32087980178        50469341     457258     120313     580000         49     5    1400000  126646000  580000000  580000000
   2     1307   121549   579998     32087980187     32088560185        51049319     457265     120313     580000         55     5    1400000  126646000  580000000  580000000
   2     1307   170222   579987     32088560197     32089140185        51629329     407869     120313     580000         55     4    1000000  126646000  580000000  580000000
   2     1307   170187   580035     32089140197     32089720232        52209329     357583     120313     580000        102     4    1000000  126646000  580000000  580000000
   2     1307   170199   579924     32089720244     32090300168        52789376     407935     120313     580000         38     5    1000000  126646000  580000000  580000000
   2     1307   170193   580025     32090300181     32090880206        53369312     357671     120313     580000         75     4    1000000  126646000  580000000  580000000
   2     1307   170177   579965     32090880218     32091460183        53949350     408133     120313     580000         53     4    1000000  126646000  580000000  580000000
   2     1307   170180   579989     32091460196     32092040185        54529328     357479     120313     580000         55     4    1000000  126646000  580000000  580000000
   2     1307   170182   579987     32092040198     32092620185        55109330     357683     120313     580000         55     4    1000000  126646000  580000000  580000000
   2     1307   170187   579981     32092620197     32093200178        55689329     408063     120313     580000         48     5    1000000  126646000  580000000  580000000
   2     1307   171048   579950     32093200236     32093780187        56269368     356134     120313     580000         57     4    1000000  126646000  580000000  580000000
   2     1307   170205   580411     32093780200     32094360611        56849332     347603     120313     580000        482     4    1000000  126646000  580000000  580000000
   2     1307   165878   579556     32094360623     32094940179        57429755     356550     120313     580000         49     5    1000000  126646000  580000000  580000000
   2     1307   154697   579991     32094940190     32095520181        58009322     368837     120313     580000         51     5    1100000  126646000  580000000  580000000
   2     1307   170206   640453     32095520193     32096160646        58589325     408043     120313     580000      60516     5    1000000  126646000  580000000  580000000
   2     1307   170207   519519     32096160658     32096680178        59229790     297092     120313     580000         48     5    1000000  126646000  580000000  580000000
   2     1307   170200   579995     32096680191     32097260186        59749322     407989     120313     580000         55     4    1000000  126646000  580000000  580000000
   2     1307   170183   579990     32097260198     32097840188        60329330     357634     120313     580000         58     4    1000000  126646000  580000000  580000000
   2     1307   170199   579975     32097840201     32098420176        60909333     347709     120313     580000         46     4    1000000  126646000  580000000  580000000
   2     1307   170202   620448     32098420188     32099040637        61489320     408008     120313     580000      40507     5    1000000  126646000  580000000  580000000
   2     1307   170201   539529     32099040649     32099580178        62109780     316989     120313     580000         47     5    1000000  126646000  580000000  580000000
   2     1307   170208   579988     32099580190     32100160178        62649322     407955     120313     580000         48     4    1000000  126646000  580000000  580000000
   2     1307   170183   580001     32100160191     32100740192        63229322     357463     120313     580000         62     4    1000000  126646000  580000000  580000000
   2     1307   150156   580012     32100740204     32101320216        63809336     273919     120313     580000         87     5    1000000  126646000  580000000  580000000
   2     1307   121550   579963     32101320226     32101900189        64389358     457196     120313     580000         59     4    1400000  126646000  580000000  580000000
   2     1307   154690   580022     32101900200     32102480222        64969332     377974     120313     580000         93     4    1100000  126646000  580000000  580000000
   2     1307   154714   579943     32102480234     32103060177        65549365     423674     120313     580000         47     5    1100000  126646000  580000000  580000000
   2     1307   170566   579989     32103060189     32103640179        66129321     351167     120313     580000         49     4    1000000  126646000  580000000  580000000
   2     1307   170177   579992     32103640191     32104220183        66709323     408127     120313     580000         53     4    1000000  126646000  580000000  580000000
   2     1307   170204   579998     32104220196     32104800194        67289328     367886     120313     580000         64     4    1000000  126646000  580000000  580000000
   2     1307   170197   579969     32104800207     32105380176        67869338     347526     120313     580000         46     4    1000000  126646000  580000000  580000000
   2     1307   170179   579993     32105380188     32105960181        68449320     408130     120313     580000         50     5    1000000  126646000  580000000  580000000
   2     1307   170937   580001     32105960193     32106540194        69029325     356657     120313     580000         64     4    1000000  126646000  580000000  580000000
   2     1307   170179   600422     32106540250     32107140673        69609382     408009     120313     580000      20543     4    1000000  126646000  580000000  580000000
   2     1307   170932   559500     32107140685     32107700184        70209816     386794     120313     580000         54     5    1000000  126646000  580000000  580000000
   2     1307   170201   579998     32107700197     32108280195        70769329     347664     120313     580000         64     4    1000000  126646000  580000000  580000000
   2     1307   170480   579990     32108280210     32108860200        71349341     407573     120313     580000         69     5     900000  126646000  580000000  580000000
   2     1307   170222   579973     32108860212     32109440185        71929344     296871     120313     580000         55     5    1000000  126646000  580000000  580000000
   2     1307   170197   579976     32109440198     32110020174        72509329     407943     120313     580000         44     4    1000000  126646000  580000000  580000000
   2     1307   170204   579998     32110020186     32110600184        73089318     357676     120313     580000         54     4    1000000  126646000  580000000  580000000
   2     1307   170179   579981     32110600197     32111180178        73669329     408158     120313     580000         48     4    1000000  126646000  580000000  580000000
   2     1307   170188   640483     32111180190     32111820673        74249322     357541     120313     580000      60543     4    1000000  126646000  580000000  580000000
   2     1307   170180   519496     32111820686     32112340182        74889817     287088     120313     580000         52     4    1000000  126646000  580000000  580000000
   2     1307   170242   579985     32112340194     32112920179        75409326     407938     120313     580000         49     5    1000000  126646000  580000000  580000000
   2     1307   170180   580000     32112920191     32113500191        75989323     357565     120313     580000         61     5    1000000  126646000  580000000  580000000
   2     1307   170194   579975     32113500204     32114080178        76569335     408085     120313     580000         48     4    1000000  126646000  580000000  580000000
   2     1307   170188   579976     32114080191     32114660167        77149323     357730     120313     580000         37     5    1000000  126646000  580000000  580000000
   2     1307   170205   630501     32114660179     32115290680        77729311     347590     120313     580000      50550     5    1000000  126646000  580000000  580000000
   2     1307   170186   529487     32115290692     32115820179        78359824     357674     120313     580000         49     4    1000000  126646000  580000000  580000000
   2     1307   170198   579986     32115820191     32116400177        78889323     347705     120313     580000         47     5    1000000  126646000  580000000  580000000
   2     1307   170209   580031     32116400189     32116980220        79469321     407954     120313     580000         90     5    1000000  126646000  580000000  580000000
   2     1307   170675   579956     32116980234     32117560190        80049365     296221     120313     580000         60     4    1000000  126646000  580000000  580000000
   2     1307   170209   579982     32117560202     32118140185        80629334     347609     120313     580000         55     4    1000000  126646000  580000000  580000000
   2     1307   164128   579993     32118140197     32118720190        81209328     358698     120313     580000         60     5    1000000  126646000  580000000  580000000
   2     1307   154697   579977     32118720202     32119300179        81789334     368796     120313     580000         49     5    1100000  126646000  580000000  580000000
   2     1307   170197   620469     32119300191     32119920660        82369323     407912     120313     580000      40530     5    1000000  126646000  580000000  580000000
   2     1307   170209   539514     32119920671     32120460185        82989803     316974     120313     580000         55     5    1000000  126646000  580000000  580000000
   2     1307   170198   579929     32120460255     32121040184        83529386     407888     120313     580000         54     4    1000000  126646000  580000000  580000000
   2     1307   170191   580045     32121040196     32121620241        84109328     357731     120313     580000        111     4    1000000  126646000  580000000  580000000
   2     1307   170207   579978     32121620253     32122200232        84689385     286984     120313     580000        102     5    1000000  126646000  580000000  580000000
   2     1307   170189   579929     32122200244     32122780173        85269376     407954     120313     580000         43     4    1000000  126646000  580000000  580000000
   2     1307   170186   579999     32122780185     32123360184        85849317     357520     120313     580000         54     4    1000000  126646000  580000000  580000000
   2     1307   167080   579977     32123360197     32123940173        86429328     333348     120313     580000         44     4    1000000  126646000  580000000  580000000
   2     1307   121544   579995     32123940183     32124520178        87009314     421182     120313     580000         49     4    1400000  126646000  580000000  580000000
   2     1307   168696   579991     32124520187     32125100177        87589318     409741     120313     580000         47     4    1400000  126646000  580000000  580000000
   2     1307   170192   579992     32125100190     32125680181        88169321     357701     120313     580000         51     4    1000000  126646000  580000000  580000000
   2     1307   170176   579996     32125680194     32126260191        88749326     357781     120313     580000         61     4    1000000  126646000  580000000  580000000
   2     1307   170182   579963     32126260203     32126840166        89329335     408046     120313     580000         36     5    1000000  126646000  580000000  580000000
   2     1307   170176   580014     32126840179     32127420193        89909310     357545     120313     580000         63     4    1000000  126646000  580000000  580000000
