#idx     perf      run   period           start             end          rel_st      slack c_duration   c_period     wu_lat   cpu       freq dl_runtime  dl_period dl_deadline
   5       91     8553   108319    144218445598    144218553917         3984872      99534       8458     250000         45     6    1400000   10458000  250000000  250000000
   5       91     8552   249986    144218553927    144218803913         4093201     241230       8458     250000         40     6    1400000   10458000  250000000  250000000
   5       91     8555   250007    144218803922    144219053928         4343196     241210       8458     250000         57     5    1400000   10458000  250000000  250000000
   5       91     8556   159986    144219143931    144219303917         4683205     151206       8458     250000         45     5    1400000   10458000  250000000  250000000
   5       91     9210   249991    144219303926    144219553918         4843200     240568       8458     250000         46     5    1300000   10458000  250000000  250000000
   5       91     9207   249981    144219553927    144219803909         5093201     240596       8458     250000         37     4    1300000   10458000  250000000  250000000
   5       91     9978   232087    144219821836    144220053923         5361110     220886       8458     250000         49     6    1200000   10458000  250000000  250000000
   5       91     9996   306135    144220053934    144220360069         5593208     222929       8458     250000      56195     4    1200000   10458000  250000000  250000000
   5       91     9975   193837    144220360079    144220553916         5899353     183672       8458     250000         44     4    1200000   10458000  250000000  250000000
   5       91     9980   249990    144220553926    144220803916         6093200     239737       8458     250000         45     5    1200000   10458000  250000000  250000000
   5       91     9980   249981    144220803927    144221053907         6343201     239774       8458     250000         36     5    1200000   10458000  250000000  250000000
   5       91     9979   249993    144221053918    144221303910         6593192     239815       8458     250000         38     5    1200000   10458000  250000000  250000000
   5       91     9974   249996    144221303920    144221553916         6843194     239732       8458     250000         45     5    1200000   10458000  250000000  250000000
   5       91     9979   249988    144221553926    144221803915         7093200     239797       8458     250000         42     5    1200000   10458000  250000000  250000000
   5       91     9964   249995    144221803925    144222053920         7343199     239751       8458     250000         48     7    1200000   10458000  250000000  250000000
   5       91     9977   249993    144222053930    144222303923         7593204     239784       8458     250000         51     7    1200000   10458000  250000000  250000000
   5       91     9977   249983    144222303933    144222553916         7843207     239779       8458     250000         44     6    1200000   10458000  250000000  250000000
   5       91     9981   249978    144222553926    144222803904         8093200     239760       8458     250000         33     6    1200000   10458000  250000000  250000000
   5       91     9216   250002    144222803913    144223053916         8343188     188566       8458     250000         44     6    1300000   10458000  250000000  250000000
   5       91     9207   249988    144223053925    144223303913         8593199     240601       8458     250000         42     6    1300000   10458000  250000000  250000000
   5       91    10140   249995    144223303922    144223553917         8843196     239612       8458     250000         45     5    1300000   10458000  250000000  250000000
   5       91    10888   250015    144223553929    144223803943         9093203        -73       8458     250000          0     6    1100000   10458000  250000000  250000000
   5       91     9976   249998    144223803954    144224053952         9343228        -82       8458     250000          0     6    1200000   10458000  250000000  250000000
   5       91    10024   302064    144224054008    144224356072         9593282     239653       8458     250000      52200     5    1200000   10458000  250000000  250000000
   5       91     9973   197823    144224356083    144224553906         9895357     187670       8458     250000         34     6    1200000   10458000  250000000  250000000
   5       91     9976   306156    144224553916    144224860072        10093190     239781       8458     250000      56198     6    1200000   10458000  250000000  250000000
   5       91     9976   193836    144224860083    144225053919        10399357     183649       8458     250000         47     6    1200000   10458000  250000000  250000000
   5       91     9976   249998    144225053929    144225303927        10593203     239775       8458     250000         55     6    1200000   10458000  250000000  250000000
   5       91     9969   249970    144225303937    144225553907        10843211     239736       8458     250000         35     6    1200000   10458000  250000000  250000000
   5       91     9976   249993    144225553917    144225803910        11093191     239785       8458     250000         38     6    1200000   10458000  250000000  250000000
   5       91     9977   249992    144225803920    144226053912        11343194     239800       8458     250000         40     6    1200000   10458000  250000000  250000000
   5       91     9977   249988    144226053921    144226303909        11593195     239800       8458     250000         37     4    1200000   10458000  250000000  250000000
   5       91     9977   249997    144226303919    144226553916        11843193     239793       8458     250000         44     7    1200000   10458000  250000000  250000000
   5       91    10018   250000    144226553927    144226803928        12093201     229381       8458     250000         56     5    1200000   10458000  250000000  250000000
   5       91     9978   249980    144226803938    144227053918        12343212     239767       8458     250000         46     5    1200000   10458000  250000000  250000000
   5       91     9974   249992    144227053928    144227303920        12593202     239796       8458     250000         48     5    1200000   10458000  250000000  250000000
   5       91     9985   249980    144227303930    144227553910        12843204      91788       8458     250000         38     4    1200000   10458000  250000000  250000000
   5       91     9978   249993    144227553920    144227803913        13093194     239784       8458     250000         41     4    1200000   10458000  250000000  250000000
   5       91     9978   249992    144227803923    144228053915        13343197     239792       8458     250000         43     7    1200000   10458000  250000000  250000000
   5       91    10004   249983    144228053925    144228303908        13593199     239712       8458     250000         36     6    1200000   10458000  250000000  250000000
   5       91     9976   249988    144228303918    144228553906        13843192     239809       8458     250000         35     4    1200000   10458000  250000000  250000000
   5       91     9976   250035    144228553916    144228803951        14093190     239807       8458     250000         79     4    1200000   10458000  250000000  250000000
   5       91    10864   249985    144228803962    144229053947        14343236        -76       8458     250000          0     5    1100000   10458000  250000000  250000000
   5       91     9977   249960    144229053957    144229303917        14593231     239747       8458     250000         45     5    1200000   10458000  250000000  250000000
   5       91     9980   249992    144229303927    144229553919        14843201     239776       8458     250000         47     6    1200000   10458000  250000000  250000000
   5       91     9976   249990    144229553929    144229803920        15093203     239787       8458     250000         48     6    1200000   10458000  250000000  250000000
   5       91     9978   249977    144229803930    144230053907        15343204     239788       8458     250000         35     6    1200000   10458000  250000000  250000000
   5       91     9979   249962    144230053960    144230303922        15593234     239735       8458     250000         49     6    1200000   10458000  250000000  250000000
   5       91     9978   249977    144230303932    144230553909        15843206     239771       8458     250000         38     6    1200000   10458000  250000000  250000000
   5       91     9980   266142    144230553919    144230820062        16093193     239754       8458     250000      16190     6    1200000   10458000  250000000  250000000
   5       91     9973   233846    144230820072    144231053918        16359346     223684       8458     250000         46     6    1200000   10458000  250000000  250000000
   5       91     9206   249985    144231053928    144231303912        16593202     240606       8458     250000         41     6    1300000   10458000  250000000  250000000
   5       91     9979   250005    144231303923    144231553928        16843197     239791       8458     250000         56     4    1200000   10458000  250000000  250000000
   5       91     9977   249982    144231553938    144231803921        17093212     239767       8458     250000         48     7    1200000   10458000  250000000  250000000
   5       91    10906   249996    144231803932    144232053928        17343206        -57       8458     250000          0     7    1100000   10458000  250000000  250000000
   5       91    10001   250060    144232053938    144232303998        17593212       -127       8458     250000          0     7    1200000   10458000  250000000  250000000
   5       91     9975   249869    144232304051    144232553921        17843325     239702       8458     250000         48     5    1200000   10458000  250000000  250000000
   5       91    10884   250001    144232553932    144232803933        18093206        -62       8458     250000          0     5    1100000   10458000  250000000  250000000
   5       91    10873   249995    144232803944    144233053939        18343219        -69       8458     250000          0     6    1100000   10458000  250000000  250000000
   5       91    10886   250003    144233053950    144233303953        18593224        -82       8458     250000          0     4    1100000   10458000  250000000  250000000
   5       91    10879   249999    144233303964    144233553963        18843238        -92       8458     250000          0     4    1100000   10458000  250000000  250000000
   5       91     9972   362098    144233553973    144233916071        19093247     207677       8458     250000     112199     6    1200000   10458000  250000000  250000000
   5       91    10881   137850    144233916082    144234053932        19455356        -62       8458     250000          0     4    1100000   10458000  250000000  250000000
   5       91    10911   250567    144234053944    144234304511        19593218       -640       8458     250000          0     4    1100000   10458000  250000000  250000000
   5       91    10879   255538    144234304522    144234560060        19843796      -6189       8458     250000          0     4    1100000   10458000  250000000  250000000
   5       91    10880   243874    144234560070    144234803944        20099344        -74       8458     250000          0     4    1100000   10458000  250000000  250000000
   5       91    10897   299973    144234803955    144235103928        20343229     238806       8458     250000      50056     4    1100000   10458000  250000000  250000000
   5       91    10870   204135    144235103939    144235308074        20643213     133079       8458     250000       4202     5    1100000   10458000  250000000  250000000
   5       91    10879   245830    144235308085    144235553914        20847359     234755       8458     250000         42     5    1100000   10458000  250000000  250000000
   5       91    10899   294131    144235553925    144235848056        21093199     238820       8458     250000      44184     5    1100000   10458000  250000000  250000000
   5       91    10880   205803    144235848108    144236053910        21387382     194726       8458     250000         39     4    1100000   10458000  250000000  250000000
   5       91    10884   250002    144236053922    144236303923        21593196     238888       8458     250000         51     4    1100000   10458000  250000000  250000000
   5       91    10881   249984    144236303934    144236553918        21843208     231165       8458     250000         46     7    1100000   10458000  250000000  250000000
   5       91    10883   249986    144236553928    144236803915        22093202     238877       8458     250000         43     5    1100000   10458000  250000000  250000000
   5       91    10887   249984    144236803925    144237053909        22343199     238865       8458     250000         37     7    1100000   10458000  250000000  250000000
   5       91    10899   249991    144237053920    144237303911        22593194     218103       8458     250000         39     7    1100000   10458000  250000000  250000000
   5       91    10883   249992    144237303921    144237553913        22843196     238872       8458     250000         41     7    1100000   10458000  250000000  250000000
   5       91    10897   249984    144237553924    144237803908        23093198     238812       8458     250000         36     5    1100000   10458000  250000000  250000000
   5       91    10887   250000    144237803918    144238053918        23343192     183184       8458     250000         46     7    1100000   10458000  250000000  250000000
   5       91    10883   254149    144238053929    144238308078        23593203     238875       8458     250000       4206     5    1100000   10458000  250000000  250000000
   5       91    10880   245831    144238308089    144238553919        23847363     234760       8458     250000         47     5    1100000   10458000  250000000  250000000
   5       91    10883   249990    144238553930    144238803921        24093204     238866       8458     250000         49     5    1100000   10458000  250000000  250000000
   5       91    10883   249984    144238803932    144239053916        24343206     238870       8458     250000         44     5    1100000   10458000  250000000  250000000
   5       91    10884   250026    144239053926    144239303952        24593200     238869       8458     250000         80     7    1100000   10458000  250000000  250000000
   5       91    10896   249954    144239303964    144239553918        24843238     238774       8458     250000         46     4    1100000   10458000  250000000  250000000
   5       91    10887   249984    144239553928    144239803913        25093202     238866       8458     250000         41     4    1100000   10458000  250000000  250000000
   5       91    10882   249990    144239803923    144240053914        25343198     238887       8458     250000         42     5    1100000   10458000  250000000  250000000
   5       91    10902   249988    144240053925    144240303913        25593199     238838       8458     250000         41     4    1100000   10458000  250000000  250000000
   5       91    10885   249992    144240303925    144240553917        25843199     238861       8458     250000         45     4    1100000   10458000  250000000  250000000
   5       91    10881   249994    144240553928    144240803922        26093202     238885       8458     250000         48     7    1100000   10458000  250000000  250000000
   5       91    10898   249995    144240803932    144241053927        26343207     151197       8458     250000         55     7    1100000   10458000  250000000  250000000
   5       91    10885   249983    144241053939    144241303922        26593213     238847       8458     250000         50     5    1100000   10458000  250000000  250000000
   5       91    10884   249985    144241303933    144241553917        26843207     238867       8458     250000         45     5    1100000   10458000  250000000  250000000
   5       91    10918   249981    144241553928    144241803910        27093202     185244       8458     250000         38     4    1100000   10458000  250000000  250000000
   5       91    10879   249955    144241803962    144242053917        27343236     238839       8458     250000         45     4    1100000   10458000  250000000  250000000
   5       91    10897   249990    144242053928    144242303918        27593202     238828       8458     250000         46     7    1100000   10458000  250000000  250000000
   5       91    10898   249985    144242303929    144242553914        27843203     238814       8458     250000         42     4    1100000   10458000  250000000  250000000
   5       91    10883   261241    144242553925    144242815165        28093199     238881       8458     250000      11293     4    1100000   10458000  250000000  250000000
   5       91    10884   238734    144242815176    144243053910        28354450     227634       8458     250000         38     5    1100000   10458000  250000000  250000000
   5       91    10884   249994    144243053921    144243303915        28593195     238872       8458     250000         43     5    1100000   10458000  250000000  250000000
   5       91    10884   250005    144243303926    144243553930        28843200     238881       8458     250000         58     7    1100000   10458000  250000000  250000000
   5       91    10885   249966    144243553942    144243803907        29093216     238854       8458     250000         36     7    1100000   10458000  250000000  250000000
   5       91    10884   250004    144243803918    144244053923        29343192     238876       8458     250000         51     7    1100000   10458000  250000000  250000000
   5       91    10904   249975    144244053934    144244303909        29593208     238803       8458     250000         37     7    1100000   10458000  250000000  250000000
   5       91    10884   250001    144244303920    144244553921        29843194     238877       8458     250000         48     4    1100000   10458000  250000000  250000000
   5       91    10887   250000    144244553932    144244803931        30093206     238826       8458     250000         59     5    1100000   10458000  250000000  250000000
   5       91    10869   256116    144244803943    144245060058        30343217     238854       8458     250000       6186     7    1100000   10458000  250000000  250000000
   5       91    10879   243854    144245060069    144245303922        30599343     232770       8458     250000         50     7    1100000   10458000  250000000  250000000
   5       91    10899   249991    144245303934    144245553925        30843208     238816       8458     250000         53     7    1100000   10458000  250000000  250000000
   5       91    10884   249976    144245553936    144245803912        31093210     238853       8458     250000         40     7    1100000   10458000  250000000  250000000
   5       91    10883   249986    144245803923    144246053909        31343197     238895       8458     250000         37     7    1100000   10458000  250000000  250000000
   5       91    10901   250009    144246053919    144246303929        31593193     238831       8458     250000         57     7    1100000   10458000  250000000  250000000
   5       91    10872   249971    144246303939    144246553910        31843213     238860       8458     250000         38     5    1100000   10458000  250000000  250000000
   5       91    10902   250002    144246553921    144246803923        32093195     238814       8458     250000         51     5    1100000   10458000  250000000  250000000
   5       91    10901   249980    144246803935    144247053914        32343209     238825       8458     250000         43     7    1100000   10458000  250000000  250000000
   5       91    10886   249988    144247053925    144247303914        32593199     238874       8458     250000         42     7    1100000   10458000  250000000  250000000
   5       91    10884   249986    144247303925    144247553911        32843199     238864       8458     250000         39     4    1100000   10458000  250000000  250000000
   5       91    10908   249948    144247553962    144247803910        33093236     227514       8458     250000         38     4    1100000   10458000  250000000  250000000
   5       91    10884   256140    144247803921    144248060061        33343195     238888       8458     250000       6189     4    1100000   10458000  250000000  250000000
   5       91    10883   243849    144248060071    144248303920        33599345     232758       8458     250000         48     4    1100000   10458000  250000000  250000000
   5       91    10897   249986    144248303932    144248553918        33843206     238794       8458     250000         46     4    1100000   10458000  250000000  250000000
   5       91    10884   258133    144248553928    144248812061        34093202     238868       8458     250000       8189     7    1100000   10458000  250000000  250000000
   5       91    10879   241851    144248812071    144249053923        34351345     230772       8458     250000         51     7    1100000   10458000  250000000  250000000
   5       91    10900   249998    144249053933    144249303932        34593208     238823       8458     250000         59     7    1100000   10458000  250000000  250000000
   5       91    10868   249973    144249303943    144249553915        34843217     238850       8458     250000         43     7    1100000   10458000  250000000  250000000
   5       91    10883   250004    144249553926    144249803930        35093200     238877       8458     250000         58     5    1100000   10458000  250000000  250000000
   5       91    10881   260115    144249803941    144250064056        35343215     155423       8458     250000      10184     5    1100000   10458000  250000000  250000000
   5       91    10880   239845    144250064067    144250303911        35603341     228782       8458     250000         39     5    1100000   10458000  250000000  250000000
   5       91    10886   249992    144250303922    144250553915        35843197     238847       8458     250000         43     5    1100000   10458000  250000000  250000000
   5       91    10902   249983    144250553925    144250803908        36093199     181497       8458     250000         36     4    1100000   10458000  250000000  250000000
   5       91    10885   250012    144250803918    144251053930        36343192     238885       8458     250000         58     4    1100000   10458000  250000000  250000000
   5       91    10927   249972    144251053941    144251303914        36593215     238774       8458     250000         42     7    1100000   10458000  250000000  250000000
   5       91    10886   249999    144251303925    144251553923        36843199     183487       8458     250000         51     4    1100000   10458000  250000000  250000000
   5       91    10885   254126    144251553934    144251808060        37093208     238834       8458     250000       4188     4    1100000   10458000  250000000  250000000
   5       91    10881   245847    144251808070    144252053917        37347345     234766       8458     250000         46     4    1100000   10458000  250000000  250000000
   5       91    10883   249991    144252053928    144252303920        37593202     238884       8458     250000         48     7    1100000   10458000  250000000  250000000
   5       91    10883   284140    144252303930    144252588070        37843204     238878       8458     250000      34197     7    1100000   10458000  250000000  250000000
   5       91    10881   215846    144252588081    144252803927        38127356     204752       8458     250000         55     7    1100000   10458000  250000000  250000000
   5       91    10891   249976    144252803938    144253053915        38343212     238853       8458     250000         43     7    1100000   10458000  250000000  250000000
   5       91    10885   261250    144253053925    144253315175        38593199     238880       8458     250000      11303     5    1100000   10458000  250000000  250000000
   5       91    10884   238741    144253315185    144253553926        38854459     227627       8458     250000         54     5    1100000   10458000  250000000  250000000
   5       91    10886   249938    144253553978    144253803916        39093252     238815       8458     250000         44     5    1100000   10458000  250000000  250000000
   5       91    10886   249998    144253803928    144254053926        39343202     238860       8458     250000         54     4    1100000   10458000  250000000  250000000
   5       91    10884   249975    144254053937    144254303911        39593211     238858       8458     250000         40     4    1100000   10458000  250000000  250000000
   5       91    10882   249996    144254303922    144254553918        39843196     155622       8458     250000         46     4    1100000   10458000  250000000  250000000
   5       91    10885   249991    144254553928    144254803919        40093202     238878       8458     250000         47     7    1100000   10458000  250000000  250000000
   5       91    10883   249983    144254803930    144255053913        40343204     238862       8458     250000         41     5    1100000   10458000  250000000  250000000
   5       91    10895   249994    144255053924    144255303918        40593198     181603       8458     250000         46     5    1100000   10458000  250000000  250000000
   5       91    10884   256130    144255303929    144255560059        40843203     238859       8458     250000       6187     5    1100000   10458000  250000000  250000000
   5       91    10877   243853    144255560070    144255803922        41099344     149518       8458     250000         50     5    1100000   10458000  250000000  250000000
   5       91    10901   249975    144255803933    144256053908        41343207     238823       8458     250000         36     5    1100000   10458000  250000000  250000000
   5       91    10886   330021    144256053919    144256383940        41593193     238854       8458     250000      80068     7    1100000   10458000  250000000  250000000
   5       91    10880   169970    144256383951    144256553921        41923225     158839       8458     250000         49     5    1100000   10458000  250000000  250000000
   5       91    10903   249986    144256553932    144256803918        42093206     238821       8458     250000         46     5    1100000   10458000  250000000  250000000
   5       91    10881   245861    144256808055    144257053916        42347329     234780       8458     250000         44     5    1100000   10458000  250000000  250000000
   5       91    10884   249983    144257053927    144257303910        42593201     238872       8458     250000         38     4    1100000   10458000  250000000  250000000
   5       91    10881   249997    144257303921    144257553918        42843195     238875       8458     250000         46     4    1100000   10458000  250000000  250000000
   5       91    10882   249984    144257553929    144257803913        43093203     238879       8458     250000         41     7    1100000   10458000  250000000  250000000
   5       91    10885   249994    144257803924    144258053917        43343198     238868       8458     250000         45     4    1100000   10458000  250000000  250000000
   5       91    10903   249988    144258053929    144258303916        43593203     227616       8458     250000         44     4    1100000   10458000  250000000  250000000
   5       91    10883   250003    144258303927    144258553930        43843201     238865       8458     250000         58     5    1100000   10458000  250000000  250000000
   5       91    10887   249983    144258553941    144258803924        44093215     238837       8458     250000         52     4    1100000   10458000  250000000  250000000
   5       91    10891   260121    144258803935    144259064056        44343209     155670       8458     250000      10184     4    1100000   10458000  250000000  250000000
   5       91    10880   239847    144259064068    144259303915        44603342     228778       8458     250000         43     4    1100000   10458000  250000000  250000000
   5       91    10880   249960    144259303974    144259553934        44843248        -64       8458     250000          0     6    1100000   10458000  250000000  250000000
   5       91    10922   251045    144259553946    144259804991        45093221      -1120       8458     250000          0     7    1100000   10458000  250000000  250000000
   5       91    10905   248982    144259805002    144260053984        45344277       -113       8458     250000          0     7    1100000   10458000  250000000  250000000
   5       91    10815   302120    144260053996    144260356115        45593270     -52245       8458     250000          0     6    1100000   10458000  250000000  250000000
   5       91     9975   197834    144260356126    144260553960        45895400        -89       8458     250000          0     6    1200000   10458000  250000000  250000000
   5       91    10003   250105    144260553970    144260804075        46093244       -205       8458     250000          0     6    1200000   10458000  250000000  250000000
   5       91     9974   249887    144260804086    144261053973        46343360       -102       8458     250000          0     5    1200000   10458000  250000000  250000000
   5       91    10927   251058    144261053984    144261305042        46593258      -1171       8458     250000          0     5    1100000   10458000  250000000  250000000
   5       91    10899   248989    144261305053    144261554041        46844327       -171       8458     250000          0     5    1100000   10458000  250000000  250000000
   5       91    10894   249929    144261554052    144261803981        47093326       -110       8458     250000          0     5    1100000   10458000  250000000  250000000
   5       91    10898   250002    144261803991    144262053994        47343265       -123       8458     250000          0     7    1100000   10458000  250000000  250000000
   5       91    10884   266057    144262054004    144262320061        47593278     238797       8458     250000      16189     5    1100000   10458000  250000000  250000000
   5       91    10879   233845    144262320072    144262553916        47859346     222775       8458     250000         45     5    1100000   10458000  250000000  250000000
   5       91    10906   249982    144262553927    144262803909        48093201     238803       8458     250000         37     7    1100000   10458000  250000000  250000000
   5       91    10887   250010    144262803920    144263053930        48343194     238869       8458     250000         58     6    1100000   10458000  250000000  250000000
   5       91    10886   249979    144263053941    144263303920        48593216     238850       8458     250000         48     7    1100000   10458000  250000000  250000000
   5       91    10902   249987    144263303931    144263553918        48843205     238815       8458     250000         46     7    1100000   10458000  250000000  250000000
   5       91    10885   249983    144263553929    144263803912        49093203     238860       8458     250000         40     6    1100000   10458000  250000000  250000000
   5       91    10885   249994    144263803923    144264053917        49343197     238863       8458     250000         45     7    1100000   10458000  250000000  250000000
   5       91    10904   250009    144264053928    144264303937        49593202     238818       8458     250000         65     6    1100000   10458000  250000000  250000000
   5       91    10876   249964    144264303948    144264553912        49843222     238846       8458     250000         40     7    1100000   10458000  250000000  250000000
   5       91    10883   249986    144264553923    144264803909        50093197     238885       8458     250000         37     7    1100000   10458000  250000000  250000000
   5       91    10884   250000    144264803919    144265053919        50343193     238877       8458     250000         47     7    1100000   10458000  250000000  250000000
   5       91    10882   249986    144265053930    144265303916        50593204     238875       8458     250000         44     7    1100000   10458000  250000000  250000000
   5       91    10882   249944    144265303967    144265553911        50843241     238804       8458     250000         39     6    1100000   10458000  250000000  250000000
   5       91    10881   250000    144265553921    144265803922        51093195     238885       8458     250000         49     6    1100000   10458000  250000000  250000000
   5       91    10870   251256    144265803934    144266055190        51343208     238849       8458     250000       1318     6    1100000   10458000  250000000  250000000
   5       91    10882   248722    144266055200    144266303923        51594474     237608       8458     250000         51     6    1100000   10458000  250000000  250000000
   5       91    10887   249983    144266303934    144266553917        51843209     238866       8458     250000         45     6    1100000   10458000  250000000  250000000
   5       91    10883   249981    144266553928    144266803909        52093202     238867       8458     250000         37     5    1100000   10458000  250000000  250000000
   5       91    10883   250005    144266803919    144267053924        52343193     238893       8458     250000         52     5    1100000   10458000  250000000  250000000
   5       91    10885   306132    144267053935    144267360067        52593209     238853       8458     250000      56195     5    1100000   10458000  250000000  250000000
   5       91    10880   193845    144267360077    144267553922        52899352     182766       8458     250000         50     7    1100000   10458000  250000000  250000000
   5       91    10882   249996    144267553933    144267803929        53093207     238874       8458     250000         57     7    1100000   10458000  250000000  250000000
   5       91    10870   249976    144267803940    144268053917        53343214     155866       8458     250000         45     5    1100000   10458000  250000000  250000000
   5       91    10886   249990    144268053927    144268303917        53593201     238857       8458     250000         45     6    1100000   10458000  250000000  250000000
   5       91    10886   249990    144268303927    144268553917        53843201     238881       8458     250000         45     7    1100000   10458000  250000000  250000000
   5       91    10881   249994    144268553928    144268803923        54093202     185962       8458     250000         51     5    1100000   10458000  250000000  250000000
   5       91    10884   249983    144268803934    144269053917        54343208     238863       8458     250000         45     5    1100000   10458000  250000000  250000000
   5       91    10883   249999    144269053928    144269303926        54593202     238887       8458     250000         54     7    1100000   10458000  250000000  250000000
   5       91    10883   249979    144269303937    144269553916        54843211     183935       8458     250000         44     7    1100000   10458000  250000000  250000000
   5       91    10885   282149    144269553926    144269836075        55093201     238874       8458     250000      32203     6    1100000   10458000  250000000  250000000
   5       91    10879   217850    144269836086    144270053936        55375360     206752       8458     250000         64     6    1100000   10458000  250000000  250000000
   5       91    10884   249970    144270053947    144270303917        55593221     238856       8458     250000         45     6    1100000   10458000  250000000  250000000
   5       91    10882   249990    144270303928    144270553918        55843202     238882       8458     250000         46     7    1100000   10458000  250000000  250000000
   5       91    10885   249988    144270553929    144270803917        56093203     238857       8458     250000         45     6    1100000   10458000  250000000  250000000
   5       91    10894   249983    144270803929    144271053912        56343203     183946       8458     250000         40     5    1100000   10458000  250000000  250000000
   5       91    10883   249954    144271053962    144271303916        56593236     238838       8458     250000         44     5    1100000   10458000  250000000  250000000
   5       91    10885   249988    144271303927    144271553915        56843201     238878       8458     250000         43     6    1100000   10458000  250000000  250000000
   5       91    10901   249989    144271553926    144271803915        57093200     238834       8458     250000         43     5    1100000   10458000  250000000  250000000
   5       91    10885   249986    144271803926    144272053911        57343200     238867       8458     250000         39     5    1100000   10458000  250000000  250000000
   5       91    10886   249996    144272053922    144272303918        57593196     238852       8458     250000         46     7    1100000   10458000  250000000  250000000
   5       91    10899   249998    144272303929    144272553927        57843203     158820       8458     250000         54     7    1100000   10458000  250000000  250000000
   5       91    10887   249973    144272553938    144272803911        58093212     238854       8458     250000         39     6    1100000   10458000  250000000  250000000
   5       91    10885   249994    144272803922    144273053917        58343196     238888       8458     250000         45     6    1100000   10458000  250000000  250000000
   5       91    10899   249992    144273053927    144273303919        58593201     238835       8458     250000         47     7    1100000   10458000  250000000  250000000
   5       91    10884   249981    144273303930    144273553911        58843204     238854       8458     250000         39     6    1100000   10458000  250000000  250000000
   5       91    10883   250004    144273553921    144273803925        59093195     238887       8458     250000         53     6    1100000   10458000  250000000  250000000
   5       91    10886   249975    144273803936    144274053911        59343210     238851       8458     250000         39     6    1100000   10458000  250000000  250000000
   5       91    10883   314152    144274053921    144274368074        59593196     238891       8458     250000      64202     6    1100000   10458000  250000000  250000000
   5       91    10880   185841    144274368084    144274553925        59907359     174757       8458     250000         52     6    1100000   10458000  250000000  250000000
   5       91    10886   249994    144274553936    144274803930        60093210     238857       8458     250000         58     6    1100000   10458000  250000000  250000000
   5       91    10865   249967    144274803942    144275053909        60343216     238848       8458     250000         37     5    1100000   10458000  250000000  250000000
   5       91    10882   249988    144275053920    144275303908        60593194     238885       8458     250000         36     5    1100000   10458000  250000000  250000000
   5       91    10883   250003    144275303919    144275553921        60843193     238878       8458     250000         49     5    1100000   10458000  250000000  250000000
   5       91    10902   249986    144275553932    144275803918        61093206     238803       8458     250000         46     5    1100000   10458000  250000000  250000000
   5       91    10885   249994    144275803928    144276053922        61343202     238870       8458     250000         50     5    1100000   10458000  250000000  250000000
   5       91    10884   249993    144276053932    144276303925        61593206     238846       8458     250000         53     5    1100000   10458000  250000000  250000000
   5       91    10884   256120    144276303936    144276560056        61843210     238864       8458     250000       6184     5    1100000   10458000  250000000  250000000
   5       91    10880   243863    144276560067    144276803930        62099341     232777       8458     250000         57     5    1100000   10458000  250000000  250000000
   5       91    10907   249984    144276803942    144277053926        62343216     238773       8458     250000         53     5    1100000   10458000  250000000  250000000
   5       91    10882   249927    144277053982    144277303909        62593256     238809       8458     250000         37     5    1100000   10458000  250000000  250000000
   5       91    10884   249992    144277303920    144277553912        62843194     238885       8458     250000         40     5    1100000   10458000  250000000  250000000
   5       91    10902   250018    144277553923    144277803941        63093197     238826       8458     250000         68     5    1100000   10458000  250000000  250000000
   5       91    10881   249959    144277803952    144278053910        63343226     238829       8458     250000         38     6    1100000   10458000  250000000  250000000
   5       91    10884   249994    144278053921    144278303915        63593195     238863       8458     250000         43     6    1100000   10458000  250000000  250000000
   5       91    10900   250001    144278303926    144278553927        63843200     238829       8458     250000         55     5    1100000   10458000  250000000  250000000
   5       91    10884   249980    144278553938    144278803917        64093212     238854       8458     250000         45     7    1100000   10458000  250000000  250000000
   5       91    10885   249987    144278803928    144279053914        64343202     238872       8458     250000         42     5    1100000   10458000  250000000  250000000
   5       91    10891   249998    144279053925    144279303923        64593199     197415       8458     250000         51     6    1100000   10458000  250000000  250000000
   5       91    10881   249978    144279303934    144279553912        64843208     238874       8458     250000         40     5    1100000   10458000  250000000  250000000
   5       91    10886   250002    144279553923    144279803926        65093197     238840       8458     250000         54     6    1100000   10458000  250000000  250000000
   5       91    10888   249978    144279803937    144280053915        65343211     238845       8458     250000         43     6    1100000   10458000  250000000  250000000
   5       91    10884   258130    144280053926    144280312056        65593201     238867       8458     250000       8184     7    1100000   10458000  250000000  250000000
   5       91    10882   241854    144280312067    144280553921        65851341     230775       8458     250000         47     7    1100000   10458000  250000000  250000000
   5       91    10899   249976    144280553932    144280803908        66093206     238800       8458     250000         36     7    1100000   10458000  250000000  250000000
   5       91    10885   250001    144280803920    144281053921        66343195     238860       8458     250000         50     6    1100000   10458000  250000000  250000000
   5       91    10883   250001    144281053932    144281303933        66593206     238857       8458     250000         61     6    1100000   10458000  250000000  250000000
   5       91    10920   249974    144281303944    144281553918        66843218     198810       8458     250000         46     5    1100000   10458000  250000000  250000000
   5       91    10885   249987    144281553929    144281803916        67093203     238871       8458     250000         44     5    1100000   10458000  250000000  250000000
   5       91    10883   249988    144281803927    144282053915        67343201     238876       8458     250000         43     6    1100000   10458000  250000000  250000000
   5       91    10878   249995    144282053926    144282303921        67593200     186277       8458     250000         50     5    1100000   10458000  250000000  250000000
   5       91    10883   249982    144282303932    144282553914        67843206     238858       8458     250000         42     5    1100000   10458000  250000000  250000000
   5       91    10886   274139    144282553925    144282828065        68093199     238849       8458     250000      24193     6    1100000   10458000  250000000  250000000
   5       91    10881   225806    144282828116    144283053922        68367390     214729       8458     250000         50     6    1100000   10458000  250000000  250000000
   5       91    10883   258134    144283053933    144283312068        68593207     238883       8458     250000       8196     6    1100000   10458000  250000000  250000000
   5       91    10880   241836    144283312079    144283553914        68851353     230766       8458     250000         42     6    1100000   10458000  250000000  250000000
   5       91    10884   249986    144283553925    144283803911        69093199     238870       8458     250000         39     7    1100000   10458000  250000000  250000000
   5       91    10883   284148    144283803922    144284088070        69343196     238876       8458     250000      34198     7    1100000   10458000  250000000  250000000
   5       91    10880   215842    144284088080    144284303922        69627354     204765       8458     250000         50     7    1100000   10458000  250000000  250000000
   5       91    10882   249985    144284303933    144284553918        69843207     238879       8458     250000         46     7    1100000   10458000  250000000  250000000
   5       91    10883   261235    144284553929    144284815164        70093203     238880       8458     250000      11292     6    1100000   10458000  250000000  250000000
   5       91    10883   238747    144284815175    144285053922        70354449     227630       8458     250000         50     5    1100000   10458000  250000000  250000000
   5       91    10883   249982    144285053933    144285303915        70593207     238876       8458     250000         43     5    1100000   10458000  250000000  250000000
   5       91    10882   249996    144285303926    144285553921        70843200     238888       8458     250000         49     7    1100000   10458000  250000000  250000000
   5       91    10884   249986    144285553933    144285803919        71093207     238857       8458     250000         46     6    1100000   10458000  250000000  250000000
   5       91    10891   249988    144285803929    144286053917        71343203     156356       8458     250000         45     5    1100000   10458000  250000000  250000000
   5       91    10884   249994    144286053928    144286303922        71593203     238875       8458     250000         50     7    1100000   10458000  250000000  250000000
   5       91    10880   249982    144286303933    144286553915        71843207     238877       8458     250000         43     7    1100000   10458000  250000000  250000000
   5       91    10904   249995    144286553926    144286803921        72093200     182365       8458     250000         49     6    1100000   10458000  250000000  250000000
   5       91    10885   256132    144286803932    144287060063        72343206     238857       8458     250000       6191     6    1100000   10458000  250000000  250000000
   5       91    10882   243835    144287060074    144287303909        72599348     232751       8458     250000         37     6    1100000   10458000  250000000  250000000
   5       91    10900   249987    144287303920    144287553908        72843194     238826       8458     250000         36     6    1100000   10458000  250000000  250000000
   5       91    10884   330023    144287553919    144287883941        73093193     238877       8458     250000      80070     7    1100000   10458000  250000000  250000000
   5       91    10879   169958    144287883952    144288053911        73423226     158841       8458     250000         39     5    1100000   10458000  250000000  250000000
   5       91    10882   249993    144288053922    144288303915        73593196     238871       8458     250000         43     5    1100000   10458000  250000000  250000000
   5       91    10885   249991    144288303926    144288553917        73843200     238860       8458     250000         44     5    1100000   10458000  250000000  250000000
   5       91    10884   249981    144288553928    144288803909        74093202     238880       8458     250000         36     6    1100000   10458000  250000000  250000000
   5       91    10880   249954    144288803961    144289053916        74343235     238830       8458     250000         44     6    1100000   10458000  250000000  250000000
   5       91    10883   249988    144289053926    144289303914        74593200     238889       8458     250000         42     7    1100000   10458000  250000000  250000000
   5       91    10884   249992    144289303925    144289553917        74843199     238869       8458     250000         45     6    1100000   10458000  250000000  250000000
   5       91    10909   249988    144289553928    144289803916        75093202     127105       8458     250000         44     7    1100000   10458000  250000000  250000000
   5       91    10882   249989    144289803927    144290053916        75343201     238877       8458     250000         44     7    1100000   10458000  250000000  250000000
   5       91    10883   249988    144290053928    144290303916        75593202     238867       8458     250000         44     6    1100000   10458000  250000000  250000000
   5       91    10905   264148    144290303927    144290568075        75843201     180448       8458     250000      14203     7    1100000   10458000  250000000  250000000
   5       91    10880   235830    144290568085    144290803915        76107359     224765       8458     250000         43     7    1100000   10458000  250000000  250000000
   5       91    10886   249983    144290803927    144291053909        76343201     238856       8458     250000         37     6    1100000   10458000  250000000  250000000
   5       91    10884   249991    144291053920    144291303911        76593194     238875       8458     250000         39     6    1100000   10458000  250000000  250000000
   5       91    10884   249988    144291303922    144291553910        76843196     238900       8458     250000         37     6    1100000   10458000  250000000  250000000
   5       91    10882   250012    144291553921    144291803933        77093195     238884       8458     250000         61     6    1100000   10458000  250000000  250000000
   5       91    10898   249966    144291803944    144292053910        77343218     184437       8458     250000         38     5    1100000   10458000  250000000  250000000
   5       91    10883   249989    144292053921    144292303910        77593195     238892       8458     250000         38     5    1100000   10458000  250000000  250000000
   5       91    10883   250000    144292303921    144292553921        77843195     238892       8458     250000         49     5    1100000   10458000  250000000  250000000
   5       91    10883   249992    144292553932    144292803924        78093206     238867       8458     250000         52     5    1100000   10458000  250000000  250000000
   5       91    10881   249976    144292803935    144293053912        78343209     238878       8458     250000         40     5    1100000   10458000  250000000  250000000
   5       91    10883   249988    144293053922    144293303910        78593196     238891       8458     250000         38     5    1100000   10458000  250000000  250000000
   5       91    10885   249993    144293303921    144293553914        78843195     238889       8458     250000         42     5    1100000   10458000  250000000  250000000
   5       91    10886   266128    144293553924    144293820053        79093199     238831       8458     250000      16181     7    1100000   10458000  250000000  250000000
   5       91    10881   233852    144293820063    144294053916        79359338     222752       8458     250000         44     7    1100000   10458000  250000000  250000000
   5       91    10901   249983    144294053926    144294303909        79593200     238832       8458     250000         38     6    1100000   10458000  250000000  250000000
   5       91    10883   260134    144294303921    144294564054        79843195     238886       8458     250000      10182     7    1100000   10458000  250000000  250000000
   5       91    10883   239845    144294564065    144294803910        80103339     228782       8458     250000         38     7    1100000   10458000  250000000  250000000
   5       91    10900   249954    144294803961    144295053915        80343235     238767       8458     250000         44     7    1100000   10458000  250000000  250000000
   5       91    10881   250006    144295053926    144295303932        80593200     238892       8458     250000         60     7    1100000   10458000  250000000  250000000
   5       91    10876   249978    144295303944    144295553922        80843218     238854       8458     250000         50     6    1100000   10458000  250000000  250000000
   5       91    10882   249985    144295553933    144295803917        81093207     238871       8458     250000         45     6    1100000   10458000  250000000  250000000
   5       91    10883   249992    144295803928    144296053920        81343202     238888       8458     250000         48     5    1100000   10458000  250000000  250000000
   5       91    10882   249983    144296053931    144296303915        81593205     238874       8458     250000         43     5    1100000   10458000  250000000  250000000
   5       91    10900   249984    144296303926    144296553910        81843200     184563       8458     250000         38     7    1100000   10458000  250000000  250000000
   5       91    10905   249989    144296553921    144296803910        82093195     238798       8458     250000         38     7    1100000   10458000  250000000  250000000
   5       91    10884   249993    144296803921    144297053914        82343195     238871       8458     250000         42     5    1100000   10458000  250000000  250000000
   5       91    10886   249983    144297053925    144297303908        82593199     238836       8458     250000         36     6    1100000   10458000  250000000  250000000
   5       91    10886   340156    144297303919    144297644075        82843193     238867       8458     250000      90203     6    1100000   10458000  250000000  250000000
   5       91    10880   159824    144297644086    144297803910        83183360     148760       8458     250000         38     5    1100000   10458000  250000000  250000000
   5       91    10884   249990    144297803921    144298053910        83343195     238859       8458     250000         38     5    1100000   10458000  250000000  250000000
   5       91    10882   254143    144298053921    144298308064        83593195     238888       8458     250000       4192     5    1100000   10458000  250000000  250000000
   5       91    10880   245833    144298308075    144298553908        83847349     234771       8458     250000         36     5    1100000   10458000  250000000  250000000
   5       91    10902   249999    144298553919    144298803918        84093193     238836       8458     250000         45     5    1100000   10458000  250000000  250000000
   5       91    10896   205813    144298848097    144299053911        84387371     194684       8458     250000         39     6    1100000   10458000  250000000  250000000
   5       91    10882   249994    144299053921    144299303916        84593196     238889       8458     250000         44     5    1100000   10458000  250000000  250000000
   5       91    10904   249983    144299303927    144299553909        84843201     178844       8458     250000         37     7    1100000   10458000  250000000  250000000
   5       91    10884   249995    144299553920    144299803915        85093194     238890       8458     250000         43     6    1100000   10458000  250000000  250000000
   5       91    10885   249991    144299803926    144300053917        85343200     238863       8458     250000         45     5    1100000   10458000  250000000  250000000
   5       91    10899   249982    144300053927    144300303909        85593201     219618       8458     250000         37     7    1100000   10458000  250000000  250000000
   5       91    10883   249997    144300303920    144300553917        85843194     238887       8458     250000         45     7    1100000   10458000  250000000  250000000
   5       91    10887   249950    144300553967    144300803917        86093241     238823       8458     250000         45     5    1100000   10458000  250000000  250000000
   5       91    10899   249989    144300803927    144301053916        86343201     184657       8458     250000         44     7    1100000   10458000  250000000  250000000
   5       91    10886   314146    144301053927    144301368073        86593201     238856       8458     250000      64201     6    1100000   10458000  250000000  250000000
   5       91    10883   185838    144301368084    144301553922        86907358     174738       8458     250000         50     6    1100000   10458000  250000000  250000000
   5       91    10881   249976    144301553933    144301803908        87093207     238885       8458     250000         36     6    1100000   10458000  250000000  250000000
   5       91    10883   249993    144301803919    144302053912        87343193     238875       8458     250000         41     6    1100000   10458000  250000000  250000000
   5       91    10883   250007    144302053923    144302303930        87593197     238887       8458     250000         58     6    1100000   10458000  250000000  250000000
   5       91    10876   249976    144302303941    144302553918        87843215     204732       8458     250000         46     7    1100000   10458000  250000000  250000000
   5       91    10883   249988    144302553928    144302803916        88093203     238871       8458     250000         44     5    1100000   10458000  250000000  250000000
   5       91    10886   249993    144302803927    144303053920        88343201     238864       8458     250000         48     7    1100000   10458000  250000000  250000000
   5       91    10883   249992    144303053930    144303303922        88593204     238880       8458     250000         50     7    1100000   10458000  250000000  250000000
   5       91    10882   249982    144303303933    144303553915        88843207     238870       8458     250000         43     7    1100000   10458000  250000000  250000000
   5       91    10885   249990    144303553926    144303803916        89093200     238859       8458     250000         44     6    1100000   10458000  250000000  250000000
   5       91    10898   249981    144303803927    144304053908        89343201     178835       8458     250000         36     5    1100000   10458000  250000000  250000000
   5       91    10887   249995    144304053920    144304303915        89593194     238851       8458     250000         43     7    1100000   10458000  250000000  250000000
   5       91    10883   249991    144304303926    144304553917        89843200     238879       8458     250000         45     6    1100000   10458000  250000000  250000000
   5       91    10887   249993    144304553928    144304803921        90093202     238821       8458     250000         49     7    1100000   10458000  250000000  250000000
   5       91    10884   249985    144304803932    144305053917        90343206     238878       8458     250000         45     6    1100000   10458000  250000000  250000000
   5       91    10882   249990    144305053928    144305303918        90593202     238883       8458     250000         46     5    1100000   10458000  250000000  250000000
   5       91    10882   249988    144305303929    144305553917        90843203     238877       8458     250000         45     7    1100000   10458000  250000000  250000000
   5       91    10883   258135    144305553928    144305812063        91093202     238864       8458     250000       8191     6    1100000   10458000  250000000  250000000
   5       91    10882   241835    144305812074    144306053909        91351348     230751       8458     250000         37     6    1100000   10458000  250000000  250000000
   5       91    10921   249988    144306053920    144306303908        91593194     238840       8458     250000         36     6    1100000   10458000  250000000  250000000
   5       91    10882   249989    144306303919    144306553908        91843193     238877       8458     250000         36     7    1100000   10458000  250000000  250000000
   5       91    10883   249949    144306553962    144306803911        92093236     238827       8458     250000         39     7    1100000   10458000  250000000  250000000
   5       91    10891   249988    144306803922    144307053910        92343196     180874       8458     250000         38     7    1100000   10458000  250000000  250000000
   5       91    10903   249988    144307053921    144307303909        92593195     238819       8458     250000         38     7    1100000   10458000  250000000  250000000
   5       91    10884   249995    144307303920    144307553915        92843194     238890       8458     250000         43     5    1100000   10458000  250000000  250000000
