#idx     perf      run   period           start             end          rel_st      slack c_duration   c_period     wu_lat   cpu       freq dl_runtime  dl_period dl_deadline
  13      443    41255   452990    169824146708    169824599697         5725125     311186      40823     580000         35     6    1400000   42972000  580000000  580000000
  13      443    41268   580003    169824599707    169825179710         6178125     534759      40823     580000         46     7    1400000   42972000  580000000  580000000
  13      443    41251   579988    169825179718    169825759706         6758136     538238      40823     580000         44     7    1400000   42972000  580000000  580000000
  13      443    41244   579986    169825759715    169826339701         7338133     538259      40823     580000         39     7    1400000   42972000  580000000  580000000
  13      443    41248   579992    169826339710    169826919702         7918128     538244      40823     580000         39     4    1400000   42972000  580000000  580000000
  13      443    41248   580021    169826919711    169827499733         8498129     538205      40823     580000         69     6    1400000   42972000  580000000  580000000
  13      443    41269   579975    169827499742    169828079716         9078160     538111      40823     580000         52     7    1400000   42972000  580000000  580000000
  13      443    41258   579982    169828079726    169828659708         9658144     538130      40823     580000         45     6    1400000   42972000  580000000  580000000
  13      443    44435   580587    169828659717    169829240304        10238135       -642      40823     580000          0     7    1300000   42972000  580000000  580000000
  13      443    44414   579395    169829240314    169829819709        10818731     534530      40823     580000         45     7    1300000   42972000  580000000  580000000
  13      443    44401   580572    169829819718    169830400290        11398135       -628      40823     580000          0     5    1300000   42972000  580000000  580000000
  13      443    41248   579453    169830400299    169830979751        11978716     537692      40823     580000         38     5    1400000   42972000  580000000  580000000
  13      443    44439   579946    169830979761    169831559708        12558179     528965      40823     580000         44     6    1300000   42972000  580000000  580000000
  13      443    44441   580000    169831559717    169832139717        13138135     505012      40823     580000         54     4    1300000   42972000  580000000  580000000
  13      443    44436   579975    169832139726    169832719701        13718144     489553      40823     580000         38     5    1300000   42972000  580000000  580000000
  13      443    41245   580006    169832719710    169833299716        14298127     538210      40823     580000         53     7    1400000   42972000  580000000  580000000
  13      443    44422   579970    169833299725    169833879695        14878143     535031      40823     580000         33     5    1300000   42972000  580000000  580000000
  13      443    41246   586993    169833879704    169834466697        15458122     538224      40823     580000       7035     5    1400000   42972000  580000000  580000000
  13      443    41249   572999    169834466706    169835039705        16045124     531280      40823     580000         42     5    1400000   42972000  580000000  580000000
  13      443    41271   579999    169835039714    169835619713        16618132     538186      40823     580000         50     5    1400000   42972000  580000000  580000000
  13      443    41272   580000    169835619722    169836199721        17198139     538079      40823     580000         59     4    1400000   42972000  580000000  580000000
  13      443    41245   579983    169836199731    169836779714        17778148     538249      40823     580000         51     7    1400000   42972000  580000000  580000000
  13      443    44441   580574    169836779724    169837360298        18358141       -636      40823     580000          0     7    1300000   42972000  580000000  580000000
  13      443    44448   580624    169837360346    169837940969        18938763      -1307      40823     580000          0     4    1300000   42972000  580000000  580000000
  13      443    44432   578769    169837940979    169838519748        19519397        -86      40823     580000          0     4    1300000   42972000  580000000  580000000
  13      443    44470   580776    169838519758    169839100533        20098175       -871      40823     580000          0     5    1300000   42972000  580000000  580000000
  13      443    44030   579249    169839100543    169839679792        20678961       -130      40823     580000          0     7    1300000   42972000  580000000  580000000
  13      443    41270   699147    169839679801    169840378948        21258218     400021      40823     580000     119285     6    1400000   42972000  580000000  580000000
  13      443    43569   481104    169840378957    169840860060        21957374     -20398      40823     580000          0     6    1400000   42972000  580000000  580000000
  13      443    44427   600567    169840860070    169841460636        22438487     -40974      40823     580000          0     6    1300000   42972000  580000000  580000000
  13      443    44553   540730    169841460646    169842001376        23039064      -1714      40823     580000          0     4    1300000   42972000  580000000  580000000
  13      443    47673   584248    169842001386    169842585634        23579804      -5972      40823     580000          0     4    1200000   42972000  580000000  580000000
  13      443    43993   580283    169842585643    169843165926        24164061      -6264      40823     580000          0     5    1300000   42972000  580000000  580000000
  13      443    41837   581959    169843165935    169843747894        24744353      -8232      40823     580000          0     4    1400000   42972000  580000000  580000000
  13      443    43815   760346    169843747903    169844508250        25326321    -188588      40823     580000          0     4    1300000   42972000  580000000  580000000
  13      443    41264   397516    169844508258    169844905774        26086676      -6112      40823     580000          0     6    1400000   42972000  580000000  580000000
  13      443    41273   577542    169844905783    169845483325        26484200      -3663      40823     580000          0     6    1400000   42972000  580000000  580000000
  13      443    41680   579738    169845483334    169846063073        27061752      -3411      40823     580000          0     6    1400000   42972000  580000000  580000000
  13      443    44435   576975    169846063082    169846640058        27641500       -395      40823     580000          0     4    1300000   42972000  580000000  580000000
  13      443    43363   583655    169846640067    169847223722        28218485      -4060      40823     580000          0     5    1400000   42972000  580000000  580000000
  13      443    44446   576801    169847223731    169847800533        28802149       -871      40823     580000          0     5    1300000   42972000  580000000  580000000
  13      443    44446   625338    169847800542    169848425880        29378960     -46218      40823     580000          0     5    1300000   42972000  580000000  580000000
  13      443    45553   534035    169848425889    169848959925        30004307       -263      40823     580000          0     5    1300000   42972000  580000000  580000000
  13      443    41373   581025    169848959934    169849540958        30538351      -1297      40823     580000          0     7    1400000   42972000  580000000  580000000
  13      443    44420   578749    169849540969    169850119718        31119387     533786      40823     580000         55     4    1300000   42972000  580000000  580000000
  13      443    44451   580645    169850119728    169850700372        31698145       -710      40823     580000          0     5    1300000   42972000  580000000  580000000
  13      443    41702   579350    169850700382    169851279732        32278800        -70      40823     580000          0     5    1300000   42972000  580000000  580000000
  13      443    44416   579923    169851279786    169851859709        32858204     534909      40823     580000         46     4    1300000   42972000  580000000  580000000
  13      443    45171   581679    169851859719    169852441398        33438137      -1736      40823     580000          0     7    1300000   42972000  580000000  580000000
  13      443    47990   580188    169852441408    169853021596        34019825      -1934      40823     580000          0     7    1200000   42972000  580000000  580000000
  13      443    44269   580499    169853021605    169853602104        34600023      -2442      40823     580000          0     7    1300000   42972000  580000000  580000000
  13      443    41239   577653    169853602113    169854179766        35180531       -104      40823     580000          0     6    1400000   42972000  580000000  580000000
  13      443    44373   588915    169854179776    169854768692        35758194      -9030      40823     580000          0     6    1300000   42972000  580000000  580000000
  13      443    41255   571095    169854768701    169855339796        36347118       -134      40823     580000          0     6    1400000   42972000  580000000  580000000
  13      443    41269   579900    169855339805    169855919705        36918222     491128      40823     580000         42     6    1400000   42972000  580000000  580000000
  13      443    41260   661950    169855919714    169856581664        37498131     456791      40823     580000      82001     5    1400000   42972000  580000000  580000000
  13      443    44406   498054    169856581673    169857079727        38160091        -65      40823     580000          0     7    1300000   42972000  580000000  580000000
  13      443    44476   580670    169857079737    169857660406        38658154       -744      40823     580000          0     7    1300000   42972000  580000000  580000000
  13      443    47755   583959    169857660416    169858244375        39238834      -4713      40823     580000          0     7    1200000   42972000  580000000  580000000
  13      443    45212   585466    169858244384    169858829850        39822802     -10188      40823     580000          0     5    1300000   42972000  580000000  580000000
  13      443    47355   579738    169858829860    169859409598        40408278      -9936      40823     580000          0     6    1200000   42972000  580000000  580000000
  13      443    45328   581599    169859409608    169859991207        40988026     -11545      40823     580000          0     6    1300000   42972000  580000000  580000000
  13      443    46925   583442    169859991217    169860574659        41569635     -14997      40823     580000          0     7    1200000   42972000  580000000  580000000
  13      443    45733   582083    169860574668    169861156751        42153086     -17089      40823     580000          0     6    1300000   42972000  580000000  580000000
  13      443    46809   579095    169861156761    169861735856        42735179     -16194      40823     580000          0     4    1200000   42972000  580000000  580000000
  13      443    45824   626319    169861735866    169862362185        43314284     -62523      40823     580000          0     4    1300000   42972000  580000000  580000000
  13      443    48143   540689    169862362195    169862902884        43940613     -23222      40823     580000          0     6    1200000   42972000  580000000  580000000
  13      443    44816   577110    169862902894    169863480004        44481312     -20342      40823     580000          0     7    1200000   42972000  580000000  580000000
  13      443    42643   578958    169863480041    169864058999        45058459     -19337      40823     580000          0     7    1400000   42972000  580000000  580000000
  13      443    44456   624245    169864059008    169864683253        45637426     -63592      40823     580000          0     5    1300000   42972000  580000000  580000000
  13      443    46292   540908    169864683298    169865224206        46261716     -24544      40823     580000          0     4    1300000   42972000  580000000  580000000
  13      443    46250   585872    169865224217    169865810088        46802634     -30426      40823     580000          0     5    1200000   42972000  580000000  580000000
  13      443    46658   659110    169865810097    169866469207        47388515    -109545      40823     580000          0     5    1300000   42972000  580000000  580000000
  13      443    47466   503863    169866469218    169866973080        48047635     -33418      40823     580000          0     6    1200000   42972000  580000000  580000000
  13      443    48141   584621    169866973090    169867557712        48551508     -38049      40823     580000          0     7    1200000   42972000  580000000  580000000
  13      443    45232   577729    169867557722    169868135451        49136140     -35789      40823     580000          0     7    1200000   42972000  580000000  580000000
  13      443    47447   583996    169868135461    169868719457        49713879     -39794      40823     580000          0     4    1300000   42972000  580000000  580000000
  13      443    44783   581238    169868719467    169869300705        50297885     -41043      40823     580000          0     6    1200000   42972000  580000000  580000000
  13      443    47869   584339    169869300715    169869885054        50879132     -45392      40823     580000          0     4    1300000   42972000  580000000  580000000
  13      443    41670   574099    169869885064    169870459163        51463482     -39501      40823     580000          0     4    1200000   42972000  580000000  580000000
  13      443    41287   578038    169870459172    169871037209        52037590     -37548      40823     580000          0     4    1400000   42972000  580000000  580000000
  13      443    43920   580385    169871037218    169871617603        52615636     -37941      40823     580000          0     4    1400000   42972000  580000000  580000000
  13      443    41437   626278    169871617613    169872243891        53196031     -84229      40823     580000          0     4    1300000   42972000  580000000  580000000
  13      443    44109   584526    169872243900    169872828426        53822318     -88764      40823     580000          0     5    1400000   42972000  580000000  580000000
  13      443    44455   568918    169872828435    169873397353        54406853     -77691      40823     580000          0     5    1300000   42972000  580000000  580000000
  13      443    44434   540948    169873397362    169873938310        54975780     -38648      40823     580000          0     7    1300000   42972000  580000000  580000000
  13      443    41957   574423    169873938320    169874512743        55516738     -33082      40823     580000          0     7    1300000   42972000  580000000  580000000
  13      443    46941   587564    169874512752    169875100317        56091170     -40655      40823     580000          0     4    1400000   42972000  580000000  580000000
  13      443    45019   577609    169875100327    169875677936        56678745     -38274      40823     580000          0     4    1200000   42972000  580000000  580000000
  13      443    44423   656835    169875677945    169876334781        57256363    -115119      40823     580000          0     5    1300000   42972000  580000000  580000000
  13      443    47122  1045430    169876334790    169877380220        57913208    -580557      40823     580000          0     5    1300000   42972000  580000000  580000000
  13      443    48239   580969    169877380230    169877961199        58958648    -581536      40823     580000          0     4    1200000   42972000  580000000  580000000
  13      443    46253   582952    169877961210    169878544162        59539628    -584500      40823     580000          0     5    1100000   42972000  580000000  580000000
  13      443    44435   581117    169878544171    169879125288        60122589    -585626      40823     580000          0     5    1300000   42972000  580000000  580000000
  13      443    44442   581139    169879125333    169879706471        60703750    -586809      40823     580000          0     5    1300000   42972000  580000000  580000000
  13      443    44466   584747    169879706481    169880291228        61284898    -591566      40823     580000          0     5    1300000   42972000  580000000  580000000
  13      443    44468   627727    169880291238    169880918964        61869655    -639302      40823     580000          0     4    1300000   42972000  580000000  580000000
  13      443    44436   533228    169880918974    169881452201        62497391    -592539      40823     580000          0     4    1300000   42972000  580000000  580000000
  13      443    43818   591198    169881452211    169882043409        63030628    -603747      40823     580000          0     4    1300000   42972000  580000000  580000000
  13      443    42755   567491    169882043418    169882610909        63621835    -591247      40823     580000          0     7    1400000   42972000  580000000  580000000
  13      443    46944   583734    169882610919    169883194652        64189336    -594990      40823     580000          0     5    1200000   42972000  580000000  580000000
  13      443    43334   580112    169883194662    169883774774        64773079    -595112      40823     580000          0     7    1300000   42972000  580000000  580000000
  13      443    42227   579048    169883774783    169884353831        65353200    -594169      40823     580000          0     7    1400000   42972000  580000000  580000000
  13      443    44464   581425    169884353841    169884935265        65932258    -595603      40823     580000          0     6    1300000   42972000  580000000  580000000
  13      443    43571   576357    169884935275    169885511631        66513692    -591970      40823     580000          0     5    1300000   42972000  580000000  580000000
  13      443    42025   579428    169885511640    169886091068        67090058    -591406      40823     580000          0     5    1400000   42972000  580000000  580000000
  13      443    43579   624104    169886091078    169886715182        67669496    -635520      40823     580000          0     6    1300000   42972000  580000000  580000000
  13      443    41981   534916    169886715191    169887250107        68293608    -590445      40823     580000          0     7    1400000   42972000  580000000  580000000
  13      443    43671   580559    169887250117    169887830675        68828534    -591014      40823     580000          0     5    1300000   42972000  580000000  580000000
  13      443    42194   582692    169887830684    169888413376        69409102    -593714      40823     580000          0     7    1400000   42972000  580000000  580000000
  13      443    43782   730352    169888413385    169889143737        69991803    -744076      40823     580000          0     5    1300000   42972000  580000000  580000000
  13      443    41694   422965    169889143746    169889566712        70722164    -587050      40823     580000          0     6    1400000   42972000  580000000  580000000
  13      443    44444   589789    169889566722    169890156511        71145139    -596849      40823     580000          0     6    1300000   42972000  580000000  580000000
  13      443    43766   572723    169890156520    169890729243        71734938    -589581      40823     580000          0     6    1300000   42972000  580000000  580000000
  13      443    42423   579390    169890729252    169891308642        72307670    -588980      40823     580000          0     5    1400000   42972000  580000000  580000000
  13      443    48144   585184    169891308653    169891893837        72887070    -594175      40823     580000          0     5    1200000   42972000  580000000  580000000
  13      443    48143   585180    169891893847    169892479027        73472265    -599365      40823     580000          0     4    1200000   42972000  580000000  580000000
  13      443    48146   581252    169892479078    169893060331        74057496    -600669      40823     580000          0     4    1200000   42972000  580000000  580000000
  13      443    48157   585235    169893060341    169893645576        74638759    -605914      40823     580000          0     7    1200000   42972000  580000000  580000000
  13      443    48175   585338    169893645586    169894230925        75224004    -611263      40823     580000          0     5    1200000   42972000  580000000  580000000
  13      443    45432   582511    169894230934    169894813446        75809352    -613784      40823     580000          0     5    1200000   42972000  580000000  580000000
  13      443    42016   579109    169894813455    169895392564        76391873    -612902      40823     580000          0     6    1300000   42972000  580000000  580000000
  13      443    43570   624061    169895392573    169896016634        76970991    -656972      40823     580000          0     6    1400000   42972000  580000000  580000000
  13      443    47256   619847    169896016643    169896636491        77595061    -696829      40823     580000          0     5    1300000   42972000  580000000  580000000
  13      443    48154   544877    169896636501    169897181378        78214919    -661716      40823     580000          0     5    1200000   42972000  580000000  580000000
  13      443    44627  1079335    169897181389    169898260723        78759806   -1161061      40823     580000          0     6    1200000   42972000  580000000  580000000
  13      443    47732   584914    169898260734    169898845647        79839151   -1165985      40823     580000          0     5    1200000   42972000  580000000  580000000
  13      443    44431   581607    169898845657    169899427264        80424075   -1167602      40823     580000          0     6    1300000   42972000  580000000  580000000
  13      443    45133   582365    169899427273    169900009638        81005691   -1169976      40823     580000          0     7    1300000   42972000  580000000  580000000
  13      443    48147   580864    169900009648    169900590512        81588066   -1170850      40823     580000          0     6    1200000   42972000  580000000  580000000
  13      443    48135   581383    169900590522    169901171906        82168940   -1172244      40823     580000          0     4    1200000   42972000  580000000  580000000
  13      443    46883   584130    169901171916    169901756045        82750334   -1176383      40823     580000          0     5    1200000   42972000  580000000  580000000
  13      443    45854   583096    169901756055    169902339151        83334473   -1179489      40823     580000          0     4    1300000   42972000  580000000  580000000
  13      443    48146   585441    169902339161    169902924602        83917579   -1184940      40823     580000          0     4    1200000   42972000  580000000  580000000
  13      443    48130   585356    169902924613    169903509969        84503031   -1190307      40823     580000          0     4    1200000   42972000  580000000  580000000
  13      443    48134   581462    169903509979    169904091441        85088397   -1191779      40823     580000          0     4    1200000   42972000  580000000  580000000
  13      443    43154   658854    169904091452    169904750306        85669870   -1270645      40823     580000          0     4    1200000   42972000  580000000  580000000
  13      443    43415   635240    169904750315    169905385555        86328733   -1325893      40823     580000          0     5    1400000   42972000  580000000  580000000
  13      443    42001   447312    169905385565    169905832876        86963982   -1193215      40823     580000          0     4    1300000   42972000  580000000  580000000
  13      443    43613   664139    169905832885    169906497025        87411303   -1277363      40823     580000          0     7    1400000   42972000  580000000  580000000
  13      443    42322   491688    169906497034    169906988722        88075452   -1189060      40823     580000          0     4    1300000   42972000  580000000  580000000
  13      443    41282   578642    169906988768    169907567410        88567186   -1187748      40823     580000          0     4    1400000   42972000  580000000  580000000
  13      443    41272   578681    169907567419    169908146099        89145836   -1186437      40823     580000          0     6    1400000   42972000  580000000  580000000
  13      443    43084   580472    169908146108    169908726580        89724526   -1186918      40823     580000          0     4    1400000   42972000  580000000  580000000
  13      443    42517   580006    169908726590    169909306596        90305008   -1186934      40823     580000          0     4    1300000   42972000  580000000  580000000
  13      443    42804   576208    169909306605    169909882813        90885022   -1183151      40823     580000          0     4    1400000   42972000  580000000  580000000
  13      443    43132   580742    169909882822    169910463564        91461240   -1183902      40823     580000          0     4    1300000   42972000  580000000  580000000
  13      443    42872   583354    169910463573    169911046927        92041991   -1187265      40823     580000          0     6    1400000   42972000  580000000  580000000
  13      443    42768   598040    169911046937    169911644977        92625355   -1205315      40823     580000          0     6    1300000   42972000  580000000  580000000
  13      443    43021   560838    169911644986    169912205824        93223404   -1186162      40823     580000          0     6    1400000   42972000  580000000  580000000
  13      443    44442   581015    169912205834    169912786849        93784251   -1187187      40823     580000          0     6    1300000   42972000  580000000  580000000
