#idx     perf      run   period           start             end          rel_st      slack c_duration   c_period     wu_lat   cpu       freq dl_runtime  dl_period dl_deadline
   8      424    39487   448987    171642588890    171643037877         5469822     358411      39087     450000         59     5    1400000   41145000  450000000  450000000
   8      424    39527   449994    171643037887    171643487881         5918819     372649      39087     450000         64     7    1400000   41145000  450000000  450000000
   8      424    39509   449990    171643487890    171643937881         6368822     374659      39087     450000         64     6    1400000   41145000  450000000  450000000
   8      424    50274   462424    171643937892    171644400316         6818824     358993      39087     450000      12500     6    1100000   41145000  450000000  450000000
   8      424    42518   440250    171644400325    171644840576         7281257     394595      39087     450000       2759     5    1300000   41145000  450000000  450000000
   8      424    42529   461954    171644840585    171645302539         7721517     404272      39087     450000      14722     5    1300000   41145000  450000000  450000000
   8      424    50260   435341    171645302550    171645737891         8183482     384423      39087     450000         74     5    1100000   41145000  450000000  450000000
   8      424    50318   490014    171645737902    171646227916         8618834     398979      39087     450000      40099     5    1100000   41145000  450000000  450000000
   8      424    60226   409946    171646227928    171646637874         9108859     349030      39087     450000         56     6    1100000   41145000  450000000  450000000
   8      424    61485   486903    171646637888    171647124791         9518819     387567      39087     450000      36974     6     900000   41145000  450000000  450000000
   8      424    50260   413085    171647124802    171647537887        10005734     362213      39087     450000         70     5    1100000   41145000  450000000  450000000
   8      424    46073   463430    171647537897    171648001328        10418829     403292      39087     450000      13511     5    1200000   41145000  450000000  450000000
   8      424    46071   436541    171648001337    171648437878        10882269     389932      39087     450000         60     5    1200000   41145000  450000000  450000000
   8      424    69164   453691    171648437895    171648891586        11318827     374431      39087     450000       3769     5     800000   41145000  450000000  450000000
   8      424    55288   446293    171648891598    171649337891        11772530     390342      39087     450000         74     7    1000000   41145000  450000000  450000000
   8      424    55315   494433    171649337904    171649832337        12218836     393881      39087     450000      44520     7    1000000   41145000  450000000  450000000
   8      424    61455   405548    171649832350    171650237899        12713282     338476      39087     450000         81     4     900000   41145000  450000000  450000000
   8      424    55303   483343    171650237912    171650721254        13118843     393919      39087     450000      33437     5    1000000   41145000  450000000  450000000
   8      424    46083   416612    171650721264    171651137877        13602196     369981      39087     450000         58     4    1200000   41145000  450000000  450000000
   8      424    46075   463450    171651137887    171651601338        14018819     403268      39087     450000      13521     5    1200000   41145000  450000000  450000000
   8      424    46074   436536    171651601347    171652037883        14482279     389938      39087     450000         66     5    1200000   41145000  450000000  450000000
   8      424    42536   491478    171652037893    171652529371        14918825     406870      39087     450000      41555     5    1300000   41145000  450000000  450000000
   8      424    42527   430287    171652529381    171652959668        15410312     365442      39087     450000      21851     5    1300000   41145000  450000000  450000000
   8      424    39486   430828    171652959717    171653390545        15840649     388235      39087     450000       2729     7    1400000   41145000  450000000  450000000
   8      424    39486   466750    171653390554    171653857304        16271486     407380      39087     450000      19488     7    1400000   41145000  450000000  450000000
   8      424    39494   433441    171653857312    171654290753        16738244     390600      39087     450000       2937     7    1400000   41145000  450000000  450000000
   8      424    42524   447124    171654290762    171654737886        17171694     404062      39087     450000         70     7    1300000   41145000  450000000  450000000
   8      424    42533   569359    171654737896    171655307255        17618828     406901      39087     450000     119436     7    1300000   41145000  450000000  450000000
   8      424    55285   330626    171655307266    171655637892        18188198     274677      39087     450000         74     7    1000000   41145000  450000000  450000000
   8      424    54755   489298    171655637905    171656127203        18518836     394467      39087     450000      39386     7    1000000   41145000  450000000  450000000
   8      424    46069   410697    171656127213    171656537911        19008145     364045      39087     450000         94     6    1200000   41145000  450000000  450000000
   8      424    42531   449982    171656537920    171656987902        19418852     406879      39087     450000         86     7    1300000   41145000  450000000  450000000
   8      424    42526   447107    171656990772    171657437879        19871704     403989      39087     450000         61     7    1300000   41145000  450000000  450000000
   8      424    50274   486393    171657437890    171657924284        20318822     399012      39087     450000      36466     5    1100000   41145000  450000000  450000000
   8      424    50258   413589    171657924294    171658337883        20805226     362706      39087     450000         66     4    1100000   41145000  450000000  450000000
   8      424    50280   445043    171658345731    171658790775        21226663     391178      39087     450000       2958     5    1100000   41145000  450000000  450000000
   8      424    42526   447103    171658790784    171659237887        21671716     404064      39087     450000         70     7    1300000   41145000  450000000  450000000
   8      424    42527   453361    171659237897    171659691258        22118829     406837      39087     450000       3442     7    1300000   41145000  450000000  450000000
   8      424    50263   446613    171659691269    171660137882        22572201     395766      39087     450000         63     7    1100000   41145000  450000000  450000000
   8      424    46075   452877    171660137893    171660590770        23018825     403331      39087     450000       2954     7    1200000   41145000  450000000  450000000
   8      424    42536   447090    171660590780    171661037870        23471712     312201      39087     450000         53     7    1300000   41145000  450000000  450000000
   8      424    42546   453750    171661037880    171661491630        23918812     403561      39087     450000       3813     7    1300000   41145000  450000000  450000000
   8      424    55288   446259    171661491642    171661937901        24372574     390244      39087     450000         83     7    1000000   41145000  450000000  450000000
   8      424    46085   472511    171661937911    171662410422        24818843     304124      39087     450000      22605     7    1200000   41145000  450000000  450000000
   8      424    46076   437752    171662410432    171662848184        25291364     380827      39087     450000      10366     7    1200000   41145000  450000000  450000000
   8      424    61485   443077    171662848197    171663291274        25729129     377211      39087     450000       3458     7    1200000   41145000  450000000  450000000
   8      424    50287   446643    171663291285    171663737928        26172217     380737      39087     450000        111     7    1100000   41145000  450000000  450000000
   8      424    50280   494367    171663737977    171664232344        26618909     398949      39087     450000      44527     5    1100000   41145000  450000000  450000000
   8      424    61075   405548    171664232358    171664637905        27113289     343557      39087     450000         89     4     900000   41145000  450000000  450000000
   8      424    46074   453091    171664637916    171665091007        27518847     403322      39087     450000       3190     7    1200000   41145000  450000000  450000000
   8      424    46071   446865    171665091017    171665537882        27971949     400257      39087     450000         65     7    1200000   41145000  450000000  450000000
   8      424    50290   453120    171665537893    171665991014        28418825     395056      39087     450000       3197     7    1100000   41145000  450000000  450000000
   8      424    46069   446893    171665991024    171666437917        28871956     400197      39087     450000        100     7    1200000   41145000  450000000  450000000
   8      424    46077   466064    171666437927    171666903991        29318859     403299      39087     450000      16174     5    1200000   41145000  450000000  450000000
   8      424    55283   433891    171666904002    171667337893        29784934     377946      39087     450000         74     5    1000000   41145000  450000000  450000000
   8      424    55313   492813    171667337905    171667830718        30218837     393878      39087     450000      42901     5    1000000   41145000  450000000  450000000
   8      424    50271   407164    171667830729    171668237892        30711661     356215      39087     450000         75     6    1100000   41145000  450000000  450000000
   8      424    46076   462383    171668237903    171668700286        31118834     403329      39087     450000      12469     5    1200000   41145000  450000000  450000000
   8      424    42522   437612    171668700295    171669137907        31581227     394612      39087     450000         90     5    1300000   41145000  450000000  450000000
   8      424    42532   453102    171669137916    171669591019        32018848     406897      39087     450000       3202     7    1300000   41145000  450000000  450000000
   8      424    46070   446834    171669591029    171670037863        32471961     400178      39087     450000         44     7    1200000   41145000  450000000  450000000
   8      424    42526   480754    171670037873    171670518627        32918805     406949      39087     450000      30811     7    1300000   41145000  450000000  450000000
   8      424    42530   419259    171670518636    171670937895        33399568     376226      39087     450000         78     4    1300000   41145000  450000000  450000000
   8      424    55314   486370    171670937907    171671424277        33818839     393874      39087     450000      36460     5    1000000   41145000  450000000  450000000
   8      424    50278   444304    171671424288    171671868592        34305220     358696      39087     450000      30776     4    1100000   41145000  450000000  450000000
   8      424    42525   449999    171671868601    171672318601        34749533     376259      39087     450000      30785     4    1300000   41145000  450000000  450000000
   8      424    42529   419304    171672318610    171672737914        35199542     376241      39087     450000         97     4    1300000   41145000  450000000  450000000
   8      424    46071   462387    171672737924    171673200311        35618856     403318      39087     450000      12495     5    1200000   41145000  450000000  450000000
   8      424    42524   437566    171673200320    171673637886        36081252     394570      39087     450000         70     5    1300000   41145000  450000000  450000000
   8      424    42548   478565    171673637896    171674116461        36518828     394208      39087     450000      28645     5    1300000   41145000  450000000  450000000
   8      424    39489   421394    171674116503    171674537897        36997435     381381      39087     450000         81     4    1400000   41145000  450000000  450000000
   8      424    39496   453689    171674537906    171674991595        37418838     409964      39087     450000       3778     7    1400000   41145000  450000000  450000000
   8      424    55286   446272    171674991607    171675437880        37872539     390369      39087     450000         61     7    1000000   41145000  450000000  450000000
   8      424    55285   455146    171675437892    171675893038        38318824     393938      39087     450000       5220     7    1000000   41145000  450000000  450000000
   8      424    69135   467506    171675893053    171676360559        38773985     369319      39087     450000      22742     7     800000   41145000  450000000  450000000
   8      424    46066   430440    171676360569    171676791009        39241501     380744      39087     450000       3192     7    1200000   41145000  450000000  450000000
   8      424    46069   446899    171676791019    171677237919        39671951     400209      39087     450000        100     7    1200000   41145000  450000000  450000000
   8      424    63793   453315    171677237933    171677691248        40118865     288409      39087     450000       3432     7     800000   41145000  450000000  450000000
   8      424    50256   446623    171677691259    171678137882        40572191     395738      39087     450000         65     7    1100000   41145000  450000000  450000000
   8      424    46080   472089    171678137893    171678609982        41018825     389700      39087     450000      22166     7    1200000   41145000  450000000  450000000
   8      424    39492   427884    171678609991    171679037875        41490923     387909      39087     450000         58     7    1400000   41145000  450000000  450000000
   8      424    39494   453106    171679037885    171679490990        41918817     409976      39087     450000       3174     7    1400000   41145000  450000000  450000000
   8      424    46070   446887    171679491000    171679937887        42371932     400278      39087     450000         70     7    1200000   41145000  450000000  450000000
   8      424    46076   455088    171679937898    171680392985        42818829     403333      39087     450000       5168     7    1200000   41145000  450000000  450000000
   8      424    65623   444904    171680393000    171680837904        43273932     378066      39087     450000         87     7     800000   41145000  450000000  450000000
   8      424    50281   452854    171680837915    171681290769        43718847     368955      39087     450000       2953     5    1100000   41145000  450000000  450000000
   8      424    42526   488903    171681290779    171681779682        44171711     404002      39087     450000      41865     7    1300000   41145000  450000000  450000000
   8      424    42567   424291    171681779691    171682203982        44660623     349005      39087     450000      16165     7    1300000   41145000  450000000  450000000
   8      424    55287   433882    171682203995    171682637877        45084927     377944      39087     450000         60     7    1000000   41145000  450000000  450000000
   8      424    46079   483334    171682637887    171683121221        45518819     403334      39087     450000      33405     7    1200000   41145000  450000000  450000000
   8      424    46074   416692    171683121231    171683537923        46002163     370019      39087     450000        106     4    1200000   41145000  450000000  450000000
   8      424    46077   462380    171683537933    171684000314        46418865     403261      39087     450000      12497     5    1200000   41145000  450000000  450000000
   8      424    42540   437571    171684000323    171684437894        46881255     394481      39087     450000         77     5    1300000   41145000  450000000  450000000
   8      424    42530   452701    171684437903    171684890604        47318835     406919      39087     450000       2788     7    1300000   41145000  450000000  450000000
   8      424    39486   447260    171684890642    171685337902        47771574     407274      39087     450000         86     7    1400000   41145000  450000000  450000000
   8      424    39494   463404    171685337911    171685801315        48218843     409966      39087     450000      13498     5    1400000   41145000  450000000  450000000
   8      424    46089   436577    171685801325    171686237902        48682257     389872      39087     450000         85     5    1200000   41145000  450000000  450000000
   8      424    46094   483318    171686237912    171686721229        49118844     389536      39087     450000      33411     5    1200000   41145000  450000000  450000000
   8      424    48669   416639    171686721240    171687137879        49602172     367162      39087     450000         61     4    1200000   41145000  450000000  450000000
   8      424    55309   489929    171687137892    171687627821        50018824     393953      39087     450000      40004     5    1000000   41145000  450000000  450000000
   8      424    55324   410084    171687627833    171688037917        50508765     353965      39087     450000         99     4    1000000   41145000  450000000  450000000
   8      424    55306   489989    171688037929    171688527919        50918861     393841      39087     450000      40102     5    1000000   41145000  450000000  450000000
   8      424    55287   409972    171688527931    171688937903        51408863     354036      39087     450000         86     4    1000000   41145000  450000000  450000000
   8      424    39488   461481    171688937912    171689399392        51818843     409982      39087     450000      11576     5    1400000   41145000  450000000  450000000
   8      424    39489   438473    171689399401    171689837873        52280332     398514      39087     450000         56     5    1400000   41145000  450000000  450000000
   8      424    43349   486284    171689837883    171690324167        52718814     334846      39087     450000      36350     5    1400000   41145000  450000000  450000000
   8      424    42525   413735    171690324176    171690737911        53205108     370678      39087     450000         95     6    1300000   41145000  450000000  450000000
   8      424    42545   452835    171690737921    171691190756        53618853     403443      39087     450000       2939     7    1300000   41145000  450000000  450000000
   8      424    42544   461732    171691190765    171691652497        54071697     375007      39087     450000      14681     7    1300000   41145000  450000000  450000000
   8      424    42520   471956    171691652507    171692124463        54533439     392425      39087     450000      36645     7    1300000   41145000  450000000  450000000
   8      424    69121   413405    171692124477    171692537882        55005409     343441      39087     450000         66     7     800000   41145000  450000000  450000000
   8      424    39491   469425    171692537891    171693007316        55418823     409991      39087     450000      19500     7    1400000   41145000  450000000  450000000
   8      424    39488   430561    171693007325    171693437887        55888257     390587      39087     450000         69     7    1400000   41145000  450000000  450000000
   8      424    50264   450000    171693437898    171693887898        56318830     399145      39087     450000         81     7    1100000   41145000  450000000  450000000
   8      424    50262   471322    171693891268    171694362590        56772200     395679      39087     450000      24774     7    1100000   41145000  450000000  450000000
   8      424    52002   472452    171694362601    171694835053        57243533     372645      39087     450000      47236     7    1100000   41145000  450000000  450000000
   8      424    55285   402840    171694835065    171695237904        57715997     346879      39087     450000         88     6    1000000   41145000  450000000  450000000
   8      424    50278   486281    171695237954    171695724235        58118886     398954      39087     450000      36419     7    1100000   41145000  450000000  450000000
   8      424    50256   413644    171695724246    171696137890        58605178     362786      39087     450000         73     4    1100000   41145000  450000000  450000000
   8      424    42531   461485    171696137899    171696599384        59018831     406901      39087     450000      11568     5    1300000   41145000  450000000  450000000
   8      424    39513   438501    171696599393    171697037894        59480325     398454      39087     450000         77     5    1400000   41145000  450000000  450000000
   8      424    39494   453678    171697037903    171697491581        59918835     409947      39087     450000       3764     7    1400000   41145000  450000000  450000000
   8      424    55288   446290    171697491593    171697937883        60372525     390375      39087     450000         67     7    1000000   41145000  450000000  450000000
   8      424    46071   453093    171697937894    171698390987        60818826     403354      39087     450000       3171     7    1200000   41145000  450000000  450000000
   8      424    46073   446914    171698390997    171698837911        61271929     400294      39087     450000         94     7    1200000   41145000  450000000  450000000
   8      424    57526   450476    171698868174    171699318650        61749106     361175      39087     450000      30834     5     900000   41145000  450000000  450000000
   8      424    42527   419234    171699318659    171699737894        62199591     376170      39087     450000         77     4    1300000   41145000  450000000  450000000
   8      424    42531   452855    171699737904    171700190759        62618836     406909      39087     450000       2943     7    1300000   41145000  450000000  450000000
   8      424    42526   447129    171700190769    171700637898        63071701     404036      39087     450000         80     7    1300000   41145000  450000000  450000000
   8      424    39490   483687    171700637907    171701121594        63518839     409969      39087     450000      33778     7    1400000   41145000  450000000  450000000
   8      424    39488   416276    171701121603    171701537879        64002535     376263      39087     450000         62     6    1400000   41145000  450000000  450000000
   8      424    39487   461490    171701537888    171701999378        64418820     410032      39087     450000      11562     5    1400000   41145000  450000000  450000000
   8      424    39484   438530    171701999387    171702437917        64880319     398500      39087     450000        101     5    1400000   41145000  450000000  450000000
   8      424    39492   474948    171702437925    171702912873        65318857     409960      39087     450000      25056     7    1400000   41145000  450000000  450000000
   8      424    46064   425033    171702912883    171703337916        65793815     378493      39087     450000        100     7    1200000   41145000  450000000  450000000
   8      424    46085   570040    171703337926    171703907966        66218858     389529      39087     450000     120148     5    1200000   41145000  450000000  450000000
   8      424    51076   329904    171703907982    171704237886        66788914     273698      39087     450000         67     7     700000   41145000  450000000  450000000
   8      424    50261   452875    171704237896    171704690771        67118828     399089      39087     450000       2955     7    1100000   41145000  450000000  450000000
   8      424    42524   447099    171704690781    171705137880        67571713     404037      39087     450000         63     7    1300000   41145000  450000000  450000000
   8      424    42531   489172    171705137889    171705627061        68018821     406913      39087     450000      39244     7    1300000   41145000  450000000  450000000
   8      424    56840   410838    171705627074    171706037912        68508005     353204      39087     450000         95     7     900000   41145000  450000000  450000000
   8      424    46074   463356    171706037959    171706501314        68918890     403250      39087     450000      13498     5    1200000   41145000  450000000  450000000
   8      424    46070   436559    171706501324    171706937883        69382256     389950      39087     450000         64     5    1200000   41145000  450000000  450000000
   8      424    46078   463440    171706937894    171707401334        69818826     403316      39087     450000      13518     5    1200000   41145000  450000000  450000000
   8      424    46071   476515    171707401344    171707877859        70282276     389940      39087     450000      40043     5    1200000   41145000  450000000  450000000
   8      424    55288   446361    171707877871    171708324232        70758803     354028      39087     450000      36416     4    1000000   41145000  450000000  450000000
   8      424    50254   413665    171708324243    171708737907        71205175     362874      39087     450000         91     4    1100000   41145000  450000000  450000000
   8      424    50278   486367    171708737918    171709224284        71618849     398996      39087     450000      36468     5    1100000   41145000  450000000  450000000
   8      424    50289   413614    171709224295    171709637909        72105227     352597      39087     450000         92     4    1100000   41145000  450000000  450000000
   8      424    50281   488420    171709637920    171710126340        72518852     399006      39087     450000      38523     5    1100000   41145000  450000000  450000000
   8      424    61433   411551    171710126354    171710537904        73007286     349401      39087     450000         87     4     900000   41145000  450000000  450000000
   8      424    42529   484512    171710537914    171711022427        73418846     406893      39087     450000      34610     7    1300000   41145000  450000000  450000000
   8      424    42523   415436    171711022436    171711437872        73903368     372478      39087     450000         53     7    1300000   41145000  450000000  450000000
   8      424    46099   453117    171711437886    171711891002        74318817     399626      39087     450000       3186     7    1200000   41145000  450000000  450000000
   8      424    46076   469565    171711891012    171712360577        74771944     400233      39087     450000      22761     7    1200000   41145000  450000000  450000000
   8      424    46067   427319    171712360587    171712787906        75241519     380726      39087     450000         88     7    1200000   41145000  450000000  450000000
   8      424    50276   446628    171712791280    171713237908        75672212     395672      39087     450000         91     7    1100000   41145000  450000000  450000000
   8      424    50277   486370    171713237919    171713724289        76118851     398980      39087     450000      36473     5    1100000   41145000  450000000  450000000
   8      424    50259   413600    171713724300    171714137901        76605232     362792      39087     450000         84     4    1100000   41145000  450000000  450000000
   8      424    50267   473764    171714137911    171714611676        77018843     399078      39087     450000      23859     7    1100000   41145000  450000000  450000000
   8      424    42528   426202    171714611685    171715037887        77492617     383173      39087     450000         70     7    1300000   41145000  450000000  450000000
   8      424    42533   452844    171715037897    171715490741        77918829     406895      39087     450000       2924     7    1300000   41145000  450000000  450000000
   8      424    42527   447134    171715490750    171715937884        78371682     404100      39087     450000         67     7    1300000   41145000  450000000  450000000
   8      424    42547   452847    171715937894    171716390741        78818826     403523      39087     450000       2925     7    1300000   41145000  450000000  450000000
   8      424    56453   447083    171716390785    171716837867        79271717     389937      39087     450000         50     7    1300000   41145000  450000000  450000000
   8      424    61449   483644    171716840642    171717324286        79721574     384959      39087     450000      36469     5     900000   41145000  450000000  450000000
   8      424    50278   413577    171717324298    171717737874        80205230     362614      39087     450000         56     4    1100000   41145000  450000000  450000000
   8      424    50298   486301    171717737887    171718224189        80618819     399020      39087     450000      36371     5    1100000   41145000  450000000  450000000
   8      424    42522   413693    171718224199    171718637893        81105131     370679      39087     450000         76     6    1300000   41145000  450000000  450000000
   8      424    39492   472119    171718637901    171719110020        81518833     410001      39087     450000      22204     7    1400000   41145000  450000000  450000000
   8      424    39496   427860    171719110029    171719537889        81990961     387892      39087     450000         72     5    1400000   41145000  450000000  450000000
   8      424    59261   464646    171719537902    171720002548        82418834     374750      39087     450000      14732     5     900000   41145000  450000000  450000000
   8      424    50261   435310    171720002559    171720437869        82883491     384467      39087     450000         51     5    1100000   41145000  450000000  450000000
   8      424    50274   457100    171720464151    171720921251        83345083     372781      39087     450000      33434     5    1100000   41145000  450000000  450000000
   8      424    46066   416664    171720921261    171721337924        83802193     370053      39087     450000        108     4    1200000   41145000  450000000  450000000
   8      424    46084   461446    171721337933    171721799380        84218865     403226      39087     450000      11563     5    1200000   41145000  450000000  450000000
   8      424    39507   438524    171721799388    171722237912        84680320     398422      39087     450000         96     5    1400000   41145000  450000000  450000000
   8      424    39487   463937    171722237921    171722701858        85118853     409989      39087     450000      14040     5    1400000   41145000  450000000  450000000
   8      424    78992   436013    171722701875    171723137888        85582806     356087      39087     450000         71     5     700000   41145000  450000000  450000000
   8      424    46077   464567    171723137898    171723602465        86018830     403277      39087     450000      14649     5    1200000   41145000  450000000  450000000
   8      424    42527   435401    171723602475    171724037875        86483406     392362      39087     450000         58     7    1300000   41145000  450000000  450000000
   8      424    42546   453730    171724037885    171724491615        86918817     403533      39087     450000       3798     7    1300000   41145000  450000000  450000000
   8      424    55285   446251    171724491627    171724937879        87372559     390267      39087     450000         61     7    1000000   41145000  450000000  450000000
   8      424    42530   450008    171724937889    171725387896        87818821     406934      39087     450000         80     7    1300000   41145000  450000000  450000000
   8      424    42530   447139    171725390768    171725837907        88271700     404052      39087     450000         89     7    1300000   41145000  450000000  450000000
   8      424    59043   489229    171725837920    171726327149        88718852     389747      39087     450000      39333     5     900000   41145000  450000000  450000000
   8      424    46078   410728    171726327159    171726737887        89208091     364064      39087     450000         70     6    1200000   41145000  450000000  450000000
   8      424    46071   463410    171726737897    171727201307        89618829     403375      39087     450000      13490     5    1200000   41145000  450000000  450000000
   8      424    46068   436533    171727201352    171727637885        90082283     389996      39087     450000         68     5    1200000   41145000  450000000  450000000
   8      424    46076   463424    171727637895    171728101319        90518827     403319      39087     450000      13503     5    1200000   41145000  450000000  450000000
   8      424    46069   436548    171728101329    171728537878        90982261     389968      39087     450000         60     5    1200000   41145000  450000000  450000000
   8      424    46125   502411    171728537889    171729040300        91418820     399561      39087     450000      52483     5    1200000   41145000  450000000  450000000
   8      424    61446   397601    171729040313    171729437914        91921245     335317      39087     450000         97     6     900000   41145000  450000000  450000000
   8      424    60547   486232    171729437928    171729924160        92318860     388216      39087     450000      36344     5     900000   41145000  450000000  450000000
   8      424    42540   444440    171729924169    171730368609        92805101     370603      39087     450000      30793     6    1300000   41145000  450000000  450000000
   8      424    42526   450040    171730368618    171730818658        93249550     376281      39087     450000      30841     4    1300000   41145000  450000000  450000000
   8      424    42535   419231    171730818667    171731237898        93699599     376147      39087     450000         82     4    1300000   41145000  450000000  450000000
   8      424    42525   467875    171731237908    171731705783        94118840     406909      39087     450000      17966     5    1300000   41145000  450000000  450000000
