#idx     perf      run   period           start             end          rel_st      slack c_duration   c_period     wu_lat   cpu       freq dl_runtime  dl_period dl_deadline
   3      124    12652   279414    171642588454    171642867868         5469385     264596      11419     280000         51     5     500000   13419000  280000000  280000000
   3      124    11541   279986    171642867878    171643147864         5748810     268217      11419     280000         48     7    1400000   13419000  280000000  280000000
   3      124    11541   279996    171643147873    171643427869         6028805     268235      11419     280000         51     7    1400000   13419000  280000000  280000000
   3      124    11544   280010    171643427879    171643707889         6308810     268184      11419     280000         71     7    1400000   13419000  280000000  280000000
   3      124    17957   279951    171643707903    171643987854         6588835     261660      11419     280000         37     7     900000   13419000  280000000  280000000
   3      124    14690   280009    171643987865    171644267874         6868797     265039      11419     280000         58     7    1100000   13419000  280000000  280000000
   3      124    12436   279984    171644267884    171644547868         7148816     267255      11419     280000         51     5    1300000   13419000  280000000  280000000
   3      124    12435   279991    171644547878    171644827870         7428810     267268      11419     280000         52     5    1300000   13419000  280000000  280000000
   3      124    12434   279976    171644827879    171645107854         7708810     267257      11419     280000         36     5    1300000   13419000  280000000  280000000
   3      124    12432   280044    171645107866    171645387910         7988797     267300      11419     280000         93     5    1300000   13419000  280000000  280000000
   3      124    14692   279961    171645387921    171645667882         8268852     264949      11419     280000         65     4    1100000   13419000  280000000  280000000
   3      124    14688   279988    171645667893    171645947881         8548825     264990      11419     280000         64     4    1100000   13419000  280000000  280000000
   3      124    14690   280008    171645947892    171646227900         8828824     265005      11419     280000         82     4    1100000   13419000  280000000  280000000
   3      124    14691   280165    171646227912    171646508077         9108844     264971      11419     280000        259     5    1100000   13419000  280000000  280000000
   3      124    20199   297689    171646508092    171646805781         9389024     259208      11419     280000      17963     5     800000   13419000  280000000  280000000
   3      124    17954   262079    171646805794    171647067873         9686726     243823      11419     280000         55     5     900000   13419000  280000000  280000000
   3      124    16432   279981    171647067887    171647347867         9948818     263188      11419     280000         50     5     900000   13419000  280000000  280000000
   3      124    13468   280004    171647347878    171647627882        10228810     266244      11419     280000         65     5    1200000   13419000  280000000  280000000
   3      124    13467   280004    171647627893    171647907897        10508825     266209      11419     280000         78     5    1200000   13419000  280000000  280000000
   3      124    13466   279995    171647907908    171648187902        10788839     266213      11419     280000         86     5    1200000   13419000  280000000  280000000
   3      124    13467   329294    171648187912    171648517206        11068844     266174      11419     280000      49388     7    1200000   13419000  280000000  280000000
   3      124    19431   230651    171648517220    171648747871        11398152     210556      11419     280000         53     7     800000   13419000  280000000  280000000
   3      124    16161   279991    171648747883    171649027874        11628815     263507      11419     280000         55     7    1000000   13419000  280000000  280000000
   3      124    16160   279928    171649027941    171649307868        11908872     263405      11419     280000         51     7    1000000   13419000  280000000  280000000
   3      124    16163   280007    171649307880    171649587888        12188812     263499      11419     280000         71     7    1000000   13419000  280000000  280000000
   3      124    16166   279968    171649587901    171649867869        12468832     263476      11419     280000         51     7    1000000   13419000  280000000  280000000
   3      124    17960   280003    171649867882    171650147886        12748814     261650      11419     280000         68     6     900000   13419000  280000000  280000000
   3      124    16166   279993    171650147898    171650427891        13028829     263435      11419     280000         74     6    1000000   13419000  280000000  280000000
   3      124    16163   279958    171650427903    171650707861        13308835     263471      11419     280000         44     4    1000000   13419000  280000000  280000000
   3      124    13469   293429    171650707871    171651001300        13588803     266251      11419     280000      13484     5    1200000   13419000  280000000  280000000
   3      124    13464   266562    171651001310    171651267872        13882242     252865      11419     280000         55     5    1200000   13419000  280000000  280000000
   3      124    13468   279992    171651267881    171651547873        14148813     266239      11419     280000         57     5    1200000   13419000  280000000  280000000
   3      124    13465   279982    171651547883    171651827866        14428815     266242      11419     280000         48     5    1200000   13419000  280000000  280000000
   3      124    12432   280005    171651827876    171652107881        14708808     267280      11419     280000         65     5    1300000   13419000  280000000  280000000
   3      124    12434   279987    171652107891    171652387877        14988823     267245      11419     280000         61     6    1300000   13419000  280000000  280000000
   3      124    12431   279985    171652387889    171652667873        15268820     267274      11419     280000         56     6    1300000   13419000  280000000  280000000
   3      124    12435   280007    171652667883    171652947890        15548815     267255      11419     280000         73     5    1300000   13419000  280000000  280000000
   3      124    11545   279983    171652947900    171653227883        15828831     268164      11419     280000         67     7    1400000   13419000  280000000  280000000
   3      124    11541   279982    171653227892    171653507874        16108824     268190      11419     280000         57     7    1400000   13419000  280000000  280000000
   3      124    11540   279995    171653507883    171653787878        16388815     268222      11419     280000         61     7    1400000   13419000  280000000  280000000
   3      124    11544   279989    171653787887    171654067875        16668818     268198      11419     280000         55     7    1400000   13419000  280000000  280000000
   3      124    16161   279980    171654067887    171654347867        16948819     263473      11419     280000         50     7    1000000   13419000  280000000  280000000
   3      124    12431   279996    171654347877    171654627873        17228808     267291      11419     280000         56     7    1300000   13419000  280000000  280000000
   3      124    12433   291780    171654627883    171654919663        17508814     267254      11419     280000      11845     7    1300000   13419000  280000000  280000000
   3      124    12429   271959    171654919673    171655191632        17800605     255522      11419     280000       3814     7    1300000   13419000  280000000  280000000
   3      124    16160   276226    171655191643    171655467869        18072575     259726      11419     280000         52     7    1000000   13419000  280000000  280000000
   3      124    16163   279975    171655467881    171655747856        18348813     263500      11419     280000         38     7    1000000   13419000  280000000  280000000
   3      124    13468   279959    171655747903    171656027863        18628835     266224      11419     280000         46     7    1200000   13419000  280000000  280000000
   3      124    13465   279993    171656027874    171656307867        18908806     266268      11419     280000         48     7    1200000   13419000  280000000  280000000
   3      124    12432   300958    171656307878    171656608836        19188810     267251      11419     280000      21019     7    1300000   13419000  280000000  280000000
   3      124    12427   259029    171656608845    171656867874        19489777     246388      11419     280000         57     7    1300000   13419000  280000000  280000000
   3      124    12432   279989    171656867883    171657147872        19748815     267294      11419     280000         55     7    1300000   13419000  280000000  280000000
   3      124    12434   279984    171657147882    171657427866        20028814     267276      11419     280000         49     7    1300000   13419000  280000000  280000000
   3      124    14692   280030    171657427877    171657707907        20308809     264978      11419     280000         90     7    1100000   13419000  280000000  280000000
   3      124    14689   279948    171657707918    171657987866        20588850     264978      11419     280000         50     4    1100000   13419000  280000000  280000000
   3      124    14692   279996    171657987879    171658267875        20868811     265000      11419     280000         56     4    1100000   13419000  280000000  280000000
   3      124    17907   279994    171658267886    171658547879        21148817     261451      11419     280000         62     4    1100000   13419000  280000000  280000000
   3      124    14692   279979    171658547890    171658827869        21428822     264976      11419     280000         53     4    1100000   13419000  280000000  280000000
   3      124    12445   283330    171658827879    171659111209        21708811     267235      11419     280000       3393     4    1300000   13419000  280000000  280000000
   3      124    12430   289052    171659111218    171659400270        21992150     263994      11419     280000      12454     5    1300000   13419000  280000000  280000000
   3      124    12429   267590    171659400279    171659667869        22281211     254934      11419     280000         52     5    1300000   13419000  280000000  280000000
   3      124    14693   279993    171659667880    171659947873        22548812     264978      11419     280000         56     5    1100000   13419000  280000000  280000000
   3      124    13466   279974    171659947883    171660227857        22828814     266246      11419     280000         40     5    1200000   13419000  280000000  280000000
   3      124    13467   279987    171660227867    171660507854        23108799     266247      11419     280000         37     5    1200000   13419000  280000000  280000000
   3      124    12430   280036    171660507863    171660787899        23388795     267317      11419     280000         82     5    1300000   13419000  280000000  280000000
   3      124    12433   279964    171660787909    171661067873        23668841     267244      11419     280000         56     4    1300000   13419000  280000000  280000000
   3      124    12431   279981    171661067882    171661347863        23948814     267261      11419     280000         47     5    1300000   13419000  280000000  280000000
   3      124    16164   265721    171661362155    171661627875        24243087     249244      11419     280000         58     5    1000000   13419000  280000000  280000000
   3      124    16161   279985    171661627887    171661907872        24508819     263457      11419     280000         55     5    1000000   13419000  280000000  280000000
   3      124    13468   280010    171661907882    171662187892        24788814     266251      11419     280000         75     5    1200000   13419000  280000000  280000000
   3      124    13471   279915    171662187939    171662467855        25068871     266184      11419     280000         38     4    1200000   13419000  280000000  280000000
   3      124    13466   280006    171662467865    171662747871        25348797     266256      11419     280000         54     4    1200000   13419000  280000000  280000000
   3      124    13467   279991    171662747882    171663027873        25628814     266231      11419     280000         55     4    1200000   13419000  280000000  280000000
   3      124    17960   279973    171663027886    171663307859        25908818     261638      11419     280000         42     7     900000   13419000  280000000  280000000
   3      124    14690   280030    171663307870    171663587900        26188802     265020      11419     280000         83     7    1100000   13419000  280000000  280000000
   3      124    14688   255184    171663612697    171663867882        26493629     240236      11419     280000         65     5    1100000   13419000  280000000  280000000
   3      124    14693   279989    171663867892    171664147881        26748824     264975      11419     280000         64     5    1100000   13419000  280000000  280000000
   3      124    17960   279979    171664147895    171664427874        27028827     261640      11419     280000         57     5     900000   13419000  280000000  280000000
   3      124    13468   279972    171664427884    171664707855        27308816     266230      11419     280000         39     5    1200000   13419000  280000000  280000000
   3      124    13465   280035    171664707866    171664987901        27588798     266246      11419     280000         84     5    1200000   13419000  280000000  280000000
   3      124    13468   279962    171664987911    171665267873        27868843     266196      11419     280000         56     4    1200000   13419000  280000000  280000000
   3      124    13470   279975    171665267883    171665547858        28148815     266212      11419     280000         41     5    1200000   13419000  280000000  280000000
   3      124    14691   280002    171665547869    171665827871        28428801     265021      11419     280000         54     5    1100000   13419000  280000000  280000000
   3      124    13465   279999    171665827881    171666107880        28708813     266228      11419     280000         63     5    1200000   13419000  280000000  280000000
   3      124    13467   279980    171666107890    171666387870        28988822     266241      11419     280000         51     6    1200000   13419000  280000000  280000000
   3      124    13470   280003    171666387880    171666667882        29268812     266223      11419     280000         65     6    1200000   13419000  280000000  280000000
   3      124    13473   279984    171666667892    171666947876        29548824     266164      11419     280000         59     6    1200000   13419000  280000000  280000000
   3      124    16164   279986    171666947888    171667227874        29828820     263465      11419     280000         57     6    1000000   13419000  280000000  280000000
   3      124    16161   284366    171667227886    171667512252        30108817     263504      11419     280000       4435     5    1000000   13419000  280000000  280000000
   3      124    16162   290280    171667512263    171667802543        30393195     259158      11419     280000      14726     5    1000000   13419000  280000000  280000000
   3      124    14691   265313    171667802554    171668067867        30683486     250335      11419     280000         50     7    1100000   13419000  280000000  280000000
   3      124    14694   280000    171668067878    171668347879        30948810     264994      11419     280000         62     7    1100000   13419000  280000000  280000000
   3      124    12660   279989    171668347890    171668627880        31228822     266812      11419     280000         63     4    1200000   13419000  280000000  280000000
   3      124    12431   279989    171668627889    171668907878        31508821     267291      11419     280000         61     4    1300000   13419000  280000000  280000000
   3      124    12431   279947    171668907921    171669187868        31788853     267257      11419     280000         51     4    1300000   13419000  280000000  280000000
   3      124    12432   280010    171669187878    171669467888        32068810     267282      11419     280000         70     4    1300000   13419000  280000000  280000000
   3      124    20250   279971    171669467902    171669747873        32348834     259135      11419     280000         56     5     800000   13419000  280000000  280000000
   3      124    12433   279987    171669747882    171670027869        32628814     267264      11419     280000         53     5    1300000   13419000  280000000  280000000
   3      124    12432   279990    171670027878    171670307868        32908810     267288      11419     280000         52     5    1300000   13419000  280000000  280000000
   3      124    12433   280029    171670307878    171670587907        33188810     267286      11419     280000         90     5    1300000   13419000  280000000  280000000
   3      124    12434   279968    171670587917    171670867885        33468849     267228      11419     280000         68     6    1300000   13419000  280000000  280000000
   3      124    16165   279993    171670867898    171671147890        33748830     263441      11419     280000         73     6    1000000   13419000  280000000  280000000
   3      124    14691   279965    171671147902    171671427867        34028833     264950      11419     280000         50     6    1100000   13419000  280000000  280000000
   3      124    14692   279997    171671427877    171671707874        34308809     265020      11419     280000         58     5    1100000   13419000  280000000  280000000
   3      124    12433   280032    171671707884    171671987916        34588815     267277      11419     280000         99     5    1300000   13419000  280000000  280000000
   3      124    12433   279954    171671987924    171672267879        34868856     267229      11419     280000         60     7    1300000   13419000  280000000  280000000
   3      124    12434   279977    171672267888    171672547865        35148820     267285      11419     280000         48     7    1300000   13419000  280000000  280000000
   3      124    12433   280027    171672547875    171672827902        35428807     267294      11419     280000         85     7    1300000   13419000  280000000  280000000
   3      124    12657   279944    171672827913    171673107857        35708845     266981      11419     280000         40     5    1200000   13419000  280000000  280000000
   3      124    12433   280032    171673107867    171673387899        35988798     267291      11419     280000         82     5    1300000   13419000  280000000  280000000
   3      124    12433   279966    171673387908    171673667874        36268840     267236      11419     280000         57     6    1300000   13419000  280000000  280000000
   3      124    12437   285208    171673667883    171673953092        36548815     267267      11419     280000       5276     5    1300000   13419000  280000000  280000000
   3      124    11543   274768    171673953100    171674227868        36834032     262999      11419     280000         50     5    1400000   13419000  280000000  280000000
   3      124    11542   280002    171674227877    171674507879        37108809     268209      11419     280000         62     5    1400000   13419000  280000000  280000000
   3      124    11543   280018    171674507887    171674787906        37388819     268182      11419     280000         89     5    1400000   13419000  280000000  280000000
   3      124    11541   279963    171674787915    171675067878        37668847     268179      11419     280000         61     4    1400000   13419000  280000000  280000000
   3      124    16161   279974    171675067890    171675347864        37948822     263502      11419     280000         47     4    1000000   13419000  280000000  280000000
   3      124    16165   284364    171675347923    171675632286        38228854     263424      11419     280000       4469     5    1000000   13419000  280000000  280000000
   3      124    16160   275775    171675632298    171675908073        38513230     259130      11419     280000        255     5    1000000   13419000  280000000  280000000
   3      124    20198   293234    171675908087    171676201321        38789019     259234      11419     280000      13505     5     800000   13419000  280000000  280000000
   3      124    13463   266536    171676201331    171676467867        39082263     252843      11419     280000         51     5    1200000   13419000  280000000  280000000
   3      124    13469   279995    171676467878    171676747872        39348809     266210      11419     280000         56     5    1200000   13419000  280000000  280000000
   3      124    13465   279984    171676747883    171677027867        39628814     266256      11419     280000         50     5    1200000   13419000  280000000  280000000
   3      124    13467   280005    171677027878    171677307883        39908810     266242      11419     280000         66     5    1200000   13419000  280000000  280000000
   3      124    14935   280015    171677307896    171677587911        40188827     264742      11419     280000         95     5    1000000   13419000  280000000  280000000
   3      124    14692   286375    171677587922    171677874296        40468854     264954      11419     280000       6480     4    1100000   13419000  280000000  280000000
   3      124    14690   273563    171677874307    171678147870        40755239     258598      11419     280000         53     4    1100000   13419000  280000000  280000000
   3      124    13468   279989    171678147880    171678427870        41028812     266247      11419     280000         53     7    1200000   13419000  280000000  280000000
   3      124    11542   280012    171678427879    171678707890        41308811     268216      11419     280000         74     7    1400000   13419000  280000000  280000000
   3      124    11541   279969    171678707900    171678987868        41588831     268170      11419     280000         52     7    1400000   13419000  280000000  280000000
   3      124    11545   279989    171678987878    171679267868        41868810     268196      11419     280000         51     7    1400000   13419000  280000000  280000000
   3      124    11541   279994    171679267876    171679547870        42148808     268231      11419     280000         54     7    1400000   13419000  280000000  280000000
   3      124    13465   280008    171679547881    171679827889        42428813     266263      11419     280000         71     7    1200000   13419000  280000000  280000000
   3      124    13481   279954    171679827900    171680107854        42708832     266156      11419     280000         38     7    1200000   13419000  280000000  280000000
   3      124    13466   300048    171680107865    171680407913        42988797     266263      11419     280000      20095     5    1200000   13419000  280000000  280000000
   3      124    20150   259991    171680407927    171680667918        43288859     234284      11419     280000        100     5     800000   13419000  280000000  280000000
   3      124    17950   279936    171680667932    171680947867        43548863     261608      11419     280000         51     6     900000   13419000  280000000  280000000
   3      124    12433   279996    171680947877    171681227873        43828809     267271      11419     280000         57     6    1300000   13419000  280000000  280000000
   3      124    12432   279991    171681227883    171681507874        44108814     267293      11419     280000         56     6    1300000   13419000  280000000  280000000
   3      124    12434   279988    171681507884    171681787872        44388816     267275      11419     280000         55     6    1300000   13419000  280000000  280000000
   3      124    12426   280003    171681787881    171682067884        44668813     263965      11419     280000         67     7    1300000   13419000  280000000  280000000
   3      124    16158   279915    171682067945    171682347860        44948877     263416      11419     280000         43     5    1000000   13419000  280000000  280000000
   3      124    16162   280014    171682347872    171682627886        45228804     263518      11419     280000         68     5    1000000   13419000  280000000  280000000
   3      124    13468   279995    171682627896    171682907891        45508828     266217      11419     280000         74     5    1200000   13419000  280000000  280000000
   3      124    13468   279979    171682907901    171683187881        45788833     266215      11419     280000         62     7    1200000   13419000  280000000  280000000
   3      124    13469   279964    171683187891    171683467855        46068823     266204      11419     280000         38     7    1200000   13419000  280000000  280000000
   3      124    13469   280006    171683467865    171683747871        46348797     266250      11419     280000         52     7    1200000   13419000  280000000  280000000
   3      124    12653   279986    171683747882    171684027868        46628814     267012      11419     280000         51     5    1200000   13419000  280000000  280000000
   3      124    12432   279993    171684027877    171684307870        46908809     267291      11419     280000         54     5    1300000   13419000  280000000  280000000
   3      124    12433   291504    171684307880    171684599384        47188812     267276      11419     280000      11568     5    1300000   13419000  280000000  280000000
   3      124    11541   268476    171684599392    171684867868        47480324     256718      11419     280000         52     5    1400000   13419000  280000000  280000000
   3      124    11543   280000    171684867876    171685147877        47748808     268213      11419     280000         60     5    1400000   13419000  280000000  280000000
   3      124    11547   279992    171685147886    171685427878        48028817     268166      11419     280000         59     5    1400000   13419000  280000000  280000000
   3      124    11544   279982    171685427887    171685707868        48308818     268194      11419     280000         52     5    1400000   13419000  280000000  280000000
   3      124    14689   280017    171685707880    171685987897        48588811     265033      11419     280000         80     5    1100000   13419000  280000000  280000000
   3      124    13468   279971    171685987907    171686267878        48868839     266196      11419     280000         62     4    1200000   13419000  280000000  280000000
   3      124    13467   279985    171686267889    171686547874        49148820     266207      11419     280000         57     5    1200000   13419000  280000000  280000000
   3      124    13470   279991    171686547884    171686827875        49428816     266219      11419     280000         58     5    1200000   13419000  280000000  280000000
   3      124    16166   279986    171686827887    171687107872        49708819     263479      11419     280000         55     5    1000000   13419000  280000000  280000000
   3      124    16164   280026    171687107884    171687387911        49988816     263503      11419     280000         92     5    1000000   13419000  280000000  280000000
   3      124    16153   279952    171687387923    171687667874        50268855     263447      11419     280000         56     6    1000000   13419000  280000000  280000000
   3      124    16166   280008    171687667886    171687947894        50548818     263470      11419     280000         77     6    1000000   13419000  280000000  280000000
   3      124    16164   279964    171687947906    171688227870        50828838     263397      11419     280000         53     6    1000000   13419000  280000000  280000000
   3      124    16163   279976    171688227882    171688507858        51108814     263502      11419     280000         40     5    1000000   13419000  280000000  280000000
   3      124    16164   280012    171688507910    171688787922        51388842     263458      11419     280000        106     5    1000000   13419000  280000000  280000000
   3      124    14686   279941    171688787932    171689067874        51668864     264923      11419     280000         56     7    1100000   13419000  280000000  280000000
   3      124    11540   279992    171689067883    171689347875        51948814     268197      11419     280000         58     7    1400000   13419000  280000000  280000000
   3      124    11542   279970    171689347884    171689627854        52228816     268206      11419     280000         37     4    1400000   13419000  280000000  280000000
   3      124    11543   280023    171689627863    171689907886        52508795     268234      11419     280000         68     4    1400000   13419000  280000000  280000000
   3      124    13023   279970    171689907918    171690187888        52788850     266416      11419     280000         71     4    1000000   13419000  280000000  280000000
   3      124    12433   279972    171690187898    171690467869        53068829     267265      11419     280000         52     4    1300000   13419000  280000000  280000000
   3      124    12433   279999    171690467879    171690747878        53348811     267280      11419     280000         62     5    1300000   13419000  280000000  280000000
   3      124    12432   279984    171690747888    171691027871        53628819     267276      11419     280000         55     5    1300000   13419000  280000000  280000000
   3      124    13469   279985    171691027882    171691307866        53908813     266248      11419     280000         49     5    1200000   13419000  280000000  280000000
   3      124    12433   280041    171691307876    171691587917        54188808     267299      11419     280000        100     5    1300000   13419000  280000000  280000000
   3      124    12433   279941    171691587927    171691867868        54468858     267183      11419     280000         50     6    1300000   13419000  280000000  280000000
   3      124    12431   280007    171691867877    171692147884        54748809     267319      11419     280000         65     6    1300000   13419000  280000000  280000000
   3      124    20205   279970    171692147898    171692427868        55028830     259302      11419     280000         52     6     800000   13419000  280000000  280000000
   3      124    11540   280010    171692427877    171692707887        55308809     268232      11419     280000         70     6    1400000   13419000  280000000  280000000
   3      124    11540   287680    171692707896    171692995576        55588828     268200      11419     280000       7760     7    1400000   13419000  280000000  280000000
   3      124    11541   272294    171692995585    171693267879        55876517     260526      11419     280000         61     7    1400000   13419000  280000000  280000000
   3      124    20207   279980    171693267894    171693547874        56148826     259341      11419     280000         57     7     800000   13419000  280000000  280000000
   3      124    14689   279988    171693547885    171693827873        56428817     265005      11419     280000         56     7    1100000   13419000  280000000  280000000
   3      124    14705   279995    171693827884    171694107880        56708816     264957      11419     280000         63     7    1100000   13419000  280000000  280000000
   3      124    14692   279964    171694107891    171694387855        56988823     264996      11419     280000         38     4    1100000   13419000  280000000  280000000
   3      124    15412   280019    171694387866    171694667884        57268798     264034      11419     280000         67     4    1100000   13419000  280000000  280000000
   3      124    16168   279978    171694667897    171694947875        57548829     263467      11419     280000         57     5    1000000   13419000  280000000  280000000
   3      124    16165   279988    171694947887    171695227875        57828819     263467      11419     280000         58     5    1000000   13419000  280000000  280000000
   3      124    14693   279932    171695227924    171695507856        58108856     264957      11419     280000         39     5    1100000   13419000  280000000  280000000
   3      124    14690   280028    171695507868    171695787896        58388799     265019      11419     280000         79     5    1100000   13419000  280000000  280000000
   3      124    14692   279967    171695787906    171696067873        58668838     264936      11419     280000         57     7    1100000   13419000  280000000  280000000
   3      124    12431   280012    171696067883    171696347895        58948815     267303      11419     280000         55     7    1300000   13419000  280000000  280000000
   3      124    11761   279937    171696347927    171696627864        59228859     267720      11419     280000         47     4    1300000   13419000  280000000  280000000
   3      124    11542   280005    171696627873    171696907878        59508804     268200      11419     280000         59     4    1400000   13419000  280000000  280000000
   3      124    11541   280033    171696907888    171697187921        59788820     268203      11419     280000        105     5    1400000   13419000  280000000  280000000
   3      124    11541   279964    171697187929    171697467893        60068861     268163      11419     280000         74     7    1400000   13419000  280000000  280000000
   3      124    16164   279961    171697467905    171697747866        60348837     263452      11419     280000         49     7    1000000   13419000  280000000  280000000
   3      124    14693   280032    171697747877    171698027909        60628809     264999      11419     280000         92     7    1100000   13419000  280000000  280000000
   3      124    13469   279954    171698027919    171698307873        60908851     266169      11419     280000         56     6    1200000   13419000  280000000  280000000
   3      124    13466   280014    171698307884    171698587898        61188815     266255      11419     280000         81     6    1200000   13419000  280000000  280000000
   3      124    13469   302417    171698587908    171698890325        61468840     266202      11419     280000      22507     6    1200000   13419000  280000000  280000000
   3      124    16174   257539    171698890338    171699147877        61771270     241041      11419     280000         61     6     900000   13419000  280000000  280000000
   3      124    12433   279985    171699147887    171699427871        62028819     267257      11419     280000         55     5    1300000   13419000  280000000  280000000
   3      124    12433   279989    171699427881    171699707869        62308813     267279      11419     280000         53     5    1300000   13419000  280000000  280000000
   3      124    12434   280047    171699707880    171699987926        62588811     267286      11419     280000        108     5    1300000   13419000  280000000  280000000
   3      124    18241   279913    171699987965    171700267878        62868897     261022      11419     280000         62     4     800000   13419000  280000000  280000000
   3      124    12432   279999    171700267888    171700547887        63148820     267265      11419     280000         70     4    1300000   13419000  280000000  280000000
   3      124    11542   279968    171700547896    171700827864        63428828     268174      11419     280000         47     4    1400000   13419000  280000000  280000000
   3      124    11555   279985    171700827873    171701107858        63708805     268176      11419     280000         41     4    1400000   13419000  280000000  280000000
   3      124    11541   280064    171701107867    171701387931        63988799     268225      11419     280000        113     5    1400000   13419000  280000000  280000000
   3      124    16155   279934    171701387943    171701667878        64268875     263391      11419     280000         61     7    1000000   13419000  280000000  280000000
   3      124    11540   279945    171701667918    171701947863        64548850     268199      11419     280000         47     7    1400000   13419000  280000000  280000000
   3      124    11543   279996    171701947873    171702227869        64828805     268208      11419     280000         52     7    1400000   13419000  280000000  280000000
   3      124    11541   279989    171702227877    171702507866        65108809     268228      11419     280000         50     7    1400000   13419000  280000000  280000000
   3      124    11540   280005    171702507875    171702787880        65388807     268234      11419     280000         61     7    1400000   13419000  280000000  280000000
   3      124    13467   280000    171702787891    171703067891        65668823     266218      11419     280000         75     7    1200000   13419000  280000000  280000000
   3      124    13472   279955    171703067901    171703347856        65948832     266216      11419     280000         39     5    1200000   13419000  280000000  280000000
   3      124    13468   280019    171703347866    171703627885        66228797     266255      11419     280000         67     5    1200000   13419000  280000000  280000000
   3      124    13466   280005    171703627895    171703907901        66508827     266231      11419     280000         82     5    1200000   13419000  280000000  280000000
   3      124    15592   279970    171703907918    171704187888        66788850     263708      11419     280000         71     4     700000   13419000  280000000  280000000
   3      124    14694   279988    171704187900    171704467888        67068831     264936      11419     280000         71     4    1100000   13419000  280000000  280000000
   3      124    14690   279976    171704467899    171704747876        67348831     264981      11419     280000         59     4    1100000   13419000  280000000  280000000
   3      124    12431   279998    171704747885    171705027883        67628817     267297      11419     280000         65     4    1300000   13419000  280000000  280000000
   3      124    12432   279972    171705027893    171705307865        67908825     267275      11419     280000         47     4    1300000   13419000  280000000  280000000
   3      124    12432   297907    171705307874    171705605781        68188806     267287      11419     280000      17964     5    1300000   13419000  280000000  280000000
   3      124    17952   262080    171705605794    171705867874        68486726     243841      11419     280000         57     5     900000   13419000  280000000  280000000
   3      124    13470   279981    171705867884    171706147865        68748816     266186      11419     280000         49     5    1200000   13419000  280000000  280000000
   3      124    13466   280007    171706147875    171706427882        69028807     266259      11419     280000         64     5    1200000   13419000  280000000  280000000
   3      124    13467   279980    171706427892    171706707873        69308824     266204      11419     280000         56     5    1200000   13419000  280000000  280000000
   3      124    13465   280026    171706707883    171706987909        69588814     266234      11419     280000         92     5    1200000   13419000  280000000  280000000
   3      124    13467   283228    171706987919    171707271147        69868851     266201      11419     280000       3330     4    1200000   13419000  280000000  280000000
   3      124    13467   276715    171707271157    171707547872        70152089     262984      11419     280000         55     4    1200000   13419000  280000000  280000000
   3      124    13469   279989    171707547882    171707827871        70428813     266242      11419     280000         54     5    1200000   13419000  280000000  280000000
   3      124    16165   279975    171707827883    171708107858        70708815     263445      11419     280000         40     5    1000000   13419000  280000000  280000000
   3      124    14914   280046    171708107871    171708387917        70988803     264618      11419     280000         98     5    1000000   13419000  280000000  280000000
   3      124    14687   279896    171708387973    171708667868        71268905     264912      11419     280000         52     6    1100000   13419000  280000000  280000000
   3      124    14692   279998    171708667879    171708947877        71548811     265009      11419     280000         59     6    1100000   13419000  280000000  280000000
   3      124    14693   279990    171708947889    171709227879        71828821     264967      11419     280000         63     6    1100000   13419000  280000000  280000000
   3      124    14691   279969    171709227891    171709507859        72108822     264987      11419     280000         42     5    1100000   13419000  280000000  280000000
   3      124    14690   280056    171709507870    171709787926        72388802     264997      11419     280000        109     5    1100000   13419000  280000000  280000000
   3      124    14687   279942    171709787936    171710067878        72668868     264951      11419     280000         61     7    1100000   13419000  280000000  280000000
   3      124    14692   279988    171710067889    171710347877        72948821     264996      11419     280000         60     7    1100000   13419000  280000000  280000000
   3      124    12432   279976    171710347886    171710627862        73228818     267276      11419     280000         46     6    1300000   13419000  280000000  280000000
   3      124    12431   280006    171710627872    171710907878        73508804     267298      11419     280000         62     6    1300000   13419000  280000000  280000000
   3      124    12431   279988    171710907888    171711187876        73788820     267294      11419     280000         59     6    1300000   13419000  280000000  280000000
   3      124    12436   279992    171711187885    171711467877        74068817     267227      11419     280000         60     6    1300000   13419000  280000000  280000000
   3      124    13469   279985    171711467888    171711747873        74348819     266215      11419     280000         55     5    1200000   13419000  280000000  280000000
   3      124    13467   279995    171711747883    171712027878        74628815     266231      11419     280000         61     5    1200000   13419000  280000000  280000000
   3      124    13468   280003    171712027888    171712307891        74908820     266227      11419     280000         73     5    1200000   13419000  280000000  280000000
   3      124    13467   279999    171712307901    171712587901        75188833     266194      11419     280000         84     5    1200000   13419000  280000000  280000000
   3      124    14696   279961    171712587912    171712867873        75468844     264948      11419     280000         56     6    1100000   13419000  280000000  280000000
   3      124    14690   279982    171712867884    171713147866        75748816     265032      11419     280000         48     6    1100000   13419000  280000000  280000000
   3      124    14689   279995    171713147877    171713427873        76028809     264992      11419     280000         56     6    1100000   13419000  280000000  280000000
   3      124    17958   279970    171713427885    171713707855        76308817     261656      11419     280000         37     5    1100000   13419000  280000000  280000000
   3      124    14691   294645    171713707865    171714002510        76588797     265042      11419     280000      14694     5    1100000   13419000  280000000  280000000
   3      124    14691   265347    171714002521    171714267868        76883453     250388      11419     280000         51     5    1100000   13419000  280000000  280000000
   3      124    14691   279992    171714267879    171714547871        77148811     265022      11419     280000         55     5    1100000   13419000  280000000  280000000
   3      124    12430   280003    171714547880    171714827883        77428812     267299      11419     280000         66     5    1300000   13419000  280000000  280000000
   3      124    12436   279959    171714827929    171715107887        77708860     267223      11419     280000         71     5    1300000   13419000  280000000  280000000
   3      124    12430   279960    171715107897    171715387857        77988829     267279      11419     280000         40     6    1300000   13419000  280000000  280000000
   3      124    12432   279998    171715387869    171715667867        78268801     208697      11419     280000         48     6    1300000   13419000  280000000  280000000
   3      124    12462   279999    171715667876    171715947874        78548808     212847      11419     280000         58     6    1300000   13419000  280000000  280000000
   3      124    12434   279994    171715947884    171716227878        78828816     267278      11419     280000         61     5    1300000   13419000  280000000  280000000
   3      124    12433   279993    171716227888    171716507880        79108819     267275      11419     280000         63     5    1300000   13419000  280000000  280000000
   3      124    17955   279985    171716507893    171716787879        79388825     261641      11419     280000         60     5     900000   13419000  280000000  280000000
   3      124    17957   279994    171716787893    171717067887        79668825     261644      11419     280000         69     4     900000   13419000  280000000  280000000
   3      124    17961   279970    171717067900    171717347870        79948832     261658      11419     280000         53     4     900000   13419000  280000000  280000000
   3      124    14691   279999    171717347881    171717627880        80228813     265013      11419     280000         61     4    1100000   13419000  280000000  280000000
   3      124    14691   279968    171717627891    171717907860        80508823     265003      11419     280000         43     4    1100000   13419000  280000000  280000000
   3      124    12434   292464    171717907869    171718200334        80788801     267288      11419     280000      12517     5    1300000   13419000  280000000  280000000
   3      124    12427   267523    171718200343    171718467866        81081275     254861      11419     280000         49     5    1300000   13419000  280000000  280000000
   3      124    11732   279999    171718467876    171718747875        81348808     268002      11419     280000         58     5    1300000   13419000  280000000  280000000
   3      124    11543   279986    171718747884    171719027869        81628815     268204      11419     280000         53     5    1400000   13419000  280000000  280000000
   3      124    11541   279988    171719027878    171719307866        81908810     268225      11419     280000         49     5    1400000   13419000  280000000  280000000
   3      124    11540   280042    171719307875    171719587916        82188807     268238      11419     280000         99     5    1400000   13419000  280000000  280000000
   3      124    14690   279933    171719587930    171719867863        82468862     239498      11419     280000         46     4    1100000   13419000  280000000  280000000
   3      124    14692   279988    171719867874    171720147862        82748806     265029      11419     280000         45     7    1100000   13419000  280000000  280000000
   3      124    14691   280001    171720147874    171720427875        83028805     265025      11419     280000         58     7    1100000   13419000  280000000  280000000
   3      124    14694   279979    171720427885    171720707864        83308817     265010      11419     280000         46     7    1100000   13419000  280000000  280000000
   3      124    13468   280003    171720707875    171720987878        83588807     266239      11419     280000         61     7    1200000   13419000  280000000  280000000
   3      124    13468   279967    171720987889    171721267855        83868821     266194      11419     280000         38     7    1200000   13419000  280000000  280000000
   3      124    13466   280044    171721267865    171721547909        84148797     266279      11419     280000         91     7    1200000   13419000  280000000  280000000
   3      124    14920   279891    171721547965    171721827856        84428896     264659      11419     280000         39     6    1000000   13419000  280000000  280000000
   3      124    11544   279997    171721827865    171722107862        84708797     268235      11419     280000         46     6    1400000   13419000  280000000  280000000
   3      124    11540   280011    171722107871    171722387882        84988803     268219      11419     280000         62     7    1400000   13419000  280000000  280000000
   3      124    11541   279972    171722387892    171722667865        85268824     268192      11419     280000         48     7    1400000   13419000  280000000  280000000
   3      124    11541   279994    171722667873    171722947867        85548805     268225      11419     280000         50     7    1400000   13419000  280000000  280000000
   3      124    13467   279991    171722947877    171723227868        85828809     266259      11419     280000         51     7    1200000   13419000  280000000  280000000
   3      124    12430   280001    171723227879    171723507880        86108811     264005      11419     280000         62     4    1300000   13419000  280000000  280000000
   3      124    12431   279987    171723507890    171723787877        86388822     267252      11419     280000         61     4    1300000   13419000  280000000  280000000
   3      124    12432   279969    171723787888    171724067857        86668820     267291      11419     280000         39     4    1300000   13419000  280000000  280000000
   3      124    12436   284427    171724067866    171724352293        86948798     267289      11419     280000       4476     5    1300000   13419000  280000000  280000000
   3      124    16159   275605    171724352305    171724627910        87233237     259130      11419     280000         93     5    1000000   13419000  280000000  280000000
   3      124    16180   279947    171724627922    171724907869        87508854     263293      11419     280000         52     6    1000000   13419000  280000000  280000000
   3      124    12435   279991    171724907879    171725187869        87788811     267274      11419     280000         53     7    1300000   13419000  280000000  280000000
   3      124    12433   279986    171725187880    171725467866        88068812     267285      11419     280000         49     7    1300000   13419000  280000000  280000000
   3      124    12432   280043    171725467876    171725747918        88348808     267289      11419     280000        101     7    1300000   13419000  280000000  280000000
   3      124    17950   279945    171725747931    171726027877        88628863     261626      11419     280000         59     5     900000   13419000  280000000  280000000
   3      124    13466   279967    171726027887    171726307854        88908819     266239      11419     280000         37     5    1200000   13419000  280000000  280000000
   3      124    13470   302758    171726307864    171726610622        89188796     266252      11419     280000      22805     5    1200000   13419000  280000000  280000000
   3      124    13464   257253    171726610632    171726867884        89491563     243493      11419     280000         68     7    1200000   13419000  280000000  280000000
   3      124    13468   279975    171726867894    171727147870        89748826     266201      11419     280000         53     7    1200000   13419000  280000000  280000000
   3      124    13466   280001    171727147880    171727427881        90028811     266264      11419     280000         60     7    1200000   13419000  280000000  280000000
   3      124    13466   279977    171727427891    171727707868        90308823     266206      11419     280000         51     7    1200000   13419000  280000000  280000000
   3      124    13471   279992    171727707878    171727987870        90588810     266236      11419     280000         52     7    1200000   13419000  280000000  280000000
   3      124    13469   283063    171727987881    171728270945        90868813     266225      11419     280000       3128     7    1200000   13419000  280000000  280000000
   3      124    13467   276868    171728270989    171728547857        91151921     263149      11419     280000         41     7    1200000   13419000  280000000  280000000
   3      124    13469   279988    171728547868    171728827856        91428800     266246      11419     280000         38     7    1200000   13419000  280000000  280000000
   3      124    13482   280016    171728827866    171729107883        91708798     266197      11419     280000         65     7    1200000   13419000  280000000  280000000
   3      124    17968   279983    171729107896    171729387879        91988828     261534      11419     280000         61     6     900000   13419000  280000000  280000000
   3      124    17959   279980    171729387893    171729667872        92268825     261617      11419     280000         56     6     900000   13419000  280000000  280000000
   3      124    12434   279988    171729667882    171729947870        92548814     267291      11419     280000         52     6    1300000   13419000  280000000  280000000
   3      124    12432   279984    171729947882    171730227866        92828813     267285      11419     280000         49     6    1300000   13419000  280000000  280000000
   3      124    12435   279995    171730227875    171730507871        93108807     267250      11419     280000         54     6    1300000   13419000  280000000  280000000
   3      124    12434   292419    171730507881    171730800300        93388812     267279      11419     280000      12483     5    1300000   13419000  280000000  280000000
   3      124    12431   267557    171730800309    171731067866        93681241     254897      11419     280000         50     5    1300000   13419000  280000000  280000000
   3      124    12435   279997    171731067876    171731347873        93948808     267280      11419     280000         56     5    1300000   13419000  280000000  280000000
   3      124    12434   279998    171731347883    171731627881        94228814     267252      11419     280000         62     5    1300000   13419000  280000000  280000000
