#idx     perf      run   period           start             end          rel_st      slack c_duration   c_period     wu_lat   cpu       freq dl_runtime  dl_period dl_deadline
   2      380    35357   149949    119362113274    119362263223         1163388     114057      34991     150000         54     6    1400000   36991000  150000000  150000000
   2      380    35361   149991    119362263234    119362413224         1313348     114159      34991     150000         55     6    1400000   36991000  150000000  150000000
   2      380    35354   149982    119362413234    119362563216         1463348     114168      34991     150000         46     6    1400000   36991000  150000000  150000000
   2      380    35351   149991    119362563225    119362713216         1613339     114165      34991     150000         46     6    1400000   36991000  150000000  150000000
   2      380    35348   149994    119362713225    119362863219         1763339     114170      34991     150000         47     6    1400000   36991000  150000000  150000000
   2      380    35363   150010    119362863228    119363013238         1913342     114136      34991     150000         68     6    1400000   36991000  150000000  150000000
   2      380    35362   149971    119363013247    119363163218         2063361     114115      34991     150000         48     6    1400000   36991000  150000000  150000000
   2      380    38084   150010    119363163228    119363313237         2213342        -68      34991     150000          0     6    1300000   36991000  150000000  150000000
   2      380    38067   150000    119363313248    119363463248         2363362        -80      34991     150000          0     6    1300000   36991000  150000000  150000000
   2      380    38100   151725    119363463258    119363614983         2513372      -1815      34991     150000          0     6    1300000   36991000  150000000  150000000
   2      380    35928   148242    119363614993    119363763235         2665107        -67      34991     150000          0     6    1300000   36991000  150000000  150000000
   2      380    35353   150010    119363763245    119363913255         2813360        -85      34991     150000          0     6    1400000   36991000  150000000  150000000
   2      380    35355   149954    119363913264    119364063218         2963379     114150      34991     150000         48     6    1400000   36991000  150000000  150000000
   2      380    38076   150056    119364063228    119364213284         3113342       -116      34991     150000          0     6    1300000   36991000  150000000  150000000
   2      380    38068   149942    119364213293    119364363235         3263408        -67      34991     150000          0     5    1300000   36991000  150000000  150000000
   2      380    38088   151699    119364363244    119364514943         3413359      -1775      34991     150000          0     5    1300000   36991000  150000000  150000000
   2      380    38205   149834    119364514953    119364664786         3565067      -1618      34991     150000          0     7    1300000   36991000  150000000  150000000
   2      380    41256   154864    119364664796    119364819660         3714911      -6492      34991     150000          0     7    1200000   36991000  150000000  150000000
   2      380    41266   156958    119364819671    119364976628         3869785     -13460      34991     150000          0     7    1200000   36991000  150000000  150000000
   2      380    41272   150868    119364976638    119365127507         4026753     -14338      34991     150000          0     7    1200000   36991000  150000000  150000000
   2      380    41276   156952    119365127516    119365284468         4177630     -21299      34991     150000          0     7    1200000   36991000  150000000  150000000
   2      380    40029   153605    119365284478    119365438084         4334592     -24915      34991     150000          0     7    1200000   36991000  150000000  150000000
   2      380    38087   149702    119365438093    119365587796         4488208     -24627      34991     150000          0     7    1300000   36991000  150000000  150000000
   2      380    38098   151738    119365587844    119365739582         4637958     -26413      34991     150000          0     7    1300000   36991000  150000000  150000000
   2      380    40249   151944    119365739591    119365891536         4789706     -28367      34991     150000          0     7    1300000   36991000  150000000  150000000
   2      380    41265   154961    119365891546    119366046506         4941660     -33338      34991     150000          0     7    1200000   36991000  150000000  150000000
   2      380    41274   266779    119366046516    119366313296         5096631    -150126      34991     150000          0     7    1200000   36991000  150000000  150000000
   2      380    41277   156962    119366313308    119366470270         5363422    -157101      34991     150000          0     7    1200000   36991000  150000000  150000000
   2      380    41270   150937    119366470281    119366621217         5520395    -158049      34991     150000          0     7    1200000   36991000  150000000  150000000
   2      380    41291   156998    119366621227    119366778225         5671341    -165057      34991     150000          0     7    1200000   36991000  150000000  150000000
   2      380    41262   155008    119366778236    119366933243         5828350    -170075      34991     150000          0     7    1200000   36991000  150000000  150000000
   2      380    41268   153004    119366933254    119367086257         5983368    -173089      34991     150000          0     7    1200000   36991000  150000000  150000000
   2      380    41268   155081    119367086267    119367241348         6136382    -178180      34991     150000          0     7    1200000   36991000  150000000  150000000
   2      380    41270   153001    119367241359    119367394360         6291473    -181191      34991     150000          0     6    1200000   36991000  150000000  150000000
   2      380    41276   268935    119367394370    119367663304         6444484    -300136      34991     150000          0     6    1200000   36991000  150000000  150000000
   2      380    41275   155014    119367663315    119367818329         6713429    -305160      34991     150000          0     4    1200000   36991000  150000000  150000000
   2      380    41273   153046    119367818339    119367971385         6868453    -308217      34991     150000          0     4    1200000   36991000  150000000  150000000
   2      380    41276   155034    119367971395    119368126429         7021509    -313261      34991     150000          0     5    1200000   36991000  150000000  150000000
   2      380    41270   153034    119368126439    119368279474         7176554    -316305      34991     150000          0     5    1200000   36991000  150000000  150000000
   2      380    41271   155022    119368279485    119368434506         7329599    -321338      34991     150000          0     5    1200000   36991000  150000000  150000000
   2      380    41268   153021    119368434517    119368587538         7484631    -324369      34991     150000          0     5    1200000   36991000  150000000  150000000
   2      380    41264   154991    119368587548    119368742539         7637662    -329371      34991     150000          0     5    1200000   36991000  150000000  150000000
   2      380    41266   152987    119368742549    119368895536         7792663    -332368      34991     150000          0     5    1200000   36991000  150000000  150000000
   2      380    41287   270337    119368895546    119369165882         7945660    -452714      34991     150000          0     5    1200000   36991000  150000000  150000000
   2      380    41268   151032    119369165892    119369316925         8216007    -453756      34991     150000          0     5    1200000   36991000  150000000  150000000
   2      380    41272   157075    119369316935    119369474010         8367049    -460842      34991     150000          0     5    1200000   36991000  150000000  150000000
   2      380    41279   155049    119369474021    119369629069         8524135    -465901      34991     150000          0     7    1200000   36991000  150000000  150000000
   2      380    41262   153018    119369629115    119369782133         8679229    -468965      34991     150000          0     7    1200000   36991000  150000000  150000000
   2      380    41266   155000    119369782143    119369937143         8832258    -473975      34991     150000          0     7    1200000   36991000  150000000  150000000
   2      380    41259   153008    119369937154    119370090162         8987268    -476993      34991     150000          0     5    1200000   36991000  150000000  150000000
   2      380    41285   155106    119370090172    119370245277         9140286    -482109      34991     150000          0     5    1200000   36991000  150000000  150000000
   2      380    41268   268099    119370245288    119370513386         9295402    -600217      34991     150000          0     5    1200000   36991000  150000000  150000000
   2      380    41272   153043    119370513397    119370666440         9563511    -603271      34991     150000          0     5    1200000   36991000  150000000  150000000
   2      380    41265   155063    119370666450    119370821513         9716564    -608344      34991     150000          0     5    1200000   36991000  150000000  150000000
   2      380    38104   195377    119370821523    119371016900         9871637    -653732      34991     150000          0     5    1300000   36991000  150000000  150000000
   2      380    38069   149369    119371016910    119371166278        10067024    -653110      34991     150000          0     5    1300000   36991000  150000000  150000000
   2      380    41263   153591    119371166289    119371319880        10216403    -656712      34991     150000          0     5    1200000   36991000  150000000  150000000
   2      380    41289   155968    119371319891    119371475859        10370005    -662690      34991     150000          0     5    1200000   36991000  150000000  150000000
   2      380    41276   153984    119371475869    119371629853        10525984    -666684      34991     150000          0     5    1200000   36991000  150000000  150000000
   2      380    41263   155946    119371629863    119371785808        10679977    -672640      34991     150000          0     5    1200000   36991000  150000000  150000000
   2      380    41275   153914    119371785818    119371939733        10835933    -676564      34991     150000          0     5    1200000   36991000  150000000  150000000
   2      380    38075   231755    119371939743    119372171498        10989857    -758329      34991     150000          0     5    1300000   36991000  150000000  150000000
   2      380    38089   151944    119372171508    119372323452        11221622    -760283      34991     150000          0     5    1300000   36991000  150000000  150000000
   2      380    38120   150028    119372323461    119372473489        11373575    -760321      34991     150000          0     5    1300000   36991000  150000000  150000000
   2      380    38798   152654    119372473498    119372626152        11523613    -762984      34991     150000          0     7    1300000   36991000  150000000  150000000
   2      380    45022   156978    119372626163    119372783140        11676277    -769972      34991     150000          0     7    1100000   36991000  150000000  150000000
   2      380    43314   157304    119372783152    119372940456        11833266    -777287      34991     150000          0     6    1100000   36991000  150000000  150000000
   2      380    41269   153207    119372940466    119373093673        11990580    -780505      34991     150000          0     6    1200000   36991000  150000000  150000000
   2      380    41277   155235    119373093684    119373248919        12143798    -785750      34991     150000          0     6    1200000   36991000  150000000  150000000
   2      380    41266   153206    119373248929    119373402135        12299043    -788967      34991     150000          0     6    1200000   36991000  150000000  150000000
   2      380    41273   269351    119373402183    119373671533        12452297    -908365      34991     150000          0     6    1200000   36991000  150000000  150000000
   2      380    41267   151251    119373671544    119373822794        12721658    -909626      34991     150000          0     6    1200000   36991000  150000000  150000000
   2      380    41286   157335    119373822804    119373980139        12872919    -916971      34991     150000          0     6    1200000   36991000  150000000  150000000
   2      380    38077   249000    119373980150    119374229150        13030264   -1015982      34991     150000          0     6    1300000   36991000  150000000  150000000
   2      380    38071   149991    119374229161    119374379152        13279275   -1015983      34991     150000          0     4    1300000   36991000  150000000  150000000
   2      380    38232   151758    119374379161    119374530920        13429276   -1017751      34991     150000          0     4    1300000   36991000  150000000  150000000
   2      380    41277   152840    119374530930    119374683771        13581045   -1020602      34991     150000          0     4    1200000   36991000  150000000  150000000
   2      380    41275   154860    119374683781    119374838642        13733896   -1025473      34991     150000          0     4    1200000   36991000  150000000  150000000
   2      380    41274   156900    119374838652    119374995552        13888766   -1032384      34991     150000          0     4    1200000   36991000  150000000  150000000
   2      380    41272   154825    119374995562    119375150387        14045677   -1037219      34991     150000          0     4    1200000   36991000  150000000  150000000
   2      380    41270   152821    119375150397    119375303218        14200511   -1040050      34991     150000          0     4    1200000   36991000  150000000  150000000
   2      380    41259   154860    119375303228    119375458088        14353343   -1044920      34991     150000          0     4    1200000   36991000  150000000  150000000
   2      380    41279   152896    119375458099    119375610994        14508213   -1047826      34991     150000          0     4    1200000   36991000  150000000  150000000
   2      380    41281   268186    119375611004    119375879191        14661119   -1166022      34991     150000          0     4    1200000   36991000  150000000  150000000
   2      380    41271   154924    119375879202    119376034126        14929316   -1170958      34991     150000          0     4    1200000   36991000  150000000  150000000
   2      380    41279   152878    119376034137    119376187014        15084251   -1173846      34991     150000          0     4    1200000   36991000  150000000  150000000
   2      380    41265   154849    119376187025    119376341873        15237139   -1178705      34991     150000          0     4    1200000   36991000  150000000  150000000
   2      380    41272   152895    119376341884    119376494779        15391998   -1181610      34991     150000          0     4    1200000   36991000  150000000  150000000
   2      380    41265   154917    119376494789    119376649706        15544903   -1186538      34991     150000          0     4    1200000   36991000  150000000  150000000
   2      380    39179   154840    119376649717    119376804557        15699831   -1191389      34991     150000          0     4    1200000   36991000  150000000  150000000
   2      380    38097   151756    119376804567    119376956323        15854681   -1193155      34991     150000          0     4    1300000   36991000  150000000  150000000
   2      380    40307   151911    119376956333    119377108244        16006447   -1195076      34991     150000          0     4    1300000   36991000  150000000  150000000
   2      380    41270   154916    119377108254    119377263170        16158369   -1200002      34991     150000          0     4    1200000   36991000  150000000  150000000
   2      380    41291   266130    119377263181    119377529311        16313295   -1316143      34991     150000          0     4    1200000   36991000  150000000  150000000
   2      380    41280   152911    119377529367    119377682278        16579481   -1319109      34991     150000          0     5    1200000   36991000  150000000  150000000
   2      380    41274   154927    119377682288    119377837215        16732402   -1324047      34991     150000          0     5    1200000   36991000  150000000  150000000
   2      380    41280   156931    119377837226    119377994157        16887340   -1330988      34991     150000          0     5    1200000   36991000  150000000  150000000
   2      380    41261   150905    119377994167    119378145072        17044281   -1331903      34991     150000          0     5    1200000   36991000  150000000  150000000
   2      380    41273   156954    119378145082    119378302036        17195196   -1338868      34991     150000          0     5    1200000   36991000  150000000  150000000
   2      380    41262   154911    119378302046    119378456958        17352161   -1343789      34991     150000          0     7    1200000   36991000  150000000  150000000
   2      380    41273   152959    119378456968    119378609927        17507082   -1346758      34991     150000          0     7    1200000   36991000  150000000  150000000
   2      380    41275   154964    119378609937    119378764901        17660051   -1351732      34991     150000          0     7    1200000   36991000  150000000  150000000
   2      380    41301   266167    119378764911    119379031078        17815025   -1467910      34991     150000          0     7    1200000   36991000  150000000  150000000
   2      380    41269   153045    119379031088    119379184133        18081202   -1470965      34991     150000          0     7    1200000   36991000  150000000  150000000
   2      380    41274   154977    119379184143    119379339121        18234258   -1475952      34991     150000          0     6    1200000   36991000  150000000  150000000
   2      380    41293   157113    119379339131    119379496244        18389245   -1483076      34991     150000          0     6    1200000   36991000  150000000  150000000
   2      380    41261   154894    119379496254    119379651149        18546368   -1487980      34991     150000          0     6    1200000   36991000  150000000  150000000
   2      380    41277   152965    119379651159    119379804124        18701273   -1490956      34991     150000          0     6    1200000   36991000  150000000  150000000
   2      380    41262   154963    119379804134    119379959098        18854248   -1495929      34991     150000          0     6    1200000   36991000  150000000  150000000
   2      380    41281   153034    119379959108    119380112142        19009222   -1498973      34991     150000          0     6    1200000   36991000  150000000  150000000
   2      380    41262   267141    119380112152    119380379293        19162266   -1616125      34991     150000          0     6    1200000   36991000  150000000  150000000
   2      380    41271   155041    119380379304    119380534345        19429418   -1621176      34991     150000          0     6    1200000   36991000  150000000  150000000
   2      380    41277   152995    119380534355    119380687350        19584469   -1624182      34991     150000          0     6    1200000   36991000  150000000  150000000
   2      380    40409   154172    119380687361    119380841533        19737475   -1628365      34991     150000          0     6    1200000   36991000  150000000  150000000
   2      380    38105   149853    119380841543    119380991396        19891657   -1628227      34991     150000          0     6    1300000   36991000  150000000  150000000
   2      380    39479   156070    119380991406    119381147476        20041520   -1634307      34991     150000          0     6    1300000   36991000  150000000  150000000
   2      380    41277   153088    119381147486    119381300574        20197601   -1637406      34991     150000          0     6    1200000   36991000  150000000  150000000
   2      380    41264   155037    119381300619    119381455656        20350734   -1642488      34991     150000          0     6    1200000   36991000  150000000  150000000
   2      380    41282   153118    119381455666    119381608784        20505780   -1645616      34991     150000          0     6    1200000   36991000  150000000  150000000
   2      380    41284   155028    119381608795    119381763823        20658909   -1650654      34991     150000          0     6    1200000   36991000  150000000  150000000
   2      380    41297   266363    119381763833    119382030196        20813947   -1767028      34991     150000          0     6    1200000   36991000  150000000  150000000
   2      380    41286   153002    119382030207    119382183209        21080321   -1770040      34991     150000          0     5    1200000   36991000  150000000  150000000
   2      380    41262   155013    119382183219    119382338232        21233333   -1775064      34991     150000          0     5    1200000   36991000  150000000  150000000
   2      380    41275   157101    119382338243    119382495344        21388357   -1782176      34991     150000          0     5    1200000   36991000  150000000  150000000
   2      380    41274   151030    119382495354    119382646384        21545468   -1783216      34991     150000          0     5    1200000   36991000  150000000  150000000
   2      380    41268   156997    119382646394    119382803391        21696508   -1790222      34991     150000          0     5    1200000   36991000  150000000  150000000
   2      380    41273   155009    119382803401    119382958410        21853515   -1795241      34991     150000          0     5    1200000   36991000  150000000  150000000
   2      380    41271   153046    119382958420    119383111466        22008534   -1798298      34991     150000          0     5    1200000   36991000  150000000  150000000
   2      380    41279   267884    119383111476    119383379360        22161590   -1916192      34991     150000          0     5    1200000   36991000  150000000  150000000
   2      380    41268   155056    119383379371    119383534427        22429485   -1921258      34991     150000          0     5    1200000   36991000  150000000  150000000
   2      380    41273   153114    119383534437    119383687552        22584552   -1924383      34991     150000          0     5    1200000   36991000  150000000  150000000
   2      380    41266   155035    119383687562    119383842597        22737676   -1929429      34991     150000          0     7    1200000   36991000  150000000  150000000
   2      380    41275   153024    119383842608    119383995632        22892722   -1932463      34991     150000          0     7    1200000   36991000  150000000  150000000
   2      380    41272   155021    119383995642    119384150663        23045756   -1937494      34991     150000          0     7    1200000   36991000  150000000  150000000
   2      380    41274   153046    119384150673    119384303719        23200787   -1940551      34991     150000          0     7    1200000   36991000  150000000  150000000
   2      380    41275   155040    119384303729    119384458769        23353843   -1945601      34991     150000          0     7    1200000   36991000  150000000  150000000
   2      380    41274   153072    119384458779    119384611852        23508894   -1948683      34991     150000          0     7    1200000   36991000  150000000  150000000
   2      380    38425   267561    119384611862    119384879424        23661977   -2066255      34991     150000          0     6    1200000   36991000  150000000  150000000
   2      380    38080   149985    119384879433    119385029418        23929547   -2066250      34991     150000          0     6    1300000   36991000  150000000  150000000
   2      380    41282   153173    119385029428    119385182602        24079543   -2069433      34991     150000          0     6    1200000   36991000  150000000  150000000
   2      380    40635   154511    119385182612    119385337123        24232726   -2073955      34991     150000          0     6    1200000   36991000  150000000  150000000
   2      380    38101   149935    119385337165    119385487100        24387279   -2073932      34991     150000          0     6    1300000   36991000  150000000  150000000
   2      380    38890   152751    119385487110    119385639861        24537224   -2076692      34991     150000          0     6    1300000   36991000  150000000  150000000
   2      380    41275   153220    119385639871    119385793091        24689985   -2079923      34991     150000          0     6    1200000   36991000  150000000  150000000
   2      380    41280   155164    119385793102    119385948266        24843216   -2085097      34991     150000          0     6    1200000   36991000  150000000  150000000
   2      380    41277   157169    119385948276    119386105445        24998390   -2092277      34991     150000          0     6    1200000   36991000  150000000  150000000
   2      380    41275   151183    119386105455    119386256639        25155569   -2093470      34991     150000          0     6    1200000   36991000  150000000  150000000
   2      380    38088   291908    119386256649    119386548557        25306763   -2235389      34991     150000          0     6    1300000   36991000  150000000  150000000
   2      380    38075   149486    119386548567    119386698053        25598681   -2234884      34991     150000          0     7    1300000   36991000  150000000  150000000
   2      380    38088   150484    119386698062    119386848546        25748176   -2235378      34991     150000          0     7    1300000   36991000  150000000  150000000
   2      380    38109   152511    119386848556    119387001067        25898670   -2237899      34991     150000          0     7    1300000   36991000  150000000  150000000
   2      380    41013   157437    119387001076    119387158513        26051191   -2245344      34991     150000          0     7    1300000   36991000  150000000  150000000
   2      380    41266   151737    119387158523    119387310260        26208637   -2247092      34991     150000          0     7    1200000   36991000  150000000  150000000
   2      380    41242   153731    119387310270    119387464002        26360385   -2250833      34991     150000          0     7    1200000   36991000  150000000  150000000
   2      380    41266   155754    119387464053    119387619807        26514167   -2256639      34991     150000          0     7    1200000   36991000  150000000  150000000
   2      380    41245   153763    119387619817    119387773581        26669931   -2260412      34991     150000          0     7    1200000   36991000  150000000  150000000
   2      380    41276   155757    119387773591    119387929349        26823705   -2266180      34991     150000          0     7    1200000   36991000  150000000  150000000
   2      380    44449   270996    119387929359    119388200355        26979473   -2387187      34991     150000          0     7    1200000   36991000  150000000  150000000
   2      380    44208   156697    119388200366    119388357063        27250481   -2393895      34991     150000          0     7    1100000   36991000  150000000  150000000
   2      380    41267   151777    119388357073    119388508850        27407187   -2395682      34991     150000          0     7    1200000   36991000  150000000  150000000
   2      380    41268   157720    119388508860    119388666580        27558975   -2403412      34991     150000          0     7    1200000   36991000  150000000  150000000
   2      380    41269   151745    119388666590    119388818336        27716705   -2405167      34991     150000          0     7    1200000   36991000  150000000  150000000
   2      380    43429   155890    119388818345    119388974236        27868460   -2411067      34991     150000          0     7    1200000   36991000  150000000  150000000
   2      380    45011   273860    119388974246    119389248107        28024360   -2534938      34991     150000          0     7    1100000   36991000  150000000  150000000
   2      380    41267   151801    119389248151    119389399952        28298265   -2536784      34991     150000          0     4    1200000   36991000  150000000  150000000
   2      380    41282   153845    119389399963    119389553808        28450077   -2540639      34991     150000          0     4    1200000   36991000  150000000  150000000
   2      380    41266   155855    119389553818    119389709673        28603932   -2546505      34991     150000          0     4    1200000   36991000  150000000  150000000
   2      380    41272   153767    119389709684    119389863451        28759798   -2550282      34991     150000          0     5    1200000   36991000  150000000  150000000
   2      380    41268   155816    119389863460    119390019276        28913575   -2556108      34991     150000          0     5    1200000   36991000  150000000  150000000
   2      380    41270   153804    119390019286    119390173090        29069401   -2559922      34991     150000          0     5    1200000   36991000  150000000  150000000
   2      380    41266   155796    119390173100    119390328896        29223214   -2565728      34991     150000          0     4    1200000   36991000  150000000  150000000
   2      380    41259   153743    119390328906    119390482649        29379020   -2569481      34991     150000          0     4    1200000   36991000  150000000  150000000
   2      380    41308   268003    119390482659    119390750663        29532774   -2687494      34991     150000          0     4    1200000   36991000  150000000  150000000
   2      380    41273   151829    119390750673    119390902502        29800787   -2689333      34991     150000          0     4    1200000   36991000  150000000  150000000
   2      380    42002   154568    119390902512    119391057080        29952626   -2693911      34991     150000          0     4    1200000   36991000  150000000  150000000
   2      380    45024   159650    119391057091    119391216740        30107205   -2703572      34991     150000          0     4    1100000   36991000  150000000  150000000
   2      380    42854   155466    119391216751    119391372217        30266865   -2709048      34991     150000          0     4    1100000   36991000  150000000  150000000
   2      380    41265   155822    119391372227    119391528049        30422341   -2714880      34991     150000          0     4    1200000   36991000  150000000  150000000
   2      380    41273   153834    119391528060    119391681894        30578174   -2718725      34991     150000          0     4    1200000   36991000  150000000  150000000
   2      380    44873   271617    119391681904    119391953521        30732018   -2840352      34991     150000          0     4    1200000   36991000  150000000  150000000
   2      380    44111   154872    119391953532    119392108403        31003646   -2845235      34991     150000          0     4    1100000   36991000  150000000  150000000
   2      380    41272   153803    119392108414    119392262217        31158528   -2849048      34991     150000          0     4    1200000   36991000  150000000  150000000
   2      380    41272   155823    119392262227    119392418049        31312341   -2854881      34991     150000          0     4    1200000   36991000  150000000  150000000
   2      380    41272   153827    119392418061    119392571887        31468175   -2858719      34991     150000          0     4    1200000   36991000  150000000  150000000
   2      380    41260   155863    119392571897    119392727760        31622012   -2864592      34991     150000          0     4    1200000   36991000  150000000  150000000
   2      380    41275   153873    119392727770    119392881643        31777884   -2868475      34991     150000          0     4    1200000   36991000  150000000  150000000
   2      380    44834   271641    119392881653    119393153295        31931767   -2990126      34991     150000          0     4    1200000   36991000  150000000  150000000
   2      380    44133   154794    119393153306    119393308100        32203420   -2994932      34991     150000          0     4    1100000   36991000  150000000  150000000
   2      380    41266   157853    119393308149    119393466002        32358263   -3002833      34991     150000          0     4    1200000   36991000  150000000  150000000
   2      380    41279   151917    119393466012    119393617930        32516126   -3004761      34991     150000          0     4    1200000   36991000  150000000  150000000
   2      380    41271   153850    119393617940    119393771790        32668054   -3008622      34991     150000          0     4    1200000   36991000  150000000  150000000
   2      380    41273   155923    119393771800    119393927723        32821914   -3014555      34991     150000          0     4    1200000   36991000  150000000  150000000
   2      380    41273   153922    119393927734    119394081656        32977848   -3018487      34991     150000          0     4    1200000   36991000  150000000  150000000
   2      380    41282   268081    119394081666    119394349747        33131780   -3136579      34991     150000          0     4    1200000   36991000  150000000  150000000
   2      380    41275   151977    119394349758    119394501735        33399872   -3138566      34991     150000          0     4    1200000   36991000  150000000  150000000
   2      380    41266   157870    119394501745    119394659616        33551859   -3146447      34991     150000          0     4    1200000   36991000  150000000  150000000
   2      380    41274   151911    119394659626    119394811537        33709740   -3148368      34991     150000          0     4    1200000   36991000  150000000  150000000
   2      380    41272   153912    119394811547    119394965458        33861661   -3152290      34991     150000          0     4    1200000   36991000  150000000  150000000
   2      380    43361   158073    119394965469    119395123541        34015583   -3160373      34991     150000          0     4    1200000   36991000  150000000  150000000
   2      380    45017   157763    119395123552    119395281316        34173667   -3168147      34991     150000          0     4    1100000   36991000  150000000  150000000
   2      380    41506   268425    119395281327    119395549752        34331441   -3286583      34991     150000          0     4    1100000   36991000  150000000  150000000
   2      380    41272   151978    119395549762    119395701740        34599876   -3288572      34991     150000          0     4    1200000   36991000  150000000  150000000
   2      380    41260   153922    119395701751    119395855672        34751865   -3292504      34991     150000          0     4    1200000   36991000  150000000  150000000
   2      380    41275   156023    119395855682    119396011706        34905797   -3298537      34991     150000          0     4    1200000   36991000  150000000  150000000
   2      380    41276   153969    119396011716    119396165685        35061830   -3302517      34991     150000          0     4    1200000   36991000  150000000  150000000
   2      380    43368   158051    119396165696    119396323746        35215810   -3310578      34991     150000          0     4    1200000   36991000  150000000  150000000
   2      380    45019   157727    119396323758    119396481485        35373872   -3318316      34991     150000          0     4    1100000   36991000  150000000  150000000
   2      380    41814   268770    119396481496    119396750266        35531610   -3437097      34991     150000          0     5    1100000   36991000  150000000  150000000
   2      380    41273   151996    119396750276    119396902273        35800390   -3439104      34991     150000          0     5    1200000   36991000  150000000  150000000
   2      380    41261   153951    119396902283    119397056234        35952397   -3443065      34991     150000          0     5    1200000   36991000  150000000  150000000
   2      380    41278   155995    119397056244    119397212239        36106358   -3449070      34991     150000          0     5    1200000   36991000  150000000  150000000
   2      380    41257   153946    119397212285    119397366231        36262399   -3453062      34991     150000          0     5    1200000   36991000  150000000  150000000
   2      380    41269   155959    119397366241    119397522200        36416356   -3459032      34991     150000          0     5    1200000   36991000  150000000  150000000
   2      380    41275   154008    119397522210    119397676218        36572324   -3463049      34991     150000          0     5    1200000   36991000  150000000  150000000
   2      380    41266   151993    119397676228    119397828221        36726342   -3465052      34991     150000          0     5    1200000   36991000  150000000  150000000
   2      380    41264   270094    119397828232    119398098326        36878346   -3585157      34991     150000          0     5    1200000   36991000  150000000  150000000
   2      380    41279   154052    119398098336    119398252388        37148450   -3589219      34991     150000          0     5    1200000   36991000  150000000  150000000
   2      380    41273   151975    119398252398    119398404373        37302512   -3591204      34991     150000          0     5    1200000   36991000  150000000  150000000
   2      380    41260   153958    119398404383    119398558341        37454497   -3595172      34991     150000          0     5    1200000   36991000  150000000  150000000
   2      380    41263   156033    119398558351    119398714385        37608466   -3601216      34991     150000          0     5    1200000   36991000  150000000  150000000
   2      380    41272   154020    119398714395    119398868415        37764509   -3605247      34991     150000          0     5    1200000   36991000  150000000  150000000
   2      380    41270   156001    119398868426    119399024427        37918540   -3611259      34991     150000          0     5    1200000   36991000  150000000  150000000
   2      380    41268   153999    119399024437    119399178436        38074551   -3615267      34991     150000          0     5    1200000   36991000  150000000  150000000
   2      380    41280   152031    119399178446    119399330477        38228560   -3617308      34991     150000          0     5    1200000   36991000  150000000  150000000
   2      380    41293   268351    119399330487    119399598838        38380601   -3735670      34991     150000          0     5    1200000   36991000  150000000  150000000
   2      380    41272   154072    119399598849    119399752921        38648963   -3739752      34991     150000          0     5    1200000   36991000  150000000  150000000
   2      380    41271   156040    119399752931    119399908971        38803045   -3745803      34991     150000          0     5    1200000   36991000  150000000  150000000
   2      380    41274   154060    119399908981    119400063041        38959095   -3749873      34991     150000          0     5    1200000   36991000  150000000  150000000
   2      380    41266   152080    119400063051    119400215131        39113165   -3751963      34991     150000          0     5    1200000   36991000  150000000  150000000
   2      380    41273   154107    119400215142    119400369248        39265256   -3756080      34991     150000          0     5    1200000   36991000  150000000  150000000
   2      380    41267   156114    119400369259    119400525373        39419373   -3762204      34991     150000          0     5    1200000   36991000  150000000  150000000
   2      380    41260   153968    119400525383    119400679351        39575497   -3766183      34991     150000          0     5    1200000   36991000  150000000  150000000
   2      380    41267   269032    119400679361    119400948394        39729476   -3885225      34991     150000          0     5    1200000   36991000  150000000  150000000
   2      380    41268   152085    119400948404    119401100489        39998518   -3887320      34991     150000          0     5    1200000   36991000  150000000  150000000
   2      380    41264   154087    119401100499    119401254586        40150613   -3891417      34991     150000          0     5    1200000   36991000  150000000  150000000
   2      380    41273   156065    119401254634    119401410699        40304748   -3897530      34991     150000          0     5    1200000   36991000  150000000  150000000
   2      380    41279   154070    119401410709    119401564779        40460824   -3901611      34991     150000          0     5    1200000   36991000  150000000  150000000
   2      380    41274   152064    119401564789    119401716853        40614903   -3903685      34991     150000          0     5    1200000   36991000  150000000  150000000
   2      380    41262   158045    119401716863    119401874908        40766977   -3911740      34991     150000          0     5    1200000   36991000  150000000  150000000
   2      380    41265   152121    119401874918    119402027039        40925032   -3913871      34991     150000          0     5    1200000   36991000  150000000  150000000
   2      380    41269   154088    119402027050    119402181137        41077164   -3917969      34991     150000          0     5    1200000   36991000  150000000  150000000
   2      380    41294   268492    119402181147    119402449640        41231261   -4036471      34991     150000          0     5    1200000   36991000  150000000  150000000
   2      380    41269   152092    119402449649    119402601741        41499763   -4038573      34991     150000          0     5    1200000   36991000  150000000  150000000
   2      380    41269   154069    119402601751    119402755820        41651865   -4042652      34991     150000          0     5    1200000   36991000  150000000  150000000
   2      380    41263   156127    119402755830    119402911957        41805944   -4048789      34991     150000          0     5    1200000   36991000  150000000  150000000
   2      380    41269   154111    119402911968    119403066079        41962082   -4052910      34991     150000          0     5    1200000   36991000  150000000  150000000
   2      380    41263   156066    119403066088    119403222154        42116203   -4058986      34991     150000          0     5    1200000   36991000  150000000  150000000
   2      380    41266   154146    119403222165    119403376311        42272279   -4063142      34991     150000          0     5    1200000   36991000  150000000  150000000
   2      380    41263   152094    119403376321    119403528415        42426435   -4065247      34991     150000          0     5    1200000   36991000  150000000  150000000
   2      380    41260   270036    119403528426    119403798462        42578540   -4185293      34991     150000          0     5    1200000   36991000  150000000  150000000
   2      380    41269   154165    119403798472    119403952638        42848587   -4189469      34991     150000          0     5    1200000   36991000  150000000  150000000
   2      380    41277   152153    119403952648    119404104801        43002762   -4191633      34991     150000          0     5    1200000   36991000  150000000  150000000
   2      380    41271   154142    119404104812    119404258954        43154926   -4195785      34991     150000          0     5    1200000   36991000  150000000  150000000
   2      380    41273   156150    119404258964    119404415114        43309078   -4201945      34991     150000          0     5    1200000   36991000  150000000  150000000
   2      380    41269   154161    119404415124    119404569285        43465238   -4206116      34991     150000          0     5    1200000   36991000  150000000  150000000
   2      380    41272   152149    119404569295    119404721444        43619409   -4208276      34991     150000          0     5    1200000   36991000  150000000  150000000
   2      380    41263   158123    119404721455    119404879578        43771569   -4216410      34991     150000          0     5    1200000   36991000  150000000  150000000
   2      380    41273   152176    119404879588    119405031764        43929702   -4218596      34991     150000          0     5    1200000   36991000  150000000  150000000
   2      380    41285   268642    119405031808    119405300449        44081922   -4337281      34991     150000          0     5    1200000   36991000  150000000  150000000
   2      380    41267   154119    119405300460    119405454579        44350574   -4341411      34991     150000          0     5    1200000   36991000  150000000  150000000
   2      380    41271   152148    119405454589    119405606737        44504703   -4343569      34991     150000          0     5    1200000   36991000  150000000  150000000
   2      380    42389   155302    119405606747    119405762049        44656862   -4348881      34991     150000          0     5    1200000   36991000  150000000  150000000
   2      380    45023   159977    119405762061    119405922037        44812175   -4358869      34991     150000          0     5    1100000   36991000  150000000  150000000
   2      380    42407   155318    119405922048    119406077366        44972163   -4364198      34991     150000          0     5    1100000   36991000  150000000  150000000
   2      380    41271   156189    119406077377    119406233566        45127491   -4370397      34991     150000          0     5    1200000   36991000  150000000  150000000
   2      380    41270   264962    119406233576    119406498538        45283690   -4485370      34991     150000          0     5    1200000   36991000  150000000  150000000
   2      380    41266   154198    119406498549    119406652747        45548663   -4489578      34991     150000          0     5    1200000   36991000  150000000  150000000
   2      380    41277   156211    119406652757    119406808968        45702871   -4495799      34991     150000          0     5    1200000   36991000  150000000  150000000
   2      380    41264   154156    119406808978    119406963134        45859092   -4499965      34991     150000          0     5    1200000   36991000  150000000  150000000
   2      380    41274   152209    119406963144    119407115353        46013258   -4502185      34991     150000          0     5    1200000   36991000  150000000  150000000
   2      380    41276   154226    119407115364    119407269589        46165478   -4506421      34991     150000          0     5    1200000   36991000  150000000  150000000
   2      380    41271   156197    119407269599    119407425797        46319713   -4512628      34991     150000          0     5    1200000   36991000  150000000  150000000
   2      380    41268   154166    119407425807    119407579973        46475921   -4516804      34991     150000          0     5    1200000   36991000  150000000  150000000
   2      380    43825   271334    119407579983    119407851316        46630097   -4638148      34991     150000          0     5    1200000   36991000  150000000  150000000
   2      380    45020   156072    119407851327    119408007399        46901442   -4644231      34991     150000          0     5    1100000   36991000  150000000  150000000
   2      380    41282   237034    119408007410    119408244444        47057525   -4731276      34991     150000          0     5    1200000   36991000  150000000  150000000
   2      380    41271   154003    119408244455    119408398457        47294569   -4735289      34991     150000          0     5    1200000   36991000  150000000  150000000
   2      380    41272   156085    119408398468    119408554552        47448582   -4741384      34991     150000          0     5    1200000   36991000  150000000  150000000
   2      380    41262   154055    119408554563    119408708618        47604677   -4745449      34991     150000          0     5    1200000   36991000  150000000  150000000
   2      380    41257   152058    119408708628    119408860686        47758742   -4747518      34991     150000          0     5    1200000   36991000  150000000  150000000
   2      380    41276   154076    119408860697    119409014773        47910811   -4751605      34991     150000          0     5    1200000   36991000  150000000  150000000
   2      380    41271   156084    119409014783    119409170867        48064897   -4757698      34991     150000          0     5    1200000   36991000  150000000  150000000
   2      380    41269   154098    119409170911    119409325009        48221025   -4761840      34991     150000          0     5    1200000   36991000  150000000  150000000
   2      380    41290   268458    119409325020    119409593477        48375134   -4880309      34991     150000          0     5    1200000   36991000  150000000  150000000
   2      380    41281   152144    119409593487    119409745631        48643601   -4882463      34991     150000          0     5    1200000   36991000  150000000  150000000
   2      380    41265   154062    119409745641    119409899703        48795756   -4886535      34991     150000          0     5    1200000   36991000  150000000  150000000
   2      380    41273   156087    119409899713    119410055800        48949827   -4892631      34991     150000          0     5    1200000   36991000  150000000  150000000
   2      380    41275   154147    119410055810    119410209958        49105924   -4896789      34991     150000          0     5    1200000   36991000  150000000  150000000
   2      380    41267   156098    119410209968    119410366065        49260082   -4902897      34991     150000          0     5    1200000   36991000  150000000  150000000
   2      380    41265   154112    119410366075    119410520187        49416190   -4907019      34991     150000          0     5    1200000   36991000  150000000  150000000
   2      380    41277   152135    119410520197    119410672333        49570312   -4909164      34991     150000          0     5    1200000   36991000  150000000  150000000
   2      380    41263   154074    119410672343    119410826417        49722457   -4913248      34991     150000          0     5    1200000   36991000  150000000  150000000
   2      380    38070   367673    119410826427    119411194100        49876541   -5130931      34991     150000          0     5    1300000   36991000  150000000  150000000
   2      380    40451   152891    119411194110    119411347001        50244224   -5133832      34991     150000          0     5    1300000   36991000  150000000  150000000
   2      380    41274   155750    119411347011    119411502760        50397125   -5139592      34991     150000          0     5    1200000   36991000  150000000  150000000
   2      380    41277   153787    119411502771    119411656558        50552885   -5143390      34991     150000          0     5    1200000   36991000  150000000  150000000
   2      380    41266   155804    119411656568    119411812372        50706682   -5149204      34991     150000          0     5    1200000   36991000  150000000  150000000
   2      380    41260   153744    119411812383    119411966127        50862497   -5152959      34991     150000          0     5    1200000   36991000  150000000  150000000
   2      380    41261   151760    119411966137    119412117897        51016251   -5154728      34991     150000          0     5    1200000   36991000  150000000  150000000
   2      380    41275   153752    119412117907    119412271659        51168021   -5158490      34991     150000          0     5    1200000   36991000  150000000  150000000
   2      380    41271   155798    119412271669    119412427467        51321783   -5164299      34991     150000          0     5    1200000   36991000  150000000  150000000
   2      380    41298   267865    119412427478    119412695343        51477592   -5282174      34991     150000          0     5    1200000   36991000  150000000  150000000
   2      380    41278   153815    119412695354    119412849169        51745468   -5286001      34991     150000          0     5    1200000   36991000  150000000  150000000
   2      380    41282   155858    119412849179    119413005037        51899293   -5291869      34991     150000          0     5    1200000   36991000  150000000  150000000
   2      380    41263   153746    119413005048    119413158793        52055162   -5295625      34991     150000          0     5    1200000   36991000  150000000  150000000
   2      380    41268   155798    119413158804    119413314602        52208918   -5301433      34991     150000          0     5    1200000   36991000  150000000  150000000
   2      380    41273   153839    119413314650    119413468489        52364764   -5305321      34991     150000          0     5    1200000   36991000  150000000  150000000
   2      380    41274   151872    119413468499    119413620371        52518613   -5307202      34991     150000          0     5    1200000   36991000  150000000  150000000
   2      380    41274   153803    119413620381    119413774184        52670495   -5311016      34991     150000          0     5    1200000   36991000  150000000  150000000
   2      380    41276   269968    119413774194    119414044162        52824309   -5430993      34991     150000          0     5    1200000   36991000  150000000  150000000
   2      380    41266   151807    119414044172    119414195979        53094286   -5432811      34991     150000          0     5    1200000   36991000  150000000  150000000
   2      380    41271   153838    119414195990    119414349828        53246104   -5436659      34991     150000          0     5    1200000   36991000  150000000  150000000
   2      380    41421   155981    119414349838    119414505819        53399952   -5442650      34991     150000          0     5    1200000   36991000  150000000  150000000
   2      380    45016   227346    119414505830    119414733176        53555944   -5520007      34991     150000          0     5    1100000   36991000  150000000  150000000
   2      380    45014   158309    119414733187    119414891496        53783301   -5528327      34991     150000          0     5    1100000   36991000  150000000  150000000
   2      380    41271   215349    119414891507    119415106857        53941621   -5593688      34991     150000          0     5    1200000   36991000  150000000  150000000
   2      380    41275   157364    119415106867    119415264231        54156981   -5601062      34991     150000          0     5    1200000   36991000  150000000  150000000
   2      380    41265   151284    119415264241    119415415525        54314355   -5602356      34991     150000          0     5    1200000   36991000  150000000  150000000
   2      380    41276   157366    119415415535    119415572901        54465649   -5609733      34991     150000          0     5    1200000   36991000  150000000  150000000
   2      380    41270   151358    119415572911    119415724270        54623026   -5611101      34991     150000          0     5    1200000   36991000  150000000  150000000
   2      380    41306   157422    119415724280    119415881702        54774394   -5618533      34991     150000          0     5    1200000   36991000  150000000  150000000
   2      380    41276   151341    119415881711    119416033053        54931826   -5619884      34991     150000          0     5    1200000   36991000  150000000  150000000
   2      380    44403   274057    119416033062    119416307120        55083177   -5743951      34991     150000          0     5    1200000   36991000  150000000  150000000
   2      380    44302   156407    119416307131    119416463538        55357245   -5750369      34991     150000          0     5    1100000   36991000  150000000  150000000
   2      380    41259   155309    119416463548    119416618857        55513662   -5755689      34991     150000          0     5    1200000   36991000  150000000  150000000
   2      380    41275   157380    119416618868    119416776247        55668982   -5763079      34991     150000          0     5    1200000   36991000  150000000  150000000
   2      380    41259   151318    119416776257    119416927575        55826372   -5764407      34991     150000          0     5    1200000   36991000  150000000  150000000
   2      380    41281   157505    119416927586    119417085091        55977700   -5771922      34991     150000          0     6    1200000   36991000  150000000  150000000
   2      380    41269   151383    119417085101    119417236484        56135215   -5773316      34991     150000          0     6    1200000   36991000  150000000  150000000
   2      380    41271   269167    119417236529    119417505696        56286643   -5892528      34991     150000          0     7    1200000   36991000  150000000  150000000
   2      380    41266   153395    119417505707    119417659101        56555821   -5895933      34991     150000          0     7    1200000   36991000  150000000  150000000
   2      380    41273   155343    119417659112    119417814455        56709226   -5901287      34991     150000          0     7    1200000   36991000  150000000  150000000
   2      380    41273   153350    119417814466    119417967816        56864580   -5904648      34991     150000          0     7    1200000   36991000  150000000  150000000
   2      380    41273   155375    119417967826    119418123202        57017940   -5910033      34991     150000          0     7    1200000   36991000  150000000  150000000
   2      380    41273   153444    119418123212    119418276656        57173326   -5913487      34991     150000          0     7    1200000   36991000  150000000  150000000
   2      380    41275   155391    119418276666    119418432057        57326780   -5918888      34991     150000          0     7    1200000   36991000  150000000  150000000
   2      380    41270   153327    119418432067    119418585394        57482181   -5922225      34991     150000          0     7    1200000   36991000  150000000  150000000
   2      380    41263   155426    119418585404    119418740830        57635518   -5927661      34991     150000          0     7    1200000   36991000  150000000  150000000
   2      380    41285   267108    119418740840    119419007949        57790954   -6044780      34991     150000          0     7    1200000   36991000  150000000  150000000
   2      380    41271   153437    119419007960    119419161396        58058074   -6048228      34991     150000          0     7    1200000   36991000  150000000  150000000
   2      380    41267   155356    119419161407    119419316763        58211521   -6053594      34991     150000          0     7    1200000   36991000  150000000  150000000
   2      380    41267   153393    119419316774    119419470167        58366888   -6056999      34991     150000          0     7    1200000   36991000  150000000  150000000
   2      380    41278   155448    119419470177    119419625626        58520292   -6062457      34991     150000          0     7    1200000   36991000  150000000  150000000
   2      380    41271   153421    119419625636    119419779056        58675750   -6065888      34991     150000          0     7    1200000   36991000  150000000  150000000
   2      380    41263   155386    119419779066    119419934452        58829180   -6071283      34991     150000          0     7    1200000   36991000  150000000  150000000
   2      380    41273   153383    119419934462    119420087845        58984576   -6074676      34991     150000          0     7    1200000   36991000  150000000  150000000
   2      380    41268   267913    119420087855    119420355768        59137969   -6192599      34991     150000          0     7    1200000   36991000  150000000  150000000
   2      380    41272   155461    119420355778    119420511239        59405892   -6198070      34991     150000          0     7    1200000   36991000  150000000  150000000
   2      380    41267   153489    119420511249    119420664739        59561363   -6201570      34991     150000          0     7    1200000   36991000  150000000  150000000
   2      380    41269   151436    119420664749    119420816185        59714863   -6203016      34991     150000          0     7    1200000   36991000  150000000  150000000
   2      380    41268   157474    119420816195    119420973669        59866309   -6210500      34991     150000          0     7    1200000   36991000  150000000  150000000
   2      380    41271   151450    119420973679    119421125129        60023793   -6211960      34991     150000          0     7    1200000   36991000  150000000  150000000
   2      380    41272   157482    119421125139    119421282620        60175253   -6219452      34991     150000          0     7    1200000   36991000  150000000  150000000
   2      380    41271   151502    119421282665    119421434167        60332779   -6220998      34991     150000          0     7    1200000   36991000  150000000  150000000
   2      380    41263   157402    119421434177    119421591579        60484291   -6228410      34991     150000          0     7    1200000   36991000  150000000  150000000
   2      380    41290   267260    119421591589    119421858849        60641703   -6345681      34991     150000          0     7    1200000   36991000  150000000  150000000
   2      380    41274   151458    119421858859    119422010317        60908973   -6347148      34991     150000          0     7    1200000   36991000  150000000  150000000
   2      380    41265   157488    119422010327    119422167815        61060441   -6354646      34991     150000          0     7    1200000   36991000  150000000  150000000
   2      380    41272   151462    119422167825    119422319287        61217939   -6356119      34991     150000          0     7    1200000   36991000  150000000  150000000
   2      380    41272   153572    119422319297    119422472870        61369412   -6359701      34991     150000          0     7    1200000   36991000  150000000  150000000
   2      380    41273   155466    119422472880    119422628346        61522994   -6365178      34991     150000          0     7    1200000   36991000  150000000  150000000
   2      380    41268   153442    119422628356    119422781798        61678470   -6368629      34991     150000          0     7    1200000   36991000  150000000  150000000
   2      380    41268   155503    119422781808    119422937311        61831922   -6374142      34991     150000          0     7    1200000   36991000  150000000  150000000
   2      380    41256   268512    119422937322    119423205834        61987436   -6492666      34991     150000          0     7    1200000   36991000  150000000  150000000
   2      380    41271   153495    119423205844    119423359340        62255958   -6496171      34991     150000          0     5    1200000   36991000  150000000  150000000
   2      380    41271   155488    119423359350    119423514838        62409464   -6501670      34991     150000          0     5    1200000   36991000  150000000  150000000
   2      380    41270   153538    119423514848    119423668386        62564962   -6505217      34991     150000          0     7    1200000   36991000  150000000  150000000
   2      380    41277   155501    119423668395    119423823896        62718510   -6510727      34991     150000          0     7    1200000   36991000  150000000  150000000
   2      380    41274   153538    119423823907    119423977444        62874021   -6514276      34991     150000          0     7    1200000   36991000  150000000  150000000
   2      380    41267   155493    119423977454    119424132947        63027569   -6519779      34991     150000          0     7    1200000   36991000  150000000  150000000
   2      380    41271   153530    119424132958    119424286488        63183072   -6523320      34991     150000          0     7    1200000   36991000  150000000  150000000
   2      380    41277   155535    119424286499    119424442034        63336613   -6528865      34991     150000          0     7    1200000   36991000  150000000  150000000
   2      380    41299   267376    119424442044    119424709420        63492158   -6646252      34991     150000          0     7    1200000   36991000  150000000  150000000
   2      380    41273   153556    119424709430    119424862986        63759545   -6649818      34991     150000          0     7    1200000   36991000  150000000  150000000
   2      380    41261   151504    119424862997    119425014501        63913111   -6651333      34991     150000          0     7    1200000   36991000  150000000  150000000
   2      380    41267   157596    119425014511    119425172108        64064626   -6658939      34991     150000          0     7    1200000   36991000  150000000  150000000
   2      380    41267   151485    119425172154    119425323640        64222269   -6660471      34991     150000          0     7    1200000   36991000  150000000  150000000
   2      380    41275   157590    119425323650    119425481240        64373764   -6668072      34991     150000          0     7    1200000   36991000  150000000  150000000
   2      380    41273   151595    119425481250    119425632845        64531364   -6669677      34991     150000          0     7    1200000   36991000  150000000  150000000
   2      380    41272   153596    119425632856    119425786452        64682970   -6673283      34991     150000          0     7    1200000   36991000  150000000  150000000
   2      380    41267   269440    119425786462    119426055901        64836576   -6792733      34991     150000          0     7    1200000   36991000  150000000  150000000
   2      380    41775   156135    119426055912    119426212047        65106026   -6798878      34991     150000          0     7    1200000   36991000  150000000  150000000
   2      380    45021   271498    119426212059    119426483557        65262173   -6920388      34991     150000          0     7    1100000   36991000  150000000  150000000
   2      380    41542   152050    119426483568    119426635617        65533682   -6922449      34991     150000          0     7    1100000   36991000  150000000  150000000
   2      380    41268   153718    119426635628    119426789346        65685742   -6926178      34991     150000          0     7    1200000   36991000  150000000  150000000
   2      380    41272   155768    119426789356    119426945124        65839470   -6931956      34991     150000          0     7    1200000   36991000  150000000  150000000
   2      380    41268   153764    119426945134    119427098898        65995248   -6935729      34991     150000          0     7    1200000   36991000  150000000  150000000
   2      380    41277   155799    119427098908    119427254707        66149022   -6941539      34991     150000          0     7    1200000   36991000  150000000  150000000
   2      380    41263   153772    119427254718    119427408490        66304832   -6945322      34991     150000          0     7    1200000   36991000  150000000  150000000
   2      380    41279   267848    119427408501    119427676348        66458615   -7063180      34991     150000          0     7    1200000   36991000  150000000  150000000
   2      380    41268   155816    119427676359    119427832175        66726473   -7069006      34991     150000          0     7    1200000   36991000  150000000  150000000
   2      380    41274   153776    119427832185    119427985961        66882299   -7072792      34991     150000          0     5    1200000   36991000  150000000  150000000
   2      380    41262   151840    119427985971    119428137811        67036085   -7074643      34991     150000          0     5    1200000   36991000  150000000  150000000
   2      380    41265   153817    119428137821    119428291638        67187936   -7078470      34991     150000          0     5    1200000   36991000  150000000  150000000
   2      380    41269   155789    119428291649    119428447438        67341763   -7084269      34991     150000          0     5    1200000   36991000  150000000  150000000
   2      380    41269   153789    119428447447    119428601237        67497562   -7088068      34991     150000          0     5    1200000   36991000  150000000  150000000
   2      380    44054   158614    119428601247    119428759861        67651361   -7096693      34991     150000          0     5    1200000   36991000  150000000  150000000
   2      380    45049   271729    119428759873    119429031602        67809987   -7218434      34991     150000          0     5    1100000   36991000  150000000  150000000
   2      380    42400   155004    119429031613    119429186617        68081727   -7223448      34991     150000          0     5    1100000   36991000  150000000  150000000
   2      380    41272   151816    119429186627    119429338443        68236741   -7225274      34991     150000          0     5    1200000   36991000  150000000  150000000
   2      380    43091   159668    119429338489    119429498157        68388603   -7234989      34991     150000          0     5    1200000   36991000  150000000  150000000
   2      380    45020   155643    119429498168    119429653811        68548283   -7240643      34991     150000          0     5    1100000   36991000  150000000  150000000
   2      380    42106   154671    119429653822    119429808493        68703936   -7245325      34991     150000          0     4    1100000   36991000  150000000  150000000
   2      380    41287   267929    119429808504    119430076433        68858618   -7363265      34991     150000          0     4    1200000   36991000  150000000  150000000
   2      380    41274   155870    119430076443    119430232314        69126557   -7369145      34991     150000          0     4    1200000   36991000  150000000  150000000
   2      380    41263   153842    119430232324    119430386165        69282438   -7372997      34991     150000          0     4    1200000   36991000  150000000  150000000
   2      380    41266   155921    119430386175    119430542096        69436290   -7378927      34991     150000          0     4    1200000   36991000  150000000  150000000
   2      380    43047   155678    119430542106    119430697784        69592221   -7384615      34991     150000          0     4    1200000   36991000  150000000  150000000
   2      380    45019   158550    119430697795    119430856345        69747910   -7393177      34991     150000          0     4    1100000   36991000  150000000  150000000
   2      380    41895   154509    119430856357    119431010866        69906471   -7397697      34991     150000          0     4    1100000   36991000  150000000  150000000
   2      380    41282   265346    119431010876    119431276222        70060990   -7513053      34991     150000          0     4    1200000   36991000  150000000  150000000
   2      380    41272   155898    119431276232    119431432131        70326347   -7518962      34991     150000          0     4    1200000   36991000  150000000  150000000
   2      380    41267   153820    119431432141    119431585961        70482255   -7522793      34991     150000          0     4    1200000   36991000  150000000  150000000
   2      380    41277   155929    119431585971    119431741900        70636085   -7528732      34991     150000          0     4    1200000   36991000  150000000  150000000
   2      380    41270   153874    119431741911    119431895785        70792025   -7532616      34991     150000          0     4    1200000   36991000  150000000  150000000
   2      380    41268   151918    119431895795    119432047713        70945909   -7534545      34991     150000          0     4    1200000   36991000  150000000  150000000
   2      380    43560   156191    119432047724    119432203915        71097838   -7540746      34991     150000          0     5    1200000   36991000  150000000  150000000
   2      380    45023   272311    119432203926    119432476237        71254040   -7663069      34991     150000          0     5    1100000   36991000  150000000  150000000
   2      380    41273   155989    119432476248    119432632237        71526362   -7669068      34991     150000          0     6    1200000   36991000  150000000  150000000
   2      380    41266   153902    119432632247    119432786149        71682361   -7672981      34991     150000          0     6    1200000   36991000  150000000  150000000
   2      380    41272   154841    119432786159    119432941001        71836273   -7677832      34991     150000          0     6    1200000   36991000  150000000  150000000
   2      380    41271   153969    119432941011    119433094980        71991125   -7681812      34991     150000          0     6    1200000   36991000  150000000  150000000
   2      380    41283   152011    119433094990    119433247001        72145105   -7683832      34991     150000          0     6    1200000   36991000  150000000  150000000
   2      380    43498   156229    119433247047    119433403276        72297161   -7690107      34991     150000          0     4    1200000   36991000  150000000  150000000
   2      380    45025   272991    119433403288    119433676279        72453402   -7813110      34991     150000          0     4    1100000   36991000  150000000  150000000
   2      380    41259   155931    119433676289    119433832220        72726403   -7819052      34991     150000          0     4    1200000   36991000  150000000  150000000
   2      380    41282   153981    119433832230    119433986211        72882344   -7823043      34991     150000          0     4    1200000   36991000  150000000  150000000
   2      380    42337   153052    119433986221    119434139273        73036335   -7826105      34991     150000          0     4    1200000   36991000  150000000  150000000
   2      380    45013   157720    119434139284    119434297005        73189399   -7833836      34991     150000          0     4    1100000   36991000  150000000  150000000
   2      380    42509   157189    119434297016    119434454205        73347130   -7841036      34991     150000          0     4    1100000   36991000  150000000  150000000
   2      380    41270   153969    119434454215    119434608184        73504330   -7845016      34991     150000          0     4    1200000   36991000  150000000  150000000
   2      380    41289   268183    119434608195    119434876377        73658309   -7963209      34991     150000          0     4    1200000   36991000  150000000  150000000
   2      380    41453   152188    119434876388    119435028576        73926502   -7965407      34991     150000          0     4    1200000   36991000  150000000  150000000
   2      380    45029   157856    119435028587    119435186444        74078701   -7973275      34991     150000          0     5    1100000   36991000  150000000  150000000
   2      380    43369   158151    119435186455    119435344605        74236569   -7981437      34991     150000          0     5    1100000   36991000  150000000  150000000
   2      380    41262   154771    119435344616    119435499386        74394730   -7986218      34991     150000          0     5    1200000   36991000  150000000  150000000
   2      380    41268   155957    119435499397    119435655354        74549511   -7992185      34991     150000          0     5    1200000   36991000  150000000  150000000
   2      380    44257   156988    119435655364    119435812352        74705478   -7999183      34991     150000          0     5    1200000   36991000  150000000  150000000
   2      380    45044   268085    119435812363    119436080448        74862477   -8117280      34991     150000          0     5    1100000   36991000  150000000  150000000
   2      380    43871   158621    119436080459    119436239080        75130573   -8125911      34991     150000          0     5    1100000   36991000  150000000  150000000
   2      380    41265   154005    119436239090    119436393096        75289204   -8129927      34991     150000          0     5    1200000   36991000  150000000  150000000
   2      380    41288   156028    119436393106    119436549133        75443220   -8135965      34991     150000          0     5    1200000   36991000  150000000  150000000
   2      380    41270   153963    119436549143    119436703107        75599258   -8139938      34991     150000          0     5    1200000   36991000  150000000  150000000
   2      380    44225   155023    119436703117    119436858139        75753231   -8144971      34991     150000          0     5    1200000   36991000  150000000  150000000
   2      380    44655   272544    119436858150    119437130694        75908264   -8267525      34991     150000          0     5    1100000   36991000  150000000  150000000
   2      380    41274   154000    119437130704    119437284704        76180818   -8271535      34991     150000          0     5    1200000   36991000  150000000  150000000
   2      380    42557   157327    119437284714    119437442041        76334828   -8278872      34991     150000          0     5    1200000   36991000  150000000  150000000
   2      380    45018   157817    119437442089    119437599905        76492203   -8286737      34991     150000          0     5    1100000   36991000  150000000  150000000
   2      380    44058   157750    119437599916    119437757666        76650030   -8294497      34991     150000          0     5    1100000   36991000  150000000  150000000
   2      380    41265   154018    119437757676    119437911695        76807790   -8298526      34991     150000          0     5    1200000   36991000  150000000  150000000
   2      380    44669   267804    119437911705    119438179508        76961819   -8416340      34991     150000          0     5    1200000   36991000  150000000  150000000
   2      380    43945   158784    119438179520    119438338304        77229634   -8425135      34991     150000          0     5    1100000   36991000  150000000  150000000
   2      380    41265   154027    119438338314    119438492342        77388428   -8429173      34991     150000          0     4    1200000   36991000  150000000  150000000
   2      380    41277   156042    119438492352    119438648394        77542466   -8435225      34991     150000          0     4    1200000   36991000  150000000  150000000
   2      380    43609   156413    119438648404    119438804817        77698518   -8441648      34991     150000          0     7    1200000   36991000  150000000  150000000
   2      380    45026   271581    119438804828    119439076409        77854942   -8563241      34991     150000          0     7    1100000   36991000  150000000  150000000
   2      380    41263   154901    119439076420    119439231321        78126534   -8568153      34991     150000          0     7    1200000   36991000  150000000  150000000
   2      380    41270   154078    119439231331    119439385409        78281446   -8572240      34991     150000          0     7    1200000   36991000  150000000  150000000
   2      380    42286   153122    119439385419    119439538541        78435533   -8575372      34991     150000          0     7    1200000   36991000  150000000  150000000
   2      380    45022   157943    119439538552    119439696495        78588666   -8583327      34991     150000          0     5    1100000   36991000  150000000  150000000
   2      380    42551   157370    119439696506    119439853877        78746621   -8590708      34991     150000          0     5    1100000   36991000  150000000  150000000
   2      380    41256   154863    119439853887    119440008750        78904001   -8595582      34991     150000          0     5    1200000   36991000  150000000  150000000
   2      380    44373   267673    119440008760    119440276433        79058874   -8713264      34991     150000          0     5    1200000   36991000  150000000  150000000
   2      380    43117   157953    119440276444    119440434397        79326558   -8721228      34991     150000          0     5    1100000   36991000  150000000  150000000
   2      380    42351   155175    119440434407    119440589582        79484521   -8726414      34991     150000          0     5    1200000   36991000  150000000  150000000
   2      380    45024   159889    119440589593    119440749482        79639707   -8736314      34991     150000          0     5    1100000   36991000  150000000  150000000
   2      380    42472   155299    119440749493    119440904791        79799607   -8741623      34991     150000          0     5    1100000   36991000  150000000  150000000
   2      380    41270   152060    119440904802    119441056862        79954916   -8743693      34991     150000          0     5    1200000   36991000  150000000  150000000
   2      380    44410   271714    119441056871    119441328586        80106986   -8865417      34991     150000          0     5    1200000   36991000  150000000  150000000
   2      380    42772   155615    119441328596    119441484212        80378711   -8871043      34991     150000          0     5    1100000   36991000  150000000  150000000
   2      380    41274   152120    119441484256    119441636376        80534371   -8873207      34991     150000          0     5    1200000   36991000  150000000  150000000
   2      380    44536   161399    119441636387    119441797786        80686501   -8884617      34991     150000          0     5    1200000   36991000  150000000  150000000
   2      380    42776   153634    119441797797    119441951431        80847911   -8888263      34991     150000          0     5    1100000   36991000  150000000  150000000
   2      380    41257   154152    119441951442    119442105593        81001556   -8892425      34991     150000          0     5    1200000   36991000  150000000  150000000
   2      380    44476   271834    119442105604    119442377438        81155718   -9014269      34991     150000          0     5    1200000   36991000  150000000  150000000
   2      380    44452   155340    119442377449    119442532789        81427563   -9019621      34991     150000          0     5    1100000   36991000  150000000  150000000
   2      380    41264   158102    119442532799    119442690901        81582913   -9027732      34991     150000          0     5    1200000   36991000  150000000  150000000
   2      380    42769   153706    119442690911    119442844617        81741025   -9031448      34991     150000          0     5    1200000   36991000  150000000  150000000
   2      380    45011   158776    119442844627    119443003404        81894742   -9040235      34991     150000          0     5    1100000   36991000  150000000  150000000
   2      380    42307   153236    119443003415    119443156651        82053529   -9043482      34991     150000          0     5    1100000   36991000  150000000  150000000
   2      380    41257   269851    119443156661    119443426513        82206776   -9163344      34991     150000          0     5    1200000   36991000  150000000  150000000
   2      380    45019   157997    119443426524    119443584522        82476638   -9171353      34991     150000          0     5    1100000   36991000  150000000  150000000
   2      380    43870   154766    119443584533    119443739300        82634647   -9176131      34991     150000          0     5    1100000   36991000  150000000  150000000
   2      380    42311   155208    119443739310    119443894518        82789424   -9181350      34991     150000          0     5    1200000   36991000  150000000  150000000
   2      380    45024   159952    119443894529    119444054481        82944644   -9191313      34991     150000          0     5    1100000   36991000  150000000  150000000
   2      380    42057   154946    119444054492    119444209438        83104606   -9196270      34991     150000          0     5    1100000   36991000  150000000  150000000
   2      380    41434   268796    119444209448    119444478244        83259562   -9315076      34991     150000          0     5    1200000   36991000  150000000  150000000
   2      380    45018   156025    119444478255    119444634280        83528369   -9321112      34991     150000          0     5    1100000   36991000  150000000  150000000
   2      380    43711   156654    119444634291    119444790946        83684406   -9327777      34991     150000          0     4    1100000   36991000  150000000  150000000
   2      380    41269   156218    119444790957    119444947174        83841071   -9334006      34991     150000          0     4    1200000   36991000  150000000  150000000
   2      380    43508   156468    119444947185    119445103653        83997299   -9340484      34991     150000          0     4    1200000   36991000  150000000  150000000
   2      380    45021   158898    119445103664    119445262562        84153778   -9349393      34991     150000          0     4    1100000   36991000  150000000  150000000
   2      380    41277   263986    119445262573    119445526559        84312687   -9463390      34991     150000          0     4    1200000   36991000  150000000  150000000
   2      380    45012   157992    119445526571    119445684563        84576685   -9471395      34991     150000          0     4    1100000   36991000  150000000  150000000
   2      380    45020   156055    119445684615    119445840670        84734729   -9477501      34991     150000          0     4    1100000   36991000  150000000  150000000
   2      380    45010   158761    119445840680    119445999442        84890795   -9486273      34991     150000          0     4    1100000   36991000  150000000  150000000
   2      380    42312   157299    119445999453    119446156751        85049567   -9493583      34991     150000          0     4    1100000   36991000  150000000  150000000
   2      380    41272   154205    119446156761    119446310966        85206875   -9497797      34991     150000          0     4    1200000   36991000  150000000  150000000
   2      380    41264   265611    119446310977    119446576588        85361091   -9613419      34991     150000          0     4    1200000   36991000  150000000  150000000
   2      380    45021   158256    119446576599    119446734855        85626713   -9621687      34991     150000          0     4    1100000   36991000  150000000  150000000
   2      380    43660   156709    119446734867    119446891575        85784981   -9628407      34991     150000          0     5    1100000   36991000  150000000  150000000
   2      380    41269   156278    119446891586    119447047864        85941700   -9634695      34991     150000          0     5    1200000   36991000  150000000  150000000
   2      380    43569   156609    119447047874    119447204482        86097988   -9641314      34991     150000          0     5    1200000   36991000  150000000  150000000
   2      380    44881   155918    119447204493    119447360411        86254607   -9647243      34991     150000          0     5    1100000   36991000  150000000  150000000
   2      380    41284   269666    119447360422    119447630088        86410536   -9766919      34991     150000          0     5    1200000   36991000  150000000  150000000
   2      380    41267   154299    119447630098    119447784397        86680212   -9771228      34991     150000          0     5    1200000   36991000  150000000  150000000
   2      380    42187   153210    119447784407    119447937617        86834521   -9774448      34991     150000          0     5    1200000   36991000  150000000  150000000
   2      380    45016   158052    119447937627    119448095679        86987741   -9782511      34991     150000          0     5    1100000   36991000  150000000  150000000
   2      380    43628   158699    119448095691    119448254389        87145805   -9791221      34991     150000          0     5    1100000   36991000  150000000  150000000
   2      380    41276   154268    119448254399    119448408668        87304513   -9795499      34991     150000          0     5    1200000   36991000  150000000  150000000
   2      380    41260   267944    119448408678    119448676622        87458792   -9913453      34991     150000          0     5    1200000   36991000  150000000  150000000
   2      380    41264   152289    119448676632    119448828921        87726746   -9915753      34991     150000          0     5    1200000   36991000  150000000  150000000
   2      380    41272   154250    119448828931    119448983182        87879045   -9920013      34991     150000          0     5    1200000   36991000  150000000  150000000
   2      380    41274   156308    119448983192    119449139499        88033306   -9926331      34991     150000          0     5    1200000   36991000  150000000  150000000
   2      380    41269   154303    119449139510    119449293813        88189624   -9930644      34991     150000          0     5    1200000   36991000  150000000  150000000
   2      380    41267   152293    119449293822    119449446115        88343937   -9932947      34991     150000          0     5    1200000   36991000  150000000  150000000
   2      380    41261   154316    119449446125    119449600442        88496240   -9937273      34991     150000          0     5    1200000   36991000  150000000  150000000
   2      380    41260   156293    119449600486    119449756779        88650600   -9943610      34991     150000          0     5    1200000   36991000  150000000  150000000
   2      380    41261   154293    119449756789    119449911082        88806903   -9947913      34991     150000          0     5    1200000   36991000  150000000  150000000
   2      380    41272   265581    119449911092    119450176674        88961206  -10063505      34991     150000          0     5    1200000   36991000  150000000  150000000
   2      380    41268   156314    119450176684    119450332998        89226798  -10069830      34991     150000          0     5    1200000   36991000  150000000  150000000
   2      380    41272   154330    119450333008    119450487338        89383123  -10074170      34991     150000          0     5    1200000   36991000  150000000  150000000
   2      380    41267   152351    119450487348    119450639698        89537462  -10076530      34991     150000          0     5    1200000   36991000  150000000  150000000
   2      380    41277   154354    119450639708    119450794062        89689822  -10080894      34991     150000          0     5    1200000   36991000  150000000  150000000
   2      380    41262   156345    119450794072    119450950417        89844186  -10087249      34991     150000          0     5    1200000   36991000  150000000  150000000
   2      380    41264   154337    119450950428    119451104765        90000542  -10091596      34991     150000          0     6    1200000   36991000  150000000  150000000
   2      380    41272   152453    119451104775    119451257228        90154889  -10094060      34991     150000          0     6    1200000   36991000  150000000  150000000
   2      380    41274   269461    119451257239    119451526699        90307353  -10213531      34991     150000          0     6    1200000   36991000  150000000  150000000
