#idx     perf      run   period           start             end          rel_st      slack c_duration   c_period     wu_lat   cpu       freq dl_runtime  dl_period dl_deadline
   2     2190   203603   856408    114032515686    114033372094         1205790     618913     201488     890000         35     5    1400000  212093000  890000000  890000000
   2     2190   203622   890002    114033372103    114034262105         2062207     610572     201488     890000         46     6    1400000  212093000  890000000  890000000
   2     2190   216975   891122    114034262114    114035153236         2952218      -1178     201488     890000          0     6    1400000  212093000  890000000  890000000
   2     2190   203585   888856    114035153245    114036042101         3843349     563883     201488     890000         42     6    1400000  212093000  890000000  890000000
   2     2190   218949   981961    114036042111    114037024072         4732215     -92014     201488     890000          0     4    1300000  212093000  890000000  890000000
   2     2190   211393   805604    114037024081    114037829685         5714185      -7628     201488     890000          0     4    1400000  212093000  890000000  890000000
   2     2190   206763   886531    114037829695    114038716226         6519799      -4168     201488     890000          0     4    1400000  212093000  890000000  890000000
   2     2190   219273   894142    114038716236    114039610378         7406340      -8320     201488     890000          0     6    1300000  212093000  890000000  890000000
   2     2190   218069   945007    114039610387    114040555395         8300491     -63337     201488     890000          0     4    1300000  212093000  890000000  890000000
   2     2190   209955   843493    114040555404    114041398897         9245508     -16839     201488     890000          0     7    1400000  212093000  890000000  890000000
   2     2190   204034   878938    114041398906    114042277845        10089010      -5787     201488     890000          0     5    1400000  212093000  890000000  890000000
   2     2190   204484   884258    114042277854    114043162112        10967958     620915     201488     890000         52     6    1300000  212093000  890000000  890000000
   2     2190   219791   930146    114043162123    114044092269        11852227     -40212     201488     890000          0     4    1300000  212093000  890000000  890000000
   2     2190   219255   863699    114044092279    114044955978        12782383     -13920     201488     890000          0     6    1300000  212093000  890000000  890000000
   2     2190   231759   907606    114044955987    114045863594        13646091     -31536     201488     890000          0     6    1300000  212093000  890000000  890000000
   2     2190   232716   969054    114045863603    114046832658        14553707    -110600     201488     890000          0     6    1300000  212093000  890000000  890000000
   2     2190   215359   835111    114046832667    114047667778        15522771     -55720     201488     890000          0     7    1300000  212093000  890000000  890000000
   2     2190   204365   889945    114047667787    114048557732        16357891     -55674     201488     890000          0     5    1400000  212093000  890000000  890000000
   2     2190   207846   878740    114048557741    114049436481        17247845     -44424     201488     890000          0     4    1400000  212093000  890000000  890000000
   2     2190   203624   881019    114049436490    114050317510        18126594     -35452     201488     890000          0     5    1400000  212093000  890000000  890000000
   2     2190   216079   924618    114050317519    114051242137        19007623     -70079     201488     890000          0     6    1400000  212093000  890000000  890000000
   2     2190   219300   870354    114051242146    114052112501        19932250     -50443     201488     890000          0     5    1300000  212093000  890000000  890000000
   2     2190   203627   913729    114052112510    114053026239        20802614     -74182     201488     890000          0     5    1400000  212093000  890000000  890000000
   2     2190   209150   854970    114053026287    114053881257        21716391     -39200     201488     890000          0     4    1400000  212093000  890000000  890000000
   2     2190   229517   912736    114053881267    114054794003        22571371     -61945     201488     890000          0     4    1300000  212093000  890000000  890000000
   2     2190   225139   923394    114054794013    114055717407        23484117     -95349     201488     890000          0     6    1300000  212093000  890000000  890000000
   2     2190   219259   872206    114055717416    114056589622        24407520     -77564     201488     890000          0     5    1300000  212093000  890000000  890000000
   2     2190   232095   931248    114056589632    114057520879        25279736    -118821     201488     890000          0     7    1300000  212093000  890000000  890000000
   2     2190   228348   913497    114057520890    114058434386        26210994    -142328     201488     890000          0     4    1200000  212093000  890000000  890000000
   2     2190   210797   894743    114058434396    114059329139        27124499    -147081     201488     890000          0     5    1300000  212093000  890000000  890000000
   2     2190   220001   888337    114059329147    114060217484        28019251    -145426     201488     890000          0     5    1400000  212093000  890000000  890000000
   2     2190   226500   881585    114060217495    114061099080        28907599    -137022     201488     890000          0     6    1200000  212093000  890000000  890000000
   2     2190   220374   931066    114061099089    114062030156        29789193    -178098     201488     890000          0     7    1300000  212093000  890000000  890000000
   2     2190   212236   893716    114062030165    114062923881        30720269    -181823     201488     890000          0     7    1300000  212093000  890000000  890000000
   2     2190   231851   905346    114062923890    114063829236        31613994    -197178     201488     890000          0     5    1300000  212093000  890000000  890000000
   2     2190   223122  1008612    114063829246    114064837858        32519350    -315801     201488     890000          0     7    1200000  212093000  890000000  890000000
   2     2190   220462   798336    114064837868    114065636204        33527972    -224146     201488     890000          0     5    1300000  212093000  890000000  890000000
   2     2190   233217   979668    114065636213    114066615882        34326317    -313824     201488     890000          0     5    1300000  212093000  890000000  890000000
   2     2190   219310   853385    114066615891    114067469276        35305995    -277218     201488     890000          0     5    1300000  212093000  890000000  890000000
   2     2190   219253  1524284    114067469286    114068993569        36159389    -911512     201488     890000          0     5    1300000  212093000  890000000  890000000
   2     2190   225481   895727    114068993580    114069889307        37683684    -917249     201488     890000          0     4    1300000  212093000  890000000  890000000
   2     2190   228868   948322    114069889316    114070837638        38579420    -975580     201488     890000          0     6    1300000  212093000  890000000  890000000
   2     2190   233074   866791    114070837648    114071704439        39527752    -952381     201488     890000          0     5    1200000  212093000  890000000  890000000
   2     2190   229983   986280    114071704448    114072690728        40394552   -1048670     201488     890000          0     5    1300000  212093000  890000000  890000000
   2     2190   213562   807369    114072690737    114073498106        41380841    -966049     201488     890000          0     4    1300000  212093000  890000000  890000000
   2     2190   210577   953196    114073498116    114074451312        42188219   -1029254     201488     890000          0     4    1400000  212093000  890000000  890000000
   2     2190   222710   838184    114074451321    114075289505        43141425    -977447     201488     890000          0     6    1400000  212093000  890000000  890000000
   2     2190   220609   977501    114075289552    114076267053        43979656   -1064995     201488     890000          0     4    1400000  212093000  890000000  890000000
   2     2190   231802   875725    114076267064    114077142789        44957168   -1050731     201488     890000          0     6    1200000  212093000  890000000  890000000
   2     2190   226982   883755    114077142799    114078026554        45832903   -1044496     201488     890000          0     6    1200000  212093000  890000000  890000000
   2     2190   216316   947286    114078026564    114078973850        46716668   -1101792     201488     890000          0     4    1300000  212093000  890000000  890000000
   2     2190   224931   907161    114078973860    114079881020        47663963   -1118963     201488     890000          0     4    1300000  212093000  890000000  890000000
   2     2190   223121   820632    114079881030    114080701662        48571134   -1049604     201488     890000          0     6    1300000  212093000  890000000  890000000
   2     2190   237523   985511    114080701672    114081687183        49391776   -1145125     201488     890000          0     5    1200000  212093000  890000000  890000000
   2     2190   233583   970911    114081687193    114082658103        50377297   -1226046     201488     890000          0     6    1200000  212093000  890000000  890000000
   2     2190   236326  1466090    114082658114    114084124203        51348218   -1802146     201488     890000          0     4    1200000  212093000  890000000  890000000
   2     2190   230580   907444    114084124214    114085031658        52814317   -1819600     201488     890000          0     6    1200000  212093000  890000000  890000000
   2     2190   237528   924495    114085031669    114085956163        53721773   -1854105     201488     890000          0     5    1200000  212093000  890000000  890000000
   2     2190   219804   920267    114085956174    114086876440        54646278   -1884383     201488     890000          0     5    1200000  212093000  890000000  890000000
   2     2190   233871   947698    114086876450    114087824148        55566554   -1942090     201488     890000          0     5    1300000  212093000  890000000  890000000
   2     2190   218443   935320    114087824158    114088759479        56514262   -1987421     201488     890000          0     6    1200000  212093000  890000000  890000000
   2     2190   210703   998811    114088759487    114089758298        57449591   -2096240     201488     890000          0     5    1400000  212093000  890000000  890000000
   2     2190   210093   667224    114089758308    114090425531        58448412   -1873474     201488     890000          0     6    1400000  212093000  890000000  890000000
   2     2190   219315   906448    114090425541    114091331989        59115645   -1889931     201488     890000          0     4    1300000  212093000  890000000  890000000
   2     2190   225964   983611    114091331999    114092315609        60022103   -1983551     201488     890000          0     6    1300000  212093000  890000000  890000000
   2     2190   226408   855561    114092315619    114093171179        61005723   -1949122     201488     890000          0     4    1300000  212093000  890000000  890000000
   2     2190   221490   911700    114093171189    114094082889        61861293   -1970831     201488     890000          0     4    1300000  212093000  890000000  890000000
   2     2190   224920   953507    114094082899    114095036406        62773003   -2034349     201488     890000          0     7    1200000  212093000  890000000  890000000
   2     2190   219629   848987    114095036416    114095885403        63726520   -1993345     201488     890000          0     6    1300000  212093000  890000000  890000000
   2     2190   219275   912473    114095885413    114096797886        64575517   -2015828     201488     890000          0     4    1300000  212093000  890000000  890000000
   2     2190   237230   949447    114096797933    114097747380        65488037   -2075322     201488     890000          0     5    1300000  212093000  890000000  890000000
   2     2190   234290  1489644    114097747391    114099237034        66437495   -2674977     201488     890000          0     6    1200000  212093000  890000000  890000000
   2     2190   219268   897901    114099237044    114100134945        67927148   -2682887     201488     890000          0     5    1300000  212093000  890000000  890000000
   2     2190   234561   911490    114100134954    114101046444        68825058   -2704387     201488     890000          0     4    1300000  212093000  890000000  890000000
   2     2190   226782   905399    114101046454    114101951853        69736558   -2719795     201488     890000          0     6    1200000  212093000  890000000  890000000
   2     2190   231750   949193    114101951863    114102901056        70641967   -2778998     201488     890000          0     5    1200000  212093000  890000000  890000000
   2     2190   219260   905204    114102901066    114103806270        71591170   -2794212     201488     890000          0     4    1300000  212093000  890000000  890000000
   2     2190   234551   863563    114103806280    114104669843        72496383   -2767785     201488     890000          0     6    1300000  212093000  890000000  890000000
   2     2190   229070   952143    114104669853    114105621996        73359957   -2829938     201488     890000          0     5    1200000  212093000  890000000  890000000
   2     2190   226862  1092367    114105622006    114106714373        74312110   -3032315     201488     890000          0     5    1200000  212093000  890000000  890000000
   2     2190   230475   713581    114106714383    114107427964        75404487   -2855906     201488     890000          0     4    1300000  212093000  890000000  890000000
   2     2190   232280  1100542    114107427974    114108528517        76118078   -3066459     201488     890000          0     5    1200000  212093000  890000000  890000000
   2     2190   227284   819958    114108528527    114109348486        77218631   -2996428     201488     890000          0     7    1200000  212093000  890000000  890000000
   2     2190   230586   777793    114109348496    114110126289        78038600   -2884231     201488     890000          0     5    1200000  212093000  890000000  890000000
   2     2190   222853  1595654    114110126298    114111721952        78816402   -3589894     201488     890000          0     7    1300000  212093000  890000000  890000000
   2     2190   229425   940763    114111721962    114112662726        80412066   -3640668     201488     890000          0     5    1200000  212093000  890000000  890000000
   2     2190   220633   846758    114112662735    114113509493        81352839   -3597435     201488     890000          0     5    1300000  212093000  890000000  890000000
   2     2190   221939   889613    114113509503    114114399116        82199607   -3597058     201488     890000          0     6    1300000  212093000  890000000  890000000
   2     2190   224108   919768    114114399126    114115318894        83089230   -3626836     201488     890000          0     7    1200000  212093000  890000000  890000000
   2     2190   215279   877487    114115318903    114116196391        84009007   -3614333     201488     890000          0     6    1300000  212093000  890000000  890000000
   2     2190   218402   912321    114116196400    114117108721        84886503   -3636663     201488     890000          0     7    1400000  212093000  890000000  890000000
   2     2190   230899   905780    114117108731    114118014510        85798835   -3652453     201488     890000          0     7    1200000  212093000  890000000  890000000
   2     2190   219294   912655    114118014520    114118927175        86704624   -3675117     201488     890000          0     7    1300000  212093000  890000000  890000000
   2     2190   223639   985368    114118927184    114119912553        87617288   -3770495     201488     890000          0     6    1300000  212093000  890000000  890000000
   2     2190   230315   814508    114119912603    114120727111        88602707   -3695053     201488     890000          0     6    1200000  212093000  890000000  890000000
   2     2190   237153  1049703    114120727122    114121776825        89417226   -3854768     201488     890000          0     4    1200000  212093000  890000000  890000000
