#idx     perf      run   period           start             end          rel_st      slack c_duration   c_period     wu_lat   cpu       freq dl_runtime  dl_period dl_deadline
  10     1047   138326   389509    102501718718    102502108227         3768987     246902      96362     390000         58     4     200000  101434000  390000000  390000000
  10     1047   138271   389989    102502108241    102502498230         4158510     248321      96362     390000         62     4    1000000  101434000  390000000  390000000
  10     1047   137221   389983    102502498243    102502888226         4548512     250350      96362     390000         58     4    1000000  101434000  390000000  390000000
  10     1047   137352   457277    102502888239    102503345516         4938508     250286      96362     390000      67348     4    1000000  101434000  390000000  390000000
  10     1047   137991   322683    102503345529    102503668212         5395798     181442      96362     390000         43     4    1000000  101434000  390000000  390000000
  10     1047   137317   389995    102503668224    102504058219         5718493     250357      96362     390000         51     4    1000000  101434000  390000000  390000000
  10     1047   139544   389997    102504058232    102504448229         6108501     247047      96362     390000         61     4    1000000  101434000  390000000  390000000
  10     1047   137240   390046    102504448242    102504838288         6498511     250349      96362     390000        119     4    1000000  101434000  390000000  390000000
  10     1047   137813   389920    102504838305    102505228225         6888574     249240      96362     390000         57     4     800000  101434000  390000000  390000000
  10     1047   138293   463042    102505228238    102505691280         7278507     248308      96362     390000      73112     4    1000000  101434000  390000000  390000000
  10     1047   137241   316918    102505691293    102506008211         7741562     177140      96362     390000         43     4    1000000  101434000  390000000  390000000
  10     1047   138152   390074    102506008223    102506398297         8058492     248355      96362     390000        128     4    1000000  101434000  390000000  390000000
  10     1047   139112   389911    102506398315    102506788226         8448584     246792      96362     390000         58     4     700000  101434000  390000000  390000000
  10     1047   138916   390008    102506788239    102507178247         8838508     247633      96362     390000         79     4    1000000  101434000  390000000  390000000
  10     1047   137205   392115    102507178260    102507570375         9228529     250446      96362     390000       2208     4    1000000  101434000  390000000  390000000
  10     1047   138317   471778    102507570388    102508042166         9620657     246022      96362     390000      83998     4    1000000  101434000  390000000  390000000
  10     1047   138172   306106    102508042179    102508348284        10092448     164443      96362     390000        115     4    1000000  101434000  390000000  390000000
  10     1047   137790   389918    102508348302    102508738220        10398571     249267      96362     390000         52     4     700000  101434000  390000000  390000000
  10     1047   138275   389987    102508738233    102509128220        10788502     248363      96362     390000         51     4    1000000  101434000  390000000  390000000
  10     1047   138293   390047    102509128232    102509518280        11178501     248278      96362     390000        111     4    1000000  101434000  390000000  390000000
  10     1047   139218   402144    102509518295    102509920440        11568564     242196      96362     390000      12272     4     800000  101434000  390000000  390000000
  10     1047   138348   472769    102509920452    102510393221        11970721     235985      96362     390000      95053     4    1000000  101434000  390000000  390000000
  10     1047   137098   294974    102510393234    102510688208        12443503     155379      96362     390000         40     4    1000000  101434000  390000000  390000000
  10     1047   137188   390018    102510688272    102511078290        12738541     250356      96362     390000        121     4    1000000  101434000  390000000  390000000
  10     1047   137913   389913    102511078308    102511468221        13128577     249035      96362     390000         53     4     700000  101434000  390000000  390000000
  10     1047   138854   389996    102511468234    102511858230        13518503     247736      96362     390000         62     4    1000000  101434000  390000000  390000000
  10     1047   137292   412907    102511858243    102512271149        13908512     250335      96362     390000      22982     4    1000000  101434000  390000000  390000000
  10     1047   138188   469642    102512271162    102512740803        14321430     225519      96362     390000     102636     4    1000000  101434000  390000000  390000000
  10     1047   138100   287396    102512740816    102513028212        14791084     146012      96362     390000         43     4    1000000  101434000  390000000  390000000
  10     1047   137247   390003    102513028224    102513418227        15078493     250440      96362     390000         59     4    1000000  101434000  390000000  390000000
  10     1047   138345   389987    102513418240    102513808227        15468509     248181      96362     390000         59     4    1000000  101434000  390000000  390000000
  10     1047   137229   390062    102513808240    102514198302        15858508     250361      96362     390000        132     4    1000000  101434000  390000000  390000000
  10     1047   138984   422883    102514198320    102514621203        16248588     246934      96362     390000      33035     4     700000  101434000  390000000  390000000
  10     1047   138885   470917    102514621215    102515092133        16671484     211033      96362     390000     113965     4    1000000  101434000  390000000  390000000
  10     1047   137377   276066    102515092145    102515368211        17142414     136410      96362     390000         43     4    1000000  101434000  390000000  390000000
  10     1047   138253   390086    102515368223    102515758309        17418492     248438      96362     390000        139     4    1000000  101434000  390000000  390000000
  10     1047   139018   389899    102515758327    102516148226        17808596     246912      96362     390000         57     4     700000  101434000  390000000  390000000
  10     1047   138194   389979    102516148238    102516538218        18198507     248365      96362     390000         49     4    1000000  101434000  390000000  390000000
  10     1047   138043   431548    102516538230    102516969778        18588499     248887      96362     390000      41611     4    1000000  101434000  390000000  390000000
  10     1047   138248   471991    102516969791    102517441782        19020060     206763      96362     390000     123615     4    1000000  101434000  390000000  390000000
  10     1047   138341   266413    102517441795    102517708208        19492064     124725      96362     390000         40     4    1000000  101434000  390000000  390000000
  10     1047   137194   390015    102517708220    102518098235        19758489     250480      96362     390000         67     4    1000000  101434000  390000000  390000000
  10     1047   138961   389980    102518098248    102518488228        20148517     247591      96362     390000         60     4    1000000  101434000  390000000  390000000
  10     1047   138291   390052    102518488241    102518878293        20538510     248156      96362     390000        124     4    1000000  101434000  390000000  390000000
  10     1047   137759   443341    102518878308    102519321650        20928577     249277      96362     390000      53482     4     800000  101434000  390000000  390000000
  10     1047   138275   336548    102519321662    102519658211        21371931     194807      96362     390000         42     4    1000000  101434000  390000000  390000000
  10     1047   138190   390011    102519658223    102520048234        21708492     248251      96362     390000         66     4    1000000  101434000  390000000  390000000
  10     1047   138358   389997    102520048294    102520438291        22098563     248092      96362     390000        122     4    1000000  101434000  390000000  390000000
  10     1047   137765   389913    102520438307    102520828219        22488576     249355      96362     390000         51     4     800000  101434000  390000000  390000000
  10     1047   137203   389995    102520828232    102521218227        22878501     250369      96362     390000         59     4    1000000  101434000  390000000  390000000
  10     1047   137343   454609    102521218239    102521672848        23268508     250207      96362     390000      64681     4    1000000  101434000  390000000  390000000
  10     1047   138054   325423    102521672861    102521998285        23723130     183950      96362     390000        115     4    1000000  101434000  390000000  390000000
  10     1047   137984   389922    102521998303    102522388224        24048571     248861      96362     390000         55     4     700000  101434000  390000000  390000000
  10     1047   138276   389983    102522388237    102522778220        24438506     248220      96362     390000         52     4    1000000  101434000  390000000  390000000
  10     1047   138342   389988    102522778233    102523168221        24828502     248290      96362     390000         52     4    1000000  101434000  390000000  390000000
  10     1047   138024   390116    102523168233    102523558349        25218502     248925      96362     390000        178     4    1000000  101434000  390000000  390000000
  10     1047   139095   462906    102523558373    102524021279        25608642     246476      96362     390000      73111     4     500000  101434000  390000000  390000000
  10     1047   138280   316921    102524021292    102524338212        26071561     175230      96362     390000         44     4    1000000  101434000  390000000  390000000
  10     1047   137120   389994    102524338225    102524728219        26388494     250606      96362     390000         51     4    1000000  101434000  390000000  390000000
  10     1047   138194   390075    102524728232    102525118307        26778501     248389      96362     390000        138     4    1000000  101434000  390000000  390000000
  10     1047   139085   389904    102525118324    102525508229        27168593     246828      96362     390000         60     4     700000  101434000  390000000  390000000
  10     1047   138320   394116    102525508241    102525902358        27558510     248337      96362     390000       4190     4    1000000  101434000  390000000  390000000
  10     1047   138275   468894    102525902370    102526371264        27952639     244003      96362     390000      83096     4    1000000  101434000  390000000  390000000
  10     1047   137125   307021    102526371276    102526678297        28421545     167288      96362     390000         57     4    1000000  101434000  390000000  390000000
  10     1047   138853   389894    102526678315    102527068208        28728584     247192      96362     390000         40     4     700000  101434000  390000000  390000000
  10     1047   137203   390000    102527068221    102527458221        29118490     250452      96362     390000         53     4    1000000  101434000  390000000  390000000
  10     1047   138299   390000    102527458233    102527848233        29508502     248324      96362     390000         65     4    1000000  101434000  390000000  390000000
  10     1047   138196   403874    102527848246    102528252120        29898515     248343      96362     390000      13952     4    1000000  101434000  390000000  390000000
  10     1047   137209   469040    102528252132    102528721172        30302401     236553      96362     390000      93005     4    1000000  101434000  390000000  390000000
  10     1047   138160   297038    102528721185    102529018223        30771454     155568      96362     390000         54     4    1000000  101434000  390000000  390000000
  10     1047   137217   389949    102529018277    102529408226        31068546     250331      96362     390000         58     4    1000000  101434000  390000000  390000000
  10     1047   137375   390053    102529408239    102529798292        31458508     250077      96362     390000        123     4    1000000  101434000  390000000  390000000
  10     1047   139265   389912    102529798308    102530188220        31848577     246718      96362     390000         52     4     800000  101434000  390000000  390000000
  10     1047   137293   412842    102530188233    102530601074        32238501     250329      96362     390000      22906     4    1000000  101434000  390000000  390000000
  10     1047   138284   470183    102530601087    102531071270        32651356     225531      96362     390000     103102     4    1000000  101434000  390000000  390000000
  10     1047   137792   287000    102531071283    102531358283        33121552     146737      96362     390000        114     4    1000000  101434000  390000000  390000000
  10     1047   137806   389931    102531358298    102531748229        33408567     249234      96362     390000         61     4     800000  101434000  390000000  390000000
  10     1047   138358   389990    102531748241    102532138231        33798510     248346      96362     390000         63     4    1000000  101434000  390000000  390000000
  10     1047   138295   389983    102532138244    102532528227        34188513     248285      96362     390000         59     4    1000000  101434000  390000000  390000000
  10     1047   138237   423509    102532528240    102532951749        34578508     248334      96362     390000      33581     4    1000000  101434000  390000000  390000000
  10     1047   138221   469428    102532951762    102533421190        35002031     214677      96362     390000     113022     4    1000000  101434000  390000000  390000000
  10     1047   138741   277008    102533421203    102533698211        35471471     134996      96362     390000         42     4    1000000  101434000  390000000  390000000
  10     1047   137184   389998    102533698222    102534088220        35748491     250504      96362     390000         52     4    1000000  101434000  390000000  390000000
  10     1047   138330   390092    102534088233    102534478325        36138502     248239      96362     390000        155     4    1000000  101434000  390000000  390000000
  10     1047   139053   389957    102534478346    102534868304        36528615     246641      96362     390000        134     4     600000  101434000  390000000  390000000
  10     1047   137794   428967    102534868321    102535297288        36918590     249178      96362     390000      39120     4     700000  101434000  390000000  390000000
  10     1047   139247   472071    102535297300    102535769372        37347569     207144      96362     390000     121204     4    1000000  101434000  390000000  390000000
  10     1047   137941   268919    102535769384    102536038303        37819653     127498      96362     390000        134     4    1000000  101434000  390000000  390000000
  10     1047   138975   389906    102536038321    102536428227        38088590     246989      96362     390000         59     4     700000  101434000  390000000  390000000
  10     1047   138156   389980    102536428240    102536818220        38478509     248748      96362     390000         52     4    1000000  101434000  390000000  390000000
  10     1047   138240   389997    102536818233    102537208230        38868501     248317      96362     390000         61     4    1000000  101434000  390000000  390000000
  10     1047   137203   441152    102537208242    102537649394        39258511     250367      96362     390000      51226     4    1000000  101434000  390000000  390000000
  10     1047   138238   338804    102537649407    102537988211        39699676     197151      96362     390000         42     4    1000000  101434000  390000000  390000000
  10     1047   138186   390013    102537988223    102538378237        40038492     248483      96362     390000         68     4    1000000  101434000  390000000  390000000
  10     1047   137348   389931    102538378296    102538768227        40428565     250164      96362     390000         59     4    1000000  101434000  390000000  390000000
  10     1047   138343   390040    102538768240    102539158280        40818509     248241      96362     390000        111     4    1000000  101434000  390000000  390000000
  10     1047   137759   389930    102539158296    102539548226        41208564     249339      96362     390000         58     4     800000  101434000  390000000  390000000
  10     1047   137378   454910    102539548238    102540003148        41598507     250300      96362     390000      64980     4    1000000  101434000  390000000  390000000
  10     1047   138205   325052    102540003161    102540328213        42053430     183499      96362     390000         44     4    1000000  101434000  390000000  390000000
  10     1047   137190   390067    102540328225    102540718292        42378494     250286      96362     390000        123     4    1000000  101434000  390000000  390000000
  10     1047   138800   389927    102540718308    102541108236        42768577     247328      96362     390000         67     4     800000  101434000  390000000  390000000
  10     1047   138978   390051    102541108248    102541498299        43158517     247526      96362     390000        130     4    1000000  101434000  390000000  390000000
  10     1047   137774   389913    102541498315    102541888228        43548584     249328      96362     390000         60     4     800000  101434000  390000000  390000000
  10     1047   138733   465467    102541888240    102542353708        43938509     247911      96362     390000      75540     4    1000000  101434000  390000000  390000000
  10     1047   137235   314490    102542353720    102542668210        44403989     174962      96362     390000         42     4    1000000  101434000  390000000  390000000
  10     1047   138267   390004    102542668222    102543058226        44718491     248399      96362     390000         58     4    1000000  101434000  390000000  390000000
  10     1047   137993   389989    102543058239    102543448228        45108508     248875      96362     390000         60     4    1000000  101434000  390000000  390000000
  10     1047   138356   390051    102543448241    102543838292        45498510     248213      96362     390000        122     4    1000000  101434000  390000000  390000000
  10     1047   138940   394862    102543838309    102544233172        45888578     246900      96362     390000       5004     4     700000  101434000  390000000  390000000
  10     1047   137178   467469    102544233184    102544700653        46283453     245357      96362     390000      82485     4    1000000  101434000  390000000  390000000
  10     1047   138185   307547    102544700665    102545008212        46750934     166006      96362     390000         44     4    1000000  101434000  390000000  390000000
  10     1047   138255   390129    102545008225    102545398354        47058494     248407      96362     390000        182     4    1000000  101434000  390000000  390000000
  10     1047   138196   389845    102545398378    102545788223        47448647     248554      96362     390000         55     4     500000  101434000  390000000  390000000
  10     1047   138294   389992    102545788236    102546178228        47838505     248304      96362     390000         60     4    1000000  101434000  390000000  390000000
  10     1047   138358   400965    102546178241    102546579206        48228510     248286      96362     390000      11038     4    1000000  101434000  390000000  390000000
  10     1047   138247   472507    102546579218    102547051725        48629487     237237      96362     390000      93557     4    1000000  101434000  390000000  390000000
  10     1047   138086   296474    102547051738    102547348212        49102006     154893      96362     390000         44     4    1000000  101434000  390000000  390000000
  10     1047   137198   389955    102547348268    102547738223        49398537     250436      96362     390000         54     4    1000000  101434000  390000000  390000000
  10     1047   137992   390061    102547738236    102548128296        49788504     248612      96362     390000        126     4    1000000  101434000  390000000  390000000
  10     1047   137776   389973    102548128313    102548518286        50178582     249160      96362     390000        117     4     800000  101434000  390000000  390000000
  10     1047   138571   412956    102548518302    102548931258        50568571     247519      96362     390000      23090     4     800000  101434000  390000000  390000000
  10     1047   138289   469875    102548931270    102549401145        50981539     225171      96362     390000     102978     4    1000000  101434000  390000000  390000000
  10     1047   137208   287051    102549401158    102549688208        51451426     147427      96362     390000         40     4    1000000  101434000  390000000  390000000
  10     1047   138010   390071    102549688220    102550078291        51738489     248931      96362     390000        122     4    1000000  101434000  390000000  390000000
  10     1047   138741   389923    102550078307    102550468229        52128575     247333      96362     390000         61     4     800000  101434000  390000000  390000000
  10     1047   138332   389998    102550468242    102550858240        52518511     248182      96362     390000         72     4    1000000  101434000  390000000  390000000
  10     1047   137128   422841    102550858253    102551281094        52908522     250485      96362     390000      32926     4    1000000  101434000  390000000  390000000
  10     1047   138331   468880    102551281106    102551749986        53331375     215370      96362     390000     111818     4    1000000  101434000  390000000  390000000
  10     1047   138261   278212    102551749999    102552028211        53800268     136603      96362     390000         43     4    1000000  101434000  390000000  390000000
  10     1047   138265   390000    102552028224    102552418224        54078493     248315      96362     390000         56     4    1000000  101434000  390000000  390000000
  10     1047   138777   389985    102552418237    102552808222        54468506     247733      96362     390000         54     4    1000000  101434000  390000000  390000000
  10     1047   138372   390065    102552808235    102553198300        54858504     248241      96362     390000        131     4    1000000  101434000  390000000  390000000
  10     1047   138722   430867    102553198315    102553629182        55248584     247314      96362     390000      41014     4     800000  101434000  390000000  390000000
  10     1047   138323   472170    102553629194    102554101364        55679463     207189      96362     390000     123196     4    1000000  101434000  390000000  390000000
  10     1047   137211   266836    102554101376    102554368213        56151645     127113      96362     390000         44     4    1000000  101434000  390000000  390000000
  10     1047   138178   390079    102554368225    102554758304        56418494     248511      96362     390000        135     4    1000000  101434000  390000000  390000000
  10     1047   138017   389907    102554758322    102555148228        56808591     248744      96362     390000         60     4     700000  101434000  390000000  390000000
  10     1047   138225   389978    102555148244    102555538222        57198513     248406      96362     390000         54     4    1000000  101434000  390000000  390000000
  10     1047   137222   443012    102555538236    102555981248        57588504     250254      96362     390000      53080     4    1000000  101434000  390000000  390000000
  10     1047   138271   472051    102555981261    102556453312        58031530     195406      96362     390000     135144     4    1000000  101434000  390000000  390000000
  10     1047   137937   254912    102556453326    102556708238        58503595     113446      96362     390000         69     4    1000000  101434000  390000000  390000000
  10     1047   137359   389913    102556708310    102557098223        58758579     250030      96362     390000         54     4    1000000  101434000  390000000  390000000
  10     1047   138509   389980    102557098240    102557488220        59148509     247056      96362     390000         50     4    1000000  101434000  390000000  390000000
  10     1047   137213   390055    102557488235    102557878289        59538504     250373      96362     390000        120     4    1000000  101434000  390000000  390000000
  10     1047   137677   453891    102557878307    102558332198        59928576     249192      96362     390000      64030     4     800000  101434000  390000000  390000000
  10     1047   137213   326004    102558332211    102558658215        60382480     186440      96362     390000         46     4    1000000  101434000  390000000  390000000
  10     1047   138287   389989    102558658230    102559048219        60708499     248408      96362     390000         50     4    1000000  101434000  390000000  390000000
  10     1047   138053   390044    102559048234    102559438278        61098503     248607      96362     390000        109     4    1000000  101434000  390000000  390000000
  10     1047   139641   389945    102559438296    102559828242        61488565     246371      96362     390000         72     4     800000  101434000  390000000  390000000
  10     1047   138275   389968    102559828256    102560218224        61878525     248333      96362     390000         55     4    1000000  101434000  390000000  390000000
  10     1047   137290   460317    102560218238    102560678555        62268507     250299      96362     390000      70387     4    1000000  101434000  390000000  390000000
