#idx     perf      run   period           start             end          rel_st      slack c_duration   c_period     wu_lat   cpu       freq dl_runtime  dl_period dl_deadline
   4      829    77136   319960       740665517       740985477          743267     242004      76358     320000         49     5    1400000   80377000  320000000  320000000
   4      829    77129   319973       740985486       741305460         1063237     242067      76358     320000         32     5    1400000   80377000  320000000  320000000
   4      829    77127   319996       741305468       741625464         1383219     242137      76358     320000         36     5    1400000   80377000  320000000  320000000
   4      829    77126   320003       741625472       741945476         1703223     242136      76358     320000         48     5    1400000   80377000  320000000  320000000
   4      829    77140   320003       741945485       742265488         2023236     242095      76358     320000         60     5    1400000   80377000  320000000  320000000
   4      829    77142   319987       742265497       742585484         2343247     242086      76358     320000         57     5    1400000   80377000  320000000  320000000
   4      829    77127   319966       742585493       742905459         2663243     242159      76358     320000         31     5    1400000   80377000  320000000  320000000
   4      829    77126   320001       742905467       743225469         2983218     242213      76358     320000         41     5    1400000   80377000  320000000  320000000
   4      829    77132   320005       743225477       743545482         3303227     242068      76358     320000         54     5    1400000   80377000  320000000  320000000
   4      829    77140   319992       743545491       743865483         3623242     242094      76358     320000         56     5    1400000   80377000  320000000  320000000
   4      829    77127   319984       743865492       744185476         3943243     242153      76358     320000         48     5    1400000   80377000  320000000  320000000
   4      829    77138   319979       744185485       744505463         4263235     242120      76358     320000         35     5    1400000   80377000  320000000  320000000
   4      829    77141   320007       744505472       744825479         4583222     242099      76358     320000         51     5    1400000   80377000  320000000  320000000
   4      829    77127   319981       744825487       745145468         4903238     242141      76358     320000         41     5    1400000   80377000  320000000  320000000
   4      829    77127   320001       745145477       745465477         5223227     242157      76358     320000         50     5    1400000   80377000  320000000  320000000
   4      829    77139   319983       745465486       745785469         5543237     242031      76358     320000         42     5    1400000   80377000  320000000  320000000
   4      829    77132   319985       745785478       746105463         5863229     242131      76358     320000         35     5    1400000   80377000  320000000  320000000
   4      829    77123   320014       746105472       746425485         6183222     242223      76358     320000         57     5    1400000   80377000  320000000  320000000
   4      829    77141   319973       746425494       746745467         6503244     242073      76358     320000         40     5    1400000   80377000  320000000  320000000
   4      829    77137   319987       746745476       747065464         6823226     242112      76358     320000         36     5    1400000   80377000  320000000  320000000
   4      829    77126   320009       747065472       747385481         7143223     242165      76358     320000         54     5    1400000   80377000  320000000  320000000
   4      829    77129   319970       747385490       747705460         7463241     242112      76358     320000         32     5    1400000   80377000  320000000  320000000
   4      829    77133   320001       747705468       748025469         7783219     242158      76358     320000         42     5    1400000   80377000  320000000  320000000
   4      829    77142   319968       748025516       748345483         8103266     242061      76358     320000         56     5    1400000   80377000  320000000  320000000
   4      829    77129   319986       748345492       748665478         8423243     242168      76358     320000         51     5    1400000   80377000  320000000  320000000
   4      829    77135   319984       748665487       748985471         8743237     242087      76358     320000         43     5    1400000   80377000  320000000  320000000
   4      829    77130   320006       748985479       749305485         9063230     242193      76358     320000         58     5    1400000   80377000  320000000  320000000
   4      829    77131   319977       749305494       749625471         9383245     242145      76358     320000         44     5    1400000   80377000  320000000  320000000
   4      829    77125   319990       749625480       749945470         9703230     242163      76358     320000         42     5    1400000   80377000  320000000  320000000
   4      829    77142   320013       749945478       750265491        10023229     242083      76358     320000         62     5    1400000   80377000  320000000  320000000
   4      829    77139   319968       750265501       750585469        10343251     242055      76358     320000         42     5    1400000   80377000  320000000  320000000
   4      829    77126   319989       750585478       750905468        10663229     242201      76358     320000         40     5    1400000   80377000  320000000  320000000
   4      829    77124   320012       750905476       751225488        10983227     242218      76358     320000         60     5    1400000   80377000  320000000  320000000
   4      829    77138   319963       751225497       751545460        11303248     242070      76358     320000         32     5    1400000   80377000  320000000  320000000
   4      829    77134   320014       751545468       751865482        11623219     242116      76358     320000         54     5    1400000   80377000  320000000  320000000
   4      829    77129   319997       751865491       752185488        11943242     242194      76358     320000         61     5    1400000   80377000  320000000  320000000
   4      829    77143   319961       752185497       752505459        12263248     242092      76358     320000         31     5    1400000   80377000  320000000  320000000
   4      829    77132   320000       752505468       752825467        12583218     242203      76358     320000         40     5    1400000   80377000  320000000  320000000
   4      829    77126   319988       752825476       753145464        12903226     242182      76358     320000         35     5    1400000   80377000  320000000  320000000
   4      829    77125   319991       753145472       753465463        13223222     242124      76358     320000         36     5    1400000   80377000  320000000  320000000
   4      829    77136   320004       753465472       753785476        13543222     242143      76358     320000         49     5    1400000   80377000  320000000  320000000
   4      829    77136   319997       753785485       754105482        13863235     242138      76358     320000         54     5    1400000   80377000  320000000  320000000
   4      829    77130   319978       754105490       754425468        14183241     242085      76358     320000         41     5    1400000   80377000  320000000  320000000
   4      829    77125   319984       754425477       754745461        14503227     242150      76358     320000         33     5    1400000   80377000  320000000  320000000
   4      829    77138   320032       754745469       755065502        14823220     242149      76358     320000         73     5    1400000   80377000  320000000  320000000
   4      829    77137   319952       755065511       755385463        15143261     242065      76358     320000         35     5    1400000   80377000  320000000  320000000
   4      829    77121   319997       755385471       755705469        15463222     242212      76358     320000         41     5    1400000   80377000  320000000  320000000
   4      829    77134   319976       755705514       756025489        15783264     242151      76358     320000         62     5    1400000   80377000  320000000  320000000
   4      829    77140   319960       756025498       756345458        16103249     242053      76358     320000         31     5    1400000   80377000  320000000  320000000
   4      829    77128   320014       756345467       756665481        16423218     242163      76358     320000         53     5    1400000   80377000  320000000  320000000
   4      829    77131   320000       756665489       756985489        16743240     242167      76358     320000         62     5    1400000   80377000  320000000  320000000
   4      829    77142   319970       756985498       757305468        17063249     242043      76358     320000         41     5    1400000   80377000  320000000  320000000
   4      829    77134   319991       757305477       757625468        17383228     242151      76358     320000         41     5    1400000   80377000  320000000  320000000
   4      829    77125   320008       757625477       757945484        17703227     242188      76358     320000         57     5    1400000   80377000  320000000  320000000
   4      829    77145   319988       757945493       758265482        18023244     242032      76358     320000         54     5    1400000   80377000  320000000  320000000
   4      829    77139   319979       758265491       758585470        18343241     242067      76358     320000         42     5    1400000   80377000  320000000  320000000
   4      829    77128   319985       758585478       758905463        18663229     242200      76358     320000         35     5    1400000   80377000  320000000  320000000
   4      829    77124   319996       758905472       759225468        18983222     242182      76358     320000         40     5    1400000   80377000  320000000  320000000
   4      829    77133   319991       759225477       759545467        19303227     242197      76358     320000         40     5    1400000   80377000  320000000  320000000
   4      829    77137   320022       759545476       759865498        19623227     242112      76358     320000         70     5    1400000   80377000  320000000  320000000
   4      829    77131   319955       759865507       760185462        19943257     242107      76358     320000         35     5    1400000   80377000  320000000  320000000
   4      829    77128   319997       760185471       760505468        20263221     242122      76358     320000         40     5    1400000   80377000  320000000  320000000
   4      829    77127   320006       760505477       760825482        20583227     242215      76358     320000         55     5    1400000   80377000  320000000  320000000
   4      829    77136   319978       760825492       761145470        20903242     242152      76358     320000         42     5    1400000   80377000  320000000  320000000
   4      829    77129   320002       761145479       761465481        21223229     242107      76358     320000         53     5    1400000   80377000  320000000  320000000
   4      829    77138   319977       761465490       761785466        21543240     242117      76358     320000         38     5    1400000   80377000  320000000  320000000
   4      829    77137   319993       761785475       762105468        21863225     242127      76358     320000         40     5    1400000   80377000  320000000  320000000
   4      829    77125   319991       762105477       762425468        22183227     242185      76358     320000         41     5    1400000   80377000  320000000  320000000
   4      829    77125   320005       762425477       762745482        22503227     242203      76358     320000         54     5    1400000   80377000  320000000  320000000
   4      829    77139   319990       762745491       763065482        22823242     242059      76358     320000         54     5    1400000   80377000  320000000  320000000
   4      829    77146   319933       763065527       763385460        23143278     242008      76358     320000         32     5    1400000   80377000  320000000  320000000
   4      829    77127   320013       763385469       763705481        23463219     242225      76358     320000         54     5    1400000   80377000  320000000  320000000
   4      829    77139   319978       763705490       764025468        23783240     242128      76358     320000         40     5    1400000   80377000  320000000  320000000
   4      829    77129   319982       764025477       764345459        24103227     242181      76358     320000         31     5    1400000   80377000  320000000  320000000
   4      829    77127   320031       764345467       764665498        24423217     242198      76358     320000         70     5    1400000   80377000  320000000  320000000
   4      829    77127   319953       764665507       764985460        24743258     242075      76358     320000         32     5    1400000   80377000  320000000  320000000
   4      829    77138   319991       764985469       765305459        25063219     242144      76358     320000         32     5    1400000   80377000  320000000  320000000
   4      829    77135   320016       765305468       765625484        25383219     242168      76358     320000         56     5    1400000   80377000  320000000  320000000
   4      829    77130   319976       765625493       765945469        25703243     242170      76358     320000         42     5    1400000   80377000  320000000  320000000
   4      829    77132   320004       765945478       766265482        26023228     242078      76358     320000         54     5    1400000   80377000  320000000  320000000
   4      829    77139   320002       766265491       766585493        26343241     242120      76358     320000         65     5    1400000   80377000  320000000  320000000
   4      829    77129   319974       766585502       766905476        26663252     242178      76358     320000         48     5    1400000   80377000  320000000  320000000
   4      829    77127   319985       766905484       767225469        26983235     242189      76358     320000         42     5    1400000   80377000  320000000  320000000
   4      829    77136   320005       767225478       767545483        27303228     242128      76358     320000         55     5    1400000   80377000  320000000  320000000
   4      829    77146   319991       767545493       767865484        27623243     242049      76358     320000         57     5    1400000   80377000  320000000  320000000
   4      829    77126   319975       767865493       768185468        27943244     242124      76358     320000         40     5    1400000   80377000  320000000  320000000
   4      829    77126   320005       768185476       768505481        28263227     242205      76358     320000         54     5    1400000   80377000  320000000  320000000
   4      829    77138   319971       768505490       768825461        28583241     242085      76358     320000         34     5    1400000   80377000  320000000  320000000
   4      829    77134   319999       768825470       769145469        28903220     242156      76358     320000         41     5    1400000   80377000  320000000  320000000
   4      829    77131   320015       769145477       769465492        29223228     242174      76358     320000         63     5    1400000   80377000  320000000  320000000
   4      829    77144   319978       769465502       769785479        29543252     242050      76358     320000         52     5    1400000   80377000  320000000  320000000
   4      829    77140   319980       769785488       770105468        29863239     242090      76358     320000         41     5    1400000   80377000  320000000  320000000
   4      829    77125   319986       770105477       770425463        30183227     242219      76358     320000         35     5    1400000   80377000  320000000  320000000
   4      829    77125   319986       770425472       770745458        30503222     242158      76358     320000         30     5    1400000   80377000  320000000  320000000
   4      829    77133   319976       770745505       771065481        30823255     242143      76358     320000         53     5    1400000   80377000  320000000  320000000
   4      829    77137   319993       771065490       771385483        31143240     242135      76358     320000         55     5    1400000   80377000  320000000  320000000
   4      829    77130   319977       771385492       771705468        31463242     242143      76358     320000         41     5    1400000   80377000  320000000  320000000
   4      829    77124   319983       771705477       772025460        31783227     242116      76358     320000         32     5    1400000   80377000  320000000  320000000
   4      829    77136   320015       772025468       772345483        32103219     242134      76358     320000         56     5    1400000   80377000  320000000  320000000
   4      829    77127   319970       772345492       772665462        32423243     242159      76358     320000         34     5    1400000   80377000  320000000  320000000
   4      829    77126   320005       772665471       772985476        32743221     242113      76358     320000         48     5    1400000   80377000  320000000  320000000
   4      829    77141   319997       772985484       773305481        33063235     242109      76358     320000         54     5    1400000   80377000  320000000  320000000
   4      829    77141   319968       773305490       773625458        33383241     242082      76358     320000         31     5    1400000   80377000  320000000  320000000
   4      829    77125   320002       773625467       773945468        33703217     242193      76358     320000         41     5    1400000   80377000  320000000  320000000
   4      829    77130   320023       773945477       774265500        34023227     242176      76358     320000         72     5    1400000   80377000  320000000  320000000
   4      829    77143   319968       774265509       774585477        34343259     242008      76358     320000         49     5    1400000   80377000  320000000  320000000
   4      829    77135   319982       774585486       774905468        34663236     242123      76358     320000         40     5    1400000   80377000  320000000  320000000
   4      829    77124   320008       774905477       775225485        34983227     242244      76358     320000         58     5    1400000   80377000  320000000  320000000
   4      829    77143   319974       775225494       775545468        35303244     242050      76358     320000         40     5    1400000   80377000  320000000  320000000
   4      829    77143   320012       775545477       775865489        35623227     242071      76358     320000         61     5    1400000   80377000  320000000  320000000
   4      829    77133   319968       775865497       776185465        35943248     242182      76358     320000         37     5    1400000   80377000  320000000  320000000
   4      829    77127   319995       776185474       776505468        36263224     242147      76358     320000         41     5    1400000   80377000  320000000  320000000
   4      829    77137   319990       776505477       776825468        36583227     242129      76358     320000         40     5    1400000   80377000  320000000  320000000
   4      829    77141   320005       776825476       777145481        36903227     242082      76358     320000         54     5    1400000   80377000  320000000  320000000
   4      829    77133   319983       777145490       777465473        37223240     242156      76358     320000         42     5    1400000   80377000  320000000  320000000
   4      829    77126   319994       777465482       777785476        37543233     242052      76358     320000         49     5    1400000   80377000  320000000  320000000
   4      829    77138   319997       777785485       778105482        37863235     242117      76358     320000         54     5    1400000   80377000  320000000  320000000
   4      829    77128   319947       778105524       778425471        38183274     242167      76358     320000         44     5    1400000   80377000  320000000  320000000
   4      829    77127   319988       778425480       778745468        38503230     242149      76358     320000         40     5    1400000   80377000  320000000  320000000
   4      829    77138   319998       778745477       779065475        38823227     242118      76358     320000         45     5    1400000   80377000  320000000  320000000
   4      829    77137   319984       779065484       779385468        39143235     242098      76358     320000         41     5    1400000   80377000  320000000  320000000
   4      829    77123   319991       779385477       779705468        39463227     242219      76358     320000         41     5    1400000   80377000  320000000  320000000
   4      829    77127   320005       779705477       780025482        39783227     242167      76358     320000         54     5    1400000   80377000  320000000  320000000
   4      829    77141   319976       780025491       780345468        40103242     242059      76358     320000         40     5    1400000   80377000  320000000  320000000
   4      829    77133   319986       780345476       780665463        40423227     242153      76358     320000         35     5    1400000   80377000  320000000  320000000
   4      829    77127   320017       780665471       780985488        40743222     242213      76358     320000         61     5    1400000   80377000  320000000  320000000
   4      829    77140   319971       780985497       781305468        41063248     242100      76358     320000         41     5    1400000   80377000  320000000  320000000
   4      829    77136   319984       781305477       781625461        41383228     242151      76358     320000         33     5    1400000   80377000  320000000  320000000
   4      829    77124   320007       781625469       781945476        41703220     242199      76358     320000         48     5    1400000   80377000  320000000  320000000
   4      829    77132   319979       781945485       782265463        42023235     242079      76358     320000         36     5    1400000   80377000  320000000  320000000
   4      829    77137   319988       782265472       782585460        42343222     242134      76358     320000         32     5    1400000   80377000  320000000  320000000
   4      829    77132   320014       782585468       782905482        42663218     242205      76358     320000         54     5    1400000   80377000  320000000  320000000
   4      829    77128   319982       782905491       783225473        42983242     242173      76358     320000         45     5    1400000   80377000  320000000  320000000
   4      829    77139   319985       783225482       783545467        43303233     242156      76358     320000         40     5    1400000   80377000  320000000  320000000
   4      829    77137   320019       783545476       783865495        43623227     242123      76358     320000         68     5    1400000   80377000  320000000  320000000
   4      829    77127   319964       783865505       784185468        43943255     242144      76358     320000         41     5    1400000   80377000  320000000  320000000
   4      829    77123   319983       784185477       784505460        44263227     242215      76358     320000         32     5    1400000   80377000  320000000  320000000
   4      829    77127   320013       784505468       784825481        44583219     242087      76358     320000         53     5    1400000   80377000  320000000  320000000
   4      829    77142   319978       784825490       785145468        44903241     242058      76358     320000         40     5    1400000   80377000  320000000  320000000
   4      829    77128   320006       785145477       785465483        45223227     242122      76358     320000         55     5    1400000   80377000  320000000  320000000
   4      829    77131   319996       785465492       785785488        45543242     242110      76358     320000         60     5    1400000   80377000  320000000  320000000
   4      829    77136   319929       785785533       786105462        45863283     242057      76358     320000         34     5    1400000   80377000  320000000  320000000
   4      829    77132   319998       786105471       786425468        46183221     242149      76358     320000         41     5    1400000   80377000  320000000  320000000
   4      829    77125   320004       786425477       786745481        46503227     242214      76358     320000         53     5    1400000   80377000  320000000  320000000
   4      829    77147   319992       786745490       787065482        46823241     242057      76358     320000         54     5    1400000   80377000  320000000  320000000
   4      829    77139   319985       787065491       787385476        47143241     242056      76358     320000         49     5    1400000   80377000  320000000  320000000
   4      829    77126   319981       787385485       787705466        47463236     242227      76358     320000         38     5    1400000   80377000  320000000  320000000
   4      829    77124   319984       787705475       788025459        47783225     242144      76358     320000         32     5    1400000   80377000  320000000  320000000
   4      829    77130   320001       788025468       788345468        48103218     242216      76358     320000         41     5    1400000   80377000  320000000  320000000
   4      829    77138   320013       788345477       788665490        48423227     242074      76358     320000         61     5    1400000   80377000  320000000  320000000
   4      829    77134   319969       788665499       788985468        48743249     242139      76358     320000         40     5    1400000   80377000  320000000  320000000
   4      829    77139   319985       788985476       789305461        49063226     242130      76358     320000         33     5    1400000   80377000  320000000  320000000
   4      829    77132   320013       789305469       789625482        49383220     242164      76358     320000         54     5    1400000   80377000  320000000  320000000
   4      829    77125   319966       789625491       789945458        49703242     242115      76358     320000         30     5    1400000   80377000  320000000  320000000
   4      829    77129   320016       789945466       790265482        50023217     242146      76358     320000         54     5    1400000   80377000  320000000  320000000
   4      829    77134   319998       790265491       790585489        50343241     242100      76358     320000         61     5    1400000   80377000  320000000  320000000
   4      829    77137   319962       790585498       790905460        50663248     242076      76358     320000         32     5    1400000   80377000  320000000  320000000
   4      829    77127   320000       790905468       791225468        50983219     242198      76358     320000         40     5    1400000   80377000  320000000  320000000
   4      829    77129   320006       791225477       791545482        51303227     242122      76358     320000         55     5    1400000   80377000  320000000  320000000
   4      829    77146   319992       791545491       791865483        51623242     242056      76358     320000         55     5    1400000   80377000  320000000  320000000
   4      829    77139   319983       791865493       792185476        51943243     242131      76358     320000         49     5    1400000   80377000  320000000  320000000
   4      829    77126   319994       792185486       792505479        52263236     242205      76358     320000         52     5    1400000   80377000  320000000  320000000
   4      829    77138   319980       792505488       792825468        52583239     242129      76358     320000         40     5    1400000   80377000  320000000  320000000
   4      829    77132   319993       792825476       793145470        52903227     242163      76358     320000         42     5    1400000   80377000  320000000  320000000
   4      829    77126   319961       793145512       793465473        53223262     242192      76358     320000         43     5    1400000   80377000  320000000  320000000
   4      829    77128   319976       793465483       793785459        53543233     242122      76358     320000         31     5    1400000   80377000  320000000  320000000
   4      829    77128   320001       793785467       794105468        53863218     242068      76358     320000         41     5    1400000   80377000  320000000  320000000
   4      829    77135   319986       794105477       794425463        54183228     242128      76358     320000         34     5    1400000   80377000  320000000  320000000
   4      829    77123   319988       794425471       794745460        54503222     242146      76358     320000         32     5    1400000   80377000  320000000  320000000
   4      829    77132   320013       794745469       795065481        54823219     242099      76358     320000         54     5    1400000   80377000  320000000  320000000
   4      829    77135   319992       795065490       795385482        55143240     242135      76358     320000         54     5    1400000   80377000  320000000  320000000
   4      829    77125   319977       795385491       795705468        55463241     242195      76358     320000         40     5    1400000   80377000  320000000  320000000
   4      829    77126   319992       795705476       796025468        55783227     242181      76358     320000         41     5    1400000   80377000  320000000  320000000
   4      829    77133   319986       796025477       796345463        56103227     242112      76358     320000         35     5    1400000   80377000  320000000  320000000
   4      829    77138   320019       796345472       796665490        56423222     242091      76358     320000         63     5    1400000   80377000  320000000  320000000
   4      829    77128   319969       796665500       796985468        56743250     242107      76358     320000         41     5    1400000   80377000  320000000  320000000
   4      829    77127   320007       796985477       797305484        57063227     242144      76358     320000         56     5    1400000   80377000  320000000  320000000
   4      829    77140   319975       797305493       797625468        57383244     242067      76358     320000         41     5    1400000   80377000  320000000  320000000
   4      829    77125   319981       797625477       797945458        57703227     242169      76358     320000         31     5    1400000   80377000  320000000  320000000
   4      829    77127   320027       797945467       798265493        58023217     242128      76358     320000         64     5    1400000   80377000  320000000  320000000
   4      829    77138   319966       798265503       798585469        58343253     242068      76358     320000         42     5    1400000   80377000  320000000  320000000
   4      829    77135   319995       798585478       798905473        58663228     242153      76358     320000         45     5    1400000   80377000  320000000  320000000
   4      829    77125   320000       798905482       799225482        58983232     242211      76358     320000         54     5    1400000   80377000  320000000  320000000
   4      829    77126   319969       799225490       799545459        59303241     242123      76358     320000         32     5    1400000   80377000  320000000  320000000
   4      829    77134   320002       799545468       799865470        59623218     242123      76358     320000         42     5    1400000   80377000  320000000  320000000
