#idx     perf      run   period           start             end          rel_st      slack c_duration   c_period     wu_lat   cpu       freq dl_runtime  dl_period dl_deadline
  11      202    18791   371739    109570278432    109570650171         1144591     352656      18593     380000         59     7    1400000   20593000  380000000  380000000
  11      202    18812   379984    109570650181    109571030165         1516340     344251      18593     380000         53     7    1400000   20593000  380000000  380000000
  11      202    18791   379986    109571030174    109571410160         1896333     360875      18593     380000         46     7    1400000   20593000  380000000  380000000
  11      202    20236   379986    109571410171    109571790157         2276330     359439      18593     380000         45     7    1300000   20593000  380000000  380000000
  11      202    21934   380038    109571790167    109572170205         2656327        -94      18593     380000          0     7    1200000   20593000  380000000  380000000
  11      202    20234   413841    109572170215    109572584056         3036375     -33945      18593     380000          0     7    1300000   20593000  380000000  380000000
  11      202    20240   420499    109572584065    109573004564         3450224     -74454      18593     380000          0     7    1300000   20593000  380000000  380000000
  11      202    20233   305670    109573004574    109573310244         3870733       -133      18593     380000          0     7    1300000   20593000  380000000  380000000
  11      202    21538   440019    109573310254    109573750274         4176414     -60163      18593     380000          0     6    1200000   20593000  380000000  380000000
  11      202    21755   322200    109573750284    109574072484         4616443      -2373      18593     380000          0     5    1200000   20593000  380000000  380000000
  11      202    20257   378687    109574072494    109574451180         4938653      -1070      18593     380000          0     4    1300000   20593000  380000000  380000000
  11      202    20244   434443    109574451191    109574885634         5317350     -55523      18593     380000          0     6    1300000   20593000  380000000  380000000
  11      202    20249   402412    109574885643    109575288055         5751802     -77944      18593     380000          0     7    1300000   20593000  380000000  380000000
  11      202    21919   322175    109575288065    109575610240         6154224     -20129      18593     380000          0     5    1200000   20593000  380000000  380000000
  11      202    21945   364416    109575610250    109575974665         6476409      -4555      18593     380000          0     5    1200000   20593000  380000000  380000000
  11      202    21946   380438    109575974675    109576355113         6840835      -5002      18593     380000          0     5    1200000   20593000  380000000  380000000
  11      202    21533   453802    109576355123    109576808925         7221282     -78815      18593     380000          0     5    1200000   20593000  380000000  380000000
  11      202    20675   372912    109576808935    109577181847         7675094     -71736      18593     380000          0     4    1300000   20593000  380000000  380000000
  11      202    21943   316452    109577181857    109577498309         8048017      -8198      18593     380000          0     4    1200000   20593000  380000000  380000000
  11      202    21926   418195    109577498319    109577916514         8364478     -46404      18593     380000          0     7    1200000   20593000  380000000  380000000
  11      202    21926   346148    109577916524    109578262672         8782684     -12561      18593     380000          0     7    1200000   20593000  380000000  380000000
  11      202    21937   380488    109578262683    109578643171         9128842     -13060      18593     380000          0     7    1200000   20593000  380000000  380000000
  11      202    21938   380489    109578643182    109579023671         9509342     -13560      18593     380000          0     7    1200000   20593000  380000000  380000000
  11      202    21942   442275    109579023727    109579466001         9889886     -75890      18593     380000          0     5    1200000   20593000  380000000  380000000
  11      202    21934   413762    109579466012    109579879774        10332171    -109663      18593     380000          0     6    1200000   20593000  380000000  380000000
  11      202    21932   306221    109579879785    109580186005        10745944     -35894      18593     380000          0     7    1200000   20593000  380000000  380000000
  11      202    21938   742062    109580186015    109580928077        11052174    -397966      18593     380000          0     7    1200000   20593000  380000000  380000000
  11      202    21925   443980    109580928087    109581372067        11794246    -461955      18593     380000          0     7    1200000   20593000  380000000  380000000
  11      202    20236   388477    109581372077    109581760555        12238237    -470444      18593     380000          0     7    1300000   20593000  380000000  380000000
  11      202    20320   292590    109581760564    109582053154        12626723    -383043      18593     380000          0     7    1300000   20593000  380000000  380000000
  11      202    21942   380613    109582053164    109582433777        12919324    -383666      18593     380000          0     7    1200000   20593000  380000000  380000000
  11      202    21636   380281    109582433787    109582814069        13299947    -383958      18593     380000          0     7    1200000   20593000  380000000  380000000
  11      202    20462   432685    109582814078    109583246762        13680237    -436652      18593     380000          0     7    1300000   20593000  380000000  380000000
  11      202    21566   405857    109583246772    109583652629        14112932    -462518      18593     380000          0     4    1200000   20593000  380000000  380000000
  11      202    20673   303344    109583652639    109583955982        14518798    -385871      18593     380000          0     6    1300000   20593000  380000000  380000000
  11      202    21923   418251    109583955993    109584374243        14822152    -424132      18593     380000          0     5    1200000   20593000  380000000  380000000
  11      202    21286   361533    109584374254    109584735786        15240413    -405676      18593     380000          0     5    1200000   20593000  380000000  380000000
  11      202    20626   379025    109584735796    109585114821        15601955    -404710      18593     380000          0     5    1300000   20593000  380000000  380000000
  11      202    21941   364688    109585114831    109585479519        15980990    -389408      18593     380000          0     7    1200000   20593000  380000000  380000000
  11      202    21950   380764    109585479529    109585860293        16345688    -390182      18593     380000          0     6    1200000   20593000  380000000  380000000
  11      202    21026   458781    109585860304    109586319084        16726463    -468973      18593     380000          0     5    1200000   20593000  380000000  380000000
  11      202    20859   333142    109586319094    109586652235        17185253    -422125      18593     380000          0     5    1300000   20593000  380000000  380000000
  11      202    21924   366200    109586652246    109587018446        17518405    -408335      18593     380000          0     5    1200000   20593000  380000000  380000000
  11      202    21939   364703    109587018456    109587383159        17884615    -393048      18593     380000          0     5    1200000   20593000  380000000  380000000
  11      202    20928   379680    109587383170    109587762850        18249329    -392739      18593     380000          0     7    1200000   20593000  380000000  380000000
  11      202    20252   379042    109587762859    109588141901        18629018    -391790      18593     380000          0     7    1300000   20593000  380000000  380000000
  11      202    21424   421658    109588141911    109588563568        19008070    -433458      18593     380000          0     5    1300000   20593000  380000000  380000000
  11      202    21848   416575    109588563620    109588980195        19429779    -470084      18593     380000          0     5    1200000   20593000  380000000  380000000
  11      202    21612   325842    109588980204    109589306046        19846363    -415935      18593     380000          0     5    1300000   20593000  380000000  380000000
  11      202    21923   379673    109589306056    109589685729        20172215    -415618      18593     380000          0     5    1200000   20593000  380000000  380000000
  11      202    21954   724883    109589685739    109590410621        20551898    -760510      18593     380000          0     5    1200000   20593000  380000000  380000000
  11      202    21958   380906    109590410632    109590791537        21276791    -761427      18593     380000          0     4    1200000   20593000  380000000  380000000
  11      202    21947   443601    109590791548    109591235149        21657707    -825038      18593     380000          0     5    1200000   20593000  380000000  380000000
  11      202    21924   338235    109591235159    109591573393        22101318    -783282      18593     380000          0     5    1200000   20593000  380000000  380000000
  11      202    21927   410186    109591573403    109591983590        22439562    -813479      18593     380000          0     5    1200000   20593000  380000000  380000000
  11      202    21926   350214    109591983600    109592333814        22849759    -783703      18593     380000          0     5    1200000   20593000  380000000  380000000
  11      202    21939   364862    109592333824    109592698686        23199983    -768575      18593     380000          0     5    1200000   20593000  380000000  380000000
  11      202    21940   411572    109592698696    109593110267        23564855    -800157      18593     380000          0     6    1200000   20593000  380000000  380000000
  11      202    21934   363862    109593110278    109593474140        23976437    -784029      18593     380000          0     7    1200000   20593000  380000000  380000000
  11      202    20979   397246    109593474150    109593871397        24340310    -801286      18593     380000          0     5    1200000   20593000  380000000  380000000
  11      202    21121   352045    109593871406    109594223451        24737565    -773340      18593     380000          0     5    1300000   20593000  380000000  380000000
  11      202    21939   382478    109594223461    109594605939        25089621    -775829      18593     380000          0     7    1200000   20593000  380000000  380000000
  11      202    21929   435666    109594605950    109595041616        25472109    -831505      18593     380000          0     4    1200000   20593000  380000000  380000000
  11      202    21941   354186    109595041626    109595395811        25907785    -805701      18593     380000          0     4    1200000   20593000  380000000  380000000
  11      202    21949   352959    109595395821    109595748780        26261980    -778669      18593     380000          0     4    1200000   20593000  380000000  380000000
  11      202    21934   741981    109595748791    109596490772        26614950   -1140661      18593     380000          0     4    1200000   20593000  380000000  380000000
  11      202    21929   498230    109596490782    109596989012        27356941   -1258901      18593     380000          0     6    1200000   20593000  380000000  380000000
  11      202    21917   261753    109596989022    109597250775        27855181   -1140664      18593     380000          0     6    1200000   20593000  380000000  380000000
  11      202    21944   382294    109597250785    109597633079        28116944   -1142968      18593     380000          0     4    1200000   20593000  380000000  380000000
  11      202    21942   380988    109597633090    109598014078        28499249   -1143967      18593     380000          0     6    1200000   20593000  380000000  380000000
  11      202    21945   380964    109598014123    109598395087        28880283   -1144976      18593     380000          0     7    1200000   20593000  380000000  380000000
  11      202    21944   381058    109598395097    109598776155        29261257   -1146045      18593     380000          0     6    1200000   20593000  380000000  380000000
  11      202    21936   384990    109598776166    109599161156        29642325   -1151045      18593     380000          0     6    1200000   20593000  380000000  380000000
  11      202    21965   381032    109599161166    109599542198        30027325   -1152087      18593     380000          0     6    1200000   20593000  380000000  380000000
  11      202    21023   399691    109599542208    109599941899        30408367   -1171788      18593     380000          0     7    1200000   20593000  380000000  380000000
  11      202    21133   360224    109599941908    109600302133        30808067   -1152022      18593     380000          0     6    1300000   20593000  380000000  380000000
  11      202    21939   381029    109600302143    109600683172        31168302   -1153061      18593     380000          0     5    1200000   20593000  380000000  380000000
  11      202    21940   382241    109600683182    109601065423        31549341   -1155312      18593     380000          0     6    1200000   20593000  380000000  380000000
  11      202    20777   379944    109601065434    109601445377        31931593   -1155267      18593     380000          0     6    1200000   20593000  380000000  380000000
  11      202    21404   380578    109601445387    109601825964        32311546   -1155853      18593     380000          0     6    1300000   20593000  380000000  380000000
  11      202    21936   381066    109601825974    109602207041        32692134   -1156930      18593     380000          0     6    1200000   20593000  380000000  380000000
  11      202    21945   381136    109602207051    109602588187        33073210   -1158076      18593     380000          0     7    1200000   20593000  380000000  380000000
  11      202    21932   742722    109602588198    109603330920        33454358   -1520809      18593     380000          0     6    1200000   20593000  380000000  380000000
  11      202    21953   381136    109603330930    109603712066        34197089   -1521955      18593     380000          0     6    1200000   20593000  380000000  380000000
  11      202    21958   381172    109603712076    109604093248        34578236   -1523137      18593     380000          0     6    1200000   20593000  380000000  380000000
  11      202    21947   381190    109604093259    109604474449        34959418   -1524338      18593     380000          0     5    1200000   20593000  380000000  380000000
  11      202    21922   410237    109604474459    109604884696        35340618   -1554585      18593     380000          0     5    1200000   20593000  380000000  380000000
  11      202    21939   353141    109604884706    109605237847        35750865   -1527736      18593     380000          0     5    1200000   20593000  380000000  380000000
  11      202    21956   381217    109605237857    109605619074        36104016   -1528963      18593     380000          0     4    1200000   20593000  380000000  380000000
  11      202    21231   380480    109605619084    109605999564        36485244   -1529453      18593     380000          0     6    1200000   20593000  380000000  380000000
  11      202    20940   380233    109605999574    109606379807        36865733   -1529696      18593     380000          0     6    1300000   20593000  380000000  380000000
  11      202    21967   382764    109606379817    109606762581        37245976   -1532470      18593     380000          0     7    1200000   20593000  380000000  380000000
  11      202    21943   380105    109606762592    109607142697        37628751   -1532586      18593     380000          0     5    1200000   20593000  380000000  380000000
  11      202    21943   381188    109607142707    109607523895        38008867   -1533785      18593     380000          0     5    1200000   20593000  380000000  380000000
  11      202    21941   381239    109607523940    109607905179        38390099   -1535068      18593     380000          0     6    1200000   20593000  380000000  380000000
  11      202    21949   381265    109607905189    109608286455        38771349   -1536344      18593     380000          0     6    1200000   20593000  380000000  380000000
  11      202    21936   381216    109608286465    109608667681        39152624   -1537570      18593     380000          0     4    1200000   20593000  380000000  380000000
  11      202    21947   455696    109608667691    109609123387        39533850   -1613277      18593     380000          0     4    1200000   20593000  380000000  380000000
  11      202    21985   668395    109609123398    109609791793        39989557   -1901682      18593     380000          0     6    1200000   20593000  380000000  380000000
  11      202    21950   381293    109609791803    109610173096        40657962   -1902985      18593     380000          0     5    1200000   20593000  380000000  380000000
  11      202    21941   381293    109610173106    109610554398        41039265   -1904287      18593     380000          0     7    1200000   20593000  380000000  380000000
  11      202    21939   380098    109610554409    109610934507        41420568   -1904396      18593     380000          0     6    1200000   20593000  380000000  380000000
  11      202    21938   430226    109610934517    109611364743        41800677   -1954632      18593     380000          0     7    1200000   20593000  380000000  380000000
  11      202    21393   381679    109611364753    109611746432        42230913   -1956321      18593     380000          0     4    1200000   20593000  380000000  380000000
  11      202    20254   331610    109611746441    109612078051        42612600   -1907940      18593     380000          0     4    1300000   20593000  380000000  380000000
  11      202    20795   380170    109612078060    109612458231        42944220   -1908120      18593     380000          0     6    1300000   20593000  380000000  380000000
  11      202    21928   410207    109612458241    109612868448        43324400   -1938337      18593     380000          0     4    1200000   20593000  380000000  380000000
  11      202    21922   422181    109612868458    109613290639        43734617   -1980528      18593     380000          0     4    1200000   20593000  380000000  380000000
  11      202    21948   309346    109613290649    109613599995        44156808   -1909884      18593     380000          0     4    1200000   20593000  380000000  380000000
  11      202    21953   432447    109613600005    109614032452        44466164   -1962341      18593     380000          0     4    1200000   20593000  380000000  380000000
  11      202    21941   333368    109614032462    109614365831        44898622   -1915720      18593     380000          0     5    1200000   20593000  380000000  380000000
  11      202    21969   378882    109614365841    109614744723        45232000   -1914612      18593     380000          0     5    1200000   20593000  380000000  380000000
  11      202    21956   381414    109614744733    109615126147        45610892   -1916036      18593     380000          0     5    1200000   20593000  380000000  380000000
  11      202    21953   381451    109615126157    109615507608        45992316   -1917497      18593     380000          0     4    1200000   20593000  380000000  380000000
  11      202    21937   743629    109615507619    109616251248        46373778   -2281137      18593     380000          0     6    1200000   20593000  380000000  380000000
  11      202    21832   381351    109616251258    109616632610        47117418   -2282499      18593     380000          0     4    1200000   20593000  380000000  380000000
  11      202    21325   380818    109616632619    109617013437        47498778   -2283326      18593     380000          0     6    1300000   20593000  380000000  380000000
  11      202    21952   381436    109617013483    109617394919        47879642   -2284808      18593     380000          0     7    1200000   20593000  380000000  380000000
  11      202    21943   381495    109617394928    109617776423        48261088   -2286312      18593     380000          0     7    1200000   20593000  380000000  380000000
  11      202    21922   386174    109617776433    109618162608        48642593   -2292497      18593     380000          0     7    1200000   20593000  380000000  380000000
  11      202    21938   373487    109618162618    109618536105        49028777   -2285994      18593     380000          0     7    1200000   20593000  380000000  380000000
  11      202    21942   381478    109618536115    109618917592        49402274   -2287482      18593     380000          0     7    1200000   20593000  380000000  380000000
  11      202    21954   381523    109618917603    109619299126        49783762   -2289015      18593     380000          0     4    1200000   20593000  380000000  380000000
  11      202    21940   381518    109619299136    109619680654        50165296   -2290543      18593     380000          0     5    1200000   20593000  380000000  380000000
  11      202    21959   382223    109619680665    109620062888        50546824   -2292777      18593     380000          0     5    1200000   20593000  380000000  380000000
  11      202    21944   381533    109620062898    109620444431        50929057   -2294320      18593     380000          0     7    1200000   20593000  380000000  380000000
  11      202    20825   392285    109620444441    109620836727        51310601   -2306616      18593     380000          0     7    1200000   20593000  380000000  380000000
  11      202    21676   369240    109620836736    109621205976        51702896   -2295865      18593     380000          0     6    1300000   20593000  380000000  380000000
  11      202    21937   381485    109621205986    109621587471        52072146   -2297361      18593     380000          0     5    1200000   20593000  380000000  380000000
  11      202    21953   381651    109621587482    109621969133        52453641   -2299022      18593     380000          0     5    1200000   20593000  380000000  380000000
  11      202    21952   794916    109621969143    109622764059        52835302   -2713948      18593     380000          0     6    1200000   20593000  380000000  380000000
  11      202    20244   327327    109622764069    109623091397        53630229   -2661286      18593     380000          0     6    1300000   20593000  380000000  380000000
  11      202    21961   381677    109623091407    109623473084        53957566   -2662973      18593     380000          0     4    1200000   20593000  380000000  380000000
  11      202    21938   381595    109623473094    109623854690        54339254   -2664579      18593     380000          0     5    1200000   20593000  380000000  380000000
  11      202    21939   377608    109623854700    109624232308        54720859   -2662197      18593     380000          0     5    1200000   20593000  380000000  380000000
  11      202    21955   398337    109624232318    109624630655        55098478   -2680544      18593     380000          0     6    1200000   20593000  380000000  380000000
  11      202    21931   414234    109624630665    109625044899        55496825   -2714788      18593     380000          0     5    1200000   20593000  380000000  380000000
  11      202    21933   333584    109625044909    109625378493        55911068   -2668382      18593     380000          0     5    1200000   20593000  380000000  380000000
  11      202    21946   381698    109625378503    109625760201        56244662   -2670090      18593     380000          0     5    1200000   20593000  380000000  380000000
  11      202    21940   409619    109625760212    109626169831        56626371   -2699720      18593     380000          0     4    1200000   20593000  380000000  380000000
  11      202    21943   353686    109626169841    109626523527        57036001   -2673416      18593     380000          0     4    1200000   20593000  380000000  380000000
  11      202    21964   381756    109626523575    109626905332        57389735   -2675221      18593     380000          0     6    1200000   20593000  380000000  380000000
  11      202    21951   381692    109626905342    109627287034        57771501   -2676923      18593     380000          0     7    1200000   20593000  380000000  380000000
  11      202    21926   430225    109627287044    109627717269        58153203   -2727158      18593     380000          0     4    1200000   20593000  380000000  380000000
  11      202    21937   329694    109627717279    109628046973        58583438   -2676862      18593     380000          0     4    1200000   20593000  380000000  380000000
  11      202    21938   381714    109628046983    109628428698        58913142   -2678587      18593     380000          0     5    1200000   20593000  380000000  380000000
  11      202    21957   812218    109628428708    109629240926        59294867   -3110815      18593     380000          0     6    1200000   20593000  380000000  380000000
  11      202    21916   310664    109629240936    109629551600        60107095   -3041489      18593     380000          0     4    1200000   20593000  380000000  380000000
  11      202    21943   381771    109629551610    109629933381        60417769   -3043270      18593     380000          0     7    1200000   20593000  380000000  380000000
  11      202    21948   381782    109629933391    109630315173        60799551   -3045062      18593     380000          0     7    1200000   20593000  380000000  380000000
  11      202    21949   382324    109630315183    109630697507        61181342   -3047397      18593     380000          0     7    1200000   20593000  380000000  380000000
  11      202    21359   395371    109630697518    109631092888        61563677   -3062777      18593     380000          0     7    1200000   20593000  380000000  380000000
  11      202    20700   364517    109631092898    109631457415        61959057   -3047304      18593     380000          0     6    1300000   20593000  380000000  380000000
  11      202    21941   382315    109631457425    109631839740        62323584   -3049629      18593     380000          0     4    1200000   20593000  380000000  380000000
  11      202    21955   381876    109631839750    109632221626        62705910   -3051515      18593     380000          0     4    1200000   20593000  380000000  380000000
  11      202    21923   390173    109632221637    109632611810        63087796   -3061699      18593     380000          0     5    1200000   20593000  380000000  380000000
  11      202    21940   369837    109632611820    109632981657        63477979   -3051546      18593     380000          0     5    1200000   20593000  380000000  380000000
  11      202    21952   383791    109632981667    109633365458        63847826   -3055347      18593     380000          0     4    1200000   20593000  380000000  380000000
  11      202    21955   380152    109633365468    109633745619        64231627   -3055509      18593     380000          0     5    1200000   20593000  380000000  380000000
  11      202    21936   381839    109633745630    109634127469        64611789   -3057358      18593     380000          0     5    1200000   20593000  380000000  380000000
  11      202    21923   386239    109634127479    109634513718        64993638   -3063607      18593     380000          0     6    1200000   20593000  380000000  380000000
  11      202    21940   737962    109634513728    109635251690        65379887   -3421579      18593     380000          0     6    1200000   20593000  380000000  380000000
  11      202    21941   380004    109635251700    109635631704        66117859   -3421593      18593     380000          0     6    1200000   20593000  380000000  380000000
  11      202    21918   380007    109635631715    109636011722        66497874   -3421611      18593     380000          0     4    1200000   20593000  380000000  380000000
  11      202    21961   381937    109636011766    109636393704        66877926   -3423593      18593     380000          0     4    1200000   20593000  380000000  380000000
  11      202    21943   410226    109636393714    109636803940        67259873   -3453829      18593     380000          0     4    1200000   20593000  380000000  380000000
  11      202    21919   353919    109636803950    109637157869        67670109   -3427758      18593     380000          0     5    1200000   20593000  380000000  380000000
  11      202    20238   232753    109637157879    109637390632        68024039   -3280521      18593     380000          0     5    1300000   20593000  380000000  380000000
  11      202    21856   681939    109637390642    109638072581        68256801   -3582470      18593     380000          0     7    1300000   20593000  380000000  380000000
  11      202    21919   379362    109638072591    109638451953        68938750   -3581841      18593     380000          0     7    1200000   20593000  380000000  380000000
  11      202    21946   382158    109638451963    109638834121        69318123   -3584010      18593     380000          0     4    1200000   20593000  380000000  380000000
  11      202    21939   382167    109638834131    109639216298        69700291   -3586188      18593     380000          0     4    1200000   20593000  380000000  380000000
  11      202    21937   417998    109639216309    109639634307        70082468   -3624196      18593     380000          0     4    1200000   20593000  380000000  380000000
  11      202    21953   342204    109639634318    109639976522        70500477   -3586411      18593     380000          0     7    1200000   20593000  380000000  380000000
  11      202    21937   384134    109639976533    109640360666        70842692   -3590555      18593     380000          0     7    1200000   20593000  380000000  380000000
  11      202    21941   382185    109640360676    109640742861        71226836   -3592750      18593     380000          0     5    1200000   20593000  380000000  380000000
  11      202    21935   378197    109640742871    109641121069        71609031   -3590958      18593     380000          0     5    1200000   20593000  380000000  380000000
  11      202    21927   382171    109641121079    109641503250        71987238   -3593139      18593     380000          0     5    1200000   20593000  380000000  380000000
  11      202    21932   438044    109641503260    109641941304        72369419   -3651193      18593     380000          0     5    1200000   20593000  380000000  380000000
  11      202    21932   362188    109641941314    109642303503        72807474   -3633392      18593     380000          0     4    1200000   20593000  380000000  380000000
  11      202    21956   346291    109642303513    109642649804        73169673   -3599693      18593     380000          0     4    1200000   20593000  380000000  380000000
  11      202    21966   379726    109642649814    109643029540        73515973   -3599429      18593     380000          0     7    1200000   20593000  380000000  380000000
  11      202    21923   742522    109643029550    109643772072        73895710   -3961961      18593     380000          0     7    1200000   20593000  380000000  380000000
  11      202    21919   380011    109643772082    109644152094        74638242   -3961983      18593     380000          0     7    1200000   20593000  380000000  380000000
  11      202    21935   382236    109644152104    109644534341        75018263   -3964230      18593     380000          0     7    1200000   20593000  380000000  380000000
  11      202    21924   430199    109644534351    109644964550        75400510   -4014439      18593     380000          0     7    1200000   20593000  380000000  380000000
  11      202    21917   342139    109644964560    109645306699        75830719   -3976588      18593     380000          0     7    1200000   20593000  380000000  380000000
  11      202    21942   370294    109645306709    109645677003        76172869   -3966893      18593     380000          0     7    1200000   20593000  380000000  380000000
  11      202    21944   382245    109645677050    109646059295        76543209   -3969184      18593     380000          0     7    1200000   20593000  380000000  380000000
  11      202    21941   442001    109646059305    109646501306        76925464   -4031195      18593     380000          0     7    1200000   20593000  380000000  380000000
  11      202    21923   358194    109646501316    109646859510        77367475   -4009399      18593     380000          0     4    1200000   20593000  380000000  380000000
  11      202    22428   345623    109646859520    109647205143        77725679   -3975032      18593     380000          0     4    1200000   20593000  380000000  380000000
  11      202    21941   378300    109647205153    109647583452        78071312   -3973341      18593     380000          0     6    1200000   20593000  380000000  380000000
  11      202    21943   382344    109647583463    109647965807        78449622   -3975696      18593     380000          0     4    1200000   20593000  380000000  380000000
  11      202    21936   384202    109647965818    109648350020        78831977   -3979909      18593     380000          0     4    1200000   20593000  380000000  380000000
  11      202    21955   378418    109648350030    109648728448        79216189   -3978337      18593     380000          0     5    1200000   20593000  380000000  380000000
  11      202    21948   743753    109648728459    109649472211        79594618   -4342101      18593     380000          0     7    1200000   20593000  380000000  380000000
  11      202    21932   379996    109649472222    109649852217        80338381   -4342106      18593     380000          0     6    1200000   20593000  380000000  380000000
  11      202    21938   382391    109649852228    109650234618        80718387   -4344507      18593     380000          0     4    1200000   20593000  380000000  380000000
  11      202    21936   378415    109650234628    109650613044        81100788   -4342933      18593     380000          0     7    1200000   20593000  380000000  380000000
  11      202    21939   382379    109650613054    109650995433        81479213   -4345323      18593     380000          0     7    1200000   20593000  380000000  380000000
  11      202    21922   430206    109650995444    109651425651        81861603   -4395540      18593     380000          0     7    1200000   20593000  380000000  380000000
  11      202    21943   351669    109651425661    109651777330        82291820   -4367219      18593     380000          0     7    1200000   20593000  380000000  380000000
  11      202    21939   362410    109651777340    109652139750        82643499   -4349639      18593     380000          0     7    1200000   20593000  380000000  380000000
  11      202    21933   382431    109652139760    109652522191        83005919   -4352080      18593     380000          0     7    1200000   20593000  380000000  380000000
  11      202    21953   382524    109652522201    109652904725        83388360   -4354614      18593     380000          0     7    1200000   20593000  380000000  380000000
  11      202    21926   427504    109652904735    109653332239        83770894   -4402128      18593     380000          0     4    1200000   20593000  380000000  380000000
  11      202    21948   334434    109653332249    109653666683        84198408   -4356572      18593     380000          0     7    1200000   20593000  380000000  380000000
  11      202    21944   382502    109653666694    109654049196        84532853   -4359085      18593     380000          0     7    1200000   20593000  380000000  380000000
  11      202    21952   378513    109654049207    109654427719        84915366   -4357608      18593     380000          0     7    1200000   20593000  380000000  380000000
  11      202    21940   382512    109654427729    109654810241        85293889   -4360131      18593     380000          0     4    1200000   20593000  380000000  380000000
  11      202    21947   742775    109654810288    109655553063        85676447   -4722953      18593     380000          0     4    1200000   20593000  380000000  380000000
  11      202    21917   379295    109655553074    109655932369        86419233   -4722258      18593     380000          0     5    1200000   20593000  380000000  380000000
  11      202    21951   382568    109655932379    109656314947        86798538   -4724836      18593     380000          0     6    1200000   20593000  380000000  380000000
  11      202    21941   382556    109656314958    109656697514        87181117   -4727403      18593     380000          0     6    1200000   20593000  380000000  380000000
  11      202    21949   378575    109656697524    109657076099        87563683   -4725988      18593     380000          0     5    1200000   20593000  380000000  380000000
  11      202    21933   382539    109657076110    109657458649        87942269   -4728538      18593     380000          0     5    1200000   20593000  380000000  380000000
  11      202    21262   381908    109657458659    109657840567        88324819   -4730456      18593     380000          0     5    1200000   20593000  380000000  380000000
  11      202    20668   377281    109657840577    109658217858        88706736   -4727747      18593     380000          0     4    1300000   20593000  380000000  380000000
  11      202    21940   382665    109658217868    109658600533        89084028   -4730423      18593     380000          0     6    1200000   20593000  380000000  380000000
  11      202    21937   380479    109658600544    109658981022        89466703   -4730911      18593     380000          0     4    1200000   20593000  380000000  380000000
  11      202    21957   382625    109658981033    109659363658        89847193   -4733547      18593     380000          0     4    1200000   20593000  380000000  380000000
