#idx     perf      run   period           start             end          rel_st      slack c_duration   c_period     wu_lat   cpu       freq dl_runtime  dl_period dl_deadline
   1      207    25255   467059    102328699762    102329166821         4205621     147041      19109     560000     239677     6    1100000   21109000  560000000  560000000
   1      207    24574   483574    102329166832    102329650406         4672690     295445      19109     560000     163262     6    1100000   21109000  560000000  560000000
   1      207    25048   410652    102329650417    102330061069         5156276     371336      19109     560000      13925     6    1100000   21109000  560000000  560000000
   1      207    25619   574646    102330061079    102330635725         5566938     458356      19109     560000      28581     6    1100000   21109000  560000000  560000000
   1      207    26645   531470    102330635738    102331167208         6141597     476142      19109     560000         62     6     900000   21109000  560000000  560000000
   1      207    25193   838252    102331167224    102332005476         6673083     207141      19109     560000     278332     6    1000000   21109000  560000000  560000000
   1      207    24581   495699    102332005486    102332501186         7511345     256699      19109     560000     214042     6    1100000   21109000  560000000  560000000
   1      207    28053   413180    102332501198    102332914378         8007056     317562      19109     560000      67233     6    1000000   21109000  560000000  560000000
   1      207    27035   493609    102332914390    102333408000         8420249     387026      19109     560000        856     6     900000   21109000  560000000  560000000
   1      207    24744   559155    102333408060    102333967216         8913919     534008      19109     560000         71     6    1000000   21109000  560000000  560000000
   1      207    24832   823125    102333967229    102334790354         9473087     139902      19109     560000     263210     6    1000000   21109000  560000000  560000000
   1      207    28647   499164    102334790365    102335289529        10296223     267749      19109     560000     202385     6    1100000   21109000  560000000  560000000
   1      207    24570   459560    102335289540    102335749099        10795398     332791      19109     560000     101955     6    1100000   21109000  560000000  560000000
   1      207    26925   498268    102335749110    102336247379        11254969     430783      19109     560000      40235     6    1100000   21109000  560000000  560000000
   1      207    24574   535375    102336247390    102336782765        11753248     494879      19109     560000      15621     6    1100000   21109000  560000000  560000000
   1      207    24575   857510    102336782776    102337640286        12288634     519494      19109     560000     313143     6    1100000   21109000  560000000  560000000
   1      207    26049   412153    102337640297    102338052450        13146155     220458      19109     560000     165306     6    1100000   21109000  560000000  560000000
   1      207    26248   574220    102338052461    102338626682        13558320     307189      19109     560000     179537     6    1000000   21109000  560000000  560000000
   1      207    24669   425080    102338626695    102339051775        14132553     327229      19109     560000      44631     6     900000   21109000  560000000  560000000
   1      207    26235   515440    102339051786    102339567226        14557645     439958      19109     560000         81     6    1100000   21109000  560000000  560000000
   1      207    28087   924666    102339567240    102340491906        15073099     205714      19109     560000     364762     6     900000   21109000  560000000  560000000
   1      207    29227   413883    102340491918    102340905801        15997776     165557      19109     560000     218656     6    1000000   21109000  560000000  560000000
   1      207    26658   496507    102340905814    102341402321        16411672     301765      19109     560000     155177     6     900000   21109000  560000000  560000000
   1      207    24572   470255    102341402381    102341872636        16908240     379881      19109     560000      65493     6    1100000   21109000  560000000  560000000
   1      207    24573   494771    102341872647    102342367418        17378505     469648      19109     560000        274     6    1100000   21109000  560000000  560000000
   1      207    26224   559775    102342367429    102342927204        17873288     533106      19109     560000         59     6    1000000   21109000  560000000  560000000
   1      207    28110   811675    102342927221    102343738897        18433080     206551      19109     560000     251753     6     700000   21109000  560000000  560000000
   1      207    26229   500676    102343738909    102344239584        19244767     269307      19109     560000     192440     6    1000000   21109000  560000000  560000000
   1      207    24576   427833    102344239595    102344667428        19745454     342637      19109     560000      60284     6    1100000   21109000  560000000  560000000
   1      207    27353   499770    102344667440    102345167211        20173299     392169      19109     560000         67     6    1000000   21109000  560000000  560000000
   1      207    24809   937299    102345167224    102346104523        20673082     534708      19109     560000     377380     6    1000000   21109000  560000000  560000000
   1      207    24571   522685    102346104534    102346627219        21610393     157782      19109     560000     340076     6    1100000   21109000  560000000  560000000
   1      207    24577   417182    102346627230    102347044412        22133088     195015      19109     560000     197268     6    1100000   21109000  560000000  560000000
   1      207    25690   466541    102347044423    102347510964        22550281     287888      19109     560000     103820     6    1100000   21109000  560000000  560000000
   1      207    25319   472519    102347510975    102347983495        23016834     430520      19109     560000      16351     6    1100000   21109000  560000000  560000000
   1      207    24579   553804    102347983506    102348537310        23489364     518739      19109     560000      10166     6    1100000   21109000  560000000  560000000
   1      207    26471   853969    102348537321    102349391290        24043179     522943      19109     560000     304147     6    1100000   21109000  560000000  560000000
   1      207    24576   467779    102349391301    102349859080        24897159     230928      19109     560000     211937     6    1100000   21109000  560000000  560000000
   1      207    24575   495720    102349859091    102350354811        25364949     323137      19109     560000     147668     6    1100000   21109000  560000000  560000000
   1      207    27023   412751    102350354822    102350767573        25860680     384814      19109     560000        428     6    1100000   21109000  560000000  560000000
   1      207    28105   614858    102350767586    102351382444        26273444     452584      19109     560000      55299     6     900000   21109000  560000000  560000000
   1      207    31311   840782    102351382460    102352223242        26888319     160614      19109     560000     336098     6    1100000   21109000  560000000  560000000
   1      207    24577   424452    102352223253    102352647705        27729111     198942      19109     560000     200561     6    1100000   21109000  560000000  560000000
   1      207    27809   504844    102352647716    102353152560        28153574     331185      19109     560000     145417     6    1100000   21109000  560000000  560000000
   1      207    24575   453360    102353152571    102353605931        28658429     389705      19109     560000      38787     6    1100000   21109000  560000000  560000000
   1      207    26614   521281    102353605941    102354127222        29111800     494216      19109     560000         75     6    1100000   21109000  560000000  560000000
   1      207    24811   889188    102354127234    102355016422        29633093     534734      19109     560000     329279     6    1000000   21109000  560000000  560000000
   1      207    24578   481817    102355016474    102355498291        30522332     205736      19109     560000     251147     6    1100000   21109000  560000000  560000000
   1      207    25866   470427    102355498301    102355968728        31004160     282626      19109     560000     161585     6    1100000   21109000  560000000  560000000
   1      207    24575   508984    102355968739    102356477723        31474598     373512      19109     560000     110579     6    1100000   21109000  560000000  560000000
   1      207    26286   498204    102356477736    102356975940        31983594     394444      19109     560000      48796     6     900000   21109000  560000000  560000000
   1      207    24573   527044    102356975952    102357502996        32481810     486265      19109     560000      15851     6    1100000   21109000  560000000  560000000
   1      207    26042   844400    102357503013    102358347412        33008871     176344      19109     560000     300268     6     700000   21109000  560000000  560000000
   1      207    28752   416181    102358347424    102358763605        33853283     230518      19109     560000     156461     6    1000000   21109000  560000000  560000000
   1      207    25273   495157    102358763618    102359258775        34269477     299249      19109     560000      91632     6     900000   21109000  560000000  560000000
   1      207    24575   473929    102359258786    102359732715        34764644     443474      19109     560000       5571     6    1100000   21109000  560000000  560000000
   1      207    24571   587355    102359732726    102360320081        35238584     529536      19109     560000      32936     6    1100000   21109000  560000000  560000000
   1      207    30922   803353    102360320097    102361123450        35825956     189699      19109     560000     276306     6     700000   21109000  560000000  560000000
   1      207    24579   473275    102361123461    102361596735        36629319     258735      19109     560000     189591     6    1100000   21109000  560000000  560000000
   1      207    26421   491040    102361596747    102362087788        37102606     331327      19109     560000     120644     6    1000000   21109000  560000000  560000000
   1      207    24577   439404    102362087799    102362527203        37593657     414388      19109     560000         59     6    1100000   21109000  560000000  560000000
   1      207    26548   572004    102362527215    102363099219        38033073     451012      19109     560000      12075     6    1000000   21109000  560000000  560000000
   1      207    25894   862202    102363099230    102363961432        38605088     521623      19109     560000     314288     6    1100000   21109000  560000000  560000000
   1      207    24572   505122    102363961442    102364466564        39467301     220852      19109     560000     259420     6    1100000   21109000  560000000  560000000
   1      207    24693   439057    102364466577    102364905634        39972436     262905      19109     560000     138491     6     900000   21109000  560000000  560000000
   1      207    26213   467684    102364905645    102365373329        40411504     346083      19109     560000      46186     6    1100000   21109000  560000000  560000000
   1      207    25336   513866    102365373340    102365887206        40879198     488146      19109     560000         62     6    1100000   21109000  560000000  560000000
   1      207    24813   876299    102365887222    102366763521        41393080     534754      19109     560000     316377     6    1000000   21109000  560000000  560000000
   1      207    25893   489789    102366763532    102367253321        42269390     168552      19109     560000     246177     6    1100000   21109000  560000000  560000000
   1      207    24571   469961    102367253332    102367723293        42759190     288961      19109     560000     156150     6    1100000   21109000  560000000  560000000
   1      207    24578   484485    102367723348    102368207833        43229207     378859      19109     560000      80689     6    1100000   21109000  560000000  560000000
   1      207    26024   518946    102368207844    102368726790        43713702     452878      19109     560000      39646     6    1100000   21109000  560000000  560000000
   1      207    24572   520406    102368726800    102369247207        44232659     495502      19109     560000         61     6    1100000   21109000  560000000  560000000
   1      207    29016   827769    102369247223    102370074992        44753082     187943      19109     560000     267849     6     700000   21109000  560000000  560000000
   1      207    24571   435403    102370075003    102370510406        45580862     267310      19109     560000     143262     6    1100000   21109000  560000000  560000000
   1      207    27077   501261    102370510419    102371011680        46016277     309677      19109     560000      84536     6    1000000   21109000  560000000  560000000
   1      207    25951   475534    102371011691    102371487225        46517549     400388      19109     560000         81     6    1100000   21109000  560000000  560000000
   1      207    25724   559998    102371487239    102372047237        46993098     521477      19109     560000         92     6     900000   21109000  560000000  560000000
   1      207    28678   830341    102372047250    102372877592        47553109     138007      19109     560000     270448     6     900000   21109000  560000000  560000000
   1      207    25324   481877    102372877602    102373359479        48383461     263845      19109     560000     192336     6    1100000   21109000  560000000  560000000
   1      207    25938   472182    102373359490    102373831672        48865349     341300      19109     560000     104529     6    1100000   21109000  560000000  560000000
   1      207    24576   494328    102373831683    102374326011        49337542     430578      19109     560000      38867     6    1100000   21109000  560000000  560000000
   1      207    28396   521182    102374326024    102374847206        49831882     464206      19109     560000         61     6     900000   21109000  560000000  560000000
   1      207    24806   866197    102374847220    102375713417        50353078     534744      19109     560000     306273     6    1000000   21109000  560000000  560000000
   1      207    24576   479255    102375713427    102376192683        51219286     228808      19109     560000     225539     6    1100000   21109000  560000000  560000000
   1      207    26531   429583    102376192694    102376622277        51698552     307579      19109     560000      95133     6    1100000   21109000  560000000  560000000
   1      207    25459   499086    102376622290    102377121377        52128149     360821      19109     560000      34233     6     900000   21109000  560000000  560000000
   1      207    24577   525818    102377121387    102377647205        52627246     500805      19109     560000         61     6    1100000   21109000  560000000  560000000
   1      207    26130   840010    102377647220    102378487230        53153079     136754      19109     560000     280086     6    1000000   21109000  560000000  560000000
   1      207    30122   515814    102378487242    102379003056        53993101     186639      19109     560000     235912     6    1000000   21109000  560000000  560000000
   1      207    25514   454546    102379003066    102379457612        54508925     248159      19109     560000     130468     6    1100000   21109000  560000000  560000000
   1      207    26345   485447    102379457624    102379943070        54963482     390460      19109     560000      55927     6    1000000   21109000  560000000  560000000
   1      207    24575   528441    102379943081    102380471523        55448940     479154      19109     560000      24379     6    1100000   21109000  560000000  560000000
   1      207    24575   869909    102380471534    102381341443        55977392     510708      19109     560000     334299     6    1100000   21109000  560000000  560000000
   1      207    26180   475095    102381341491    102381816586        56847350     199166      19109     560000     249442     6    1100000   21109000  560000000  560000000
   1      207    24572   500159    102381816597    102382316756        57322455     285684      19109     560000     189612     6    1100000   21109000  560000000  560000000
   1      207    26459   443301    102382316769    102382760070        57822628     330995      19109     560000      72927     6     900000   21109000  560000000  560000000
   1      207    25638   487132    102382760081    102383247213        58265940     412450      19109     560000         68     6    1100000   21109000  560000000  560000000
   1      207    26518   936402    102383247225    102384183628        58753084     533011      19109     560000     376484     6    1000000   21109000  560000000  560000000
   1      207    28304   441932    102384183640    102384625572        59689498     154777      19109     560000     258428     6    1000000   21109000  560000000  560000000
   1      207    26166   486271    102384625582    102385111854        60131441     226211      19109     560000     184710     6    1100000   21109000  560000000  560000000
   1      207    24573   470760    102385111864    102385582625        60617723     350419      19109     560000      95481     6    1100000   21109000  560000000  560000000
   1      207    24574   473151    102385582636    102386055786        61088494     439636      19109     560000       8642     6    1100000   21109000  560000000  560000000
   1      207    24842   551409    102386055797    102386607206        61561656     526074      19109     560000         61     6    1100000   21109000  560000000  560000000
   1      207    25841   842568    102386607219    102387449788        62113078     533634      19109     560000     282644     6    1000000   21109000  560000000  560000000
