#idx     perf      run   period           start             end          rel_st      slack c_duration   c_period     wu_lat   cpu       freq dl_runtime  dl_period dl_deadline
  10       53     5685   189897    135407443643    135407633539         3773308     183961       4925     190000         45     7    1000000    6925000  190000000  190000000
  10       53     4980   190008    135407633550    135407823557         3963215     184859       4925     190000         63     7    1400000    6925000  190000000  190000000
  10       53     4986   189959    135407823567    135408013527         4153233     184788       4925     190000         32     4    1400000    6925000  190000000  190000000
  10       53     4981   190006    135408013536    135408203542         4343202     184860       4925     190000         46     4    1400000    6925000  190000000  190000000
  10       53     4982   189987    135408203551    135408393538         4533217     184806       4925     190000         44     4    1400000    6925000  190000000  190000000
  10       53     4981   189996    135408393547    135408583543         4723212     184865       4925     190000         47     4    1400000    6925000  190000000  190000000
  10       53     6975   189993    135408583555    135408773549         4913221     182799       4925     190000         54     4    1000000    6925000  190000000  190000000
  10       53     6338   189986    135408773560    135408963546         5103226     183435       4925     190000         51     4    1100000    6925000  190000000  190000000
  10       53     6341   189986    135408963557    135409153544         5293223     183424       4925     190000         49     4    1100000    6925000  190000000  190000000
  10       53     6346   190005    135409153554    135409343559         5483220     183435       4925     190000         64     4    1100000    6925000  190000000  190000000
  10       53     6345   189974    135409343571    135409533544         5673236     183413       4925     190000         48     4    1100000    6925000  190000000  190000000
  10       53     6344   189995    135409533556    135409723550         5863221     183430       4925     190000         54     4    1100000    6925000  190000000  190000000
  10       53     4984   189977    135409723560    135409913537         6053225     184793       4925     190000         42     4    1400000    6925000  190000000  190000000
  10       53     4981   190006    135409913546    135410103552         6243211     184866       4925     190000         57     4    1400000    6925000  190000000  190000000
  10       53     4984   189976    135410103561    135410293537         6433226     184809       4925     190000         43     4    1400000    6925000  190000000  190000000
  10       53     4983   190001    135410293546    135410483546         6623211     184845       4925     190000         51     4    1400000    6925000  190000000  190000000
  10       53     4985   189989    135410483555    135410673545         6813221     184808       4925     190000         50     4    1400000    6925000  190000000  190000000
  10       53     5363   190001    135410673555    135410863555         7003220     184468       4925     190000         60     4    1300000    6925000  190000000  190000000
  10       53     5366   189975    135410863565    135411053539         7193230     184427       4925     190000         45     4    1300000    6925000  190000000  190000000
  10       53     5363   190003    135411053549    135411243551         7383214     184481       4925     190000         56     4    1300000    6925000  190000000  190000000
  10       53     4983   189976    135411243560    135411433537         7573226     184793       4925     190000         42     4    1400000    6925000  190000000  190000000
  10       53     4980   190006    135411433546    135411623551         7763211     184868       4925     190000         56     4    1400000    6925000  190000000  190000000
  10       53     4985   189980    135411623560    135411813540         7953226     184791       4925     190000         44     4    1400000    6925000  190000000  190000000
  10       53     4982   189994    135411813588    135412003583         8143254     184807       4925     190000         88     4    1400000    6925000  190000000  190000000
  10       53     4984   190004    135412003591    135412193595         8333257     184775       4925     190000         99     4    1400000    6925000  190000000  190000000
  10       53     5588   189926    135412193606    135412383532         8523272     184182       4925     190000         38     5    1200000    6925000  190000000  190000000
  10       53     5367   189997    135412383543    135412573540         8713208     184438       4925     190000         45     5    1300000    6925000  190000000  190000000
  10       53     5363   190001    135412573550    135412763551         8903215     184472       4925     190000         56     5    1300000    6925000  190000000  190000000
  10       53     5366   189967    135412763560    135412953527         9093226     184413       4925     190000         33     5    1300000    6925000  190000000  190000000
  10       53     5363   190021    135412953537    135413143557         9283202     184490       4925     190000         63     5    1300000    6925000  190000000  190000000
  10       53     5367   189978    135413143567    135413333544         9473232     184408       4925     190000         49     5    1300000    6925000  190000000  190000000
  10       53     6573   190003    135413333557    135413523560         9663222     183193       4925     190000         64     6    1000000    6925000  190000000  190000000
  10       53     6344   189969    135413523571    135413713540         9853237     183415       4925     190000         45     6    1100000    6925000  190000000  190000000
  10       53     6338   190001    135413713551    135413903552        10043216     183489       4925     190000         57     6    1100000    6925000  190000000  190000000
  10       53     6341   189979    135413903563    135414093542        10233229     183433       4925     190000         47     6    1100000    6925000  190000000  190000000
  10       53     6339   190015    135414093553    135414283568        10423219     183437       4925     190000         73     6    1100000    6925000  190000000  190000000
  10       53     6343   189990    135414283579    135414473569        10613245     183388       4925     190000         74     6    1100000    6925000  190000000  190000000
  10       53     6572   189950    135414473583    135414663533        10803248     183161       4925     190000         38     6    1000000    6925000  190000000  190000000
  10       53     5813   189989    135414663543    135414853532        10993208     183984       4925     190000         37     6    1200000    6925000  190000000  190000000
  10       53     5811   190023    135414853542    135415043565        11183207     184018       4925     190000         71     6    1200000    6925000  190000000  190000000
  10       53     4984   189952    135415043574    135415233526        11373240     184794       4925     190000         32     5    1400000    6925000  190000000  190000000
  10       53     4979   190007    135415233535    135415423542        11563200     184885       4925     190000         47     5    1400000    6925000  190000000  190000000
  10       53     4984   189978    135415423551    135415613528        11753216     184818       4925     190000         34     5    1400000    6925000  190000000  190000000
  10       53     4981   190010    135415613537    135415803547        11943202     184880       4925     190000         52     5    1400000    6925000  190000000  190000000
  10       53     4986   189980    135415803556    135415993535        12133221     184806       4925     190000         41     5    1400000    6925000  190000000  190000000
  10       53     4980   190010    135415993544    135416183554        12323210     184874       4925     190000         59     5    1400000    6925000  190000000  190000000
  10       53     5700   189971    135416183567    135416373538        12513232     184026       4925     190000         43     5    1000000    6925000  190000000  190000000
  10       53     4980   190001    135416373578    135416563579        12703244     184834       4925     190000         85     5    1400000    6925000  190000000  190000000
  10       53     4984   189953    135416563589    135416753542        12893254     184772       4925     190000         47     4    1400000    6925000  190000000  190000000
  10       53     4983   190009    135416753551    135416943560        13083216     184858       4925     190000         65     4    1400000    6925000  190000000  190000000
  10       53     4984   189967    135416943569    135417133536        13273235     184792       4925     190000         42     4    1400000    6925000  190000000  190000000
  10       53     4980   190009    135417133545    135417323554        13463210     184865       4925     190000         57     4    1400000    6925000  190000000  190000000
  10       53     6974   189976    135417323566    135417513543        13653232     182775       4925     190000         48     4    1000000    6925000  190000000  190000000
  10       53     6975   190002    135417513554    135417703556        13843220     182809       4925     190000         60     4    1000000    6925000  190000000  190000000
  10       53     6974   189977    135417703569    135417893545        14033234     182780       4925     190000         50     4    1000000    6925000  190000000  190000000
  10       53     6976   190004    135417893557    135418083561        14223222     182793       4925     190000         65     4    1000000    6925000  190000000  190000000
  10       53     6975   189978    135418083573    135418273551        14413239     182766       4925     190000         56     4    1000000    6925000  190000000  190000000
  10       53     6975   189973    135418273563    135418463536        14603229     182788       4925     190000         41     4    1000000    6925000  190000000  190000000
  10       53     6342   189999    135418463548    135418653546        14793213     183443       4925     190000         51     4    1100000    6925000  190000000  190000000
  10       53     6338   190010    135418653557    135418843567        14983223     183490       4925     190000         72     4    1100000    6925000  190000000  190000000
  10       53     6345   189971    135418843578    135419033549        15173243     183403       4925     190000         54     4    1100000    6925000  190000000  190000000
  10       53     6342   189999    135419033560    135419223559        15363226     183415       4925     190000         64     4    1100000    6925000  190000000  190000000
  10       53     6342   189980    135419223570    135419413550        15553236     183424       4925     190000         55     4    1100000    6925000  190000000  190000000
  10       53     5810   189990    135419413561    135419603551        15743226     184007       4925     190000         56     4    1200000    6925000  190000000  190000000
  10       53     5816   189981    135419603561    135419793542        15933226     183944       4925     190000         46     4    1200000    6925000  190000000  190000000
  10       53     5809   189993    135419793552    135419983545        16123217     184018       4925     190000         51     4    1200000    6925000  190000000  190000000
  10       53     5816   189990    135419983555    135420173545        16313220     183961       4925     190000         50     4    1200000    6925000  190000000  190000000
  10       53     5809   190031    135420173555    135420363586        16503220     184023       4925     190000         91     4    1200000    6925000  190000000  190000000
  10       53     6254   189945    135420363599    135420553545        16693265     183470       4925     190000         50     5    1000000    6925000  190000000  190000000
  10       53     5810   189994    135420553555    135420743549        16883220     184022       4925     190000         54     5    1200000    6925000  190000000  190000000
  10       53     5816   189940    135420743600    135420933540        17073265     183891       4925     190000         45     5    1200000    6925000  190000000  190000000
  10       53     5810   190029    135420933550    135421123579        17263215     184020       4925     190000         84     5    1200000    6925000  190000000  190000000
  10       53     5178   189955    135421123588    135421313544        17453254     184540       4925     190000         49     6    1300000    6925000  190000000  190000000
  10       53     4981   190010    135421313553    135421503563        17643218     184861       4925     190000         68     6    1400000    6925000  190000000  190000000
  10       53     4984   189978    135421503572    135421693550        17833238     184792       4925     190000         56     6    1400000    6925000  190000000  190000000
  10       53     4981   189987    135421693559    135421883546        18023224     184846       4925     190000         51     6    1400000    6925000  190000000  190000000
  10       53     4985   189981    135421883557    135422073538        18213222     184808       4925     190000         44     6    1400000    6925000  190000000  190000000
  10       53     4981   189995    135422073547    135422263542        18403212     184862       4925     190000         47     6    1400000    6925000  190000000  190000000
  10       53     6344   189977    135422263553    135422453531        18593219     183443       4925     190000         36     6    1100000    6925000  190000000  190000000
  10       53     6338   190030    135422453541    135422643572        18783207     183496       4925     190000         77     6    1100000    6925000  190000000  190000000
  10       53     6341   189968    135422643582    135422833550        18973248     183406       4925     190000         55     7    1100000    6925000  190000000  190000000
  10       53     6341   189998    135422833561    135423023559        19163226     183445       4925     190000         64     4    1100000    6925000  190000000  190000000
  10       53     6343   189971    135423023570    135423213541        19353236     183411       4925     190000         46     4    1100000    6925000  190000000  190000000
  10       53     6339   190050    135423213552    135423403603        19543218     183435       4925     190000        108     4    1100000    6925000  190000000  190000000
  10       53     5552   189928    135423403615    135423593543        19733280     184167       4925     190000         48     7    1100000    6925000  190000000  190000000
  10       53     4981   190000    135423593552    135423783552        19923218     184850       4925     190000         58     4    1400000    6925000  190000000  190000000
  10       53     4987   189976    135423783561    135423973537        20113227     184782       4925     190000         42     4    1400000    6925000  190000000  190000000
  10       53     4982   190008    135423973546    135424163554        20303211     184859       4925     190000         59     4    1400000    6925000  190000000  190000000
  10       53     4983   189979    135424163563    135424353542        20493228     184801       4925     190000         47     4    1400000    6925000  190000000  190000000
  10       53     4981   190007    135424353550    135424543557        20683216     184873       4925     190000         63     4    1400000    6925000  190000000  190000000
  10       53     5369   189978    135424543567    135424733545        20873232     184403       4925     190000         50     4    1300000    6925000  190000000  190000000
  10       53     5364   189985    135424733554    135424923539        21063220     184473       4925     190000         45     4    1300000    6925000  190000000  190000000
  10       53     5369   189995    135424923549    135425113544        21253214     184419       4925     190000         48     4    1300000    6925000  190000000  190000000
  10       53     5362   189994    135425113554    135425303548        21443219     184485       4925     190000         53     4    1300000    6925000  190000000  190000000
  10       53     5369   189953    135425303592    135425493544        21633257     184369       4925     190000         49     4    1300000    6925000  190000000  190000000
  10       53     6976   190015    135425493557    135425683572        21823222     182789       4925     190000         76     4    1000000    6925000  190000000  190000000
  10       53     6974   189953    135425683584    135425873538        22013250     182763       4925     190000         43     4    1000000    6925000  190000000  190000000
  10       53     4983   189994    135425873547    135426063541        22203212     184838       4925     190000         47     4    1400000    6925000  190000000  190000000
  10       53     4985   189993    135426063550    135426253542        22393215     184811       4925     190000         46     4    1400000    6925000  190000000  190000000
  10       53     4980   190012    135426253552    135426443564        22583218     184863       4925     190000         69     4    1400000    6925000  190000000  190000000
  10       53     4985   189963    135426443574    135426633537        22773239     184777       4925     190000         43     4    1400000    6925000  190000000  190000000
  10       53     4980   190008    135426633546    135426823553        22963211     184867       4925     190000         57     4    1400000    6925000  190000000  190000000
  10       53     6975   189969    135426823566    135427013535        23153231     182782       4925     190000         40     4    1000000    6925000  190000000  190000000
  10       53     6975   190019    135427013547    135427203566        23343212     182819       4925     190000         69     4    1000000    6925000  190000000  190000000
  10       53     6341   189974    135427203577    135427393551        23533242     183418       4925     190000         56     4    1100000    6925000  190000000  190000000
  10       53     6344   189996    135427393563    135427583559        23723228     183436       4925     190000         63     4    1100000    6925000  190000000  190000000
  10       53     6343   189969    135427583570    135427773539        23913235     183404       4925     190000         43     4    1100000    6925000  190000000  190000000
  10       53     4982   190003    135427773548    135427963551        24103214     184847       4925     190000         56     4    1400000    6925000  190000000  190000000
  10       53     4985   189981    135427963560    135428153541        24293225     184809       4925     190000         47     4    1400000    6925000  190000000  190000000
  10       53     4981   190004    135428153550    135428343554        24483215     184872       4925     190000         58     4    1400000    6925000  190000000  190000000
  10       53     4984   189998    135428343563    135428533561        24673228     184807       4925     190000         66     4    1400000    6925000  190000000  190000000
  10       53     4981   189991    135428533570    135428723561        24863235     184835       4925     190000         66     4    1400000    6925000  190000000  190000000
  10       53     6975   190012    135428723573    135428913586        25053239     182772       4925     190000         91     4    1000000    6925000  190000000  190000000
  10       53     5971   189954    135428913600    135429103553        25243265     183799       4925     190000         59     7    1000000    6925000  190000000  190000000
  10       53     5366   189974    135429103563    135429293537        25433229     184414       4925     190000         42     5    1300000    6925000  190000000  190000000
  10       53     5363   190016    135429293546    135429483562        25623211     184484       4925     190000         66     6    1300000    6925000  190000000  190000000
  10       53     5368   189957    135429483572    135429673529        25813238     184414       4925     190000         35     6    1300000    6925000  190000000  190000000
  10       53     5363   189963    135429673570    135429863533        26003236     184451       4925     190000         39     6    1300000    6925000  190000000  190000000
  10       53     5192   189984    135429863543    135430053527        26193208     184597       4925     190000         33     6    1300000    6925000  190000000  190000000
  10       53     4982   190058    135430053536    135430243593        26383201     184866       4925     190000         99     6    1400000    6925000  190000000  190000000
  10       53     4985   189940    135430243602    135430433542        26573267     184668       4925     190000         48     4    1400000    6925000  190000000  190000000
  10       53     4980   189990    135430433551    135430623541        26763217     184864       4925     190000         46     4    1400000    6925000  190000000  190000000
  10       53     4984   189987    135430623550    135430813537        26953215     184824       4925     190000         42     4    1400000    6925000  190000000  190000000
  10       53     4981   190001    135430813546    135431003546        27143211     184859       4925     190000         52     4    1400000    6925000  190000000  190000000
  10       53     5815   189995    135431003557    135431193552        27333222     183970       4925     190000         57     4    1200000    6925000  190000000  190000000
  10       53     5810   190027    135431193562    135431383589        27523228     184002       4925     190000         95     4    1200000    6925000  190000000  190000000
  10       53     5368   189946    135431383601    135431573546        27713266     184370       4925     190000         52     7    1200000    6925000  190000000  190000000
  10       53     4980   189995    135431573555    135431763550        27903220     184856       4925     190000         53     4    1400000    6925000  190000000  190000000
  10       53     4984   189985    135431763559    135431953543        28093224     184793       4925     190000         47     4    1400000    6925000  190000000  190000000
  10       53     4982   190015    135431953554    135432143569        28283219     184840       4925     190000         74     4    1400000    6925000  190000000  190000000
  10       53     4986   189965    135432143578    135432333543        28473244     184773       4925     190000         49     4    1400000    6925000  190000000  190000000
  10       53     4983   190022    135432333552    135432523574        28663218     184850       4925     190000         79     4    1400000    6925000  190000000  190000000
  10       53     6975   189967    135432523587    135432713553        28853252     182751       4925     190000         59     4    1000000    6925000  190000000  190000000
  10       53     6346   190033    135432713565    135432903598        29043230     183426       4925     190000        102     4    1100000    6925000  190000000  190000000
  10       53     5533   189928    135432903612    135433093539        29233277     184155       4925     190000         44     6    1100000    6925000  190000000  190000000
  10       53     4982   190001    135433093549    135433283550        29423215     184845       4925     190000         56     6    1400000    6925000  190000000  190000000
  10       53     4987   189985    135433283559    135433473544        29613225     184786       4925     190000         50     6    1400000    6925000  190000000  190000000
  10       53     4981   189989    135433473553    135433663542        29803218     184855       4925     190000         47     6    1400000    6925000  190000000  190000000
  10       53     4985   189979    135433663551    135433853530        29993216     184784       4925     190000         35     6    1400000    6925000  190000000  190000000
  10       53     4981   190032    135433853538    135434043570        30183204     184879       4925     190000         76     6    1400000    6925000  190000000  190000000
  10       53     5814   189960    135434043580    135434233540        30373246     183923       4925     190000         45     4    1200000    6925000  190000000  190000000
  10       53     4980   189969    135434233580    135434423549        30563245     184824       4925     190000         55     4    1400000    6925000  190000000  190000000
  10       53     4983   189979    135434423558    135434613537        30753224     184816       4925     190000         43     4    1400000    6925000  190000000  190000000
  10       53     4980   189983    135434613546    135434803529        30943212     184873       4925     190000         34     4    1400000    6925000  190000000  190000000
  10       53     4984   190001    135434803538    135434993539        31133204     184822       4925     190000         44     4    1400000    6925000  190000000  190000000
  10       53     4980   190014    135434993548    135435183562        31323213     184854       4925     190000         66     4    1400000    6925000  190000000  190000000
  10       53     6975   189976    135435183574    135435373550        31513240     182771       4925     190000         55     4    1000000    6925000  190000000  190000000
  10       53     6976   190011    135435373563    135435563574        31703228     182791       4925     190000         79     4    1000000    6925000  190000000  190000000
  10       53     6976   189960    135435563586    135435753546        31893251     182749       4925     190000         51     4    1000000    6925000  190000000  190000000
  10       53     6351   189996    135435753557    135435943553        32083223     183440       4925     190000         58     4    1100000    6925000  190000000  190000000
  10       53     6341   189966    135435943564    135436133530        32273229     183406       4925     190000         35     4    1100000    6925000  190000000  190000000
  10       53     6338   190006    135436133541    135436323546        32463206     183495       4925     190000         51     4    1100000    6925000  190000000  190000000
  10       53     6343   189992    135436323557    135436513549        32653223     183444       4925     190000         54     4    1100000    6925000  190000000  190000000
  10       53     6346   189985    135436513560    135436703545        32843225     183434       4925     190000         50     4    1100000    6925000  190000000  190000000
  10       53     6343   190046    135436703556    135436893602        33033222     183436       4925     190000        106     4    1100000    6925000  190000000  190000000
  10       53     6035   189934    135436893613    135437083547        33223278     183731       4925     190000         51     7    1100000    6925000  190000000  190000000
  10       53     5814   189982    135437083557    135437273539        33413222     183972       4925     190000         45     6    1200000    6925000  190000000  190000000
  10       53     5810   190000    135437273549    135437463549        33603215     184013       4925     190000         55     6    1200000    6925000  190000000  190000000
  10       53     4984   189968    135437463558    135437653526        33793223     184811       4925     190000         32     6    1400000    6925000  190000000  190000000
  10       53     4980   190017    135437653535    135437843552        33983200     184884       4925     190000         58     6    1400000    6925000  190000000  190000000
  10       53     4985   189974    135437843561    135438033535        34173227     184807       4925     190000         41     5    1400000    6925000  190000000  190000000
  10       53     4981   190001    135438033544    135438223545        34363209     184859       4925     190000         49     5    1400000    6925000  190000000  190000000
  10       53     4985   190000    135438223554    135438413554        34553220     184809       4925     190000         59     5    1400000    6925000  190000000  190000000
  10       53     6975   189984    135438413567    135438603550        34743232     182782       4925     190000         55     4    1000000    6925000  190000000  190000000
  10       53     6975   189937    135438603603    135438793540        34933268     182735       4925     190000         46     4    1000000    6925000  190000000  190000000
  10       53     5810   190012    135438793551    135438983563        35123217     184013       4925     190000         69     4    1200000    6925000  190000000  190000000
  10       53     5815   189964    135438983574    135439173537        35313239     183956       4925     190000         43     4    1200000    6925000  190000000  190000000
  10       53     5363   190031    135439173547    135439363578        35503212     184481       4925     190000         82     4    1300000    6925000  190000000  190000000
  10       53     5370   189954    135439363590    135439553544        35693256     184329       4925     190000         49     4    1300000    6925000  190000000  190000000
  10       53     5363   189998    135439553556    135439743553        35883221     184470       4925     190000         58     4    1300000    6925000  190000000  190000000
  10       53     5370   189975    135439743565    135439933540        36073231     184389       4925     190000         45     4    1300000    6925000  190000000  190000000
  10       53     5365   190001    135439933551    135440123551        36263216     184452       4925     190000         54     4    1300000    6925000  190000000  190000000
  10       53     6983   189983    135440123570    135440313553        36453236     182650       4925     190000         56     4    1000000    6925000  190000000  190000000
  10       53     6984   189977    135440313571    135440503548        36643236     182678       4925     190000         51     4    1000000    6925000  190000000  190000000
  10       53     6343   189992    135440503566    135440693559        36833232     183368       4925     190000         62     4    1100000    6925000  190000000  190000000
  10       53     4980   189990    135440693569    135440883560        37023235     184833       4925     190000         64     4    1400000    6925000  190000000  190000000
  10       53     4989   189978    135440883573    135441073551        37213238     184693       4925     190000         56     4    1400000    6925000  190000000  190000000
  10       53     4981   189998    135441073562    135441263560        37403227     184843       4925     190000         64     4    1400000    6925000  190000000  190000000
  10       53     4984   189967    135441263570    135441453537        37593235     184800       4925     190000         42     4    1400000    6925000  190000000  190000000
  10       53     4982   190018    135441453546    135441643564        37783211     184860       4925     190000         68     4    1400000    6925000  190000000  190000000
  10       53     5367   189973    135441643573    135441833546        37973238     184257       4925     190000         51     4    1400000    6925000  190000000  190000000
  10       53     5363   190005    135441833555    135442023560        38163221     184473       4925     190000         64     4    1300000    6925000  190000000  190000000
  10       53     5367   189967    135442023570    135442213537        38353235     184417       4925     190000         42     4    1300000    6925000  190000000  190000000
  10       53     5364   189999    135442213546    135442403545        38543211     184482       4925     190000         50     4    1300000    6925000  190000000  190000000
  10       53     5366   190016    135442403555    135442593571        38733220     184431       4925     190000         77     4    1300000    6925000  190000000  190000000
  10       53     5364   189969    135442593581    135442783550        38923246     184428       4925     190000         54     4    1300000    6925000  190000000  190000000
  10       53     6975   189984    135442783563    135442973547        39113228     182791       4925     190000         52     4    1000000    6925000  190000000  190000000
  10       53     6975   190004    135442973559    135443163563        39303224     182812       4925     190000         66     4    1000000    6925000  190000000  190000000
  10       53     6974   189932    135443163629    135443353561        39493294     182718       4925     190000         65     4    1000000    6925000  190000000  190000000
  10       53     6975   190000    135443353573    135443543573        39683239     182780       4925     190000         78     4    1000000    6925000  190000000  190000000
  10       53     6977   189956    135443543586    135443733542        39873251     182751       4925     190000         46     4    1000000    6925000  190000000  190000000
  10       53     5364   190010    135443733552    135443923562        40063217     184470       4925     190000         65     4    1300000    6925000  190000000  190000000
  10       53     5367   189976    135443923572    135444113548        40253237     184407       4925     190000         53     4    1300000    6925000  190000000  190000000
  10       53     5363   190003    135444113557    135444303560        40443222     184472       4925     190000         66     4    1300000    6925000  190000000  190000000
  10       53     5364   189990    135444303570    135444493560        40633236     126397       4925     190000         65     4    1300000    6925000  190000000  190000000
  10       53     5682   189983    135444493570    135444683552        40823235     126922       4925     190000         58     4    1300000    6925000  190000000  190000000
  10       53     5366   189984    135444683562    135444873547        41013228     184430       4925     190000         52     4    1300000    6925000  190000000  190000000
  10       53     5810   190012    135444873557    135445063568        41203222     184016       4925     190000         73     4    1200000    6925000  190000000  190000000
  10       53     5813   189956    135445063579    135445253534        41393244     183951       4925     190000         40     5    1200000    6925000  190000000  190000000
  10       53     5813   190033    135445253545    135445443578        41583210     184012       4925     190000         83     6    1200000    6925000  190000000  190000000
  10       53     5814   189951    135445443588    135445633539        41773253     183930       4925     190000         44     5    1200000    6925000  190000000  190000000
  10       53     5810   189996    135445633549    135445823545        41963214     184024       4925     190000         49     5    1200000    6925000  190000000  190000000
  10       53     6343   189986    135445823556    135446013542        42153221     183418       4925     190000         47     5    1100000    6925000  190000000  190000000
  10       53     6338   190041    135446013552    135446203593        42343217     183455       4925     190000         98     5    1100000    6925000  190000000  190000000
  10       53     6342   189939    135446203604    135446393542        42533269     183385       4925     190000         48     6    1100000    6925000  190000000  190000000
  10       53     6338   189999    135446393553    135446583553        42723219     183487       4925     190000         58     6    1100000    6925000  190000000  190000000
  10       53     6343   189979    135446583564    135446773543        42913229     183415       4925     190000         48     6    1100000    6925000  190000000  190000000
  10       53     6974   189979    135446773555    135446963533        43103220     182807       4925     190000         38     6    1000000    6925000  190000000  190000000
  10       53     6977   189989    135446963546    135447153535        43293211     182795       4925     190000         40     6    1000000    6925000  190000000  190000000
  10       53     6976   190024    135447153547    135447343571        43483212     182820       4925     190000         77     6    1000000    6925000  190000000  190000000
  10       53     6976   189966    135447343583    135447533549        43673249     182751       4925     190000         55     5    1000000    6925000  190000000  190000000
  10       53     5810   189960    135447533595    135447723554        43863260     183977       4925     190000         59     4    1200000    6925000  190000000  190000000
  10       53     5813   189976    135447723565    135447913541        44053230     183972       4925     190000         45     4    1200000    6925000  190000000  190000000
  10       53     5812   190010    135447913551    135448103561        44243216     184013       4925     190000         66     4    1200000    6925000  190000000  190000000
  10       53     5814   189990    135448103571    135448293561        44433237     183940       4925     190000         67     4    1200000    6925000  190000000  190000000
  10       53     5580   190004    135448293571    135448483576        44623237     184210       4925     190000         81     5    1200000    6925000  190000000  190000000
  10       53     5371   189954    135448483585    135448673539        44813251     184366       4925     190000         44     6    1300000    6925000  190000000  190000000
  10       53     5363   190003    135448673548    135448863551        45003213     184477       4925     190000         57     6    1300000    6925000  190000000  190000000
  10       53     5369   189968    135448863560    135449053528        45193226     184394       4925     190000         33     6    1300000    6925000  190000000  190000000
  10       53     5363   190032    135449053537    135449243569        45383202     184495       4925     190000         74     6    1300000    6925000  190000000  190000000
  10       53     5366   189966    135449243578    135449433544        45573243     184399       4925     190000         49     5    1300000    6925000  190000000  190000000
  10       53     6975   190033    135449433557    135449623589        45763222     182802       4925     190000         94     5    1000000    6925000  190000000  190000000
  10       53     6976   189937    135449623601    135449813538        45953266     182741       4925     190000         43     5    1000000    6925000  190000000  190000000
  10       53     6978   190035    135449813551    135450003585        46143216     182751       4925     190000         90     4    1000000    6925000  190000000  190000000
  10       53     5766   189947    135450003597    135450193544        46333262     183981       4925     190000         49     6    1100000    6925000  190000000  190000000
  10       53     5363   189985    135450193553    135450383538        46523218     184457       4925     190000         43     6    1300000    6925000  190000000  190000000
  10       53     5367   189990    135450383548    135450573537        46713213     184437       4925     190000         43     6    1300000    6925000  190000000  190000000
  10       53     5363   189999    135450573547    135450763545        46903212     184479       4925     190000         51     6    1300000    6925000  190000000  190000000
  10       53     4983   189972    135450763554    135450953526        47093220     184798       4925     190000         32     6    1400000    6925000  190000000  190000000
  10       53     4981   190022    135450953534    135451143556        47283200     184886       4925     190000         62     6    1400000    6925000  190000000  190000000
  10       53     4986   189970    135451143566    135451333536        47473231     184790       4925     190000         41     5    1400000    6925000  190000000  190000000
  10       53     4982   190003    135451333546    135451523549        47663211     184852       4925     190000         55     5    1400000    6925000  190000000  190000000
  10       53     4986   189989    135451523558    135451713547        47853223     184805       4925     190000         52     5    1400000    6925000  190000000  190000000
  10       53     6975   189994    135451713559    135451903553        48043224     182804       4925     190000         58     5    1000000    6925000  190000000  190000000
  10       53     6976   189977    135451903565    135452093541        48233230     182783       4925     190000         46     5    1000000    6925000  190000000  190000000
  10       53     6976   189956    135452093594    135452283550        48423260     182767       4925     190000         54     4    1000000    6925000  190000000  190000000
  10       53     6974   190013    135452283562    135452473574        48613227     182791       4925     190000         80     4    1000000    6925000  190000000  190000000
  10       53     6032   189978    135452473586    135452663564        48803251     183765       4925     190000         68     5    1100000    6925000  190000000  190000000
  10       53     5367   189965    135452663574    135452853539        48993239     184394       4925     190000         45     5    1200000    6925000  190000000  190000000
  10       53     4980   190035    135452853548    135453043582        49183213     184869       4925     190000         88     5    1400000    6925000  190000000  190000000
  10       53     4984   189948    135453043592    135453233540        49373257     184781       4925     190000         44     4    1400000    6925000  190000000  190000000
  10       53     4980   190002    135453233549    135453423551        49563215     184864       4925     190000         55     4    1400000    6925000  190000000  190000000
  10       53     4984   189976    135453423560    135453613536        49753225     184819       4925     190000         42     4    1400000    6925000  190000000  190000000
  10       53     4980   190008    135453613545    135453803553        49943210     184868       4925     190000         58     4    1400000    6925000  190000000  190000000
  10       53     4983   189981    135453803562    135453993543        50133227     184802       4925     190000         49     4    1400000    6925000  190000000  190000000
  10       53     4981   189988    135453993552    135454183540        50323217     184857       4925     190000         46     4    1400000    6925000  190000000  190000000
  10       53     4983   189994    135454183549    135454373543        50513214     184811       4925     190000         48     4    1400000    6925000  190000000  190000000
  10       53     4981   190002    135454373552    135454563554        50703217     184860       4925     190000         59     4    1400000    6925000  190000000  190000000
  10       53     4984   189971    135454563562    135454753533        50893228     184798       4925     190000         38     4    1400000    6925000  190000000  190000000
  10       53     6978   190030    135454753545    135454943575        51083211     182782       4925     190000         80     4    1000000    6925000  190000000  190000000
  10       53     6976   189952    135454943587    135455133539        51273252     182752       4925     190000         43     4    1000000    6925000  190000000  190000000
  10       53     5363   190013    135455133549    135455323562        51463214     184468       4925     190000         67     4    1300000    6925000  190000000  190000000
  10       53     5369   189965    135455323572    135455513537        51653237     184397       4925     190000         43     4    1300000    6925000  190000000  190000000
  10       53     5363   190011    135455513546    135455703558        51843212     184479       4925     190000         61     4    1300000    6925000  190000000  190000000
  10       53     5368   189970    135455703568    135455893538        52033233     184407       4925     190000         44     4    1300000    6925000  190000000  190000000
  10       53     5365   190005    135455893548    135456083553        52223213     184464       4925     190000         58     4    1300000    6925000  190000000  190000000
  10       53     5813   189974    135456083563    135456273538        52413229     183962       4925     190000         43     4    1200000    6925000  190000000  190000000
  10       53     5810   189999    135456273548    135456463547        52603213     184022       4925     190000         51     4    1200000    6925000  190000000  190000000
  10       53     5813   189974    135456463592    135456653566        52793257     183942       4925     190000         71     4    1200000    6925000  190000000  190000000
  10       53     5810   189990    135456653577    135456843567        52983242     183988       4925     190000         71     4    1200000    6925000  190000000  190000000
  10       53     5815   189967    135456843577    135457033544        53173243     183938       4925     190000         50     4    1200000    6925000  190000000  190000000
  10       53     5364   190006    135457033554    135457223559        53363219     184472       4925     190000         64     4    1300000    6925000  190000000  190000000
  10       53     5368   189973    135457223569    135457413542        53553234     184411       4925     190000         47     4    1300000    6925000  190000000  190000000
  10       53     5363   190014    135457413551    135457603565        53743217     184474       4925     190000         70     4    1300000    6925000  190000000  190000000
  10       53     5367   189961    135457603575    135457793536        53933240     184412       4925     190000         41     4    1300000    6925000  190000000  190000000
  10       53     5363   190003    135457793546    135457983548        54123211     184476       4925     190000         54     4    1300000    6925000  190000000  190000000
  10       53     5367   189988    135457983558    135458173546        54313223     184409       4925     190000         50     4    1300000    6925000  190000000  190000000
  10       53     6974   189999    135458173558    135458363558        54503224     182799       4925     190000         63     4    1000000    6925000  190000000  190000000
  10       53     6976   189980    135458363570    135458553550        54693235     182783       4925     190000         55     4    1000000    6925000  190000000  190000000
  10       53     6975   190002    135458553562    135458743564        54883228     182798       4925     190000         69     4    1000000    6925000  190000000  190000000
  10       53     6974   189972    135458743576    135458933548        55073242     182779       4925     190000         53     4    1000000    6925000  190000000  190000000
  10       53     6975   189990    135458933561    135459123551        55263226     182791       4925     190000         55     4    1000000    6925000  190000000  190000000
  10       53     6974   189985    135459123562    135459313547        55453228     182788       4925     190000         52     4    1000000    6925000  190000000  190000000
  10       53     6348   189990    135459313558    135459503549        55643224     183442       4925     190000         53     4    1100000    6925000  190000000  190000000
  10       53     6340   189995    135459503560    135459693555        55833226     183423       4925     190000         60     4    1100000    6925000  190000000  190000000
  10       53     5811   190030    135459693566    135459883595        56023231     183996       4925     190000        100     4    1200000    6925000  190000000  190000000
  10       53     5352   189937    135459883606    135460073543        56213271     184388       4925     190000         49     7    1200000    6925000  190000000  190000000
  10       53     4981   189993    135460073552    135460263545        56403217     184862       4925     190000         49     5    1400000    6925000  190000000  190000000
  10       53     4984   189991    135460263554    135460453545        56593219     184814       4925     190000         50     5    1400000    6925000  190000000  190000000
  10       53     4981   189993    135460453553    135460643546        56783219     184859       4925     190000         52     5    1400000    6925000  190000000  190000000
  10       53     4984   189982    135460643555    135460833537        56973221     184811       4925     190000         43     5    1400000    6925000  190000000  190000000
  10       53     4981   190003    135460833546    135461023549        57163211     184876       4925     190000         53     5    1400000    6925000  190000000  190000000
  10       53     6977   189944    135461023610    135461213554        57353275     182715       4925     190000         59     5    1000000    6925000  190000000  190000000
  10       53     6976   189978    135461213566    135461403544        57543231     182784       4925     190000         49     6    1000000    6925000  190000000  190000000
  10       53     6977   189974    135461403555    135461593529        57733221     182783       4925     190000         34     6    1000000    6925000  190000000  190000000
  10       53     5810   190002    135461593539    135461783541        57923205     184027       4925     190000         46     6    1200000    6925000  190000000  190000000
  10       53     5815   189987    135461783551    135461973539        58113217     183975       4925     190000         44     6    1200000    6925000  190000000  190000000
  10       53     5810   190054    135461973549    135462163603        58303214     184026       4925     190000        109     6    1200000    6925000  190000000  190000000
  10       53     5364   189912    135462163614    135462353526        58493279     184359       4925     190000         32     6    1200000    6925000  190000000  190000000
  10       53     4980   190044    135462353535    135462543579        58683200     184886       4925     190000         84     6    1400000    6925000  190000000  190000000
  10       53     4985   189953    135462543588    135462733540        58873253     184785       4925     190000         46     5    1400000    6925000  190000000  190000000
  10       53     4981   189992    135462733549    135462923542        59063215     184859       4925     190000         47     5    1400000    6925000  190000000  190000000
  10       53     4985   189988    135462923550    135463113539        59253216     184791       4925     190000         44     5    1400000    6925000  190000000  190000000
  10       53     4981   189997    135463113548    135463303545        59443213     184867       4925     190000         49     5    1400000    6925000  190000000  190000000
  10       53     4985   189972    135463303555    135463493526        59633220     184813       4925     190000         32     5    1400000    6925000  190000000  190000000
  10       53     4980   190041    135463493535    135463683576        59823200     184888       4925     190000         80     5    1400000    6925000  190000000  190000000
  10       53     4984   189954    135463683585    135463873538        60013250     184772       4925     190000         42     5    1400000    6925000  190000000  190000000
  10       53     4980   189992    135463873548    135464063540        60203213     184863       4925     190000         46     5    1400000    6925000  190000000  190000000
  10       53     4986   189995    135464063549    135464253544        60393214     184788       4925     190000         49     5    1400000    6925000  190000000  190000000
  10       53     6975   190032    135464253555    135464443587        60583221     182807       4925     190000         91     5    1000000    6925000  190000000  190000000
  10       53     6341   189933    135464443599    135464633532        60773264     183374       4925     190000         37     4    1100000    6925000  190000000  190000000
  10       53     6348   189990    135464633543    135464823533        60963208     183443       4925     190000         39     4    1100000    6925000  190000000  190000000
  10       53     5366   189995    135464823543    135465013538        61153208     184434       4925     190000         42     4    1300000    6925000  190000000  190000000
  10       53     5363   189999    135465013548    135465203547        61343213     184480       4925     190000         51     4    1300000    6925000  190000000  190000000
  10       53     5368   189989    135465203557    135465393545        61533222     184427       4925     190000         51     4    1300000    6925000  190000000  190000000
  10       53     5363   189992    135465393555    135465583547        61723220     184472       4925     190000         53     4    1300000    6925000  190000000  190000000
  10       53     5367   189934    135465583603    135465773537        61913269     184388       4925     190000         43     4    1300000    6925000  190000000  190000000
  10       53     5363   190000    135465773547    135465963547        62103212     184481       4925     190000         51     4    1300000    6925000  190000000  190000000
  10       53     4984   189977    135465963557    135466153534        62293223     184815       4925     190000         39     4    1400000    6925000  190000000  190000000
  10       53     4983   190023    135466153542    135466343565        62483208     184865       4925     190000         70     4    1400000    6925000  190000000  190000000
  10       53     4984   189964    135466343574    135466533538        62673240     184793       4925     190000         42     4    1400000    6925000  190000000  190000000
  10       53     4981   190004    135466533546    135466723550        62863212     184867       4925     190000         54     4    1400000    6925000  190000000  190000000
  10       53     4985   189987    135466723560    135466913546        63053225     184808       4925     190000         52     4    1400000    6925000  190000000  190000000
  10       53     4983   189988    135466913555    135467103543        63243221     184849       4925     190000         47     4    1400000    6925000  190000000  190000000
  10       53     4983   189984    135467103552    135467293536        63433217     184819       4925     190000         41     4    1400000    6925000  190000000  190000000
  10       53     4980   189990    135467293545    135467483535        63623210     184867       4925     190000         41     4    1400000    6925000  190000000  190000000
  10       53     4984   189992    135467483544    135467673536        63813209     184823       4925     190000         42     4    1400000    6925000  190000000  190000000
  10       53     4980   190002    135467673545    135467863547        64003210     184873       4925     190000         52     4    1400000    6925000  190000000  190000000
  10       53     4983   189988    135467863556    135468053544        64193221     184816       4925     190000         49     4    1400000    6925000  190000000  190000000
  10       53     6338   190013    135468053555    135468243568        64383220     183492       4925     190000         73     4    1100000    6925000  190000000  190000000
  10       53     6343   189968    135468243579    135468433547        64573244     183397       4925     190000         52     4    1100000    6925000  190000000  190000000
  10       53     6338   190005    135468433558    135468623563        64763223     183452       4925     190000         67     4    1100000    6925000  190000000  190000000
  10       53     6344   189970    135468623574    135468813545        64953240     183398       4925     190000         50     4    1100000    6925000  190000000  190000000
  10       53     6336   190018    135468813556    135469003574        65143221     183493       4925     190000         78     4    1100000    6925000  190000000  190000000
  10       53     6976   189970    135469003587    135469193557        65333252     182748       4925     190000         62     4    1000000    6925000  190000000  190000000
  10       53     6976   189983    135469193570    135469383553        65523235     182776       4925     190000         58     4    1000000    6925000  190000000  190000000
  10       53     6978   189981    135469383565    135469573546        65713231     182777       4925     190000         50     4    1000000    6925000  190000000  190000000
  10       53     6974   189999    135469573558    135469763558        65903224     182783       4925     190000         62     4    1000000    6925000  190000000  190000000
  10       53     6974   189975    135469763570    135469953545        66093236     182791       4925     190000         50     4    1000000    6925000  190000000  190000000
  10       53     6977   189987    135469953598    135470143584        66283263     182738       4925     190000         89     4    1000000    6925000  190000000  190000000
  10       53     6977   189949    135470143597    135470333546        66473263     182744       4925     190000         50     4    1000000    6925000  190000000  190000000
  10       53     6974   190003    135470333559    135470523562        66663224     182802       4925     190000         67     4    1000000    6925000  190000000  190000000
  10       53     6974   189981    135470523574    135470713555        66853239     182775       4925     190000         59     4    1000000    6925000  190000000  190000000
  10       53     6975   189983    135470713568    135470903551        67043234     182764       4925     190000         56     4    1000000    6925000  190000000  190000000
  10       53     6976   189979    135470903564    135471093543        67233229     182780       4925     190000         48     4    1000000    6925000  190000000  190000000
  10       53     4981   190020    135471093552    135471283571        67423217     184853       4925     190000         77     4    1400000    6925000  190000000  190000000
  10       53     4986   189957    135471283580    135471473537        67613246     184779       4925     190000         43     4    1400000    6925000  190000000  190000000
  10       53     4980   189998    135471473546    135471663544        67803212     184872       4925     190000         50     4    1400000    6925000  190000000  190000000
  10       53     4983   189987    135471663553    135471853540        67993219     184812       4925     190000         46     4    1400000    6925000  190000000  190000000
  10       53     4981   190006    135471853549    135472043555        68183214     184858       4925     190000         60     4    1400000    6925000  190000000  190000000
  10       53     4984   189978    135472043564    135472233543        68373230     184799       4925     190000         49     4    1400000    6925000  190000000  190000000
  10       53     4980   189993    135472233552    135472423545        68563217     184860       4925     190000         49     4    1400000    6925000  190000000  190000000
  10       53     4982   189983    135472423555    135472613538        68753220     184821       4925     190000         43     4    1400000    6925000  190000000  190000000
  10       53     4979   189999    135472613547    135472803545        68943212     184883       4925     190000         51     4    1400000    6925000  190000000  190000000
  10       53     4984   189994    135472803554    135472993548        69133220     184806       4925     190000         51     4    1400000    6925000  190000000  190000000
  10       53     6976   190000    135472993560    135473183560        69323225     182788       4925     190000         64     4    1000000    6925000  190000000  190000000
  10       53     6976   189969    135473183572    135473373542        69513238     182770       4925     190000         46     4    1000000    6925000  190000000  190000000
  10       53     6975   190012    135473373553    135473563565        69703219     182810       4925     190000         71     4    1000000    6925000  190000000  190000000
  10       53     6341   189959    135473563577    135473753536        69893243     183414       4925     190000         42     4    1100000    6925000  190000000  190000000
  10       53     4983   190006    135473753545    135473943550        70083210     184860       4925     190000         54     4    1400000    6925000  190000000  190000000
  10       53     4986   189987    135473943559    135474133547        70273225     184796       4925     190000         52     4    1400000    6925000  190000000  190000000
  10       53     4981   189994    135474133555    135474323549        70463220     184861       4925     190000         54     4    1400000    6925000  190000000  190000000
  10       53     4985   189968    135474323557    135474513525        70653223     184799       4925     190000         31     4    1400000    6925000  190000000  190000000
  10       53     4981   189965    135474513568    135474703533        70843234     184840       4925     190000         37     4    1400000    6925000  190000000  190000000
  10       53     4985   190001    135474703542    135474893543        71033207     184814       4925     190000         49     4    1400000    6925000  190000000  190000000
  10       53     4981   189995    135474893552    135475083548        71223218     184865       4925     190000         52     4    1400000    6925000  190000000  190000000
  10       53     4985   189986    135475083557    135475273543        71413222     184802       4925     190000         48     4    1400000    6925000  190000000  190000000
  10       53     4981   189992    135475273552    135475463544        71603217     184860       4925     190000         49     4    1400000    6925000  190000000  190000000
  10       53     4983   189990    135475463553    135475653543        71793218     184811       4925     190000         49     4    1400000    6925000  190000000  190000000
  10       53     4981   190014    135475653552    135475843566        71983217     184860       4925     190000         71     4    1400000    6925000  190000000  190000000
  10       53     6343   189965    135475843577    135476033542        72173243     183395       4925     190000         46     4    1100000    6925000  190000000  190000000
  10       53     5810   190001    135476033553    135476223554        72363218     184024       4925     190000         59     4    1200000    6925000  190000000  190000000
  10       53     5815   190023    135476223564    135476413588        72553230     183956       4925     190000         93     4    1200000    6925000  190000000  190000000
  10       53     5580   189946    135476413598    135476603544        72743263     184202       4925     190000         49     6    1200000    6925000  190000000  190000000
  10       53     5367   189984    135476603553    135476793537        72933219     184426       4925     190000         43     6    1300000    6925000  190000000  190000000
  10       53     4981   189997    135476793546    135476983542        73123211     184859       4925     190000         48     6    1400000    6925000  190000000  190000000
  10       53     4985   189992    135476983551    135477173543        73313216     184811       4925     190000         49     6    1400000    6925000  190000000  190000000
  10       53     4981   189978    135477173552    135477363530        73503217     184864       4925     190000         35     6    1400000    6925000  190000000  190000000
  10       53     4983   189987    135477363538    135477553525        73693204     184822       4925     190000         31     6    1400000    6925000  190000000  190000000
  10       53     4981   190060    135477553534    135477743593        73883199     184890       4925     190000         99     6    1400000    6925000  190000000  190000000
  10       53     5583   189937    135477743603    135477933541        74073269     184132       4925     190000         46     5    1200000    6925000  190000000  190000000
  10       53     5366   190018    135477933550    135478123567        74263215     184475       4925     190000         73     5    1300000    6925000  190000000  190000000
  10       53     5366   189968    135478123577    135478313545        74453242     184399       4925     190000         51     7    1300000    6925000  190000000  190000000
  10       53     5363   189986    135478313554    135478503541        74643220     184465       4925     190000         46     4    1300000    6925000  190000000  190000000
  10       53     5367   190004    135478503550    135478693554        74833215     184436       4925     190000         60     4    1300000    6925000  190000000  190000000
  10       53     5366   190024    135478693564    135478883588        75023229     184439       4925     190000         93     4    1300000    6925000  190000000  190000000
  10       53     5509   189896    135478883642    135479073538        75213307     184195       4925     190000         44     7    1100000    6925000  190000000  190000000
  10       53     4981   189990    135479073547    135479263537        75403212     184862       4925     190000         40     4    1400000    6925000  190000000  190000000
  10       53     4985   190001    135479263546    135479453546        75593211     184811       4925     190000         52     4    1400000    6925000  190000000  190000000
  10       53     4980   190009    135479453555    135479643564        75783220     184850       4925     190000         70     4    1400000    6925000  190000000  190000000
  10       53     4984   189969    135479643573    135479833542        75973238     184781       4925     190000         48     4    1400000    6925000  190000000  190000000
  10       53     4981   190017    135479833551    135480023567        76163216     184850       4925     190000         71     4    1400000    6925000  190000000  190000000
  10       53     6978   189970    135480023580    135480213549        76353245     182755       4925     190000         53     4    1000000    6925000  190000000  190000000
  10       53     6976   189994    135480213561    135480403555        76543227     182794       4925     190000         60     4    1000000    6925000  190000000  190000000
  10       53     6975   189979    135480403567    135480593546        76733233     182766       4925     190000         51     4    1000000    6925000  190000000  190000000
  10       53     6338   189987    135480593557    135480783544        76923223     183442       4925     190000         49     4    1100000    6925000  190000000  190000000
  10       53     6343   189988    135480783556    135480973544        77113221     183433       4925     190000         48     4    1100000    6925000  190000000  190000000
  10       53     6338   190019    135480973555    135481163574        77303220     183437       4925     190000         77     4    1100000    6925000  190000000  190000000
  10       53     6342   189961    135481163585    135481353546        77493250     183400       4925     190000         50     4    1100000    6925000  190000000  190000000
  10       53     6337   190011    135481353557    135481543568        77683223     183487       4925     190000         72     4    1100000    6925000  190000000  190000000
  10       53     6978   189960    135481543581    135481733541        77873246     182756       4925     190000         45     4    1000000    6925000  190000000  190000000
  10       53     5363   190010    135481733551    135481923560        78063216     184477       4925     190000         66     4    1300000    6925000  190000000  190000000
  10       53     5366   189963    135481923570    135482113533        78253235     184426       4925     190000         39     4    1300000    6925000  190000000  190000000
  10       53     5365   190012    135482113543    135482303554        78443208     184468       4925     190000         59     4    1300000    6925000  190000000  190000000
  10       53     5365   189973    135482303564    135482493537        78633229     184414       4925     190000         42     4    1300000    6925000  190000000  190000000
  10       53     5363   190008    135482493546    135482683554        78823211     184478       4925     190000         59     4    1300000    6925000  190000000  190000000
  10       53     6977   189962    135482683567    135482873528        79013232     182775       4925     190000         34     4    1000000    6925000  190000000  190000000
  10       53     5810   190015    135482873539    135483063554        79203204     184030       4925     190000         59     4    1200000    6925000  190000000  190000000
  10       53     5814   189978    135483063564    135483253542        79393229     183956       4925     190000         47     4    1200000    6925000  190000000  190000000
  10       53     5809   190001    135483253552    135483443553        79583217     184026       4925     190000         57     4    1200000    6925000  190000000  190000000
  10       53     5815   189941    135483443602    135483633543        79773268     183911       4925     190000         49     4    1200000    6925000  190000000  190000000
  10       53     5810   189994    135483633553    135483823547        79963219     184019       4925     190000         52     4    1200000    6925000  190000000  190000000
  10       53     6341   189982    135483823559    135484013540        80153224     183431       4925     190000         46     4    1100000    6925000  190000000  190000000
  10       53     6338   189998    135484013552    135484203549        80343217     183488       4925     190000         53     4    1100000    6925000  190000000  190000000
  10       53     6343   189981    135484203560    135484393541        80533226     183417       4925     190000         46     4    1100000    6925000  190000000  190000000
  10       53     6338   190006    135484393552    135484583558        80723217     183453       4925     190000         62     4    1100000    6925000  190000000  190000000
  10       53     6342   190025    135484583569    135484773594        80913234     183428       4925     190000        100     4    1100000    6925000  190000000  190000000
  10       53     5772   189967    135484773604    135484963571        81103269     184000       4925     190000         77     5    1100000    6925000  190000000  190000000
  10       53     5368   189946    135484963581    135485153526        81293246     184372       4925     190000         32     6    1300000    6925000  190000000  190000000
  10       53     4980   190036    135485153536    135485343571        81483201     184874       4925     190000         77     6    1400000    6925000  190000000  190000000
  10       53     4983   189961    135485343580    135485533541        81673246     184780       4925     190000         45     5    1400000    6925000  190000000  190000000
  10       53     4980   190004    135485533550    135485723553        81863215     184866       4925     190000         59     5    1400000    6925000  190000000  190000000
  10       53     4984   189973    135485723562    135485913536        82053228     184803       4925     190000         41     5    1400000    6925000  190000000  190000000
  10       53     4980   189997    135485913544    135486103542        82243210     184873       4925     190000         46     5    1400000    6925000  190000000  190000000
  10       53     4984   189976    135486103550    135486293526        82433216     184814       4925     190000         32     5    1400000    6925000  190000000  190000000
  10       53     4981   190012    135486293534    135486483546        82623200     184882       4925     190000         52     5    1400000    6925000  190000000  190000000
  10       53     4987   189972    135486483555    135486673527        82813221     184806       4925     190000         32     5    1400000    6925000  190000000  190000000
  10       53     4980   190006    135486673536    135486863541        83003201     184872       4925     190000         46     5    1400000    6925000  190000000  190000000
  10       53     4987   189994    135486863550    135487053544        83193216     184806       4925     190000         50     5    1400000    6925000  190000000  190000000
  10       53     4981   190041    135487053553    135487243593        83383218     184858       4925     190000         99     5    1400000    6925000  190000000  190000000
  10       53     6978   189943    135487243605    135487433548        83573270     182722       4925     190000         53     4    1000000    6925000  190000000  190000000
  10       53     6976   189999    135487433561    135487623559        83763226     182781       4925     190000         64     4    1000000    6925000  190000000  190000000
  10       53     6341   189976    135487623571    135487813546        83953236     183433       4925     190000         51     4    1100000    6925000  190000000  190000000
  10       53     6342   189954    135487813594    135488003549        84143260     183408       4925     190000         53     4    1100000    6925000  190000000  190000000
  10       53     6343   190002    135488003560    135488193562        84333225     183427       4925     190000         67     4    1100000    6925000  190000000  190000000
  10       53     5809   189975    135488193572    135488383547        84523238     183999       4925     190000         52     4    1200000    6925000  190000000  190000000
  10       53     5813   189987    135488383558    135488573545        84713223     183980       4925     190000         50     4    1200000    6925000  190000000  190000000
  10       53     5811   190010    135488573555    135488763565        84903220     184014       4925     190000         69     4    1200000    6925000  190000000  190000000
  10       53     5814   189962    135488763576    135488953538        85093241     183948       4925     190000         43     4    1200000    6925000  190000000  190000000
  10       53     4983   189994    135488953547    135489143540        85283212     184844       4925     190000         45     4    1400000    6925000  190000000  190000000
  10       53     4990   189993    135489143549    135489333542        85473215     184789       4925     190000         48     4    1400000    6925000  190000000  190000000
  10       53     4981   189987    135489333551    135489523538        85663217     184856       4925     190000         43     4    1400000    6925000  190000000  190000000
  10       53     4985   189995    135489523547    135489713541        85853212     184808       4925     190000         46     4    1400000    6925000  190000000  190000000
  10       53     4979   190001    135489713550    135489903551        86043216     184875       4925     190000         55     4    1400000    6925000  190000000  190000000
  10       53     4985   190032    135489903560    135490093592        86233225     184804       4925     190000         97     4    1400000    6925000  190000000  190000000
  10       53     6584   189948    135490093605    135490283553        86423270     183136       4925     190000         58     6    1000000    6925000  190000000  190000000
  10       53     6344   189987    135490283564    135490473550        86613229     183414       4925     190000         55     6    1100000    6925000  190000000  190000000
  10       53     5810   189983    135490473561    135490663544        86803226     184004       4925     190000         48     6    1200000    6925000  190000000  190000000
  10       53     5816   189975    135490663554    135490853529        86993220     183965       4925     190000         35     6    1200000    6925000  190000000  190000000
  10       53     5811   190018    135490853539    135491043556        87183204     184025       4925     190000         62     6    1200000    6925000  190000000  190000000
  10       53     5368   189970    135491043566    135491233536        87373231     184408       4925     190000         42     5    1300000    6925000  190000000  190000000
  10       53     5363   190005    135491233545    135491423549        87563210     184484       4925     190000         55     5    1300000    6925000  190000000  190000000
  10       53     5370   189982    135491423559    135491613540        87753224     184396       4925     190000         46     5    1300000    6925000  190000000  190000000
  10       53     5363   190023    135491613550    135491803573        87943215     184480       4925     190000         79     5    1300000    6925000  190000000  190000000
  10       53     5367   189958    135491803582    135491993540        88133248     184384       4925     190000         45     4    1300000    6925000  190000000  190000000
  10       53     5811   189998    135491993550    135492183548        88323216     184015       4925     190000         52     4    1200000    6925000  190000000  190000000
  10       53     5813   189974    135492183559    135492373533        88513224     183968       4925     190000         39     4    1200000    6925000  190000000  190000000
  10       53     5367   189967    135492373575    135492563541        88703240     184423       4925     190000         47     4    1300000    6925000  190000000  190000000
  10       53     5366   189992    135492563551    135492753542        88893216     184430       4925     190000         46     4    1300000    6925000  190000000  190000000
  10       53     5363   190005    135492753552    135492943557        89083218     184481       4925     190000         62     4    1300000    6925000  190000000  190000000
  10       53     5368   190002    135492943566    135493133568        89273232     184402       4925     190000         74     4    1300000    6925000  190000000  190000000
  10       53     5169   189972    135493133579    135493323551        89463244     184637       4925     190000         55     7    1300000    6925000  190000000  190000000
  10       53     4983   189975    135493323560    135493513536        89653226     184798       4925     190000         41     4    1400000    6925000  190000000  190000000
  10       53     4980   190013    135493513545    135493703558        89843210     184856       4925     190000         62     4    1400000    6925000  190000000  190000000
  10       53     4984   189970    135493703566    135493893537        90033232     184785       4925     190000         42     4    1400000    6925000  190000000  190000000
  10       53     4980   190019    135493893545    135494083564        90223211     184874       4925     190000         69     4    1400000    6925000  190000000  190000000
  10       53     4985   189968    135494083573    135494273541        90413239     184790       4925     190000         46     4    1400000    6925000  190000000  190000000
  10       53     6975   189999    135494273553    135494463552        90603219     182806       4925     190000         57     4    1000000    6925000  190000000  190000000
  10       53     6973   189981    135494463564    135494653546        90793230     182800       4925     190000         51     4    1000000    6925000  190000000  190000000
  10       53     5810   189999    135494653556    135494843555        90983222     184013       4925     190000         61     4    1200000    6925000  190000000  190000000
  10       53     5368   189974    135494843564    135495033538        91173230     184407       4925     190000         43     4    1300000    6925000  190000000  190000000
  10       53     5363   190022    135495033548    135495223570        91363213     184475       4925     190000         74     4    1300000    6925000  190000000  190000000
  10       53     5368   189961    135495223579    135495413540        91553245     184391       4925     190000         45     4    1300000    6925000  190000000  190000000
  10       53     5363   190001    135495413550    135495603551        91743216     184482       4925     190000         56     4    1300000    6925000  190000000  190000000
  10       53     5367   189981    135495603561    135495793542        91933226     184427       4925     190000         46     4    1300000    6925000  190000000  190000000
  10       53     5809   189999    135495793552    135495983551        92123217     184019       4925     190000         57     4    1200000    6925000  190000000  190000000
  10       53     5815   189979    135495983562    135496173541        92313227     183965       4925     190000         45     4    1200000    6925000  190000000  190000000
  10       53     5811   189980    135496173551    135496363530        92503216     184006       4925     190000         36     4    1200000    6925000  190000000  190000000
  10       53     5815   190006    135496363541    135496553546        92693206     183985       4925     190000         52     4    1200000    6925000  190000000  190000000
