#idx     perf      run   period           start             end          rel_st      slack c_duration   c_period     wu_lat   cpu       freq dl_runtime  dl_period dl_deadline
   6      149    13919   572004    115337108905    115337680910         1175058     557848      13771     580000         49     6    1400000   15771000  580000000  580000000
   6      149    13917   579991    115337680919    115338260909         1747071     565851      13771     580000         49     6    1400000   15771000  580000000  580000000
   6      149    13917   579985    115338260918    115338840903         2327071     565847      13771     580000         41     6    1400000   15771000  580000000  580000000
   6      149    13915   579983    115338840912    115339420895         2907064     565848      13771     580000         34     6    1400000   15771000  580000000  580000000
   6      149    13915   579991    115339420904    115340000895         3487056     565870      13771     580000         34     6    1400000   15771000  580000000  580000000
   6      149    13915   580017    115340000904    115340580921         4067056     565887      13771     580000         59     4    1400000   15771000  580000000  580000000
   6      149    13919   579983    115340580930    115341160913         4647082     565818      13771     580000         52     5    1400000   15771000  580000000  580000000
   6      149    13916   579988    115341160922    115341740910         5227074     565844      13771     580000         49     5    1400000   15771000  580000000  580000000
   6      149    13914   579984    115341740919    115342320903         5807071     565874      13771     580000         42     5    1400000   15771000  580000000  580000000
   6      149    13914   579990    115342320911    115342900902         6387064     565880      13771     580000         41     5    1400000   15771000  580000000  580000000
   6      149    13914   580009    115342900911    115343480920         6967063     565884      13771     580000         59     4    1400000   15771000  580000000  580000000
   6      149    13916   579986    115343480929    115344060915         7547081     565832      13771     580000         54     7    1400000   15771000  580000000  580000000
   6      149    13914   579976    115344060924    115344640900         8127077     565843      13771     580000         40     7    1400000   15771000  580000000  580000000
   6      149    13914   580026    115344640909    115345220935         8707062     565876      13771     580000         75     7    1400000   15771000  580000000  580000000
   6      149    13916   579975    115345220945    115345800920         9287097     565828      13771     580000         59     4    1400000   15771000  580000000  580000000
   6      149    13916   579993    115345800929    115346380922         9867081     565824      13771     580000         61     4    1400000   15771000  580000000  580000000
   6      149    13914   579971    115346380931    115346960903        10447084     565851      13771     580000         42     4    1400000   15771000  580000000  580000000
   6      149    13914   580030    115346960911    115347540941        11027064     565876      13771     580000         81     4    1400000   15771000  580000000  580000000
   6      149    13931   579964    115347540951    115348120914        11607103     565770      13771     580000         53     5    1400000   15771000  580000000  580000000
   6      149    13914   579978    115348120924    115348700902        12187076     565835      13771     580000         41     4    1400000   15771000  580000000  580000000
   6      149    13916   579995    115348700911    115349280906        12767063     565856      13771     580000         46     4    1400000   15771000  580000000  580000000
   6      149    13915   579998    115349280915    115349860913        13347067     565855      13771     580000         53     5    1400000   15771000  580000000  580000000
   6      149    13918   579982    115349860922    115350440904        13927075     565841      13771     580000         44     5    1400000   15771000  580000000  580000000
   6      149    13914   579961    115350440949    115351020910        14507102     565843      13771     580000         47     5    1400000   15771000  580000000  580000000
   6      149    13916   579983    115351020919    115351600902        15087071     565843      13771     580000         40     5    1400000   15771000  580000000  580000000
   6      149    13914   579998    115351600911    115352180909        15667063     565874      13771     580000         48     5    1400000   15771000  580000000  580000000
   6      149    13914   579979    115352180918    115352760897        16247070     565879      13771     580000         36     5    1400000   15771000  580000000  580000000
   6      149    13917   579996    115352760906    115353340902        16827058     565847      13771     580000         41     5    1400000   15771000  580000000  580000000
   6      149    13917   579991    115353340911    115353920902        17407063     565846      13771     580000         41     4    1400000   15771000  580000000  580000000
   6      149    13914   580043    115353920911    115354500954        17987063     565888      13771     580000         93     4    1400000   15771000  580000000  580000000
   6      149    13915   579943    115354500963    115355080906        18567115     565794      13771     580000         45     5    1400000   15771000  580000000  580000000
   6      149    13914   579999    115355080914    115355660914        19147067     565878      13771     580000         53     5    1400000   15771000  580000000  580000000
   6      149    13917   579986    115355660923    115356240909        19727075     565835      13771     580000         48     5    1400000   15771000  580000000  580000000
   6      149    13916   579983    115356240918    115356820901        20307070     565842      13771     580000         41     5    1400000   15771000  580000000  580000000
   6      149    13914   579998    115356820910    115357400908        20887062     565875      13771     580000         47     5    1400000   15771000  580000000  580000000
   6      149    13917   579992    115357400917    115357980910        21467069     565851      13771     580000         48     5    1400000   15771000  580000000  580000000
   6      149    13916   579991    115357980919    115358560910        22047071     565852      13771     580000         49     5    1400000   15771000  580000000  580000000
   6      149    13917   579998    115358560919    115359140917        22627071     565853      13771     580000         56     4    1400000   15771000  580000000  580000000
   6      149    13917   579969    115359140926    115359720895        23207078     565828      13771     580000         34     4    1400000   15771000  580000000  580000000
   6      149    13913   579998    115359720904    115360300902        23787056     565900      13771     580000         42     5    1400000   15771000  580000000  580000000
   6      149    13914   579997    115360300911    115360880908        24367063     565883      13771     580000         47     5    1400000   15771000  580000000  580000000
   6      149    13915   580017    115360880917    115361460933        24947069     565861      13771     580000         72     5    1400000   15771000  580000000  580000000
   6      149    13917   579965    115361460942    115362040907        25527095     565795      13771     580000         44     5    1400000   15771000  580000000  580000000
   6      149    13914   579981    115362040917    115362620898        26107070     565859      13771     580000         37     5    1400000   15771000  580000000  580000000
   6      149    13915   580031    115362620907    115363200938        26687059     565865      13771     580000         77     5    1400000   15771000  580000000  580000000
   6      149    13914   579959    115363200947    115363780906        27267100     565836      13771     580000         46     4    1400000   15771000  580000000  580000000
   6      149    13914   579986    115363780916    115364360901        27847068     565882      13771     580000         41     4    1400000   15771000  580000000  580000000
   6      149    13918   579997    115364360944    115364940940        28427096     565801      13771     580000         80     4    1400000   15771000  580000000  580000000
   6      149    13913   579974    115364940950    115365520923        29007102     565805      13771     580000         62     6    1400000   15771000  580000000  580000000
   6      149    13917   579968    115365520933    115366100901        29587085     565793      13771     580000         40     6    1400000   15771000  580000000  580000000
   6      149    13919   579995    115366100910    115366680905        30167062     565820      13771     580000         44     6    1400000   15771000  580000000  580000000
   6      149    13930   579989    115366680914    115367260903        30747066     565775      13771     580000         42     6    1400000   15771000  580000000  580000000
   6      149    13914   580005    115367260912    115367840917        31327064     565887      13771     580000         56     4    1400000   15771000  580000000  580000000
   6      149    13918   580004    115367840926    115368420929        31907078     565834      13771     580000         69     4    1400000   15771000  580000000  580000000
   6      149    13915   579982    115368420938    115369000921        32487091     565815      13771     580000         60     5    1400000   15771000  580000000  580000000
   6      149    13916   579980    115369000930    115369580909        33067082     565839      13771     580000         47     4    1400000   15771000  580000000  580000000
   6      149    13917   580002    115369580920    115370160921        33647072     565830      13771     580000         60     4    1400000   15771000  580000000  580000000
   6      149    13916   579979    115370160930    115370740910        34227083     565852      13771     580000         49     4    1400000   15771000  580000000  580000000
   6      149    13914   579984    115370740919    115371320903        34807071     565873      13771     580000         42     4    1400000   15771000  580000000  580000000
   6      149    13914   580034    115371320911    115371900945        35387063     565892      13771     580000         85     4    1400000   15771000  580000000  580000000
   6      149    13916   579947    115371900955    115372480902        35967107     565807      13771     580000         41     7    1400000   15771000  580000000  580000000
   6      149    13913   579999    115372480910    115373060909        36547063     565888      13771     580000         49     7    1400000   15771000  580000000  580000000
   6      149    13914   580026    115373060919    115373640944        37127071     565870      13771     580000         83     7    1400000   15771000  580000000  580000000
   6      149    13914   579952    115373640953    115374220906        37707106     565824      13771     580000         44     4    1400000   15771000  580000000  580000000
   6      149    13914   579976    115374220915    115374800891        38287067     565856      13771     580000         31     4    1400000   15771000  580000000  580000000
   6      149    13914   579999    115374800900    115375380899        38867053     565904      13771     580000         38     4    1400000   15771000  580000000  580000000
   6      149    13916   579995    115375380908    115375960903        39447060     565855      13771     580000         43     7    1400000   15771000  580000000  580000000
   6      149    13914   579990    115375960912    115376540903        40027065     565882      13771     580000         42     7    1400000   15771000  580000000  580000000
   6      149    13913   579997    115376540912    115377120908        40607064     565887      13771     580000         48     7    1400000   15771000  580000000  580000000
   6      149    13916   579999    115377120917    115377700916        41187069     565853      13771     580000         55     4    1400000   15771000  580000000  580000000
   6      149    13914   579951    115377700959    115378280909        41767111     565814      13771     580000         49     4    1400000   15771000  580000000  580000000
   6      149    13916   580020    115378280919    115378860939        42347071     565865      13771     580000         78     4    1400000   15771000  580000000  580000000
   6      149    13915   579957    115378860948    115379440904        42927100     565821      13771     580000         44     6    1400000   15771000  580000000  580000000
   6      149    13927   579989    115379440914    115380020903        43507066     565821      13771     580000         42     6    1400000   15771000  580000000  580000000
   6      149    13915   580004    115380020912    115380600916        44087064     565868      13771     580000         54     4    1400000   15771000  580000000  580000000
   6      149    13918   579991    115380600925    115381180917        44667078     565836      13771     580000         56     4    1400000   15771000  580000000  580000000
   6      149    13916   579995    115381180926    115381760921        45247078     565848      13771     580000         59     4    1400000   15771000  580000000  580000000
   6      149    13915   579989    115381760930    115382340918        45827082     565811      13771     580000         58     4    1400000   15771000  580000000  580000000
   6      149    13913   579973    115382340927    115382920901        46407079     565858      13771     580000         40     5    1400000   15771000  580000000  580000000
   6      149    13913   580003    115382920909    115383500913        46987062     565898      13771     580000         52     5    1400000   15771000  580000000  580000000
   6      149    13916   579979    115383500922    115384080901        47567074     565840      13771     580000         40     5    1400000   15771000  580000000  580000000
   6      149    13916   579994    115384080910    115384660903        48147062     565872      13771     580000         43     5    1400000   15771000  580000000  580000000
   6      149    13914   579992    115384660912    115385240905        48727064     565876      13771     580000         44     5    1400000   15771000  580000000  580000000
   6      149    13913   580005    115385240913    115385820918        49307065     565886      13771     580000         56     5    1400000   15771000  580000000  580000000
   6      149    13916   579986    115385820927    115386400913        49887079     565838      13771     580000         52     5    1400000   15771000  580000000  580000000
   6      149    13916   579980    115386400922    115386980903        50467074     565837      13771     580000         42     5    1400000   15771000  580000000  580000000
   6      149    13914   579994    115386980911    115387560905        51047064     565875      13771     580000         45     5    1400000   15771000  580000000  580000000
   6      149    13928   579992    115387560914    115388140906        51627066     565815      13771     580000         45     5    1400000   15771000  580000000  580000000
   6      149    13920   580006    115388140916    115388720922        52207068     565840      13771     580000         61     4    1400000   15771000  580000000  580000000
   6      149    13915   580017    115388720931    115389300948        52787083     565845      13771     580000         87     4    1400000   15771000  580000000  580000000
   6      149    13915   579971    115389300957    115389880929        53367110     565804      13771     580000         68     7    1400000   15771000  580000000  580000000
   6      149    13915   579964    115389880938    115390460902        53947090     565824      13771     580000         41     4    1400000   15771000  580000000  580000000
   6      149    13915   579991    115390460911    115391040903        54527064     565872      13771     580000         42     4    1400000   15771000  580000000  580000000
   6      149    13916   579991    115391040912    115391620903        55107064     565870      13771     580000         42     4    1400000   15771000  580000000  580000000
   6      149    13916   579975    115391620945    115392200920        55687098     565825      13771     580000         59     4    1400000   15771000  580000000  580000000
   6      149    13915   580003    115392200929    115392780933        56267082     565843      13771     580000         72     4    1400000   15771000  580000000  580000000
   6      149    13916   579969    115392780942    115393360911        56847094     565826      13771     580000         50     6    1400000   15771000  580000000  580000000
   6      149    13914   580011    115393360919    115393940930        57427072     565865      13771     580000         70     6    1400000   15771000  580000000  580000000
   6      149    13919   579990    115393940940    115394520930        58007092     565767      13771     580000         69     6    1400000   15771000  580000000  580000000
   6      149    13916   579961    115394520939    115395100900        58587091     565824      13771     580000         40     4    1400000   15771000  580000000  580000000
   6      149    13914   580009    115395100909    115395680918        59167061     565887      13771     580000         57     4    1400000   15771000  580000000  580000000
   6      149    13919   580012    115395680927    115396260938        59747079     565830      13771     580000         78     4    1400000   15771000  580000000  580000000
   6      149    13914   579956    115396260947    115396840904        60327100     565835      13771     580000         43     5    1400000   15771000  580000000  580000000
   6      149    13914   579988    115396840913    115397420901        60907065     565871      13771     580000         40     5    1400000   15771000  580000000  580000000
   6      149    13916   580005    115397420909    115398000915        61487062     565861      13771     580000         54     5    1400000   15771000  580000000  580000000
   6      149    13916   579994    115398000923    115398580917        62067076     565831      13771     580000         56     5    1400000   15771000  580000000  580000000
   6      149    13918   579966    115398580926    115399160892        62647079     565836      13771     580000         31     4    1400000   15771000  580000000  580000000
   6      149    13914   580025    115399160901    115399740926        63227053     565881      13771     580000         65     4    1400000   15771000  580000000  580000000
   6      149    13918   579970    115399740935    115400320905        63807087     565814      13771     580000         44     6    1400000   15771000  580000000  580000000
   6      149    13916   580003    115400320914    115400900917        64387066     565872      13771     580000         56     4    1400000   15771000  580000000  580000000
   6      149    13919   579980    115400900926    115401480906        64967078     565821      13771     580000         45     4    1400000   15771000  580000000  580000000
   6      149    13914   580009    115401480915    115402060923        65547067     565882      13771     580000         63     4    1400000   15771000  580000000  580000000
   6      149    13918   579970    115402060933    115402640903        66127085     565820      13771     580000         42     4    1400000   15771000  580000000  580000000
   6      149    13914   580023    115402640912    115403220935        66707064     565872      13771     580000         74     4    1400000   15771000  580000000  580000000
   6      149    13916   579964    115403220944    115403800908        67287096     565798      13771     580000         47     6    1400000   15771000  580000000  580000000
   6      149    13917   579977    115403800917    115404380894        67867069     565829      13771     580000         33     6    1400000   15771000  580000000  580000000
   6      149    13916   580008    115404380903    115404960911        68447055     565838      13771     580000         50     6    1400000   15771000  580000000  580000000
   6      149    13928   579943    115404960957    115405540900        69027109     565746      13771     580000         40     6    1400000   15771000  580000000  580000000
   6      149    13914   580027    115405540909    115406120936        69607061     565891      13771     580000         75     7    1400000   15771000  580000000  580000000
   6      149    13915   580005    115406120945    115406700950        70187098     565830      13771     580000         90     4    1400000   15771000  580000000  580000000
   6      149    13916   579957    115406700960    115407280917        70767112     565797      13771     580000         56     7    1400000   15771000  580000000  580000000
   6      149    13914   579976    115407280926    115407860901        71347078     565849      13771     580000         41     7    1400000   15771000  580000000  580000000
   6      149    13914   579997    115407860910    115408440907        71927063     565883      13771     580000         47     7    1400000   15771000  580000000  580000000
   6      149    13915   579987    115408440916    115409020902        72507068     565865      13771     580000         42     7    1400000   15771000  580000000  580000000
   6      149    13914   579989    115409020911    115409600901        73087064     565881      13771     580000         40     7    1400000   15771000  580000000  580000000
   6      149    13916   580007    115409600910    115410180917        73667062     565858      13771     580000         56     7    1400000   15771000  580000000  580000000
   6      149    13917   579968    115410180928    115410760896        74247080     565813      13771     580000         35     5    1400000   15771000  580000000  580000000
   6      149    13915   580025    115410760905    115411340930        74827057     565877      13771     580000         69     5    1400000   15771000  580000000  580000000
   6      149    13927   579964    115411340939    115411920903        75407091     565768      13771     580000         43     6    1400000   15771000  580000000  580000000
   6      149    13915   579990    115411920913    115412500902        75987065     565855      13771     580000         42     7    1400000   15771000  580000000  580000000
   6      149    13914   579991    115412500911    115413080902        76567063     565867      13771     580000         42     7    1400000   15771000  580000000  580000000
   6      149    13914   580000    115413080911    115413660912        77147064     565880      13771     580000         49     7    1400000   15771000  580000000  580000000
   6      149    13917   580026    115413660921    115414240948        77727073     565838      13771     580000         87     7    1400000   15771000  580000000  580000000
   6      149    13917   579947    115414240957    115414820903        78307109     565807      13771     580000         43     4    1400000   15771000  580000000  580000000
   6      149    13918   579997    115414820912    115415400909        78887065     565847      13771     580000         47     4    1400000   15771000  580000000  580000000
   6      149    13915   579982    115415400920    115415980902        79467072     565847      13771     580000         42     4    1400000   15771000  580000000  580000000
   6      149    13915   579998    115415980911    115416560909        80047063     565869      13771     580000         48     4    1400000   15771000  580000000  580000000
   6      149    13913   580019    115416560918    115417140937        80627070     565882      13771     580000         76     4    1400000   15771000  580000000  580000000
   6      149    13916   579958    115417140946    115417720904        81207098     565821      13771     580000         44     5    1400000   15771000  580000000  580000000
   6      149    13915   580000    115417720913    115418300913        81787066     565873      13771     580000         52     5    1400000   15771000  580000000  580000000
   6      149    13915   579981    115418300922    115418880903        82367074     565858      13771     580000         43     5    1400000   15771000  580000000  580000000
   6      149    13914   579964    115418880945    115419460909        82947098     565839      13771     580000         49     5    1400000   15771000  580000000  580000000
   6      149    13914   579997    115419460918    115420040915        83527071     565863      13771     580000         54     4    1400000   15771000  580000000  580000000
   6      149    13914   580011    115420040924    115420620936        84107077     565851      13771     580000         75     4    1400000   15771000  580000000  580000000
   6      149    13916   579962    115420620945    115421200907        84687097     565805      13771     580000         47     6    1400000   15771000  580000000  580000000
   6      149    13916   579988    115421200916    115421780904        85267068     565846      13771     580000         44     6    1400000   15771000  580000000  580000000
   6      149    13915   580016    115421780913    115422360930        85847066     565861      13771     580000         69     6    1400000   15771000  580000000  580000000
   6      149    13916   579963    115422360939    115422940902        86427091     565830      13771     580000         41     4    1400000   15771000  580000000  580000000
   6      149    13915   579992    115422940911    115423520902        87007063     565880      13771     580000         42     4    1400000   15771000  580000000  580000000
   6      149    13914   580020    115423520911    115424100931        87587064     565880      13771     580000         70     4    1400000   15771000  580000000  580000000
   6      149    13918   579962    115424100940    115424680902        88167092     565814      13771     580000         40     5    1400000   15771000  580000000  580000000
   6      149    13928   579998    115424680912    115425260910        88747065     565819      13771     580000         50     5    1400000   15771000  580000000  580000000
   6      149    13914   579984    115425260919    115425840903        89327072     565854      13771     580000         43     6    1400000   15771000  580000000  580000000
   6      149    13916   580016    115425840912    115426420928        89907064     565855      13771     580000         68     6    1400000   15771000  580000000  580000000
