#idx     perf      run   period           start             end          rel_st      slack c_duration   c_period     wu_lat   cpu       freq dl_runtime  dl_period dl_deadline
   0       77     7251   262831    129988272477    129988535307         3847875     204178       7175     290000      51309     4    1400000    9175000  290000000  290000000
   0       77     7253   238712    129988535316    129988774029         4110715     231310       7175     290000         30     4    1400000    9175000  290000000  290000000
   0       77     7253   290011    129988774038    129989064048         4349436     282581       7175     290000         49     4    1400000    9175000  290000000  290000000
   0       77     7251   289971    129989064057    129989354028         4639456     282591       7175     290000         30     4    1400000    9175000  290000000  290000000
   0       77     7253   290013    129989354037    129989644050         4929436     282584       7175     290000         50     4    1400000    9175000  290000000  290000000
   0       77     7251   289972    129989644059    129989934031         5219457     282592       7175     290000         32     4    1400000    9175000  290000000  290000000
   0       77     7256   299763    129989934040    129990233803         5509438     282564       7175     290000       9804     4    1400000    9175000  290000000  290000000
   0       77     7812   288029    129990233812    129990521841         5809210     272233       7175     290000       7842     4    1300000    9175000  290000000  290000000
   0       77     7253   308837    129990521850    129990830687         6097248     274775       7175     290000      26689     4    1400000    9175000  290000000  290000000
   0       77     7271   291077    129990830695    129991121773         6406094     233770       7175     290000      27774     4    1400000    9175000  290000000  290000000
   0       77     7252   262262    129991121781    129991384043         6697180     254848       7175     290000         44     4    1400000    9175000  290000000  290000000
   0       77     7252   289987    129991384052    129991674039         6959451     282589       7175     290000         41     4    1400000    9175000  290000000  290000000
   0       77     7255   290006    129991674048    129991964054         7249447     282565       7175     290000         56     4    1400000    9175000  290000000  290000000
   0       77     7251   296505    129991964063    129992260568         7539461     282594       7175     290000       6570     4    1400000    9175000  290000000  290000000
   0       77     7250   283474    129992260577    129992544051         7835975     276074       7175     290000         52     4    1400000    9175000  290000000  290000000
   0       77     7251   315297    129992544059    129992859356         8119458     282578       7175     290000      25358     4    1400000    9175000  290000000  290000000
   0       77     7253   264674    129992859365    129993124039         8434763     257256       7175     290000         41     4    1400000    9175000  290000000  290000000
   0       77     7251   306594    129993124048    129993430641         8699446     282607       7175     290000      16643     4    1400000    9175000  290000000  290000000
   0       77     7253   313236    129993430650    129993743886         9006048     265980       7175     290000      39888     4    1400000    9175000  290000000  290000000
   0       77     7253   286751    129993743895    129994030645         9319293     242727       7175     290000      36647     4    1400000    9175000  290000000  290000000
   0       77     7253   253397    129994030654    129994284052         9606053     245973       7175     290000         53     4    1400000    9175000  290000000  290000000
   0       77     7256   348729    129994284061    129994632790         9859459     282558       7175     290000      58792     4    1400000    9175000  290000000  290000000
   0       77     7253   231263    129994632798    129994864062        10208197     223825       7175     290000         61     4    1400000    9175000  290000000  290000000
   0       77     7253   289919    129994864110    129995154029        10439509     282531       7175     290000         31     4    1400000    9175000  290000000  290000000
   0       77     7255   290007    129995154037    129995444044        10729436     282571       7175     290000         45     4    1400000    9175000  290000000  290000000
   0       77     7808   293629    129995444054    129995737684        11019453     282042       7175     290000       3686     4    1300000    9175000  290000000  290000000
   0       77     7253   309491    129995737692    129996047183        11313091     278936       7175     290000      23185     4    1400000    9175000  290000000  290000000
   0       77     7253   313325    129996047191    129996360516        11622590     259439       7175     290000      46518     4    1400000    9175000  290000000  290000000
   0       77     7251   270142    129996360524    129996630667        11935923     236126       7175     290000      26669     4    1400000    9175000  290000000  290000000
   0       77     7253   291109    129996630675    129996921784        12206074     255953       7175     290000      27786     4    1400000    9175000  290000000  290000000
   0       77     7253   262249    129996921793    129997184042        12497191     254830       7175     290000         44     4    1400000    9175000  290000000  290000000
   0       77     7254   296384    129997184051    129997480435        12759449     282574       7175     290000       6437     4    1400000    9175000  290000000  290000000
   0       77     7253   283596    129997480444    129997764040        13055842     276207       7175     290000         41     4    1400000    9175000  290000000  290000000
   0       77     7251   289994    129997764049    129998054043        13339447     282604       7175     290000         44     4    1400000    9175000  290000000  290000000
   0       77     7253   289991    129998054051    129998344042        13629450     282574       7175     290000         44     4    1400000    9175000  290000000  290000000
   0       77     7251   289989    129998344051    129998634040        13919449     282604       7175     290000         41     4    1400000    9175000  290000000  290000000
   0       77     7469   289993    129998634049    129998924042        14209448     282118       7175     290000         44     4    1300000    9175000  290000000  290000000
   0       77     7251   328776    129998924052    129999252828        14499451     282601       7175     290000      38830     4    1400000    9175000  290000000  290000000
   0       77     7253   268934    129999252837    129999521771        14828235     243792       7175     290000      17773     4    1400000    9175000  290000000  290000000
   0       77     7253   327815    129999521780    129999849595        15097178     264843       7175     290000      55597     4    1400000    9175000  290000000  290000000
   0       77     7275   290893    129999849605    130000140498        15425003     202011       7175     290000      56499     4    1400000    9175000  290000000  290000000
   0       77     7250   233534    130000140506    130000374041        15715905     226147       7175     290000         42     4    1400000    9175000  290000000  290000000
   0       77     7253   290001    130000374049    130000664050        15949448     282563       7175     290000         51     4    1400000    9175000  290000000  290000000
   0       77     7250   312140    130000664059    130000976199        16239457     282599       7175     290000      22200     4    1400000    9175000  290000000  290000000
   0       77     7250   267846    130000976207    130001244054        16551606     260449       7175     290000         55     4    1400000    9175000  290000000  290000000
   0       77     7251   289967    130001244063    130001534029        16819461     282578       7175     290000         31     4    1400000    9175000  290000000  290000000
   0       77     7253   299410    130001534038    130001833448        17109437     282588       7175     290000       9450     4    1400000    9175000  290000000  290000000
   0       77     7299   288302    130001833506    130002121809        17408905     250490       7175     290000       7811     4    1300000    9175000  290000000  290000000
   0       77     7253   308821    130002121817    130002430639        17697216     274810       7175     290000      26640     4    1400000    9175000  290000000  290000000
   0       77     7255   313231    130002430647    130002743878        18006046     255960       7175     290000      49880     4    1400000    9175000  290000000  290000000
   0       77     7254   240158    130002743886    130002984044        18319285     232711       7175     290000         46     4    1400000    9175000  290000000  290000000
   0       77     7253   289991    130002984053    130003274044        18559451     282579       7175     290000         45     4    1400000    9175000  290000000  290000000
   0       77     7254   289992    130003274053    130003564044        18849451     282570       7175     290000         46     4    1400000    9175000  290000000  290000000
   0       77     7253   306449    130003564053    130003870502        19139452     282586       7175     290000      16504     4    1400000    9175000  290000000  290000000
   0       77     7252   273532    130003870511    130004144043        19445909     266121       7175     290000         45     4    1400000    9175000  290000000  290000000
   0       77     7252   303102    130004144052    130004447154        19719451     282598       7175     290000      13156     4    1400000    9175000  290000000  290000000
   0       77     7252   296751    130004447163    130004743913        20022561     269472       7175     290000      19915     4    1400000    9175000  290000000  290000000
   0       77     7253   288780    130004743922    130005032702        20319320     262695       7175     290000      18704     4    1400000    9175000  290000000  290000000
   0       77     7253   289099    130005032711    130005321810        20608109     263920       7175     290000      17812     4    1400000    9175000  290000000  290000000
   0       77     7253   311037    130005321818    130005632855        20897217     264800       7175     290000      38857     4    1400000    9175000  290000000  290000000
   0       77     7253   251183    130005632864    130005884046        21208262     243766       7175     290000         47     4    1400000    9175000  290000000  290000000
   0       77     7253   289978    130005884057    130006174035        21459456     282572       7175     290000         36     4    1400000    9175000  290000000  290000000
   0       77     7257   306499    130006174044    130006480543        21749443     282551       7175     290000      16544     4    1400000    9175000  290000000  290000000
   0       77     7251   273480    130006480552    130006754031        22055950     266103       7175     290000         33     4    1400000    9175000  290000000  290000000
   0       77     7254   290008    130006754040    130007044048        22329438     282573       7175     290000         50     4    1400000    9175000  290000000  290000000
   0       77     7251   312132    130007044058    130007356190        22619456     282590       7175     290000      22192     4    1400000    9175000  290000000  290000000
   0       77     7252   274474    130007356198    130007630672        22931597     260440       7175     290000       6674     4    1400000    9175000  290000000  290000000
   0       77     7270   307561    130007630681    130007938242        23206079     259444       7175     290000      24244     4    1400000    9175000  290000000  290000000
   0       77     7253   316444    130007938250    130008254694        23513649     258382       7175     290000      50696     4    1400000    9175000  290000000  290000000
   0       77     7253   267040    130008254703    130008521743        23830101     231925       7175     290000      27745     4    1400000    9175000  290000000  290000000
   0       77     7253   262262    130008521783    130008784044        24097181     254834       7175     290000         46     4    1400000    9175000  290000000  290000000
   0       77     7253   289975    130008784053    130009074028        24359452     282576       7175     290000         30     4    1400000    9175000  290000000  290000000
   0       77     7255   290013    130009074037    130009364050        24649435     282574       7175     290000         49     4    1400000    9175000  290000000  290000000
   0       77     7251   289971    130009364059    130009654030        24939458     282590       7175     290000         32     4    1400000    9175000  290000000  290000000
   0       77     7253   290013    130009654039    130009944052        25229437     282579       7175     290000         53     4    1400000    9175000  290000000  290000000
   0       77     7251   308771    130009944061    130010252832        25519460     282585       7175     290000      18834     4    1400000    9175000  290000000  290000000
   0       77     7254   271197    130010252841    130010524038        25828239     263764       7175     290000         40     4    1400000    9175000  290000000  290000000
   0       77     7251   306656    130010524047    130010830703        26099446     282607       7175     290000      16705     4    1400000    9175000  290000000  290000000
   0       77     7252   293198    130010830712    130011123909        26406110     265919       7175     290000      19911     4    1400000    9175000  290000000  290000000
   0       77     7253   306737    130011123918    130011430655        26699316     262710       7175     290000      36657     4    1400000    9175000  290000000  290000000
   0       77     7253   297649    130011430663    130011728313        27006062     245965       7175     290000      44315     4    1400000    9175000  290000000  290000000
   0       77     7267   264397    130011728322    130011992719        27303720     216164       7175     290000      18721     4    1400000    9175000  290000000  290000000
   0       77     7277   271312    130011992728    130012264039        27568126     227272       7175     290000         41     4    1400000    9175000  290000000  290000000
   0       77     7251   289992    130012264048    130012554040        27839447     282607       7175     290000         42     4    1400000    9175000  290000000  290000000
   0       77     7255   306515    130012554049    130012860564        28129447     282556       7175     290000      16566     4    1400000    9175000  290000000  290000000
   0       77     7250   273458    130012860573    130013134030        28435971     266083       7175     290000         32     4    1400000    9175000  290000000  290000000
   0       77     7253   299238    130013134039    130013433277        28709438     282578       7175     290000       9279     4    1400000    9175000  290000000  290000000
   0       77     7253   310642    130013433286    130013743928        29008685     273343       7175     290000      29930     4    1400000    9175000  290000000  290000000
   0       77     7253   286764    130013743936    130014030700        29319335     252689       7175     290000      26702     4    1400000    9175000  290000000  290000000
   0       77     7254   291082    130014030709    130014321791        29606107     255895       7175     290000      27793     4    1400000    9175000  290000000  290000000
   0       77     7255   262242    130014321800    130014584042        29897199     254810       7175     290000         44     4    1400000    9175000  290000000  290000000
   0       77     7254   289978    130014584051    130014874029        30159450     282572       7175     290000         31     4    1400000    9175000  290000000  290000000
   0       77     7253   289998    130014874037    130015164035        30449436     282591       7175     290000         37     4    1400000    9175000  290000000  290000000
   0       77     7254   289986    130015164044    130015454029        30739442     282579       7175     290000         31     4    1400000    9175000  290000000  290000000
   0       77     7255   306471    130015454076    130015760546        31029474     282529       7175     290000      16548     4    1400000    9175000  290000000  290000000
   0       77     7250   286562    130015760555    130016047117        31335954     266103       7175     290000      13119     4    1400000    9175000  290000000  290000000
   0       77     7253   276918    130016047125    130016324043        31622524     269505       7175     290000         45     4    1400000    9175000  290000000  290000000
   0       77     7251   310773    130016324052    130016634825        31899450     282601       7175     290000      20827     4    1400000    9175000  290000000  290000000
   0       77     7252   286936    130016634833    130016921769        32210232     261796       7175     290000      17771     4    1400000    9175000  290000000  290000000
   0       77     7253   308847    130016921778    130017230625        32497176     264851       7175     290000      36627     4    1400000    9175000  290000000  290000000
   0       77     7269   253416    130017230633    130017484049        32806032     223857       7175     290000         50     4    1400000    9175000  290000000  290000000
   0       77     7252   289985    130017484058    130017774043        33059456     282579       7175     290000         44     4    1400000    9175000  290000000  290000000
   0       77     7256   290002    130017774051    130018064054        33349450     282558       7175     290000         55     4    1400000    9175000  290000000  290000000
   0       77     7250   292146    130018064062    130018356209        33639461     282596       7175     290000       2211     4    1400000    9175000  290000000  290000000
   0       77     7253   287840    130018356218    130018644057        33931616     280409       7175     290000         58     4    1400000    9175000  290000000  290000000
   0       77     7469   289986    130018644068    130018934054        34219466     282119       7175     290000         56     4    1300000    9175000  290000000  290000000
   0       77     7253   318794    130018934063    130019252857        34509461     282554       7175     290000      28859     4    1400000    9175000  290000000  290000000
   0       77     7253   285370    130019252866    130019538236        34828264     253756       7175     290000      24238     4    1400000    9175000  290000000  290000000
   0       77     7253   298979    130019538244    130019837224        35113643     258377       7175     290000      33226     4    1400000    9175000  290000000  290000000
   0       77     7253   306704    130019837232    130020143936        35412631     249395       7175     290000      49938     4    1400000    9175000  290000000  290000000
   0       77     7254   240100    130020143945    130020384044        35719343     232670       7175     290000         46     4    1400000    9175000  290000000  290000000
   0       77     7255   289988    130020384053    130020674042        35959452     282569       7175     290000         41     4    1400000    9175000  290000000  290000000
   0       77     7469   289991    130020674051    130020964042        36249449     282120       7175     290000         44     4    1300000    9175000  290000000  290000000
   0       77     7253   289983    130020964051    130021254034        36539450     282577       7175     290000         35     4    1400000    9175000  290000000  290000000
   0       77     7254   290000    130021254043    130021544042        36829441     282575       7175     290000         44     4    1400000    9175000  290000000  290000000
   0       77     7251   293423    130021544051    130021837474        37119450     282607       7175     290000       3476     4    1400000    9175000  290000000  290000000
   0       77     7255   286556    130021837483    130022124039        37412881     279123       7175     290000         41     4    1400000    9175000  290000000  290000000
   0       77     7251   306585    130022124080    130022430664        37699478     282572       7175     290000      16666     4    1400000    9175000  290000000  290000000
   0       77     7253   292430    130022430673    130022723103        38006071     265947       7175     290000      19105     4    1400000    9175000  290000000  290000000
   0       77     7255   307618    130022723112    130023030730        38298510     263499       7175     290000      36731     4    1400000    9175000  290000000  290000000
   0       77     7253   253301    130023030738    130023284039        38606136     245890       7175     290000         40     4    1400000    9175000  290000000  290000000
   0       77     7252   296483    130023284047    130023580530        38859446     282592       7175     290000       6532     4    1400000    9175000  290000000  290000000
   0       77     7250   292115    130023580539    130023872654        39155937     276120       7175     290000       8656     4    1400000    9175000  290000000  290000000
   0       77     7251   281382    130023872662    130024154044        39448061     273996       7175     290000         46     4    1400000    9175000  290000000  290000000
   0       77     7255   289987    130024154053    130024444040        39729451     282554       7175     290000         42     4    1400000    9175000  290000000  290000000
   0       77     7251   299874    130024444049    130024743923        40019447     282606       7175     290000       9925     4    1400000    9175000  290000000  290000000
   0       77     7253   287950    130024743932    130025031882        40319330     272693       7175     290000       7884     4    1400000    9175000  290000000  290000000
   0       77     7253   289879    130025031890    130025321769        40607289     274738       7175     290000       7771     4    1400000    9175000  290000000  290000000
   0       77     7253   331007    130025321778    130025652784        40897176     274850       7175     290000      48786     4    1400000    9175000  290000000  290000000
   0       77     7253   268990    130025652793    130025921783        41228191     233838       7175     290000      27785     4    1400000    9175000  290000000  290000000
   0       77     7710   262252    130025921791    130026184044        41497190     254140       7175     290000         45     4    1400000    9175000  290000000  290000000
   0       77     7255   339843    130026184053    130026523896        41759451     282570       7175     290000      49898     4    1400000    9175000  290000000  290000000
   0       77     7253   240143    130026523905    130026764047        42099303     232726       7175     290000         49     4    1400000    9175000  290000000  290000000
   0       77     7252   289973    130026764057    130027054030        42339455     282585       7175     290000         32     4    1400000    9175000  290000000  290000000
   0       77     7253   328666    130027054039    130027382705        42629437     282588       7175     290000      38707     4    1400000    9175000  290000000  290000000
   0       77     7254   266609    130027382713    130027649322        42958112     243898       7175     290000      15324     4    1400000    9175000  290000000  290000000
   0       77     7252   278991    130027649331    130027928321        43224729     267298       7175     290000       4323     4    1400000    9175000  290000000  290000000
   0       77     7253   302374    130027928330    130028230704        43503728     278302       7175     290000      16706     4    1400000    9175000  290000000  290000000
   0       77     7269   291041    130028230713    130028521754        43806111     243745       7175     290000      17756     4    1400000    9175000  290000000  290000000
   0       77     7253   308883    130028521762    130028830646        44097161     264867       7175     290000      36647     4    1400000    9175000  290000000  290000000
   0       77     7252   253383    130028830654    130029084037        44406053     245976       7175     290000         39     4    1400000    9175000  290000000  290000000
   0       77     7254   289952    130029084077    130029374029        44659475     282544       7175     290000         31     4    1400000    9175000  290000000  290000000
   0       77     7253   290001    130029374038    130029664039        44949436     282594       7175     290000         41     4    1400000    9175000  290000000  290000000
   0       77     7251   289998    130029664047    130029954045        45239446     282608       7175     290000         47     4    1400000    9175000  290000000  290000000
   0       77     7258   298758    130029954054    130030252812        45529452     282538       7175     290000       8813     4    1400000    9175000  290000000  290000000
   0       77     7253   281224    130030252820    130030534044        45828219     273808       7175     290000         45     4    1400000    9175000  290000000  290000000
   0       77     7254   296601    130030534053    130030830653        46109451     282569       7175     290000       6655     4    1400000    9175000  290000000  290000000
   0       77     7254   329834    130030830662    130031160496        46406060     275950       7175     290000      46498     4    1400000    9175000  290000000  290000000
   0       77     7250   286663    130031160505    130031447168        46735903     236156       7175     290000      43170     4    1400000    9175000  290000000  290000000
   0       77     7254   274638    130031447176    130031721815        47022575     239437       7175     290000      27817     4    1400000    9175000  290000000  290000000
   0       77     7253   311039    130031721824    130032032862        47297222     254786       7175     290000      48864     4    1400000    9175000  290000000  290000000
   0       77     7297   241164    130032032871    130032274035        47608270     233694       7175     290000         36     4    1400000    9175000  290000000  290000000
   0       77     7254   289994    130032274044    130032564038        47849443     282577       7175     290000         40     4    1400000    9175000  290000000  290000000
   0       77     7251   312123    130032564047    130032876169        48139445     282602       7175     290000      22171     4    1400000    9175000  290000000  290000000
   0       77     7250   267870    130032876178    130033144047        48451576     260478       7175     290000         48     4    1400000    9175000  290000000  290000000
   0       77     7251   289973    130033144056    130033434029        48719455     282592       7175     290000         31     4    1400000    9175000  290000000  290000000
   0       77     7253   290012    130033434038    130033724049        49009436     282592       7175     290000         51     4    1400000    9175000  290000000  290000000
   0       77     7251   306607    130033724058    130034030665        49299457     282587       7175     290000      16667     4    1400000    9175000  290000000  290000000
   0       77     7253   291113    130034030674    130034321788        49606073     265956       7175     290000      17790     4    1400000    9175000  290000000  290000000
   0       77     7253   331060    130034321796    130034652856        49897195     264832       7175     290000      58858     4    1400000    9175000  290000000  290000000
   0       77     7253   231173    130034652864    130034884038        50228263     223762       7175     290000         40     4    1400000    9175000  290000000  290000000
   0       77     7252   306496    130034884047    130035190543        50459445     282593       7175     290000      16545     4    1400000    9175000  290000000  290000000
   0       77     7276   273493    130035190551    130035464044        50765950     229408       7175     290000         45     4    1400000    9175000  290000000  290000000
   0       77     7250   296475    130035464053    130035760528        51039451     282608       7175     290000       6530     4    1400000    9175000  290000000  290000000
   0       77     7251   283481    130035760569    130036044049        51335967     276087       7175     290000         51     4    1400000    9175000  290000000  290000000
   0       77     7251   289986    130036044058    130036334044        51619457     282588       7175     290000         46     4    1400000    9175000  290000000  290000000
   0       77     7255   318685    130036334053    130036652738        51909451     282563       7175     290000      28739     4    1400000    9175000  290000000  290000000
   0       77     7253   269034    130036652746    130036921780        52228144     253875       7175     290000       7782     4    1400000    9175000  290000000  290000000
   0       77     7253   310045    130036921789    130037231833        52497187     274839       7175     290000      27835     4    1400000    9175000  290000000  290000000
   0       77     7254   292070    130037231842    130037523912        52807240     254765       7175     290000      29914     4    1400000    9175000  290000000  290000000
   0       77     7254   260135    130037523920    130037784055        53099319     252703       7175     290000         56     4    1400000    9175000  290000000  290000000
   0       77     7253   289965    130037784064    130038074029        53359463     282567       7175     290000         31     4    1400000    9175000  290000000  290000000
   0       77     7253   302200    130038074038    130038376238        53649436     282588       7175     290000      12240     4    1400000    9175000  290000000  290000000
   0       77     7251   277782    130038376247    130038654029        53951645     270408       7175     290000         31     4    1400000    9175000  290000000  290000000
   0       77     7256   290017    130038654038    130038944054        54229436     282567       7175     290000         55     4    1400000    9175000  290000000  290000000
   0       77     7251   325225    130038944063    130039269288        54519461     282588       7175     290000      35290     4    1400000    9175000  290000000  290000000
   0       77     7254   269053    130039269297    130039538350        54844695     247331       7175     290000      14352     4    1400000    9175000  290000000  290000000
   0       77     7253   292354    130039538358    130039830712        55113757     268272       7175     290000      16714     4    1400000    9175000  290000000  290000000
   0       77     7254   313262    130039830721    130040143982        55406119     265894       7175     290000      39984     4    1400000    9175000  290000000  290000000
   0       77     7251   286667    130040143991    130040430659        55719390     242629       7175     290000      36661     4    1400000    9175000  290000000  290000000
   0       77     7252   253374    130040430667    130040684042        56006066     245964       7175     290000         43     4    1400000    9175000  290000000  290000000
   0       77     7254   289980    130040684051    130040974030        56259449     282580       7175     290000         32     4    1400000    9175000  290000000  290000000
   0       77     7255   290002    130040974039    130041264041        56549437     282572       7175     290000         42     4    1400000    9175000  290000000  290000000
   0       77     7251   289996    130041264049    130041554045        56839448     282608       7175     290000         47     4    1400000    9175000  290000000  290000000
   0       77     7812   289985    130041554055    130041844040        57129453     281988       7175     290000         42     4    1300000    9175000  290000000  290000000
   0       77     7251   299860    130041844049    130042143909        57419447     282606       7175     290000       9911     4    1400000    9175000  290000000  290000000
   0       77     7253   286707    130042143918    130042430625        57719316     272710       7175     290000       6627     4    1400000    9175000  290000000  290000000
   0       77     7254   293323    130042430633    130042723957        58006032     275981       7175     290000       9959     4    1400000    9175000  290000000  290000000
   0       77     7809   325285    130042724046    130043049331        58299445     272034       7175     290000      45333     4    1300000    9175000  290000000  290000000
   0       77     7253   272471    130043049340    130043321810        58624738     237294       7175     290000      27812     4    1400000    9175000  290000000  290000000
   0       77     7252   262219    130043321819    130043584038        58897217     254810       7175     290000         40     4    1400000    9175000  290000000  290000000
   0       77     7253   292152    130043584047    130043876200        59159446     282589       7175     290000       2201     4    1400000    9175000  290000000  290000000
   0       77     7250   287843    130043876208    130044164051        59451606     280448       7175     290000         52     4    1400000    9175000  290000000  290000000
   0       77     7251   289970    130044164061    130044454031        59739459     282589       7175     290000         33     4    1400000    9175000  290000000  290000000
   0       77     7254   302181    130044454039    130044756221        60029438     282579       7175     290000      12223     4    1400000    9175000  290000000  290000000
   0       77     7252   277800    130044756230    130045034029        60331628     270404       7175     290000         31     4    1400000    9175000  290000000  290000000
   0       77     7253   290011    130045034038    130045324049        60609436     282591       7175     290000         50     4    1400000    9175000  290000000  290000000
   0       77     7250   328758    130045324058    130045652815        60899456     282601       7175     290000      38817     4    1400000    9175000  290000000  290000000
   0       77     7255   270173    130045652824    130045922998        61228223     243781       7175     290000      18999     4    1400000    9175000  290000000  290000000
   0       77     7253   307656    130045923007    130046230663        61498406     263617       7175     290000      36665     4    1400000    9175000  290000000  290000000
   0       77     7253   253363    130046230672    130046484035        61806070     245956       7175     290000         37     4    1400000    9175000  290000000  290000000
   0       77     7256   290000    130046484044    130046774045        62059443     282562       7175     290000         46     4    1400000    9175000  290000000  290000000
   0       77     7255   296456    130046774054    130047070510        62349452     282559       7175     290000       6512     4    1400000    9175000  290000000  290000000
   0       77     7253   283525    130047070519    130047354044        62645917     276112       7175     290000         46     4    1400000    9175000  290000000  290000000
   0       77     7257   315226    130047354053    130047669278        62929451     282537       7175     290000      25280     4    1400000    9175000  290000000  290000000
   0       77     7253   264757    130047669287    130047934044        63244685     257336       7175     290000         46     4    1400000    9175000  290000000  290000000
   0       77     7253   296583    130047934053    130048230636        63509451     282568       7175     290000       6638     4    1400000    9175000  290000000  290000000
   0       77     7253   293314    130048230645    130048523959        63806043     275978       7175     290000       9961     4    1400000    9175000  290000000  290000000
   0       77     7251   306696    130048523967    130048830663        64099366     272660       7175     290000      26665     4    1400000    9175000  290000000  290000000
   0       77     7253   291624    130048830672    130049122296        64406070     255951       7175     290000      28298     4    1400000    9175000  290000000  290000000
   0       77     7254   261768    130049122305    130049384073        64697703     254307       7175     290000         74     4    1400000    9175000  290000000  290000000
   0       77     7253   289931    130049384115    130049674046        64959514     282512       7175     290000         47     4    1400000    9175000  290000000  290000000
   0       77     7253   289996    130049674055    130049964051        65249453     282565       7175     290000         50     4    1400000    9175000  290000000  290000000
   0       77     7252   294021    130049964061    130050258081        65539459     282588       7175     290000       4083     4    1400000    9175000  290000000  290000000
   0       77     7253   285957    130050258090    130050544047        65833488     278538       7175     290000         48     4    1400000    9175000  290000000  290000000
   0       77     7251   306450    130050544056    130050850506        66119455     282591       7175     290000      16508     4    1400000    9175000  290000000  290000000
   0       77     7253   309975    130050850514    130051160489        66425913     266117       7175     290000      36491     4    1400000    9175000  290000000  290000000
   0       77     7251   270141    130051160498    130051430638        66735896     246162       7175     290000      16640     4    1400000    9175000  290000000  290000000
   0       77     7255   291175    130051430647    130051721821        67006045     265965       7175     290000      17823     4    1400000    9175000  290000000  290000000
   0       77     7253   330950    130051721830    130052052781        67297229     264797       7175     290000      58783     4    1400000    9175000  290000000  290000000
   0       77     7255   231268    130052052789    130052284057        67628188     223817       7175     290000         58     4    1400000    9175000  290000000  290000000
   0       77     7471   289976    130052284066    130052574043        67859465     282110       7175     290000         44     4    1300000    9175000  290000000  290000000
   0       77     7253   289993    130052574052    130052864045        68149450     282569       7175     290000         46     4    1400000    9175000  290000000  290000000
   0       77     7252   289975    130052864054    130053154029        68439453     282587       7175     290000         31     4    1400000    9175000  290000000  290000000
   0       77     7255   290005    130053154038    130053444043        68729436     282571       7175     290000         45     4    1400000    9175000  290000000  290000000
   0       77     7251   289991    130053444052    130053734043        69019450     282595       7175     290000         44     4    1400000    9175000  290000000  290000000
   0       77     7255   298761    130053734051    130054032812        69309450     282554       7175     290000       8814     4    1400000    9175000  290000000  290000000
   0       77     7252   290998    130054032821    130054323818        69608219     273809       7175     290000       9820     4    1400000    9175000  290000000  290000000
   0       77     7253   345449    130054323827    130054669276        69899226     272798       7175     290000      65278     4    1400000    9175000  290000000  290000000
   0       77     7253   259011    130054669285    130054928296        70244683     217343       7175     290000      34298     4    1400000    9175000  290000000  290000000
   0       77     7250   255737    130054928304    130055184042        70503703     248352       7175     290000         43     4    1400000    9175000  290000000  290000000
   0       77     7252   289980    130055184050    130055474031        70759449     282586       7175     290000         32     4    1400000    9175000  290000000  290000000
   0       77     7254   297517    130055474039    130055771556        71049438     282569       7175     290000       7558     4    1400000    9175000  290000000  290000000
   0       77     7253   282465    130055771565    130056054030        71346963     275062       7175     290000         32     4    1400000    9175000  290000000  290000000
   0       77     7253   290001    130056054039    130056344040        71629437     282592       7175     290000         41     4    1400000    9175000  290000000  290000000
   0       77     7251   308747    130056344079    130056652826        71919477     282573       7175     290000      18827     4    1400000    9175000  290000000  290000000
   0       77     7254   271207    130056652834    130056924041        72228233     263789       7175     290000         43     4    1400000    9175000  290000000  290000000
   0       77     7253   306602    130056924050    130057230652        72499448     282591       7175     290000      16654     4    1400000    9175000  290000000  290000000
   0       77     7253   313886    130057230661    130057544546        72806059     265971       7175     290000      40548     4    1400000    9175000  290000000  290000000
   0       77     7810   286107    130057544556    130057830662        73119954     241508       7175     290000      36664     4    1300000    9175000  290000000  290000000
   0       77     7252   253377    130057830671    130058084048        73406069     245959       7175     290000         50     4    1400000    9175000  290000000  290000000
   0       77     7256   348783    130058084058    130058432841        73659457     282550       7175     290000      58843     4    1400000    9175000  290000000  290000000
   0       77     7252   247671    130058432850    130058680521        74008248     223784       7175     290000      16523     4    1400000    9175000  290000000  290000000
   0       77     7250   273499    130058680530    130058954029        74255928     266115       7175     290000         30     4    1400000    9175000  290000000  290000000
   0       77     7254   293132    130058954037    130059247169        74529436     282580       7175     290000       3170     4    1400000    9175000  290000000  290000000
   0       77     7275   293240    130059247177    130059540417        74822576     257272       7175     290000       6419     4    1400000    9175000  290000000  290000000
   0       77     7250   290180    130059540426    130059830606        75115824     276230       7175     290000       6608     4    1400000    9175000  290000000  290000000
   0       77     7253   291206    130059830615    130060121821        75406013     276006       7175     290000       7823     4    1400000    9175000  290000000  290000000
   0       77     7253   308816    130060121830    130060430646        75697228     274797       7175     290000      26648     4    1400000    9175000  290000000  290000000
   0       77     7252   291122    130060430654    130060721776        76006053     255977       7175     290000      27778     4    1400000    9175000  290000000  290000000
   0       77     7253   262264    130060721784    130060984048        76297183     254843       7175     290000         48     4    1400000    9175000  290000000  290000000
   0       77     7253   289984    130060984057    130061274041        76559456     282577       7175     290000         43     4    1400000    9175000  290000000  290000000
   0       77     7259   289996    130061274050    130061564046        76849448     282492       7175     290000         48     4    1400000    9175000  290000000  290000000
   0       77     7251   289986    130061564055    130061854041        77139454     282598       7175     290000         42     4    1400000    9175000  290000000  290000000
   0       77     7814   289994    130061854050    130062144044        77429449     281985       7175     290000         46     4    1300000    9175000  290000000  290000000
   0       77     7253   289977    130062144053    130062434030        77719451     282580       7175     290000         32     4    1400000    9175000  290000000  290000000
   0       77     7253   304212    130062434039    130062738251        78009437     282594       7175     290000      14253     4    1400000    9175000  290000000  290000000
   0       77     7253   321029    130062738260    130063059289        78313658     268369       7175     290000      45291     4    1400000    9175000  290000000  290000000
   0       77     7253   262432    130063059346    130063321778        78634744     237273       7175     290000      17780     4    1400000    9175000  290000000  290000000
   0       77     7253   308822    130063321787    130063630609        78897185     264842       7175     290000      36611     4    1400000    9175000  290000000  290000000
   0       77     7256   293263    130063630618    130063923880        79206016     245973       7175     290000      39882     4    1400000    9175000  290000000  290000000
   0       77     7253   250140    130063923889    130064174029        79499287     242740       7175     290000         30     4    1400000    9175000  290000000  290000000
   0       77     7254   290004    130064174037    130064464041        79749435     282590       7175     290000         41     4    1400000    9175000  290000000  290000000
   0       77     7252   312156    130064464049    130064776205        80039448     282596       7175     290000      22207     4    1400000    9175000  290000000  290000000
   0       77     7250   267851    130064776214    130065044065        80351612     260435       7175     290000         65     4    1400000    9175000  290000000  290000000
   0       77     7471   289961    130065044074    130065334035        80619472     282125       7175     290000         36     4    1300000    9175000  290000000  290000000
   0       77     7255   296608    130065334044    130065630652        80909442     282555       7175     290000       6653     4    1400000    9175000  290000000  290000000
   0       77     7270   291174    130065630660    130065921834        81206059     253813       7175     290000       7836     4    1400000    9175000  290000000  290000000
   0       77     7255   325284    130065921842    130066247126        81497241     274764       7175     290000      43128     4    1400000    9175000  290000000  290000000
   0       77     7252   313299    130066247135    130066560433        81822533     239499       7175     290000      66435     4    1400000    9175000  290000000  290000000
   0       77     7252   223598    130066560442    130066784040        82135840     216205       7175     290000         41     4    1400000    9175000  290000000  290000000
   0       77     7253   290014    130066784048    130067074062        82359447     282590       7175     290000         63     4    1400000    9175000  290000000  290000000
   0       77     7469   289968    130067074072    130067364039        82649470     282094       7175     290000         41     4    1300000    9175000  290000000  290000000
   0       77     7251   289992    130067364048    130067654040        82939446     282608       7175     290000         41     4    1400000    9175000  290000000  290000000
   0       77     7255   295324    130067654048    130067949372        83229446     282566       7175     290000       5373     4    1400000    9175000  290000000  290000000
   0       77     7253   284650    130067949380    130068234030        83524779     277248       7175     290000         32     4    1400000    9175000  290000000  290000000
   0       77     7253   309873    130068234039    130068543912        83809437     282593       7175     290000      19914     4    1400000    9175000  290000000  290000000
   0       77     7252   286705    130068543921    130068830626        84119319     262711       7175     290000      16628     4    1400000    9175000  290000000  290000000
   0       77     7254   291159    130068830634    130069121793        84406032     265993       7175     290000      17795     4    1400000    9175000  290000000  290000000
   0       77     7252   310990    130069121802    130069432792        84697201     264826       7175     290000      38794     4    1400000    9175000  290000000  290000000
   0       77     7254   251244    130069432801    130069684045        85008200     243812       7175     290000         46     4    1400000    9175000  290000000  290000000
   0       77     7254   289975    130069684054    130069974029        85259452     282569       7175     290000         30     4    1400000    9175000  290000000  290000000
   0       77     7255   318628    130069974071    130070292699        85549470     282531       7175     290000      28701     4    1400000    9175000  290000000  290000000
   0       77     7269   267880    130070292707    130070560587        85868106     226201       7175     290000       6589     4    1400000    9175000  290000000  290000000
   0       77     7250   286566    130070560596    130070847161        86135994     276061       7175     290000       3163     4    1400000    9175000  290000000  290000000
   0       77     7254   309016    130070847170    130071156186        86422568     279442       7175     290000      22188     4    1400000    9175000  290000000  290000000
   0       77     7252   274431    130071156195    130071430626        86731593     260443       7175     290000       6628     4    1400000    9175000  290000000  290000000
   0       77     7253   291121    130071430635    130071721755        87006033     275985       7175     290000       7757     4    1400000    9175000  290000000  290000000
   0       77     7254   331040    130071721764    130072052804        87297163     274846       7175     290000      48806     4    1400000    9175000  290000000  290000000
   0       77     7253   268951    130072052813    130072321764        87628211     233815       7175     290000      27766     4    1400000    9175000  290000000  290000000
   0       77     7253   262264    130072321773    130072584036        87897171     254856       7175     290000         38     4    1400000    9175000  290000000  290000000
   0       77     7254   289996    130072584045    130072874041        88159444     282588       7175     290000         42     4    1400000    9175000  290000000  290000000
   0       77     7255   289988    130072874050    130073164038        88449448     282557       7175     290000         39     4    1400000    9175000  290000000  290000000
   0       77     7251   289997    130073164046    130073454043        88739445     282608       7175     290000         43     4    1400000    9175000  290000000  290000000
   0       77     7468   289992    130073454052    130073744044        89029451     282124       7175     290000         46     4    1300000    9175000  290000000  290000000
   0       77     7251   308793    130073744053    130074052845        89319451     282602       7175     290000      18847     4    1400000    9175000  290000000  290000000
   0       77     7255   287672    130074052854    130074340526        89628252     263749       7175     290000      16528     4    1400000    9175000  290000000  290000000
   0       77     7250   306616    130074340535    130074647151        89915933     266125       7175     290000      33152     4    1400000    9175000  290000000  290000000
   0       77     7269   283253    130074647159    130074930412        90222557     227260       7175     290000      26414     4    1400000    9175000  290000000  290000000
   0       77     7253   300274    130074930420    130075230695        90505819     256207       7175     290000      36696     4    1400000    9175000  290000000  290000000
   0       77     7254   253349    130075230703    130075484052        90806101     245906       7175     290000         54     4    1400000    9175000  290000000  290000000
   0       77     7254   292131    130075484061    130075776192        91059459     282564       7175     290000       2194     4    1400000    9175000  290000000  290000000
   0       77     7250   287842    130075776201    130076064043        91351600     280456       7175     290000         44     4    1400000    9175000  290000000  290000000
   0       77     7253   289982    130076064052    130076354034        91639450     282589       7175     290000         35     4    1400000    9175000  290000000  290000000
   0       77     7255   303362    130076354043    130076657405        91929441     282563       7175     290000      13407     4    1400000    9175000  290000000  290000000
   0       77     7253   276633    130076657414    130076934047        92232812     269215       7175     290000         49     4    1400000    9175000  290000000  290000000
   0       77     7254   296577    130076934086    130077230663        92509484     282533       7175     290000       6665     4    1400000    9175000  290000000  290000000
