#idx     perf      run   period           start             end          rel_st      slack c_duration   c_period     wu_lat   cpu       freq dl_runtime  dl_period dl_deadline
   3     1705   158510   249949    111374619510    111374869459         1157550      89739     156922     250000         42     7    1400000  165182000  250000000  250000000
   3     1705   158513   249993    111374869469    111375119461         1407509      90128     156922     250000         44     7    1400000  165182000  250000000  250000000
   3     1705   158495   249987    111375119471    111375369457         1657511      90250     156922     250000         40     7    1400000  165182000  250000000  250000000
   3     1705   158520   249995    111375369466    111375619461         1907507      90046     156922     250000         44     7    1400000  165182000  250000000  250000000
   3     1705   158508   249987    111375619470    111375869457         2157510      90150     156922     250000         40     7    1400000  165182000  250000000  250000000
   3     1705   158499   250004    111375869466    111376119469         2407506      90181     156922     250000         52     7    1400000  165182000  250000000  250000000
   3     1705   158515   249978    111376119479    111376369457         2657519      90061     156922     250000         40     7    1400000  165182000  250000000  250000000
   3     1705   158492   249995    111376369465    111376619461         2907506      90201     156922     250000         44     7    1400000  165182000  250000000  250000000
   3     1705   158493   249987    111376619470    111376869457         3157511      90255     156922     250000         40     7    1400000  165182000  250000000  250000000
   3     1705   158517   249995    111376869465    111377119461         3407506      90100     156922     250000         44     7    1400000  165182000  250000000  250000000
   3     1705   158495   249991    111377119470    111377369461         3657511      90208     156922     250000         44     7    1400000  165182000  250000000  250000000
   3     1705   158487   249995    111377369471    111377619467         3907512      90263     156922     250000         50     7    1400000  165182000  250000000  250000000
   3     1705   158517   249981    111377619476    111377869457         4157516      90045     156922     250000         40     7    1400000  165182000  250000000  250000000
   3     1705   158507   249995    111377869466    111378119461         4407506      90142     156922     250000         44     7    1400000  165182000  250000000  250000000
   3     1705   158494   249987    111378119470    111378369457         4657510      90273     156922     250000         40     7    1400000  165182000  250000000  250000000
   3     1705   158506   249995    111378369466    111378619461         4907507      90107     156922     250000         44     7    1400000  165182000  250000000  250000000
   3     1705   158522   249987    111378619470    111378869457         5157510      90106     156922     250000         40     7    1400000  165182000  250000000  250000000
   3     1705   158520   249987    111378869465    111379119452         5407506      89927     156922     250000         35     7    1400000  165182000  250000000  250000000
   3     1705   158519   250005    111379119461    111379369466         5657501      90025     156922     250000         48     7    1400000  165182000  250000000  250000000
   3     1705   158494   249986    111379369475    111379619461         5907516      90064     156922     250000         44     7    1400000  165182000  250000000  250000000
   3     1705   158522   249987    111379619470    111379869457         6157510      90040     156922     250000         40     7    1400000  165182000  250000000  250000000
   3     1705   158518   249995    111379869466    111380119461         6407506      90047     156922     250000         44     7    1400000  165182000  250000000  250000000
   3     1705   158505   249987    111380119470    111380369456         6657510      90131     156922     250000         40     7    1400000  165182000  250000000  250000000
   3     1705   158519   249956    111380369510    111380619466         6907550      90006     156922     250000         49     7    1400000  165182000  250000000  250000000
   3     1705   158506   249982    111380619475    111380869457         7157516      90027     156922     250000         40     7    1400000  165182000  250000000  250000000
   3     1705   158501   249994    111380869466    111381119460         7407507      90153     156922     250000         44     7    1400000  165182000  250000000  250000000
   3     1705   158507   249987    111381119470    111381369457         7657510      90060     156922     250000         40     7    1400000  165182000  250000000  250000000
   3     1705   158502   249995    111381369466    111381619461         7907506      90228     156922     250000         44     7    1400000  165182000  250000000  250000000
   3     1705   158506   249987    111381619470    111381869457         8157511      90191     156922     250000         41     7    1400000  165182000  250000000  250000000
   3     1705   158521   249999    111381869466    111382119465         8407507      90045     156922     250000         48     7    1400000  165182000  250000000  250000000
   3     1705   158492   249983    111382119474    111382369457         8657514      90199     156922     250000         40     7    1400000  165182000  250000000  250000000
   3     1705   158494   249994    111382369466    111382619460         8907506      90078     156922     250000         43     7    1400000  165182000  250000000  250000000
   3     1705   158522   249988    111382619469    111382869457         9157510      90029     156922     250000         40     7    1400000  165182000  250000000  250000000
   3     1705   158492   249995    111382869466    111383119461         9407507      90236     156922     250000         44     7    1400000  165182000  250000000  250000000
   3     1705   158498   249987    111383119470    111383369457         9657511      90173     156922     250000         40     7    1400000  165182000  250000000  250000000
   3     1705   158524   250003    111383369466    111383619469         9907506      90061     156922     250000         51     7    1400000  165182000  250000000  250000000
   3     1705   158498   249984    111383619478    111383869462        10157519      90185     156922     250000         45     7    1400000  165182000  250000000  250000000
   3     1705   158525   249982    111383869471    111384119453        10407512      90062     156922     250000         36     7    1400000  165182000  250000000  250000000
   3     1705   158505   249995    111384119462    111384369457        10657503      90053     156922     250000         41     7    1400000  165182000  250000000  250000000
   3     1705   158483   249998    111384369466    111384619465        10907507      90380     156922     250000         48     7    1400000  165182000  250000000  250000000
   3     1705   158497   249984    111384619473    111384869457        11157514      90180     156922     250000         40     7    1400000  165182000  250000000  250000000
   3     1705   158517   250002    111384869466    111385119468        11407506      90033     156922     250000         50     7    1400000  165182000  250000000  250000000
   3     1705   158482   249989    111385119476    111385369465        11657517      90334     156922     250000         48     7    1400000  165182000  250000000  250000000
   3     1705   158505   249987    111385369474    111385619461        11907515      90122     156922     250000         44     7    1400000  165182000  250000000  250000000
   3     1705   158510   249987    111385619470    111385869457        12157511      90124     156922     250000         40     7    1400000  165182000  250000000  250000000
   3     1705   158495   249994    111385869466    111386119461        12407507      90187     156922     250000         44     7    1400000  165182000  250000000  250000000
   3     1705   158498   249987    111386119470    111386369457        12657510      90061     156922     250000         40     7    1400000  165182000  250000000  250000000
   3     1705   158511   249967    111386369503    111386619470        12907543      90078     156922     250000         53     7    1400000  165182000  250000000  250000000
   3     1705   158497   249977    111386619479    111386869457        13157520      90215     156922     250000         40     7    1400000  165182000  250000000  250000000
   3     1705   158522   250003    111386869466    111387119468        13407506      90038     156922     250000         52     7    1400000  165182000  250000000  250000000
   3     1705   158498   249980    111387119477    111387369457        13657518      90044     156922     250000         40     7    1400000  165182000  250000000  250000000
   3     1705   158491   249994    111387369466    111387619460        13907506      90270     156922     250000         44     7    1400000  165182000  250000000  250000000
   3     1705   158518   249988    111387619469    111387869457        14157510      90035     156922     250000         40     7    1400000  165182000  250000000  250000000
   3     1705   158513   249997    111387869466    111388119463        14407507      90086     156922     250000         46     7    1400000  165182000  250000000  250000000
   3     1705   158484   249985    111388119472    111388369457        14657513      90256     156922     250000         40     7    1400000  165182000  250000000  250000000
   3     1705   158516   249995    111388369466    111388619461        14907506      90036     156922     250000         44     7    1400000  165182000  250000000  250000000
   3     1705   158507   249998    111388619470    111388869468        15157510      90137     156922     250000         51     7    1400000  165182000  250000000  250000000
   3     1705   158500   249985    111388869477    111389119462        15407517      90109     156922     250000         45     7    1400000  165182000  250000000  250000000
   3     1705   158521   249986    111389119471    111389369457        15657511      90057     156922     250000         40     7    1400000  165182000  250000000  250000000
   3     1705   158525   250006    111389369466    111389619472        15907506      90052     156922     250000         55     7    1400000  165182000  250000000  250000000
   3     1705   158525   249967    111389619481    111389869448        16157521      89938     156922     250000         32     7    1400000  165182000  250000000  250000000
   3     1705   158510   250006    111389869457    111390119464        16407498      90027     156922     250000         47     7    1400000  165182000  250000000  250000000
   3     1705   158492   249984    111390119472    111390369457        16657513      90069     156922     250000         40     7    1400000  165182000  250000000  250000000
   3     1705   158491   249998    111390369466    111390619464        16907506      90264     156922     250000         47     7    1400000  165182000  250000000  250000000
   3     1705   158514   249984    111390619473    111390869457        17157513      90064     156922     250000         40     7    1400000  165182000  250000000  250000000
   3     1705   158498   249996    111390869465    111391119461        17407506      90090     156922     250000         45     7    1400000  165182000  250000000  250000000
   3     1705   158502   249987    111391119471    111391369458        17657511      90170     156922     250000         41     7    1400000  165182000  250000000  250000000
   3     1705   158508   249996    111391369467    111391619463        17907507      90140     156922     250000         46     7    1400000  165182000  250000000  250000000
   3     1705   158500   249985    111391619472    111391869457        18157512      90153     156922     250000         40     7    1400000  165182000  250000000  250000000
   3     1705   158498   249995    111391869466    111392119461        18407506      90218     156922     250000         44     7    1400000  165182000  250000000  250000000
   3     1705   158502   249953    111392119504    111392369457        18657545      90150     156922     250000         40     7    1400000  165182000  250000000  250000000
   3     1705   158502   250006    111392369466    111392619472        18907507      90184     156922     250000         54     7    1400000  165182000  250000000  250000000
   3     1705   158522   249976    111392619481    111392869457        19157521      89978     156922     250000         40     7    1400000  165182000  250000000  250000000
   3     1705   158497   250001    111392869466    111393119467        19407506      90243     156922     250000         49     7    1400000  165182000  250000000  250000000
   3     1705   158501   249981    111393119476    111393369457        19657517      90185     156922     250000         40     7    1400000  165182000  250000000  250000000
   3     1705   158519   249993    111393369466    111393619459        19907506      90014     156922     250000         42     7    1400000  165182000  250000000  250000000
   3     1705   158498   249998    111393619468    111393869466        20157509      90218     156922     250000         50     7    1400000  165182000  250000000  250000000
   3     1705   158499   249986    111393869476    111394119462        20407516      90246     156922     250000         45     7    1400000  165182000  250000000  250000000
   3     1705   158522   249977    111394119471    111394369447        20657511      90056     156922     250000         31     7    1400000  165182000  250000000  250000000
   3     1705   158517   249996    111394369456    111394619453        20907497      89984     156922     250000         36     7    1400000  165182000  250000000  250000000
   3     1705   158506   250003    111394619462    111394869465        21157502      90029     156922     250000         48     7    1400000  165182000  250000000  250000000
   3     1705   158513   249987    111394869474    111395119461        21407514      89970     156922     250000         44     7    1400000  165182000  250000000  250000000
   3     1705   158490   249987    111395119470    111395369457        21657511      90274     156922     250000         40     7    1400000  165182000  250000000  250000000
   3     1705   158502   250004    111395369465    111395619470        21907506      90166     156922     250000         52     7    1400000  165182000  250000000  250000000
   3     1705   158517   249978    111395619479    111395869457        22157519      89989     156922     250000         40     7    1400000  165182000  250000000  250000000
   3     1705   158495   249994    111395869466    111396119460        22407506      90146     156922     250000         44     7    1400000  165182000  250000000  250000000
   3     1705   158505   249987    111396119470    111396369457        22657510      90199     156922     250000         40     7    1400000  165182000  250000000  250000000
   3     1705   158515   249995    111396369466    111396619462        22907507      90014     156922     250000         45     7    1400000  165182000  250000000  250000000
   3     1705   158495   249986    111396619471    111396869457        23157511      90248     156922     250000         40     7    1400000  165182000  250000000  250000000
   3     1705   158505   249996    111396869465    111397119462        23407506      90027     156922     250000         44     7    1400000  165182000  250000000  250000000
   3     1705   158514   249987    111397119471    111397369457        23657511      90072     156922     250000         40     7    1400000  165182000  250000000  250000000
   3     1705   158485   249994    111397369466    111397619461        23907507      90357     156922     250000         44     7    1400000  165182000  250000000  250000000
   3     1705   158499   249987    111397619470    111397869457        24157510      90024     156922     250000         40     7    1400000  165182000  250000000  250000000
   3     1705   158505   249995    111397869466    111398119461        24407507      90006     156922     250000         44     7    1400000  165182000  250000000  250000000
   3     1705   158496   249959    111398119505    111398369463        24657545      90210     156922     250000         46     7    1400000  165182000  250000000  250000000
   3     1705   158502   249994    111398369472    111398619466        24907513      90136     156922     250000         49     7    1400000  165182000  250000000  250000000
   3     1705   158502   249988    111398619475    111398869463        25157516      89967     156922     250000         47     7    1400000  165182000  250000000  250000000
   3     1705   158504   249989    111398869472    111399119461        25407513      90215     156922     250000         44     7    1400000  165182000  250000000  250000000
   3     1705   158524   249995    111399119470    111399369465        25657510      90014     156922     250000         48     7    1400000  165182000  250000000  250000000
   3     1705   158519   249979    111399369474    111399619453        25907514      89904     156922     250000         36     7    1400000  165182000  250000000  250000000
   3     1705   158492   249995    111399619462    111399869457        26157503      90132     156922     250000         40     7    1400000  165182000  250000000  250000000
   3     1705   158512   249997    111399869466    111400119463        26407507      90027     156922     250000         46     7    1400000  165182000  250000000  250000000
   3     1705   158504   249985    111400119472    111400369457        26657512      90142     156922     250000         40     7    1400000  165182000  250000000  250000000
   3     1705   158485   250010    111400369466    111400619476        26907507      90377     156922     250000         59     7    1400000  165182000  250000000  250000000
   3     1705   158511   249972    111400619485    111400869457        27157526      90107     156922     250000         40     7    1400000  165182000  250000000  250000000
   3     1705   158506   250003    111400869466    111401119469        27407506      90124     156922     250000         52     7    1400000  165182000  250000000  250000000
   3     1705   158497   249985    111401119478    111401369464        27657519      90244     156922     250000         47     7    1400000  165182000  250000000  250000000
   3     1705   158524   250008    111401369473    111401619481        27907513      90065     156922     250000         64     7    1400000  165182000  250000000  250000000
   3     1705   158503   249978    111401619490    111401869468        28157530      90089     156922     250000         51     7    1400000  165182000  250000000  250000000
   3     1705   158503   249992    111401869477    111402119468        28407517      90208     156922     250000         52     7    1400000  165182000  250000000  250000000
   3     1705   158517   249993    111402119478    111402369470        28657518      90086     156922     250000         53     7    1400000  165182000  250000000  250000000
   3     1705   158501   249997    111402369479    111402619476        28907519      90168     156922     250000         60     7    1400000  165182000  250000000  250000000
   3     1705   158489   249980    111402619485    111402869465        29157526      90139     156922     250000         48     7    1400000  165182000  250000000  250000000
   3     1705   158519   249995    111402869475    111403119470        29407515      90031     156922     250000         53     7    1400000  165182000  250000000  250000000
   3     1705   158496   249987    111403119479    111403369465        29657519      90178     156922     250000         49     7    1400000  165182000  250000000  250000000
   3     1705   158502   249997    111403369475    111403619472        29907515      90217     156922     250000         55     7    1400000  165182000  250000000  250000000
   3     1705   158518   249982    111403619481    111403869464        30157522      90024     156922     250000         47     7    1400000  165182000  250000000  250000000
   3     1705   158508   249961    111403869508    111404119468        30407548      90131     156922     250000         51     7    1400000  165182000  250000000  250000000
   3     1705   158514   249986    111404119478    111404369464        30657518      90073     156922     250000         47     7    1400000  165182000  250000000  250000000
   3     1705   158500   250001    111404369474    111404619475        30907514      90009     156922     250000         58     7    1400000  165182000  250000000  250000000
   3     1705   158503   249980    111404619484    111404869464        31157525      90074     156922     250000         47     7    1400000  165182000  250000000  250000000
   3     1705   158518   250000    111404869473    111405119472        31407513      90029     156922     250000         55     7    1400000  165182000  250000000  250000000
   3     1705   158502   249982    111405119482    111405369464        31657522      90156     156922     250000         47     7    1400000  165182000  250000000  250000000
   3     1705   158495   249998    111405369473    111405619470        31907513      90123     156922     250000         54     7    1400000  165182000  250000000  250000000
   3     1705   158521   249984    111405619479    111405869464        32157520      90039     156922     250000         47     7    1400000  165182000  250000000  250000000
   3     1705   158499   249999    111405869473    111406119472        32407513      90222     156922     250000         55     7    1400000  165182000  250000000  250000000
   3     1705   158494   249987    111406119481    111406369468        32657521      90236     156922     250000         51     7    1400000  165182000  250000000  250000000
   3     1705   158504   249978    111406369477    111406619455        32907517      90185     156922     250000         38     7    1400000  165182000  250000000  250000000
   3     1705   158501   250001    111406619464    111406869465        33157505      90180     156922     250000         48     7    1400000  165182000  250000000  250000000
   3     1705   158496   249995    111406869474    111407119469        33407515      90246     156922     250000         52     7    1400000  165182000  250000000  250000000
   3     1705   158524   249986    111407119478    111407369464        33657519      89999     156922     250000         47     7    1400000  165182000  250000000  250000000
   3     1705   158491   250007    111407369473    111407619480        33907514      90206     156922     250000         63     7    1400000  165182000  250000000  250000000
   3     1705   158506   249979    111407619489    111407869468        34157529      90117     156922     250000         51     7    1400000  165182000  250000000  250000000
   3     1705   158515   249991    111407869477    111408119468        34407517      89997     156922     250000         51     7    1400000  165182000  250000000  250000000
   3     1705   158491   249988    111408119477    111408369465        34657518      90318     156922     250000         49     7    1400000  165182000  250000000  250000000
   3     1705   158494   249995    111408369474    111408619469        34907515      90100     156922     250000         52     7    1400000  165182000  250000000  250000000
   3     1705   158514   249985    111408619478    111408869464        35157519      90019     156922     250000         47     7    1400000  165182000  250000000  250000000
   3     1705   158488   249996    111408869473    111409119468        35407513      90296     156922     250000         52     7    1400000  165182000  250000000  250000000
   3     1705   158513   249987    111409119477    111409369465        35657518      90097     156922     250000         48     7    1400000  165182000  250000000  250000000
   3     1705   158506   249994    111409369474    111409619468        35907514      90098     156922     250000         51     7    1400000  165182000  250000000  250000000
   3     1705   158490   249987    111409619477    111409869464        36157517      90286     156922     250000         47     7    1400000  165182000  250000000  250000000
   3     1705   158520   249960    111409869509    111410119468        36407549      90006     156922     250000         52     7    1400000  165182000  250000000  250000000
   3     1705   158511   249986    111410119478    111410369464        36657518      90087     156922     250000         47     7    1400000  165182000  250000000  250000000
   3     1705   158496   250003    111410369472    111410619476        36907513      90202     156922     250000         59     7    1400000  165182000  250000000  250000000
   3     1705   158523   249979    111410619485    111410869464        37157525      90005     156922     250000         48     7    1400000  165182000  250000000  250000000
   3     1705   158505   249994    111410869473    111411119468        37407514      90171     156922     250000         51     7    1400000  165182000  250000000  250000000
   3     1705   158502   249988    111411119477    111411369464        37657517      90206     156922     250000         48     7    1400000  165182000  250000000  250000000
   3     1705   158499   250004    111411369473    111411619477        37907514      90148     156922     250000         60     7    1400000  165182000  250000000  250000000
   3     1705   158507   249978    111411619486    111411869464        38157526      90090     156922     250000         47     7    1400000  165182000  250000000  250000000
   3     1705   158501   249996    111411869473    111412119468        38407513      90181     156922     250000         51     7    1400000  165182000  250000000  250000000
   3     1705   158522   249986    111412119477    111412369464        38657518      90006     156922     250000         47     7    1400000  165182000  250000000  250000000
   3     1705   158491   249995    111412369473    111412619467        38907513      90186     156922     250000         51     7    1400000  165182000  250000000  250000000
   3     1705   158499   249987    111412619476    111412869464        39157517      90183     156922     250000         47     7    1400000  165182000  250000000  250000000
   3     1705   158527   249996    111412869473    111413119468        39407513      90052     156922     250000         51     7    1400000  165182000  250000000  250000000
   3     1705   158501   249990    111413119477    111413369467        39657518      90155     156922     250000         51     7    1400000  165182000  250000000  250000000
   3     1705   158501   249996    111413369477    111413619473        39907517      90017     156922     250000         56     7    1400000  165182000  250000000  250000000
   3     1705   158519   249982    111413619482    111413869464        40157522      90008     156922     250000         47     7    1400000  165182000  250000000  250000000
   3     1705   158503   249995    111413869473    111414119468        40407513      90164     156922     250000         51     7    1400000  165182000  250000000  250000000
   3     1705   158505   249987    111414119477    111414369464        40657518      90192     156922     250000         47     7    1400000  165182000  250000000  250000000
   3     1705   158528   249995    111414369473    111414619468        40907513      90044     156922     250000         51     7    1400000  165182000  250000000  250000000
   3     1705   158512   249973    111414619477    111414869449        41157517      90058     156922     250000         33     7    1400000  165182000  250000000  250000000
   3     1705   158520   249995    111414869458    111415119454        41407499      90054     156922     250000         37     7    1400000  165182000  250000000  250000000
   3     1705   158500   250001    111415119463    111415369464        41657504      90148     156922     250000         47     7    1400000  165182000  250000000  250000000
   3     1705   158494   249996    111415369473    111415619469        41907513      90282     156922     250000         52     7    1400000  165182000  250000000  250000000
   3     1705   158512   249950    111415619514    111415869464        42157554      90083     156922     250000         47     7    1400000  165182000  250000000  250000000
   3     1705   158515   249994    111415869474    111416119467        42407514      90050     156922     250000         51     7    1400000  165182000  250000000  250000000
   3     1705   158490   249981    111416119476    111416369458        42657517      90205     156922     250000         41     7    1400000  165182000  250000000  250000000
   3     1705   158519   249999    111416369467    111416619466        42907507      90060     156922     250000         49     7    1400000  165182000  250000000  250000000
   3     1705   158521   249983    111416619475    111416869457        43157515      90028     156922     250000         41     7    1400000  165182000  250000000  250000000
   3     1705   158491   249997    111416869466    111417119463        43407507      90283     156922     250000         47     7    1400000  165182000  250000000  250000000
   3     1705   158505   249988    111417119472    111417369461        43657513      90156     156922     250000         44     7    1400000  165182000  250000000  250000000
   3     1705   158499   249991    111417369470    111417619461        43907511      90102     156922     250000         44     7    1400000  165182000  250000000  250000000
   3     1705   158493   249987    111417619470    111417869457        44157511      90253     156922     250000         40     7    1400000  165182000  250000000  250000000
   3     1705   158513   249997    111417869466    111418119464        44407507      90024     156922     250000         47     7    1400000  165182000  250000000  250000000
   3     1705   158490   249984    111418119473    111418369457        44657513      90271     156922     250000         40     7    1400000  165182000  250000000  250000000
   3     1705   158491   249995    111418369466    111418619461        44907506      90294     156922     250000         44     7    1400000  165182000  250000000  250000000
   3     1705   158516   249987    111418619470    111418869457        45157511      90073     156922     250000         40     7    1400000  165182000  250000000  250000000
   3     1705   158490   249997    111418869466    111419119462        45407506      90304     156922     250000         46     7    1400000  165182000  250000000  250000000
   3     1705   158500   249985    111419119472    111419369457        45657512      90177     156922     250000         40     7    1400000  165182000  250000000  250000000
   3     1705   158525   250013    111419369466    111419619479        45907506      89990     156922     250000         62     7    1400000  165182000  250000000  250000000
   3     1705   158502   249977    111419619488    111419869466        46157529      90177     156922     250000         49     7    1400000  165182000  250000000  250000000
   3     1705   158493   249997    111419869475    111420119471        46407515      90201     156922     250000         54     7    1400000  165182000  250000000  250000000
   3     1705   158513   249983    111420119481    111420369464        46657521      90092     156922     250000         47     7    1400000  165182000  250000000  250000000
   3     1705   158494   249995    111420369473    111420619468        46907514      90262     156922     250000         52     7    1400000  165182000  250000000  250000000
   3     1705   158491   249992    111420619478    111420869469        47157518      90270     156922     250000         52     7    1400000  165182000  250000000  250000000
   3     1705   158512   249995    111420869479    111421119474        47407519      90036     156922     250000         56     7    1400000  165182000  250000000  250000000
   3     1705   158491   249981    111421119483    111421369464        47657523      90137     156922     250000         47     7    1400000  165182000  250000000  250000000
   3     1705   158508   249988    111421369473    111421619461        47907514      90128     156922     250000         45     7    1400000  165182000  250000000  250000000
   3     1705   158517   249950    111421619507    111421869457        48157548      90044     156922     250000         40     7    1400000  165182000  250000000  250000000
   3     1705   158488   249994    111421869466    111422119461        48407507      90246     156922     250000         44     7    1400000  165182000  250000000  250000000
   3     1705   158515   249987    111422119470    111422369457        48657510      90087     156922     250000         40     7    1400000  165182000  250000000  250000000
   3     1705   158507   250005    111422369466    111422619471        48907506      90110     156922     250000         54     7    1400000  165182000  250000000  250000000
   3     1705   158495   249977    111422619480    111422869457        49157520      90233     156922     250000         40     7    1400000  165182000  250000000  250000000
   3     1705   158515   249996    111422869466    111423119462        49407506      90092     156922     250000         44     7    1400000  165182000  250000000  250000000
   3     1705   158501   249994    111423119471    111423369465        49657512      90192     156922     250000         49     7    1400000  165182000  250000000  250000000
   3     1705   158497   249986    111423369475    111423619461        49907515      90213     156922     250000         44     7    1400000  165182000  250000000  250000000
   3     1705   158524   249987    111423619470    111423869457        50157510      90064     156922     250000         40     7    1400000  165182000  250000000  250000000
   3     1705   158491   250002    111423869466    111424119468        50407507      90249     156922     250000         51     7    1400000  165182000  250000000  250000000
   3     1705   158503   249979    111424119478    111424369457        50657518      90173     156922     250000         40     7    1400000  165182000  250000000  250000000
   3     1705   158514   249995    111424369466    111424619461        50907506      90068     156922     250000         44     7    1400000  165182000  250000000  250000000
   3     1705   158492   249987    111424619470    111424869457        51157510      90250     156922     250000         40     7    1400000  165182000  250000000  250000000
   3     1705   158488   249994    111424869466    111425119460        51407506      90165     156922     250000         43     7    1400000  165182000  250000000  250000000
   3     1705   158517   249986    111425119471    111425369457        51657511      89998     156922     250000         40     7    1400000  165182000  250000000  250000000
   3     1705   158499   250004    111425369466    111425619470        51907506      90243     156922     250000         53     7    1400000  165182000  250000000  250000000
   3     1705   158511   249977    111425619480    111425869456        52157520      90133     156922     250000         40     7    1400000  165182000  250000000  250000000
   3     1705   158518   249996    111425869465    111426119462        52407506      90072     156922     250000         44     7    1400000  165182000  250000000  250000000
   3     1705   158490   249986    111426119471    111426369457        52657511      90293     156922     250000         40     7    1400000  165182000  250000000  250000000
   3     1705   158506   249996    111426369466    111426619462        52907506      90208     156922     250000         45     7    1400000  165182000  250000000  250000000
   3     1705   158509   249992    111426619471    111426869464        53157512      89930     156922     250000         47     7    1400000  165182000  250000000  250000000
   3     1705   158484   249989    111426869473    111427119462        53407513      90287     156922     250000         45     7    1400000  165182000  250000000  250000000
   3     1705   158509   249987    111427119471    111427369457        53657511      90116     156922     250000         40     7    1400000  165182000  250000000  250000000
   3     1705   158505   249964    111427369497    111427619461        53907537      90125     156922     250000         44     7    1400000  165182000  250000000  250000000
   3     1705   158498   249989    111427619470    111427869459        54157510      90222     156922     250000         42     7    1400000  165182000  250000000  250000000
   3     1705   158523   249993    111427869468    111428119460        54407508      90099     156922     250000         44     7    1400000  165182000  250000000  250000000
   3     1705   158519   249988    111428119470    111428369457        54657510      90088     156922     250000         40     7    1400000  165182000  250000000  250000000
   3     1705   158492   250007    111428369466    111428619473        54907507      90281     156922     250000         56     7    1400000  165182000  250000000  250000000
   3     1705   158517   249984    111428619482    111428869467        55157523      90008     156922     250000         50     7    1400000  165182000  250000000  250000000
   3     1705   158506   249992    111428869476    111429119468        55407516      90187     156922     250000         51     7    1400000  165182000  250000000  250000000
   3     1705   158490   249988    111429119477    111429369465        55657517      90295     156922     250000         48     7    1400000  165182000  250000000  250000000
   3     1705   158522   249989    111429369474    111429619463        55907514      90031     156922     250000         45     7    1400000  165182000  250000000  250000000
   3     1705   158513   249993    111429619472    111429869464        56157512      90023     156922     250000         48     7    1400000  165182000  250000000  250000000
   3     1705   158491   250004    111429869473    111430119477        56407514      90137     156922     250000         60     7    1400000  165182000  250000000  250000000
   3     1705   158516   249978    111430119486    111430369464        56657527      90059     156922     250000         47     7    1400000  165182000  250000000  250000000
   3     1705   158504   249996    111430369473    111430619469        56907514      90157     156922     250000         52     7    1400000  165182000  250000000  250000000
   3     1705   158487   249986    111430619478    111430869464        57157519      90275     156922     250000         47     7    1400000  165182000  250000000  250000000
   3     1705   158524   249995    111430869473    111431119468        57407514      89979     156922     250000         52     7    1400000  165182000  250000000  250000000
   3     1705   158502   249986    111431119478    111431369464        57657518      90200     156922     250000         47     7    1400000  165182000  250000000  250000000
   3     1705   158502   250003    111431369473    111431619476        57907513      90200     156922     250000         57     7    1400000  165182000  250000000  250000000
   3     1705   158524   249978    111431619485    111431869464        58157526      90007     156922     250000         47     7    1400000  165182000  250000000  250000000
   3     1705   158506   249995    111431869473    111432119468        58407513      90171     156922     250000         51     7    1400000  165182000  250000000  250000000
   3     1705   158499   249987    111432119477    111432369463        58657517      90169     156922     250000         47     7    1400000  165182000  250000000  250000000
   3     1705   158511   249997    111432369472    111432619469        58907513      90062     156922     250000         53     7    1400000  165182000  250000000  250000000
   3     1705   158489   249990    111432619478    111432869468        59157519      90178     156922     250000         51     7    1400000  165182000  250000000  250000000
   3     1705   158504   249990    111432869478    111433119468        59407518      90157     156922     250000         51     7    1400000  165182000  250000000  250000000
   3     1705   158525   249987    111433119477    111433369464        59657518      90045     156922     250000         47     7    1400000  165182000  250000000  250000000
   3     1705   158497   249961    111433369512    111433619473        59907552      90137     156922     250000         56     7    1400000  165182000  250000000  250000000
   3     1705   158489   249981    111433619483    111433869464        60157524      90119     156922     250000         47     7    1400000  165182000  250000000  250000000
   3     1705   158512   249994    111433869473    111434119467        60407513      90105     156922     250000         51     7    1400000  165182000  250000000  250000000
   3     1705   158504   249987    111434119477    111434369464        60657517      90111     156922     250000         47     7    1400000  165182000  250000000  250000000
   3     1705   158513   250009    111434369472    111434619481        60907513      90017     156922     250000         65     7    1400000  165182000  250000000  250000000
   3     1705   158505   249973    111434619490    111434869464        61157531      90039     156922     250000         47     7    1400000  165182000  250000000  250000000
   3     1705   158520   249997    111434869472    111435119470        61407513      90103     156922     250000         53     7    1400000  165182000  250000000  250000000
   3     1705   158522   249970    111435119479    111435369449        61657519      89957     156922     250000         32     7    1400000  165182000  250000000  250000000
   3     1705   158521   250016    111435369458    111435619474        61907499      89949     156922     250000         57     7    1400000  165182000  250000000  250000000
   3     1705   158492   249974    111435619483    111435869457        62157524      90198     156922     250000         41     7    1400000  165182000  250000000  250000000
   3     1705   158527   249994    111435869467    111436119460        62407507      90024     156922     250000         44     7    1400000  165182000  250000000  250000000
   3     1705   158491   249992    111436119470    111436369462        62657510      90261     156922     250000         45     7    1400000  165182000  250000000  250000000
   3     1705   158496   249991    111436369471    111436619462        62907512      90195     156922     250000         45     7    1400000  165182000  250000000  250000000
   3     1705   158502   249987    111436619471    111436869458        63157511      90174     156922     250000         41     7    1400000  165182000  250000000  250000000
   3     1705   158485   249995    111436869467    111437119462        63407508      90336     156922     250000         45     7    1400000  165182000  250000000  250000000
   3     1705   158506   249985    111437119471    111437369457        63657512      90136     156922     250000         40     7    1400000  165182000  250000000  250000000
   3     1705   158500   250010    111437369465    111437619476        63907506      90091     156922     250000         57     7    1400000  165182000  250000000  250000000
   3     1705   158490   249980    111437619485    111437869465        64157525      90240     156922     250000         48     7    1400000  165182000  250000000  250000000
   3     1705   158515   249987    111437869474    111438119461        64407515      90079     156922     250000         44     7    1400000  165182000  250000000  250000000
   3     1705   158508   249987    111438119470    111438369457        64657510      90057     156922     250000         40     7    1400000  165182000  250000000  250000000
   3     1705   158486   249996    111438369467    111438619462        64907507      90280     156922     250000         46     7    1400000  165182000  250000000  250000000
   3     1705   158506   249985    111438619472    111438869457        65157512      90072     156922     250000         40     7    1400000  165182000  250000000  250000000
   3     1705   158501   249997    111438869466    111439119463        65407506      90165     156922     250000         46     7    1400000  165182000  250000000  250000000
   3     1705   158485   249955    111439119507    111439369461        65657547      90276     156922     250000         44     7    1400000  165182000  250000000  250000000
   3     1705   158502   249990    111439369471    111439619460        65907511      90210     156922     250000         44     7    1400000  165182000  250000000  250000000
   3     1705   158510   249987    111439619469    111439869457        66157510      90067     156922     250000         40     7    1400000  165182000  250000000  250000000
   3     1705   158494   249996    111439869466    111440119461        66407506      90253     156922     250000         44     7    1400000  165182000  250000000  250000000
   3     1705   158523   249993    111440119471    111440369464        66657511      90000     156922     250000         47     7    1400000  165182000  250000000  250000000
   3     1705   158503   250005    111440369473    111440619478        66907513      90131     156922     250000         61     7    1400000  165182000  250000000  250000000
   3     1705   158493   249981    111440619487    111440869468        67157527      90200     156922     250000         51     7    1400000  165182000  250000000  250000000
   3     1705   158522   249990    111440869476    111441119467        67407517      90046     156922     250000         50     7    1400000  165182000  250000000  250000000
   3     1705   158507   249992    111441119476    111441369468        67657516      90130     156922     250000         51     7    1400000  165182000  250000000  250000000
   3     1705   158490   249995    111441369477    111441619471        67907517      90188     156922     250000         55     7    1400000  165182000  250000000  250000000
   3     1705   158528   249983    111441619481    111441869464        68157521      89964     156922     250000         47     7    1400000  165182000  250000000  250000000
   3     1705   158517   249995    111441869473    111442119468        68407514      90084     156922     250000         52     7    1400000  165182000  250000000  250000000
   3     1705   158493   249986    111442119477    111442369464        68657518      90212     156922     250000         47     7    1400000  165182000  250000000  250000000
   3     1705   158505   249995    111442369473    111442619467        68907513      90077     156922     250000         50     7    1400000  165182000  250000000  250000000
   3     1705   158507   249987    111442619477    111442869463        69157517      90126     156922     250000         47     7    1400000  165182000  250000000  250000000
   3     1705   158489   249996    111442869472    111443119468        69407513      90315     156922     250000         51     7    1400000  165182000  250000000  250000000
   3     1705   158515   249991    111443119477    111443369468        69657518      90068     156922     250000         51     7    1400000  165182000  250000000  250000000
   3     1705   158501   249999    111443369477    111443619476        69907517      89976     156922     250000         59     7    1400000  165182000  250000000  250000000
   3     1705   158499   249980    111443619485    111443869465        70157526      90232     156922     250000         48     7    1400000  165182000  250000000  250000000
   3     1705   158524   249994    111443869474    111444119468        70407515      90045     156922     250000         51     7    1400000  165182000  250000000  250000000
   3     1705   158505   249986    111444119477    111444369464        70657518      90142     156922     250000         47     7    1400000  165182000  250000000  250000000
   3     1705   158501   249995    111444369473    111444619468        70907513      90123     156922     250000         51     7    1400000  165182000  250000000  250000000
   3     1705   158519   249986    111444619477    111444869464        71157518      90045     156922     250000         47     7    1400000  165182000  250000000  250000000
   3     1705   158508   249995    111444869473    111445119468        71407513      90143     156922     250000         51     7    1400000  165182000  250000000  250000000
   3     1705   158495   249956    111445119508    111445369464        71657548      90058     156922     250000         47     7    1400000  165182000  250000000  250000000
   3     1705   158503   249988    111445369473    111445619461        71907513      90121     156922     250000         45     7    1400000  165182000  250000000  250000000
   3     1705   158508   249990    111445619471    111445869461        72157511      90113     156922     250000         44     7    1400000  165182000  250000000  250000000
   3     1705   158510   249992    111445869470    111446119461        72407510      90080     156922     250000         45     7    1400000  165182000  250000000  250000000
   3     1705   158506   249990    111446119470    111446369461        72657511      90084     156922     250000         44     7    1400000  165182000  250000000  250000000
   3     1705   158499   249999    111446369470    111446619469        72907510      90042     156922     250000         50     7    1400000  165182000  250000000  250000000
   3     1705   158522   249978    111446619478    111446869457        73157519      90028     156922     250000         40     7    1400000  165182000  250000000  250000000
   3     1705   158501   249995    111446869466    111447119461        73407506      90179     156922     250000         44     7    1400000  165182000  250000000  250000000
   3     1705   158492   249990    111447119470    111447369460        73657511      90156     156922     250000         43     7    1400000  165182000  250000000  250000000
   3     1705   158512   249992    111447369469    111447619461        73907509      90052     156922     250000         45     7    1400000  165182000  250000000  250000000
   3     1705   158496   249986    111447619470    111447869457        74157511      90244     156922     250000         40     7    1400000  165182000  250000000  250000000
   3     1705   158513   249996    111447869466    111448119462        74407506      90068     156922     250000         44     7    1400000  165182000  250000000  250000000
   3     1705   158508   249986    111448119471    111448369457        74657512      90141     156922     250000         40     7    1400000  165182000  250000000  250000000
   3     1705   158490   250004    111448369466    111448619470        74907506      90135     156922     250000         51     7    1400000  165182000  250000000  250000000
   3     1705   158500   249977    111448619479    111448869457        75157520      90200     156922     250000         40     7    1400000  165182000  250000000  250000000
   3     1705   158520   249996    111448869466    111449119462        75407506      90056     156922     250000         45     7    1400000  165182000  250000000  250000000
   3     1705   158494   249985    111449119472    111449369457        75657512      90242     156922     250000         40     7    1400000  165182000  250000000  250000000
   3     1705   158509   250001    111449369466    111449619467        75907506      90188     156922     250000         50     7    1400000  165182000  250000000  250000000
   3     1705   158525   249982    111449619476    111449869457        76157516      90011     156922     250000         41     7    1400000  165182000  250000000  250000000
   3     1705   158503   249997    111449869467    111450119464        76407507      90238     156922     250000         47     7    1400000  165182000  250000000  250000000
   3     1705   158498   249984    111450119473    111450369457        76657513      90166     156922     250000         40     7    1400000  165182000  250000000  250000000
   3     1705   158520   249994    111450369466    111450619460        76907506      90033     156922     250000         43     7    1400000  165182000  250000000  250000000
   3     1705   158488   249989    111450619469    111450869458        77157509      90315     156922     250000         41     7    1400000  165182000  250000000  250000000
   3     1705   158514   249994    111450869467    111451119461        77407507      90055     156922     250000         44     7    1400000  165182000  250000000  250000000
   3     1705   158511   249957    111451119500    111451369457        77657541      90083     156922     250000         40     7    1400000  165182000  250000000  250000000
   3     1705   158488   249996    111451369466    111451619463        77907507      90283     156922     250000         46     7    1400000  165182000  250000000  250000000
   3     1705   158520   249985    111451619472    111451869457        78157512      90043     156922     250000         40     7    1400000  165182000  250000000  250000000
   3     1705   158517   249999    111451869466    111452119465        78407506      90046     156922     250000         48     7    1400000  165182000  250000000  250000000
   3     1705   158490   249983    111452119474    111452369457        78657515      90156     156922     250000         40     7    1400000  165182000  250000000  250000000
   3     1705   158521   250001    111452369466    111452619467        78907506      90099     156922     250000         50     7    1400000  165182000  250000000  250000000
   3     1705   158507   249981    111452619476    111452869457        79157516      90173     156922     250000         40     7    1400000  165182000  250000000  250000000
   3     1705   158498   250000    111452869466    111453119465        79407506      90229     156922     250000         48     7    1400000  165182000  250000000  250000000
   3     1705   158515   249982    111453119475    111453369457        79657515      90064     156922     250000         40     7    1400000  165182000  250000000  250000000
   3     1705   158504   249995    111453369466    111453619461        79907506      90132     156922     250000         44     7    1400000  165182000  250000000  250000000
   3     1705   158495   249987    111453619470    111453869457        80157511      90261     156922     250000         40     7    1400000  165182000  250000000  250000000
   3     1705   158506   249995    111453869466    111454119460        80407506      90070     156922     250000         44     7    1400000  165182000  250000000  250000000
   3     1705   158498   249988    111454119469    111454369457        80657510      90084     156922     250000         41     7    1400000  165182000  250000000  250000000
   3     1705   158487   249994    111454369466    111454619461        80907507      90303     156922     250000         44     7    1400000  165182000  250000000  250000000
   3     1705   158509   249987    111454619470    111454869457        81157510      90100     156922     250000         40     7    1400000  165182000  250000000  250000000
   3     1705   158512   250001    111454869466    111455119467        81407507      90087     156922     250000         50     7    1400000  165182000  250000000  250000000
   3     1705   158492   249984    111455119476    111455369460        81657516      90109     156922     250000         43     7    1400000  165182000  250000000  250000000
   3     1705   158525   250000    111455369469    111455619470        81907510      90054     156922     250000         53     7    1400000  165182000  250000000  250000000
   3     1705   158512   249980    111455619479    111455869458        82157519      90024     156922     250000         42     7    1400000  165182000  250000000  250000000
   3     1705   158493   249993    111455869467    111456119461        82407508      90130     156922     250000         44     7    1400000  165182000  250000000  250000000
   3     1705   158515   249987    111456119470    111456369457        82657510      90039     156922     250000         40     7    1400000  165182000  250000000  250000000
   3     1705   158504   249995    111456369466    111456619461        82907507      90146     156922     250000         44     7    1400000  165182000  250000000  250000000
   3     1705   158502   249986    111456619470    111456869457        83157511      90213     156922     250000         40     7    1400000  165182000  250000000  250000000
   3     1705   158510   249967    111456869495    111457119462        83407536      90091     156922     250000         45     7    1400000  165182000  250000000  250000000
   3     1705   158504   249994    111457119472    111457369465        83657512      90203     156922     250000         48     7    1400000  165182000  250000000  250000000
   3     1705   158512   249987    111457369474    111457619462        83907515      90107     156922     250000         45     7    1400000  165182000  250000000  250000000
   3     1705   158515   249991    111457619471    111457869462        84157512      90119     156922     250000         44     7    1400000  165182000  250000000  250000000
   3     1705   158503   249990    111457869472    111458119461        84407512      90110     156922     250000         45     7    1400000  165182000  250000000  250000000
   3     1705   158519   249987    111458119470    111458369457        84657511      90084     156922     250000         40     7    1400000  165182000  250000000  250000000
   3     1705   158515   250001    111458369466    111458619467        84907506      90120     156922     250000         50     7    1400000  165182000  250000000  250000000
   3     1705   158515   249980    111458619476    111458869457        85157516      90082     156922     250000         40     7    1400000  165182000  250000000  250000000
   3     1705   158502   249995    111458869465    111459119460        85407506      90241     156922     250000         43     7    1400000  165182000  250000000  250000000
   3     1705   158499   249988    111459119469    111459369457        85657510      90019     156922     250000         40     7    1400000  165182000  250000000  250000000
   3     1705   158504   249994    111459369466    111459619460        85907506      90193     156922     250000         43     7    1400000  165182000  250000000  250000000
   3     1705   158515   249989    111459619469    111459869458        86157509      90041     156922     250000         41     7    1400000  165182000  250000000  250000000
   3     1705   158500   249992    111459869467    111460119460        86407508      90145     156922     250000         43     7    1400000  165182000  250000000  250000000
   3     1705   158499   249988    111460119469    111460369457        86657509      90214     156922     250000         40     7    1400000  165182000  250000000  250000000
   3     1705   158518   249995    111460369466    111460619460        86907506      90089     156922     250000         44     7    1400000  165182000  250000000  250000000
   3     1705   158493   249988    111460619469    111460869457        87157509      90211     156922     250000         40     7    1400000  165182000  250000000  250000000
   3     1705   158498   249997    111460869466    111461119463        87407506      90009     156922     250000         45     7    1400000  165182000  250000000  250000000
   3     1705   158521   249984    111461119473    111461369457        87657513      90051     156922     250000         40     7    1400000  165182000  250000000  250000000
   3     1705   158493   250000    111461369466    111461619466        87907506      90245     156922     250000         49     7    1400000  165182000  250000000  250000000
   3     1705   158496   249982    111461619475    111461869457        88157515      90218     156922     250000         40     7    1400000  165182000  250000000  250000000
   3     1705   158515   249995    111461869466    111462119461        88407506      90076     156922     250000         44     7    1400000  165182000  250000000  250000000
   3     1705   158489   249987    111462119470    111462369457        88657510      90329     156922     250000         40     7    1400000  165182000  250000000  250000000
   3     1705   158509   249996    111462369466    111462619462        88907506      90129     156922     250000         45     7    1400000  165182000  250000000  250000000
   3     1705   158512   249986    111462619471    111462869457        89157511      90095     156922     250000         40     7    1400000  165182000  250000000  250000000
   3     1705   158492   249963    111462869498    111463119461        89407539      90248     156922     250000         44     7    1400000  165182000  250000000  250000000
   3     1705   158511   249986    111463119470    111463369457        89657511      90105     156922     250000         40     7    1400000  165182000  250000000  250000000
   3     1705   158516   249996    111463369466    111463619461        89907506      90111     156922     250000         45     7    1400000  165182000  250000000  250000000
   3     1705   158487   249987    111463619471    111463869457        90157511      90170     156922     250000         41     7    1400000  165182000  250000000  250000000
