#idx     perf      run   period           start             end          rel_st      slack c_duration   c_period     wu_lat   cpu       freq dl_runtime  dl_period dl_deadline
   1      376    35004   136464     64408307035     64408443500          859768     100970      34644     140000         33     6    1400000   36644000  140000000  140000000
   1      376    35002   139992     64408443509     64408583501          996241     104571      34644     140000         35     6    1400000   36644000  140000000  140000000
   1      376    35002   139986     64408583510     64408723496         1136243     104557      34644     140000         30     6    1400000   36644000  140000000  140000000
   1      376    35024   139996     64408723505     64408863501         1276237     101061      34644     140000         34     6    1400000   36644000  140000000  140000000
   1      376    35005   139989     64408863509     64409003499         1416242     104558      34644     140000         32     6    1400000   36644000  140000000  140000000
   1      376    37483   140027     64409003507     64409143534         1556239        -69      34644     140000          0     6    1400000   36644000  140000000  140000000
   1      376    37713   141644     64409143544     64409285188         1696277      -1722      34644     140000          0     6    1300000   36644000  140000000  140000000
   1      376    37730   141337     64409285198     64409426535         1837930      -3069      34644     140000          0     6    1300000   36644000  140000000  140000000
   1      376    37716   141643     64409426544     64409568187         1979277      -4722      34644     140000          0     6    1300000   36644000  140000000  140000000
   1      376    37899   137824     64409568197     64409706021         2120929      -2555      34644     140000          0     6    1300000   36644000  140000000  140000000
   1      376    40880   148757     64409706031     64409854788         2258764     -11323      34644     140000          0     6    1200000   36644000  140000000  140000000
   1      376    40851   140829     64409854798     64409995627         2407531     -12161      34644     140000          0     6    1200000   36644000  140000000  140000000
   1      376    40862   144942     64409995637     64410140579         2548370     -17114      34644     140000          0     6    1200000   36644000  140000000  140000000
   1      376    40876   148806     64410140590     64410289396         2693322     -25930      34644     140000          0     6    1200000   36644000  140000000  140000000
   1      376    40855   140859     64410289406     64410430264         2842138     -26799      34644     140000          0     6    1200000   36644000  140000000  140000000
   1      376    40853   144864     64410430274     64410575138         2983007     -31672      34644     140000          0     6    1200000   36644000  140000000  140000000
   1      376    40860   140946     64410575148     64410716094         3127881     -32629      34644     140000          0     6    1200000   36644000  140000000  140000000
   1      376    40900   248494     64410716105     64410964599         3268837    -141133      34644     140000          0     6    1200000   36644000  140000000  140000000
   1      376    40855   144896     64410964609     64411109505         3517342    -146039      34644     140000          0     6    1200000   36644000  140000000  140000000
   1      376    40855   144901     64411109515     64411254416         3662248    -150951      34644     140000          0     6    1200000   36644000  140000000  140000000
   1      376    40882   148726     64411254427     64411403153         3807159    -159687      34644     140000          0     6    1200000   36644000  140000000  140000000
   1      376    40855   140921     64411403163     64411544084         3955895    -160618      34644     140000          0     6    1200000   36644000  140000000  140000000
   1      376    40852   144875     64411544094     64411688969         4096826    -165503      34644     140000          0     6    1200000   36644000  140000000  140000000
   1      376    40872   144840     64411689019     64411833859         4241752    -170393      34644     140000          0     6    1200000   36644000  140000000  140000000
   1      376    40854   140848     64411833869     64411974717         4386601    -171251      34644     140000          0     6    1200000   36644000  140000000  140000000
   1      376    40855   248874     64411974727     64412223600         4527459    -280134      34644     140000          0     6    1200000   36644000  140000000  140000000
   1      376    40860   145022     64412223610     64412368632         4776343    -285166      34644     140000          0     6    1200000   36644000  140000000  140000000
   1      376    40868   144895     64412368642     64412513537         4921374    -290072      34644     140000          0     6    1200000   36644000  140000000  140000000
   1      376    40851   140920     64412513548     64412654467         5066280    -291002      34644     140000          0     6    1200000   36644000  140000000  140000000
   1      376    40859   144974     64412654477     64412799452         5207210    -295986      34644     140000          0     6    1200000   36644000  140000000  140000000
   1      376    40854   165358     64412799462     64412964820         5352194    -321354      34644     140000          0     6    1200000   36644000  140000000  140000000
   1      376    40852   124917     64412964830     64413089747         5517563    -306282      34644     140000          0     6    1200000   36644000  140000000  140000000
   1      376    40864   144986     64413089758     64413234743         5642490    -311278      34644     140000          0     6    1200000   36644000  140000000  140000000
   1      376    40872   148873     64413234754     64413383627         5787486    -320161      34644     140000          0     6    1200000   36644000  140000000  140000000
   1      376    40874   240564     64413383637     64413624200         5936369    -420735      34644     140000          0     6    1200000   36644000  140000000  140000000
   1      376    40855   144942     64413624210     64413769152         6176943    -425687      34644     140000          0     6    1200000   36644000  140000000  140000000
   1      376    40850   153329     64413769162     64413922491         6321895    -439025      34644     140000          0     6    1200000   36644000  140000000  140000000
   1      376    40857   136935     64413922501     64414059435         6475233    -435970      34644     140000          0     6    1200000   36644000  140000000  140000000
   1      376    40856   145006     64414059445     64414204452         6612178    -440986      34644     140000          0     6    1200000   36644000  140000000  140000000
   1      376    40858   140993     64414204462     64414345455         6757194    -441989      34644     140000          0     6    1200000   36644000  140000000  140000000
   1      376    40875   148737     64414345465     64414494202         6898197    -450736      34644     140000          0     6    1200000   36644000  140000000  140000000
   1      376    40855   140990     64414494212     64414635202         7046944    -451736      34644     140000          0     6    1200000   36644000  140000000  140000000
   1      376    40881   248636     64414635212     64414883848         7187944    -560382      34644     140000          0     6    1200000   36644000  140000000  140000000
   1      376    40884   145065     64414883859     64415028924         7436592    -565458      34644     140000          0     6    1200000   36644000  140000000  140000000
   1      376    40857   140966     64415028934     64415169901         7581667    -566435      34644     140000          0     6    1200000   36644000  140000000  140000000
   1      376    40853   144922     64415169911     64415314833         7722643    -571367      34644     140000          0     6    1200000   36644000  140000000  140000000
   1      376    40877   148959     64415314843     64415463802         7867576    -580336      34644     140000          0     6    1200000   36644000  140000000  140000000
   1      376    40858   140996     64415463850     64415604846         8016583    -581380      34644     140000          0     6    1200000   36644000  140000000  140000000
   1      376    40859   144947     64415604856     64415749803         8157588    -586337      34644     140000          0     6    1200000   36644000  140000000  140000000
   1      376    40876   148989     64415749813     64415898802         8302545    -595336      34644     140000          0     6    1200000   36644000  140000000  140000000
   1      376    40861   140815     64415898811     64416039627         8451544    -596161      34644     140000          0     6    1200000   36644000  140000000  140000000
   1      376    40874   244679     64416039637     64416284316         8592370    -700850      34644     140000          0     6    1200000   36644000  140000000  140000000
   1      376    40857   144984     64416284326     64416429310         8837058    -705844      34644     140000          0     6    1200000   36644000  140000000  140000000
   1      376    40873   144937     64416429320     64416574257         8982053    -710792      34644     140000          0     6    1200000   36644000  140000000  140000000
   1      376    40855   145000     64416574267     64416719267         9126999    -715801      34644     140000          0     6    1200000   36644000  140000000  140000000
   1      376    40865   145098     64416719277     64416864375         9272009    -720909      34644     140000          0     6    1200000   36644000  140000000  140000000
   1      376    40879   144991     64416864385     64417009377         9417118    -725911      34644     140000          0     6    1200000   36644000  140000000  140000000
   1      376    40856   141006     64417009386     64417150393         9562119    -726927      34644     140000          0     6    1200000   36644000  140000000  140000000
   1      376    44432   253318     64417150403     64417403721         9703135    -840255      34644     140000          0     6    1200000   36644000  140000000  140000000
   1      376    44595   149159     64417403732     64417552891         9956465    -849425      34644     140000          0     6    1100000   36644000  140000000  140000000
   1      376    40851   209524     64417552902     64417762426        10105634    -918960      34644     140000          0     6    1200000   36644000  140000000  140000000
   1      376    40868   144628     64417762436     64417907065        10315169    -923599      34644     140000          0     6    1200000   36644000  140000000  140000000
   1      376    41913   145734     64417907075     64418052809        10459808    -929343      34644     140000          0     6    1200000   36644000  140000000  140000000
   1      376    44578   148485     64418052820     64418201306        10605553    -937840      34644     140000          0     6    1100000   36644000  140000000  140000000
   1      376    42709   142886     64418201317     64418344204        10754050    -940738      34644     140000          0     6    1100000   36644000  140000000  140000000
   1      376    40852   144682     64418344215     64418488896        10896947    -945431      34644     140000          0     6    1200000   36644000  140000000  140000000
   1      376    43896   251148     64418488906     64418740054        11041639   -1056588      34644     140000          0     6    1200000   36644000  140000000  140000000
   1      376    44094   148271     64418740067     64418888337        11292799   -1064871      34644     140000          0     6    1100000   36644000  140000000  140000000
   1      376    40860   144711     64418888347     64419033058        11441079   -1069592      34644     140000          0     6    1200000   36644000  140000000  140000000
   1      376    42443   146245     64419033068     64419179313        11585800   -1075847      34644     140000          0     6    1200000   36644000  140000000  140000000
   1      376    44596   152828     64419179363     64419332191        11732095   -1088725      34644     140000          0     6    1100000   36644000  140000000  140000000
   1      376    42107   137916     64419332202     64419470118        11884935   -1086653      34644     140000          0     6    1100000   36644000  140000000  140000000
   1      376    40845   249269     64419470128     64419719397        12022861   -1195931      34644     140000          0     6    1200000   36644000  140000000  140000000
   1      376    40883   144717     64419719408     64419864125        12272140   -1200659      34644     140000          0     6    1200000   36644000  140000000  140000000
   1      376    41646   145464     64419864135     64420009599        12416867   -1206133      34644     140000          0     6    1200000   36644000  140000000  140000000
   1      376    44576   148448     64420009609     64420158057        12562342   -1214592      34644     140000          0     6    1100000   36644000  140000000  140000000
   1      376    42635   150467     64420158068     64420308535        12710801   -1225069      34644     140000          0     6    1100000   36644000  140000000  140000000
   1      376    40859   140676     64420308545     64420449221        12861277   -1225755      34644     140000          0     6    1200000   36644000  140000000  140000000
   1      376    43596   250196     64420449231     64420699427        13001963   -1335961      34644     140000          0     6    1200000   36644000  140000000  140000000
   1      376    44493   148347     64420699438     64420847785        13252170   -1344319      34644     140000          0     6    1100000   36644000  140000000  140000000
   1      376    40858   140762     64420847795     64420988557        13400527   -1345091      34644     140000          0     6    1200000   36644000  140000000  140000000
   1      376    42047   145942     64420988567     64421134509        13541299   -1351043      34644     140000          0     6    1200000   36644000  140000000  140000000
   1      376    44577   148566     64421134519     64421283086        13687252   -1359620      34644     140000          0     6    1100000   36644000  140000000  140000000
   1      376    42187   146432     64421283097     64421429529        13835829   -1366063      34644     140000          0     6    1100000   36644000  140000000  140000000
   1      376    40858   144780     64421429539     64421574319        13982272   -1370853      34644     140000          0     6    1200000   36644000  140000000  140000000
   1      376    40881   248157     64421574330     64421822486        14127062   -1479021      34644     140000          0     6    1200000   36644000  140000000  140000000
   1      376    41520   145359     64421822496     64421967855        14375229   -1484389      34644     140000          0     6    1200000   36644000  140000000  140000000
   1      376    44568   144569     64421967865     64422112434        14520598   -1488968      34644     140000          0     6    1100000   36644000  140000000  140000000
   1      376    43087   146996     64422112445     64422259440        14665177   -1495975      34644     140000          0     6    1100000   36644000  140000000  140000000
   1      376    40874   148807     64422259450     64422408257        14812183   -1504791      34644     140000          0     6    1200000   36644000  140000000  140000000
   1      376    40857   140759     64422408267     64422549026        14961000   -1505560      34644     140000          0     6    1200000   36644000  140000000  140000000
   1      376    40864   144861     64422549036     64422693898        15101769   -1510432      34644     140000          0     6    1200000   36644000  140000000  140000000
   1      376    44373   252149     64422693908     64422946057        15246640   -1622591      34644     140000          0     6    1200000   36644000  140000000  140000000
   1      376    43595   147620     64422946068     64423093688        15498800   -1630222      34644     140000          0     6    1100000   36644000  140000000  140000000
   1      376    40855   140789     64423093736     64423234524        15646468   -1631059      34644     140000          0     6    1200000   36644000  140000000  140000000
   1      376    42621   150950     64423234535     64423385484        15787267   -1642018      34644     140000          0     6    1200000   36644000  140000000  140000000
   1      376    44575   144568     64423385495     64423530063        15938227   -1646597      34644     140000          0     6    1100000   36644000  140000000  140000000
   1      376    42995   250473     64423530075     64423780548        16082807   -1757082      34644     140000          0     6    1100000   36644000  140000000  140000000
   1      376    41355   149672     64423780558     64423930230        16333290   -1766764      34644     140000          0     6    1200000   36644000  140000000  140000000
   1      376    44570   140586     64423930241     64424070827        16482973   -1767361      34644     140000          0     6    1100000   36644000  140000000  140000000
   1      376    43216   147267     64424070838     64424218105        16623570   -1774639      34644     140000          0     6    1100000   36644000  140000000  140000000
   1      376    40855   169290     64424218114     64424387405        16770847   -1803939      34644     140000          0     6    1200000   36644000  140000000  140000000
   1      376    40854   120845     64424387415     64424508260        16940147   -1784794      34644     140000          0     6    1200000   36644000  140000000  140000000
   1      376    40859   144819     64424508270     64424653089        17061002   -1789623      34644     140000          0     6    1200000   36644000  140000000  140000000
   1      376    44283   251767     64424653099     64424904866        17205832   -1901400      34644     140000          0     6    1200000   36644000  140000000  140000000
   1      376    44015   144332     64424904877     64425049209        17457610   -1905744      34644     140000          0     6    1100000   36644000  140000000  140000000
   1      376    40854   144741     64425049220     64425193961        17601952   -1910495      34644     140000          0     6    1200000   36644000  140000000  140000000
   1      376    42554   146616     64425193971     64425340586        17746703   -1917121      34644     140000          0     6    1200000   36644000  140000000  140000000
   1      376    44595   152961     64425340598     64425493559        17893330   -1930093      34644     140000          0     6    1100000   36644000  140000000  140000000
   1      376    41666   141613     64425493569     64425635183        18046302   -1931717      34644     140000          0     6    1100000   36644000  140000000  140000000
   1      376    40887   245169     64425635193     64425880362        18187925   -2036896      34644     140000          0     6    1200000   36644000  140000000  140000000
   1      376    44584   151307     64425880373     64426031680        18433105   -2048215      34644     140000          0     6    1100000   36644000  140000000  140000000
   1      376    43465   143597     64426031691     64426175288        18584424   -2051822      34644     140000          0     6    1100000   36644000  140000000  140000000
   1      376    40860   144894     64426175298     64426320193        18728031   -2056727      34644     140000          0     6    1200000   36644000  140000000  140000000
   1      376    43133   151478     64426320203     64426471681        18872935   -2068215      34644     140000          0     6    1200000   36644000  140000000  140000000
   1      376    44583   248162     64426471692     64426719855        19024425   -2176389      34644     140000          0     6    1100000   36644000  140000000  140000000
   1      376    41087   145083     64426719865     64426864948        19272598   -2181482      34644     140000          0     6    1100000   36644000  140000000  140000000
   1      376    41453   149723     64426864992     64427014714        19417724   -2191249      34644     140000          0     6    1200000   36644000  140000000  140000000
   1      376    44568   140603     64427014726     64427155328        19567458   -2191862      34644     140000          0     6    1100000   36644000  140000000  140000000
   1      376    42842   146922     64427155339     64427302261        19708072   -2198796      34644     140000          0     6    1100000   36644000  140000000  140000000
   1      376    40871   148853     64427302272     64427451124        19855004   -2207659      34644     140000          0     6    1200000   36644000  140000000  140000000
   1      376    43775   248457     64427451134     64427699591        20003867   -2316125      34644     140000          0     6    1200000   36644000  140000000  140000000
   1      376    44575   144743     64427699602     64427844345        20252335   -2320879      34644     140000          0     6    1100000   36644000  140000000  140000000
   1      376    44569   148709     64427844355     64427993064        20397088   -2329598      34644     140000          0     6    1100000   36644000  140000000  140000000
   1      376    42716   171772     64427993075     64428164848        20545808   -2361382      34644     140000          0     6    1100000   36644000  140000000  140000000
   1      376    40854   120907     64428164858     64428285765        20717590   -2342299      34644     140000          0     6    1200000   36644000  140000000  140000000
   1      376    43617   147757     64428285776     64428433533        20838508   -2350067      34644     140000          0     6    1200000   36644000  140000000  140000000
   1      376    44612   248589     64428433545     64428682133        20986277   -2458668      34644     140000          0     6    1100000   36644000  140000000  140000000
   1      376    40856   145485     64428682145     64428827630        21234878   -2464164      34644     140000          0     6    1200000   36644000  140000000  140000000
   1      376    41982   146067     64428827640     64428973707        21380372   -2470241      34644     140000          0     6    1200000   36644000  140000000  140000000
   1      376    44567   165395     64428973718     64429139112        21526450   -2495647      34644     140000          0     6    1100000   36644000  140000000  140000000
   1      376    42509   126590     64429139123     64429265714        21691856   -2482248      34644     140000          0     6    1100000   36644000  140000000  140000000
   1      376    40860   144939     64429265724     64429410663        21818456   -2487197      34644     140000          0     6    1200000   36644000  140000000  140000000
   1      376    44099   252170     64429410673     64429662844        21963406   -2599378      34644     140000          0     6    1200000   36644000  140000000  140000000
   1      376    43867   147940     64429662855     64429810795        22215588   -2607329      34644     140000          0     6    1100000   36644000  140000000  140000000
   1      376    40845   140901     64429810806     64429951707        22363538   -2608241      34644     140000          0     6    1200000   36644000  140000000  140000000
   1      376    40880   148990     64429951717     64430100708        22504450   -2617242      34644     140000          0     6    1200000   36644000  140000000  140000000
   1      376    40855   140909     64430100719     64430241628        22653451   -2618162      34644     140000          0     6    1200000   36644000  140000000  140000000
   1      376    43248   147426     64430241638     64430389063        22794370   -2625597      34644     140000          0     6    1200000   36644000  140000000  140000000
   1      376    44610   252678     64430389074     64430641752        22941807   -2738287      34644     140000          0     6    1100000   36644000  140000000  140000000
   1      376    44575   144742     64430641763     64430786505        23194496   -2743039      34644     140000          0     6    1100000   36644000  140000000  140000000
   1      376    44578   148748     64430786557     64430935305        23339289   -2751839      34644     140000          0     6    1100000   36644000  140000000  140000000
   1      376    44596   153097     64430935316     64431088413        23488048   -2764947      34644     140000          0     6    1100000   36644000  140000000  140000000
   1      376    42067   142186     64431088424     64431230609        23641156   -2767144      34644     140000          0     6    1100000   36644000  140000000  140000000
   1      376    40853   144932     64431230620     64431375552        23783352   -2772087      34644     140000          0     6    1200000   36644000  140000000  140000000
   1      376    44174   252351     64431375562     64431627913        23928295   -2884447      34644     140000          0     6    1200000   36644000  140000000  140000000
   1      376    43766   143903     64431627924     64431771827        24180657   -2888361      34644     140000          0     6    1100000   36644000  140000000  140000000
   1      376    40857   144966     64431771837     64431916803        24324569   -2893337      34644     140000          0     6    1200000   36644000  140000000  140000000
   1      376    40867   145035     64431916813     64432061848        24469545   -2898382      34644     140000          0     6    1200000   36644000  140000000  140000000
   1      376    40873   144937     64432061859     64432206796        24614592   -2903331      34644     140000          0     6    1200000   36644000  140000000  140000000
   1      376    43356   143530     64432206807     64432350337        24759539   -2906871      34644     140000          0     6    1200000   36644000  140000000  140000000
   1      376    44588   252431     64432350347     64432602779        24903080   -3019313      34644     140000          0     6    1100000   36644000  140000000  140000000
   1      376    44590   149064     64432602789     64432751853        25155522   -3028387      34644     140000          0     6    1100000   36644000  140000000  140000000
   1      376    42824   167361     64432751864     64432919225        25304596   -3055759      34644     140000          0     6    1100000   36644000  140000000  140000000
   1      376    40855   121028     64432919235     64433040263        25471967   -3036797      34644     140000          0     6    1200000   36644000  140000000  140000000
   1      376    43146   151625     64433040274     64433191899        25593006   -3048433      34644     140000          0     6    1200000   36644000  140000000  140000000
   1      376    44595   248532     64433191910     64433440442        25744642   -3156976      34644     140000          0     6    1100000   36644000  140000000  140000000
   1      376    44578   148871     64433440453     64433589324        25993185   -3165858      34644     140000          0     6    1100000   36644000  140000000  140000000
   1      376    43642   144181     64433589335     64433733516        26142067   -3170050      34644     140000          0     6    1100000   36644000  140000000  140000000
   1      376    40836   149329     64433733526     64433882856        26286259   -3179390      34644     140000          0     6    1200000   36644000  140000000  140000000
   1      376    40859   141045     64433882866     64434023911        26435598   -3180445      34644     140000          0     6    1200000   36644000  140000000  140000000
   1      376    40877   149072     64434023921     64434172993        26576654   -3189527      34644     140000          0     6    1200000   36644000  140000000  140000000
   1      376    43917   246757     64434173003     64434419761        26725736   -3296294      34644     140000          0     6    1200000   36644000  140000000  140000000
   1      376    44578   144914     64434419772     64434564686        26972505   -3301221      34644     140000          0     6    1100000   36644000  140000000  140000000
   1      376    44597   153280     64434564735     64434718015        27117468   -3314549      34644     140000          0     6    1100000   36644000  140000000  140000000
   1      376    42917   143212     64434718026     64434861239        27270759   -3317773      34644     140000          0     6    1100000   36644000  140000000  140000000
   1      376    40857   145066     64434861249     64435006315        27413982   -3322849      34644     140000          0     6    1200000   36644000  140000000  140000000
   1      376    43696   152189     64435006325     64435158514        27559057   -3335048      34644     140000          0     6    1200000   36644000  140000000  140000000
   1      376    44585   244551     64435158525     64435403075        27711257   -3439610      34644     140000          0     6    1100000   36644000  140000000  140000000
   1      376    44570   148843     64435403087     64435551929        27955819   -3448463      34644     140000          0     6    1100000   36644000  140000000  140000000
   1      376    44606   153255     64435551940     64435705195        28104672   -3461729      34644     140000          0     6    1100000   36644000  140000000  140000000
   1      376    44569   140832     64435705206     64435846038        28257938   -3462572      34644     140000          0     6    1100000   36644000  140000000  140000000
   1      376    42599   146802     64435846049     64435992852        28398782   -3469386      34644     140000          0     6    1100000   36644000  140000000  140000000
   1      376    41019   249000     64435992862     64436241861        28545594   -3578396      34644     140000          0     6    1200000   36644000  140000000  140000000
   1      376    44589   146024     64436241873     64436387896        28794605   -3584430      34644     140000          0     6    1100000   36644000  140000000  140000000
   1      376    44575   148956     64436387907     64436536863        28940640   -3593397      34644     140000          0     6    1100000   36644000  140000000  140000000
   1      376    44590   153295     64436536874     64436690168        29089606   -3606702      34644     140000          0     6    1100000   36644000  140000000  140000000
   1      376    41929   142236     64436690179     64436832415        29242912   -3608950      34644     140000          0     6    1100000   36644000  140000000  140000000
   1      376    40857   247388     64436832426     64437079814        29385158   -3716348      34644     140000          0     6    1200000   36644000  140000000  140000000
   1      376    44208   148540     64437079824     64437228364        29632556   -3724898      34644     140000          0     6    1200000   36644000  140000000  140000000
   1      376    44589   145182     64437228375     64437373557        29781108   -3730091      34644     140000          0     6    1100000   36644000  140000000  140000000
   1      376    44567   148805     64437373568     64437522374        29926301   -3738908      34644     140000          0     6    1100000   36644000  140000000  140000000
   1      376    41962   166468     64437522384     64437688852        30075117   -3765386      34644     140000          0     6    1100000   36644000  140000000  140000000
   1      376    40875   129078     64437688862     64437817940        30241595   -3754475      34644     140000          0     6    1200000   36644000  140000000  140000000
   1      376    44030   244126     64437817950     64438062076        30370683   -3858610      34644     140000          0     6    1200000   36644000  140000000  140000000
   1      376    44574   148961     64438062087     64438211049        30614820   -3867583      34644     140000          0     6    1100000   36644000  140000000  140000000
   1      376    44590   149347     64438211060     64438360407        30763793   -3876941      34644     140000          0     6    1100000   36644000  140000000  140000000
   1      376    42380   146696     64438360418     64438507114        30913151   -3883649      34644     140000          0     6    1100000   36644000  140000000  140000000
   1      376    40839   141414     64438507159     64438648573        31059891   -3885107      34644     140000          0     6    1200000   36644000  140000000  140000000
   1      376    43928   252481     64438648582     64438901064        31201315   -3997598      34644     140000          0     6    1200000   36644000  140000000  140000000
   1      376    44566   148930     64438901075     64439050005        31453807   -4006539      34644     140000          0     6    1100000   36644000  140000000  140000000
   1      376    44572   144992     64439050016     64439195008        31602748   -4011543      34644     140000          0     6    1100000   36644000  140000000  140000000
   1      376    44592   153459     64439195019     64439348478        31747752   -4025012      34644     140000          0     6    1100000   36644000  140000000  140000000
   1      376    44568   144975     64439348489     64439493463        31901221   -4029998      34644     140000          0     6    1100000   36644000  140000000  140000000
   1      376    41322   246411     64439493474     64439739885        32046207   -4136419      34644     140000          0     6    1100000   36644000  140000000  140000000
   1      376    41326   145665     64439739896     64439885560        32292628   -4142094      34644     140000          0     6    1200000   36644000  140000000  140000000
   1      376    44567   148972     64439885571     64440034543        32438304   -4151077      34644     140000          0     6    1100000   36644000  140000000  140000000
   1      376    44569   144971     64440034554     64440179525        32587287   -4156059      34644     140000          0     6    1100000   36644000  140000000  140000000
   1      376    44601   153440     64440179536     64440332976        32732268   -4169510      34644     140000          0     6    1100000   36644000  140000000  140000000
   1      376    44597   248928     64440332987     64440581915        32885719   -4278449      34644     140000          0     6    1100000   36644000  140000000  140000000
   1      376    44243   144650     64440581927     64440726577        33134659   -4283111      34644     140000          0     6    1100000   36644000  140000000  140000000
   1      376    40869   149154     64440726587     64440875741        33279320   -4292276      34644     140000          0     6    1200000   36644000  140000000  140000000
   1      376    42381   142758     64440875751     64441018510        33428484   -4295044      34644     140000          0     6    1200000   36644000  140000000  140000000
   1      376    44569   148941     64441018521     64441167462        33571253   -4303996      34644     140000          0     6    1100000   36644000  140000000  140000000
   1      376    44599   153336     64441167473     64441320809        33720205   -4317343      34644     140000          0     6    1100000   36644000  140000000  140000000
   1      376    44352   244717     64441320819     64441565536        33873552   -4422070      34644     140000          0     6    1100000   36644000  140000000  140000000
   1      376    40860   145285     64441565546     64441710832        34118279   -4427366      34644     140000          0     6    1200000   36644000  140000000  140000000
   1      376    41961   150678     64441710842     64441861519        34263574   -4438054      34644     140000          0     6    1200000   36644000  140000000  140000000
   1      376    44574   140980     64441861530     64442002510        34414263   -4439044      34644     140000          0     6    1100000   36644000  140000000  140000000
   1      376    44566   148998     64442002521     64442151520        34555254   -4448054      34644     140000          0     6    1100000   36644000  140000000  140000000
   1      376    44606   269463     64442151531     64442420994        34704263   -4577528      34644     140000          0     6    1100000   36644000  140000000  140000000
   1      376    44571   129026     64442421044     64442550070        34973777   -4566604      34644     140000          0     6    1100000   36644000  140000000  140000000
   1      376    43227   147752     64442550081     64442697832        35102813   -4574367      34644     140000          0     6    1100000   36644000  140000000  140000000
   1      376    40854   145306     64442697843     64442843149        35250575   -4579683      34644     140000          0     6    1200000   36644000  140000000  140000000
   1      376    43064   143453     64442843160     64442986613        35395892   -4583147      34644     140000          0     6    1200000   36644000  140000000  140000000
   1      376    44568   253338     64442986624     64443239962        35539356   -4696496      34644     140000          0     6    1100000   36644000  140000000  140000000
   1      376    44577   149133     64443239972     64443389105        35792705   -4705639      34644     140000          0     6    1100000   36644000  140000000  140000000
   1      376    43635   144365     64443389116     64443533482        35941849   -4710016      34644     140000          0     6    1100000   36644000  140000000  140000000
   1      376    40855   145285     64443533492     64443678778        36086225   -4715312      34644     140000          0     6    1200000   36644000  140000000  140000000
   1      376    43024   147552     64443678787     64443826339        36231520   -4722873      34644     140000          0     6    1200000   36644000  140000000  140000000
   1      376    44589   153424     64443826350     64443979774        36379083   -4736308      34644     140000          0     6    1100000   36644000  140000000  140000000
   1      376    44594   245168     64443979785     64444224953        36532517   -4841487      34644     140000          0     6    1100000   36644000  140000000  140000000
   1      376    43670   148210     64444224964     64444373174        36777697   -4849708      34644     140000          0     6    1100000   36644000  140000000  140000000
   1      376    40867   141260     64444373184     64444514444        36925917   -4850978      34644     140000          0     6    1200000   36644000  140000000  140000000
   1      376    42636   147208     64444514455     64444661663        37067187   -4858197      34644     140000          0     6    1200000   36644000  140000000  140000000
   1      376    44574   149138     64444661674     64444810812        37214406   -4867346      34644     140000          0     6    1100000   36644000  140000000  140000000
   1      376    44614   249454     64444810823     64445060277        37363556   -4976811      34644     140000          0     6    1100000   36644000  140000000  140000000
   1      376    44554   149124     64445060288     64445209412        37613021   -4985946      34644     140000          0     6    1100000   36644000  140000000  140000000
   1      376    44574   149082     64445209423     64445358505        37762155   -4995039      34644     140000          0     6    1100000   36644000  140000000  140000000
   1      376    42732   151226     64445358517     64445509743        37911249   -5006277      34644     140000          0     6    1100000   36644000  140000000  140000000
   1      376    40842   137278     64445509753     64445647030        38062485   -5003564      34644     140000          0     6    1200000   36644000  140000000  140000000
   1      376    43763   253013     64445647040     64445900053        38199773   -5116587      34644     140000          0     6    1200000   36644000  140000000  140000000
   1      376    44356   145229     64445900064     64446045293        38452797   -5121827      34644     140000          0     6    1100000   36644000  140000000  140000000
   1      376    40837   169376     64446045303     64446214679        38598035   -5151213      34644     140000          0     6    1200000   36644000  140000000  140000000
   1      376    40844   121372     64446214689     64446336061        38767421   -5132595      34644     140000          0     6    1200000   36644000  140000000  140000000
   1      376    40857   145277     64446336106     64446481383        38888839   -5137918      34644     140000          0     6    1200000   36644000  140000000  140000000
   1      376    42888   143385     64446481393     64446624778        39034126   -5141312      34644     140000          0     6    1200000   36644000  140000000  140000000
   1      376    44550   149109     64446624790     64446773899        39177522   -5150433      34644     140000          0     6    1100000   36644000  140000000  140000000
   1      376    44546   249141     64446773910     64447023052        39326643   -5259586      34644     140000          0     6    1100000   36644000  140000000  140000000
   1      376    44570   157465     64447023062     64447180528        39575795   -5277062      34644     140000          0     6    1100000   36644000  140000000  140000000
   1      376    44561   141111     64447180539     64447321650        39733271   -5278184      34644     140000          0     6    1100000   36644000  140000000  140000000
   1      376    44564   153390     64447321662     64447475052        39874394   -5291586      34644     140000          0     6    1100000   36644000  140000000  140000000
   1      376    44563   245142     64447475063     64447720205        40027795   -5396739      34644     140000          0     6    1100000   36644000  140000000  140000000
   1      376    44558   149120     64447720216     64447869336        40272948   -5405870      34644     140000          0     6    1100000   36644000  140000000  140000000
   1      376    44570   149471     64447869347     64448018818        40422079   -5415353      34644     140000          0     6    1100000   36644000  140000000  140000000
   1      376    44567   145118     64448018829     64448163947        40571562   -5420481      34644     140000          0     6    1100000   36644000  140000000  140000000
   1      376    42079   146599     64448163958     64448310557        40716690   -5427091      34644     140000          0     6    1100000   36644000  140000000  140000000
   1      376    40849   145333     64448310567     64448455901        40863300   -5432435      34644     140000          0     6    1200000   36644000  140000000  140000000
   1      376    44229   249150     64448455911     64448705061        41008643   -5541595      34644     140000          0     6    1200000   36644000  140000000  140000000
   1      376    44567   149122     64448705071     64448854194        41257804   -5550728      34644     140000          0     6    1100000   36644000  140000000  140000000
   1      376    44569   145119     64448854205     64448999324        41406937   -5555858      34644     140000          0     6    1100000   36644000  140000000  140000000
   1      376    42459   147322     64448999336     64449146657        41552068   -5563192      34644     140000          0     6    1100000   36644000  140000000  140000000
   1      376    40860   145382     64449146668     64449292050        41699400   -5568584      34644     140000          0     6    1200000   36644000  140000000  140000000
   1      376    44237   248833     64449292060     64449540893        41844793   -5677427      34644     140000          0     6    1200000   36644000  140000000  140000000
   1      376    44588   149460     64449540904     64449690364        42093637   -5686898      34644     140000          0     6    1100000   36644000  140000000  140000000
   1      376    44567   149114     64449690375     64449839489        42243107   -5696023      34644     140000          0     6    1100000   36644000  140000000  140000000
   1      376    44570   145299     64449839500     64449984799        42392232   -5701333      34644     140000          0     6    1100000   36644000  140000000  140000000
   1      376    44591   153519     64449984810     64450138329        42537543   -5714863      34644     140000          0     6    1100000   36644000  140000000  140000000
   1      376    41231   245869     64450138377     64450384247        42691110   -5820781      34644     140000          0     6    1100000   36644000  140000000  140000000
   1      376    41360   141937     64450384257     64450526194        42936990   -5822728      34644     140000          0     6    1200000   36644000  140000000  140000000
   1      376    44579   149467     64450526205     64450675672        43078938   -5832206      34644     140000          0     6    1100000   36644000  140000000  140000000
   1      376    44578   149325     64450675682     64450825007        43228415   -5841541      34644     140000          0     6    1100000   36644000  140000000  140000000
   1      376    44554   169116     64450825018     64450994134        43377751   -5870669      34644     140000          0     6    1100000   36644000  140000000  140000000
   1      376    41607   226255     64450994146     64451220401        43546878   -5956935      34644     140000          0     6    1100000   36644000  140000000  140000000
   1      376    41370   145914     64451220411     64451366325        43773144   -5962859      34644     140000          0     6    1200000   36644000  140000000  140000000
   1      376    44565   145163     64451366337     64451511500        43919069   -5968034      34644     140000          0     6    1100000   36644000  140000000  140000000
   1      376    44587   153546     64451511511     64451665057        44064243   -5981591      34644     140000          0     6    1100000   36644000  140000000  140000000
   1      376    44575   145239     64451665068     64451810307        44217800   -5986841      34644     140000          0     6    1100000   36644000  140000000  140000000
   1      376    44566   249865     64451810318     64452060182        44363050   -6096716      34644     140000          0     6    1100000   36644000  140000000  140000000
   1      376    44344   149289     64452060194     64452209483        44612926   -6106018      34644     140000          0     6    1100000   36644000  140000000  140000000
   1      376    40854   141489     64452209493     64452350982        44762226   -6107517      34644     140000          0     6    1200000   36644000  140000000  140000000
   1      376    42344   147057     64452350993     64452498050        44903725   -6114584      34644     140000          0     6    1200000   36644000  140000000  140000000
   1      376    44582   153572     64452498060     64452651632        45050793   -6128166      34644     140000          0     6    1100000   36644000  140000000  140000000
   1      376    44567   141274     64452651643     64452792917        45204375   -6129451      34644     140000          0     6    1100000   36644000  140000000  140000000
   1      376    44586   253455     64452792928     64453046382        45345660   -6242916      34644     140000          0     6    1100000   36644000  140000000  140000000
   1      376    41278   145888     64453046395     64453192282        45599127   -6248817      34644     140000          0     6    1100000   36644000  140000000  140000000
   1      376    42081   142694     64453192292     64453334987        45745025   -6251521      34644     140000          0     6    1200000   36644000  140000000  140000000
   1      376    44566   149253     64453334998     64453484251        45887730   -6260785      34644     140000          0     6    1100000   36644000  140000000  140000000
   1      376    44601   153680     64453484261     64453637941        46036994   -6274475      34644     140000          0     6    1100000   36644000  140000000  140000000
   1      376    44552   245423     64453637952     64453883375        46190684   -6379909      34644     140000          0     6    1100000   36644000  140000000  140000000
   1      376    40855   145506     64453883386     64454028892        46436118   -6385426      34644     140000          0     6    1200000   36644000  140000000  140000000
   1      376    41781   142422     64454028902     64454171324        46581635   -6387859      34644     140000          0     6    1200000   36644000  140000000  140000000
   1      376    44595   149689     64454171377     64454321066        46724109   -6397599      34644     140000          0     6    1100000   36644000  140000000  140000000
   1      376    44574   149311     64454321077     64454470387        46873809   -6406921      34644     140000          0     6    1100000   36644000  140000000  140000000
   1      376    44571   273664     64454470399     64454744064        47023132   -6540598      34644     140000          0     6    1100000   36644000  140000000  140000000
   1      376    44567   125284     64454744076     64454869360        47296809   -6525894      34644     140000          0     6    1100000   36644000  140000000  140000000
   1      376    44571   145264     64454869371     64455014635        47422104   -6531169      34644     140000          0     6    1100000   36644000  140000000  140000000
   1      376    44595   153654     64455014647     64455168301        47567379   -6544835      34644     140000          0     6    1100000   36644000  140000000  140000000
   1      376    44567   145293     64455168311     64455313605        47721044   -6550139      34644     140000          0     6    1100000   36644000  140000000  140000000
   1      376    44585   249531     64455313615     64455563146        47866348   -6659680      34644     140000          0     6    1100000   36644000  140000000  140000000
   1      376    44581   169542     64455563156     64455732698        48115889   -6689232      34644     140000          0     6    1100000   36644000  140000000  140000000
   1      376    43332   124025     64455732709     64455856734        48285441   -6673268      34644     140000          0     6    1100000   36644000  140000000  140000000
   1      376    40854   145521     64455856744     64456002265        48409476   -6678799      34644     140000          0     6    1200000   36644000  140000000  140000000
   1      376    43343   148106     64456002274     64456150380        48555007   -6686914      34644     140000          0     6    1200000   36644000  140000000  140000000
   1      376    44607   249942     64456150391     64456400334        48703124   -6796868      34644     140000          0     6    1100000   36644000  140000000  140000000
   1      376    44563   149322     64456400344     64456549667        48953077   -6806201      34644     140000          0     6    1100000   36644000  140000000  140000000
   1      376    43578   144448     64456549678     64456694125        49102410   -6810659      34644     140000          0     6    1100000   36644000  140000000  140000000
   1      376    40869   145472     64456694135     64456839607        49246868   -6816141      34644     140000          0     6    1200000   36644000  140000000  140000000
   1      376    43101   147847     64456839617     64456987464        49392349   -6823998      34644     140000          0     6    1200000   36644000  140000000  140000000
   1      376    44571   149336     64456987475     64457136810        49540207   -6833344      34644     140000          0     6    1100000   36644000  140000000  140000000
   1      376    44598   249875     64457136821     64457386695        49689553   -6943230      34644     140000          0     6    1100000   36644000  140000000  140000000
   1      376    44570   149382     64457386706     64457536088        49939439   -6952622      34644     140000          0     6    1100000   36644000  140000000  140000000
   1      376    44571   145377     64457536099     64457681476        50088831   -6958010      34644     140000          0     6    1100000   36644000  140000000  140000000
   1      376    42295   151057     64457681487     64457832544        50234220   -6969078      34644     140000          0     6    1100000   36644000  140000000  140000000
   1      376    40854   141590     64457832554     64457974144        50385287   -6970679      34644     140000          0     6    1200000   36644000  140000000  140000000
   1      376    44072   249123     64457974154     64458223277        50526886   -7079811      34644     140000          0     6    1200000   36644000  140000000  140000000
   1      376    44587   149701     64458223324     64458373025        50776057   -7089559      34644     140000          0     6    1100000   36644000  140000000  140000000
   1      376    44568   145360     64458373036     64458518395        50925768   -7094929      34644     140000          0     6    1100000   36644000  140000000  140000000
   1      376    42530   147322     64458518406     64458665728        51071138   -7102262      34644     140000          0     6    1100000   36644000  140000000  140000000
   1      376    40869   149567     64458665738     64458815306        51218471   -7111840      34644     140000          0     6    1200000   36644000  140000000  140000000
   1      376    43442   245034     64458815316     64459060350        51368048   -7216883      34644     140000          0     6    1200000   36644000  140000000  140000000
   1      376    44560   145390     64459060361     64459205751        51613093   -7222285      34644     140000          0     6    1100000   36644000  140000000  140000000
   1      376    44591   153785     64459205762     64459359546        51758494   -7236081      34644     140000          0     6    1100000   36644000  140000000  140000000
   1      376    44559   165106     64459359557     64459524663        51912289   -7261197      34644     140000          0     6    1100000   36644000  140000000  140000000
   1      376    44583   125434     64459524674     64459650108        52077406   -7246642      34644     140000          0     6    1100000   36644000  140000000  140000000
   1      376    44601   254071     64459650120     64459904191        52202852   -7360725      34644     140000          0     6    1100000   36644000  140000000  140000000
   1      376    44570   145417     64459904201     64460049618        52456934   -7366152      34644     140000          0     6    1100000   36644000  140000000  140000000
   1      376    44570   149430     64460049629     64460199059        52602362   -7375593      34644     140000          0     6    1100000   36644000  140000000  140000000
   1      376    44596   153818     64460199070     64460352888        52751802   -7389423      34644     140000          0     6    1100000   36644000  140000000  140000000
   1      376    44551   149103     64460352899     64460502002        52905631   -7398536      34644     140000          0     6    1100000   36644000  140000000  140000000
   1      376    41393   240440     64460502012     64460742452        53054745   -7498986      34644     140000          0     6    1100000   36644000  140000000  140000000
   1      376    41582   150797     64460742462     64460893259        53295194   -7509794      34644     140000          0     6    1200000   36644000  140000000  140000000
   1      376    44563   141436     64460893270     64461034706        53446003   -7511240      34644     140000          0     6    1100000   36644000  140000000  140000000
   1      376    44570   149483     64461034717     64461184200        53587449   -7520734      34644     140000          0     6    1100000   36644000  140000000  140000000
   1      376    44590   153858     64461184211     64461338069        53736943   -7534603      34644     140000          0     6    1100000   36644000  140000000  140000000
   1      376    41560   242797     64461338080     64461580877        53890812   -7637411      34644     140000          0     6    1100000   36644000  140000000  140000000
   1      376    41081   145878     64461580887     64461726765        54133619   -7643299      34644     140000          0     6    1200000   36644000  140000000  140000000
   1      376    44569   145470     64461726776     64461872246        54279508   -7648780      34644     140000          0     6    1100000   36644000  140000000  140000000
   1      376    44586   149771     64461872256     64462022028        54424989   -7658562      34644     140000          0     6    1100000   36644000  140000000  140000000
   1      376    44565   149469     64462022075     64462171544        54574808   -7668078      34644     140000          0     6    1100000   36644000  140000000  140000000
   1      376    44596   249993     64462171555     64462421547        54724287   -7778081      34644     140000          0     6    1100000   36644000  140000000  140000000
   1      376    44588   145763     64462421558     64462567322        54974291   -7783856      34644     140000          0     6    1100000   36644000  140000000  140000000
   1      376    44571   149548     64462567333     64462716881        55120065   -7793415      34644     140000          0     6    1100000   36644000  140000000  140000000
   1      376    44580   153744     64462716892     64462870636        55269625   -7807170      34644     140000          0     6    1100000   36644000  140000000  140000000
   1      376    44559   141491     64462870646     64463012138        55423379   -7808672      34644     140000          0     6    1100000   36644000  140000000  140000000
   1      376    44580   253882     64463012148     64463266030        55564881   -7922565      34644     140000          0     6    1100000   36644000  140000000  140000000
   1      376    43869   144824     64463266041     64463410865        55818773   -7927399      34644     140000          0     6    1100000   36644000  140000000  140000000
   1      376    40874   145723     64463410876     64463556598        55963608   -7933133      34644     140000          0     6    1200000   36644000  140000000  140000000
   1      376    42136   142994     64463556608     64463699602        56109341   -7936136      34644     140000          0     6    1200000   36644000  140000000  140000000
   1      376    44574   149581     64463699613     64463849194        56252345   -7945728      34644     140000          0     6    1100000   36644000  140000000  140000000
   1      376    44590   251267     64463849205     64464100472        56401937   -8057006      34644     140000          0     6    1100000   36644000  140000000  140000000
   1      376    44554   169103     64464100482     64464269585        56653215   -8086120      34644     140000          0     6    1100000   36644000  140000000  140000000
   1      376    44571   125533     64464269596     64464395129        56822329   -8071663      34644     140000          0     6    1100000   36644000  140000000  140000000
   1      376    44594   149904     64464395140     64464545044        56947873   -8081578      34644     140000          0     6    1100000   36644000  140000000  140000000
   1      376    44570   149492     64464545055     64464694547        57097788   -8091081      34644     140000          0     6    1100000   36644000  140000000  140000000
   1      376    44580   249980     64464694557     64464944537        57247290   -8201071      34644     140000          0     6    1100000   36644000  140000000  140000000
   1      376    44587   145805     64464944548     64465090353        57497280   -8206887      34644     140000          0     6    1100000   36644000  140000000  140000000
   1      376    44571   149553     64465090363     64465239916        57643096   -8216450      34644     140000          0     6    1100000   36644000  140000000  140000000
   1      376    42388   147307     64465239927     64465387234        57792659   -8223769      34644     140000          0     6    1100000   36644000  140000000  140000000
   1      376    40882   145778     64465387245     64465533022        57939977   -8229556      34644     140000          0     6    1200000   36644000  140000000  140000000
   1      376    43959   249345     64465533032     64465782377        58085764   -8338912      34644     140000          0     6    1200000   36644000  140000000  140000000
   1      376    44568   145587     64465782388     64465927975        58335121   -8344509      34644     140000          0     6    1100000   36644000  140000000  140000000
   1      376    44589   149981     64465927986     64466077967        58480718   -8354501      34644     140000          0     6    1100000   36644000  140000000  140000000
   1      376    43203   144145     64466078013     64466222158        58630746   -8358693      34644     140000          0     6    1100000   36644000  140000000  140000000
   1      376    40852   145803     64466222169     64466367972        58774901   -8364506      34644     140000          0     6    1200000   36644000  140000000  140000000
   1      376    43551   152866     64466367982     64466520848        58920714   -8377382      34644     140000          0     6    1200000   36644000  140000000  140000000
   1      376    44565   245122     64466520858     64466765980        59073591   -8482514      34644     140000          0     6    1100000   36644000  140000000  140000000
   1      376    44568   149567     64466765991     64466915558        59318723   -8492092      34644     140000          0     6    1100000   36644000  140000000  140000000
   1      376    44592   149991     64466915569     64467065560        59468301   -8502094      34644     140000          0     6    1100000   36644000  140000000  140000000
   1      376    44573   145573     64467065571     64467211143        59618303   -8507677      34644     140000          0     6    1100000   36644000  140000000  140000000
   1      376    44586   250110     64467211154     64467461264        59763886   -8617798      34644     140000          0     6    1100000   36644000  140000000  140000000
   1      376    44588   149946     64467461275     64467611221        60014008   -8627755      34644     140000          0     6    1100000   36644000  140000000  140000000
   1      376    44565   145628     64467611231     64467756860        60163964   -8633394      34644     140000          0     6    1100000   36644000  140000000  140000000
   1      376    44568   149625     64467756870     64467906496        60309603   -8643030      34644     140000          0     6    1100000   36644000  140000000  140000000
   1      376    44550   173141     64467906506     64468079648        60459239   -8676182      34644     140000          0     6    1100000   36644000  140000000  140000000
   1      376    41427   222925     64468079658     64468302584        60632391   -8759118      34644     140000          0     6    1100000   36644000  140000000  140000000
   1      376    41568   146632     64468302593     64468449225        60855326   -8765759      34644     140000          0     6    1200000   36644000  140000000  140000000
   1      376    44591   150037     64468449236     64468599273        61001968   -8775807      34644     140000          0     6    1100000   36644000  140000000  140000000
   1      376    44569   145665     64468599284     64468744949        61152016   -8781483      34644     140000          0     6    1100000   36644000  140000000  140000000
   1      376    44568   145641     64468744960     64468890600        61297692   -8787134      34644     140000          0     6    1100000   36644000  140000000  140000000
   1      376    44594   254075     64468890611     64469144686        61443343   -8901220      34644     140000          0     6    1100000   36644000  140000000  140000000
   1      376    44562   145578     64469144696     64469290274        61697429   -8906809      34644     140000          0     6    1100000   36644000  140000000  140000000
   1      376    44567   149599     64469290285     64469439884        61843018   -8916418      34644     140000          0     6    1100000   36644000  140000000  140000000
   1      376    44593   149994     64469439894     64469589888        61992627   -8926422      34644     140000          0     6    1100000   36644000  140000000  140000000
   1      376    44566   145589     64469589899     64469735488        62142632   -8932023      34644     140000          0     6    1100000   36644000  140000000  140000000
   1      376    44589   250217     64469735499     64469985717        62288232   -9042251      34644     140000          0     6    1100000   36644000  140000000  140000000
   1      376    43553   152638     64469985764     64470138402        62538496   -9054937      34644     140000          0     6    1100000   36644000  140000000  140000000
   1      376    40848   137925     64470138412     64470276337        62691145   -9052871      34644     140000          0     6    1200000   36644000  140000000  140000000
   1      376    42803   147910     64470276347     64470424257        62829079   -9060791      34644     140000          0     6    1200000   36644000  140000000  140000000
   1      376    44591   154038     64470424269     64470578306        62977001   -9074841      34644     140000          0     6    1100000   36644000  140000000  140000000
   1      376    44586   246309     64470578317     64470824626        63131050   -9181160      34644     140000          0     6    1100000   36644000  140000000  140000000
   1      376    44299   145424     64470824637     64470970062        63377370   -9186596      34644     140000          0     6    1100000   36644000  140000000  140000000
   1      376    40868   149832     64470970072     64471119904        63522804   -9196439      34644     140000          0     6    1200000   36644000  140000000  140000000
   1      376    42404   139475     64471119914     64471259389        63672646   -9195923      34644     140000          0     6    1200000   36644000  140000000  140000000
   1      376    44573   149729     64471259399     64471409129        63812132   -9205663      34644     140000          0     6    1100000   36644000  140000000  140000000
   1      376    44571   251515     64471409140     64471660655        63961872   -9317189      34644     140000          0     6    1100000   36644000  140000000  140000000
   1      376    44588   145970     64471660666     64471806636        64213398   -9323171      34644     140000          0     6    1100000   36644000  140000000  140000000
   1      376    44576   149767     64471806648     64471956415        64359380   -9332949      34644     140000          0     6    1100000   36644000  140000000  140000000
   1      376    44588   154021     64471956426     64472110447        64509159   -9346981      34644     140000          0     6    1100000   36644000  140000000  140000000
   1      376    44563   141733     64472110458     64472252191        64663190   -9348725      34644     140000          0     6    1100000   36644000  140000000  140000000
   1      376    44589   250387     64472252202     64472502589        64804934   -9459123      34644     140000          0     6    1100000   36644000  140000000  140000000
   1      376    44574   149764     64472502600     64472652365        65055333   -9468899      34644     140000          0     6    1100000   36644000  140000000  140000000
   1      376    44570   169433     64472652376     64472821808        65205108   -9498342      34644     140000          0     6    1100000   36644000  140000000  140000000
   1      376    42546   123675     64472821819     64472945495        65374552   -9482029      34644     140000          0     6    1100000   36644000  140000000  140000000
   1      376    40854   145988     64472945505     64473091493        65498238   -9488028      34644     140000          0     6    1200000   36644000  140000000  140000000
   1      376    43598   249722     64473091503     64473341226        65644236   -9597760      34644     140000          0     6    1200000   36644000  140000000  140000000
   1      376    44566   145737     64473341237     64473486973        65893969   -9603507      34644     140000          0     6    1100000   36644000  140000000  140000000
   1      376    44569   149842     64473486984     64473636826        66039717   -9613360      34644     140000          0     6    1100000   36644000  140000000  140000000
   1      376    44593   157704     64473636837     64473794541        66189569   -9631075      34644     140000          0     6    1100000   36644000  140000000  140000000
   1      376    44573   137752     64473794552     64473932304        66347284   -9628838      34644     140000          0     6    1100000   36644000  140000000  140000000
   1      376    44590   250383     64473932366     64474182749        66485098   -9739283      34644     140000          0     6    1100000   36644000  140000000  140000000
   1      376    44595   150083     64474182760     64474332843        66735492   -9749377      34644     140000          0     6    1100000   36644000  140000000  140000000
   1      376    44567   145707     64474332854     64474478560        66885586   -9755094      34644     140000          0     6    1100000   36644000  140000000  140000000
   1      376    44571   149806     64474478571     64474628377        67031304   -9764911      34644     140000          0     6    1100000   36644000  140000000  140000000
   1      376    44595   252339     64474628388     64474880727        67181121   -9877261      34644     140000          0     6    1100000   36644000  140000000  140000000
   1      376    44564   145706     64474880738     64475026444        67433470   -9882978      34644     140000          0     6    1100000   36644000  140000000  140000000
   1      376    44570   149804     64475026455     64475176258        67579187   -9892792      34644     140000          0     6    1100000   36644000  140000000  140000000
   1      376    44579   146089     64475176269     64475322359        67729002   -9898893      34644     140000          0     6    1100000   36644000  140000000  140000000
   1      376    44572   149862     64475322370     64475472231        67875102   -9908766      34644     140000          0     6    1100000   36644000  140000000  140000000
   1      376    44595   250551     64475472242     64475722793        68024975  -10019327      34644     140000          0     6    1100000   36644000  140000000  140000000
   1      376    40878   146024     64475722804     64475868828        68275536  -10025362      34644     140000          0     6    1200000   36644000  140000000  140000000
   1      376    41761   142892     64475868838     64476011730        68421571  -10028264      34644     140000          0     6    1200000   36644000  140000000  140000000
   1      376    44570   149810     64476011741     64476161551        68564474  -10038085      34644     140000          0     6    1100000   36644000  140000000  140000000
   1      376    44590   150097     64476161562     64476311659        68714295  -10048193      34644     140000          0     6    1100000   36644000  140000000  140000000
   1      376    44570   249098     64476311670     64476560769        68864403  -10157303      34644     140000          0     6    1100000   36644000  140000000  140000000
   1      376    44578   145865     64476560780     64476706644        69113512  -10163178      34644     140000          0     6    1100000   36644000  140000000  140000000
   1      376    43433   148994     64476706655     64476855649        69259388  -10172184      34644     140000          0     6    1100000   36644000  140000000  140000000
   1      376    40855   142085     64476855659     64476997744        69408392  -10174278      34644     140000          0     6    1200000   36644000  140000000  140000000
   1      376    42932   148211     64476997754     64477145965        69550486  -10182499      34644     140000          0     6    1200000   36644000  140000000  140000000
   1      376    44589   154197     64477145976     64477300173        69698709  -10196707      34644     140000          0     6    1100000   36644000  140000000  140000000
   1      376    44570   265836     64477300184     64477566020        69852916  -10322554      34644     140000          0     6    1100000   36644000  140000000  140000000
   1      376    44167   125448     64477566031     64477691480        70118764  -10308014      34644     140000          0     6    1100000   36644000  140000000  140000000
   1      376    40875   150049     64477691490     64477841540        70244223  -10318074      34644     140000          0     6    1200000   36644000  140000000  140000000
   1      376    42555   139797     64477841586     64477981384        70394319  -10317918      34644     140000          0     6    1200000   36644000  140000000  140000000
   1      376    44561   149828     64477981395     64478131223        70534127  -10327757      34644     140000          0     6    1100000   36644000  140000000  140000000
   1      376    44606   250981     64478131234     64478382215        70683966  -10438749      34644     140000          0     6    1100000   36644000  140000000  140000000
   1      376    44567   149908     64478382226     64478532134        70934958  -10448668      34644     140000          0     6    1100000   36644000  140000000  140000000
   1      376    44570   145879     64478532145     64478678024        71084877  -10454558      34644     140000          0     6    1100000   36644000  140000000  140000000
   1      376    44592   154200     64478678035     64478832235        71230768  -10468769      34644     140000          0     6    1100000   36644000  140000000  140000000
   1      376    44569   141824     64478832246     64478974070        71384978  -10470604      34644     140000          0     6    1100000   36644000  140000000  140000000
   1      376    44580   250662     64478974081     64479224743        71526813  -10581277      34644     140000          0     6    1100000   36644000  140000000  140000000
   1      376    44593   154263     64479224754     64479379017        71777486  -10595551      34644     140000          0     6    1100000   36644000  140000000  140000000
   1      376    44573   141924     64479379027     64479520951        71931760  -10597485      34644     140000          0     6    1100000   36644000  140000000  140000000
   1      376    44564   149879     64479520962     64479670841        72073695  -10607375      34644     140000          0     6    1100000   36644000  140000000  140000000
   1      376    44608   251056     64479670852     64479921909        72223585  -10718443      34644     140000          0     6    1100000   36644000  140000000  140000000
   1      376    44566   145899     64479921919     64480067819        72474652  -10724353      34644     140000          0     6    1100000   36644000  140000000  140000000
   1      376    44570   149958     64480067830     64480217788        72620562  -10734322      34644     140000          0     6    1100000   36644000  140000000  140000000
   1      376    44584   150280     64480217799     64480368079        72770531  -10744613      34644     140000          0     6    1100000   36644000  140000000  140000000
   1      376    42343   143591     64480368089     64480511681        72920822  -10748215      34644     140000          0     6    1100000   36644000  140000000  140000000
   1      376    40851   142167     64480511691     64480653858        73064423  -10750392      34644     140000          0     6    1200000   36644000  140000000  140000000
   1      376    44587   257203     64480653868     64480911071        73206600  -10867605      34644     140000          0     6    1200000   36644000  140000000  140000000
   1      376    44569   141989     64480911081     64481053071        73463814  -10869605      34644     140000          0     6    1100000   36644000  140000000  140000000
   1      376    44561   149902     64481053082     64481202984        73605815  -10879518      34644     140000          0     6    1100000   36644000  140000000  140000000
   1      376    47754   173115     64481202995     64481376110        73755727  -10912644      34644     140000          0     6    1100000   36644000  140000000  140000000
   1      376    48283   234472     64481376122     64481610593        73928854  -11007128      34644     140000          0     6    1000000   36644000  140000000  140000000
   1      376    44569   145962     64481610605     64481756566        74163337  -11013100      34644     140000          0     6    1100000   36644000  140000000  140000000
   1      376    47122   157297     64481756577     64481913874        74309310  -11030408      34644     140000          0     6    1100000   36644000  140000000  140000000
   1      376    48893   251196     64481913932     64482165128        74466664  -11141662      34644     140000          0     6    1000000   36644000  140000000  140000000
   1      376    44549   165068     64482165139     64482330207        74717871  -11166741      34644     140000          0     6    1100000   36644000  140000000  140000000
   1      376    44588   134318     64482330218     64482464536        74882950  -11161070      34644     140000          0     6    1100000   36644000  140000000  140000000
   1      376    44561   141947     64482464547     64482606493        75017279  -11163027      34644     140000          0     6    1100000   36644000  140000000  140000000
   1      376    48119   254495     64482606504     64482860999        75159236  -11277533      34644     140000          0     6    1100000   36644000  140000000  140000000
   1      376    47836   154020     64482861011     64483015031        75413743  -11291565      34644     140000          0     6    1000000   36644000  140000000  140000000
   1      376    44574   146056     64483015042     64483161099        75567775  -11297633      34644     140000          0     6    1100000   36644000  140000000  140000000
   1      376    44568   150011     64483161110     64483311121        75713842  -11307655      34644     140000          0     6    1100000   36644000  140000000  140000000
   1      376    44754   251402     64483311132     64483562533        75863864  -11419067      34644     140000          0     6    1100000   36644000  140000000  140000000
   1      376    49025   150757     64483562545     64483713302        76115278  -11429836      34644     140000          0     6    1000000   36644000  140000000  140000000
   1      376    46792   152292     64483713314     64483865606        76266046  -11442140      34644     140000          0     6    1000000   36644000  140000000  140000000
   1      376    44582   150327     64483865618     64484015945        76418350  -11452479      34644     140000          0     6    1100000   36644000  140000000  140000000
   1      376    48318   250727     64484015956     64484266683        76568688  -11563216      34644     140000          0     6    1100000   36644000  140000000  140000000
   1      376    47395   152846     64484266695     64484419541        76819428  -11576075      34644     140000          0     6    1000000   36644000  140000000  140000000
   1      376    44585   146370     64484419552     64484565923        76972285  -11582457      34644     140000          0     6    1100000   36644000  140000000  140000000
   1      376    48028   255047     64484565934     64484820981        77118666  -11697514      34644     140000          0     6    1100000   36644000  140000000  140000000
   1      376    48281   158126     64484820993     64484979118        77373725  -11715652      34644     140000          0     6    1000000   36644000  140000000  140000000
   1      376    44572   142093     64484979129     64485121222        77531861  -11717756      34644     140000          0     6    1100000   36644000  140000000  140000000
   1      376    44567   145953     64485121232     64485267185        77673965  -11723719      34644     140000          0     6    1100000   36644000  140000000  140000000
   1      376    44707   255114     64485267197     64485522310        77819929  -11838844      34644     140000          0     6    1100000   36644000  140000000  140000000
   1      376    49043   151727     64485522322     64485674049        78075055  -11850583      34644     140000          0     6    1000000   36644000  140000000  140000000
   1      376    47067   148546     64485674061     64485822607        78226794  -11859141      34644     140000          0     6    1000000   36644000  140000000  140000000
   1      376    44590   154467     64485822617     64485977084        78375350  -11873618      34644     140000          0     6    1100000   36644000  140000000  140000000
   1      376    48351   249846     64485977135     64486226981        78529867  -11983515      34644     140000          0     6    1100000   36644000  140000000  140000000
   1      376    47723   149232     64486226994     64486376226        78779726  -11992760      34644     140000          0     6    1000000   36644000  140000000  140000000
   1      376    44589   154341     64486376236     64486530577        78928969  -12007111      34644     140000          0     6    1100000   36644000  140000000  140000000
   1      376    47694   250431     64486530588     64486781019        79083320  -12117553      34644     140000          0     6    1100000   36644000  140000000  140000000
   1      376    48594   150139     64486781031     64486931170        79333763  -12127704      34644     140000          0     6    1000000   36644000  140000000  140000000
   1      376    44582   161570     64486931181     64487092751        79483914  -12149285      34644     140000          0     6    1100000   36644000  140000000  140000000
   1      376    44569   138050     64487092762     64487230812        79645495  -12147346      34644     140000          0     6    1100000   36644000  140000000  140000000
   1      376    44583   251060     64487230823     64487481883        79783555  -12258417      34644     140000          0     6    1100000   36644000  140000000  140000000
   1      376    48835   151130     64487481894     64487633023        80034626  -12269558      34644     140000          0     6    1100000   36644000  140000000  140000000
   1      376    47166   148791     64487633036     64487781826        80185768  -12278360      34644     140000          0     6    1000000   36644000  140000000  140000000
   1      376    44561   150086     64487781837     64487931923        80334570  -12288457      34644     140000          0     6    1100000   36644000  140000000  140000000
   1      376    44604   251472     64487931934     64488183406        80484666  -12399940      34644     140000          0     6    1100000   36644000  140000000  140000000
   1      376    44567   146118     64488183416     64488329534        80736149  -12406069      34644     140000          0     6    1100000   36644000  140000000  140000000
   1      376    44564   150097     64488329545     64488479642        80882278  -12416176      34644     140000          0     6    1100000   36644000  140000000  140000000
   1      376    47039   153411     64488479654     64488633065        81032386  -12429599      34644     140000          0     6    1100000   36644000  140000000  140000000
   1      376    48896   251525     64488633077     64488884602        81185809  -12541136      34644     140000          0     6    1000000   36644000  140000000  140000000
   1      376    44578   146165     64488884613     64489030778        81437345  -12547312      34644     140000          0     6    1100000   36644000  140000000  140000000
   1      376    44590   150509     64489030789     64489181298        81583522  -12557832      34644     140000          0     6    1100000   36644000  140000000  140000000
   1      376    44568   146151     64489181309     64489327460        81734041  -12563994      34644     140000          0     6    1100000   36644000  140000000  140000000
   1      376    48219   254934     64489327471     64489582405        81880203  -12678939      34644     140000          0     6    1100000   36644000  140000000  140000000
   1      376    47701   154082     64489582417     64489736499        82135149  -12693033      34644     140000          0     6    1000000   36644000  140000000  140000000
   1      376    44562   146122     64489736510     64489882632        82289243  -12699166      34644     140000          0     6    1100000   36644000  140000000  140000000
   1      376    44576   150160     64489882643     64490032803        82435376  -12709337      34644     140000          0     6    1100000   36644000  140000000  140000000
   1      376    44590   248286     64490032814     64490281100        82585547  -12817634      34644     140000          0     6    1100000   36644000  140000000  140000000
   1      376    49029   152415     64490281159     64490433574        82833892  -12830108      34644     140000          0     6    1000000   36644000  140000000  140000000
   1      376    46782   156708     64490433586     64490590295        82986319  -12846829      34644     140000          0     6    1000000   36644000  140000000  140000000
   1      376    44567   142175     64490590306     64490732480        83143038  -12849014      34644     140000          0     6    1100000   36644000  140000000  140000000
   1      376    48690   254327     64490732491     64490986818        83285224  -12963352      34644     140000          0     6    1100000   36644000  140000000  140000000
   1      376    47598   157692     64490986831     64491144523        83539563  -12981057      34644     140000          0     6    1000000   36644000  140000000  140000000
   1      376    44569   142149     64491144534     64491286683        83697266  -12983217      34644     140000          0     6    1100000   36644000  140000000  140000000
   1      376    48119   254804     64491286694     64491541497        83839426  -13098031      34644     140000          0     6    1100000   36644000  140000000  140000000
   1      376    47893   158202     64491541509     64491699711        84094241  -13116245      34644     140000          0     6    1000000   36644000  140000000  140000000
   1      376    44574   142221     64491699721     64491841942        84252454  -13118476      34644     140000          0     6    1100000   36644000  140000000  140000000
   1      376    44564   146146     64491841953     64491988100        84394686  -13124634      34644     140000          0     6    1100000   36644000  140000000  140000000
   1      376    44583   253034     64491988110     64492241145        84540843  -13237679      34644     140000          0     6    1100000   36644000  140000000  140000000
   1      376    44567   146156     64492241155     64492387311        84793888  -13243845      34644     140000          0     6    1100000   36644000  140000000  140000000
   1      376    46209   151960     64492387322     64492539282        84940054  -13255816      34644     140000          0     6    1100000   36644000  140000000  140000000
   1      376    49057   155572     64492539294     64492694866        85092026  -13271400      34644     140000          0     6    1000000   36644000  140000000  140000000
   1      376    45197   248018     64492694877     64492942895        85247610  -13379429      34644     140000          0     6    1000000   36644000  140000000  140000000
   1      376    44571   150264     64492942906     64493093170        85495639  -13389704      34644     140000          0     6    1100000   36644000  140000000  140000000
   1      376    44592   150566     64493093181     64493243747        85645913  -13400281      34644     140000          0     6    1100000   36644000  140000000  140000000
   1      376    47022   144778     64493243758     64493388536        85796490  -13405070      34644     140000          0     6    1100000   36644000  140000000  140000000
   1      376    48919   255777     64493388548     64493644325        85941280  -13520859      34644     140000          0     6    1000000   36644000  140000000  140000000
   1      376    44591   150601     64493644336     64493794937        86197069  -13531471      34644     140000          0     6    1100000   36644000  140000000  140000000
   1      376    44571   146222     64493794948     64493941170        86347680  -13537704      34644     140000          0     6    1100000   36644000  140000000  140000000
   1      376    44575   150213     64493941180     64494091394        86493913  -13547928      34644     140000          0     6    1100000   36644000  140000000  140000000
   1      376    48217   251787     64494091405     64494343192        86644137  -13659726      34644     140000          0     6    1100000   36644000  140000000  140000000
   1      376    48037   153782     64494343245     64494497027        86895978  -13673561      34644     140000          0     6    1000000   36644000  140000000  140000000
   1      376    44553   169166     64494497038     64494666205        87049771  -13702739      34644     140000          0     6    1100000   36644000  140000000  140000000
   1      376    44595   130605     64494666216     64494796821        87218949  -13693355      34644     140000          0     6    1100000   36644000  140000000  140000000
   1      376    44881   247704     64494796832     64495044536        87349565  -13801070      34644     140000          0     6    1100000   36644000  140000000  140000000
   1      376    49027   150802     64495044548     64495195350        87597280  -13811884      34644     140000          0     6    1000000   36644000  140000000  140000000
   1      376    46895   153379     64495195362     64495348740        87748094  -13825274      34644     140000          0     6    1000000   36644000  140000000  140000000
   1      376    44565   146288     64495348752     64495495040        87901484  -13831574      34644     140000          0     6    1100000   36644000  140000000  140000000
   1      376    48553   254343     64495495050     64495749394        88047783  -13945928      34644     140000          0     6    1100000   36644000  140000000  140000000
   1      376    47436   149895     64495749406     64495899301        88302138  -13955835      34644     140000          0     6    1000000   36644000  140000000  140000000
   1      376    44569   150292     64495899311     64496049604        88452044  -13966138      34644     140000          0     6    1100000   36644000  140000000  140000000
   1      376    44596   251654     64496049615     64496301269        88602347  -14077803      34644     140000          0     6    1100000   36644000  140000000  140000000
   1      376    45255   147400     64496301280     64496448680        88854012  -14085214      34644     140000          0     6    1100000   36644000  140000000  140000000
   1      376    49033   154865     64496448692     64496603557        89001424  -14100091      34644     140000          0     6    1000000   36644000  140000000  140000000
   1      376    46571   152648     64496603570     64496756218        89156302  -14112752      34644     140000          0     6    1000000   36644000  140000000  140000000
   1      376    44581   247503     64496756229     64497003732        89308961  -14220266      34644     140000          0     6    1100000   36644000  140000000  140000000
   1      376    44566   146348     64497003743     64497150090        89556475  -14226624      34644     140000          0     6    1100000   36644000  140000000  140000000
   1      376    46198   156748     64497150101     64497306849        89702834  -14243383      34644     140000          0     6    1100000   36644000  140000000  140000000
   1      376    49024   146875     64497306861     64497453736        89859593  -14250270      34644     140000          0     6    1000000   36644000  140000000  140000000
   1      376    45304   252262     64497453748     64497706010        90006481  -14362544      34644     140000          0     6    1000000   36644000  140000000  140000000
