#idx     perf      run   period           start             end          rel_st      slack c_duration   c_period     wu_lat   cpu       freq dl_runtime  dl_period dl_deadline
   0      948    88207   503731    113774924069    113775427800         1641072     400702      87302     620000         42     5    1400000   91897000  620000000  620000000
   0      948    88176   695862    113775427809    113776123672         2144812     531039      87302     620000      75914     5    1400000   91897000  620000000  620000000
   0      948    88209   544118    113776123681    113776667799         2840684     441060      87302     620000         41     5    1400000   91897000  620000000  620000000
   0      948    88200   656047    113776667808    113777323855         3384811     530897      87302     620000      36098     5    1400000   91897000  620000000  620000000
   0      948    88197   583936    113777323864    113777907800         4040867     481113      87302     620000         42     5    1400000   91897000  620000000  620000000
   0      948    88227   619986    113777907808    113778527795         4624811     400934      87302     620000         36     5    1400000   91897000  620000000  620000000
   0      948    88209   619995    113778527804    113779147799         5244807     517044      87302     620000         41     5    1400000   91897000  620000000  620000000
   0      948    88221   623849    113779147808    113779771657         5864811     400936      87302     620000       3899     5    1400000   91897000  620000000  620000000
   0      948    88182   616134    113779771666    113780387800         6488669     527180      87302     620000         42     5    1400000   91897000  620000000  620000000
   0      948    88221   619998    113780387809    113781007807         7104812     414868      87302     620000         49     5    1400000   91897000  620000000  620000000
   0      948    88182   715860    113781007816    113781723676         7724819     531048      87302     620000      95918     5    1400000   91897000  620000000  620000000
   0      948    88187   524121    113781723685    113782247805         8440688     434969      87302     620000         46     5    1400000   91897000  620000000  620000000
   0      948    88196   675962    113782247815    113782923776         8964818     517187      87302     620000      56018     5    1400000   91897000  620000000  620000000
   0      948    88186   564018    113782923785    113783487803         9640788     474909      87302     620000         45     5    1400000   91897000  620000000  620000000
   0      948    88199   636091    113783487812    113784123903        10204815     517075      87302     620000      16145     5    1400000   91897000  620000000  620000000
   0      948    88187   603887    113784123912    113784727799        10840915     514905      87302     620000         41     5    1400000   91897000  620000000  620000000
   0      948    88207   619999    113784727807    113785347807        11444810     414987      87302     620000         48     5    1400000   91897000  620000000  620000000
   0      948    88198   619988    113785347815    113785967804        12064818     530914      87302     620000         45     5    1400000   91897000  620000000  620000000
   0      948    88203   619988    113785967813    113786587800        12684816     414982      87302     620000         42     5    1400000   91897000  620000000  620000000
   0      948    88195   735920    113786587809    113787323729        13304812     517207      87302     620000     115971     5    1400000   91897000  620000000  620000000
   0      948    88195   504062    113787323737    113787827799        14040740     401249      87302     620000         41     5    1400000   91897000  620000000  620000000
   0      948    88213   695837    113787827808    113788523645        14544811     517063      87302     620000      75887     5    1400000   91897000  620000000  620000000
   0      948    88196   548007    113788523653    113789071660        15240656     441318      87302     620000       3902     5    1400000   91897000  620000000  620000000
   0      948    88195   652107    113789071710    113789723817        15788713     527056      87302     620000      36059     5    1400000   91897000  620000000  620000000
   0      948    88194   583981    113789723826    113790307807        16440829     481148      87302     620000         49     5    1400000   91897000  620000000  620000000
   0      948    88197   619991    113790307816    113790927807        17024819     530886      87302     620000         49     5    1400000   91897000  620000000  620000000
   0      948    88218   619984    113790927816    113791547800        17644819     516932      87302     620000         42     5    1400000   91897000  620000000  620000000
   0      948    88214   619990    113791547809    113792167799        18264812     415088      87302     620000         41     5    1400000   91897000  620000000  620000000
   0      948    88197   619993    113792167808    113792787801        18884811     517170      87302     620000         43     5    1400000   91897000  620000000  620000000
   0      948    88231   633889    113792787810    113793421699        19504813     401149      87302     620000      13941     5    1400000   91897000  620000000  620000000
   0      948    88193   701908    113793421707    113794123615        20138710     517070      87302     620000      95857     5    1400000   91897000  620000000  620000000
   0      948    88217   524180    113794123624    113794647804        20840627     421207      87302     620000         46     5    1400000   91897000  620000000  620000000
   0      948    88200   675903    113794647813    113795323716        21364816     530912      87302     620000      55958     5    1400000   91897000  620000000  620000000
   0      948    88197   564076    113795323725    113795887801        22040728     461280      87302     620000         43     5    1400000   91897000  620000000  620000000
   0      948    88203   636020    113795887809    113796523829        22604812     516990      87302     620000      16072     5    1400000   91897000  620000000  620000000
   0      948    88202   603969    113796523838    113797127807        23240841     501079      87302     620000         48     5    1400000   91897000  620000000  620000000
   0      948    88221   619982    113797127816    113797747798        23844819     401082      87302     620000         40     5    1400000   91897000  620000000  620000000
   0      948    88202   623841    113797747807    113798371648        24464810     517068      87302     620000       3890     5    1400000   91897000  620000000  620000000
   0      948    88200   616144    113798371657    113798987801        25088660     411308      87302     620000         42     5    1400000   91897000  620000000  620000000
   0      948    88188   735972    113798987810    113799723782        25704813     530860      87302     620000     116024     5    1400000   91897000  620000000  620000000
   0      948    88185   504017    113799723791    113800227807        26440794     415053      87302     620000         49     5    1400000   91897000  620000000  620000000
   0      948    88207   695785    113800227816    113800923601        26944819     517102      87302     620000      75843     5    1400000   91897000  620000000  620000000
   0      948    88176   544196    113800923610    113801467806        27640613     455200      87302     620000         47     5    1400000   91897000  620000000  620000000
   0      948    88201   656002    113801467815    113802123816        28184818     517033      87302     620000      36059     5    1400000   91897000  620000000  620000000
   0      948    88176   597850    113802123825    113802721675        28840828     495033      87302     620000      13917     5    1400000   91897000  620000000  620000000
   0      948    88198   606122    113802721684    113803327806        29438687     401234      87302     620000         46     5    1400000   91897000  620000000  620000000
   0      948    88189   619984    113803327816    113803947800        30044819     530789      87302     620000         42     5    1400000   91897000  620000000  620000000
   0      948    88199   619960    113803947847    113804567807        30664850     414897      87302     620000         48     5    1400000   91897000  620000000  620000000
   0      948    88190   619991    113804567816    113805187807        31284819     530997      87302     620000         49     5    1400000   91897000  620000000  620000000
   0      948    88197   619978    113805187816    113805807794        31904819     415208      87302     620000         35     5    1400000   91897000  620000000  620000000
   0      948    88205   715969    113805807802    113806523771        32524805     517050      87302     620000      96013     5    1400000   91897000  620000000  620000000
   0      948    88203   524021    113806523780    113807047801        33240783     421033      87302     620000         43     5    1400000   91897000  620000000  620000000
   0      948    88202   675962    113807047810    113807723773        33764813     517084      87302     620000      56015     5    1400000   91897000  620000000  620000000
   0      948    88193   564014    113807723781    113808287795        34440784     461216      87302     620000         36     5    1400000   91897000  620000000  620000000
   0      948    88176   635989    113808287805    113808923794        35004808     531122      87302     620000      16036     5    1400000   91897000  620000000  620000000
   0      948    88214   604005    113808923802    113809527807        35640805     500985      87302     620000         49     5    1400000   91897000  620000000  620000000
   0      948    88205   619985    113809527816    113810147800        36244819     415188      87302     620000         42     5    1400000   91897000  620000000  620000000
   0      948    88219   619991    113810147809    113810767801        36864812     516975      87302     620000         42     5    1400000   91897000  620000000  620000000
   0      948    88239   619990    113810767810    113811387799        37484813     401183      87302     620000         41     5    1400000   91897000  620000000  620000000
   0      948    88203   735925    113811387809    113812123734        38104812     517097      87302     620000     115976     5    1400000   91897000  620000000  620000000
   0      948    88218   504050    113812123742    113812627792        38840745     401051      87302     620000         34     5    1400000   91897000  620000000  620000000
   0      948    88187   695905    113812627801    113813323706        39344804     530973      87302     620000      75948     5    1400000   91897000  620000000  620000000
   0      948    88205   544085    113813323715    113813867800        40040718     441051      87302     620000         41     5    1400000   91897000  620000000  620000000
   0      948    88189   656018    113813867809    113814523826        40584812     530989      87302     620000      36068     5    1400000   91897000  620000000  620000000
   0      948    88220   583967    113814523835    113815107802        41240838     481033      87302     620000         44     5    1400000   91897000  620000000  620000000
   0      948    88221   619993    113815107811    113815727805        41824814     400994      87302     620000         46     5    1400000   91897000  620000000  620000000
   0      948    88222   619985    113815727813    113816347799        42444816     517012      87302     620000         40     5    1400000   91897000  620000000  620000000
   0      948    88220   623839    113816347807    113816971646        43064810     401330      87302     620000       3889     5    1400000   91897000  620000000  620000000
   0      948    88178   616160    113816971655    113817587815        43688658     527211      87302     620000         57     5    1400000   91897000  620000000  620000000
   0      948    88220   619986    113817587824    113818207810        44304827     414813      87302     620000         52     5    1400000   91897000  620000000  620000000
   0      948    88179   715923    113818207849    113818923772        44924852     530992      87302     620000      96014     5    1400000   91897000  620000000  620000000
   0      948    88190   524025    113818923781    113819447806        45640784     434917      87302     620000         48     5    1400000   91897000  620000000  620000000
   0      948    88210   676021    113819447815    113820123836        46164818     517071      87302     620000      56078     5    1400000   91897000  620000000  620000000
   0      948    88184   563958    113820123845    113820687803        46840848     474940      87302     620000         45     5    1400000   91897000  620000000  620000000
   0      948    88194   635989    113820687812    113821323801        47404815     517108      87302     620000      16043     5    1400000   91897000  620000000  620000000
   0      948    88180   603983    113821323809    113821927792        48040812     514971      87302     620000         33     5    1400000   91897000  620000000  620000000
   0      948    88202   620013    113821927801    113822547813        48644804     415151      87302     620000         55     5    1400000   91897000  620000000  620000000
   0      948    88195   619980    113822547822    113823167802        49264825     530895      87302     620000         44     5    1400000   91897000  620000000  620000000
   0      948    88218   619988    113823167811    113823787799        49884814     414935      87302     620000         41     5    1400000   91897000  620000000  620000000
   0      948    88196   735937    113823787808    113824523745        50504811     517202      87302     620000     115987     5    1400000   91897000  620000000  620000000
   0      948    88219   504055    113824523754    113825027808        51240757     401050      87302     620000         50     5    1400000   91897000  620000000  620000000
   0      948    88202   695997    113825027817    113825723814        51744820     517152      87302     620000      76056     5    1400000   91897000  620000000  620000000
   0      948    88192   547819    113825723823    113826271641        52440826     441221      87302     620000       3883     5    1400000   91897000  620000000  620000000
   0      948    88184   652131    113826271650    113826923781        52988653     527066      87302     620000      36024     5    1400000   91897000  620000000  620000000
   0      948    88193   584020    113826923790    113827507809        53640793     481206      87302     620000         51     5    1400000   91897000  620000000  620000000
   0      948    88182   619982    113827507818    113828127800        54224821     531075      87302     620000         42     5    1400000   91897000  620000000  620000000
   0      948    88208   619998    113828127809    113828747807        54844812     517046      87302     620000         48     5    1400000   91897000  620000000  620000000
   0      948    88219   619992    113828747816    113829367807        55464819     415024      87302     620000         49     5    1400000   91897000  620000000  620000000
   0      948    88205   619985    113829367816    113829987802        56084819     517090      87302     620000         43     5    1400000   91897000  620000000  620000000
   0      948    88233   633926    113829987811    113830621736        56704814     401173      87302     620000      13978     5    1400000   91897000  620000000  620000000
   0      948    88182   701936    113830621745    113831323681        57338748     517105      87302     620000      95923     5    1400000   91897000  620000000  620000000
   0      948    88205   524134    113831323690    113831847824        58040693     421154      87302     620000         65     5    1400000   91897000  620000000  620000000
   0      948    88205   676010    113831847833    113832523843        58564836     530848      87302     620000      56085     5    1400000   91897000  620000000  620000000
   0      948    88214   563948    113832523851    113833087799        59240854     460974      87302     620000         41     5    1400000   91897000  620000000  620000000
   0      948    88216   635832    113833087850    113833723682        59804853     517008      87302     620000      15925     5    1400000   91897000  620000000  620000000
