#idx     perf      run   period           start             end          rel_st      slack c_duration   c_period     wu_lat   cpu       freq dl_runtime  dl_period dl_deadline
   7       93     8683   119943    122251773102    122251893044         1497865     110927       8590     120000         34     4    1400000   10590000  120000000  120000000
   7       93     8682   119997    122251893054    122252013051         1617817     111120       8590     120000         40     4    1400000   10590000  120000000  120000000
   7       93     8684   119985    122252013060    122252133045         1737823     111117       8590     120000         34     4    1400000   10590000  120000000  120000000
   7       93     8685   119994    122252133054    122252253048         1857817     111110       8590     120000         37     4    1400000   10590000  120000000  120000000
   7       93     8684   119999    122252253057    122252373056         1977820     111116       8590     120000         44     4    1400000   10590000  120000000  120000000
   7       93     8683   119982    122252373064    122252493046         2097828     111097       8590     120000         35     4    1400000   10590000  120000000  120000000
   7       93     8682   119991    122252493055    122252613047         2217818     111132       8590     120000         35     4    1400000   10590000  120000000  120000000
   7       93     8683   120008    122252613055    122252733063         2337819     111129       8590     120000         52     4    1400000   10590000  120000000  120000000
   7       93     8683   119973    122252733072    122252853045         2457835     111104       8590     120000         34     4    1400000   10590000  120000000  120000000
   7       93     8683   120004    122252853054    122252973058         2577818     111137       8590     120000         45     4    1400000   10590000  120000000  120000000
   7       93     8683   119978    122252973068    122253093046         2697831     111121       8590     120000         35     4    1400000   10590000  120000000  120000000
   7       93     8681   119992    122253093054    122253213046         2817818     111135       8590     120000         35     4    1400000   10590000  120000000  120000000
   7       93     8683   119997    122253213055    122253333052         2937818     111131       8590     120000         40     4    1400000   10590000  120000000  120000000
   7       93     8684   119987    122253333061    122253453048         3057824     111133       8590     120000         37     4    1400000   10590000  120000000  120000000
   7       93     8684   119994    122253453057    122253573050         3177820     111122       8590     120000         39     4    1400000   10590000  120000000  120000000
   7       93     8684   119992    122253573059    122253693051         3297822     111112       8590     120000         41     4    1400000   10590000  120000000  120000000
   7       93     8682   120015    122253693060    122253813075         3417823     111132       8590     120000         65     4    1400000   10590000  120000000  120000000
   7       93     8682   119962    122253813084    122253933046         3537848     111088       8590     120000         35     4    1400000   10590000  120000000  120000000
   7       93     8683   119996    122253933055    122254053051         3657818     111128       8590     120000         40     4    1400000   10590000  120000000  120000000
   7       93     8682   119992    122254053060    122254173052         3777824     111127       8590     120000         41     4    1400000   10590000  120000000  120000000
   7       93     8687   119989    122254173061    122254293050         3897824     111103       8590     120000         39     4    1400000   10590000  120000000  120000000
   7       93     8682   119988    122254293059    122254413047         4017822     111126       8590     120000         36     4    1400000   10590000  120000000  120000000
   7       93     8684   119991    122254413055    122254533047         4137819     111117       8590     120000         36     4    1400000   10590000  120000000  120000000
   7       93     8682   119961    122254533096    122254653057         4257860     111089       8590     120000         46     4    1400000   10590000  120000000  120000000
   7       93     8682   120013    122254653066    122254773079         4377829     111118       8590     120000         68     4    1400000   10590000  120000000  120000000
   7       93     8684   119958    122254773089    122254893047         4497852     111086       8590     120000         36     4    1400000   10590000  120000000  120000000
   7       93     8685   120005    122254893056    122255013061         4617819     111130       8590     120000         50     4    1400000   10590000  120000000  120000000
   7       93     8685   119979    122255013070    122255133049         4737833     111099       8590     120000         38     4    1400000   10590000  120000000  120000000
   7       93     8685   119990    122255133058    122255253048         4857821     111126       8590     120000         37     4    1400000   10590000  120000000  120000000
   7       93     8684   119998    122255253057    122255373054         4977820     111112       8590     120000         44     4    1400000   10590000  120000000  120000000
   7       93     8684   119983    122255373063    122255493046         5097826     111117       8590     120000         35     4    1400000   10590000  120000000  120000000
   7       93     8682   119993    122255493055    122255613048         5217818     111128       8590     120000         37     4    1400000   10590000  120000000  120000000
   7       93     8682   119998    122255613058    122255733056         5337821     111131       8590     120000         45     4    1400000   10590000  120000000  120000000
   7       93     8683   120006    122255733065    122255853070         5457828     111115       8590     120000         60     4    1400000   10590000  120000000  120000000
   7       93     8683   119976    122255853079    122255973056         5577843     111092       8590     120000         45     4    1400000   10590000  120000000  120000000
   7       93     8683   119989    122255973065    122256093054         5697828     111107       8590     120000         42     4    1400000   10590000  120000000  120000000
   7       93     8684   120006    122256093063    122256213070         5817827     111124       8590     120000         59     4    1400000   10590000  120000000  120000000
   7       93     8684   119970    122256213079    122256333049         5937842     111112       8590     120000         39     4    1400000   10590000  120000000  120000000
   7       93     8682   119991    122256333058    122256453049         6057821     111134       8590     120000         37     4    1400000   10590000  120000000  120000000
   7       93     8682   119993    122256453058    122256573051         6177821     111125       8590     120000         40     4    1400000   10590000  120000000  120000000
   7       93     8682   119992    122256573060    122256693052         6297823     111104       8590     120000         41     4    1400000   10590000  120000000  120000000
   7       93     8686   119992    122256693061    122256813052         6417824     111103       8590     120000         41     4    1400000   10590000  120000000  120000000
   7       93     8682   120018    122256813061    122256933079         6537824     111116       8590     120000         68     4    1400000   10590000  120000000  120000000
   7       93     8684   119959    122256933088    122257053047         6657851     111093       8590     120000         37     4    1400000   10590000  120000000  120000000
   7       93     8685   119996    122257053056    122257173052         6777819     111119       8590     120000         41     4    1400000   10590000  120000000  120000000
   7       93     8684   120003    122257173062    122257293065         6897825     111117       8590     120000         54     4    1400000   10590000  120000000  120000000
   7       93     8685   119977    122257293074    122257413051         7017837     111097       8590     120000         39     4    1400000   10590000  120000000  120000000
   7       93     8683   119950    122257413095    122257533045         7137858     111081       8590     120000         34     4    1400000   10590000  120000000  120000000
   7       93     8682   119993    122257533054    122257653046         7257817     111131       8590     120000         36     4    1400000   10590000  120000000  120000000
   7       93     8683   120003    122257653055    122257773058         7377818     111129       8590     120000         45     4    1400000   10590000  120000000  120000000
   7       93     8684   119982    122257773069    122257893050         7497832     111097       8590     120000         39     4    1400000   10590000  120000000  120000000
   7       93     8683   120004    122257893059    122258013063         7617822     111114       8590     120000         52     4    1400000   10590000  120000000  120000000
   7       93     8685   119981    122258013072    122258133054         7737835     111090       8590     120000         42     4    1400000   10590000  120000000  120000000
   7       93     8685   119983    122258133063    122258253046         7857826     111122       8590     120000         35     4    1400000   10590000  120000000  120000000
   7       93     8686   119998    122258253055    122258373053         7977818     111114       8590     120000         42     4    1400000   10590000  120000000  120000000
   7       93     8685   119986    122258373062    122258493048         8097825     111107       8590     120000         37     4    1400000   10590000  120000000  120000000
   7       93     8683   119992    122258493058    122258613050         8217821     111135       8590     120000         39     4    1400000   10590000  120000000  120000000
   7       93     8682   119990    122258613059    122258733049         8337822     111122       8590     120000         38     4    1400000   10590000  120000000  120000000
   7       93     8682   119991    122258733058    122258853049         8457821     111123       8590     120000         37     4    1400000   10590000  120000000  120000000
   7       93     8682   120008    122258853058    122258973066         8577821     111122       8590     120000         53     4    1400000   10590000  120000000  120000000
   7       93     8687   119995    122258973075    122259093070         8697838     111075       8590     120000         59     4    1400000   10590000  120000000  120000000
   7       93     8685   119969    122259093080    122259213049         8817843     111092       8590     120000         37     4    1400000   10590000  120000000  120000000
   7       93     8685   120008    122259213057    122259333066         8937821     111128       8590     120000         55     4    1400000   10590000  120000000  120000000
   7       93     8685   119985    122259333075    122259453060         9057838     111102       8590     120000         49     4    1400000   10590000  120000000  120000000
   7       93     8685   119987    122259453069    122259573056         9177833     111112       8590     120000         44     4    1400000   10590000  120000000  120000000
   7       93     8683   119987    122259573065    122259693052         9297828     111114       8590     120000         40     4    1400000   10590000  120000000  120000000
   7       93     8682   119986    122259693061    122259813047         9417824     111110       8590     120000         36     4    1400000   10590000  120000000  120000000
   7       93     8683   119999    122259813056    122259933055         9537819     111116       8590     120000         44     4    1400000   10590000  120000000  120000000
   7       93     8685   120005    122259933064    122260053070         9657827     111091       8590     120000         59     4    1400000   10590000  120000000  120000000
   7       93     8682   119980    122260053079    122260173059         9777842     111112       8590     120000         46     4    1400000   10590000  120000000  120000000
   7       93     8682   119945    122260173102    122260293047         9897865     111088       8590     120000         36     4    1400000   10590000  120000000  120000000
   7       93     8685   120008    122260293056    122260413064        10017819     111126       8590     120000         53     4    1400000   10590000  120000000  120000000
   7       93     8684   119975    122260413074    122260533049        10137837     111113       8590     120000         38     4    1400000   10590000  120000000  120000000
   7       93     8686   119994    122260533058    122260653052        10257821     111119       8590     120000         41     4    1400000   10590000  120000000  120000000
   7       93     8683   119996    122260653060    122260773057        10377824     111126       8590     120000         43     4    1400000   10590000  120000000  120000000
   7       93     8682   119983    122260773066    122260893049        10497829     111118       8590     120000         39     4    1400000   10590000  120000000  120000000
   7       93     8681   119988    122260893058    122261013046        10617822     111122       8590     120000         35     4    1400000   10590000  120000000  120000000
   7       93     8681   119991    122261013055    122261133046        10737818     111115       8590     120000         35     4    1400000   10590000  120000000  120000000
   7       93     8683   119996    122261133056    122261253051        10857819     111130       8590     120000         40     4    1400000   10590000  120000000  120000000
   7       93     9141   119988    122261253060    122261373049        10977823     107900       8590     120000         38     4    1400000   10590000  120000000  120000000
   7       93     8683   120007    122261373058    122261493064        11097821     111114       8590     120000         54     4    1400000   10590000  120000000  120000000
   7       93     8683   119977    122261493074    122261613051        11217837     111104       8590     120000         40     4    1400000   10590000  120000000  120000000
   7       93     8684   119990    122261613059    122261733049        11337823     111121       8590     120000         39     4    1400000   10590000  120000000  120000000
   7       93     8682   119992    122261733058    122261853050        11457821     111130       8590     120000         38     4    1400000   10590000  120000000  120000000
   7       93     8682   120002    122261853058    122261973060        11577822     111128       8590     120000         49     4    1400000   10590000  120000000  120000000
   7       93     8684   119984    122261973069    122262093053        11697832     111085       8590     120000         43     4    1400000   10590000  120000000  120000000
   7       93     8684   120007    122262093062    122262213069        11817826     111093       8590     120000         58     4    1400000   10590000  120000000  120000000
   7       93     8683   119968    122262213078    122262333047        11937841     111104       8590     120000         36     4    1400000   10590000  120000000  120000000
   7       93     8681   119992    122262333056    122262453047        12057819     111140       8590     120000         37     4    1400000   10590000  120000000  120000000
   7       93     8684   120016    122262453057    122262573073        12177820     111135       8590     120000         62     4    1400000   10590000  120000000  120000000
   7       93     8687   119967    122262573082    122262693049        12297845     111085       8590     120000         38     4    1400000   10590000  120000000  120000000
   7       93     8683   119988    122262693058    122262813045        12417821     111129       8590     120000         34     4    1400000   10590000  120000000  120000000
   7       93     8685   119999    122262813054    122262933053        12537817     111126       8590     120000         41     4    1400000   10590000  120000000  120000000
   7       93     8685   119985    122262933062    122263053047        12657825     111113       8590     120000         36     4    1400000   10590000  120000000  120000000
   7       93     8682   119974    122263053091    122263173065        12777854     111102       8590     120000         53     4    1400000   10590000  120000000  120000000
   7       93     8684   119971    122263173074    122263293045        12897838     111102       8590     120000         34     4    1400000   10590000  120000000  120000000
   7       93     8683   119992    122263293054    122263413046        13017817     111133       8590     120000         35     4    1400000   10590000  120000000  120000000
   7       93     8685   120008    122263413054    122263533063        13137818     111124       8590     120000         52     4    1400000   10590000  120000000  120000000
   7       93     8686   119997    122263533072    122263653069        13257835     111087       8590     120000         58     4    1400000   10590000  120000000  120000000
   7       93     8685   119995    122263653078    122263773073        13377841     111079       8590     120000         62     4    1400000   10590000  120000000  120000000
   7       93     8686   119988    122263773082    122263893070        13497845     111091       8590     120000         60     4    1400000   10590000  120000000  120000000
   7       93     8684   119974    122263893080    122264013053        13617843     111104       8590     120000         43     4    1400000   10590000  120000000  120000000
   7       93     8683   119984    122264013062    122264133046        13737825     111110       8590     120000         36     4    1400000   10590000  120000000  120000000
   7       93     8682   119992    122264133055    122264253047        13857818     111136       8590     120000         36     4    1400000   10590000  120000000  120000000
   7       93     8683   119997    122264253057    122264373053        13977820     111133       8590     120000         42     4    1400000   10590000  120000000  120000000
   7       93     8683   119986    122264373062    122264493049        14097826     111111       8590     120000         38     4    1400000   10590000  120000000  120000000
   7       93     8683   120004    122264493057    122264613061        14217821     111131       8590     120000         50     4    1400000   10590000  120000000  120000000
   7       93     8684   119977    122264613071    122264733047        14337834     111107       8590     120000         36     4    1400000   10590000  120000000  120000000
   7       93     8683   120004    122264733057    122264853061        14457820     111130       8590     120000         50     4    1400000   10590000  120000000  120000000
   7       93     8685   119999    122264853070    122264973069        14577833     111095       8590     120000         58     4    1400000   10590000  120000000  120000000
   7       93     8684   119972    122264973078    122265093050        14697842     111088       8590     120000         40     4    1400000   10590000  120000000  120000000
   7       93     8683   119988    122265093060    122265213047        14817823     111124       8590     120000         37     4    1400000   10590000  120000000  120000000
   7       93     8683   119990    122265213056    122265333046        14937819     111129       8590     120000         35     4    1400000   10590000  120000000  120000000
   7       93     8683   119995    122265333055    122265453050        15057818     111126       8590     120000         40     4    1400000   10590000  120000000  120000000
   7       93     8682   119992    122265453059    122265573051        15177822     111120       8590     120000         40     4    1400000   10590000  120000000  120000000
   7       93     8683   120007    122265573060    122265693067        15297823     111104       8590     120000         56     4    1400000   10590000  120000000  120000000
   7       93     8685   119969    122265693076    122265813045        15417840     111090       8590     120000         34     4    1400000   10590000  120000000  120000000
   7       93     8686   119960    122265813088    122265933048        15537851     111090       8590     120000         37     4    1400000   10590000  120000000  120000000
   7       93     8683   120018    122265933057    122266053075        15657820     111135       8590     120000         64     4    1400000   10590000  120000000  120000000
   7       93     8683   119970    122266053084    122266173055        15777847     111087       8590     120000         43     4    1400000   10590000  120000000  120000000
   7       93     8682   119985    122266173063    122266293048        15897827     111108       8590     120000         37     4    1400000   10590000  120000000  120000000
   7       93     8682   119990    122266293057    122266413047        16017820     111135       8590     120000         36     4    1400000   10590000  120000000  120000000
   7       93     8683   119994    122266413055    122266533050        16137819     111125       8590     120000         39     4    1400000   10590000  120000000  120000000
   7       93     8681   119993    122266533059    122266653052        16257822     111139       8590     120000         41     4    1400000   10590000  120000000  120000000
   7       93     8682   120011    122266653061    122266773072        16377824     111124       8590     120000         60     4    1400000   10590000  120000000  120000000
   7       93     8684   119966    122266773081    122266893047        16497844     111098       8590     120000         36     4    1400000   10590000  120000000  120000000
   7       93     8682   119993    122266893055    122267013049        16617819     111137       8590     120000         38     4    1400000   10590000  120000000  120000000
   7       93     8686   120006    122267013058    122267133064        16737821     111128       8590     120000         53     4    1400000   10590000  120000000  120000000
   7       93     8682   119993    122267133073    122267253066        16857836     111113       8590     120000         55     4    1400000   10590000  120000000  120000000
   7       93     8684   119980    122267253075    122267373054        16977838     111117       8590     120000         43     4    1400000   10590000  120000000  120000000
   7       93     8682   119981    122267373065    122267493046        17097828     111108       8590     120000         35     4    1400000   10590000  120000000  120000000
   7       93     8682   119998    122267493055    122267613052        17217818     111127       8590     120000         40     4    1400000   10590000  120000000  120000000
   7       93     8682   119991    122267613061    122267733052        17337824     111108       8590     120000         41     4    1400000   10590000  120000000  120000000
   7       93     8683   119984    122267733060    122267853045        17457824     111122       8590     120000         34     4    1400000   10590000  120000000  120000000
   7       93     8684   120015    122267853053    122267973069        17577817     111105       8590     120000         57     4    1400000   10590000  120000000  120000000
   7       93     8688   119990    122267973078    122268093067        17697841     111100       8590     120000         57     4    1400000   10590000  120000000  120000000
   7       93     8692   119970    122268093077    122268213047        17817840     111072       8590     120000         36     4    1400000   10590000  120000000  120000000
   7       93     8684   119995    122268213056    122268333051        17937819     111129       8590     120000         39     4    1400000   10590000  120000000  120000000
   7       93     8685   119989    122268333059    122268453049        18057823     111121       8590     120000         38     4    1400000   10590000  120000000  120000000
   7       93     8682   119996    122268453058    122268573053        18177821     111133       8590     120000         42     4    1400000   10590000  120000000  120000000
   7       93     8681   119984    122268573062    122268693047        18297826     111105       8590     120000         36     4    1400000   10590000  120000000  120000000
   7       93     8682   119959    122268693088    122268813047        18417851     111089       8590     120000         36     4    1400000   10590000  120000000  120000000
   7       93     8682   119990    122268813056    122268933046        18537819     111121       8590     120000         34     4    1400000   10590000  120000000  120000000
   7       93     8683   119990    122268933056    122269053046        18657819     111119       8590     120000         35     4    1400000   10590000  120000000  120000000
   7       93     8682   120008    122269053054    122269173062        18777818     111126       8590     120000         50     4    1400000   10590000  120000000  120000000
   7       93     8685   119979    122269173072    122269293051        18897835     111089       8590     120000         39     4    1400000   10590000  120000000  120000000
   7       93     8684   120006    122269293059    122269413065        19017822     111125       8590     120000         54     4    1400000   10590000  120000000  120000000
   7       93     8687   119987    122269413074    122269533061        19137837     111097       8590     120000         50     4    1400000   10590000  120000000  120000000
   7       93     8685   119977    122269533070    122269653047        19257834     111116       8590     120000         36     4    1400000   10590000  120000000  120000000
   7       93     8684   119998    122269653055    122269773054        19377819     111131       8590     120000         41     4    1400000   10590000  120000000  120000000
   7       93     8684   119985    122269773063    122269893048        19497826     111107       8590     120000         37     4    1400000   10590000  120000000  120000000
   7       93     8682   119994    122269893057    122270013051        19617820     111134       8590     120000         40     4    1400000   10590000  120000000  120000000
   7       93     8684   119997    122270013059    122270133056        19737822     111125       8590     120000         43     4    1400000   10590000  120000000  120000000
   7       93     8686   119998    122270133065    122270253063        19857828     111105       8590     120000         52     4    1400000   10590000  120000000  120000000
   7       93     8685   119982    122270253072    122270373054        19977835     111111       8590     120000         43     4    1400000   10590000  120000000  120000000
   7       93     8684   120003    122270373063    122270493065        20097826     111091       8590     120000         54     4    1400000   10590000  120000000  120000000
   7       93     8684   119992    122270493075    122270613066        20217838     111106       8590     120000         56     4    1400000   10590000  120000000  120000000
   7       93     8683   119973    122270613076    122270733049        20337839     111102       8590     120000         37     4    1400000   10590000  120000000  120000000
   7       93     8682   119987    122270733057    122270853044        20457821     111123       8590     120000         34     4    1400000   10590000  120000000  120000000
   7       93     8684   119999    122270853053    122270973053        20577816     111125       8590     120000         42     4    1400000   10590000  120000000  120000000
   7       93     8683   119987    122270973061    122271093048        20697824     111102       8590     120000         37     4    1400000   10590000  120000000  120000000
   7       93     8683   119990    122271093056    122271213046        20817820     111122       8590     120000         35     4    1400000   10590000  120000000  120000000
   7       93     8681   120015    122271213055    122271333070        20937818     111123       8590     120000         60     4    1400000   10590000  120000000  120000000
   7       93     8685   119987    122271333080    122271453067        21057843     111088       8590     120000         56     4    1400000   10590000  120000000  120000000
   7       93     8685   119953    122271453107    122271573060        21177870     111067       8590     120000         49     4    1400000   10590000  120000000  120000000
   7       93     8684   120002    122271573069    122271693071        21297832     111108       8590     120000         60     4    1400000   10590000  120000000  120000000
   7       93     8685   119967    122271693080    122271813047        21417843     111099       8590     120000         36     4    1400000   10590000  120000000  120000000
   7       93     8682   119992    122271813056    122271933047        21537819     111132       8590     120000         37     4    1400000   10590000  120000000  120000000
   7       93     8683   119990    122271933056    122272053045        21657819     111125       8590     120000         35     4    1400000   10590000  120000000  120000000
   7       93     8685   120007    122272053055    122272173062        21777818     111116       8590     120000         49     4    1400000   10590000  120000000  120000000
   7       93     8684   119983    122272173072    122272293055        21897835     111089       8590     120000         43     4    1400000   10590000  120000000  120000000
   7       93     8684   119991    122272293065    122272413055        22017828     111116       8590     120000         43     4    1400000   10590000  120000000  120000000
   7       93     8683   120000    122272413065    122272533064        22137828     111115       8590     120000         54     4    1400000   10590000  120000000  120000000
   7       93     8683   119984    122272533074    122272653058        22257837     111112       8590     120000         47     4    1400000   10590000  120000000  120000000
   7       93     8686   120011    122272653067    122272773078        22377830     111098       8590     120000         67     4    1400000   10590000  120000000  120000000
   7       93     8686   119961    122272773087    122272893048        22497851     111060       8590     120000         37     4    1400000   10590000  120000000  120000000
   7       93     8683   119987    122272893057    122273013045        22617820     111124       8590     120000         34     4    1400000   10590000  120000000  120000000
   7       93     8686   119994    122273013053    122273133048        22737817     111129       8590     120000         37     4    1400000   10590000  120000000  120000000
   7       93     8683   119993    122273133056    122273253049        22857820     111134       8590     120000         38     4    1400000   10590000  120000000  120000000
   7       93     8683   120012    122273253058    122273373069        22977821     111139       8590     120000         58     4    1400000   10590000  120000000  120000000
   7       93     8685   119973    122273373079    122273493051        23097842     111093       8590     120000         41     4    1400000   10590000  120000000  120000000
   7       93     8684   120006    122273493060    122273613067        23217824     111117       8590     120000         54     4    1400000   10590000  120000000  120000000
   7       93     8684   119994    122273613076    122273733070        23337839     111102       8590     120000         59     4    1400000   10590000  120000000  120000000
   7       93     8685   119970    122273733079    122273853049        23457842     111096       8590     120000         38     4    1400000   10590000  120000000  120000000
   7       93     8684   119998    122273853057    122273973055        23577820     111132       8590     120000         44     4    1400000   10590000  120000000  120000000
   7       93     8683   119984    122273973064    122274093048        23697828     111112       8590     120000         36     4    1400000   10590000  120000000  120000000
   7       93     8682   119999    122274093057    122274213056        23817820     111141       8590     120000         45     4    1400000   10590000  120000000  120000000
   7       93     8682   119983    122274213065    122274333048        23937828     111113       8590     120000         37     4    1400000   10590000  120000000  120000000
   7       93     8684   119965    122274333099    122274453063        24057862     111080       8590     120000         53     4    1400000   10590000  120000000  120000000
   7       93     8685   119983    122274453072    122274573055        24177836     111104       8590     120000         44     4    1400000   10590000  120000000  120000000
   7       93     8682   120000    122274573064    122274693065        24297828     111112       8590     120000         54     4    1400000   10590000  120000000  120000000
   7       93     8684   119991    122274693074    122274813065        24417837     111088       8590     120000         54     4    1400000   10590000  120000000  120000000
   7       93     8683   119973    122274813074    122274933047        24537837     111105       8590     120000         36     4    1400000   10590000  120000000  120000000
   7       93     8684   119995    122274933056    122275053052        24657819     111115       8590     120000         41     4    1400000   10590000  120000000  120000000
   7       93     8683   119996    122275053061    122275173057        24777824     111121       8590     120000         43     4    1400000   10590000  120000000  120000000
   7       93     8684   119981    122275173066    122275293047        24897829     111112       8590     120000         37     4    1400000   10590000  120000000  120000000
   7       93     8682   119993    122275293056    122275413049        25017819     111134       8590     120000         37     4    1400000   10590000  120000000  120000000
   7       93     8684   120014    122275413058    122275533072        25137821     111123       8590     120000         61     4    1400000   10590000  120000000  120000000
   7       93     8685   119965    122275533081    122275653046        25257845     111089       8590     120000         35     4    1400000   10590000  120000000  120000000
   7       93     8683   119997    122275653055    122275773051        25377818     111133       8590     120000         39     4    1400000   10590000  120000000  120000000
   7       93     8687   120009    122275773062    122275893071        25497825     111111       8590     120000         60     4    1400000   10590000  120000000  120000000
   7       93     8687   119985    122275893080    122276013065        25617844     111083       8590     120000         55     4    1400000   10590000  120000000  120000000
   7       93     8683   119972    122276013075    122276133047        25737838     111103       8590     120000         36     4    1400000   10590000  120000000  120000000
   7       93     8683   119997    122276133056    122276253053        25857819     111128       8590     120000         40     4    1400000   10590000  120000000  120000000
   7       93     8685   119992    122276253062    122276373055        25977826     111101       8590     120000         43     4    1400000   10590000  120000000  120000000
   7       93     8682   119985    122276373064    122276493048        26097827     111094       8590     120000         37     4    1400000   10590000  120000000  120000000
   7       93     8684   119990    122276493057    122276613047        26217820     111125       8590     120000         36     4    1400000   10590000  120000000  120000000
   7       93     8681   119989    122276613056    122276733045        26337819     111123       8590     120000         34     4    1400000   10590000  120000000  120000000
   7       93     8682   120022    122276733054    122276853076        26457817     111133       8590     120000         65     4    1400000   10590000  120000000  120000000
   7       93     8685   119997    122276853085    122276973082        26577848     111077       8590     120000         71     4    1400000   10590000  120000000  120000000
   7       93     8685   119981    122276973091    122277093072        26697854     111081       8590     120000         61     4    1400000   10590000  120000000  120000000
   7       93     8686   119936    122277093113    122277213049        26817876     111053       8590     120000         38     4    1400000   10590000  120000000  120000000
   7       93     8687   119991    122277213058    122277333049        26937822     111111       8590     120000         38     4    1400000   10590000  120000000  120000000
   7       93     8682   119991    122277333058    122277453048        27057821     111134       8590     120000         37     4    1400000   10590000  120000000  120000000
   7       93     8684   120008    122277453057    122277573065        27177820     111132       8590     120000         54     4    1400000   10590000  120000000  120000000
   7       93     8684   119975    122277573074    122277693049        27297837     111104       8590     120000         39     4    1400000   10590000  120000000  120000000
   7       93     8683   119989    122277693058    122277813047        27417821     111126       8590     120000         36     4    1400000   10590000  120000000  120000000
   7       93     8682   120015    122277813056    122277933071        27537819     111118       8590     120000         60     4    1400000   10590000  120000000  120000000
   7       93     8688   119966    122277933080    122278053046        27657843     111083       8590     120000         35     4    1400000   10590000  120000000  120000000
   7       93     8682   119999    122278053055    122278173054        27777818     111131       8590     120000         42     4    1400000   10590000  120000000  120000000
   7       93     8683   120008    122278173062    122278293071        27897826     111125       8590     120000         60     4    1400000   10590000  120000000  120000000
   7       93     8688   119970    122278293081    122278413051        28017844     111080       8590     120000         40     4    1400000   10590000  120000000  120000000
   7       93     8683   119988    122278413060    122278533048        28137823     111133       8590     120000         36     4    1400000   10590000  120000000  120000000
   7       93     8683   119992    122278533057    122278653049        28257820     111120       8590     120000         38     4    1400000   10590000  120000000  120000000
   7       93     8683   119999    122278653058    122278773057        28377821     111124       8590     120000         43     4    1400000   10590000  120000000  120000000
   7       93     8682   119981    122278773066    122278893047        28497829     111111       8590     120000         36     4    1400000   10590000  120000000  120000000
   7       93     8682   120008    122278893056    122279013065        28617819     111112       8590     120000         54     4    1400000   10590000  120000000  120000000
   7       93     8685   119976    122279013074    122279133050        28737837     111101       8590     120000         39     4    1400000   10590000  120000000  120000000
   7       93     8681   120012    122279133059    122279253071        28857823     111128       8590     120000         60     4    1400000   10590000  120000000  120000000
   7       93     8684   119984    122279253080    122279373064        28977843     111112       8590     120000         53     4    1400000   10590000  120000000  120000000
   7       93     8685   119978    122279373073    122279493052        29097836     111110       8590     120000         40     4    1400000   10590000  120000000  120000000
   7       93     8683   119984    122279493061    122279613045        29217824     111122       8590     120000         34     4    1400000   10590000  120000000  120000000
   7       93     8685   119993    122279613054    122279733048        29337817     111114       8590     120000         37     4    1400000   10590000  120000000  120000000
   7       93     8682   119989    122279733057    122279853046        29457820     111127       8590     120000         35     4    1400000   10590000  120000000  120000000
   7       93     8684   119999    122279853056    122279973055        29577819     111119       8590     120000         42     4    1400000   10590000  120000000  120000000
   7       93     8683   119972    122279973098    122280093071        29697862     111074       8590     120000         60     4    1400000   10590000  120000000  120000000
   7       93     8682   119984    122280093080    122280213065        29817843     111098       8590     120000         54     4    1400000   10590000  120000000  120000000
   7       93     8685   119986    122280213074    122280333060        29937837     111101       8590     120000         47     4    1400000   10590000  120000000  120000000
   7       93     8686   119987    122280333070    122280453057        30057833     111103       8590     120000         46     4    1400000   10590000  120000000  120000000
   7       93     8685   119991    122280453066    122280573057        30177829     111107       8590     120000         45     4    1400000   10590000  120000000  120000000
   7       93     8682   119979    122280573066    122280693045        30297829     111113       8590     120000         34     4    1400000   10590000  120000000  120000000
   7       93     8682   119996    122280693054    122280813050        30417817     111121       8590     120000         38     4    1400000   10590000  120000000  120000000
   7       93     8683   119987    122280813059    122280933046        30537822     111125       8590     120000         35     4    1400000   10590000  120000000  120000000
   7       93     8682   119989    122280933055    122281053044        30657818     111122       8590     120000         34     4    1400000   10590000  120000000  120000000
   7       93     8682   120023    122281053053    122281173076        30777816     111128       8590     120000         65     4    1400000   10590000  120000000  120000000
   7       93     8687   119985    122281173086    122281293071        30897849     111077       8590     120000         60     4    1400000   10590000  120000000  120000000
   7       93     8684   119990    122281293080    122281413070        31017844     111102       8590     120000         58     4    1400000   10590000  120000000  120000000
   7       93     8685   119975    122281413079    122281533054        31137842     111111       8590     120000         43     4    1400000   10590000  120000000  120000000
   7       93     8683   120000    122281533063    122281653063        31257826     111127       8590     120000         52     4    1400000   10590000  120000000  120000000
   7       93     8685   119982    122281653072    122281773054        31377835     111093       8590     120000         43     4    1400000   10590000  120000000  120000000
   7       93     8685   119986    122281773063    122281893049        31497827     111098       8590     120000         38     4    1400000   10590000  120000000  120000000
   7       93     8683   119991    122281893058    122282013049        31617821     111125       8590     120000         39     4    1400000   10590000  120000000  120000000
   7       93     8684   119988    122282013058    122282133046        31737821     111123       8590     120000         36     4    1400000   10590000  120000000  120000000
   7       93     8683   119994    122282133055    122282253049        31857818     111128       8590     120000         37     4    1400000   10590000  120000000  120000000
   7       93     8682   120000    122282253058    122282373058        31977821     111142       8590     120000         46     4    1400000   10590000  120000000  120000000
   7       93     8685   119996    122282373068    122282493064        32097831     111093       8590     120000         53     4    1400000   10590000  120000000  120000000
   7       93     8683   119972    122282493074    122282613046        32217837     111109       8590     120000         35     4    1400000   10590000  120000000  120000000
   7       93     8683   120015    122282613055    122282733069        32337818     111124       8590     120000         58     4    1400000   10590000  120000000  120000000
   7       93     8683   119953    122282733115    122282853068        32457878     111066       8590     120000         57     4    1400000   10590000  120000000  120000000
   7       93     8684   119975    122282853078    122282973053        32577841     111096       8590     120000         41     4    1400000   10590000  120000000  120000000
   7       93     8685   119984    122282973063    122283093047        32697826     111122       8590     120000         37     4    1400000   10590000  120000000  120000000
   7       93     8684   119991    122283093056    122283213047        32817819     111131       8590     120000         36     4    1400000   10590000  120000000  120000000
   7       93     8682   119992    122283213056    122283333047        32937819     111136       8590     120000         36     4    1400000   10590000  120000000  120000000
   7       93     8684   119998    122283333056    122283453055        33057819     111139       8590     120000         41     4    1400000   10590000  120000000  120000000
   7       93     8683   120009    122283453064    122283573073        33177828     111122       8590     120000         62     4    1400000   10590000  120000000  120000000
   7       93     8685   119973    122283573083    122283693055        33297846     111084       8590     120000         44     4    1400000   10590000  120000000  120000000
   7       93     8683   119985    122283693064    122283813049        33417827     111122       8590     120000         38     4    1400000   10590000  120000000  120000000
   7       93     8683   120006    122283813058    122283933064        33537821     111133       8590     120000         53     4    1400000   10590000  120000000  120000000
   7       93     8685   119973    122283933073    122284053046        33657836     111090       8590     120000         35     4    1400000   10590000  120000000  120000000
   7       93     8685   119998    122284053054    122284173052        33777818     111120       8590     120000         41     4    1400000   10590000  120000000  120000000
   7       93     8685   119987    122284173061    122284293049        33897825     111112       8590     120000         38     4    1400000   10590000  120000000  120000000
   7       93     8683   119994    122284293057    122284413051        34017821     111129       8590     120000         39     4    1400000   10590000  120000000  120000000
   7       93     8682   119991    122284413060    122284533051        34137823     111126       8590     120000         40     4    1400000   10590000  120000000  120000000
   7       93     8684   120003    122284533060    122284653063        34257823     111094       8590     120000         52     4    1400000   10590000  120000000  120000000
   7       93     8685   119997    122284653073    122284773070        34377836     111088       8590     120000         59     4    1400000   10590000  120000000  120000000
   7       93     8684   119969    122284773080    122284893049        34497843     111099       8590     120000         38     4    1400000   10590000  120000000  120000000
   7       93     8682   120003    122284893058    122285013061        34617821     111127       8590     120000         50     4    1400000   10590000  120000000  120000000
   7       93     8685   119975    122285013070    122285133046        34737833     111097       8590     120000         35     4    1400000   10590000  120000000  120000000
   7       93     8682   119993    122285133054    122285253047        34857818     111130       8590     120000         36     4    1400000   10590000  120000000  120000000
   7       93     8682   120006    122285253056    122285373062        34977819     111142       8590     120000         51     4    1400000   10590000  120000000  120000000
   7       93     8682   119973    122285373071    122285493044        35097834     111098       8590     120000         34     4    1400000   10590000  120000000  120000000
   7       93     8682   119992    122285493053    122285613045        35217816     111130       8590     120000         34     4    1400000   10590000  120000000  120000000
   7       93     8683   119961    122285613088    122285733049        35337852     111092       8590     120000         38     4    1400000   10590000  120000000  120000000
   7       93     8682   120005    122285733058    122285853063        35457821     111136       8590     120000         52     4    1400000   10590000  120000000  120000000
   7       93     8685   120008    122285853072    122285973081        35577835     111088       8590     120000         69     4    1400000   10590000  120000000  120000000
   7       93     8685   119957    122285973090    122286093047        35697853     111077       8590     120000         35     4    1400000   10590000  120000000  120000000
   7       93     8684   119995    122286093056    122286213051        35817819     111140       8590     120000         40     4    1400000   10590000  120000000  120000000
   7       93     8684   119988    122286213060    122286333047        35937823     111128       8590     120000         37     4    1400000   10590000  120000000  120000000
   7       93     8683   119997    122286333056    122286453054        36057819     111110       8590     120000         41     4    1400000   10590000  120000000  120000000
   7       93     8682   119988    122286453064    122286573051        36177827     111115       8590     120000         41     4    1400000   10590000  120000000  120000000
   7       93     8683   120008    122286573060    122286693068        36297823     111115       8590     120000         57     4    1400000   10590000  120000000  120000000
   7       93     8685   119971    122286693077    122286813048        36417840     111106       8590     120000         37     4    1400000   10590000  120000000  120000000
   7       93     8683   119991    122286813057    122286933048        36537820     111128       8590     120000         37     4    1400000   10590000  120000000  120000000
   7       93     8686   119993    122286933057    122287053050        36657820     111113       8590     120000         38     4    1400000   10590000  120000000  120000000
   7       93     8683   119994    122287053059    122287173052        36777822     111129       8590     120000         41     4    1400000   10590000  120000000  120000000
   7       93     8684   120008    122287173061    122287293069        36897825     111120       8590     120000         58     4    1400000   10590000  120000000  120000000
   7       93     8683   119974    122287293078    122287413053        37017842     111110       8590     120000         41     4    1400000   10590000  120000000  120000000
   7       93     8686   119983    122287413062    122287533045        37137825     111114       8590     120000         35     4    1400000   10590000  120000000  120000000
   7       93     8681   119996    122287533055    122287653051        37257818     111129       8590     120000         39     4    1400000   10590000  120000000  120000000
   7       93     8684   120012    122287653061    122287773073        37377824     111124       8590     120000         62     4    1400000   10590000  120000000  120000000
   7       93     8686   119971    122287773082    122287893053        37497846     111076       8590     120000         42     4    1400000   10590000  120000000  120000000
   7       93     8684   119985    122287893063    122288013047        37617826     111111       8590     120000         36     4    1400000   10590000  120000000  120000000
   7       93     8684   120015    122288013056    122288133071        37737819     111129       8590     120000         60     4    1400000   10590000  120000000  120000000
   7       93     8687   119989    122288133080    122288253069        37857843     111087       8590     120000         59     4    1400000   10590000  120000000  120000000
   7       93     8683   119996    122288253078    122288373074        37977842     111119       8590     120000         63     4    1400000   10590000  120000000  120000000
   7       93     8684   119971    122288373083    122288493054        38097847     111078       8590     120000         43     4    1400000   10590000  120000000  120000000
   7       93     8683   119951    122288493096    122288613047        38217859     111086       8590     120000         36     4    1400000   10590000  120000000  120000000
   7       93     8684   119991    122288613056    122288733047        38337819     111111       8590     120000         36     4    1400000   10590000  120000000  120000000
   7       93     8683   119990    122288733056    122288853046        38457819     111125       8590     120000         35     4    1400000   10590000  120000000  120000000
   7       93     8684   120006    122288853054    122288973060        38577818     111126       8590     120000         49     4    1400000   10590000  120000000  120000000
   7       93     8684   119999    122288973069    122289093068        38697833     111094       8590     120000         57     4    1400000   10590000  120000000  120000000
   7       93     8685   119985    122289093077    122289213062        38817840     111106       8590     120000         51     4    1400000   10590000  120000000  120000000
   7       93     8687   119993    122289213071    122289333064        38937834     111092       8590     120000         53     4    1400000   10590000  120000000  120000000
   7       93     8684   119977    122289333073    122289453050        39057836     111107       8590     120000         40     4    1400000   10590000  120000000  120000000
   7       93     8684   119998    122289453059    122289573058        39177822     111109       8590     120000         47     4    1400000   10590000  120000000  120000000
   7       93     8683   119982    122289573067    122289693049        39297830     111115       8590     120000         38     4    1400000   10590000  120000000  120000000
   7       93     8683   119993    122289693058    122289813051        39417821     111142       8590     120000         40     4    1400000   10590000  120000000  120000000
   7       93     8685   119986    122289813059    122289933045        39537823     111115       8590     120000         34     4    1400000   10590000  120000000  120000000
   7       93     8683   120009    122289933054    122290053063        39657817     111126       8590     120000         52     4    1400000   10590000  120000000  120000000
   7       93     8684   119986    122290053072    122290173058        39777835     111110       8590     120000         45     4    1400000   10590000  120000000  120000000
   7       93     8686   119985    122290173067    122290293051        39897830     111114       8590     120000         41     4    1400000   10590000  120000000  120000000
   7       93     8682   119993    122290293060    122290413053        40017823     111121       8590     120000         41     4    1400000   10590000  120000000  120000000
   7       93     8683   120012    122290413062    122290533074        40137825     111131       8590     120000         63     4    1400000   10590000  120000000  120000000
   7       93     8683   119964    122290533084    122290653048        40257847     111093       8590     120000         37     4    1400000   10590000  120000000  120000000
   7       93     8683   119994    122290653057    122290773051        40377820     111132       8590     120000         40     4    1400000   10590000  120000000  120000000
   7       93     8683   119985    122290773060    122290893045        40497824     111123       8590     120000         35     4    1400000   10590000  120000000  120000000
   7       93     8683   119995    122290893054    122291013049        40617817     111122       8590     120000         39     4    1400000   10590000  120000000  120000000
   7       93     8682   120011    122291013058    122291133069        40737821     111126       8590     120000         58     4    1400000   10590000  120000000  120000000
   7       93     8682   119980    122291133078    122291253058        40857841     111101       8590     120000         48     4    1400000   10590000  120000000  120000000
   7       93     8684   119962    122291253099    122291373060        40977862     111092       8590     120000         49     4    1400000   10590000  120000000  120000000
   7       93     8685   119992    122291373069    122291493060        41097832     111109       8590     120000         49     4    1400000   10590000  120000000  120000000
   7       93     8687   119994    122291493069    122291613064        41217832     111104       8590     120000         53     4    1400000   10590000  120000000  120000000
   7       93     8683   119983    122291613073    122291733056        41337836     111100       8590     120000         45     4    1400000   10590000  120000000  120000000
   7       93     8683   119981    122291733066    122291853047        41457829     111129       8590     120000         36     4    1400000   10590000  120000000  120000000
   7       93     8682   119998    122291853056    122291973053        41577819     111140       8590     120000         43     4    1400000   10590000  120000000  120000000
   7       93     8684   119984    122291973062    122292093046        41697825     111111       8590     120000         35     4    1400000   10590000  120000000  120000000
   7       93     8681   119992    122292093055    122292213047        41817818     111134       8590     120000         35     4    1400000   10590000  120000000  120000000
   7       93     8682   119993    122292213055    122292333049        41937819     111134       8590     120000         38     4    1400000   10590000  120000000  120000000
   7       93     8683   119992    122292333058    122292453050        42057822     111115       8590     120000         39     4    1400000   10590000  120000000  120000000
   7       93     8682   120022    122292453059    122292573082        42177823     111114       8590     120000         71     4    1400000   10590000  120000000  120000000
   7       93     8687   119972    122292573091    122292693064        42297855     111065       8590     120000         53     4    1400000   10590000  120000000  120000000
   7       93     8686   119978    122292693073    122292813051        42417836     111088       8590     120000         40     4    1400000   10590000  120000000  120000000
   7       93     8683   119986    122292813060    122292933046        42537823     111119       8590     120000         35     4    1400000   10590000  120000000  120000000
   7       93     8682   120002    122292933055    122293053057        42657818     111131       8590     120000         45     4    1400000   10590000  120000000  120000000
   7       93     8685   119987    122293053067    122293173054        42777831     111096       8590     120000         43     4    1400000   10590000  120000000  120000000
   7       93     8684   119982    122293173063    122293293045        42897826     111098       8590     120000         35     4    1400000   10590000  120000000  120000000
   7       93     8684   120014    122293293054    122293413068        43017817     111133       8590     120000         58     4    1400000   10590000  120000000  120000000
   7       93     8688   119987    122293413078    122293533065        43137841     111087       8590     120000         54     4    1400000   10590000  120000000  120000000
   7       93     8686   119975    122293533074    122293653049        43257837     111082       8590     120000         38     4    1400000   10590000  120000000  120000000
   7       93     8683   120026    122293653058    122293773084        43377821     111132       8590     120000         73     4    1400000   10590000  120000000  120000000
   7       93     8685   119964    122293773094    122293893058        43497857     111071       8590     120000         46     4    1400000   10590000  120000000  120000000
   7       93     8688   119979    122293893068    122294013047        43617831     111098       8590     120000         35     4    1400000   10590000  120000000  120000000
   7       93     8684   119991    122294013056    122294133047        43737819     111131       8590     120000         36     4    1400000   10590000  120000000  120000000
   7       93     8684   119956    122294133091    122294253047        43857854     111094       8590     120000         36     4    1400000   10590000  120000000  120000000
   7       93     8682   119997    122294253056    122294373053        43977819     111143       8590     120000         42     4    1400000   10590000  120000000  120000000
   7       93     8684   119984    122294373062    122294493047        44097826     111102       8590     120000         35     4    1400000   10590000  120000000  120000000
   7       93     8682   120014    122294493056    122294613069        44217819     111123       8590     120000         59     4    1400000   10590000  120000000  120000000
   7       93     8686   119968    122294613079    122294733047        44337842     111091       8590     120000         36     4    1400000   10590000  120000000  120000000
   7       93     8685   119991    122294733056    122294853047        44457819     111137       8590     120000         36     4    1400000   10590000  120000000  120000000
   7       93     8682   120015    122294853056    122294973072        44577819     111125       8590     120000         61     4    1400000   10590000  120000000  120000000
   7       93     8687   119971    122294973081    122295093052        44697844     111076       8590     120000         41     4    1400000   10590000  120000000  120000000
   7       93     8684   119985    122295093061    122295213046        44817824     111130       8590     120000         35     4    1400000   10590000  120000000  120000000
   7       93     8682   119995    122295213055    122295333050        44937819     111127       8590     120000         40     4    1400000   10590000  120000000  120000000
   7       93     8682   119985    122295333059    122295453044        45057822     111119       8590     120000         33     4    1400000   10590000  120000000  120000000
   7       93     8683   120000    122295453053    122295573053        45177817     111118       8590     120000         42     4    1400000   10590000  120000000  120000000
   7       93     8682   119982    122295573062    122295693044        45297825     111104       8590     120000         34     4    1400000   10590000  120000000  120000000
   7       93     8682   120017    122295693053    122295813071        45417816     111118       8590     120000         60     4    1400000   10590000  120000000  120000000
   7       93     8685   119969    122295813080    122295933049        45537843     111089       8590     120000         38     4    1400000   10590000  120000000  120000000
   7       93     8685   120010    122295933058    122296053068        45657822     111120       8590     120000         57     4    1400000   10590000  120000000  120000000
   7       93     8684   120000    122296053077    122296173077        45777840     111099       8590     120000         66     4    1400000   10590000  120000000  120000000
   7       93     8687   119960    122296173086    122296293046        45897849     111079       8590     120000         35     4    1400000   10590000  120000000  120000000
   7       93     8683   119991    122296293055    122296413046        46017818     111133       8590     120000         35     4    1400000   10590000  120000000  120000000
   7       93     8683   119991    122296413055    122296533046        46137818     111115       8590     120000         35     4    1400000   10590000  120000000  120000000
   7       93     8682   120002    122296533054    122296653057        46257817     111122       8590     120000         45     4    1400000   10590000  120000000  120000000
   7       93     8684   120003    122296653067    122296773069        46377830     111106       8590     120000         59     4    1400000   10590000  120000000  120000000
   7       93     8686   119968    122296773079    122296893047        46497842     111088       8590     120000         36     4    1400000   10590000  120000000  120000000
   7       93     8683   119960    122296893088    122297013048        46617851     111097       8590     120000         37     4    1400000   10590000  120000000  120000000
   7       93     8683   120006    122297013057    122297133063        46737820     111131       8590     120000         52     4    1400000   10590000  120000000  120000000
   7       93     8684   119992    122297133073    122297253065        46857836     111104       8590     120000         54     4    1400000   10590000  120000000  120000000
   7       93     8685   119985    122297253074    122297373059        46977837     111095       8590     120000         49     4    1400000   10590000  120000000  120000000
   7       93     8683   119978    122297373068    122297493046        47097831     111115       8590     120000         35     4    1400000   10590000  120000000  120000000
   7       93     8684   119991    122297493055    122297613046        47217818     111123       8590     120000         36     4    1400000   10590000  120000000  120000000
   7       93     8684   119991    122297613055    122297733046        47337818     111126       8590     120000         35     4    1400000   10590000  120000000  120000000
   7       93     8685   119994    122297733055    122297853049        47457818     111117       8590     120000         37     4    1400000   10590000  120000000  120000000
   7       93     8684   120028    122297853058    122297973085        47577821     111125       8590     120000         75     4    1400000   10590000  120000000  120000000
   7       93     8687   119962    122297973095    122298093057        47697858     111063       8590     120000         46     4    1400000   10590000  120000000  120000000
   7       93     8687   120009    122298093066    122298213075        47817829     111108       8590     120000         64     4    1400000   10590000  120000000  120000000
   7       93     8685   119965    122298213084    122298333049        47937848     111083       8590     120000         39     4    1400000   10590000  120000000  120000000
   7       93     8682   119987    122298333058    122298453046        48057822     111135       8590     120000         35     4    1400000   10590000  120000000  120000000
   7       93     8683   119995    122298453055    122298573050        48177818     111130       8590     120000         39     4    1400000   10590000  120000000  120000000
   7       93     8685   119994    122298573059    122298693053        48297822     111118       8590     120000         42     4    1400000   10590000  120000000  120000000
   7       93     8686   119984    122298693062    122298813046        48417825     111102       8590     120000         35     4    1400000   10590000  120000000  120000000
   7       93     8682   119993    122298813055    122298933048        48537818     111126       8590     120000         37     4    1400000   10590000  120000000  120000000
   7       93     8682   119990    122298933057    122299053047        48657820     111120       8590     120000         36     4    1400000   10590000  120000000  120000000
   7       93     8685   120008    122299053056    122299173064        48777819     111125       8590     120000         52     4    1400000   10590000  120000000  120000000
   7       93     8685   119983    122299173073    122299293056        48897836     111095       8590     120000         42     4    1400000   10590000  120000000  120000000
   7       93     8687   119981    122299293065    122299413046        49017828     111087       8590     120000         35     4    1400000   10590000  120000000  120000000
   7       93     8683   119991    122299413055    122299533046        49137818     111138       8590     120000         35     4    1400000   10590000  120000000  120000000
   7       93     8684   119995    122299533055    122299653050        49257818     111135       8590     120000         39     4    1400000   10590000  120000000  120000000
   7       93     8683   119996    122299653059    122299773055        49377822     111126       8590     120000         43     4    1400000   10590000  120000000  120000000
   7       93     8684   119948    122299773097    122299893045        49497860     111083       8590     120000         34     4    1400000   10590000  120000000  120000000
   7       93     8683   120004    122299893054    122300013058        49617817     111139       8590     120000         47     4    1400000   10590000  120000000  120000000
   7       93     8687   119979    122300013067    122300133046        49737830     111083       8590     120000         36     4    1400000   10590000  120000000  120000000
   7       93     8682   119991    122300133056    122300253048        49857820     111143       8590     120000         37     4    1400000   10590000  120000000  120000000
   7       93     8683   120022    122300253057    122300373078        49977820     111134       8590     120000         67     4    1400000   10590000  120000000  120000000
   7       93     8685   119960    122300373087    122300493047        50097851     111085       8590     120000         36     4    1400000   10590000  120000000  120000000
   7       93     8683   120018    122300493056    122300613074        50217819     111132       8590     120000         63     4    1400000   10590000  120000000  120000000
   7       93     8686   119970    122300613084    122300733053        50337847     111087       8590     120000         42     4    1400000   10590000  120000000  120000000
   7       93     8684   119984    122300733063    122300853046        50457826     111096       8590     120000         36     4    1400000   10590000  120000000  120000000
   7       93     8684   120006    122300853055    122300973062        50577818     111132       8590     120000         51     4    1400000   10590000  120000000  120000000
   7       93     8683   119988    122300973070    122301093058        50697833     111108       8590     120000         47     4    1400000   10590000  120000000  120000000
   7       93     8685   119982    122301093067    122301213049        50817830     111110       8590     120000         38     4    1400000   10590000  120000000  120000000
   7       93     8683   120014    122301213058    122301333072        50937821     111139       8590     120000         61     4    1400000   10590000  120000000  120000000
   7       93     8685   119976    122301333081    122301453056        51057844     111095       8590     120000         45     4    1400000   10590000  120000000  120000000
   7       93     8685   119989    122301453066    122301573054        51177829     111107       8590     120000         43     4    1400000   10590000  120000000  120000000
   7       93     8683   120008    122301573064    122301693071        51297827     111116       8590     120000         60     4    1400000   10590000  120000000  120000000
   7       93     8687   119966    122301693080    122301813047        51417844     111081       8590     120000         36     4    1400000   10590000  120000000  120000000
   7       93     8683   120001    122301813056    122301933057        51537819     111127       8590     120000         45     4    1400000   10590000  120000000  120000000
   7       93     8683   119979    122301933066    122302053044        51657829     111119       8590     120000         34     4    1400000   10590000  120000000  120000000
   7       93     8684   120001    122302053053    122302173054        51777816     111129       8590     120000         43     4    1400000   10590000  120000000  120000000
   7       93     8683   119999    122302173062    122302293061        51897826     111105       8590     120000         50     4    1400000   10590000  120000000  120000000
   7       93     8685   119993    122302293070    122302413063        52017834     111095       8590     120000         53     4    1400000   10590000  120000000  120000000
   7       93     8686   119975    122302413073    122302533047        52137836     111095       8590     120000         36     4    1400000   10590000  120000000  120000000
   7       93     8683   119958    122302533090    122302653047        52257853     111087       8590     120000         36     4    1400000   10590000  120000000  120000000
   7       93     8683   120023    122302653056    122302773079        52377820     111136       8590     120000         66     4    1400000   10590000  120000000  120000000
   7       93     8687   119959    122302773088    122302893048        52497851     111072       8590     120000         37     4    1400000   10590000  120000000  120000000
   7       93     8682   119989    122302893057    122303013045        52617820     111134       8590     120000         35     4    1400000   10590000  120000000  120000000
   7       93     8683   119992    122303013054    122303133046        52737817     111130       8590     120000         35     4    1400000   10590000  120000000  120000000
   7       93     8682   119998    122303133055    122303253052        52857818     111124       8590     120000         41     4    1400000   10590000  120000000  120000000
   7       93     8683   120015    122303253063    122303373078        52977826     111124       8590     120000         66     4    1400000   10590000  120000000  120000000
   7       93     8685   119961    122303373087    122303493048        53097850     111055       8590     120000         37     4    1400000   10590000  120000000  120000000
   7       93     8683   119990    122303493057    122303613047        53217820     111133       8590     120000         36     4    1400000   10590000  120000000  120000000
   7       93     8684   120015    122303613056    122303733071        53337819     111125       8590     120000         61     4    1400000   10590000  120000000  120000000
   7       93     8685   119966    122303733081    122303853047        53457844     111095       8590     120000         37     4    1400000   10590000  120000000  120000000
   7       93     8682   120001    122303853057    122303973058        53577820     111130       8590     120000         46     4    1400000   10590000  120000000  120000000
   7       93     8683   119982    122303973067    122304093049        53697830     111116       8590     120000         37     4    1400000   10590000  120000000  120000000
   7       93     8683   119993    122304093058    122304213051        53817821     111125       8590     120000         40     4    1400000   10590000  120000000  120000000
   7       93     8684   119985    122304213060    122304333045        53937823     111105       8590     120000         34     4    1400000   10590000  120000000  120000000
   7       93     8682   119995    122304333054    122304453049        54057817     111113       8590     120000         38     4    1400000   10590000  120000000  120000000
   7       93     8685   120008    122304453058    122304573066        54177821     111112       8590     120000         55     4    1400000   10590000  120000000  120000000
   7       93     8685   119971    122304573075    122304693046        54297838     111083       8590     120000         35     4    1400000   10590000  120000000  120000000
   7       93     8685   120015    122304693055    122304813070        54417818     111129       8590     120000         58     4    1400000   10590000  120000000  120000000
   7       93     8685   119979    122304813079    122304933058        54537843     111090       8590     120000         47     4    1400000   10590000  120000000  120000000
   7       93     8684   119987    122304933067    122305053054        54657830     111117       8590     120000         43     4    1400000   10590000  120000000  120000000
   7       93     8683   119989    122305053063    122305173052        54777826     111126       8590     120000         41     4    1400000   10590000  120000000  120000000
   7       93     8685   119987    122305173060    122305293048        54897824     111100       8590     120000         36     4    1400000   10590000  120000000  120000000
   7       93     8682   119991    122305293056    122305413047        55017820     111127       8590     120000         36     4    1400000   10590000  120000000  120000000
   7       93     8683   119960    122305413089    122305533049        55137852     111081       8590     120000         39     4    1400000   10590000  120000000  120000000
   7       93     8682   120005    122305533058    122305653063        55257821     111122       8590     120000         52     4    1400000   10590000  120000000  120000000
   7       93     8683   119985    122305653072    122305773057        55377835     111100       8590     120000         44     4    1400000   10590000  120000000  120000000
   7       93     8683   120003    122305773067    122305893070        55497830     111114       8590     120000         59     4    1400000   10590000  120000000  120000000
   7       93     8684   119992    122305893079    122306013071        55617842     111100       8590     120000         60     4    1400000   10590000  120000000  120000000
   7       93     8687   119967    122306013080    122306133047        55737843     111088       8590     120000         36     4    1400000   10590000  120000000  120000000
   7       93     8684   119990    122306133056    122306253046        55857819     111129       8590     120000         35     4    1400000   10590000  120000000  120000000
   7       93     8682   120002    122306253055    122306373057        55977818     111124       8590     120000         46     4    1400000   10590000  120000000  120000000
   7       93     8683   119987    122306373067    122306493054        56097830     111101       8590     120000         43     4    1400000   10590000  120000000  120000000
   7       93     8682   119984    122306493063    122306613047        56217827     111116       8590     120000         37     4    1400000   10590000  120000000  120000000
   7       93     8684   119996    122306613056    122306733053        56337820     111116       8590     120000         41     4    1400000   10590000  120000000  120000000
   7       93     8682   119990    122306733062    122306853051        56457825     111132       8590     120000         40     4    1400000   10590000  120000000  120000000
   7       93     8684   120003    122306853060    122306973063        56577823     111113       8590     120000         51     4    1400000   10590000  120000000  120000000
   7       93     8684   119975    122306973072    122307093047        56697836     111112       8590     120000         37     4    1400000   10590000  120000000  120000000
   7       93     8683   120013    122307093057    122307213070        56817820     111136       8590     120000         59     4    1400000   10590000  120000000  120000000
   7       93     8684   119968    122307213079    122307333047        56937843     111094       8590     120000         36     4    1400000   10590000  120000000  120000000
   7       93     8684   119989    122307333056    122307453046        57057820     111117       8590     120000         35     4    1400000   10590000  120000000  120000000
   7       93     8683   119999    122307453054    122307573054        57177818     111122       8590     120000         42     4    1400000   10590000  120000000  120000000
   7       93     8683   119982    122307573063    122307693045        57297826     111103       8590     120000         34     4    1400000   10590000  120000000  120000000
   7       93     8682   119991    122307693054    122307813045        57417817     111130       8590     120000         34     4    1400000   10590000  120000000  120000000
   7       93     8682   119999    122307813054    122307933052        57537817     111126       8590     120000         41     4    1400000   10590000  120000000  120000000
   7       93     8682   119990    122307933062    122308053052        57657825     111105       8590     120000         40     4    1400000   10590000  120000000  120000000
   7       93     8684   119993    122308053061    122308173053        57777824     111118       8590     120000         42     4    1400000   10590000  120000000  120000000
   7       93     8686   119968    122308173096    122308293064        57897859     111063       8590     120000         53     4    1400000   10590000  120000000  120000000
   7       93     8684   119976    122308293073    122308413049        58017836     111108       8590     120000         37     4    1400000   10590000  120000000  120000000
   7       93     8685   119995    122308413057    122308533052        58137821     111136       8590     120000         41     4    1400000   10590000  120000000  120000000
   7       93     8683   119985    122308533060    122308653046        58257824     111121       8590     120000         35     4    1400000   10590000  120000000  120000000
   7       93     8682   120009    122308653054    122308773063        58377817     111136       8590     120000         50     4    1400000   10590000  120000000  120000000
   7       93     8685   119982    122308773073    122308893054        58497836     111098       8590     120000         41     4    1400000   10590000  120000000  120000000
   7       93     8683   119983    122308893064    122309013047        58617827     111128       8590     120000         36     4    1400000   10590000  120000000  120000000
   7       93     8683   120005    122309013057    122309133062        58737820     111126       8590     120000         51     4    1400000   10590000  120000000  120000000
   7       93     8687   119976    122309133071    122309253047        58857834     111084       8590     120000         36     4    1400000   10590000  120000000  120000000
   7       93     8683   119993    122309253057    122309373050        58977820     111126       8590     120000         39     4    1400000   10590000  120000000  120000000
   7       93     8682   120009    122309373059    122309493068        59097822     111105       8590     120000         57     4    1400000   10590000  120000000  120000000
   7       93     8684   119970    122309493077    122309613047        59217840     111099       8590     120000         36     4    1400000   10590000  120000000  120000000
   7       93     8683   119994    122309613056    122309733049        59337819     111128       8590     120000         37     4    1400000   10590000  120000000  120000000
   7       93     8683   119987    122309733058    122309853045        59457821     111132       8590     120000         34     4    1400000   10590000  120000000  120000000
   7       93     8684   119999    122309853054    122309973053        59577817     111125       8590     120000         42     4    1400000   10590000  120000000  120000000
   7       93     8683   119986    122309973061    122310093047        59697824     111098       8590     120000         36     4    1400000   10590000  120000000  120000000
   7       93     8684   120002    122310093056    122310213058        59817819     111133       8590     120000         47     4    1400000   10590000  120000000  120000000
   7       93     8688   119981    122310213067    122310333049        59937831     111103       8590     120000         38     4    1400000   10590000  120000000  120000000
   7       93     8683   120013    122310333057    122310453070        60057821     111121       8590     120000         60     4    1400000   10590000  120000000  120000000
   7       93     8685   119992    122310453080    122310573071        60177843     111091       8590     120000         61     4    1400000   10590000  120000000  120000000
   7       93     8683   119967    122310573081    122310693048        60297844     111090       8590     120000         37     4    1400000   10590000  120000000  120000000
   7       93     8683   119994    122310693057    122310813051        60417820     111137       8590     120000         41     4    1400000   10590000  120000000  120000000
   7       93     8683   119994    122310813060    122310933054        60537823     111131       8590     120000         43     4    1400000   10590000  120000000  120000000
   7       93     8684   119990    122310933063    122311053053        60657826     111119       8590     120000         42     4    1400000   10590000  120000000  120000000
   7       93     8683   119967    122311053094    122311173062        60777857     111094       8590     120000         50     4    1400000   10590000  120000000  120000000
