#idx     perf      run   period           start             end          rel_st      slack c_duration   c_period     wu_lat   cpu       freq dl_runtime  dl_period dl_deadline
   4     2574   239280   371793     31036999350     31037371143         2021175     130216     236876     560000         48     4    1400000  249344000  560000000  560000000
   4     2574   239969   560001     31037371153     31037931154         2392977     165188     236876     560000         59     6    1400000  249344000  560000000  560000000
   4     2574   239324   569265     31037931164     31038500429         2952989     165979     236876     560000       9334     6    1400000  249344000  560000000  560000000
   4     2574   240150   550702     31038500438     31039051139         3522262     155245     236876     560000         43     4    1400000  249344000  560000000  560000000
   4     2574   239305   581378     31039051148     31039632527         4072973     -21433     236876     560000          0     7    1400000  249344000  560000000  560000000
   4     2574   239307   617867     31039632536     31040250403         4654361     108663     236876     560000      79308     7    1400000  249344000  560000000  560000000
   4     2574   239282   480728     31040250412     31040731140         5272237      86933     236876     560000         45     7    1400000  249344000  560000000  560000000
   4     2574   239793   560376     31040731150     31041291526         5752974     165479     236876     560000        431     6    1400000  249344000  560000000  560000000
   4     2574   239269   559614     31041291535     31041851149         6313359     317894     236876     560000         54     7    1400000  249344000  560000000  560000000
   4     2574   239310   667990     31041851158     31042519148         6872983     129909     236876     560000     108054     7    1400000  249344000  560000000  560000000
   4     2574   239301   582234     31042519157     31043101391         7540982      58407     236876     560000     130297     7    1400000  249344000  560000000  560000000
   4     2574   239265   429755     31043101400     31043531155         8123225     188424     236876     560000         60     7    1400000  249344000  560000000  560000000
   4     2574   239298   559980     31043531165     31044091145         8552989     318376     236876     560000         50     6    1400000  249344000  560000000  560000000
   4     2574   239784   719989     31044091154     31044811143         9112979     129438     236876     560000     160049     6    1400000  249344000  560000000  560000000
   4     2574   239257   468093     31044811153     31045279246         9832977     158336     236876     560000      68152     7    1400000  249344000  560000000  560000000
   4     2574   239769   583171     31045279255     31045862426        10301080      97124     236876     560000      91332     6    1400000  249344000  560000000  560000000
   4     2574   239293   468711     31045862435     31046331146        10884260      74384     236876     560000         51     6    1400000  249344000  560000000  560000000
   4     2574   239969   560015     31046331155     31046891170        11352980     317289     236876     560000         75     6    1400000  249344000  560000000  560000000
   4     2574   239272   639989     31046891179     31047531169        11913004     129992     236876     560000      80073     6    1400000  249344000  560000000  560000000
   4     2574   239515   507950     31047531180     31048039130        12553004      85923     236876     560000      28035     6    1300000  249344000  560000000  560000000
   4     2574   239293   581491     31048039139     31048620630        13060964     138459     236876     560000      49535     4    1400000  249344000  560000000  560000000
   4     2574   239974   510517     31048620639     31049131156        13642464     268294     236876     560000         61     6    1400000  249344000  560000000  560000000
   4     2574   239271   640002     31049131166     31049771167        14152990     130347     236876     560000      80071     7    1400000  249344000  560000000  560000000
   4     2574   239458   479940     31049771217     31050251157        14793041     238402     236876     560000         62     7    1300000  249344000  560000000  560000000
   4     2574   239280   559989     31050251167     31050811155        15272991     318597     236876     560000         60     7    1400000  249344000  560000000  560000000
   4     2574   239646   559994     31050811165     31051371159        15832989     318234     236876     560000         64     7    1400000  249344000  560000000  560000000
   4     2574   239292   559977     31051371169     31051931147        16392994     318500     236876     560000         52     7    1400000  249344000  560000000  560000000
   4     2574   239293   582197     31051931156     31052513353        16952981     -22259     236876     560000          0     7    1400000  249344000  560000000  560000000
   4     2574   239298   617365     31052513362     31053130727        17535187     108446     236876     560000      79633     7    1400000  249344000  560000000  560000000
   4     2574   239948   582632     31053130736     31053713368        18152561      85842     236876     560000     102273     7    1400000  249344000  560000000  560000000
   4     2574   239256   457761     31053713376     31054171137        18735201     216125     236876     560000         43     7    1400000  249344000  560000000  560000000
   4     2574   239892   559996     31054171146     31054731143        19192971     317969     236876     560000         48     7    1400000  249344000  560000000  560000000
   4     2574   239298   581377     31054731152     31055312528        19752976     -21435     236876     560000          0     7    1400000  249344000  560000000  560000000
   4     2574   239979   618258     31055312538     31055930796        20334362     108546     236876     560000      79701     7    1400000  249344000  560000000  560000000
   4     2574   239260   480337     31055930805     31056411141        20952629     238723     236876     560000         47     7    1400000  249344000  560000000  560000000
   4     2574   239724   560028     31056411151     31056971179        21432975     317514     236876     560000         84     4    1400000  249344000  560000000  560000000
   4     2574   239311   581824     31056971188     31057553013        21993013     -21919     236876     560000          0     6    1400000  249344000  560000000  560000000
   4     2574   239987   582824     31057553022     31058135846        22574847     -44752     236876     560000          0     6    1400000  249344000  560000000  560000000
   4     2574   239293   618349     31058135855     31058754205        23157680      85310     236876     560000     103110     6    1400000  249344000  560000000  560000000
   4     2574   239270   503572     31058754213     31059257785        23776038     215144     236876     560000      46691     6    1400000  249344000  560000000  560000000
   4     2574   240600   513342     31059257794     31059771136        24279619     117071     236876     560000         41     5    1400000  249344000  560000000  560000000
   4     2574   239297   582190     31059771145     31060353335        24792970     -22242     236876     560000          0     6    1400000  249344000  560000000  560000000
   4     2574   239290   617810     31060353345     31060971155        25375169     107264     236876     560000      80060     6    1400000  249344000  560000000  560000000
   4     2574   239292   632176     31060971164     31061603340        25992989     238507     236876     560000         28     5    1400000  249344000  560000000  560000000
   4     2574   239963   430914     31061603349     31062034262        26625174     165206     236876     560000      23168     6    1400000  249344000  560000000  560000000
   4     2574   239291   726166     31062034272     31062760438        27056096     142610     236876     560000     189343     6    1400000  249344000  560000000  560000000
   4     2574   239273   370687     31062760447     31063131134        27782271     129387     236876     560000         39     4    1400000  249344000  560000000  560000000
   4     2574   239310   700209     31063131177     31063831386        28153002     166340     236876     560000     140292     5    1400000  249344000  560000000  560000000
   4     2574   239969   430891     31063831395     31064262286        28853220     177066     236876     560000      11192     4    1400000  249344000  560000000  560000000
   4     2574   239258   548850     31064262295     31064811145        29284120     307254     236876     560000         49     4    1400000  249344000  560000000  560000000
   4     2574   240025   582863     31064811154     31065394017        29832979     -22923     236876     560000          0     4    1400000  249344000  560000000  560000000
   4     2574   239293   617902     31065394026     31066011928        30415851     107373     236876     560000      80833     4    1400000  249344000  560000000  560000000
   4     2574   239268   479207     31066011937     31066491144        31033762     237560     236876     560000         49     4    1400000  249344000  560000000  560000000
   4     2574   240013   560023     31066491153     31067051176        31512977     165113     236876     560000         80     4    1400000  249344000  560000000  560000000
   4     2574   239294   770369     31067051185     31067821554        32073010     318472     236876     560000     210460     5    1400000  249344000  560000000  560000000
   4     2574   239285   457644     31067821564     31068279207        32843388     108165     236876     560000     108113     5    1400000  249344000  560000000  560000000
   4     2574   239288   460005     31068279216     31068739221        33301041     210524     236876     560000       8127     5    1400000  249344000  560000000  560000000
   4     2574   239778   582238     31068739230     31069321469        33761055     157669     236876     560000      30374     5    1400000  249344000  560000000  560000000
   4     2574   239288   529664     31069321478     31069851142        34343303     135823     236876     560000         47     5    1400000  249344000  560000000  560000000
   4     2574   240616   560007     31069851151     31070411158        34872976     128716     236876     560000         63     7    1400000  249344000  560000000  560000000
   4     2574   239290   559977     31070411167     31070971145        35432992     318522     236876     560000         50     4    1400000  249344000  560000000  560000000
   4     2574   239863   583124     31070971154     31071554278        35992979     164771     236876     560000      23184     4    1400000  249344000  560000000  560000000
   4     2574   239284   536853     31071554288     31072091141        36576112     143140     236876     560000         46     4    1400000  249344000  560000000  560000000
   4     2574   239792   560007     31072091150     31072651157        37112975     165570     236876     560000         62     7    1400000  249344000  560000000  560000000
   4     2574   239283   689372     31072651167     31073340538        37672991     130612     236876     560000     129444     5    1400000  249344000  560000000  560000000
   4     2574   239295   430609     31073340548     31073771157        38362372     189026     236876     560000         62     6    1400000  249344000  560000000  560000000
   4     2574   239302   559975     31073771166     31074331141        38792991     101922     236876     560000         46     4    1400000  249344000  560000000  560000000
   4     2574   239971   559993     31074331150     31074891143        39352975     316751     236876     560000         48     6    1400000  249344000  560000000  560000000
   4     2574   239287   594346     31074891152     31075485498        39912977     254249     236876     560000      34404     4    1400000  249344000  560000000  560000000
   4     2574   241178   525647     31075485508     31076011155        40507332     160694     236876     560000         60     4    1400000  249344000  560000000  560000000
   4     2574   239289   559946     31076011199     31076571144        41033024     196841     236876     560000         50     6    1400000  249344000  560000000  560000000
   4     2574   239335   583643     31076571154     31077154796        41592978     165675     236876     560000      23702     6    1400000  249344000  560000000  560000000
   4     2574   239276   536340     31077154806     31077691146        42176630     294444     236876     560000         51     6    1400000  249344000  560000000  560000000
   4     2574   239433   582042     31077691155     31078273197        42712980     -22104     236876     560000          0     7    1400000  249344000  560000000  560000000
   4     2574   239272   617809     31078273207     31078891016        43295031     108293     236876     560000      79921     7    1400000  249344000  560000000  560000000
   4     2574   239275   480129     31078891025     31079371153        43912849      86184     236876     560000         59     7    1400000  249344000  560000000  560000000
   4     2574   239475   560235     31079371163     31079931399        44392988     166185     236876     560000        304     7    1300000  249344000  560000000  560000000
   4     2574   239257   559786     31079931407     31080491194        44953232     317977     236876     560000         98     5    1400000  249344000  560000000  560000000
   4     2574   239793   639948     31080491205     31081131153        45513030     129918     236876     560000      80058     4    1100000  249344000  560000000  560000000
   4     2574   239294   489275     31081131163     31081620438        46152987     238531     236876     560000       9343     4    1400000  249344000  560000000  560000000
   4     2574   239259   611096     31081620446     31082231542        46642271     309025     236876     560000      60448     4    1400000  249344000  560000000  560000000
   4     2574   239266   499573     31082231552     31082731124        47253376     258020     236876     560000         29     4    1400000  249344000  560000000  560000000
   4     2574   239272   487603     31082883551     31083371155        47905376     166152     236876     560000      80060     7    1400000  249344000  560000000  560000000
   4     2574   239289   548651     31083371164     31083919815        48392988     238520     236876     560000      68720     4    1400000  249344000  560000000  560000000
   4     2574   239275   491311     31083919824     31084411134        48941648     249994     236876     560000         40     7    1400000  249344000  560000000  560000000
   4     2574   239251   581137     31084411143     31084992280        49432968     318552     236876     560000      21185     5    1400000  249344000  560000000  560000000
   4     2574   239290   538854     31084992289     31085531143        50014114     297303     236876     560000         48     6    1400000  249344000  560000000  560000000
   4     2574   239268   581929     31085531152     31086113081        50552976     -21987     236876     560000          0     7    1400000  249344000  560000000  560000000
   4     2574   239273   581816     31086113090     31086694906        51134915     -43813     236876     560000          0     7    1400000  249344000  560000000  560000000
   4     2574   239941   516239     31086694916     31087211155        51716740      85796     236876     560000         59     7    1400000  249344000  560000000  560000000
   4     2574   239286   559979     31087211164     31087771142        52232988     318488     236876     560000         47     5    1400000  249344000  560000000  560000000
   4     2574   239300   748052     31087771151     31088519203        52792976     166242     236876     560000     188109     7    1400000  249344000  560000000  560000000
   4     2574   239254   460181     31088519212     31088979393        53541036     130546     236876     560000      88298     7    1400000  249344000  560000000  560000000
   4     2574   239950   471750     31088979401     31089451151        54001226      77095     236876     560000         57     7    1400000  249344000  560000000  560000000
   4     2574   239278   559947     31089451195     31090011143        54473020     318597     236876     560000         48     7    1400000  249344000  560000000  560000000
   4     2574   239276   560004     31090011152     31090571156        55032977     318658     236876     560000         61     7    1400000  249344000  560000000  560000000
   4     2574   239277   582188     31090571165     31091153352        55592990     -22259     236876     560000          0     6    1400000  249344000  560000000  560000000
   4     2574   239996   583112     31091153362     31091736474        56175187     -45380     236876     560000          0     6    1400000  249344000  560000000  560000000
   4     2574   239290   618341     31091736483     31092354824        56758308      84612     236876     560000     103729     6    1400000  249344000  560000000  560000000
   4     2574   239266   456321     31092354833     31092811154        57376657     214639     236876     560000         59     6    1400000  249344000  560000000  560000000
   4     2574   239967   559978     31092811163     31093371141        57832988     317707     236876     560000         46     6    1400000  249344000  560000000  560000000
   4     2574   239314   733714     31093371151     31094104865        58392976    -173771     236876     560000          0     4    1400000  249344000  560000000  560000000
   4     2574   239283   486930     31094104874     31094591804        59126698     144933     236876     560000     100710     4    1400000  249344000  560000000  560000000
   4     2574   239301   581872     31094591813     31095173685        59613638     217724     236876     560000     122590     6    1400000  249344000  560000000  560000000
   4     2574   239741   437451     31095173694     31095611145        60195519     195448     236876     560000         50     6    1400000  249344000  560000000  560000000
   4     2574   239321   728684     31095611154     31096339838        60632979     165897     236876     560000     168744     6    1400000  249344000  560000000  560000000
   4     2574   239283   391293     31096339847     31096731140        61361672     149948     236876     560000         45     5    1400000  249344000  560000000  560000000
   4     2574   239273   680179     31096731150     31097411328        61752974     318589     236876     560000     120234     7    1400000  249344000  560000000  560000000
   4     2574   239934   439800     31097411337     31097851138        62433162     197437     236876     560000         43     7    1400000  249344000  560000000  560000000
   4     2574   239281   559998     31097851147     31098411145        62872971     318661     236876     560000         50     7    1400000  249344000  560000000  560000000
   4     2574   239286   582264     31098411154     31098993418        63432979     -22325     236876     560000          0     7    1400000  249344000  560000000  560000000
   4     2574   239276   537731     31098993427     31099531159        64015252     107995     236876     560000         64     7    1400000  249344000  560000000  560000000
   4     2574   239295   559975     31099531168     31100091143        64552993     318464     236876     560000         48     4    1400000  249344000  560000000  560000000
   4     2574   239288   560003     31100091152     31100651155        65112977     318569     236876     560000         60     4    1400000  249344000  560000000  560000000
   4     2574   239286   582164     31100651164     31101233329        65672989     -22235     236876     560000          0     7    1400000  249344000  560000000  560000000
   4     2574   239289   625914     31101233337     31101859252        66255162     108500     236876     560000      88157     7    1400000  249344000  560000000  560000000
   4     2574   239961   471893     31101859261     31102331153        66881085     229743     236876     560000         58     7    1400000  249344000  560000000  560000000
   4     2574   239302   581322     31102331195     31102912517        67353019     166432     236876     560000      21422     7    1400000  249344000  560000000  560000000
   4     2574   239280   538612     31102912526     31103451138        67934350     297259     236876     560000         43     7    1400000  249344000  560000000  560000000
   4     2574   239306   581611     31103451147     31104032758        68472971     -21664     236876     560000          0     7    1400000  249344000  560000000  560000000
   4     2574   239298   617213     31104032767     31104649980        69054592     109147     236876     560000      78885     7    1400000  249344000  560000000  560000000
   4     2574   239291   481154     31104649989     31105131142        69671813     239665     236876     560000         47     7    1400000  249344000  560000000  560000000
   4     2574   239289   560546     31105131151     31105691697        70152976     166394     236876     560000        603     7    1400000  249344000  560000000  560000000
   4     2574   239379   559440     31105691706     31106251147        70713531     165516     236876     560000         50     6    1400000  249344000  560000000  560000000
   4     2574   239299   639995     31106251157     31106891152        71272981     130670     236876     560000      80057     7    1400000  249344000  560000000  560000000
   4     2574   239277   480007     31106891162     31107371169        71912986     238562     236876     560000         74     4    1400000  249344000  560000000  560000000
   4     2574   239323   559967     31107371178     31107931145        72393003     166306     236876     560000         50     4    1400000  249344000  560000000  560000000
   4     2574   239297   560020     31107931153     31108491174        72952978     166320     236876     560000         79     4    1400000  249344000  560000000  560000000
   4     2574   239286   639968     31108491183     31109131151        73513008     130644     236876     560000      80056     7    1400000  249344000  560000000  560000000
   4     2574   239285   479995     31109131160     31109611155        74152985     238528     236876     560000         60     7    1400000  249344000  560000000  560000000
   4     2574   239296   559978     31109611165     31110171143        74632989     318487     236876     560000         48     4    1400000  249344000  560000000  560000000
   4     2574   239285   560021     31110171152     31110731173        75192977     318538     236876     560000         78     4    1400000  249344000  560000000  560000000
   4     2574   239488   559961     31110731184     31111291145        75753009     166126     236876     560000         50     7    1300000  249344000  560000000  560000000
   4     2574   239268   688686     31111291154     31111979840        76312978     130287     236876     560000     128745     7    1400000  249344000  560000000  560000000
   4     2574   239267   459341     31111979848     31112439189        77001673     189965     236876     560000      28094     7    1400000  249344000  560000000  560000000
   4     2574   239303   581427     31112439198     31113020625        77461023     138447     236876     560000      49531     7    1400000  249344000  560000000  560000000
   4     2574   239774   510509     31113020634     31113531143        78042458     116191     236876     560000         48     7    1400000  249344000  560000000  560000000
   4     2574   239296   719991     31113531152     31114251143        78552977     130396     236876     560000     160048     5    1400000  249344000  560000000  560000000
   4     2574   239270   488084     31114251152     31114739235        79272976     158581     236876     560000      88141     7    1400000  249344000  560000000  560000000
   4     2574   239283   471886     31114739244     31115211130        79761069     230442     236876     560000         34     5    1400000  249344000  560000000  560000000
   4     2574   239774   600437     31115211139     31115811576        80232964     165556     236876     560000      40481     5    1400000  249344000  560000000  560000000
   4     2574   239252   519532     31115811622     31116331154        80833447     277981     236876     560000         58     7    1400000  249344000  560000000  560000000
   4     2574   239275   639989     31116331163     31116971153        81352988     129631     236876     560000      80058     7    1400000  249344000  560000000  560000000
   4     2574   239292   581523     31116971162     31117552685        81992987      86439     236876     560000     101591     7    1400000  249344000  560000000  560000000
   4     2574   239963   458445     31117552694     31118011139        82574519     216381     236876     560000         44     7    1400000  249344000  560000000  560000000
   4     2574   239544   560004     31118011150     31118571154        83032974     318328     236876     560000         59     7    1400000  249344000  560000000  560000000
   4     2574   239320   559980     31118571164     31119131144        83592989     318411     236876     560000         49     5    1400000  249344000  560000000  560000000
   4     2574   239688   560005     31119131157     31119691162        84152982     129158     236876     560000         66     5    1400000  249344000  560000000  560000000
   4     2574   239470   581950     31119691174     31120273124        84712999     166202     236876     560000      22029     7    1300000  249344000  560000000  560000000
   4     2574   239257   538038     31120273134     31120811171        85294959     296452     236876     560000         76     7    1400000  249344000  560000000  560000000
   4     2574   239485   559960     31120811183     31121371143        85833008     318297     236876     560000         47     5    1300000  249344000  560000000  560000000
   4     2574   239877   560004     31121371157     31121931162        86392982     129498     236876     560000         64     5    1400000  249344000  560000000  560000000
   4     2574   239745   928177     31121931173     31122859350        86952997     317519     236876     560000     368255     6    1300000  249344000  560000000  560000000
   4     2574   239944   242508     31122859360     31123101868        87881185     -50775     236876     560000          0     6    1400000  249344000  560000000  560000000
   4     2574   239270   509266     31123101878     31123611144        88123703     267616     236876     560000         49     6    1400000  249344000  560000000  560000000
   4     2574   239313   560028     31123611154     31124171181        88632978     166142     236876     560000         86     6    1400000  249344000  560000000  560000000
   4     2574   239818   582024     31124171193     31124753217        89193017     -22123     236876     560000          0     5    1100000  249344000  560000000  560000000
   4     2574   239576   617763     31124753226     31125370988        89775050     108268     236876     560000      79894     5    1400000  249344000  560000000  560000000
   4     2574   239256   480138     31125370997     31125851136        90392822     238539     236876     560000         41     5    1400000  249344000  560000000  560000000
