#idx     perf      run   period           start             end          rel_st      slack c_duration   c_period     wu_lat   cpu       freq dl_runtime  dl_period dl_deadline
   1      471    43861   159943     99459004927     99459164871         1187046     115486      43406     160000         46     5    1400000   45691000  160000000  160000000
   1      471    44653   159975     99459164882     99459324857         1347001     114777      43406     160000         33     5    1400000   45691000  160000000  160000000
   1      471    43849   160007     99459324868     99459484875         1506987     115700      43406     160000         50     5    1400000   45691000  160000000  160000000
   1      471    43855   159975     99459484885     99459644860         1667004     115592      43406     160000         35     5    1400000   45691000  160000000  160000000
   1      471    43843   160000     99459644870     99459804870         1826989     115763      43406     160000         46     5    1400000   45691000  160000000  160000000
   1      471    43852   159996     99459804879     99459964874         1986998     115572      43406     160000         50     5    1400000   45691000  160000000  160000000
   1      471    43849   159999     99459964884     99460124882         2147003     115640      43406     160000         58     5    1400000   45691000  160000000  160000000
   1      471    43859   159972     99460124891     99460284863         2307010     115622      43406     160000         39     5    1400000   45691000  160000000  160000000
   1      471    43852   160004     99460284872     99460444876         2466991     115669      43406     160000         52     5    1400000   45691000  160000000  160000000
   1      471    43848   159991     99460444885     99460604876         2627004     115652      43406     160000         52     5    1400000   45691000  160000000  160000000
   1      471    43853   159981     99460604885     99460764866         2787004     115566      43406     160000         42     5    1400000   45691000  160000000  160000000
   1      471    43843   159999     99460764875     99460924874         2946994     115769      43406     160000         50     5    1400000   45691000  160000000  160000000
   1      471    43856   159996     99460924882     99461084879         3107001     115621      43406     160000         54     5    1400000   45691000  160000000  160000000
   1      471    47246   160597     99461084889     99461245486         3267008       -663      43406     160000          0     5    1300000   45691000  160000000  160000000
   1      471    47162   160476     99461245496     99461405972         3427615      -1149      43406     160000          0     5    1300000   45691000  160000000  160000000
   1      471    43854   158914     99461405981     99461564895         3588100        -71      43406     160000          0     5    1400000   45691000  160000000  160000000
   1      471    44265   159995     99461564905     99461724900         3747024        -77      43406     160000          0     5    1400000   45691000  160000000  160000000
   1      471    47196   160517     99461724910     99461885427         3907029       -603      43406     160000          0     5    1300000   45691000  160000000  160000000
   1      471    43847   159421     99461885436     99462044857         4067555     115119      43406     160000         33     5    1400000   45691000  160000000  160000000
   1      471    43851   160007     99462044866     99462204873         4226985     115667      43406     160000         49     5    1400000   45691000  160000000  160000000
   1      471    43850   160025     99462204882     99462364907         4387001     115637      43406     160000         82     5    1400000   45691000  160000000  160000000
   1      471    44891   159940     99462364917     99462524857         4547035     114488      43406     160000         33     5    1400000   45691000  160000000  160000000
   1      471    47210   160494     99462524866     99462685361         4706985       -538      43406     160000          0     5    1300000   45691000  160000000  160000000
   1      471    43849   159456     99462685413     99462844868         4867532     115136      43406     160000         44     5    1400000   45691000  160000000  160000000
   1      471    43850   159996     99462844877     99463004873         5026996     115676      43406     160000         48     5    1400000   45691000  160000000  160000000
   1      471    43848   160001     99463004882     99463164883         5187001     115624      43406     160000         58     5    1400000   45691000  160000000  160000000
   1      471    43851   159997     99463164894     99463324891         5347013     115610      43406     160000         66     5    1400000   45691000  160000000  160000000
   1      471    43859   159983     99463324901     99463484884         5507019     115625      43406     160000         57     5    1400000   45691000  160000000  160000000
   1      471    43849   159972     99463484894     99463644866         5667013     115569      43406     160000         42     5    1400000   45691000  160000000  160000000
   1      471    43862   159997     99463644875     99463804872         5826994     115659      43406     160000         48     5    1400000   45691000  160000000  160000000
   1      471    43853   159994     99463804881     99463964876         5987000     115638      43406     160000         51     5    1400000   45691000  160000000  160000000
   1      471    43845   159979     99463964884     99464124863         6147003     115648      43406     160000         39     5    1400000   45691000  160000000  160000000
   1      471    43849   160000     99464124873     99464284872         6306991     115646      43406     160000         49     5    1400000   45691000  160000000  160000000
   1      471    43850   159985     99464284881     99464444866         6467000     115664      43406     160000         40     5    1400000   45691000  160000000  160000000
   1      471    43848   160024     99464444876     99464604900         6626995     115637      43406     160000         75     5    1400000   45691000  160000000  160000000
   1      471    43853   159959     99464604909     99464764868         6787028     115584      43406     160000         44     5    1400000   45691000  160000000  160000000
   1      471    43849   159980     99464764877     99464924857         6946996     115677      43406     160000         33     5    1400000   45691000  160000000  160000000
   1      471    43852   160013     99464924866     99465084879         7106985     115584      43406     160000         55     5    1400000   45691000  160000000  160000000
   1      471    43846   159981     99465084888     99465244869         7267007     115694      43406     160000         44     5    1400000   45691000  160000000  160000000
   1      471    43854   159989     99465244878     99465404867         7426997     115664      43406     160000         43     5    1400000   45691000  160000000  160000000
   1      471    43857   159990     99465404876     99465564866         7586995     115652      43406     160000         42     5    1400000   45691000  160000000  160000000
   1      471    43847   160013     99465564875     99465724889         7746994     115685      43406     160000         64     5    1400000   45691000  160000000  160000000
   1      471    43853   159968     99465724898     99465884866         7907017     115598      43406     160000         40     5    1400000   45691000  160000000  160000000
   1      471    44590   159980     99465884875     99466044855         8066994     114931      43406     160000         31     5    1400000   45691000  160000000  160000000
   1      471    47201   160460     99466044865     99466205325         8226984       -502      43406     160000          0     5    1300000   45691000  160000000  160000000
   1      471    43851   159534     99466205334     99466364869         8387453     115180      43406     160000         45     5    1400000   45691000  160000000  160000000
   1      471    43849   159985     99466364878     99466524863         8546997     115672      43406     160000         39     5    1400000   45691000  160000000  160000000
   1      471    43851   159967     99466524905     99466684872         8707024     115639      43406     160000         48     5    1400000   45691000  160000000  160000000
   1      471    43848   160009     99466684881     99466844889         8867000     115642      43406     160000         65     5    1400000   45691000  160000000  160000000
   1      471    43855   159979     99466844898     99467004878         9027017     115653      43406     160000         54     5    1400000   45691000  160000000  160000000
   1      471    43856   159998     99467004887     99467164885         9187006     115649      43406     160000         60     5    1400000   45691000  160000000  160000000
   1      471    43848   159983     99467164894     99467324877         9347013     115633      43406     160000         53     5    1400000   45691000  160000000  160000000
   1      471    43858   159977     99467324886     99467484863         9507005     115628      43406     160000         39     5    1400000   45691000  160000000  160000000
   1      471    43845   160013     99467484872     99467644885         9666991     115718      43406     160000         59     5    1400000   45691000  160000000  160000000
   1      471    43850   159982     99467644894     99467804876         9827013     115674      43406     160000         52     5    1400000   45691000  160000000  160000000
   1      471    43852   159990     99467804885     99467964875         9987004     115593      43406     160000         49     5    1400000   45691000  160000000  160000000
   1      471    43848   159977     99467964884     99468124861        10147003     115605      43406     160000         35     5    1400000   45691000  160000000  160000000
   1      471    43852   159994     99468124870     99468284864        10306989     115671      43406     160000         40     5    1400000   45691000  160000000  160000000
   1      471    43854   159990     99468284873     99468444863        10466992     115640      43406     160000         39     5    1400000   45691000  160000000  160000000
   1      471    43848   160010     99468444872     99468604882        10626991     115696      43406     160000         58     5    1400000   45691000  160000000  160000000
   1      471    43853   159972     99468604891     99468764863        10787010     115624      43406     160000         39     5    1400000   45691000  160000000  160000000
   1      471    43852   159999     99468764872     99468924871        10946991     115652      43406     160000         47     5    1400000   45691000  160000000  160000000
   1      471    43851   160007     99468924880     99469084887        11106999     115656      43406     160000         61     5    1400000   45691000  160000000  160000000
   1      471    43848   159975     99469084896     99469244871        11267015     115590      43406     160000         47     5    1400000   45691000  160000000  160000000
   1      471    43853   159999     99469244879     99469404879        11426998     115606      43406     160000         55     5    1400000   45691000  160000000  160000000
   1      471    43848   159983     99469404888     99469564871        11587007     115627      43406     160000         47     5    1400000   45691000  160000000  160000000
   1      471    43852   159984     99469564880     99469724864        11746999     115692      43406     160000         40     5    1400000   45691000  160000000  160000000
   1      471    43845   159991     99469724873     99469884864        11906992     115751      43406     160000         40     5    1400000   45691000  160000000  160000000
   1      471    43851   160000     99469884873     99470044873        12066992     115711      43406     160000         48     5    1400000   45691000  160000000  160000000
   1      471    43848   160018     99470044881     99470204899        12227000     115659      43406     160000         75     5    1400000   45691000  160000000  160000000
   1      471    47244   160569     99470204945     99470365514        12387064       -691      43406     160000          0     5    1300000   45691000  160000000  160000000
   1      471    47159   160538     99470365524     99470526062        12547643      -1239      43406     160000          0     6    1300000   45691000  160000000  160000000
   1      471    43855   158839     99470526071     99470684910        12708190        -87      43406     160000          0     6    1400000   45691000  160000000  160000000
   1      471    43853   159937     99470684919     99470844856        12867038     115557      43406     160000         33     6    1400000   45691000  160000000  160000000
   1      471    43854   160012     99470844865     99471004877        13026984     115687      43406     160000         52     6    1400000   45691000  160000000  160000000
   1      471    43854   159995     99471004886     99471164881        13187005     115553      43406     160000         57     6    1400000   45691000  160000000  160000000
   1      471    43855   159998     99471164891     99471324888        13347009     115620      43406     160000         64     6    1400000   45691000  160000000  160000000
   1      471    43855   159990     99471324897     99471484887        13507016     115596      43406     160000         63     6    1400000   45691000  160000000  160000000
   1      471    44416   159976     99471484896     99471644872        13667015     114994      43406     160000         47     6    1400000   45691000  160000000  160000000
   1      471    47240   160562     99471644882     99471805445        13827001       -622      43406     160000          0     6    1300000   45691000  160000000  160000000
   1      471    47159   160582     99471805454     99471966036        13987573      -1213      43406     160000          0     6    1300000   45691000  160000000  160000000
   1      471    43857   158852     99471966045     99472124897        14148164        -73      43406     160000          0     6    1400000   45691000  160000000  160000000
   1      471    43852   159968     99472124906     99472284874        14307025     115635      43406     160000         48     6    1400000   45691000  160000000  160000000
   1      471    43861   160008     99472284884     99472444892        14467002     115618      43406     160000         68     6    1400000   45691000  160000000  160000000
   1      471    43857   159974     99472444901     99472604875        14627020     115491      43406     160000         51     6    1400000   45691000  160000000  160000000
   1      471    43852   159983     99472604884     99472764867        14787003     115650      43406     160000         41     6    1400000   45691000  160000000  160000000
   1      471    43857   160004     99472764876     99472924880        14946995     115626      43406     160000         56     6    1400000   45691000  160000000  160000000
   1      471    47242   160560     99472924889     99473085449        15107008       -626      43406     160000          0     6    1300000   45691000  160000000  160000000
   1      471    47356   160705     99473085459     99473246163        15267577      -1340      43406     160000          0     6    1300000   45691000  160000000  160000000
   1      471    51161   164569     99473246174     99473410743        15428293      -5919      43406     160000          0     4    1200000   45691000  160000000  160000000
   1      471    50080   167472     99473410753     99473578225        15592872     -13402      43406     160000          0     4    1200000   45691000  160000000  160000000
   1      471    46271   159665     99473578235     99473737900        15760354     -13078      43406     160000          0     6    1300000   45691000  160000000  160000000
   1      471    43872   157204     99473737909     99473895113        15920028     -10290      43406     160000          0     4    1400000   45691000  160000000  160000000
   1      471    43869   157208     99473895121     99474052329        16077240      -7506      43406     160000          0     4    1400000   45691000  160000000  160000000
   1      471    43869   161153     99474052376     99474213529        16234495      -8706      43406     160000          0     4    1400000   45691000  160000000  160000000
   1      471    44312   157615     99474213538     99474371153        16395657      -6330      43406     160000          0     4    1400000   45691000  160000000  160000000
   1      471    47247   160661     99474371162     99474531823        16553281      -7000      43406     160000          0     4    1300000   45691000  160000000  160000000
   1      471    43858   158954     99474531833     99474690786        16713952      -5964      43406     160000          0     4    1400000   45691000  160000000  160000000
   1      471    43869   157179     99474690795     99474847975        16872914      -3152      43406     160000          0     4    1400000   45691000  160000000  160000000
   1      471    43879   157225     99474847983     99475005208        17030102       -385      43406     160000          0     7    1400000   45691000  160000000  160000000
   1      471    43867   161215     99475005217     99475166432        17187336      -1609      43406     160000          0     7    1400000   45691000  160000000  160000000
   1      471    43850   158432     99475166441     99475324873        17348560     114056      43406     160000         49     7    1400000   45691000  160000000  160000000
   1      471    43855   159985     99475324882     99475484867        17507001     115637      43406     160000         41     7    1400000   45691000  160000000  160000000
   1      471    47205   160479     99475484877     99475645356        17666996       -533      43406     160000          0     7    1300000   45691000  160000000  160000000
   1      471    43849   159501     99475645365     99475804866        17827484     115188      43406     160000         42     7    1400000   45691000  160000000  160000000
   1      471    43855   159988     99475804875     99475964863        17986994     115651      43406     160000         39     7    1400000   45691000  160000000  160000000
   1      471    47238   160468     99475964873     99476125340        18146992       -518      43406     160000          0     7    1300000   45691000  160000000  160000000
   1      471    45373   159537     99476125350     99476284887        18307469        -65      43406     160000          0     7    1300000   45691000  160000000  160000000
   1      471    43854   159973     99476284896     99476444870        18467015     115545      43406     160000         46     7    1400000   45691000  160000000  160000000
   1      471    43844   159988     99476444879     99476604867        18626998     115752      43406     160000         43     7    1400000   45691000  160000000  160000000
   1      471    43855   159992     99476604877     99476764868        18786996     115629      43406     160000         44     7    1400000   45691000  160000000  160000000
   1      471    43854   159995     99476764877     99476924872        18946996     115657      43406     160000         48     7    1400000   45691000  160000000  160000000
   1      471    43854   159981     99476924882     99477084864        19107001     115640      43406     160000         40     7    1400000   45691000  160000000  160000000
   1      471    43850   159999     99477084873     99477244872        19266992     115643      43406     160000         48     7    1400000   45691000  160000000  160000000
   1      471    43849   159994     99477244881     99477404875        19427000     115628      43406     160000         51     7    1400000   45691000  160000000  160000000
   1      471    47245   160558     99477404885     99477565443        19587004       -620      43406     160000          0     7    1300000   45691000  160000000  160000000
   1      471    47246   160493     99477565453     99477725946        19747572      -1123      43406     160000          0     7    1300000   45691000  160000000  160000000
   1      471    47241   160559     99477725989     99477886548        19908108      -1725      43406     160000          0     7    1300000   45691000  160000000  160000000
   1      471    47242   164587     99477886557     99478051144        20068676      -6321      43406     160000          0     7    1300000   45691000  160000000  160000000
   1      471    47232   160504     99478051154     99478211658        20233273      -6834      43406     160000          0     4    1300000   45691000  160000000  160000000
   1      471    46733   160094     99478211667     99478371761        20393786      -6938      43406     160000          0     4    1300000   45691000  160000000  160000000
   1      471    43865   157199     99478371770     99478528969        20553888      -4146      43406     160000          0     4    1400000   45691000  160000000  160000000
   1      471    43868   161145     99478528978     99478690122        20711096      -5299      43406     160000          0     4    1400000   45691000  160000000  160000000
   1      471    43880   157228     99478690131     99478847359        20872250      -2536      43406     160000          0     4    1400000   45691000  160000000  160000000
   1      471    43849   157571     99478847368     99479004940        21029487       -117      43406     160000          0     6    1400000   45691000  160000000  160000000
   1      471    43857   159984     99479004949     99479164933        21187068       -109      43406     160000          0     6    1400000   45691000  160000000  160000000
   1      471    47231   162577     99479164943     99479327520        21347062      -2696      43406     160000          0     6    1300000   45691000  160000000  160000000
   1      471    47024   163041     99479327531     99479490571        21509650      -5748      43406     160000          0     6    1300000   45691000  160000000  160000000
   1      471    43854   156941     99479490581     99479647522        21672700      -2698      43406     160000          0     6    1400000   45691000  160000000  160000000
   1      471    43850   157346     99479647532     99479804877        21829650     112992      43406     160000         52     6    1400000   45691000  160000000  160000000
   1      471    47212   163250     99479804889     99479968138        21987007      -3316      43406     160000          0     6    1300000   45691000  160000000  160000000
   1      471    43848   156712     99479968147     99480124859        22150266     112405      43406     160000         35     6    1400000   45691000  160000000  160000000
   1      471    43858   160041     99480124868     99480284909        22306987     115622      43406     160000         84     6    1400000   45691000  160000000  160000000
   1      471    47248   160711     99480284918     99480445629        22467037       -806      43406     160000          0     6    1300000   45691000  160000000  160000000
   1      471    45362   159283     99480445639     99480604922        22627758        -99      43406     160000          0     6    1300000   45691000  160000000  160000000
   1      471    43852   159936     99480604931     99480764867        22787050     115607      43406     160000         43     4    1400000   45691000  160000000  160000000
   1      471    47242   160466     99480764878     99480925343        22946996       -520      43406     160000          0     4    1300000   45691000  160000000  160000000
   1      471    47160   160530     99480925353     99481085883        23107472      -1060      43406     160000          0     4    1300000   45691000  160000000  160000000
   1      471    43855   159006     99481085892     99481244898        23268011        -74      43406     160000          0     4    1400000   45691000  160000000  160000000
   1      471    47256   160581     99481244908     99481405489        23427027       -666      43406     160000          0     4    1300000   45691000  160000000  160000000
   1      471    47254   160654     99481405499     99481566153        23587618      -1330      43406     160000          0     6    1300000   45691000  160000000  160000000
   1      471    47246   164600     99481566196     99481730797        23748315      -5974      43406     160000          0     6    1300000   45691000  160000000  160000000
   1      471    47240   160617     99481730807     99481891423        23912925      -6600      43406     160000          0     6    1300000   45691000  160000000  160000000
   1      471    47245   160547     99481891433     99482051979        24073552      -7156      43406     160000          0     6    1300000   45691000  160000000  160000000
   1      471    47241   160612     99482051988     99482212600        24234107      -7777      43406     160000          0     6    1300000   45691000  160000000  160000000
   1      471    47242   164578     99482212610     99482377188        24394729     -12365      43406     160000          0     6    1300000   45691000  160000000  160000000
   1      471    47255   160671     99482377198     99482537869        24559317     -13046      43406     160000          0     4    1300000   45691000  160000000  160000000
   1      471    47253   160673     99482537879     99482698552        24719998     -13729      43406     160000          0     6    1300000   45691000  160000000  160000000
   1      471    47243   160627     99482698562     99482859189        24880681     -14366      43406     160000          0     6    1300000   45691000  160000000  160000000
   1      471    45911   163279     99482859199     99483022478        25041318     -17655      43406     160000          0     6    1300000   45691000  160000000  160000000
   1      471    43874   157267     99483022486     99483179753        25204605     -14930      43406     160000          0     6    1400000   45691000  160000000  160000000
   1      471    43881   157255     99483179762     99483337017        25361881     -12194      43406     160000          0     6    1400000   45691000  160000000  160000000
   1      471    43875   157317     99483337026     99483494342        25519145      -9520      43406     160000          0     6    1400000   45691000  160000000  160000000
   1      471    43878   161293     99483494352     99483655645        25676471     -10822      43406     160000          0     6    1400000   45691000  160000000  160000000
   1      471    44470   157873     99483655654     99483813527        25837773      -8704      43406     160000          0     6    1400000   45691000  160000000  160000000
   1      471    47252   160642     99483813537     99483974179        25995656      -9356      43406     160000          0     6    1300000   45691000  160000000  160000000
   1      471    47256   160663     99483974188     99484134852        26156307     -10029      43406     160000          0     6    1300000   45691000  160000000  160000000
   1      471    47241   164649     99484134861     99484299510        26316980     -14687      43406     160000          0     6    1300000   45691000  160000000  160000000
   1      471    46595   159983     99484299519     99484459502        26481638     -14679      43406     160000          0     6    1300000   45691000  160000000  160000000
   1      471    43876   157277     99484459511     99484616788        26641630     -11965      43406     160000          0     6    1400000   45691000  160000000  160000000
   1      471    44568   157978     99484616797     99484774775        26798916      -9952      43406     160000          0     6    1400000   45691000  160000000  160000000
   1      471    47251   164697     99484774785     99484939481        26956903     -14658      43406     160000          0     4    1300000   45691000  160000000  160000000
   1      471    47241   160676     99484939490     99485100166        27121609     -15343      43406     160000          0     7    1300000   45691000  160000000  160000000
   1      471    48302   161670     99485100176     99485261845        27282294     -17022      43406     160000          0     7    1300000   45691000  160000000  160000000
   1      471    51184   164667     99485261889     99485426556        27444008     -21733      43406     160000          0     7    1200000   45691000  160000000  160000000
   1      471    48867   166300     99485426566     99485592866        27608685     -28043      43406     160000          0     7    1200000   45691000  160000000  160000000
   1      471    47245   160718     99485592875     99485753593        27774994     -28770      43406     160000          0     7    1300000   45691000  160000000  160000000
   1      471    49662   163118     99485753602     99485916720        27935721     -31897      43406     160000          0     7    1300000   45691000  160000000  160000000
   1      471    51188   164640     99485916731     99486081371        28098850     -36547      43406     160000          0     7    1200000   45691000  160000000  160000000
   1      471    47747   165214     99486081381     99486246594        28263500     -41771      43406     160000          0     5    1200000   45691000  160000000  160000000
   1      471    48839   162292     99486246603     99486408895        28428722     -44072      43406     160000          0     5    1300000   45691000  160000000  160000000
   1      471    51079   277531     99486408906     99486686437        28591025    -161614      43406     160000          0     5    1200000   45691000  160000000  160000000
   1      471    47240   160660     99486686446     99486847106        28868565    -162284      43406     160000          0     5    1300000   45691000  160000000  160000000
   1      471    47808   165308     99486847115     99487012423        29029234    -167600      43406     160000          0     5    1300000   45691000  160000000  160000000
   1      471    51185   164688     99487012434     99487177121        29194552    -172298      43406     160000          0     5    1200000   45691000  160000000  160000000
   1      471    51181   164629     99487177132     99487341760        29359250    -176937      43406     160000          0     5    1200000   45691000  160000000  160000000
   1      471    49547   163058     99487341770     99487504828        29523889    -180005      43406     160000          0     5    1200000   45691000  160000000  160000000
   1      471    47244   164696     99487504838     99487669534        29686956    -184711      43406     160000          0     5    1300000   45691000  160000000  160000000
   1      471    47246   160703     99487669543     99487830246        29851662    -185423      43406     160000          0     5    1300000   45691000  160000000  160000000
   1      471    48477   161982     99487830255     99487992237        30012374    -187414      43406     160000          0     5    1300000   45691000  160000000  160000000
   1      471    51189   164751     99487992247     99488156998        30174366    -192175      43406     160000          0     5    1200000   45691000  160000000  160000000
   1      471    48089   165630     99488157008     99488322638        30339127    -197815      43406     160000          0     6    1200000   45691000  160000000  160000000
   1      471    47250   160769     99488322648     99488483416        30504767    -198593      43406     160000          0     6    1300000   45691000  160000000  160000000
   1      471    47245   160778     99488483426     99488644204        30665545    -199381      43406     160000          0     6    1300000   45691000  160000000  160000000
   1      471    47243   160722     99488644213     99488804936        30826332    -200113      43406     160000          0     6    1300000   45691000  160000000  160000000
   1      471    47251   160808     99488804946     99488965754        30987065    -200931      43406     160000          0     6    1300000   45691000  160000000  160000000
   1      471    46709   164238     99488965763     99489130001        31147882    -205179      43406     160000          0     6    1300000   45691000  160000000  160000000
   1      471    43871   157318     99489130010     99489287329        31312129    -202506      43406     160000          0     5    1400000   45691000  160000000  160000000
   1      471    46899   160383     99489287371     99489447755        31469490    -202932      43406     160000          0     7    1400000   45691000  160000000  160000000
   1      471    47245   277334     99489447764     99489725098        31629883    -320274      43406     160000          0     7    1300000   45691000  160000000  160000000
   1      471    43848    44248     99489725107     99489769355        31907226    -204532      43406     160000          0     4    1400000   45691000  160000000  160000000
   1      471    47050   275743     99489769364     99490045106        31951482    -320283      43406     160000          0     4    1400000   45691000  160000000  160000000
   1      471    47194   160694     99490045116     99490205810        32227235    -320987      43406     160000          0     4    1300000   45691000  160000000  160000000
   1      471    43847    44323     99490205819     99490250142        32387938    -205320      43406     160000          0     4    1400000   45691000  160000000  160000000
   1      471    43885   157385     99490250151     99490407537        32432270    -202714      43406     160000          0     4    1400000   45691000  160000000  160000000
   1      471    46910   160443     99490407545     99490567989        32589664    -203166      43406     160000          0     4    1400000   45691000  160000000  160000000
   1      471    45424   159040     99490567999     99490727038        32750118    -202215      43406     160000          0     4    1300000   45691000  160000000  160000000
   1      471    43871   161466     99490727047     99490888513        32909166    -203690      43406     160000          0     6    1400000   45691000  160000000  160000000
   1      471    46992   160546     99490888522     99491049067        33070641    -204244      43406     160000          0     6    1400000   45691000  160000000  160000000
   1      471    47247   276061     99491049077     99491325138        33231196    -320315      43406     160000          0     6    1300000   45691000  160000000  160000000
   1      471    43852    44332     99491325147     99491369478        33507266    -204655      43406     160000          0     6    1400000   45691000  160000000  160000000
   1      471    43872   157509     99491369488     99491526996        33551607    -202173      43406     160000          0     6    1400000   45691000  160000000  160000000
   1      471    46879   160511     99491527005     99491687516        33709124    -202693      43406     160000          0     6    1400000   45691000  160000000  160000000
   1      471    46878   160449     99491687525     99491847974        33869644    -203151      43406     160000          0     6    1300000   45691000  160000000  160000000
   1      471    43866   157409     99491847983     99492005392        34030102    -200570      43406     160000          0     7    1400000   45691000  160000000  160000000
   1      471    43878   161371     99492005402     99492166773        34187521    -201950      43406     160000          0     7    1400000   45691000  160000000  160000000
   1      471    43864   157403     99492166782     99492324185        34348901    -199362      43406     160000          0     7    1400000   45691000  160000000  160000000
   1      471    46660   160249     99492324194     99492484443        34506313    -199620      43406     160000          0     7    1400000   45691000  160000000  160000000
   1      471    46519   160121     99492484453     99492644574        34666572    -199751      43406     160000          0     7    1300000   45691000  160000000  160000000
   1      471    43866   157416     99492644583     99492802000        34826702    -197177      43406     160000          0     7    1400000   45691000  160000000  160000000
   1      471    43869   161454     99492802009     99492963463        34984128    -198640      43406     160000          0     7    1400000   45691000  160000000  160000000
   1      471    43879   157487     99492963501     99493120989        35145620    -196166      43406     160000          0     7    1400000   45691000  160000000  160000000
   1      471    46401   159941     99493120998     99493280938        35303116    -196115      43406     160000          0     7    1400000   45691000  160000000  160000000
   1      471    47235   160820     99493280948     99493441768        35463067    -196945      43406     160000          0     7    1300000   45691000  160000000  160000000
   1      471    44529   158160     99493441778     99493599938        35623897    -195115      43406     160000          0     7    1300000   45691000  160000000  160000000
   1      471    43867   161495     99493599947     99493761442        35782066    -196619      43406     160000          0     7    1400000   45691000  160000000  160000000
   1      471    43880   157433     99493761451     99493918883        35943570    -194060      43406     160000          0     7    1400000   45691000  160000000  160000000
   1      471    43876   157491     99493918892     99494076383        36101011    -191560      43406     160000          0     7    1400000   45691000  160000000  160000000
   1      471    43861   157411     99494076392     99494233803        36258511    -188980      43406     160000          0     4    1400000   45691000  160000000  160000000
   1      471    43871   157452     99494233812     99494391264        36415931    -186441      43406     160000          0     4    1400000   45691000  160000000  160000000
   1      471    43877   161490     99494391273     99494552763        36573392    -187940      43406     160000          0     4    1400000   45691000  160000000  160000000
   1      471    43873   157473     99494552772     99494710245        36734891    -185422      43406     160000          0     4    1400000   45691000  160000000  160000000
   1      471    45597   159217     99494710253     99494869470        36892372    -184647      43406     160000          0     4    1400000   45691000  160000000  160000000
   1      471    47247   160935     99494869480     99495030415        37051599    -185592      43406     160000          0     4    1300000   45691000  160000000  160000000
   1      471    45394   159044     99495030424     99495189468        37212543    -184645      43406     160000          0     4    1300000   45691000  160000000  160000000
   1      471    45548   159247     99495189477     99495348723        37371596    -183900      43406     160000          0     5    1400000   45691000  160000000  160000000
   1      471    47247   165679     99495348733     99495514412        37530852    -189589      43406     160000          0     6    1300000   45691000  160000000  160000000
   1      471    45104   158746     99495514422     99495673167        37696541    -188344      43406     160000          0     6    1300000   45691000  160000000  160000000
   1      471    43875   157563     99495673176     99495830739        37855295    -185916      43406     160000          0     6    1400000   45691000  160000000  160000000
   1      471    45638   159419     99495830748     99495990167        38012867    -185344      43406     160000          0     6    1400000   45691000  160000000  160000000
   1      471    45128   162812     99495990177     99496152989        38172296    -188166      43406     160000          0     6    1300000   45691000  160000000  160000000
   1      471    43876   157492     99496152998     99496310490        38335117    -185667      43406     160000          0     6    1400000   45691000  160000000  160000000
   1      471    43881   157565     99496310499     99496468064        38492618    -183241      43406     160000          0     4    1400000   45691000  160000000  160000000
   1      471    43875   157509     99496468073     99496625581        38650192    -180759      43406     160000          0     4    1400000   45691000  160000000  160000000
   1      471    43861   157495     99496625590     99496783085        38807709    -178262      43406     160000          0     4    1400000   45691000  160000000  160000000
   1      471    43876   157617     99496783124     99496940741        38965243    -175918      43406     160000          0     4    1400000   45691000  160000000  160000000
   1      471    43877   161542     99496940750     99497102292        39122869    -177469      43406     160000          0     4    1400000   45691000  160000000  160000000
   1      471    43865   157515     99497102301     99497259816        39284420    -174994      43406     160000          0     4    1400000   45691000  160000000  160000000
   1      471    43875   157576     99497259825     99497417402        39441944    -172579      43406     160000          0     4    1400000   45691000  160000000  160000000
   1      471    43863   157512     99497417411     99497574922        39599530    -170100      43406     160000          0     4    1400000   45691000  160000000  160000000
   1      471    43876   157585     99497574932     99497732517        39757051    -167694      43406     160000          0     4    1400000   45691000  160000000  160000000
   1      471    44244   158002     99497732526     99497890528        39914645    -165705      43406     160000          0     4    1400000   45691000  160000000  160000000
   1      471    46521   164227     99497890538     99498054766        40072657    -169943      43406     160000          0     4    1300000   45691000  160000000  160000000
   1      471    43874   157613     99498054775     99498212388        40236894    -167565      43406     160000          0     4    1400000   45691000  160000000  160000000
   1      471    44221   157870     99498212397     99498370267        40394516    -165444      43406     160000          0     4    1400000   45691000  160000000  160000000
   1      471    47251   160968     99498370276     99498531244        40552395    -166421      43406     160000          0     4    1300000   45691000  160000000  160000000
   1      471    47242   161012     99498531253     99498692265        40713372    -167442      43406     160000          0     7    1300000   45691000  160000000  160000000
   1      471    47250   161043     99498692275     99498853318        40874394    -168495      43406     160000          0     7    1300000   45691000  160000000  160000000
   1      471    48320   166074     99498853328     99499019401        41035447    -174578      43406     160000          0     7    1300000   45691000  160000000  160000000
   1      471    49719   163500     99499019412     99499182912        41201531    -178089      43406     160000          0     7    1200000   45691000  160000000  160000000
   1      471    47246   160983     99499182922     99499343905        41365041    -179082      43406     160000          0     7    1300000   45691000  160000000  160000000
   1      471    48869   162702     99499343915     99499506616        41526033    -181793      43406     160000          0     7    1300000   45691000  160000000  160000000
   1      471    51181   164981     99499506627     99499671608        41688746    -186785      43406     160000          0     7    1200000   45691000  160000000  160000000
   1      471    48795   162664     99499671619     99499834283        41853738    -189460      43406     160000          0     7    1200000   45691000  160000000  160000000
   1      471    45509   163251     99499834292     99499997543        42016411    -192720      43406     160000          0     7    1300000   45691000  160000000  160000000
   1      471    43862   157498     99499997552     99500155049        42179671    -190226      43406     160000          0     7    1400000   45691000  160000000  160000000
   1      471    44860   158643     99500155058     99500313702        42337177    -188879      43406     160000          0     7    1400000   45691000  160000000  160000000
   1      471    47242   161020     99500313711     99500474731        42495830    -189908      43406     160000          0     7    1300000   45691000  160000000  160000000
   1      471    45091   158879     99500474774     99500633653        42656893    -188830      43406     160000          0     7    1300000   45691000  160000000  160000000
   1      471    43868   157603     99500633661     99500791264        42815780    -186441      43406     160000          0     7    1400000   45691000  160000000  160000000
   1      471    45661   159406     99500791273     99500950679        42973392    -185856      43406     160000          0     7    1400000   45691000  160000000  160000000
   1      471    45095   162827     99500950688     99501113516        43132807    -188693      43406     160000          0     7    1300000   45691000  160000000  160000000
   1      471    43872   157643     99501113525     99501271167        43295644    -186344      43406     160000          0     7    1400000   45691000  160000000  160000000
   1      471    45670   159457     99501271176     99501430633        43453295    -185810      43406     160000          0     7    1400000   45691000  160000000  160000000
   1      471    47242   161038     99501430643     99501591681        43612762    -186858      43406     160000          0     7    1300000   45691000  160000000  160000000
   1      471    49510   163353     99501591690     99501755043        43773809    -190220      43406     160000          0     7    1300000   45691000  160000000  160000000
   1      471    51192   165145     99501755054     99501920198        43937173    -195375      43406     160000          0     7    1200000   45691000  160000000  160000000
   1      471    48127   161864     99501920211     99502082075        44102330    -197252      43406     160000          0     7    1200000   45691000  160000000  160000000
   1      471    47242   165082     99502082085     99502247166        44264204    -202343      43406     160000          0     7    1300000   45691000  160000000  160000000
   1      471    50779   278241     99502247177     99502525418        44429296    -320595      43406     160000          0     7    1300000   45691000  160000000  160000000
   1      471    50284   164152     99502525429     99502689581        44707548    -324758      43406     160000          0     7    1200000   45691000  160000000  160000000
   1      471    47676   161497     99502689590     99502851087        44871709    -326264      43406     160000          0     7    1300000   45691000  160000000  160000000
   1      471    51181   165129     99502851098     99503016227        45033217    -331404      43406     160000          0     7    1200000   45691000  160000000  160000000
   1      471    51184   165072     99503016238     99503181310        45198356    -336487      43406     160000          0     5    1200000   45691000  160000000  160000000
   1      471    51175   165044     99503181320     99503346364        45363439    -341541      43406     160000          0     5    1200000   45691000  160000000  160000000
   1      471    49189   163025     99503346374     99503509400        45528493    -344577      43406     160000          0     5    1200000   45691000  160000000  160000000
   1      471    49328   163253     99503509409     99503672662        45691528    -347839      43406     160000          0     5    1300000   45691000  160000000  160000000
   1      471    51186   169094     99503672672     99503841766        45854791    -356943      43406     160000          0     5    1200000   45691000  160000000  160000000
   1      471    51181   165101     99503841776     99504006877        46023895    -362054      43406     160000          0     5    1200000   45691000  160000000  160000000
   1      471    51182   278558     99504006888     99504285446        46189007    -480623      43406     160000          0     5    1200000   45691000  160000000  160000000
   1      471    51176   165009     99504285456     99504450465        46467575    -485642      43406     160000          0     5    1200000   45691000  160000000  160000000
   1      471    51181   165072     99504450475     99504615547        46632594    -490724      43406     160000          0     5    1200000   45691000  160000000  160000000
   1      471    50023   163982     99504615599     99504779580        46797718    -494757      43406     160000          0     5    1200000   45691000  160000000  160000000
   1      471    47244   161212     99504779590     99504940803        46961709    -495980      43406     160000          0     5    1300000   45691000  160000000  160000000
   1      471    48944   166829     99504940812     99505107641        47122931    -502818      43406     160000          0     5    1300000   45691000  160000000  160000000
   1      471    51199   165196     99505107651     99505272847        47289770    -508024      43406     160000          0     5    1200000   45691000  160000000  160000000
   1      471    47242   159097     99505272859     99505431957        47454978    -507134      43406     160000          0     5    1300000   45691000  160000000  160000000
   1      471    47238   161143     99505431966     99505593110        47614085    -508287      43406     160000          0     5    1300000   45691000  160000000  160000000
   1      471    47239   165101     99505593119     99505758220        47775238    -513397      43406     160000          0     5    1300000   45691000  160000000  160000000
   1      471    46078   160012     99505758230     99505918241        47940349    -513418      43406     160000          0     5    1300000   45691000  160000000  160000000
   1      471    43866   157736     99505918250     99506075986        48100369    -511163      43406     160000          0     5    1400000   45691000  160000000  160000000
   1      471    43863   157736     99506075996     99506233731        48258114    -508908      43406     160000          0     5    1400000   45691000  160000000  160000000
   1      471    45847   159734     99506233740     99506393474        48415859    -508651      43406     160000          0     5    1400000   45691000  160000000  160000000
   1      471    47241   161194     99506393483     99506554677        48575602    -509854      43406     160000          0     5    1300000   45691000  160000000  160000000
   1      471    47262   161263     99506554687     99506715950        48736806    -511127      43406     160000          0     6    1300000   45691000  160000000  160000000
   1      471    44989   158929     99506715959     99506874888        48898078    -510066      43406     160000          0     7    1300000   45691000  160000000  160000000
   1      471    43885   157855     99506874898     99507032753        49057016    -507930      43406     160000          0     7    1400000   45691000  160000000  160000000
   1      471    43870   161821     99507032762     99507194583        49214881    -509760      43406     160000          0     7    1400000   45691000  160000000  160000000
   1      471    43867   157789     99507194592     99507352381        49376711    -507558      43406     160000          0     7    1400000   45691000  160000000  160000000
   1      471    45745   159614     99507352390     99507512003        49534509    -507180      43406     160000          0     7    1400000   45691000  160000000  160000000
   1      471    47249   161235     99507512055     99507673289        49694173    -508466      43406     160000          0     7    1300000   45691000  160000000  160000000
   1      471    49631   163574     99507673299     99507836873        49855418    -512050      43406     160000          0     7    1300000   45691000  160000000  160000000
   1      471    48391   162330     99507836883     99507999214        50019002    -514391      43406     160000          0     7    1200000   45691000  160000000  160000000
   1      471    47242   161255     99507999223     99508160479        50181342    -515656      43406     160000          0     7    1300000   45691000  160000000  160000000
   1      471    47240   161242     99508160488     99508321731        50342607    -516908      43406     160000          0     7    1300000   45691000  160000000  160000000
   1      471    47242   161200     99508321740     99508482940        50503859    -518117      43406     160000          0     7    1300000   45691000  160000000  160000000
   1      471    50777   282580     99508482983     99508765563        50665102    -640740      43406     160000          0     7    1300000   45691000  160000000  160000000
   1      471    51182   165256     99508765573     99508930829        50947692    -646006      43406     160000          0     6    1200000   45691000  160000000  160000000
   1      471    51182   165284     99508930839     99509096123        51112958    -651300      43406     160000          0     6    1200000   45691000  160000000  160000000
   1      471    48381   162400     99509096133     99509258533        51278252    -653710      43406     160000          0     6    1200000   45691000  160000000  160000000
   1      471    47247   161309     99509258542     99509419851        51440661    -655028      43406     160000          0     6    1300000   45691000  160000000  160000000
   1      471    47254   161297     99509419861     99509581157        51601980    -656334      43406     160000          0     7    1300000   45691000  160000000  160000000
   1      471    47244   161241     99509581167     99509742407        51763285    -657584      43406     160000          0     7    1300000   45691000  160000000  160000000
   1      471    47262   161326     99509742417     99509903743        51924536    -658920      43406     160000          0     4    1300000   45691000  160000000  160000000
   1      471    47241   161235     99509903752     99510064987        52085871    -660164      43406     160000          0     6    1300000   45691000  160000000  160000000
   1      471    44960   142382     99510064996     99510207378        52247115    -642555      43406     160000          0     6    1400000   45691000  160000000  160000000
   1      471    47258   274651     99510207388     99510482038        52389507    -757215      43406     160000          0     6    1300000   45691000  160000000  160000000
   1      471    43855    44297     99510482048     99510526345        52664167    -641522      43406     160000          0     6    1400000   45691000  160000000  160000000
   1      471    43878   158380     99510526353     99510684733        52708472    -639910      43406     160000          0     6    1400000   45691000  160000000  160000000
   1      471    47008   161500     99510684742     99510846242        52866861    -641419      43406     160000          0     6    1400000   45691000  160000000  160000000
   1      471    47249   275785     99510846252     99511122037        53028371    -757214      43406     160000          0     6    1300000   45691000  160000000  160000000
   1      471    43855    44305     99511122046     99511166351        53304165    -641528      43406     160000          0     6    1400000   45691000  160000000  160000000
   1      471    43871   158335     99511166359     99511324694        53348478    -639871      43406     160000          0     6    1400000   45691000  160000000  160000000
   1      471    46997   161491     99511324703     99511486195        53506822    -641372      43406     160000          0     6    1400000   45691000  160000000  160000000
   1      471    47722   276276     99511486205     99511762480        53668324    -757657      43406     160000          0     6    1300000   45691000  160000000  160000000
   1      471    50715   165307     99511762491     99511927798        53944610    -762975      43406     160000          0     6    1200000   45691000  160000000  160000000
   1      471    47248   161814     99511927808     99512089621        54109927    -764798      43406     160000          0     6    1300000   45691000  160000000  160000000
   1      471    47255   161758     99512089631     99512251389        54271750    -766566      43406     160000          0     6    1300000   45691000  160000000  160000000
   1      471    50816   165372     99512251398     99512416770        54433517    -771947      43406     160000          0     6    1300000   45691000  160000000  160000000
   1      471    49927   160553     99512416817     99512577371        54598936    -772548      43406     160000          0     6    1200000   45691000  160000000  160000000
   1      471    47248   161845     99512577381     99512739226        54759499    -774403      43406     160000          0     6    1300000   45691000  160000000  160000000
   1      471    47245   161782     99512739236     99512901018        54921354    -776195      43406     160000          0     6    1300000   45691000  160000000  160000000
   1      471    47255   161820     99512901027     99513062848        55083146    -778025      43406     160000          0     6    1300000   45691000  160000000  160000000
   1      471    47250   161805     99513062857     99513224663        55244976    -779840      43406     160000          0     6    1300000   45691000  160000000  160000000
   1      471    48122   162699     99513224672     99513387371        55406791    -782548      43406     160000          0     6    1300000   45691000  160000000  160000000
   1      471    51194   166147     99513387382     99513553529        55569501    -788706      43406     160000          0     6    1200000   45691000  160000000  160000000
   1      471    48344   162880     99513553539     99513716419        55735658    -791596      43406     160000          0     6    1200000   45691000  160000000  160000000
   1      471    47254   161766     99513716429     99513878195        55898548    -793372      43406     160000          0     6    1300000   45691000  160000000  160000000
   1      471    47241   161755     99513878205     99514039959        56060324    -795136      43406     160000          0     6    1300000   45691000  160000000  160000000
   1      471    48065   162628     99514039969     99514202597        56222088    -797774      43406     160000          0     6    1300000   45691000  160000000  160000000
   1      471    51173   279882     99514202607     99514482489        56384726    -917666      43406     160000          0     6    1200000   45691000  160000000  160000000
   1      471    47251   161848     99514482499     99514644346        56664618    -919523      43406     160000          0     6    1300000   45691000  160000000  160000000
   1      471    47596   162252     99514644356     99514806608        56826475    -921785      43406     160000          0     6    1300000   45691000  160000000  160000000
   1      471    51184   165759     99514806619     99514972378        56988737    -927555      43406     160000          0     6    1200000   45691000  160000000  160000000
   1      471    51190   165826     99514972388     99515138214        57154507    -933391      43406     160000          0     6    1200000   45691000  160000000  160000000
   1      471    49515   164193     99515138224     99515302417        57320343    -937594      43406     160000          0     6    1200000   45691000  160000000  160000000
   1      471    47247   161921     99515302427     99515464347        57484546    -939524      43406     160000          0     6    1300000   45691000  160000000  160000000
   1      471    49236   163884     99515464357     99515628241        57646476    -943418      43406     160000          0     6    1300000   45691000  160000000  160000000
   1      471    51190   161815     99515628252     99515790066        57810371    -945243      43406     160000          0     6    1200000   45691000  160000000  160000000
   1      471    51175   165779     99515790077     99515955856        57972196    -951033      43406     160000          0     6    1200000   45691000  160000000  160000000
   1      471    48849   163462     99515955866     99516119328        58137985    -954505      43406     160000          0     6    1200000   45691000  160000000  160000000
   1      471    47242   165108     99516119337     99516284446        58301456    -959623      43406     160000          0     6    1300000   45691000  160000000  160000000
   1      471    47254   157930     99516284456     99516442386        58466575    -957563      43406     160000          0     6    1300000   45691000  160000000  160000000
   1      471    47256   161888     99516442428     99516604316        58624547    -959493      43406     160000          0     6    1300000   45691000  160000000  160000000
   1      471    50896   279672     99516604325     99516883998        58786444   -1079174      43406     160000          0     6    1300000   45691000  160000000  160000000
   1      471    51180   165822     99516884048     99517049870        59066167   -1085047      43406     160000          0     6    1200000   45691000  160000000  160000000
   1      471    50149   164833     99517049880     99517214714        59231999   -1089891      43406     160000          0     6    1200000   45691000  160000000  160000000
   1      471    47241   161876     99517214723     99517376599        59396842   -1091776      43406     160000          0     6    1300000   45691000  160000000  160000000
   1      471    47251   161934     99517376609     99517538543        59558728   -1093720      43406     160000          0     6    1300000   45691000  160000000  160000000
   1      471    47250   161908     99517538552     99517700461        59720671   -1095638      43406     160000          0     6    1300000   45691000  160000000  160000000
   1      471    47242   161870     99517700471     99517862341        59882589   -1097518      43406     160000          0     6    1300000   45691000  160000000  160000000
   1      471    45677   160312     99517862351     99518022662        60044470   -1097839      43406     160000          0     6    1300000   45691000  160000000  160000000
   1      471    43875   158507     99518022671     99518181178        60204790   -1096355      43406     160000          0     6    1400000   45691000  160000000  160000000
   1      471    43864   158456     99518181188     99518339644        60363307   -1094821      43406     160000          0     6    1400000   45691000  160000000  160000000
   1      471    43870   158495     99518339653     99518498148        60521772   -1093325      43406     160000          0     6    1400000   45691000  160000000  160000000
   1      471    44972   159634     99518498157     99518657791        60680276   -1092968      43406     160000          0     6    1400000   45691000  160000000  160000000
   1      471    47247   157935     99518657801     99518815736        60839920   -1090913      43406     160000          0     6    1300000   45691000  160000000  160000000
   1      471    47253   162001     99518815745     99518977746        60997864   -1092923      43406     160000          0     6    1300000   45691000  160000000  160000000
   1      471    47252   161944     99518977756     99519139700        61159875   -1094877      43406     160000          0     6    1300000   45691000  160000000  160000000
   1      471    47239   161915     99519139710     99519301625        61321829   -1096802      43406     160000          0     6    1300000   45691000  160000000  160000000
   1      471    47249   161900     99519301634     99519463534        61483753   -1098711      43406     160000          0     6    1300000   45691000  160000000  160000000
   1      471    47248   161955     99519463544     99519625499        61645663   -1100676      43406     160000          0     6    1300000   45691000  160000000  160000000
   1      471    45469   160180     99519625509     99519785688        61807627   -1100865      43406     160000          0     6    1300000   45691000  160000000  160000000
   1      471    43883   158584     99519785698     99519944281        61967817   -1099458      43406     160000          0     6    1400000   45691000  160000000  160000000
   1      471    43881   158581     99519944290     99520102872        62126409   -1098049      43406     160000          0     6    1400000   45691000  160000000  160000000
   1      471    43879   158565     99520102881     99520261446        62285000   -1096623      43406     160000          0     6    1400000   45691000  160000000  160000000
   1      471    45214   159890     99520261489     99520421380        62443608   -1096557      43406     160000          0     6    1400000   45691000  160000000  160000000
   1      471    47249   161967     99520421389     99520583356        62603508   -1098533      43406     160000          0     6    1300000   45691000  160000000  160000000
   1      471    49169   163971     99520583366     99520747336        62765485   -1102513      43406     160000          0     4    1300000   45691000  160000000  160000000
   1      471    51192   161960     99520747347     99520909307        62929466   -1104484      43406     160000          0     7    1200000   45691000  160000000  160000000
   1      471    51178   165906     99520909318     99521075224        63091436   -1110401      43406     160000          0     7    1200000   45691000  160000000  160000000
   1      471    51178   165884     99521075234     99521241118        63257353   -1116295      43406     160000          0     7    1200000   45691000  160000000  160000000
   1      471    47239   163515     99521241129     99521404644        63423247   -1119821      43406     160000          0     7    1300000   45691000  160000000  160000000
   1      471    47247   161949     99521404653     99521566602        63586772   -1121779      43406     160000          0     7    1300000   45691000  160000000  160000000
   1      471    47268   276268     99521566612     99521842880        63748731   -1238057      43406     160000          0     7    1300000   45691000  160000000  160000000
   1      471    47221   159411     99521842890     99522002301        64025008   -1237478      43406     160000          0     7    1300000   45691000  160000000  160000000
   1      471    47243   162056     99522002310     99522164366        64184429   -1239543      43406     160000          0     7    1300000   45691000  160000000  160000000
   1      471    47235   161942     99522164376     99522326318        64346495   -1241495      43406     160000          0     7    1300000   45691000  160000000  160000000
   1      471    44764   159525     99522326327     99522485852        64508446   -1241029      43406     160000          0     7    1300000   45691000  160000000  160000000
   1      471    43871   158652     99522485861     99522644512        64667980   -1239689      43406     160000          0     7    1400000   45691000  160000000  160000000
   1      471    43857   158525     99522644522     99522803047        64826640   -1238224      43406     160000          0     7    1400000   45691000  160000000  160000000
   1      471    43847    44311     99522803056     99522847367        64985175   -1122544      43406     160000          0     7    1400000   45691000  160000000  160000000
   1      471    47210   274961     99522847376     99523122337        65029495   -1237514      43406     160000          0     7    1400000   45691000  160000000  160000000
   1      471    47245   162044     99523122347     99523284391        65304466   -1239568      43406     160000          0     7    1300000   45691000  160000000  160000000
   1      471    47586   162321     99523284400     99523446721        65466519   -1241898      43406     160000          0     7    1300000   45691000  160000000  160000000
   1      471    51178   161959     99523446732     99523608691        65628851   -1243868      43406     160000          0     7    1200000   45691000  160000000  160000000
   1      471    50240   165024     99523608702     99523773726        65790821   -1248903      43406     160000          0     7    1200000   45691000  160000000  160000000
   1      471    47248   161962     99523773736     99523935698        65955855   -1250875      43406     160000          0     7    1300000   45691000  160000000  160000000
   1      471    49499   164339     99523935707     99524100046        66117826   -1255182      43406     160000          0     7    1300000   45691000  160000000  160000000
   1      471    49376   164232     99524100057     99524264289        66282176   -1259465      43406     160000          0     7    1200000   45691000  160000000  160000000
   1      471    47241   162038     99524264330     99524426368        66446449   -1261545      43406     160000          0     7    1300000   45691000  160000000  160000000
   1      471    49401   164216     99524426378     99524590594        66608497   -1265771      43406     160000          0     7    1300000   45691000  160000000  160000000
   1      471    51184   166055     99524590605     99524756660        66772724   -1271837      43406     160000          0     7    1200000   45691000  160000000  160000000
   1      471    48114   162920     99524756671     99524919590        66938790   -1274768      43406     160000          0     7    1200000   45691000  160000000  160000000
   1      471    45644   160464     99524919600     99525080064        67101719   -1275241      43406     160000          0     7    1300000   45691000  160000000  160000000
   1      471    43870   154643     99525080073     99525234716        67262192   -1269893      43406     160000          0     7    1400000   45691000  160000000  160000000
   1      471    46239   161048     99525234725     99525395773        67416844   -1270950      43406     160000          0     7    1400000   45691000  160000000  160000000
   1      471    47261   162095     99525395783     99525557878        67577902   -1273055      43406     160000          0     7    1300000   45691000  160000000  160000000
   1      471    44585   159432     99525557888     99525717319        67740007   -1272496      43406     160000          0     7    1300000   45691000  160000000  160000000
   1      471    43866   158633     99525717329     99525875961        67899448   -1271139      43406     160000          0     7    1400000   45691000  160000000  160000000
   1      471    43871   158670     99525875971     99526034641        68058089   -1269818      43406     160000          0     7    1400000   45691000  160000000  160000000
   1      471    43866   158658     99526034650     99526193309        68216769   -1268486      43406     160000          0     7    1400000   45691000  160000000  160000000
   1      471    43874   158737     99526193319     99526352056        68375438   -1267233      43406     160000          0     7    1400000   45691000  160000000  160000000
   1      471    43869   158707     99526352065     99526510772        68534184   -1265949      43406     160000          0     7    1400000   45691000  160000000  160000000
   1      471    45632   156508     99526510782     99526667290        68692900   -1262467      43406     160000          0     7    1400000   45691000  160000000  160000000
   1      471    47252   162170     99526667299     99526829469        68849418   -1264646      43406     160000          0     7    1300000   45691000  160000000  160000000
   1      471    47248   162056     99526829479     99526991535        69011598   -1266712      43406     160000          0     4    1300000   45691000  160000000  160000000
   1      471    45034   159892     99526991545     99527151437        69173664   -1266614      43406     160000          0     4    1300000   45691000  160000000  160000000
   1      471    43875   158661     99527151446     99527310107        69333565   -1265284      43406     160000          0     4    1400000   45691000  160000000  160000000
   1      471    45897   160805     99527310116     99527470921        69492235   -1266098      43406     160000          0     4    1400000   45691000  160000000  160000000
   1      471    47246   162154     99527470931     99527633085        69653049   -1268262      43406     160000          0     4    1300000   45691000  160000000  160000000
   1      471    44939   159809     99527633094     99527792903        69815213   -1268080      43406     160000          0     4    1300000   45691000  160000000  160000000
   1      471    43877   154698     99527792913     99527947610        69975031   -1262787      43406     160000          0     4    1400000   45691000  160000000  160000000
   1      471    45702   160583     99527947651     99528108234        70129770   -1263411      43406     160000          0     4    1400000   45691000  160000000  160000000
   1      471    49554   164442     99528108244     99528272686        70290363   -1267863      43406     160000          0     4    1300000   45691000  160000000  160000000
   1      471    51183   166069     99528272697     99528438766        70454816   -1273943      43406     160000          0     4    1200000   45691000  160000000  160000000
   1      471    51180   166101     99528438777     99528604878        70620896   -1280055      43406     160000          0     4    1200000   45691000  160000000  160000000
   1      471    51209   280650     99528604889     99528885538        70787007   -1400715      43406     160000          0     4    1200000   45691000  160000000  160000000
   1      471    51180   166076     99528885548     99529051624        71067667   -1406801      43406     160000          0     4    1200000   45691000  160000000  160000000
   1      471    51186   162117     99529051634     99529213752        71233753   -1408928      43406     160000          0     4    1200000   45691000  160000000  160000000
   1      471    51179   166117     99529213762     99529379880        71395881   -1415057      43406     160000          0     4    1200000   45691000  160000000  160000000
   1      471    51180   166125     99529379890     99529546015        71562009   -1421192      43406     160000          0     4    1200000   45691000  160000000  160000000
   1      471    51302   166889     99529546025     99529712914        71728144   -1428091      43406     160000          0     4    1200000   45691000  160000000  160000000
   1      471    53921   184553     99529712924     99529897477        71895043   -1452653      43406     160000          0     4    1200000   45691000  160000000  160000000
   1      471    48133   144144     99529897504     99530041648        72079623   -1436825      43406     160000          0     4    1200000   45691000  160000000  160000000
   1      471    47239   162146     99530041658     99530203804        72223776   -1438981      43406     160000          0     4    1300000   45691000  160000000  160000000
   1      471    47251   278690     99530203813     99530482504        72385932   -1557681      43406     160000          0     4    1300000   45691000  160000000  160000000
   1      471    47223   160003     99530482514     99530642517        72664633   -1557694      43406     160000          0     4    1300000   45691000  160000000  160000000
   1      471    47436   162391     99530642527     99530804918        72824646   -1560095      43406     160000          0     4    1300000   45691000  160000000  160000000
   1      471    51193   166243     99530804928     99530971171        72987047   -1566348      43406     160000          0     4    1200000   45691000  160000000  160000000
   1      471    50361   161433     99530971181     99531132614        73153300   -1567791      43406     160000          0     4    1200000   45691000  160000000  160000000
   1      471    47252   162218     99531132624     99531294841        73314743   -1570018      43406     160000          0     4    1300000   45691000  160000000  160000000
   1      471    48450   163418     99531294851     99531458269        73476970   -1573446      43406     160000          0     4    1300000   45691000  160000000  160000000
   1      471    49513   164491     99531458279     99531622770        73640398   -1577947      43406     160000          0     4    1200000   45691000  160000000  160000000
   1      471    47250   162226     99531622780     99531785006        73804899   -1580183      43406     160000          0     4    1300000   45691000  160000000  160000000
   1      471    49290   164253     99531785015     99531949268        73967134   -1584445      43406     160000          0     4    1300000   45691000  160000000  160000000
   1      471    51181   166198     99531949279     99532115476        74131398   -1590653      43406     160000          0     4    1200000   45691000  160000000  160000000
   1      471    48506   159518     99532115527     99532275044        74297645   -1590221      43406     160000          0     4    1200000   45691000  160000000  160000000
   1      471    47243   162257     99532275054     99532437311        74457173   -1592488      43406     160000          0     4    1300000   45691000  160000000  160000000
   1      471    47241   162217     99532437321     99532599538        74619440   -1594714      43406     160000          0     4    1300000   45691000  160000000  160000000
   1      471    47248   162286     99532599547     99532761833        74781666   -1597010      43406     160000          0     4    1300000   45691000  160000000  160000000
   1      471    47247   162217     99532761843     99532924060        74943962   -1599237      43406     160000          0     4    1300000   45691000  160000000  160000000
   1      471    50890   280450     99532924070     99533204519        75106189   -1719696      43406     160000          0     4    1300000   45691000  160000000  160000000
   1      471    50863   161972     99533204530     99533366502        75386649   -1721679      43406     160000          0     4    1200000   45691000  160000000  160000000
   1      471    46807   161908     99533366512     99533528420        75548631   -1723597      43406     160000          0     4    1300000   45691000  160000000  160000000
   1      471    43874   158833     99533528429     99533687262        75710548   -1722439      43406     160000          0     4    1400000   45691000  160000000  160000000
   1      471    43872   158933     99533687271     99533846204        75869390   -1721381      43406     160000          0     4    1400000   45691000  160000000  160000000
   1      471    43871   158893     99533846213     99534005106        76028332   -1720283      43406     160000          0     4    1400000   45691000  160000000  160000000
   1      471    43971   158963     99534005115     99534164079        76187234   -1719256      43406     160000          0     4    1400000   45691000  160000000  160000000
   1      471    47222   158519     99534164088     99534322607        76346207   -1717784      43406     160000          0     4    1300000   45691000  160000000  160000000
   1      471    43858   160000     99534322616     99534482617        76504735   -1717794      43406     160000          0     4    1400000   45691000  160000000  160000000
   1      471    43855    44280     99534482626     99534526905        76664745   -1602082      43406     160000          0     4    1400000   45691000  160000000  160000000
   1      471    43884   158922     99534526914     99534685836        76709033   -1601013      43406     160000          0     4    1400000   45691000  160000000  160000000
   1      471    43877   158908     99534685846     99534844753        76867965   -1599930      43406     160000          0     4    1400000   45691000  160000000  160000000
   1      471    46686   157614     99534844762     99535002376        77026881   -1597553      43406     160000          0     4    1400000   45691000  160000000  160000000
   1      471    47255   162410     99535002386     99535164796        77184505   -1599973      43406     160000          0     4    1300000   45691000  160000000  160000000
   1      471    47245   277836     99535164805     99535442641        77346924   -1717818      43406     160000          0     4    1300000   45691000  160000000  160000000
   1      471    47254   162324     99535442651     99535604975        77624770   -1720152      43406     160000          0     4    1300000   45691000  160000000  160000000
   1      471    47211   158290     99535604985     99535763275        77787103   -1718452      43406     160000          0     4    1300000   45691000  160000000  160000000
   1      471    43847   159367     99535763284     99535922651        77945403   -1717828      43406     160000          0     4    1400000   45691000  160000000  160000000
   1      471    43859   159966     99535922691     99536082657        78104810   -1717834      43406     160000          0     4    1400000   45691000  160000000  160000000
   1      471    47222   159985     99536082667     99536242653        78264786   -1717830      43406     160000          0     4    1300000   45691000  160000000  160000000
   1      471    47241   162317     99536242662     99536404979        78424781   -1720156      43406     160000          0     4    1300000   45691000  160000000  160000000
   1      471    47248   162291     99536404988     99536567280        78587107   -1722457      43406     160000          0     4    1300000   45691000  160000000  160000000
   1      471    47252   162378     99536567289     99536729668        78749408   -1724845      43406     160000          0     4    1300000   45691000  160000000  160000000
   1      471    47696   158879     99536729678     99536888557        78911796   -1723734      43406     160000          0     4    1300000   45691000  160000000  160000000
   1      471    51184   166303     99536888567     99537054870        79070686   -1730047      43406     160000          0     4    1200000   45691000  160000000  160000000
   1      471    49772   164930     99537054880     99537219811        79236999   -1734988      43406     160000          0     4    1200000   45691000  160000000  160000000
   1      471    47256   162356     99537219821     99537382177        79401940   -1737354      43406     160000          0     4    1300000   45691000  160000000  160000000
   1      471    49054   164224     99537382186     99537546410        79564305   -1741587      43406     160000          0     4    1300000   45691000  160000000  160000000
   1      471    49202   160341     99537546420     99537706761        79728539   -1741938      43406     160000          0     4    1200000   45691000  160000000  160000000
   1      471    47247   162409     99537706771     99537869180        79888890   -1744357      43406     160000          0     4    1300000   45691000  160000000  160000000
   1      471    47239   162367     99537869189     99538031556        80051308   -1746733      43406     160000          0     4    1300000   45691000  160000000  160000000
   1      471    47257   162398     99538031566     99538193964        80213685   -1749141      43406     160000          0     4    1300000   45691000  160000000  160000000
   1      471    50025   165145     99538193974     99538359119        80376093   -1754296      43406     160000          0     4    1300000   45691000  160000000  160000000
   1      471    51181   162328     99538359129     99538521457        80541248   -1756634      43406     160000          0     4    1200000   45691000  160000000  160000000
   1      471    47740   162945     99538521467     99538684412        80703586   -1759589      43406     160000          0     4    1200000   45691000  160000000  160000000
   1      471    47248   278298     99538684422     99538962720        80866541   -1877897      43406     160000          0     4    1300000   45691000  160000000  160000000
   1      471    47223   159998     99538962730     99539122728        81144849   -1877904      43406     160000          0     4    1300000   45691000  160000000  160000000
   1      471    51183   166453     99539122738     99539289191        81304857   -1884368      43406     160000          0     4    1200000   45691000  160000000  160000000
   1      471    51179   166393     99539289201     99539455594        81471320   -1890771      43406     160000          0     4    1200000   45691000  160000000  160000000
   1      471    51185   162392     99539455605     99539617997        81637724   -1893174      43406     160000          0     4    1200000   45691000  160000000  160000000
   1      471    51193   166434     99539618008     99539784442        81800127   -1899619      43406     160000          0     4    1200000   45691000  160000000  160000000
   1      471    49039   164300     99539784452     99539948752        81966571   -1903928      43406     160000          0     4    1200000   45691000  160000000  160000000
   1      471    47250   162406     99539948794     99540111200        82130913   -1906377      43406     160000          0     4    1300000   45691000  160000000  160000000
   1      471    47245   162381     99540111209     99540273591        82293328   -1908768      43406     160000          0     4    1300000   45691000  160000000  160000000
   1      471    47242   158388     99540273600     99540431988        82455719   -1907165      43406     160000          0     4    1300000   45691000  160000000  160000000
   1      471    49867   165120     99540431998     99540597117        82614117   -1912294      43406     160000          0     4    1300000   45691000  160000000  160000000
   1      471    48077   163300     99540597128     99540760428        82779247   -1915605      43406     160000          0     4    1200000   45691000  160000000  160000000
   1      471    47244   162413     99540760438     99540922850        82942557   -1918027      43406     160000          0     4    1300000   45691000  160000000  160000000
   1      471    47260   162472     99540922860     99541085332        83104979   -1920509      43406     160000          0     4    1300000   45691000  160000000  160000000
   1      471    47246   158481     99541085342     99541243823        83267461   -1919000      43406     160000          0     4    1300000   45691000  160000000  160000000
   1      471    47244   278965     99541243833     99541522797        83425952   -2037974      43406     160000          0     4    1300000   45691000  160000000  160000000
   1      471    47226   159986     99541522807     99541682793        83704926   -2037970      43406     160000          0     7    1300000   45691000  160000000  160000000
   1      471    51183   166465     99541682803     99541849268        83864922   -2044445      43406     160000          0     7    1200000   45691000  160000000  160000000
   1      471    51180   166419     99541849278     99542015697        84031397   -2050874      43406     160000          0     7    1200000   45691000  160000000  160000000
   1      471    51184   162547     99542015708     99542178254        84197826   -2053431      43406     160000          0     7    1200000   45691000  160000000  160000000
   1      471    51186   166515     99542178265     99542344780        84360384   -2059957      43406     160000          0     7    1200000   45691000  160000000  160000000
   1      471    51189   166427     99542344790     99542511217        84526909   -2066394      43406     160000          0     7    1200000   45691000  160000000  160000000
   1      471    51186   166467     99542511227     99542677694        84693346   -2072871      43406     160000          0     7    1200000   45691000  160000000  160000000
   1      471    48325   159585     99542677704     99542837289        84859823   -2072466      43406     160000          0     7    1200000   45691000  160000000  160000000
   1      471    47234   162484     99542837299     99542999783        85019418   -2074960      43406     160000          0     7    1300000   45691000  160000000  160000000
   1      471    50508   165815     99542999793     99543165608        85181912   -2080785      43406     160000          0     7    1300000   45691000  160000000  160000000
   1      471    50885   280987     99543165618     99543446605        85347737   -2201782      43406     160000          0     7    1200000   45691000  160000000  160000000
   1      471    47249   158546     99543446615     99543605160        85628734   -2200337      43406     160000          0     7    1300000   45691000  160000000  160000000
   1      471    49290   164590     99543605170     99543769760        85787289   -2204937      43406     160000          0     7    1300000   45691000  160000000  160000000
   1      471    50155   165487     99543769770     99543935257        85951889   -2210434      43406     160000          0     7    1200000   45691000  160000000  160000000
   1      471    47242   162559     99543935298     99544097857        86117417   -2213034      43406     160000          0     7    1300000   45691000  160000000  160000000
   1      471    47246   158519     99544097867     99544256386        86279986   -2211563      43406     160000          0     7    1300000   45691000  160000000  160000000
   1      471    47251   162540     99544256396     99544418937        86438515   -2214114      43406     160000          0     7    1300000   45691000  160000000  160000000
   1      471    48786   164081     99544418946     99544583028        86601065   -2218205      43406     160000          0     7    1300000   45691000  160000000  160000000
   1      471    49145   164432     99544583038     99544747471        86765157   -2222648      43406     160000          0     7    1200000   45691000  160000000  160000000
   1      471    47247   162504     99544747480     99544909984        86929599   -2225161      43406     160000          0     7    1300000   45691000  160000000  160000000
   1      471    49372   160633     99544909994     99545070627        87092113   -2225804      43406     160000          0     7    1300000   45691000  160000000  160000000
   1      471    51175   166504     99545070637     99545237141        87252756   -2232318      43406     160000          0     7    1200000   45691000  160000000  160000000
   1      471    51173   166470     99545237151     99545403621        87419270   -2238798      43406     160000          0     7    1200000   45691000  160000000  160000000
   1      471    51193   279256     99545403631     99545682887        87585750   -2358065      43406     160000          0     7    1200000   45691000  160000000  160000000
   1      471    47244   162599     99545682897     99545845496        87865016   -2360673      43406     160000          0     7    1300000   45691000  160000000  160000000
   1      471    50038   165358     99545845506     99546010864        88027625   -2366041      43406     160000          0     7    1300000   45691000  160000000  160000000
   1      471    50380   161748     99546010875     99546172623        88192994   -2367800      43406     160000          0     7    1200000   45691000  160000000  160000000
   1      471    47233   162478     99546172632     99546335110        88354751   -2370287      43406     160000          0     7    1300000   45691000  160000000  160000000
   1      471    48464   163795     99546335120     99546498914        88517239   -2374091      43406     160000          0     7    1300000   45691000  160000000  160000000
   1      471    51178   166586     99546498925     99546665512        88681044   -2380689      43406     160000          0     7    1200000   45691000  160000000  160000000
   1      471    49265   160613     99546665522     99546826135        88847641   -2381312      43406     160000          0     7    1200000   45691000  160000000  160000000
   1      471    47246   162598     99546826144     99546988742        89008263   -2383919      43406     160000          0     7    1300000   45691000  160000000  160000000
   1      471    47243   162580     99546988751     99547151331        89170870   -2386508      43406     160000          0     7    1300000   45691000  160000000  160000000
   1      471    47242   162591     99547151341     99547313932        89333460   -2389109      43406     160000          0     7    1300000   45691000  160000000  160000000
   1      471    47246   158597     99547313941     99547472538        89496060   -2387715      43406     160000          0     7    1300000   45691000  160000000  160000000
   1      471    49903   165242     99547472548     99547637789        89654666   -2392966      43406     160000          0     7    1300000   45691000  160000000  160000000
   1      471    51176   166606     99547637800     99547804406        89819919   -2399583      43406     160000          0     7    1200000   45691000  160000000  160000000
   1      471    47525   162910     99547804416     99547967326        89986535   -2402503      43406     160000          0     7    1200000   45691000  160000000  160000000
   1      471    45330   160714     99547967368     99548128082        90149487   -2403259      43406     160000          0     7    1300000   45691000  160000000  160000000
   1      471    43866   155164     99548128091     99548283256        90310210   -2398433      43406     160000          0     7    1400000   45691000  160000000  160000000
