#idx     perf      run   period           start             end          rel_st      slack c_duration   c_period     wu_lat   cpu       freq dl_runtime  dl_period dl_deadline
   4     1037    96420   302163    122303059584    122303361747         3851150     178521      95424     370000      12226     4    1400000  100447000  370000000  370000000
   4     1037    96417   365750    122303361756    122303727506         4153321     246302      95424     370000       7985     4    1400000  100447000  370000000  370000000
   4     1037    96422   367216    122303727514    122304094730         4519079     250551      95424     370000       5209     4    1400000  100447000  370000000  370000000
   4     1037   104478   366746    122304094740    122304461486         4886305      -1966      95424     370000          0     4    1300000  100447000  370000000  370000000
   4     1037   103833   373443    122304461496    122304834938         5253061      -5419      95424     370000          0     4    1300000  100447000  370000000  370000000
   4     1037   103846   442996    122304834948    122305277944         5626513     -78424      95424     370000          0     4    1300000  100447000  370000000  370000000
   4     1037   103831   395942    122305277953    122305673895         6069519    -104376      95424     370000          0     4    1300000  100447000  370000000  370000000
   4     1037   105333   301450    122305673905    122305975355         6465470     -35835      95424     370000          0     4    1300000  100447000  370000000  370000000
   4     1037   112471   363498    122305975365    122306338862         6766930     -29343      95424     370000          0     4    1200000  100447000  370000000  370000000
   4     1037   112486   440396    122306338872    122306779268         7130438     -99748      95424     370000          0     4    1200000  100447000  370000000  370000000
   4     1037   112469   343968    122306779278    122307123246         7570843     -73726      95424     370000          0     4    1200000  100447000  370000000  370000000
   4     1037   112471   404427    122307123255    122307527682         7914821    -108163      95424     370000          0     4    1200000  100447000  370000000  370000000
   4     1037   112466   361987    122307527692    122307889679         8319258    -100159      95424     370000          0     4    1200000  100447000  370000000  370000000
   4     1037   112465   397885    122307889689    122308287574         8681255    -128054      95424     370000          0     4    1200000  100447000  370000000  370000000
   4     1037   104457   466244    122308287584    122308753828         9079150    -224309      95424     370000          0     4    1200000  100447000  370000000  370000000
   4     1037   111973   521062    122308753838    122309274899         9545403    -375380      95424     370000          0     4    1300000  100447000  370000000  370000000
   4     1037   112491   381632    122309274909    122309656541        10066475    -387021      95424     370000          0     4    1200000  100447000  370000000  370000000
   4     1037   112466   397861    122309656551    122310054413        10448116    -414893      95424     370000          0     4    1200000  100447000  370000000  370000000
   4     1037   112491   424646    122310054423    122310479069        10845988    -469549      95424     370000          0     4    1200000  100447000  370000000  370000000
   4     1037   112466   386271    122310479079    122310865350        11270644    -485830      95424     370000          0     4    1200000  100447000  370000000  370000000
   4     1037   112457   384167    122310865360    122311249527        11656925    -500007      95424     370000          0     4    1200000  100447000  370000000  370000000
   4     1037   112460   385792    122311249537    122311635330        12041103    -515810      95424     370000          0     4    1200000  100447000  370000000  370000000
   4     1037   112475   410171    122311635340    122312045510        12426905    -555991      95424     370000          0     4    1200000  100447000  370000000  370000000
   4     1037   112474   588151    122312045568    122312633719        12837133    -774199      95424     370000          0     4    1200000  100447000  370000000  370000000
   4     1037   112480   351596    122312633729    122312985325        13425294    -755805      95424     370000          0     4    1200000  100447000  370000000  370000000
   4     1037   112475   404404    122312985335    122313389739        13776900    -790219      95424     370000          0     4    1200000  100447000  370000000  370000000
   4     1037   112482   357591    122313389748    122313747340        14181314    -777820      95424     370000          0     4    1200000  100447000  370000000  370000000
   4     1037   112499   438151    122313747350    122314185501        14538915    -845981      95424     370000          0     4    1200000  100447000  370000000  370000000
   4     1037   112469   416078    122314185511    122314601589        14977076    -892070      95424     370000          0     4    1200000  100447000  370000000  370000000
   4     1037   112465   432057    122314601599    122315033656        15393164    -954137      95424     370000          0     4    1200000  100447000  370000000  370000000
   4     1037   112469   261450    122315033666    122315295116        15825231    -845596      95424     370000          0     4    1200000  100447000  370000000  370000000
   4     1037   112478   634731    122315295126    122315929857        16086691   -1110337      95424     370000          0     4    1200000  100447000  370000000  370000000
   4     1037   112473   435981    122315929868    122316365849        16721433   -1176329      95424     370000          0     4    1200000  100447000  370000000  370000000
   4     1037   112465   333740    122316365859    122316699599        17157424   -1140079      95424     370000          0     4    1200000  100447000  370000000  370000000
   4     1037   112469   392118    122316699609    122317091727        17491175   -1162207      95424     370000          0     4    1200000  100447000  370000000  370000000
   4     1037   112462   397519    122317091737    122317489256        17883302   -1189737      95424     370000          0     4    1200000  100447000  370000000  370000000
   4     1037   112461   405853    122317489266    122317895119        18280832   -1225599      95424     370000          0     4    1200000  100447000  370000000  370000000
   4     1037   112461   481475    122317895129    122318376604        18686694   -1337084      95424     370000          0     4    1200000  100447000  370000000  370000000
   4     1037   112453   261757    122318376614    122318638372        19168180   -1228852      95424     370000          0     4    1200000  100447000  370000000  370000000
   4     1037   112481   393586    122318638382    122319031968        19429947   -1252448      95424     370000          0     4    1200000  100447000  370000000  370000000
   4     1037   112486   605611    122319031978    122319637589        19823543   -1488069      95424     370000          0     4    1200000  100447000  370000000  370000000
   4     1037   112472   381604    122319637599    122320019203        20429164   -1499683      95424     370000          0     4    1200000  100447000  370000000  370000000
   4     1037   112475   439916    122320019214    122320459130        20810779   -1569610      95424     370000          0     4    1200000  100447000  370000000  370000000
   4     1037   112477   398227    122320459140    122320857366        21250705   -1597847      95424     370000          0     4    1200000  100447000  370000000  370000000
   4     1037   112467   399783    122320857377    122321257159        21648942   -1627639      95424     370000          0     4    1200000  100447000  370000000  370000000
   4     1037   112472   309499    122321257169    122321566669        22048735   -1567149      95424     370000          0     4    1200000  100447000  370000000  370000000
   4     1037   112489   423674    122321566679    122321990353        22358244   -1620833      95424     370000          0     4    1200000  100447000  370000000  370000000
   4     1037   112454   403671    122321990403    122322394075        22781969   -1654555      95424     370000          0     4    1200000  100447000  370000000  370000000
   4     1037   112471   567487    122322394085    122322961572        23185650   -1852052      95424     370000          0     4    1200000  100447000  370000000  370000000
   4     1037   112472   397587    122322961582    122323359169        23753147   -1879649      95424     370000          0     4    1200000  100447000  370000000  370000000
   4     1037   112487   455528    122323359180    122323814708        24150745   -1965188      95424     370000          0     4    1200000  100447000  370000000  370000000
   4     1037   112478   423624    122323814718    122324238342        24606284   -2018822      95424     370000          0     4    1200000  100447000  370000000  370000000
   4     1037   112471   257536    122324238353    122324495889        25029918   -1906369      95424     370000          0     4    1200000  100447000  370000000  370000000
   4     1037   112497   421634    122324495899    122324917533        25287464   -1958013      95424     370000          0     4    1200000  100447000  370000000  370000000
   4     1037   112489   353559    122324917543    122325271102        25709108   -1941582      95424     370000          0     4    1200000  100447000  370000000  370000000
   4     1037   112473   425551    122325271111    122325696663        26062677   -1997143      95424     370000          0     4    1200000  100447000  370000000  370000000
   4     1037   112467   631392    122325696673    122326328065        26488238   -2258544      95424     370000          0     4    1200000  100447000  370000000  370000000
   4     1037   112472   383468    122326328074    122326711543        27119640   -2272023      95424     370000          0     4    1200000  100447000  370000000  370000000
   4     1037   112482   393606    122326711553    122327105159        27503118   -2295639      95424     370000          0     4    1200000  100447000  370000000  370000000
   4     1037   115606   434659    122327105169    122327539829        27896734   -2360309      95424     370000          0     4    1200000  100447000  370000000  370000000
   4     1037   117463   348670    122327539840    122327888511        28331406   -2338991      95424     370000          0     4    1100000  100447000  370000000  370000000
   4     1037   112479   359561    122327888521    122328248083        28680087   -2328563      95424     370000          0     4    1200000  100447000  370000000  370000000
   4     1037   112468   349519    122328248093    122328597612        29039658   -2308092      95424     370000          0     4    1200000  100447000  370000000  370000000
   4     1037   112485   391568    122328597622    122328989190        29389188   -2329670      95424     370000          0     4    1200000  100447000  370000000  370000000
   4     1037   112513   636061    122328989200    122329625261        29780765   -2595741      95424     370000          0     4    1200000  100447000  370000000  370000000
   4     1037   112470   450302    122329625271    122330075573        30416836   -2676053      95424     370000          0     4    1200000  100447000  370000000  370000000
   4     1037   112465   427328    122330075583    122330502911        30867148   -2733391      95424     370000          0     4    1200000  100447000  370000000  370000000
   4     1037   112479   281570    122330502921    122330784491        31294486   -2644971      95424     370000          0     4    1200000  100447000  370000000  370000000
   4     1037   112476   383441    122330784501    122331167942        31576066   -2658422      95424     370000          0     4    1200000  100447000  370000000  370000000
   4     1037   112469   469088    122331167952    122331637039        31959517   -2757519      95424     370000          0     4    1200000  100447000  370000000  370000000
   4     1037   112476   347359    122331637105    122331984463        32428670   -2734944      95424     370000          0     4    1200000  100447000  370000000  370000000
   4     1037   112474   331522    122331984474    122332315995        32776039   -2696475      95424     370000          0     4    1200000  100447000  370000000  370000000
   4     1037   112483   652018    122332316040    122332968058        33107605   -2978538      95424     370000          0     4    1200000  100447000  370000000  370000000
   4     1037   112481   466451    122332968069    122333434520        33759634   -3075000      95424     370000          0     4    1200000  100447000  370000000  370000000
   4     1037   112458   427358    122333434530    122333861888        34226095   -3132368      95424     370000          0     4    1200000  100447000  370000000  370000000
   4     1037   112464   277101    122333861898    122334138999        34653463   -3039479      95424     370000          0     4    1200000  100447000  370000000  370000000
   4     1037   116865   360085    122334139009    122334499094        34930574   -3029574      95424     370000          0     4    1200000  100447000  370000000  370000000
   4     1037   122699   376119    122334499105    122334875224        35290670   -3035704      95424     370000          0     4    1100000  100447000  370000000  370000000
   4     1037   114543   487052    122334875235    122335362287        35666800   -3152767      95424     370000          0     4    1100000  100447000  370000000  370000000
   4     1037   112487   578250    122335362297    122335940547        36153862   -3361027      95424     370000          0     4    1200000  100447000  370000000  370000000
   4     1037   112473   421311    122335940557    122336361868        36732122   -3412348      95424     370000          0     4    1200000  100447000  370000000  370000000
   4     1037   112465   407029    122336361878    122336768907        37153444   -3449387      95424     370000          0     4    1200000  100447000  370000000  370000000
   4     1037   112483   289841    122336768917    122337058759        37560483   -3369239      95424     370000          0     4    1200000  100447000  370000000  370000000
   4     1037   112478   489055    122337058769    122337547824        37850334   -3488305      95424     370000          0     4    1200000  100447000  370000000  370000000
   4     1037   112472   331216    122337547834    122337879050        38339400   -3449530      95424     370000          0     4    1200000  100447000  370000000  370000000
   4     1037   112475   343607    122337879060    122338222667        38670625   -3423147      95424     370000          0     4    1200000  100447000  370000000  370000000
   4     1037   112480   422914    122338222677    122338645590        39014242   -3476070      95424     370000          0     4    1200000  100447000  370000000  370000000
   4     1037   121422   668298    122338645601    122339313899        39437166   -3774379      95424     370000          0     4    1200000  100447000  370000000  370000000
   4     1037   120321   432291    122339313909    122339746201        40105475   -3836681      95424     370000          0     4    1100000  100447000  370000000  370000000
   4     1037   112465   281491    122339746210    122340027701        40537776   -3748181      95424     370000          0     4    1200000  100447000  370000000  370000000
   4     1037   112489   389327    122340027711    122340417037        40819276   -3767518      95424     370000          0     4    1200000  100447000  370000000  370000000
   4     1037   112466   401111    122340417047    122340818159        41208613   -3798639      95424     370000          0     4    1200000  100447000  370000000  370000000
   4     1037   112485   405224    122340818169    122341223393        41609734   -3833873      95424     370000          0     4    1200000  100447000  370000000  370000000
   4     1037   112476   342646    122341223403    122341566049        42014968   -3806529      95424     370000          0     4    1200000  100447000  370000000  370000000
   4     1037   112481   665959    122341566096    122342232056        42357662   -4102536      95424     370000          0     4    1200000  100447000  370000000  370000000
   4     1037   122696   405467    122342232066    122342637533        43023632   -4138013      95424     370000          0     4    1100000  100447000  370000000  370000000
   4     1037   119150   481863    122342637544    122343119407        43429109   -4249887      95424     370000          0     4    1100000  100447000  370000000  370000000
   4     1037   112472   303108    122343119417    122343422524        43910982   -4183004      95424     370000          0     4    1200000  100447000  370000000  370000000
   4     1037   112488   338248    122343422534    122343760782        44214100   -4151262      95424     370000          0     4    1200000  100447000  370000000  370000000
   4     1037   112497   426623    122343760792    122344187415        44552357   -4207895      95424     370000          0     4    1200000  100447000  370000000  370000000
   4     1037   112467   363091    122344187425    122344550516        44978990   -4200996      95424     370000          0     4    1200000  100447000  370000000  370000000
   4     1037   112471   637537    122344550526    122345188063        45342091   -4468543      95424     370000          0     4    1200000  100447000  370000000  370000000
   4     1037   113649   430272    122345188072    122345618344        45979638   -4528824      95424     370000          0     4    1200000  100447000  370000000  370000000
   4     1037   122698   400961    122345618355    122346019316        46409920   -4559796      95424     370000          0     4    1100000  100447000  370000000  370000000
   4     1037   117830   320998    122346019326    122346340324        46810892   -4510805      95424     370000          0     4    1100000  100447000  370000000  370000000
   4     1037   112478   471026    122346340334    122346811361        47131900   -4611841      95424     370000          0     4    1200000  100447000  370000000  370000000
   4     1037   112465   322966    122346811371    122347134337        47602936   -4564817      95424     370000          0     4    1200000  100447000  370000000  370000000
   4     1037   120766   361961    122347134347    122347496308        47925912   -4556788      95424     370000          0     4    1200000  100447000  370000000  370000000
   4     1037   122710   646772    122347496319    122348143091        48287884   -4833571      95424     370000          0     4    1100000  100447000  370000000  370000000
   4     1037   119047   403731    122348143101    122348546832        48934667   -4867312      95424     370000          0     4    1100000  100447000  370000000  370000000
   4     1037   112478   468713    122348546842    122349015555        49338408   -4966035      95424     370000          0     4    1200000  100447000  370000000  370000000
   4     1037   112473   437055    122349015565    122349452621        49807131   -5033101      95424     370000          0     4    1200000  100447000  370000000  370000000
   4     1037   119159   244402    122349452630    122349697032        50244196   -4907512      95424     370000          0     4    1200000  100447000  370000000  370000000
   4     1037   122725   645995    122349697043    122350343038        50488608   -5183518      95424     370000          0     4    1100000  100447000  370000000  370000000
   4     1037   120554   447180    122350343049    122350790228        51134614   -5260709      95424     370000          0     4    1100000  100447000  370000000  370000000
   4     1037   112476   334934    122350790238    122351125172        51581803   -5225652      95424     370000          0     4    1200000  100447000  370000000  370000000
   4     1037   112458   418162    122351125182    122351543344        51916748   -5273825      95424     370000          0     4    1200000  100447000  370000000  370000000
   4     1037   117955   383110    122351543389    122351926499        52334955   -5286979      95424     370000          0     4    1200000  100447000  370000000  370000000
   4     1037   122708   436601    122351926510    122352363110        52718075   -5353590      95424     370000          0     4    1100000  100447000  370000000  370000000
   4     1037   113429   590554    122352363121    122352953675        53154686   -5574155      95424     370000          0     4    1100000  100447000  370000000  370000000
   4     1037   112481   359640    122352953685    122353313326        53745250   -5563806      95424     370000          0     4    1200000  100447000  370000000  370000000
   4     1037   114769   415792    122353313336    122353729127        54104901   -5609607      95424     370000          0     4    1200000  100447000  370000000  370000000
   4     1037   118733   356013    122353729138    122354085151        54520703   -5595631      95424     370000          0     4    1100000  100447000  370000000  370000000
   4     1037   112482   464109    122354085162    122354549270        54876727   -5689751      95424     370000          0     4    1200000  100447000  370000000  370000000
   4     1037   112464   378098    122354549280    122354927378        55340845   -5697858      95424     370000          0     4    1200000  100447000  370000000  370000000
   4     1037   119759   444232    122354927387    122355371620        55718953   -5772100      95424     370000          0     4    1200000  100447000  370000000  370000000
   4     1037   121906   569613    122355371630    122355941244        56163196   -5971724      95424     370000          0     4    1100000  100447000  370000000  370000000
   4     1037   112486   341603    122355941253    122356282856        56732819   -5943337      95424     370000          0     4    1200000  100447000  370000000  370000000
   4     1037   112469   423984    122356282867    122356706851        57074432   -5997331      95424     370000          0     4    1200000  100447000  370000000  370000000
   4     1037   112468   370051    122356706861    122357076911        57498426   -5997392      95424     370000          0     4    1200000  100447000  370000000  370000000
   4     1037   112474   352733    122357076921    122357429654        57868486   -5980134      95424     370000          0     4    1200000  100447000  370000000  370000000
   4     1037   112474   401973    122357429664    122357831637        58221229   -6012117      95424     370000          0     4    1200000  100447000  370000000  370000000
   4     1037   120158   460520    122357831647    122358292167        58623212   -6102647      95424     370000          0     4    1200000  100447000  370000000  370000000
   4     1037   113455   560568    122358292178    122358852746        59083743   -6293226      95424     370000          0     4    1100000  100447000  370000000  370000000
   4     1037   112487   381587    122358852756    122359234343        59644321   -6304823      95424     370000          0     4    1200000  100447000  370000000  370000000
   4     1037   114838   385096    122359234353    122359619449        60025918   -6319929      95424     370000          0     4    1200000  100447000  370000000  370000000
   4     1037   122703   468903    122359619461    122360088363        60411026   -6418844      95424     370000          0     4    1100000  100447000  370000000  370000000
   4     1037   116402   396605    122360088374    122360484979        60879939   -6445459      95424     370000          0     4    1100000  100447000  370000000  370000000
   4     1037   112461   335788    122360484989    122360820777        61276554   -6411257      95424     370000          0     4    1200000  100447000  370000000  370000000
   4     1037   112466   434648    122360820787    122361255435        61612352   -6475916      95424     370000          0     4    1200000  100447000  370000000  370000000
   4     1037   120895   567414    122361255446    122361822859        62047011   -6673339      95424     370000          0     4    1200000  100447000  370000000  370000000
   4     1037   112477   428626    122361822904    122362251530        62614470   -6732010      95424     370000          0     4    1200000  100447000  370000000  370000000
   4     1037   112484   337632    122362251540    122362589171        63043105   -6699651      95424     370000          0     4    1200000  100447000  370000000  370000000
   4     1037   116866   405207    122362589181    122362994388        63380747   -6734868      95424     370000          0     4    1200000  100447000  370000000  370000000
   4     1037   122706   373967    122362994399    122363368366        63785964   -6738846      95424     370000          0     4    1100000  100447000  370000000  370000000
   4     1037   114722   422161    122363368377    122363790538        64159942   -6791018      95424     370000          0     4    1100000  100447000  370000000  370000000
   4     1037   121849   726075    122363790548    122364516623        64582114   -7147103      95424     370000          0     4    1200000  100447000  370000000  370000000
   4     1037   122710   426924    122364516634    122364943557        65308199   -7204037      95424     370000          0     4    1100000  100447000  370000000  370000000
   4     1037   122702   279864    122364943568    122365223432        65735133   -7113912      95424     370000          0     4    1100000  100447000  370000000  370000000
   4     1037   122700   383949    122365223443    122365607392        66015008   -7127872      95424     370000          0     4    1100000  100447000  370000000  370000000
   4     1037   122691   476889    122365607402    122366084292        66398968   -7234772      95424     370000          0     4    1100000  100447000  370000000  370000000
   4     1037   122703   401802    122366084302    122366486104        66875867   -7266584      95424     370000          0     4    1100000  100447000  370000000  370000000
   4     1037   122705   362931    122366486115    122366849046        67277680   -7259526      95424     370000          0     4    1100000  100447000  370000000  370000000
   4     1037   122700   722811    122366849056    122367571867        67640621   -7612348      95424     370000          0     4    1100000  100447000  370000000  370000000
   4     1037   122677   407834    122367571878    122367979712        68363443   -7650192      95424     370000          0     4    1100000  100447000  370000000  370000000
   4     1037   122677   320796    122367979723    122368300519        68771288   -7600999      95424     370000          0     4    1100000  100447000  370000000  370000000
   4     1037   122688   407746    122368300529    122368708276        69092095   -7638756      95424     370000          0     4    1100000  100447000  370000000  370000000
   4     1037   122682   363809    122368708287    122369072095        69499852   -7632575      95424     370000          0     4    1100000  100447000  370000000  370000000
   4     1037   122679   444734    122369072106    122369516840        69863671   -7707320      95424     370000          0     4    1100000  100447000  370000000  370000000
   4     1037   122687   435850    122369516851    122369952701        70308416   -7773181      95424     370000          0     4    1100000  100447000  370000000  370000000
   4     1037   122687   387849    122369952711    122370340560        70744276   -7791040      95424     370000          0     4    1100000  100447000  370000000  370000000
   4     1037   122685   423784    122370340570    122370764355        71132136   -7844835      95424     370000          0     4    1100000  100447000  370000000  370000000
   4     1037   122693   519815    122370764365    122371284180        71555931   -7994661      95424     370000          0     4    1100000  100447000  370000000  370000000
   4     1037   122689   500672    122371284191    122371784863        72075756   -8125343      95424     370000          0     4    1100000  100447000  370000000  370000000
   4     1037   122980   405948    122371784913    122372190861        72576478   -8161341      95424     370000          0     4    1100000  100447000  370000000  370000000
   4     1037   122681   363785    122372190872    122372554657        72982437   -8155138      95424     370000          0     4    1100000  100447000  370000000  370000000
   4     1037   122685   431809    122372554668    122372986477        73346233   -8216957      95424     370000          0     4    1100000  100447000  370000000  370000000
   4     1037   122682   403805    122372986487    122373390293        73778053   -8250773      95424     370000          0     4    1100000  100447000  370000000  370000000
   4     1037   122679   363771    122373390303    122373754074        74181869   -8244554      95424     370000          0     4    1100000  100447000  370000000  370000000
   4     1037   122686   463796    122373754084    122374217880        74545650   -8338360      95424     370000          0     4    1100000  100447000  370000000  370000000
   4     1037   122687   487822    122374217890    122374705712        75009456   -8456192      95424     370000          0     4    1100000  100447000  370000000  370000000
   4     1037   122690   415801    122374705723    122375121523        75497288   -8502004      95424     370000          0     4    1100000  100447000  370000000  370000000
   4     1037   122686   367800    122375121534    122375489334        75913099   -8499814      95424     370000          0     4    1100000  100447000  370000000  370000000
   4     1037   122691   391823    122375489345    122375881168        76280911   -8521648      95424     370000          0     4    1100000  100447000  370000000  370000000
   4     1037   122685   439794    122375881179    122376320973        76672744   -8591453      95424     370000          0     4    1100000  100447000  370000000  370000000
   4     1037   122685   363802    122376320984    122376684786        77112549   -8585266      95424     370000          0     4    1100000  100447000  370000000  370000000
   4     1037   122697   371259    122376684797    122377056056        77476362   -8586536      95424     370000          0     4    1100000  100447000  370000000  370000000
   4     1037   122687   447755    122377056066    122377503822        77847632   -8664302      95424     370000          0     4    1100000  100447000  370000000  370000000
   4     1037   122719   531568    122377503833    122378035401        78295398   -8825881      95424     370000          0     4    1100000  100447000  370000000  370000000
   4     1037   122685   431804    122378035412    122378467216        78826977   -8887696      95424     370000          0     4    1100000  100447000  370000000  370000000
   4     1037   122702   345490    122378467226    122378812716        79258792   -8863196      95424     370000          0     4    1100000  100447000  370000000  370000000
   4     1037   122687   407801    122378812727    122379220528        79604292   -8901008      95424     370000          0     4    1100000  100447000  370000000  370000000
   4     1037   122679   459792    122379220538    122379680331        80012103   -8990811      95424     370000          0     4    1100000  100447000  370000000  370000000
   4     1037   122689   367806    122379680341    122380048147        80471906   -8988627      95424     370000          0     4    1100000  100447000  370000000  370000000
   4     1037   122686   387749    122380048157    122380435907        80839723   -9006387      95424     370000          0     4    1100000  100447000  370000000  370000000
   4     1037   122687   419777    122380435917    122380855694        81227483   -9056174      95424     370000          0     4    1100000  100447000  370000000  370000000
   4     1037   122694   235807    122380855705    122381091511        81647270   -8921992      95424     370000          0     4    1100000  100447000  370000000  370000000
   4     1037   122686   731822    122381091522    122381823344        81883087   -9283824      95424     370000          0     4    1100000  100447000  370000000  370000000
   4     1037   122680   339787    122381823393    122382163180        82614959   -9253660      95424     370000          0     4    1100000  100447000  370000000  370000000
   4     1037   122685   383806    122382163191    122382546997        82954756   -9267477      95424     370000          0     4    1100000  100447000  370000000  370000000
   4     1037   122682   455761    122382547007    122383002769        83338573   -9353249      95424     370000          0     4    1100000  100447000  370000000  370000000
   4     1037   122689   391816    122383002779    122383394595        83794344   -9375075      95424     370000          0     4    1100000  100447000  370000000  370000000
   4     1037   122685   451815    122383394605    122383846421        84186171   -9456901      95424     370000          0     4    1100000  100447000  370000000  370000000
   4     1037   122694   239818    122383846431    122384086250        84637997   -9326730      95424     370000          0     4    1100000  100447000  370000000  370000000
   4     1037   122693   339796    122384086261    122384426057        84877826   -9296537      95424     370000          0     4    1100000  100447000  370000000  370000000
   4     1037   122682   703786    122384426067    122385129853        85217633   -9630333      95424     370000          0     4    1100000  100447000  370000000  370000000
   4     1037   122686   387762    122385129864    122385517626        85921429   -9648106      95424     370000          0     4    1100000  100447000  370000000  370000000
   4     1037   122682   463791    122385517637    122385981428        86309202   -9741908      95424     370000          0     4    1100000  100447000  370000000  370000000
   4     1037   122682   347825    122385981438    122386329263        86773004   -9719743      95424     370000          0     4    1100000  100447000  370000000  370000000
   4     1037   122686   343812    122386329274    122386673085        87120839   -9693565      95424     370000          0     4    1100000  100447000  370000000  370000000
   4     1037   122682   339813    122386673096    122387012908        87464661   -9663388      95424     370000          0     4    1100000  100447000  370000000  370000000
   4     1037   122695   402753    122387012919    122387415672        87804484   -9696152      95424     370000          0     4    1100000  100447000  370000000  370000000
   4     1037   122699   364004    122387415682    122387779686        88207248   -9690166      95424     370000          0     4    1100000  100447000  370000000  370000000
   4     1037   122683   684361    122387779697    122388464058        88571262  -10004538      95424     370000          0     4    1100000  100447000  370000000  370000000
   4     1037   122684   363743    122388464068    122388827811        89255634   -9998291      95424     370000          0     4    1100000  100447000  370000000  370000000
   4     1037   122689   475773    122388827822    122389303595        89619387  -10104075      95424     370000          0     4    1100000  100447000  370000000  370000000
   4     1037   122684   371778    122389303605    122389675384        90095171  -10105864      95424     370000          0     4    1100000  100447000  370000000  370000000
   4     1037   122698   347791    122389675395    122390023185        90466960  -10083665      95424     370000          0     4    1100000  100447000  370000000  370000000
   4     1037   122694   303800    122390023196    122390326996        90814761  -10017476      95424     370000          0     4    1100000  100447000  370000000  370000000
   4     1037   122681   371796    122390327007    122390698803        91118572  -10019283      95424     370000          0     4    1100000  100447000  370000000  370000000
   4     1037   122690   411815    122390698813    122391110628        91490379  -10061108      95424     370000          0     4    1100000  100447000  370000000  370000000
   4     1037   122694   431805    122391110673    122391542478        91902238  -10122958      95424     370000          0     4    1100000  100447000  370000000  370000000
   4     1037   122684   611807    122391542489    122392154295        92334054  -10364775      95424     370000          0     4    1100000  100447000  370000000  370000000
