#idx     perf      run   period           start             end          rel_st      slack c_duration   c_period     wu_lat   cpu       freq dl_runtime  dl_period dl_deadline
   6      421    60962   989974     74427246892     74428236866         2390426     909532      38782     990000         56     7     900000   40824000  990000000  990000000
   6      421    63475   990058     74428236879     74429226938         3380413     925183      38782     990000        127     5     900000   40824000  990000000  990000000
   6      421    50345   989928     74429226953     74430216881         4370486     938907      38782     990000         70     7     900000   40824000  990000000  990000000
   6      421    58555   989982     74430216894     74431206875         5360427     930578      38782     990000         66     4    1100000   40824000  990000000  990000000
   6      421    54858   990011     74431206888     74432196899         6350422     934466      38782     990000         89     4    1000000   40824000  990000000  990000000
   6      421    49863   989984     74432196910     74433186894         7340443     939536      38782     990000         84     5    1100000   40824000  990000000  990000000
   6      421    50369   989971     74433186908     74434176880         8330442     938885      38782     990000         69     5     900000   40824000  990000000  990000000
   6      421    62019   989986     74434176891     74435166877         9320424     927131      38782     990000         67     4    1100000   40824000  990000000  990000000
   6      421    54857   989984     74435166889     74436156873        10310423     934496      38782     990000         63     6    1000000   40824000  990000000  990000000
   6      421    45709   990016     74436156884     74437146900        11300417     943743      38782     990000         91     6    1200000   40824000  990000000  990000000
   6      421    45708   989947     74437146910     74438136857        12290444     943717      38782     990000         47     5    1200000   40824000  990000000  990000000
   6      421    54852   989997     74438136869     74439126866        13280402     934550      38782     990000         56     5    1000000   40824000  990000000  990000000
   6      421    54876   990007     74439126878     74440116884        14270411     934438      38782     990000         74     5    1000000   40824000  990000000  990000000
   6      421    49865   989977     74440116895     74441106873        15260429     939570      38782     990000         63     4    1100000   40824000  990000000  990000000
   6      421    49867   989980     74441106885     74442096864        16250418     939538      38782     990000         54     4    1100000   40824000  990000000  990000000
   6      421    60981   990015     74442096878     74443086893        17240412     928176      38782     990000         82     4     900000   40824000  990000000  990000000
   6      421    45719   996879     74443086904     74444083783        18230437     943686      38782     990000       6974     5    1200000   40824000  990000000  990000000
   6      421    49867   983111     74444083794     74445066905        19227328     932643      38782     990000         95     5    1100000   40824000  990000000  990000000
   6      421    60957   989947     74445066919     74446056867        20210453     928194      38782     990000         57     7     900000   40824000  990000000  990000000
   6      421    49869   990021     74446056878     74447046898        21200411     939543      38782     990000         89     7    1100000   40824000  990000000  990000000
   6      421    49872   989968     74447046910     74448036878        22190443     939436      38782     990000         67     7    1100000   40824000  990000000  990000000
   6      421    54858   989994     74448036890     74449026883        23180423     934500      38782     990000         73     7    1000000   40824000  990000000  990000000
   6      421    54858   989971     74449026896     74450016867        24170429     934478      38782     990000         58     7    1000000   40824000  990000000  990000000
   6      421    49866   989943     74450016930     74451006873        25160464     939504      38782     990000         62     7    1100000   40824000  990000000  990000000
   6      421    45707   989979     74451006884     74451996863        26150417     943762      38782     990000         54     7    1200000   40824000  990000000  990000000
   6      421    45711   989991     74451996874     74452986864        27140407     943756      38782     990000         55     7    1200000   40824000  990000000  990000000
   6      421    49864   989990     74452986876     74453976866        28130409     939595      38782     990000         56     7    1100000   40824000  990000000  990000000
   6      421    49861   990004     74453976876     74454966880        29120410     939634      38782     990000         70     7    1100000   40824000  990000000  990000000
   6      421    49888   989979     74454966891     74455956871        30110425     939435      38782     990000         60     7    1100000   40824000  990000000  990000000
   6      421    60971   990006     74455956884     74456946890        31100418     928220      38782     990000         80     5     900000   40824000  990000000  990000000
   6      421    49873   989982     74456946903     74457936884        32090436     939500      38782     990000         74     4    1100000   40824000  990000000  990000000
   6      421    49867   990053     74457936896     74458926949        33080430     939512      38782     990000        138     4    1100000   40824000  990000000  990000000
   6      421    50341   989899     74458926964     74459916863        34070497     938903      38782     990000         54     7     900000   40824000  990000000  990000000
   6      421    57622   989992     74459916874     74460906866        35060407     931732      38782     990000         56     7    1100000   40824000  990000000  990000000
   6      421    55110   990005     74460906879     74461896884        36050413     924168      38782     990000         75     7     900000   40824000  990000000  990000000
   6      421    45716   989984     74461896894     74462886878        37040428     943690      38782     990000         68     6    1200000   40824000  990000000  990000000
   6      421    45710   989983     74462886889     74463876872        38030422     943792      38782     990000         62     4    1200000   40824000  990000000  990000000
   6      421    60957   989995     74463876885     74464866880        39020419     928312      38782     990000         70     4     900000   40824000  990000000  990000000
   6      421    49875   989989     74464866892     74465856880        40010425     939509      38782     990000         71     4    1100000   40824000  990000000  990000000
   6      421    49877   990022     74465856892     74466846914        41000425     939547      38782     990000        105     4    1100000   40824000  990000000  990000000
   6      421    49890   989945     74466846925     74467836870        41990459     939365      38782     990000         61     5    1100000   40824000  990000000  990000000
   6      421    54861   989983     74467836882     74468826865        42980416     934468      38782     990000         56     7    1000000   40824000  990000000  990000000
   6      421    49875   989988     74468826876     74469816863        43970409     939536      38782     990000         52     7    1100000   40824000  990000000  990000000
   6      421    54857   989991     74469816876     74470806867        44960409     934515      38782     990000         57     7    1000000   40824000  990000000  990000000
   6      421    54863   990022     74470806879     74471796901        45950413     934481      38782     990000         91     4    1000000   40824000  990000000  990000000
   6      421    50360   989946     74471796915     74472786861        46940448     938994      38782     990000         51     5     900000   40824000  990000000  990000000
   6      421    49892   989990     74472786873     74473776862        47930406     939459      38782     990000         51     5    1100000   40824000  990000000  990000000
   6      421    49868   989965     74473776918     74474766883        48920452     939515      38782     990000         74     7    1100000   40824000  990000000  990000000
   6      421    45720   989971     74474766894     74475756865        49910427     943672      38782     990000         54     4    1200000   40824000  990000000  990000000
   6      421    50365   990002     74475756879     74476746881        50900412     939078      38782     990000         71     5     900000   40824000  990000000  990000000
   6      421    53570   990010     74476746892     74477736902        51890426     935790      38782     990000         93     5    1100000   40824000  990000000  990000000
   6      421    54858   989968     74477736914     74478726882        52880448     934422      38782     990000         73     6    1000000   40824000  990000000  990000000
   6      421    54855   989982     74478726894     74479716876        53870428     934464      38782     990000         67     6    1000000   40824000  990000000  990000000
   6      421    45707   989984     74479716886     74480706870        54860420     943763      38782     990000         61     6    1200000   40824000  990000000  990000000
   6      421    54852   990033     74480706883     74481696916        55850416     934548      38782     990000        105     6    1000000   40824000  990000000  990000000
   6      421    55107   989938     74481696930     74482686867        56840463     934207      38782     990000         58     5     900000   40824000  990000000  990000000
   6      421    49868   989985     74482686878     74483676863        57830412     939553      38782     990000         53     5    1100000   40824000  990000000  990000000
   6      421    49881   989990     74483676875     74484666865        58820408     939522      38782     990000         55     5    1100000   40824000  990000000  990000000
   6      421    60960   990000     74484666879     74485656878        59810412     928289      38782     990000         68     7     900000   40824000  990000000  990000000
   6      421    54858   990026     74485656890     74486646916        60800424     934485      38782     990000        107     7    1000000   40824000  990000000  990000000
   6      421    49873   989943     74486646928     74487636871        61790461     939451      38782     990000         62     5    1100000   40824000  990000000  990000000
   6      421    49865   989970     74487636883     74488626853        62780416     939495      38782     990000         42     5    1100000   40824000  990000000  990000000
   6      421    60988   990014     74488626866     74489616880        63770399     928147      38782     990000         69     5     900000   40824000  990000000  990000000
   6      421    54894   989988     74489616892     74490606880        64760426     934332      38782     990000         69     5    1000000   40824000  990000000  990000000
   6      421    66898   989988     74490606895     74491596883        65750428     921621      38782     990000         73     5     800000   40824000  990000000  990000000
   6      421    60979   989987     74491596896     74492586883        66740430     928193      38782     990000         72     6     900000   40824000  990000000  990000000
   6      421    54852   989972     74492586895     74493576867        67730429     934556      38782     990000         58     5    1000000   40824000  990000000  990000000
   6      421    49868   990036     74493576878     74494566915        68720412     939593      38782     990000        105     5    1100000   40824000  990000000  990000000
   6      421    60978   989935     74494566928     74495556863        69710462     928124      38782     990000         53     6     900000   40824000  990000000  990000000
   6      421    54877   990001     74495556876     74496546877        70700409     934402      38782     990000         67     5    1000000   40824000  990000000  990000000
   6      421    54859   989918     74496546947     74497536864        71690480     934394      38782     990000         55     6    1000000   40824000  990000000  990000000
   6      421    45712   990002     74497536875     74498526876        72680408     943754      38782     990000         67     6    1200000   40824000  990000000  990000000
   6      421    45711   989982     74498526887     74499516869        73670420     943717      38782     990000         59     6    1200000   40824000  990000000  990000000
   6      421    54856   989996     74499516882     74500506877        74660415     934516      38782     990000         68     6    1000000   40824000  990000000  990000000
   6      421    54868   990058     74500506889     74501496947        75650423     934377      38782     990000        137     6    1000000   40824000  990000000  990000000
   6      421    50353   989901     74501496962     74502486863        76640495     939025      38782     990000         52     7     900000   40824000  990000000  990000000
   6      421    58073   990008     74502486875     74503476883        77630408     931200      38782     990000         73     7    1100000   40824000  990000000  990000000
   6      421    60955   989967     74503476896     74504466863        78620430     928280      38782     990000         53     5     900000   40824000  990000000  990000000
   6      421    54860   989980     74504466876     74505456856        79610409     934502      38782     990000         46     5    1000000   40824000  990000000  990000000
   6      421    49887   990020     74505456867     74506446886        80600400     939483      38782     990000         77     5    1100000   40824000  990000000  990000000
   6      421    49868   989982     74506446898     74507436880        81590431     884478      38782     990000         69     7    1100000   40824000  990000000  990000000
   6      421    49870   989991     74507436892     74508426883        82580425     939513      38782     990000         72     4    1100000   40824000  990000000  990000000
   6      421    49873   989990     74508426895     74509416884        83570428     939451      38782     990000         74     4    1100000   40824000  990000000  990000000
   6      421    49865   989979     74509416896     74510406875        84560430     939573      38782     990000         65     4    1100000   40824000  990000000  990000000
   6      421    54859   990018     74510406889     74511396906        85550422     934473      38782     990000         93     4    1000000   40824000  990000000  990000000
   6      421    54862   990070     74511396920     74512386989        86540453     934316      38782     990000        175     4    1000000   40824000  990000000  990000000
   6      421    56482   989854     74512387019     74513376872        87530552     932468      38782     990000         63     6     400000   40824000  990000000  990000000
   6      421    54864   989985     74513376884     74514366869        88520418     934368      38782     990000         60     6    1000000   40824000  990000000  990000000
   6      421    58214   989993     74514366881     74515356874        89510415     930952      38782     990000         65     6    1000000   40824000  990000000  990000000
   6      421    45710   989981     74515356885     74516346865        90500418     943748      38782     990000         54     6    1200000   40824000  990000000  990000000
