#idx     perf      run   period           start             end          rel_st      slack c_duration   c_period     wu_lat   cpu       freq dl_runtime  dl_period dl_deadline
   2      295    27440   155734    144594690353    144594846086         1542685     128010      27164     180000         31     4    1400000   29164000  180000000  180000000
   2      295    27459   197224    144594846096    144595043320         1698428     145311      27164     180000      17264     4    1400000   29164000  180000000  180000000
   2      295    27458   162758    144595043328    144595206087         1895661     128095      27164     180000         31     4    1400000   29164000  180000000  180000000
   2      295    27441   197212    144595206096    144595403308         2058428     152252      27164     180000      17252     4    1400000   29164000  180000000  180000000
   2      295    27445   169696    144595403317    144595573013         2255649     134997      27164     180000       6957     4    1400000   29164000  180000000  180000000
   2      295    27441   190266    144595573021    144595763287         2425354     145329      27164     180000      17231     4    1400000   29164000  180000000  180000000
   2      295    27458   162804    144595763296    144595926100         2615629     128094      27164     180000         43     4    1400000   29164000  180000000  180000000
   2      295    27442   197201    144595926109    144596123310         2778442     152214      27164     180000      17254     4    1400000   29164000  180000000  180000000
   2      295    27446   162779    144596123319    144596286098         2975652     134974      27164     180000         42     4    1400000   29164000  180000000  180000000
   2      295    27441   204172    144596286107    144596490279         3138440     152242      27164     180000      24223     4    1400000   29164000  180000000  180000000
   2      295    27441   155805    144596490288    144596646092         3342620     128040      27164     180000         37     4    1400000   29164000  180000000  180000000
   2      295    27463   197187    144596646101    144596843288         3498434     145272      27164     180000      17232     4    1400000   29164000  180000000  180000000
   2      295    27460   162790    144596843297    144597006086         3695629     128112      27164     180000         30     4    1400000   29164000  180000000  180000000
   2      295    27439   197287    144597006095    144597203382         3858428     152284      27164     180000      17327     4    1400000   29164000  180000000  180000000
   2      295    27440   169605    144597203391    144597372996         4055724     134974      27164     180000       6940     4    1400000   29164000  180000000  180000000
   2      295    27442   190326    144597373004    144597563331         4225337     145344      27164     180000      17275     4    1400000   29164000  180000000  180000000
   2      295    27459   162748    144597563340    144597726088         4415672     128098      27164     180000         31     4    1400000   29164000  180000000  180000000
   2      295    27447   197203    144597726096    144597923299         4578429     152200      27164     180000      17243     4    1400000   29164000  180000000  180000000
   2      295    27446   162780    144597923307    144598086088         4775640     134998      27164     180000         32     4    1400000   29164000  180000000  180000000
   2      295    27440   204133    144598086096    144598290229         4938429     152273      27164     180000      24173     4    1400000   29164000  180000000  180000000
   2      295    27448   155858    144598290237    144598446095         5142570     128047      27164     180000         39     4    1400000   29164000  180000000  180000000
   2      295    27459   197198    144598446104    144598643303         5298437     145293      27164     180000      17247     4    1400000   29164000  180000000  180000000
   2      295    27462   162774    144598643311    144598806086         5495644     128058      27164     180000         30     4    1400000   29164000  180000000  180000000
   2      295    27441   197197    144598806132    144599003329         5658465     152206      27164     180000      17273     4    1400000   29164000  180000000  180000000
   2      295    27444   169693    144599003337    144599173030         5855670     134953      27164     180000       6974     4    1400000   29164000  180000000  180000000
   2      295    27445   190282    144599173039    144599363321         6025372     145288      27164     180000      17265     4    1400000   29164000  180000000  180000000
   2      295    27456   162759    144599363329    144599526088         6215662     128059      27164     180000         32     4    1400000   29164000  180000000  180000000
   2      295    27443   197260    144599526097    144599723357         6378430     152242      27164     180000      17301     4    1400000   29164000  180000000  180000000
   2      295    27441   162725    144599723366    144599886091         6575699     134987      27164     180000         35     4    1400000   29164000  180000000  180000000
   2      295    27439   204093    144599886099    144600090193         6738432     152271      27164     180000      24137     4    1400000   29164000  180000000  180000000
   2      295    27439   155895    144600090201    144600246096         6942534     128173      27164     180000         40     4    1400000   29164000  180000000  180000000
   2      295    27465   197235    144600246105    144600443340         7098437     145239      27164     180000      17284     4    1400000   29164000  180000000  180000000
   2      295    27464   162753    144600443349    144600606101         7295681     128030      27164     180000         45     4    1400000   29164000  180000000  180000000
   2      295    27446   197194    144600606110    144600803305         7458443     152198      27164     180000      17249     4    1400000   29164000  180000000  180000000
   2      295    27442   169712    144600803313    144600973025         7655646     135026      27164     180000       6969     4    1400000   29164000  180000000  180000000
   2      295    27442   190271    144600973034    144601163305         7825366     145305      27164     180000      17249     4    1400000   29164000  180000000  180000000
   2      295    27460   162791    144601163313    144601326104         8015646     128103      27164     180000         48     4    1400000   29164000  180000000  180000000
   2      295    27444   197217    144601326113    144601523329         8178446     152203      27164     180000      17274     4    1400000   29164000  180000000  180000000
   2      295    27444   162751    144601523338    144601686089         8375671     134983      27164     180000         33     4    1400000   29164000  180000000  180000000
   2      295    27447   204120    144601686098    144601890217         8538430     152214      27164     180000      24161     4    1400000   29164000  180000000  180000000
   2      295    27444   155860    144601890226    144602046086         8742558     128099      27164     180000         30     4    1400000   29164000  180000000  180000000
   2      295    27462   197298    144602046094    144602243392         8898427     145325      27164     180000      17336     4    1400000   29164000  180000000  180000000
   2      295    27460   162687    144602243401    144602406088         9095733     127993      27164     180000         32     4    1400000   29164000  180000000  180000000
   2      295    27441   197216    144602406096    144602603312         9258429     152264      27164     180000      17256     4    1400000   29164000  180000000  180000000
   2      295    27441   169693    144602603321    144602773014         9455653     135028      27164     180000       6958     4    1400000   29164000  180000000  180000000
   2      295    27445   190303    144602773022    144602963325         9625355     145293      27164     180000      17270     4    1400000   29164000  180000000  180000000
   2      295    27461   162753    144602963334    144603126087         9815667     128050      27164     180000         31     4    1400000   29164000  180000000  180000000
   2      295    27442   197184    144603126126    144603323310         9978458     152215      27164     180000      17254     4    1400000   29164000  180000000  180000000
   2      295    27441   162787    144603323319    144603486106        10175651     135029      27164     180000         50     4    1400000   29164000  180000000  180000000
   2      295    27445   204109    144603486115    144603690224        10338448     152197      27164     180000      24168     4    1400000   29164000  180000000  180000000
   2      295    27443   155854    144603690232    144603846086        10542565     128075      27164     180000         30     4    1400000   29164000  180000000  180000000
   2      295    27458   197239    144603846095    144604043334        10698427     145324      27164     180000      17278     4    1400000   29164000  180000000  180000000
   2      295    27460   162744    144604043342    144604206087        10895675     128000      27164     180000         31     4    1400000   29164000  180000000  180000000
   2      295    27443   197224    144604206095    144604403319        11058428     152238      27164     180000      17264     4    1400000   29164000  180000000  180000000
   2      295    27438   169674    144604403328    144604573002        11255661     135056      27164     180000       6946     4    1400000   29164000  180000000  180000000
   2      295    27443   190340    144604573010    144604763350        11425343     145327      27164     180000      17295     4    1400000   29164000  180000000  180000000
   2      295    27459   162727    144604763359    144604926086        11615692     128079      27164     180000         31     4    1400000   29164000  180000000  180000000
   2      295    27441   197205    144604926095    144605123300        11778428     152260      27164     180000      17244     4    1400000   29164000  180000000  180000000
   2      295    27441   162779    144605123309    144605286088        11975642     135042      27164     180000         32     4    1400000   29164000  180000000  180000000
   2      295    27443   204153    144605286096    144605490249        12138429     152221      27164     180000      24193     4    1400000   29164000  180000000  180000000
   2      295    27442   155839    144605490258    144605646096        12342590     128076      27164     180000         40     4    1400000   29164000  180000000  180000000
   2      295    27460   197180    144605646105    144605843285        12498438     145319      27164     180000      17230     4    1400000   29164000  180000000  180000000
   2      295    27462   162808    144605843294    144606006102        12695626     128072      27164     180000         46     4    1400000   29164000  180000000  180000000
   2      295    27444   197192    144606006111    144606203303        12858444     152202      27164     180000      17247     4    1400000   29164000  180000000  180000000
   2      295    27442   169734    144606203311    144606373046        13055644     135040      27164     180000       6990     4    1400000   29164000  180000000  180000000
   2      295    27440   190326    144606373054    144606563381        13225387     145309      27164     180000      17325     4    1400000   29164000  180000000  180000000
   2      295    27462   162697    144606563389    144606726086        13415722     128002      27164     180000         31     4    1400000   29164000  180000000  180000000
   2      295    27443   197201    144606726095    144606923296        13578428     152231      27164     180000      17240     4    1400000   29164000  180000000  180000000
   2      295    27442   162793    144606923305    144607086098        13775637     135036      27164     180000         42     4    1400000   29164000  180000000  180000000
   2      295    27443   204131    144607086106    144607290237        13938439     152235      27164     180000      24181     4    1400000   29164000  180000000  180000000
   2      295    27444   155811    144607290276    144607446087        14142608     128053      27164     180000         31     4    1400000   29164000  180000000  180000000
   2      295    27459   197220    144607446095    144607643315        14298428     145313      27164     180000      17259     4    1400000   29164000  180000000  180000000
   2      295    27464   162763    144607643324    144607806086        14495657     128078      27164     180000         30     4    1400000   29164000  180000000  180000000
   2      295    27441   197214    144607806095    144608003309        14658428     152256      27164     180000      17253     4    1400000   29164000  180000000  180000000
   2      295    27442   169697    144608003317    144608173014        14855650     134944      27164     180000       6958     4    1400000   29164000  180000000  180000000
   2      295    27445   190300    144608173023    144608363323        15025356     145281      27164     180000      17267     4    1400000   29164000  180000000  180000000
   2      295    27461   162782    144608363332    144608526114        15215664     128081      27164     180000         58     4    1400000   29164000  180000000  180000000
   2      295    27447   197203    144608526123    144608723326        15378456     152169      27164     180000      17271     4    1400000   29164000  180000000  180000000
   2      295    27447   162752    144608723335    144608886087        15575668     134953      27164     180000         31     4    1400000   29164000  180000000  180000000
   2      295    27441   204147    144608886096    144609090243        15738429     152256      27164     180000      24187     4    1400000   29164000  180000000  180000000
   2      295    27446   155835    144609090251    144609246086        15942584     128048      27164     180000         30     4    1400000   29164000  180000000  180000000
   2      295    27458   197234    144609246095    144609443329        16098427     145320      27164     180000      17273     4    1400000   29164000  180000000  180000000
   2      295    27464   162750    144609443338    144609606087        16295670     128045      27164     180000         31     4    1400000   29164000  180000000  180000000
   2      295    27445   197250    144609606096    144609803346        16458428     152236      27164     180000      17290     4    1400000   29164000  180000000  180000000
   2      295    27444   169638    144609803354    144609972992        16655687     134968      27164     180000       6937     4    1400000   29164000  180000000  180000000
   2      295    27441   190297    144609973001    144610163298        16825334     145342      27164     180000      17242     4    1400000   29164000  180000000  180000000
   2      295    27461   162784    144610163307    144610326090        17015639     128089      27164     180000         34     4    1400000   29164000  180000000  180000000
   2      295    27445   197242    144610326099    144610523341        17178432     152221      27164     180000      17285     4    1400000   29164000  180000000  180000000
   2      295    27442   162737    144610523350    144610686087        17375682     134986      27164     180000         31     4    1400000   29164000  180000000  180000000
   2      295    27443   204135    144610686095    144610890230        17538428     152241      27164     180000      24174     4    1400000   29164000  180000000  180000000
   2      295    27442   155877    144610890239    144611046116        17742571     128089      27164     180000         59     4    1400000   29164000  180000000  180000000
   2      295    27459   197215    144611046125    144611243340        17898457     145227      27164     180000      17284     4    1400000   29164000  180000000  180000000
   2      295    27461   162739    144611243349    144611406087        18095681     128022      27164     180000         31     4    1400000   29164000  180000000  180000000
   2      295    27443   197255    144611406096    144611603351        18258429     152261      27164     180000      17295     4    1400000   29164000  180000000  180000000
   2      295    27446   169591    144611603402    144611772993        18455735     134915      27164     180000       6937     4    1400000   29164000  180000000  180000000
   2      295    27445   190313    144611773001    144611963314        18625334     145318      27164     180000      17258     4    1400000   29164000  180000000  180000000
   2      295    27458   162779    144611963322    144612126101        18815655     128100      27164     180000         45     4    1400000   29164000  180000000  180000000
   2      295    27445   197259    144612126110    144612323369        18978443     152209      27164     180000      17313     4    1400000   29164000  180000000  180000000
   2      295    27442   162714    144612323378    144612486092        19175710     134950      27164     180000         36     4    1400000   29164000  180000000  180000000
   2      295    27441   204121    144612486100    144612690221        19338433     152258      27164     180000      24165     4    1400000   29164000  180000000  180000000
   2      295    27440   155859    144612690229    144612846088        19542562     128133      27164     180000         32     4    1400000   29164000  180000000  180000000
   2      295    27471   197190    144612846097    144613043287        19698430     145256      27164     180000      17231     4    1400000   29164000  180000000  180000000
   2      295    27459   162791    144613043295    144613206086        19895628     128124      27164     180000         30     4    1400000   29164000  180000000  180000000
   2      295    27441   197228    144613206095    144613403324        20058428     152264      27164     180000      17268     4    1400000   29164000  180000000  180000000
   2      295    27440   169699    144613403332    144613573032        20255665     135023      27164     180000       6976     4    1400000   29164000  180000000  180000000
   2      295    27440   190261    144613573040    144613763301        20425373     145309      27164     180000      17245     4    1400000   29164000  180000000  180000000
   2      295    27459   162778    144613763310    144613926088        20615642     128092      27164     180000         32     4    1400000   29164000  180000000  180000000
   2      295    27441   197261    144613926097    144614123357        20778429     152249      27164     180000      17302     4    1400000   29164000  180000000  180000000
   2      295    27447   162723    144614123366    144614286089        20975699     134944      27164     180000         33     4    1400000   29164000  180000000  180000000
   2      295    27440   204096    144614286097    144614490194        21138430     152268      27164     180000      24138     4    1400000   29164000  180000000  180000000
   2      295    27438   155904    144614490202    144614646106        21342535     128172      27164     180000         50     4    1400000   29164000  180000000  180000000
   2      295    27462   197278    144614646115    144614843393        21498448     145287      27164     180000      17337     4    1400000   29164000  180000000  180000000
   2      295    27461   162684    144614843402    144615006086        21695735     128009      27164     180000         30     4    1400000   29164000  180000000  180000000
   2      295    27443   197229    144615006095    144615203325        21858428     152211      27164     180000      17269     4    1400000   29164000  180000000  180000000
   2      295    27439   169700    144615203333    144615373033        22055666     135038      27164     180000       6978     4    1400000   29164000  180000000  180000000
   2      295    27444   190252    144615373042    144615563294        22225375     145257      27164     180000      17238     4    1400000   29164000  180000000  180000000
   2      295    27459   162785    144615563302    144615726087        22415635     128116      27164     180000         31     4    1400000   29164000  180000000  180000000
   2      295    27441   197179    144615726126    144615923305        22578458     152225      27164     180000      17249     4    1400000   29164000  180000000  180000000
   2      295    27443   162799    144615923314    144616086113        22775646     135028      27164     180000         57     4    1400000   29164000  180000000  180000000
   2      295    27446   204114    144616086122    144616290236        22938454     152182      27164     180000      24180     4    1400000   29164000  180000000  180000000
   2      295    27441   155861    144616290244    144616446106        23142577     128112      27164     180000         50     4    1400000   29164000  180000000  180000000
   2      295    27457   197215    144616446114    144616643330        23298447     145293      27164     180000      17274     4    1400000   29164000  180000000  180000000
   2      295    27461   162748    144616643339    144616806087        23495671     128063      27164     180000         31     4    1400000   29164000  180000000  180000000
   2      295    27440   197231    144616806095    144617003326        23658428     152269      27164     180000      17270     4    1400000   29164000  180000000  180000000
   2      295    27442   169695    144617003335    144617173030        23855668     135013      27164     180000       6974     4    1400000   29164000  180000000  180000000
   2      295    27440   190296    144617173039    144617363335        24025371     145320      27164     180000      17279     4    1400000   29164000  180000000  180000000
   2      295    27456   162757    144617363343    144617526100        24215676     128095      27164     180000         44     4    1400000   29164000  180000000  180000000
   2      295    27444   197181    144617526109    144617723290        24378442     152208      27164     180000      17234     4    1400000   29164000  180000000  180000000
   2      295    27444   162788    144617723298    144617886087        24575631     135026      27164     180000         31     4    1400000   29164000  180000000  180000000
   2      295    27445   204174    144617886095    144618090270        24738428     152211      27164     180000      24214     4    1400000   29164000  180000000  180000000
   2      295    27443   155817    144618090279    144618246096        24942611     128053      27164     180000         40     4    1400000   29164000  180000000  180000000
   2      295    27458   197211    144618246104    144618443316        25098437     145317      27164     180000      17260     4    1400000   29164000  180000000  180000000
   2      295    27465   162775    144618443324    144618606099        25295657     128044      27164     180000         43     4    1400000   29164000  180000000  180000000
   2      295    27445   197190    144618606108    144618803298        25458441     152184      27164     180000      17242     4    1400000   29164000  180000000  180000000
   2      295    27441   169694    144618803307    144618973000        25655639     135041      27164     180000       6945     4    1400000   29164000  180000000  180000000
   2      295    27440   190320    144618973009    144619163328        25825342     145349      27164     180000      17273     4    1400000   29164000  180000000  180000000
   2      295    27459   162750    144619163337    144619326086        26015669     128048      27164     180000         30     4    1400000   29164000  180000000  180000000
   2      295    27442   197223    144619326095    144619523318        26178428     152248      27164     180000      17262     4    1400000   29164000  180000000  180000000
   2      295    27440   162762    144619523326    144619686088        26375659     135025      27164     180000         32     4    1400000   29164000  180000000  180000000
   2      295    27440   204158    144619686096    144619890254        26538429     152264      27164     180000      24198     4    1400000   29164000  180000000  180000000
   2      295    27442   155824    144619890262    144620046086        26742595     128082      27164     180000         30     4    1400000   29164000  180000000  180000000
   2      295    27462   197165    144620046124    144620243290        26898457     145235      27164     180000      17234     4    1400000   29164000  180000000  180000000
   2      295    27458   162801    144620243298    144620406099        27095631     128113      27164     180000         44     4    1400000   29164000  180000000  180000000
   2      295    27442   197203    144620406108    144620603311        27258441     152221      27164     180000      17256     4    1400000   29164000  180000000  180000000
   2      295    27444   169677    144620603320    144620772997        27455652     134998      27164     180000       6941     4    1400000   29164000  180000000  180000000
   2      295    27442   190291    144620773005    144620963296        27625338     145336      27164     180000      17241     4    1400000   29164000  180000000  180000000
   2      295    27456   162794    144620963305    144621126099        27815637     128120      27164     180000         43     4    1400000   29164000  180000000  180000000
   2      295    27443   197207    144621126107    144621323314        27978440     152213      27164     180000      17258     4    1400000   29164000  180000000  180000000
   2      295    27444   162764    144621323322    144621486086        28175655     134987      27164     180000         30     4    1400000   29164000  180000000  180000000
   2      295    27442   204161    144621486095    144621690256        28338427     152240      27164     180000      24200     4    1400000   29164000  180000000  180000000
   2      295    27444   155821    144621690264    144621846085        28542597     128039      27164     180000         30     4    1400000   29164000  180000000  180000000
   2      295    27459   197234    144621846094    144622043328        28698426     145312      27164     180000      17272     4    1400000   29164000  180000000  180000000
   2      295    27463   162751    144622043336    144622206087        28895669     128045      27164     180000         31     4    1400000   29164000  180000000  180000000
   2      295    27443   197267    144622206095    144622403362        29058428     152235      27164     180000      17306     4    1400000   29164000  180000000  180000000
   2      295    27441   169658    144622403371    144622573028        29255703     134969      27164     180000       6973     4    1400000   29164000  180000000  180000000
   2      295    27443   190271    144622573038    144622763309        29425370     145271      27164     180000      17253     4    1400000   29164000  180000000  180000000
   2      295    27459   162769    144622763317    144622926086        29615650     128079      27164     180000         30     4    1400000   29164000  180000000  180000000
   2      295    27446   197192    144622926094    144623123286        29778427     152199      27164     180000      17230     4    1400000   29164000  180000000  180000000
   2      295    27444   162793    144623123294    144623286088        29975627     135021      27164     180000         32     4    1400000   29164000  180000000  180000000
   2      295    27442   204121    144623286096    144623490217        30138429     152260      27164     180000      24161     4    1400000   29164000  180000000  180000000
   2      295    27439   155879    144623490226    144623646105        30342558     128130      27164     180000         49     4    1400000   29164000  180000000  180000000
   2      295    27466   197223    144623646114    144623843337        30498447     145265      27164     180000      17281     4    1400000   29164000  180000000  180000000
   2      295    27459   162742    144623843346    144624006088        30695678     128058      27164     180000         32     4    1400000   29164000  180000000  180000000
   2      295    27441   197255    144624006096    144624203351        30858429     152261      27164     180000      17295     4    1400000   29164000  180000000  180000000
   2      295    27442   169628    144624203393    144624373021        31055726     134929      27164     180000       6966     4    1400000   29164000  180000000  180000000
   2      295    27441   190261    144624373030    144624563291        31225362     145324      27164     180000      17235     4    1400000   29164000  180000000  180000000
   2      295    27457   162790    144624563300    144624726090        31415633     128122      27164     180000         34     4    1400000   29164000  180000000  180000000
   2      295    27444   197238    144624726099    144624923337        31578431     152222      27164     180000      17281     4    1400000   29164000  180000000  180000000
   2      295    27444   162745    144624923345    144625086090        31775678     134980      27164     180000         34     4    1400000   29164000  180000000  180000000
   2      295    27440   204209    144625086098    144625290307        31938431     152265      27164     180000      24251     4    1400000   29164000  180000000  180000000
   2      295    27440   155770    144625290316    144625446086        32142648     128052      27164     180000         30     4    1400000   29164000  180000000  180000000
   2      295    27460   197236    144625446094    144625643330        32298427     145290      27164     180000      17274     4    1400000   29164000  180000000  180000000
   2      295    27463   162748    144625643339    144625806086        32495671     128042      27164     180000         31     4    1400000   29164000  180000000  180000000
   2      295    27442   197208    144625806095    144626003303        32658428     152251      27164     180000      17247     4    1400000   29164000  180000000  180000000
   2      295    27441   169715    144626003311    144626173027        32855644     135043      27164     180000       6971     4    1400000   29164000  180000000  180000000
   2      295    27440   190276    144626173035    144626363311        33025368     145314      27164     180000      17255     4    1400000   29164000  180000000  180000000
   2      295    27460   162767    144626363320    144626526087        33215653     128085      27164     180000         31     4    1400000   29164000  180000000  180000000
   2      295    27444   197247    144626526096    144626723343        33378428     152229      27164     180000      17287     4    1400000   29164000  180000000  180000000
   2      295    27444   162738    144626723351    144626886089        33575684     134952      27164     180000         33     4    1400000   29164000  180000000  180000000
   2      295    27441   204095    144626886097    144627090192        33738430     152249      27164     180000      24137     4    1400000   29164000  180000000  180000000
   2      295    27439   155902    144627090201    144627246103        33942534     128171      27164     180000         47     4    1400000   29164000  180000000  180000000
   2      295    27457   197262    144627246111    144627443373        34098444     145309      27164     180000      17317     4    1400000   29164000  180000000  180000000
   2      295    27459   162704    144627443382    144627606086        34295714     128016      27164     180000         30     4    1400000   29164000  180000000  180000000
   2      295    27442   197214    144627606095    144627803309        34458427     152257      27164     180000      17253     4    1400000   29164000  180000000  180000000
   2      295    27439   169694    144627803318    144627973012        34655650     135051      27164     180000       6956     4    1400000   29164000  180000000  180000000
   2      295    27445   190280    144627973021    144628163301        34825353     145258      27164     180000      17245     4    1400000   29164000  180000000  180000000
   2      295    27464   162780    144628163309    144628326089        35015642     127952      27164     180000         33     4    1400000   29164000  180000000  180000000
   2      295    27444   197244    144628326099    144628523343        35178432     152224      27164     180000      17287     4    1400000   29164000  180000000  180000000
   2      295    27443   162717    144628523383    144628686100        35375716     134954      27164     180000         44     4    1400000   29164000  180000000  180000000
   2      295    27444   204128    144628686109    144628890237        35538442     152204      27164     180000      24182     4    1400000   29164000  180000000  180000000
   2      295    27442   155841    144628890246    144629046086        35742579     128099      27164     180000         30     4    1400000   29164000  180000000  180000000
   2      295    27460   197222    144629046095    144629243317        35898428     145306      27164     180000      17262     4    1400000   29164000  180000000  180000000
   2      295    27460   162761    144629243326    144629406087        36095659     128061      27164     180000         31     4    1400000   29164000  180000000  180000000
   2      295    27441   197220    144629406095    144629603315        36258428     152266      27164     180000      17260     4    1400000   29164000  180000000  180000000
   2      295    27444   169667    144629603324    144629772991        36455657     135004      27164     180000       6935     4    1400000   29164000  180000000  180000000
   2      295    27439   190388    144629773000    144629963387        36625332     145371      27164     180000      17331     4    1400000   29164000  180000000  180000000
   2      295    27462   162690    144629963396    144630126086        36815729     127943      27164     180000         30     4    1400000   29164000  180000000  180000000
   2      295    27441   197193    144630126095    144630323288        36978428     152261      27164     180000      17232     4    1400000   29164000  180000000  180000000
   2      295    27442   162801    144630323297    144630486098        37175629     135052      27164     180000         42     4    1400000   29164000  180000000  180000000
   2      295    27446   204103    144630486107    144630690210        37338440     152190      27164     180000      24155     4    1400000   29164000  180000000  180000000
   2      295    27441   155878    144630690219    144630846097        37542552     128137      27164     180000         40     4    1400000   29164000  180000000  180000000
   2      295    27458   197233    144630846105    144631043339        37698438     145316      27164     180000      17283     4    1400000   29164000  180000000  180000000
   2      295    27473   162754    144631043347    144631206101        37895680     128037      27164     180000         45     4    1400000   29164000  180000000  180000000
   2      295    27443   197227    144631206110    144631403337        38058442     152216      27164     180000      17281     4    1400000   29164000  180000000  180000000
   2      295    27441   169645    144631403346    144631572991        38255679     135007      27164     180000       6935     4    1400000   29164000  180000000  180000000
   2      295    27442   190298    144631572999    144631763297        38425332     145338      27164     180000      17241     4    1400000   29164000  180000000  180000000
   2      295    27459   162790    144631763306    144631926096        38615638     128085      27164     180000         40     4    1400000   29164000  180000000  180000000
   2      295    27445   197194    144631926105    144632123298        38778437     152214      27164     180000      17243     4    1400000   29164000  180000000  180000000
   2      295    27440   162783    144632123307    144632286090        38975640     135059      27164     180000         34     4    1400000   29164000  180000000  180000000
   2      295    27440   204174    144632286099    144632490273        39138432     152269      27164     180000      24217     4    1400000   29164000  180000000  180000000
   2      295    27439   155804    144632490282    144632646086        39342614     128092      27164     180000         30     4    1400000   29164000  180000000  180000000
   2      295    27465   197180    144632646136    144632843316        39498468     145237      27164     180000      17260     4    1400000   29164000  180000000  180000000
   2      295    27457   162767    144632843324    144633006091        39695657     128102      27164     180000         35     4    1400000   29164000  180000000  180000000
   2      295    27444   197184    144633006100    144633203284        39858433     152226      27164     180000      17228     4    1400000   29164000  180000000  180000000
   2      295    27441   169698    144633203293    144633372991        40055625     135066      27164     180000       6935     4    1400000   29164000  180000000  180000000
   2      295    27441   190304    144633372999    144633563304        40225332     145352      27164     180000      17248     4    1400000   29164000  180000000  180000000
   2      295    27461   162785    144633563312    144633726097        40415645     128075      27164     180000         40     4    1400000   29164000  180000000  180000000
   2      295    27442   197236    144633726106    144633923342        40578439     152232      27164     180000      17287     4    1400000   29164000  180000000  180000000
   2      295    27442   162735    144633923351    144634086086        40775684     134984      27164     180000         30     4    1400000   29164000  180000000  180000000
   2      295    27442   204153    144634086095    144634290248        40938428     152244      27164     180000      24192     4    1400000   29164000  180000000  180000000
   2      295    27439   155840    144634290257    144634446096        41142589     128100      27164     180000         40     4    1400000   29164000  180000000  180000000
   2      295    27458   197227    144634446105    144634643332        41298438     145311      27164     180000      17276     4    1400000   29164000  180000000  180000000
   2      295    27461   162745    144634643341    144634806086        41495673     128021      27164     180000         30     4    1400000   29164000  180000000  180000000
   2      295    27440   197253    144634806094    144635003348        41658427     152274      27164     180000      17292     4    1400000   29164000  180000000  180000000
   2      295    27443   169639    144635003356    144635172995        41855689     134972      27164     180000       6939     4    1400000   29164000  180000000  180000000
   2      295    27442   190294    144635173003    144635363297        42025336     145340      27164     180000      17241     4    1400000   29164000  180000000  180000000
   2      295    27459   162782    144635363305    144635526088        42215638     128144      27164     180000         31     4    1400000   29164000  180000000  180000000
   2      295    27443   197202    144635526096    144635723299        42378429     152234      27164     180000      17243     4    1400000   29164000  180000000  180000000
   2      295    27446   162790    144635723307    144635886097        42575640     135000      27164     180000         41     4    1400000   29164000  180000000  180000000
   2      295    27441   204135    144635886106    144636090241        42738438     152247      27164     180000      24185     4    1400000   29164000  180000000  180000000
   2      295    27441   155862    144636090249    144636246111        42942582     128093      27164     180000         55     4    1400000   29164000  180000000  180000000
   2      295    27464   197197    144636246121    144636443318        43098453     145282      27164     180000      17262     4    1400000   29164000  180000000  180000000
   2      295    27463   162769    144636443326    144636606096        43295659     128050      27164     180000         40     4    1400000   29164000  180000000  180000000
   2      295    27441   197228    144636606105    144636803332        43458437     152256      27164     180000      17276     4    1400000   29164000  180000000  180000000
   2      295    27441   169683    144636803341    144636973024        43655673     134996      27164     180000       6968     4    1400000   29164000  180000000  180000000
   2      295    27441   190240    144636973061    144637163301        43825394     145300      27164     180000      17245     4    1400000   29164000  180000000  180000000
   2      295    27456   162777    144637163309    144637326087        44015642     128127      27164     180000         31     4    1400000   29164000  180000000  180000000
   2      295    27440   197266    144637326096    144637523361        44178428     152262      27164     180000      17306     4    1400000   29164000  180000000  180000000
   2      295    27442   162717    144637523370    144637686087        44375703     134974      27164     180000         31     4    1400000   29164000  180000000  180000000
   2      295    27439   204169    144637686095    144637890265        44538428     152281      27164     180000      24209     4    1400000   29164000  180000000  180000000
   2      295    27444   155823    144637890273    144638046096        44742606     128047      27164     180000         40     4    1400000   29164000  180000000  180000000
   2      295    27461   197230    144638046105    144638243335        44898438     145268      27164     180000      17279     4    1400000   29164000  180000000  180000000
   2      295    27461   162743    144638243343    144638406086        45095676     128018      27164     180000         30     4    1400000   29164000  180000000  180000000
   2      295    27642   197193    144638406095    144638603288        45258427     150642      27164     180000      17232     4    1400000   29164000  180000000  180000000
   2      295    27446   169722    144638603297    144638773019        45455629     135010      27164     180000       6963     4    1400000   29164000  180000000  180000000
   2      295    27440   190287    144638773027    144638963314        45625360     145307      27164     180000      17258     4    1400000   29164000  180000000  180000000
   2      295    27458   162764    144638963323    144639126087        45815655     128096      27164     180000         31     4    1400000   29164000  180000000  180000000
   2      295    27442   197249    144639126096    144639323344        45978428     152250      27164     180000      17289     4    1400000   29164000  180000000  180000000
   2      295    27446   162733    144639323353    144639486087        46175686     134932      27164     180000         31     4    1400000   29164000  180000000  180000000
   2      295    27441   204132    144639486095    144639690227        46338428     152264      27164     180000      24171     4    1400000   29164000  180000000  180000000
   2      295    27439   155851    144639690236    144639846087        46542568     128139      27164     180000         31     4    1400000   29164000  180000000  180000000
   2      295    27460   197257    144639846096    144640043353        46698428     145303      27164     180000      17297     4    1400000   29164000  180000000  180000000
   2      295    27461   162728    144640043361    144640206090        46895694     128007      27164     180000         34     4    1400000   29164000  180000000  180000000
   2      295    27440   197213    144640206098    144640403311        47058431     152254      27164     180000      17255     4    1400000   29164000  180000000  180000000
   2      295    27440   169689    144640403320    144640573008        47255652     135040      27164     180000       6952     4    1400000   29164000  180000000  180000000
   2      295    27440   190286    144640573017    144640763303        47425349     145328      27164     180000      17247     4    1400000   29164000  180000000  180000000
   2      295    27459   162775    144640763311    144640926087        47615644     128101      27164     180000         31     4    1400000   29164000  180000000  180000000
   2      295    27449   197199    144640926095    144641123294        47778428     152103      27164     180000      17239     4    1400000   29164000  180000000  180000000
   2      295    27443   162758    144641123343    144641286101        47975675     134993      27164     180000         45     4    1400000   29164000  180000000  180000000
   2      295    27441   204117    144641286109    144641490226        48138442     152230      27164     180000      24170     4    1400000   29164000  180000000  180000000
   2      295    27445   155855    144641490235    144641646089        48342567     128082      27164     180000         33     4    1400000   29164000  180000000  180000000
   2      295    27462   197232    144641646098    144641843330        48498431     145281      27164     180000      17274     4    1400000   29164000  180000000  180000000
   2      295    27462   162748    144641843338    144642006087        48695671     128029      27164     180000         31     4    1400000   29164000  180000000  180000000
   2      295    27441   197201    144642006095    144642203296        48858428     152256      27164     180000      17240     4    1400000   29164000  180000000  180000000
   2      295    27441   169706    144642203304    144642373011        49055637     135056      27164     180000       6955     4    1400000   29164000  180000000  180000000
   2      295    27444   190329    144642373019    144642563348        49225352     145311      27164     180000      17292     4    1400000   29164000  180000000  180000000
   2      295    27456   162731    144642563357    144642726087        49415689     128089      27164     180000         31     4    1400000   29164000  180000000  180000000
   2      295    27441   197197    144642726096    144642923293        49578429     152253      27164     180000      17237     4    1400000   29164000  180000000  180000000
   2      295    27443   162797    144642923301    144643086098        49775634     135035      27164     180000         42     4    1400000   29164000  180000000  180000000
   2      295    27445   204074    144643086107    144643290181        49938439     152192      27164     180000      24125     4    1400000   29164000  180000000  180000000
   2      295    27440   155907    144643290189    144643446096        50142522     128174      27164     180000         40     4    1400000   29164000  180000000  180000000
   2      295    27458   197200    144643446105    144643643305        50298437     145292      27164     180000      17249     4    1400000   29164000  180000000  180000000
   2      295    27464   162803    144643643313    144643806116        50495646     128066      27164     180000         60     4    1400000   29164000  180000000  180000000
   2      295    27444   197194    144643806125    144644003318        50658458     152175      27164     180000      17263     4    1400000   29164000  180000000  180000000
   2      295    27441   169669    144644003327    144644172995        50855660     135029      27164     180000       6940     4    1400000   29164000  180000000  180000000
   2      295    27442   190327    144644173004    144644363331        51025337     145344      27164     180000      17275     4    1400000   29164000  180000000  180000000
   2      295    27457   162756    144644363340    144644526096        51215673     128077      27164     180000         40     4    1400000   29164000  180000000  180000000
   2      295    27448   197218    144644526105    144644723322        51378437     152197      27164     180000      17267     4    1400000   29164000  180000000  180000000
   2      295    27441   162756    144644723331    144644886087        51575664     135028      27164     180000         31     4    1400000   29164000  180000000  180000000
   2      295    27440   204174    144644886095    144645090270        51738428     152278      27164     180000      24214     4    1400000   29164000  180000000  180000000
   2      295    27441   155808    144645090278    144645246086        51942611     128078      27164     180000         30     4    1400000   29164000  180000000  180000000
   2      295    27458   197242    144645246095    144645443337        52098428     145313      27164     180000      17281     4    1400000   29164000  180000000  180000000
   2      295    27458   162702    144645443386    144645606088        52295718     128031      27164     180000         32     4    1400000   29164000  180000000  180000000
   2      295    27447   197203    144645606096    144645803299        52458429     152189      27164     180000      17243     4    1400000   29164000  180000000  180000000
   2      295    27442   169707    144645803307    144645973014        52655640     135037      27164     180000       6959     4    1400000   29164000  180000000  180000000
   2      295    27441   190299    144645973023    144646163322        52825356     145320      27164     180000      17266     4    1400000   29164000  180000000  180000000
   2      295    27460   162768    144646163331    144646326099        53015664     128065      27164     180000         43     4    1400000   29164000  180000000  180000000
   2      295    27443   197183    144646326107    144646523291        53178440     152212      27164     180000      17235     4    1400000   29164000  180000000  180000000
   2      295    27444   162789    144646523299    144646686088        53375632     135029      27164     180000         32     4    1400000   29164000  180000000  180000000
   2      295    27439   204128    144646686097    144646890224        53538430     152265      27164     180000      24169     4    1400000   29164000  180000000  180000000
   2      295    27441   155853    144646890233    144647046086        53742566     128106      27164     180000         30     4    1400000   29164000  180000000  180000000
   2      295    27458   197188    144647046095    144647243283        53898427     145322      27164     180000      17227     4    1400000   29164000  180000000  180000000
   2      295    27457   162808    144647243292    144647406100        54095624     128138      27164     180000         44     4    1400000   29164000  180000000  180000000
   2      295    27441   197218    144647406109    144647603326        54258441     152252      27164     180000      17270     4    1400000   29164000  180000000  180000000
   2      295    27446   169656    144647603335    144647772991        54455668     134975      27164     180000       6935     4    1400000   29164000  180000000  180000000
   2      295    27442   190321    144647772999    144647963319        54625332     145337      27164     180000      17264     4    1400000   29164000  180000000  180000000
   2      295    27456   162771    144647963328    144648126099        54815661     128112      27164     180000         43     4    1400000   29164000  180000000  180000000
   2      295    27447   197254    144648126108    144648323362        54978441     152182      27164     180000      17306     4    1400000   29164000  180000000  180000000
   2      295    27444   162718    144648323370    144648486088        55175703     134958      27164     180000         32     4    1400000   29164000  180000000  180000000
   2      295    27439   204220    144648486097    144648690317        55338430     152276      27164     180000      24261     4    1400000   29164000  180000000  180000000
   2      295    27442   155770    144648690326    144648846096        55542659     128008      27164     180000         40     4    1400000   29164000  180000000  180000000
   2      295    27458   197207    144648846104    144649043311        55698437     145304      27164     180000      17255     4    1400000   29164000  180000000  180000000
   2      295    27461   162771    144649043320    144649206091        55895653     128070      27164     180000         35     4    1400000   29164000  180000000  180000000
   2      295    27440   197229    144649206100    144649403328        56058432     152261      27164     180000      17273     4    1400000   29164000  180000000  180000000
   2      295    27447   169682    144649403337    144649573018        56255669     134921      27164     180000       6963     4    1400000   29164000  180000000  180000000
   2      295    27440   190316    144649573027    144649763343        56425360     145323      27164     180000      17287     4    1400000   29164000  180000000  180000000
   2      295    27465   162704    144649763382    144649926086        56615715     127995      27164     180000         30     4    1400000   29164000  180000000  180000000
   2      295    27443   197249    144649926095    144650123344        56778427     152247      27164     180000      17288     4    1400000   29164000  180000000  180000000
   2      295    27441   162736    144650123352    144650286088        56975685     134996      27164     180000         32     4    1400000   29164000  180000000  180000000
   2      295    27443   204122    144650286097    144650490218        57138429     152234      27164     180000      24163     4    1400000   29164000  180000000  180000000
   2      295    27442   155859    144650490227    144650646086        57342560     128123      27164     180000         30     4    1400000   29164000  180000000  180000000
   2      295    27463   197242    144650646094    144650843336        57498427     145295      27164     180000      17280     4    1400000   29164000  180000000  180000000
   2      295    27458   162742    144650843345    144651006086        57695677     128064      27164     180000         30     4    1400000   29164000  180000000  180000000
   2      295    27441   197223    144651006095    144651203318        57858427     152249      27164     180000      17262     4    1400000   29164000  180000000  180000000
   2      295    27445   169696    144651203327    144651373023        58055659     134964      27164     180000       6967     4    1400000   29164000  180000000  180000000
   2      295    27441   190278    144651373031    144651563309        58225364     145305      27164     180000      17254     4    1400000   29164000  180000000  180000000
   2      295    27460   162768    144651563318    144651726086        58415651     128094      27164     180000         30     4    1400000   29164000  180000000  180000000
   2      295    27443   197216    144651726094    144651923311        58578427     152244      27164     180000      17255     4    1400000   29164000  180000000  180000000
   2      295    27445   162785    144651923319    144652086104        58775652     134989      27164     180000         48     4    1400000   29164000  180000000  180000000
   2      295    27442   204087    144652086113    144652290200        58938446     152245      27164     180000      24144     4    1400000   29164000  180000000  180000000
   2      295    27441   155878    144652290209    144652446086        59142541     128146      27164     180000         30     4    1400000   29164000  180000000  180000000
   2      295    27457   197280    144652446095    144652643375        59298428     145331      27164     180000      17320     4    1400000   29164000  180000000  180000000
   2      295    27464   162703    144652643384    144652806087        59495717     128023      27164     180000         31     4    1400000   29164000  180000000  180000000
   2      295    27443   197191    144652806095    144653003286        59658428     152241      27164     180000      17230     4    1400000   29164000  180000000  180000000
   2      295    27439   169733    144653003295    144653173028        59855627     135082      27164     180000       6972     4    1400000   29164000  180000000  180000000
   2      295    27442   190267    144653173036    144653363303        60025369     145303      27164     180000      17247     4    1400000   29164000  180000000  180000000
   2      295    27459   162775    144653363311    144653526086        60215644     128098      27164     180000         31     4    1400000   29164000  180000000  180000000
   2      295    27444   197211    144653526095    144653723306        60378428     152239      27164     180000      17250     4    1400000   29164000  180000000  180000000
   2      295    27443   162785    144653723315    144653886099        60575647     135020      27164     180000         42     4    1400000   29164000  180000000  180000000
   2      295    27442   204088    144653886159    144654090248        60738492     152159      27164     180000      24192     4    1400000   29164000  180000000  180000000
   2      295    27443   155829    144654090256    144654246085        60942589     128072      27164     180000         30     4    1400000   29164000  180000000  180000000
   2      295    27460   197213    144654246094    144654443307        61098427     145301      27164     180000      17251     4    1400000   29164000  180000000  180000000
   2      295    27464   162784    144654443316    144654606100        61295649     128052      27164     180000         44     4    1400000   29164000  180000000  180000000
   2      295    27444   197174    144654606109    144654803283        61458441     152216      27164     180000      17227     4    1400000   29164000  180000000  180000000
   2      295    27439   169726    144654803291    144654973017        61655624     135078      27164     180000       6962     4    1400000   29164000  180000000  180000000
   2      295    27443   190342    144654973026    144655163368        61825359     145301      27164     180000      17312     4    1400000   29164000  180000000  180000000
   2      295    27456   162711    144655163377    144655326088        62015710     128062      27164     180000         32     4    1400000   29164000  180000000  180000000
   2      295    27443   197224    144655326097    144655523321        62178430     152242      27164     180000      17265     4    1400000   29164000  180000000  180000000
   2      295    27442   162758    144655523330    144655686088        62375663     135011      27164     180000         32     4    1400000   29164000  180000000  180000000
   2      295    27446   204141    144655686097    144655890238        62538429     152210      27164     180000      24182     4    1400000   29164000  180000000  180000000
   2      295    27441   155843    144655890246    144656046089        62742579     128111      27164     180000         33     4    1400000   29164000  180000000  180000000
   2      295    27455   197217    144656046098    144656243316        62898431     145350      27164     180000      17260     4    1400000   29164000  180000000  180000000
   2      295    27461   162774    144656243324    144656406098        63095657     128064      27164     180000         41     4    1400000   29164000  180000000  180000000
   2      295    27441   197199    144656406107    144656603307        63258440     152229      27164     180000      17251     4    1400000   29164000  180000000  180000000
   2      295    27442   169681    144656603315    144656772996        63455648     135023      27164     180000       6940     4    1400000   29164000  180000000  180000000
   2      295    27439   190335    144656773005    144656963340        63625337     145369      27164     180000      17284     4    1400000   29164000  180000000  180000000
   2      295    27461   162740    144656963348    144657126088        63815681     128017      27164     180000         32     4    1400000   29164000  180000000  180000000
   2      295    27443   197209    144657126097    144657323306        63978430     152239      27164     180000      17250     4    1400000   29164000  180000000  180000000
   2      295    27445   162772    144657323315    144657486087        64175647     135009      27164     180000         31     4    1400000   29164000  180000000  180000000
   2      295    27443   204190    144657486095    144657690285        64338428     152235      27164     180000      24229     4    1400000   29164000  180000000  180000000
   2      295    27442   155792    144657690294    144657846086        64542627     128040      27164     180000         30     4    1400000   29164000  180000000  180000000
   2      295    27458   197237    144657846094    144658043331        64698427     145301      27164     180000      17276     4    1400000   29164000  180000000  180000000
   2      295    27460   162746    144658043340    144658206086        64895673     128039      27164     180000         30     4    1400000   29164000  180000000  180000000
   2      295    27441   197186    144658206124    144658403310        65058457     152219      27164     180000      17254     4    1400000   29164000  180000000  180000000
   2      295    27440   169691    144658403318    144658573009        65255651     135045      27164     180000       6953     4    1400000   29164000  180000000  180000000
   2      295    27438   190287    144658573017    144658763305        65425350     145365      27164     180000      17249     4    1400000   29164000  180000000  180000000
   2      295    27456   162810    144658763313    144658926123        65615646     128128      27164     180000         67     4    1400000   29164000  180000000  180000000
   2      295    27443   197182    144658926132    144659123314        65778465     152180      27164     180000      17258     4    1400000   29164000  180000000  180000000
   2      295    27443   162765    144659123323    144659286087        65975655     134991      27164     180000         31     4    1400000   29164000  180000000  180000000
   2      295    27441   204145    144659286096    144659490241        66138429     152253      27164     180000      24185     4    1400000   29164000  180000000  180000000
   2      295    27442   155846    144659490249    144659646095        66342582     128079      27164     180000         39     4    1400000   29164000  180000000  180000000
   2      295    27469   197196    144659646104    144659843300        66498437     145265      27164     180000      17245     4    1400000   29164000  180000000  180000000
   2      295    27457   162781    144659843309    144660006090        66695642     128113      27164     180000         34     4    1400000   29164000  180000000  180000000
   2      295    27443   197260    144660006099    144660203359        66858432     152226      27164     180000      17303     4    1400000   29164000  180000000  180000000
   2      295    27442   169644    144660203368    144660373012        67055700     134980      27164     180000       6956     4    1400000   29164000  180000000  180000000
   2      295    27441   190261    144660373020    144660563282        67225353     145328      27164     180000      17226     4    1400000   29164000  180000000  180000000
   2      295    27455   162798    144660563290    144660726088        67415623     128112      27164     180000         32     4    1400000   29164000  180000000  180000000
   2      295    27443   197217    144660726097    144660923314        67578429     152236      27164     180000      17258     4    1400000   29164000  180000000  180000000
   2      295    27444   162764    144660923322    144661086086        67775655     134980      27164     180000         31     4    1400000   29164000  180000000  180000000
   2      295    27441   204132    144661086095    144661290227        67938428     152252      27164     180000      24172     4    1400000   29164000  180000000  180000000
   2      295    27444   155861    144661290236    144661446097        68142569     128078      27164     180000         41     4    1400000   29164000  180000000  180000000
   2      295    27458   197248    144661446105    144661643354        68298438     145298      27164     180000      17298     4    1400000   29164000  180000000  180000000
   2      295    27462   162724    144661643363    144661806086        68495695     128014      27164     180000         31     4    1400000   29164000  180000000  180000000
   2      295    27441   197227    144661806095    144662003322        68658428     152263      27164     180000      17267     4    1400000   29164000  180000000  180000000
   2      295    27444   169684    144662003331    144662173015        68855664     134973      27164     180000       6959     4    1400000   29164000  180000000  180000000
   2      295    27442   190297    144662173024    144662363320        69025356     145324      27164     180000      17264     4    1400000   29164000  180000000  180000000
   2      295    27459   162730    144662363360    144662526090        69215692     128057      27164     180000         34     4    1400000   29164000  180000000  180000000
   2      295    27444   197254    144662526098    144662723353        69378431     152221      27164     180000      17297     4    1400000   29164000  180000000  180000000
   2      295    27443   162726    144662723361    144662886088        69575694     134973      27164     180000         32     4    1400000   29164000  180000000  180000000
   2      295    27439   204134    144662886096    144663090230        69738429     152280      27164     180000      24174     4    1400000   29164000  180000000  180000000
   2      295    27443   155857    144663090238    144663246096        69942571     128102      27164     180000         40     4    1400000   29164000  180000000  180000000
   2      295    27461   197184    144663246104    144663443289        70098437     145242      27164     180000      17233     4    1400000   29164000  180000000  180000000
   2      295    27459   162789    144663443297    144663606086        70295630     128108      27164     180000         30     4    1400000   29164000  180000000  180000000
   2      295    27443   197217    144663606095    144663803312        70458427     152243      27164     180000      17256     4    1400000   29164000  180000000  180000000
   2      295    27442   169736    144663803321    144663973056        70655653     135013      27164     180000       7001     4    1400000   29164000  180000000  180000000
   2      295    27441   190269    144663973065    144664163334        70825398     145278      27164     180000      17278     4    1400000   29164000  180000000  180000000
   2      295    27458   162743    144664163343    144664326086        71015676     128080      27164     180000         30     4    1400000   29164000  180000000  180000000
   2      295    27442   197212    144664326095    144664523307        71178428     152237      27164     180000      17251     4    1400000   29164000  180000000  180000000
   2      295    27445   162772    144664523315    144664686087        71375648     134994      27164     180000         31     4    1400000   29164000  180000000  180000000
   2      295    27440   204136    144664686096    144664890232        71538429     152279      27164     180000      24176     4    1400000   29164000  180000000  180000000
   2      295    27441   155846    144664890241    144665046087        71742573     128119      27164     180000         31     4    1400000   29164000  180000000  180000000
   2      295    27457   197289    144665046096    144665243385        71898428     145334      27164     180000      17329     4    1400000   29164000  180000000  180000000
   2      295    27458   162693    144665243394    144665406087        72095726     127941      27164     180000         31     4    1400000   29164000  180000000  180000000
   2      295    27442   197219    144665406096    144665603315        72258429     152255      27164     180000      17259     4    1400000   29164000  180000000  180000000
   2      295    27444   169683    144665603324    144665773007        72455657     134997      27164     180000       6951     4    1400000   29164000  180000000  180000000
   2      295    27440   190291    144665773015    144665963306        72625348     145340      27164     180000      17250     4    1400000   29164000  180000000  180000000
   2      295    27460   162787    144665963315    144666126102        72815648     128089      27164     180000         46     4    1400000   29164000  180000000  180000000
   2      295    27442   197171    144666126111    144666323281        72978444     152238      27164     180000      17226     4    1400000   29164000  180000000  180000000
   2      295    27444   162808    144666323290    144666486098        73175623     135033      27164     180000         42     4    1400000   29164000  180000000  180000000
   2      295    27442   204111    144666486107    144666690218        73338440     152222      27164     180000      24163     4    1400000   29164000  180000000  180000000
   2      295    27441   155839    144666690257    144666846096        73542590     128087      27164     180000         40     4    1400000   29164000  180000000  180000000
   2      295    27458   197241    144666846104    144667043346        73698437     145294      27164     180000      17290     4    1400000   29164000  180000000  180000000
   2      295    27459   162733    144667043355    144667206088        73895687     128045      27164     180000         32     4    1400000   29164000  180000000  180000000
   2      295    27439   197226    144667206096    144667403322        74058429     152274      27164     180000      17266     4    1400000   29164000  180000000  180000000
   2      295    27441   169703    144667403330    144667573033        74255663     135029      27164     180000       6977     4    1400000   29164000  180000000  180000000
   2      295    27443   190287    144667573041    144667763328        74425374     145299      27164     180000      17272     4    1400000   29164000  180000000  180000000
   2      295    27456   162771    144667763337    144667926108        74615669     128105      27164     180000         52     4    1400000   29164000  180000000  180000000
   2      295    27441   197252    144667926116    144668123368        74778449     152237      27164     180000      17312     4    1400000   29164000  180000000  180000000
   2      295    27440   162710    144668123377    144668286087        74975710     134978      27164     180000         31     4    1400000   29164000  180000000  180000000
   2      295    27444   204144    144668286095    144668490240        75138428     152230      27164     180000      24184     4    1400000   29164000  180000000  180000000
   2      295    27442   155838    144668490248    144668646086        75342581     128094      27164     180000         30     4    1400000   29164000  180000000  180000000
   2      295    27463   197209    144668646094    144668843304        75498427     145346      27164     180000      17248     4    1400000   29164000  180000000  180000000
   2      295    27460   162796    144668843312    144669006108        75695645     128085      27164     180000         52     4    1400000   29164000  180000000  180000000
   2      295    27443   197211    144669006117    144669203328        75858450     152200      27164     180000      17272     4    1400000   29164000  180000000  180000000
   2      295    27443   169686    144669203337    144669373022        76055669     134992      27164     180000       6967     4    1400000   29164000  180000000  180000000
   2      295    27439   190339    144669373031    144669563370        76225364     145332      27164     180000      17314     4    1400000   29164000  180000000  180000000
   2      295    27460   162707    144669563379    144669726087        76415712     128002      27164     180000         31     4    1400000   29164000  180000000  180000000
   2      295    27440   197210    144669726095    144669923305        76578428     152267      27164     180000      17249     4    1400000   29164000  180000000  180000000
   2      295    27443   162774    144669923314    144670086088        76775646     135019      27164     180000         32     4    1400000   29164000  180000000  180000000
   2      295    27439   204152    144670086096    144670290248        76938429     152272      27164     180000      24192     4    1400000   29164000  180000000  180000000
   2      295    27439   155829    144670290257    144670446086        77142590     128115      27164     180000         30     4    1400000   29164000  180000000  180000000
   2      295    27461   197215    144670446095    144670643310        77298428     145294      27164     180000      17254     4    1400000   29164000  180000000  180000000
   2      295    27464   162767    144670643319    144670806086        77495651     128080      27164     180000         30     4    1400000   29164000  180000000  180000000
   2      295    27447   197197    144670806126    144671003323        77658458     152161      27164     180000      17267     4    1400000   29164000  180000000  180000000
   2      295    27444   169689    144671003332    144671173021        77855665     134967      27164     180000       6965     4    1400000   29164000  180000000  180000000
   2      295    27441   190285    144671173029    144671363315        78025362     145317      27164     180000      17259     4    1400000   29164000  180000000  180000000
   2      295    27460   162776    144671363323    144671526099        78215656     128078      27164     180000         43     4    1400000   29164000  180000000  180000000
   2      295    27447   197178    144671526108    144671723286        78378440     152174      27164     180000      17230     4    1400000   29164000  180000000  180000000
   2      295    27442   162810    144671723294    144671886105        78575627     135046      27164     180000         49     4    1400000   29164000  180000000  180000000
   2      295    27443   204130    144671886113    144672090244        78738446     152219      27164     180000      24188     4    1400000   29164000  180000000  180000000
   2      295    27442   155834    144672090252    144672246087        78942585     128067      27164     180000         31     4    1400000   29164000  180000000  180000000
   2      295    27460   197237    144672246096    144672443333        79098428     145266      27164     180000      17277     4    1400000   29164000  180000000  180000000
   2      295    27459   162744    144672443341    144672606086        79295674     128061      27164     180000         30     4    1400000   29164000  180000000  180000000
   2      295    27444   197251    144672606094    144672803345        79458427     152226      27164     180000      17290     4    1400000   29164000  180000000  180000000
   2      295    27441   169643    144672803354    144672972997        79655687     134995      27164     180000       6941     4    1400000   29164000  180000000  180000000
   2      295    27442   190301    144672973005    144673163306        79825338     145331      27164     180000      17250     4    1400000   29164000  180000000  180000000
   2      295    27459   162782    144673163315    144673326097        80015648     128099      27164     180000         41     4    1400000   29164000  180000000  180000000
   2      295    27442   197197    144673326106    144673523302        80178439     152221      27164     180000      17247     4    1400000   29164000  180000000  180000000
   2      295    27449   162777    144673523311    144673686088        80375644     134963      27164     180000         32     4    1400000   29164000  180000000  180000000
   2      295    27443   204107    144673686097    144673890203        80538429     152226      27164     180000      24147     4    1400000   29164000  180000000  180000000
   2      295    27440   155895    144673890212    144674046107        80742544     128139      27164     180000         51     4    1400000   29164000  180000000  180000000
   2      295    27457   197188    144674046116    144674243304        80898449     145292      27164     180000      17248     4    1400000   29164000  180000000  180000000
   2      295    27459   162774    144674243313    144674406087        81095646     128007      27164     180000         31     4    1400000   29164000  180000000  180000000
   2      295    27443   197241    144674406096    144674603337        81258429     152246      27164     180000      17281     4    1400000   29164000  180000000  180000000
   2      295    27442   169647    144674603346    144674772993        81455678     134984      27164     180000       6937     4    1400000   29164000  180000000  180000000
   2      295    27441   190302    144674773001    144674963303        81625334     145348      27164     180000      17247     4    1400000   29164000  180000000  180000000
   2      295    27458   162790    144674963311    144675126101        81815644     128117      27164     180000         45     4    1400000   29164000  180000000  180000000
   2      295    27441   197211    144675126140    144675323352        81978473     152216      27164     180000      17296     4    1400000   29164000  180000000  180000000
   2      295    27442   162728    144675323360    144675486088        82175693     134972      27164     180000         32     4    1400000   29164000  180000000  180000000
   2      295    27443   204138    144675486097    144675690235        82338430     152241      27164     180000      24179     4    1400000   29164000  180000000  180000000
   2      295    27442   155845    144675690243    144675846089        82542576     128092      27164     180000         33     4    1400000   29164000  180000000  180000000
   2      295    27463   197222    144675846097    144676043319        82698430     145291      27164     180000      17263     4    1400000   29164000  180000000  180000000
   2      295    27463   162768    144676043328    144676206096        82895661     128073      27164     180000         40     4    1400000   29164000  180000000  180000000
   2      295    27441   197200    144676206105    144676403305        83058437     152255      27164     180000      17249     4    1400000   29164000  180000000  180000000
   2      295    27439   169711    144676403314    144676573025        83255647     135059      27164     180000       6969     4    1400000   29164000  180000000  180000000
   2      295    27439   190276    144676573033    144676763309        83425366     145334      27164     180000      17254     4    1400000   29164000  180000000  180000000
   2      295    27460   162769    144676763318    144676926087        83615651     128091      27164     180000         31     4    1400000   29164000  180000000  180000000
   2      295    27441   197256    144676926095    144677123352        83778428     152262      27164     180000      17296     4    1400000   29164000  180000000  180000000
   2      295    27443   162727    144677123361    144677286087        83975693     134955      27164     180000         31     4    1400000   29164000  180000000  180000000
   2      295    27440   204203    144677286096    144677490299        84138429     152267      27164     180000      24243     4    1400000   29164000  180000000  180000000
   2      295    27441   155779    144677490307    144677646086        84342640     128037      27164     180000         30     4    1400000   29164000  180000000  180000000
   2      295    27461   197261    144677646095    144677843356        84498428     145322      27164     180000      17300     4    1400000   29164000  180000000  180000000
   2      295    27466   162722    144677843364    144678006086        84695697     128035      27164     180000         30     4    1400000   29164000  180000000  180000000
   2      295    27440   197202    144678006095    144678203297        84858427     152275      27164     180000      17241     4    1400000   29164000  180000000  180000000
   2      295    27441   169738    144678203306    144678373044        85055638     135049      27164     180000       6988     4    1400000   29164000  180000000  180000000
   2      295    27442   190246    144678373052    144678563299        85225385     145267      27164     180000      17243     4    1400000   29164000  180000000  180000000
   2      295    27460   162781    144678563307    144678726088        85415640     128104      27164     180000         32     4    1400000   29164000  180000000  180000000
   2      295    27443   197220    144678726097    144678923317        85578430     152222      27164     180000      17261     4    1400000   29164000  180000000  180000000
   2      295    27442   162778    144678923326    144679086104        85775658     135003      27164     180000         47     4    1400000   29164000  180000000  180000000
   2      295    27441   204098    144679086112    144679290211        85938445     152212      27164     180000      24155     4    1400000   29164000  180000000  180000000
   2      295    27441   155838    144679290248    144679446086        86142581     128103      27164     180000         30     4    1400000   29164000  180000000  180000000
   2      295    27459   197284    144679446094    144679643379        86298427     145296      27164     180000      17323     4    1400000   29164000  180000000  180000000
   2      295    27461   162715    144679643387    144679806102        86495720     128007      27164     180000         46     4    1400000   29164000  180000000  180000000
   2      295    27441   197187    144679806111    144680003298        86658443     152245      27164     180000      17242     4    1400000   29164000  180000000  180000000
   2      295    27440   169686    144680003306    144680172992        86855639     135049      27164     180000       6937     4    1400000   29164000  180000000  180000000
   2      295    27439   190351    144680173001    144680363352        87025334     145372      27164     180000      17296     4    1400000   29164000  180000000  180000000
   2      295    27460   162727    144680363360    144680526087        87215693     128032      27164     180000         31     4    1400000   29164000  180000000  180000000
   2      295    27441   197185    144680526096    144680723281        87378428     152260      27164     180000      17225     4    1400000   29164000  180000000  180000000
   2      295    27441   162798    144680723289    144680886087        87575622     135066      27164     180000         31     4    1400000   29164000  180000000  180000000
   2      295    27443   204137    144680886095    144681090233        87738428     152237      27164     180000      24177     4    1400000   29164000  180000000  180000000
   2      295    27444   155852    144681090241    144681246093        87942574     128079      27164     180000         37     4    1400000   29164000  180000000  180000000
   2      295    27459   197247    144681246102    144681443349        88098434     145312      27164     180000      17293     4    1400000   29164000  180000000  180000000
   2      295    27462   162741    144681443357    144681606099        88295690     128003      27164     180000         43     4    1400000   29164000  180000000  180000000
   2      295    27445   197182    144681606107    144681803290        88458440     152184      27164     180000      17234     4    1400000   29164000  180000000  180000000
   2      295    27442   169699    144681803298    144681972998        88655631     135043      27164     180000       6942     4    1400000   29164000  180000000  180000000
   2      295    27443   190337    144681973006    144682163344        88825339     145326      27164     180000      17288     4    1400000   29164000  180000000  180000000
   2      295    27458   162744    144682163352    144682326096        89015685     128062      27164     180000         40     4    1400000   29164000  180000000  180000000
   2      295    27441   197203    144682326105    144682523308        89178438     152249      27164     180000      17252     4    1400000   29164000  180000000  180000000
   2      295    27446   162771    144682523317    144682686087        89375650     134987      27164     180000         31     4    1400000   29164000  180000000  180000000
   2      295    27441   204151    144682686096    144682890247        89538429     152257      27164     180000      24192     4    1400000   29164000  180000000  180000000
   2      295    27439   155840    144682890256    144683046096        89742589     128119      27164     180000         40     4    1400000   29164000  180000000  180000000
   2      295    27465   197197    144683046105    144683243302        89898437     145297      27164     180000      17246     4    1400000   29164000  180000000  180000000
   2      295    27459   162789    144683243310    144683406099        90095643     128095      27164     180000         43     4    1400000   29164000  180000000  180000000
   2      295    27444   197203    144683406108    144683603311        90258441     152202      27164     180000      17255     4    1400000   29164000  180000000  180000000
   2      295    27443   169660    144683603354    144683773014        90455686     134978      27164     180000       6958     4    1400000   29164000  180000000  180000000
   2      295    27439   190281    144683773022    144683963303        90625355     145336      27164     180000      17248     4    1400000   29164000  180000000  180000000
