#idx     perf      run   period           start             end          rel_st      slack c_duration   c_period     wu_lat   cpu       freq dl_runtime  dl_period dl_deadline
   4      827    82829   289938     42167694177     42167984115         1776069     206206      76130     290000         32     5    1300000   80137000  290000000  290000000
   4      827    82825   290015     42167984126     42168274141         2066018     206401      76130     290000         57     5    1300000   80137000  290000000  290000000
   4      827    82820   289980     42168274152     42168564132         2356044     206342      76130     290000         48     5    1300000   80137000  290000000  290000000
   4      827    82824   290000     42168564142     42168854142         2646034     206355      76130     290000         59     5    1300000   80137000  290000000  290000000
   4      827    82826   289981     42168854152     42169144133         2936044     206304      76130     290000         49     5    1300000   80137000  290000000  290000000
   4      827    82820   289997     42169144143     42169434140         3226035     206361      76130     290000         56     5    1300000   80137000  290000000  290000000
   4      827    82834   289984     42169434150     42169724134         3516042     206300      76130     290000         50     5    1300000   80137000  290000000  290000000
   4      827    82819   289998     42169724144     42170014142         3806036     206379      76130     290000         58     5    1300000   80137000  290000000  290000000
   4      827    82832   289965     42170014152     42170304117         4096044     206311      76130     290000         33     5    1300000   80137000  290000000  290000000
   4      827    82818   290006     42170304127     42170594132         4386019     206384      76130     290000         48     5    1300000   80137000  290000000  290000000
   4      827    82829   289983     42170594143     42170884126         4676034     206321      76130     290000         42     5    1300000   80137000  290000000  290000000
   4      827    82823   289999     42170884135     42171174134         4966027     206381      76130     290000         50     5    1300000   80137000  290000000  290000000
   4      827    84275   289981     42171174144     42171464125         5256036     204232      76130     290000         41     5    1300000   80137000  290000000  290000000
   4      827    82826   289999     42171464135     42171754134         5546027     206371      76130     290000         50     5    1300000   80137000  290000000  290000000
   4      827    82824   289972     42171754144     42172044116         5836036     206373      76130     290000         32     5    1300000   80137000  290000000  290000000
   4      827    82821   290008     42172044126     42172334134         6126018     206380      76130     290000         50     5    1300000   80137000  290000000  290000000
   4      827    84270   289980     42172334145     42172624124         6416037     204211      76130     290000         41     5    1300000   80137000  290000000  290000000
   4      827    82827   290014     42172624134     42172914148         6706026     206355      76130     290000         65     5    1300000   80137000  290000000  290000000
   4      827    82825   289975     42172914158     42173204134         6996050     206298      76130     290000         50     5    1300000   80137000  290000000  290000000
   4      827    82817   290008     42173204144     42173494151         7286036     206408      76130     290000         67     5    1300000   80137000  290000000  290000000
   4      827    84278   289970     42173494162     42173784132         7576054     204200      76130     290000         48     5    1300000   80137000  290000000  290000000
   4      827    82824   290005     42173784141     42174074146         7866033     206362      76130     290000         62     5    1300000   80137000  290000000  290000000
   4      827    82830   289976     42174074156     42174364132         8156048     206266      76130     290000         48     5    1300000   80137000  290000000  290000000
   4      827    82820   289960     42174364182     42174654142         8446074     206344      76130     290000         59     5    1300000   80137000  290000000  290000000
   4      827    84272   289965     42174654152     42174944118         8736044     204196      76130     290000         34     5    1300000   80137000  290000000  290000000
   4      827    82823   290012     42174944128     42175234140         9026020     206379      76130     290000         57     5    1300000   80137000  290000000  290000000
   4      827    82827   289982     42175234150     42175524132         9316042     206333      76130     290000         48     5    1300000   80137000  290000000  290000000
   4      827    82818   290000     42175524141     42175814141         9606033     206362      76130     290000         57     5    1300000   80137000  290000000  290000000
   4      827    83255   289986     42175814150     42176104136         9896042     205258      76130     290000         53     5    1300000   80137000  290000000  290000000
   4      827    82825   289988     42176104146     42176394134        10186038     206363      76130     290000         50     5    1300000   80137000  290000000  290000000
   4      827    82823   289991     42176394145     42176684136        10476036     206313      76130     290000         52     5    1300000   80137000  290000000  290000000
   4      827    82817   289986     42176684146     42176974132        10766038     206378      76130     290000         47     5    1300000   80137000  290000000  290000000
   4      827    84258   289983     42176974142     42177264125        11056033     204174      76130     290000         41     5    1300000   80137000  290000000  290000000
   4      827    82823   289999     42177264135     42177554134        11346027     206350      76130     290000         49     5    1300000   80137000  290000000  290000000
   4      827    82829   289997     42177554144     42177844140        11636036     206308      76130     290000         57     5    1300000   80137000  290000000  290000000
   4      827    82817   290004     42177844150     42178134154        11926042     206370      76130     290000         70     5    1300000   80137000  290000000  290000000
   4      827    82827   289969     42178134164     42178424133        12216056     206304      76130     290000         50     5    1300000   80137000  290000000  290000000
   4      827    82822   290008     42178424143     42178714152        12506035     206326      76130     290000         68     5    1300000   80137000  290000000  290000000
   4      827    82827   289978     42178714162     42179004139        12796054     206309      76130     290000         55     5    1300000   80137000  290000000  290000000
   4      827    82823   289999     42179004149     42179294148        13086041     206347      76130     290000         63     5    1300000   80137000  290000000  290000000
   4      827    82819   289974     42179294157     42179584132        13376049     206370      76130     290000         48     5    1300000   80137000  290000000  290000000
   4      827    82829   290005     42179584142     42179874147        13666033     206360      76130     290000         63     5    1300000   80137000  290000000  290000000
   4      827    82825   290002     42179874157     42180164159        13956049     206320      76130     290000         74     5    1300000   80137000  290000000  290000000
   4      827    83805   289971     42180164169     42180454140        14246061     204746      76130     290000         57     5    1300000   80137000  290000000  290000000
   4      827    82823   289982     42180454150     42180744132        14536042     206318      76130     290000         48     5    1300000   80137000  290000000  290000000
   4      827    82829   289988     42180744142     42181034129        14826034     206360      76130     290000         45     5    1300000   80137000  290000000  290000000
   4      827    82826   289994     42181034139     42181324133        15116031     206317      76130     290000         50     5    1300000   80137000  290000000  290000000
   4      827    82826   289966     42181324180     42181614147        15406072     206295      76130     290000         63     5    1300000   80137000  290000000  290000000
   4      827    82832   289960     42181614157     42181904117        15696049     206299      76130     290000         34     5    1300000   80137000  290000000  290000000
   4      827    82816   290015     42181904127     42182194142        15986019     206433      76130     290000         59     5    1300000   80137000  290000000  290000000
   4      827    82825   289979     42182194152     42182484131        16276044     206332      76130     290000         48     5    1300000   80137000  290000000  290000000
   4      827    82824   289999     42182484141     42182774140        16566033     206345      76130     290000         56     5    1300000   80137000  290000000  290000000
   4      827    82821   289966     42182774150     42183064116        16856042     206364      76130     290000         33     5    1300000   80137000  290000000  290000000
   4      827    82820   290013     42183064126     42183354139        17146018     206372      76130     290000         56     5    1300000   80137000  290000000  290000000
   4      827    82828   289975     42183354150     42183644125        17436042     206308      76130     290000         41     5    1300000   80137000  290000000  290000000
   4      827    82823   290001     42183644135     42183934136        17726027     206380      76130     290000         52     5    1300000   80137000  290000000  290000000
   4      827    82825   289980     42183934146     42184224126        18016038     206324      76130     290000         43     5    1300000   80137000  290000000  290000000
   4      827    82816   290006     42184224136     42184514142        18306028     206334      76130     290000         58     5    1300000   80137000  290000000  290000000
   4      827    82827   289963     42184514152     42184804115        18596044     206325      76130     290000         31     5    1300000   80137000  290000000  290000000
   4      827    82814   290022     42184804125     42185094147        18886017     206338      76130     290000         63     5    1300000   80137000  290000000  290000000
   4      827    82821   289975     42185094157     42185384132        19176049     206317      76130     290000         49     5    1300000   80137000  290000000  290000000
   4      827    82821   289999     42185384142     42185674141        19466034     206372      76130     290000         57     5    1300000   80137000  290000000  290000000
   4      827    82821   289981     42185674151     42185964132        19756043     206331      76130     290000         48     5    1300000   80137000  290000000  290000000
   4      827    82818   289998     42185964142     42186254140        20046034     206402      76130     290000         56     5    1300000   80137000  290000000  290000000
   4      827    82823   289982     42186254150     42186544132        20336041     206305      76130     290000         48     5    1300000   80137000  290000000  290000000
   4      827    82819   289999     42186544141     42186834141        20626033     206357      76130     290000         57     5    1300000   80137000  290000000  290000000
   4      827    82823   289982     42186834150     42187124133        20916042     206273      76130     290000         49     5    1300000   80137000  290000000  290000000
   4      827    82815   290000     42187124143     42187414143        21206035     206410      76130     290000         60     5    1300000   80137000  290000000  290000000
   4      827    82832   289976     42187414153     42187704129        21496045     206304      76130     290000         45     5    1300000   80137000  290000000  290000000
   4      827    82820   290001     42187704139     42187994140        21786031     206380      76130     290000         56     5    1300000   80137000  290000000  290000000
   4      827    82829   289948     42187994186     42188284134        22076078     206327      76130     290000         50     5    1300000   80137000  290000000  290000000
   4      827    82822   289996     42188284144     42188574140        22366036     206373      76130     290000         56     5    1300000   80137000  290000000  290000000
   4      827    82825   289975     42188574150     42188864125        22656042     206295      76130     290000         41     5    1300000   80137000  290000000  290000000
   4      827    82820   290013     42188864135     42189154147        22946026     206383      76130     290000         64     5    1300000   80137000  290000000  290000000
   4      827    82830   289974     42189154158     42189444132        23236049     206298      76130     290000         48     5    1300000   80137000  290000000  290000000
   4      827    82820   290009     42189444142     42189734150        23526033     206370      76130     290000         65     5    1300000   80137000  290000000  290000000
   4      827    82827   289972     42189734160     42190024132        23816052     206307      76130     290000         48     5    1300000   80137000  290000000  290000000
   4      827    82822   290048     42190024142     42190314190        24106033     206363      76130     290000        103     5    1300000   80137000  290000000  290000000
   4      827    83175   289914     42190314203     42190604117        24396094     205516      76130     290000         33     5    1100000   80137000  290000000  290000000
   4      827    82823   290019     42190604127     42190894146        24686019     206366      76130     290000         63     5    1300000   80137000  290000000  290000000
   4      827    82831   289976     42190894156     42191184132        24976048     206311      76130     290000         48     5    1300000   80137000  290000000  290000000
   4      827    82818   290075     42191184142     42191474217        25266034     206375      76130     290000        129     5    1300000   80137000  290000000  290000000
   4      827    84785   289888     42191474237     42191764125        25556129     203379      76130     290000         41     5     600000   80137000  290000000  290000000
   4      827    82822   289999     42191764135     42192054134        25846027     206392      76130     290000         50     5    1300000   80137000  290000000  290000000
   4      827    82829   289985     42192054144     42192344129        26136036     206328      76130     290000         45     5    1300000   80137000  290000000  290000000
   4      827    82829   289995     42192344139     42192634134        26426031     206368      76130     290000         50     5    1300000   80137000  290000000  290000000
   4      827    84271   289982     42192634144     42192924126        26716036     204206      76130     290000         43     5    1300000   80137000  290000000  290000000
   4      827    82816   289997     42192924136     42193214134        27006028     206406      76130     290000         49     5    1300000   80137000  290000000  290000000
   4      827    82828   289972     42193214144     42193504116        27296036     206319      76130     290000         32     5    1300000   80137000  290000000  290000000
   4      827    82826   290012     42193504126     42193794137        27586018     206367      76130     290000         53     5    1300000   80137000  290000000  290000000
   4      827    84273   289979     42193794147     42194084126        27876039     204265      76130     290000         42     5    1300000   80137000  290000000  290000000
   4      827    82821   289997     42194084136     42194374132        28166028     206360      76130     290000         48     5    1300000   80137000  290000000  290000000
   4      827    82835   289982     42194374143     42194664125        28456034     206323      76130     290000         41     5    1300000   80137000  290000000  290000000
   4      827    82826   290005     42194664135     42194954140        28746027     206367      76130     290000         57     5    1300000   80137000  290000000  290000000
   4      827    84272   289949     42194954183     42195244132        29036075     204159      76130     290000         48     5    1300000   80137000  290000000  290000000
   4      827    82824   289997     42195244142     42195534139        29326034     206338      76130     290000         55     5    1300000   80137000  290000000  290000000
   4      827    82825   289967     42195534149     42195824116        29616041     206281      76130     290000         32     5    1300000   80137000  290000000  290000000
   4      827    82820   290016     42195824125     42196114141        29906017     206398      76130     290000         58     5    1300000   80137000  290000000  290000000
   4      827    84273   289982     42196114151     42196404133        30196043     204240      76130     290000         49     5    1300000   80137000  290000000  290000000
   4      827    82818   290003     42196404143     42196694146        30486035     206396      76130     290000         62     5    1300000   80137000  290000000  290000000
   4      827    82830   289971     42196694156     42196984126        30776048     206313      76130     290000         43     5    1300000   80137000  290000000  290000000
   4      827    82824   289999     42196984136     42197274135        31066028     206372      76130     290000         51     5    1300000   80137000  290000000  290000000
   4      827    84260   289979     42197274146     42197564125        31356038     204176      76130     290000         42     5    1300000   80137000  290000000  290000000
   4      827    82819   290007     42197564135     42197854141        31646027     206395      76130     290000         57     5    1300000   80137000  290000000  290000000
   4      827    82826   289975     42197854151     42198144126        31936043     206293      76130     290000         43     5    1300000   80137000  290000000  290000000
   4      827    82826   289999     42198144136     42198434135        32226028     206349      76130     290000         49     5    1300000   80137000  290000000  290000000
   4      827    84284   289983     42198434145     42198724127        32516036     204209      76130     290000         44     5    1300000   80137000  290000000  290000000
   4      827    82822   289996     42198724137     42199014133        32806029     206405      76130     290000         49     5    1300000   80137000  290000000  290000000
   4      827    82823   289972     42199014143     42199304116        33096035     206381      76130     290000         32     5    1300000   80137000  290000000  290000000
   4      827    82825   290009     42199304125     42199594134        33386017     206384      76130     290000         50     5    1300000   80137000  290000000  290000000
   4      827    82822   289983     42199594144     42199884127        33676036     206319      76130     290000         44     5    1300000   80137000  290000000  290000000
   4      827    82817   289999     42199884137     42200174136        33966029     206390      76130     290000         52     5    1300000   80137000  290000000  290000000
   4      827    82825   289971     42200174146     42200464117        34256038     206329      76130     290000         33     5    1300000   80137000  290000000  290000000
   4      827    82824   290014     42200464127     42200754140        34546019     206382      76130     290000         55     5    1300000   80137000  290000000  290000000
   4      827    82832   289982     42200754151     42201044133        34836043     206326      76130     290000         49     5    1300000   80137000  290000000  290000000
   4      827    82821   290005     42201044143     42201334148        35126035     206374      76130     290000         64     5    1300000   80137000  290000000  290000000
   4      827    82823   290019     42201334158     42201624177        35416050     206316      76130     290000         92     5    1300000   80137000  290000000  290000000
   4      827    83021   289916     42201624226     42201914142        35706118     205721      76130     290000         59     5    1200000   80137000  290000000  290000000
   4      827    82820   289973     42201914152     42202204125        35996044     206261      76130     290000         41     5    1300000   80137000  290000000  290000000
   4      827    82818   290007     42202204135     42202494142        36286027     206436      76130     290000         58     5    1300000   80137000  290000000  290000000
   4      827    82827   289974     42202494152     42202784126        36576044     206321      76130     290000         42     5    1300000   80137000  290000000  290000000
   4      827    82825   290008     42202784136     42203074143        36866028     206368      76130     290000         60     5    1300000   80137000  290000000  290000000
   4      827    82833   289965     42203074153     42203364118        37156045     206299      76130     290000         34     5    1300000   80137000  290000000  290000000
   4      827    82822   290012     42203364127     42203654139        37446019     206380      76130     290000         56     5    1300000   80137000  290000000  290000000
   4      827    82823   289977     42203654149     42203944126        37736041     206315      76130     290000         42     5    1300000   80137000  290000000  290000000
   4      827    82821   290005     42203944135     42204234141        38026027     206389      76130     290000         57     5    1300000   80137000  290000000  290000000
   4      827    82829   289986     42204234151     42204524137        38316043     206317      76130     290000         53     5    1300000   80137000  290000000  290000000
   4      827    82824   289986     42204524146     42204814133        38606038     206352      76130     290000         49     5    1300000   80137000  290000000  290000000
   4      827    82823   289978     42204814142     42205104121        38896034     206369      76130     290000         37     5    1300000   80137000  290000000  290000000
   4      827    82825   290011     42205104131     42205394142        39186023     206364      76130     290000         59     5    1300000   80137000  290000000  290000000
   4      827    82828   289981     42205394152     42205684133        39476044     206303      76130     290000         49     5    1300000   80137000  290000000  290000000
   4      827    82824   290000     42205684142     42205974142        39766034     206340      76130     290000         59     5    1300000   80137000  290000000  290000000
   4      827    82832   289980     42205974152     42206264132        40056044     206304      76130     290000         49     5    1300000   80137000  290000000  290000000
   4      827    82822   289998     42206264142     42206554140        40346034     206346      76130     290000         56     5    1300000   80137000  290000000  290000000
   4      827    82829   289968     42206554150     42206844118        40636042     206304      76130     290000         34     5    1300000   80137000  290000000  290000000
   4      827    82824   290006     42206844127     42207134134        40926019     206370      76130     290000         49     5    1300000   80137000  290000000  290000000
   4      827    82830   289977     42207134143     42207424120        41216035     206308      76130     290000         37     5    1300000   80137000  290000000  290000000
   4      827    82819   290017     42207424131     42207714148        41506023     206398      76130     290000         64     5    1300000   80137000  290000000  290000000
   4      827    82826   289967     42207714158     42208004125        41796050     206290      76130     290000         41     5    1300000   80137000  290000000  290000000
   4      827    82821   290008     42208004135     42208294143        42086027     206373      76130     290000         58     5    1300000   80137000  290000000  290000000
   4      827    82826   289972     42208294153     42208584125        42376045     206323      76130     290000         41     5    1300000   80137000  290000000  290000000
   4      827    82819   289966     42208584167     42208874134        42666059     206354      76130     290000         49     5    1300000   80137000  290000000  290000000
   4      827    82826   289972     42208874143     42209164116        42956035     206327      76130     290000         32     5    1300000   80137000  290000000  290000000
   4      827    82823   290017     42209164126     42209454142        43246018     206392      76130     290000         59     5    1300000   80137000  290000000  290000000
   4      827    82825   289979     42209454152     42209744131        43536044     206322      76130     290000         48     5    1300000   80137000  290000000  290000000
   4      827    82810   289999     42209744141     42210034140        43826033     206419      76130     290000         57     5    1300000   80137000  290000000  290000000
   4      827    82828   289983     42210034150     42210324133        44116042     206350      76130     290000         49     5    1300000   80137000  290000000  290000000
   4      827    82824   289997     42210324143     42210614139        44406035     206369      76130     290000         56     5    1300000   80137000  290000000  290000000
   4      827    82823   289979     42210614149     42210904128        44696041     206325      76130     290000         44     5    1300000   80137000  290000000  290000000
   4      827    82814   290008     42210904138     42211194146        44986030     206432      76130     290000         62     5    1300000   80137000  290000000  290000000
   4      827    82831   289976     42211194156     42211484132        45276048     206290      76130     290000         48     5    1300000   80137000  290000000  290000000
   4      827    82824   290012     42211484142     42211774154        45566034     206356      76130     290000         70     5    1300000   80137000  290000000  290000000
   4      827    82827   289970     42211774165     42212064134        45856057     206281      76130     290000         51     5    1300000   80137000  290000000  290000000
   4      827    82827   290005     42212064145     42212354150        46146037     206341      76130     290000         65     5    1300000   80137000  290000000  290000000
   4      827    82826   289970     42212354161     42212644131        46436053     206302      76130     290000         48     5    1300000   80137000  290000000  290000000
   4      827    82823   290053     42212644141     42212934194        46726033     206376      76130     290000        109     5    1300000   80137000  290000000  290000000
   4      827    83186   289927     42212934206     42213224133        47016098     205555      76130     290000         49     5    1100000   80137000  290000000  290000000
   4      827    82815   289980     42213224143     42213514123        47306035     206388      76130     290000         38     5    1300000   80137000  290000000  290000000
   4      827    82823   289999     42213514133     42213804132        47596025     206380      76130     290000         48     5    1300000   80137000  290000000  290000000
   4      827    82823   290052     42213804142     42214094193        47886033     206368      76130     290000        108     5    1300000   80137000  290000000  290000000
   4      827    84117   289928     42214094206     42214384134        48176098     204293      76130     290000         50     5    1000000   80137000  290000000  290000000
   4      827    82817   289996     42214384144     42214674140        48466036     206375      76130     290000         57     5    1300000   80137000  290000000  290000000
   4      827    82836   289983     42214674150     42214964133        48756042     206296      76130     290000         49     5    1300000   80137000  290000000  290000000
   4      827    82817   289999     42214964142     42215254141        49046034     206323      76130     290000         58     5    1300000   80137000  290000000  290000000
   4      827    84275   289947     42215254185     42215544132        49336077     204098      76130     290000         49     5    1300000   80137000  290000000  290000000
   4      827    82822   290000     42215544142     42215834142        49626034     206334      76130     290000         58     5    1300000   80137000  290000000  290000000
   4      827    82826   289985     42215834152     42216124137        49916043     206319      76130     290000         53     5    1300000   80137000  290000000  290000000
   4      827    82824   289994     42216124146     42216414141        50206038     206369      76130     290000         57     5    1300000   80137000  290000000  290000000
   4      827    84275   289968     42216414150     42216704118        50496042     204205      76130     290000         34     5    1300000   80137000  290000000  290000000
   4      827    82814   290012     42216704128     42216994140        50786020     206368      76130     290000         56     5    1300000   80137000  290000000  290000000
   4      827    82826   289983     42216994150     42217284133        51076042     206302      76130     290000         49     5    1300000   80137000  290000000  290000000
   4      827    82823   290004     42217284143     42217574147        51366035     206360      76130     290000         63     5    1300000   80137000  290000000  290000000
   4      827    84269   289975     42217574157     42217864132        51656049     204189      76130     290000         49     5    1300000   80137000  290000000  290000000
   4      827    82824   289992     42217864142     42218154133        51946033     206363      76130     290000         49     5    1300000   80137000  290000000  290000000
   4      827    82833   289983     42218154143     42218444126        52236035     206294      76130     290000         42     5    1300000   80137000  290000000  290000000
   4      827    82819   289998     42218444136     42218734134        52526028     206371      76130     290000         50     5    1300000   80137000  290000000  290000000
   4      827    84277   289981     42218734144     42219024125        52816036     204217      76130     290000         41     5    1300000   80137000  290000000  290000000
   4      827    82823   290007     42219024135     42219314142        53106027     206384      76130     290000         58     5    1300000   80137000  290000000  290000000
   4      827    82823   289975     42219314152     42219604126        53396044     206319      76130     290000         43     5    1300000   80137000  290000000  290000000
   4      827    82822   290007     42219604136     42219894143        53686028     206359      76130     290000         57     5    1300000   80137000  290000000  290000000
   4      827    84277   289972     42219894153     42220184125        53976045     204187      76130     290000         41     5    1300000   80137000  290000000  290000000
   4      827    82823   290000     42220184135     42220474134        54266026     206368      76130     290000         50     5    1300000   80137000  290000000  290000000
   4      827    82823   289981     42220474145     42220764126        54556037     206351      76130     290000         43     5    1300000   80137000  290000000  290000000
   4      827    82825   290009     42220764136     42221054145        54846028     206386      76130     290000         61     5    1300000   80137000  290000000  290000000
   4      827    84276   289976     42221054156     42221344132        55136048     204121      76130     290000         48     5    1300000   80137000  290000000  290000000
   4      827    82821   289998     42221344142     42221634140        55426034     206342      76130     290000         56     5    1300000   80137000  290000000  290000000
   4      827    82829   289985     42221634150     42221924135        55716042     206277      76130     290000         51     5    1300000   80137000  290000000  290000000
   4      827    82816   289998     42221924145     42222214143        56006037     206406      76130     290000         59     5    1300000   80137000  290000000  290000000
   4      827    84276   289927     42222214189     42222504116        56296081     204194      76130     290000         32     5    1300000   80137000  290000000  290000000
   4      827    82823   290020     42222504126     42222794146        56586018     206382      76130     290000         62     5    1300000   80137000  290000000  290000000
   4      827    82832   289959     42222794157     42223084115        56876049     206323      76130     290000         32     5    1300000   80137000  290000000  290000000
   4      827    82820   290010     42223084125     42223374135        57166017     206378      76130     290000         51     5    1300000   80137000  290000000  290000000
   4      827    83652   289980     42223374145     42223664125        57456037     205231      76130     290000         41     5    1300000   80137000  290000000  290000000
   4      827    82824   290013     42223664135     42223954147        57746027     206365      76130     290000         64     5    1300000   80137000  290000000  290000000
   4      827    82824   289976     42223954157     42224244133        58036049     206292      76130     290000         49     5    1300000   80137000  290000000  290000000
   4      827    82825   289992     42224244143     42224534134        58326034     206372      76130     290000         50     5    1300000   80137000  290000000  290000000
   4      827    82817   289981     42224534145     42224824125        58616037     206390      76130     290000         42     5    1300000   80137000  290000000  290000000
   4      827    82822   290007     42224824135     42225114142        58906027     206368      76130     290000         58     5    1300000   80137000  290000000  290000000
   4      827    82825   289984     42225114152     42225404136        59196044     206308      76130     290000         52     5    1300000   80137000  290000000  290000000
   4      827    83796   290000     42225404147     42225694147        59486039     204982      76130     290000         64     5    1200000   80137000  290000000  290000000
   4      827    82828   289975     42225694157     42225984132        59776049     206307      76130     290000         48     5    1300000   80137000  290000000  290000000
   4      827    82820   289998     42225984142     42226274140        60066034     206320      76130     290000         56     5    1300000   80137000  290000000  290000000
   4      827    82833   289984     42226274149     42226564133        60356041     206316      76130     290000         50     5    1300000   80137000  290000000  290000000
   4      827    82826   289996     42226564143     42226854139        60646035     206350      76130     290000         56     5    1300000   80137000  290000000  290000000
   4      827    82824   289983     42226854149     42227144133        60936041     206317      76130     290000         49     5    1300000   80137000  290000000  290000000
   4      827    82819   289990     42227144143     42227434133        61226034     206388      76130     290000         48     5    1300000   80137000  290000000  290000000
   4      827    82828   289982     42227434143     42227724125        61516034     206334      76130     290000         41     5    1300000   80137000  290000000  290000000
   4      827    82819   289998     42227724135     42228014132        61806027     206373      76130     290000         48     5    1300000   80137000  290000000  290000000
   4      827    82825   289993     42228014142     42228304135        62096034     206320      76130     290000         51     5    1300000   80137000  290000000  290000000
   4      827    82821   289988     42228304145     42228594133        62386037     206362      76130     290000         49     5    1300000   80137000  290000000  290000000
   4      827    82823   289989     42228594143     42228884132        62676035     206346      76130     290000         48     5    1300000   80137000  290000000  290000000
   4      827    82821   289961     42228884174     42229174135        62966066     206312      76130     290000         50     5    1300000   80137000  290000000  290000000
   4      827    82831   289980     42229174145     42229464124        63256037     206321      76130     290000         41     5    1300000   80137000  290000000  290000000
   4      827    82818   289998     42229464134     42229754132        63546026     206354      76130     290000         47     5    1300000   80137000  290000000  290000000
   4      827    82826   289982     42229754142     42230044124        63836034     206334      76130     290000         41     5    1300000   80137000  290000000  290000000
   4      827    82823   290012     42230044134     42230334146        64126026     206376      76130     290000         63     5    1300000   80137000  290000000  290000000
   4      827    82832   289968     42230334156     42230624124        64416048     206318      76130     290000         41     5    1300000   80137000  290000000  290000000
   4      827    82825   290013     42230624134     42230914147        64706026     206371      76130     290000         63     5    1300000   80137000  290000000  290000000
   4      827    82823   289968     42230914157     42231204124        64996049     206288      76130     290000         41     5    1300000   80137000  290000000  290000000
   4      827    82820   290003     42231204134     42231494137        65286026     206378      76130     290000         52     5    1300000   80137000  290000000  290000000
   4      827    82828   289985     42231494147     42231784132        65576039     206298      76130     290000         48     5    1300000   80137000  290000000  290000000
   4      827    82828   290005     42231784141     42232074146        65866033     206340      76130     290000         61     5    1300000   80137000  290000000  290000000
   4      827    82827   289975     42232074156     42232364132        66156048     206280      76130     290000         48     5    1300000   80137000  290000000  290000000
   4      827    82818   289988     42232364142     42232654130        66446034     206330      76130     290000         46     5    1300000   80137000  290000000  290000000
   4      827    82827   289986     42232654140     42232944126        66736032     206340      76130     290000         42     5    1300000   80137000  290000000  290000000
   4      827    82816   290006     42232944135     42233234141        67026027     206373      76130     290000         57     5    1300000   80137000  290000000  290000000
   4      827    82823   289976     42233234151     42233524127        67316043     206321      76130     290000         43     5    1300000   80137000  290000000  290000000
   4      827    82822   290015     42233524137     42233814152        67606029     206388      76130     290000         67     5    1300000   80137000  290000000  290000000
   4      827    82830   289954     42233814162     42234104115        67896054     206296      76130     290000         32     5    1300000   80137000  290000000  290000000
   4      827    82829   290022     42234104125     42234394147        68186017     206358      76130     290000         63     5    1300000   80137000  290000000  290000000
   4      827    82825   289968     42234394157     42234684125        68476049     206310      76130     290000         42     5    1300000   80137000  290000000  290000000
   4      827    82816   290013     42234684135     42234974148        68766027     206411      76130     290000         64     5    1300000   80137000  290000000  290000000
   4      827    82833   289974     42234974158     42235264132        69056050     206285      76130     290000         48     5    1300000   80137000  290000000  290000000
   4      827    82820   290050     42235264142     42235554192        69346034     206364      76130     290000        106     5    1300000   80137000  290000000  290000000
   4      827    83180   289928     42235554204     42235844132        69636096     205602      76130     290000         49     5    1100000   80137000  290000000  290000000
   4      827    82824   289968     42235844178     42236134146        69926069     206351      76130     290000         62     5    1300000   80137000  290000000  290000000
   4      827    82826   289976     42236134156     42236424132        70216048     206286      76130     290000         48     5    1300000   80137000  290000000  290000000
   4      827    82819   290033     42236424142     42236714175        70506034     206358      76130     290000         91     5    1300000   80137000  290000000  290000000
   4      827    83968   289930     42236714187     42237004117        70796079     204474      76130     290000         33     5    1100000   80137000  290000000  290000000
   4      827    82820   290023     42237004127     42237294149        71086019     206428      76130     290000         65     5    1300000   80137000  290000000  290000000
   4      827    82826   289972     42237294159     42237584132        71376051     206317      76130     290000         48     5    1300000   80137000  290000000  290000000
   4      827    82827   290004     42237584142     42237874146        71666034     206348      76130     290000         62     5    1300000   80137000  290000000  290000000
   4      827    84258   289977     42237874156     42238164133        71956048     204031      76130     290000         49     5    1300000   80137000  290000000  290000000
   4      827    82814   290002     42238164143     42238454145        72246034     206431      76130     290000         60     5    1300000   80137000  290000000  290000000
   4      827    82830   289977     42238454155     42238744132        72536046     206305      76130     290000         48     5    1300000   80137000  290000000  290000000
   4      827    82827   290000     42238744141     42239034141        72826033     206339      76130     290000         57     5    1300000   80137000  290000000  290000000
   4      827    84275   289980     42239034151     42239324132        73116043     204238      76130     290000         48     5    1300000   80137000  290000000  290000000
   4      827    82823   290000     42239324142     42239614142        73406034     206346      76130     290000         58     5    1300000   80137000  290000000  290000000
   4      827    82828   289964     42239614152     42239904116        73696044     206293      76130     290000         32     5    1300000   80137000  290000000  290000000
   4      827    82826   290017     42239904126     42240194142        73986018     206358      76130     290000         59     5    1300000   80137000  290000000  290000000
   4      827    84270   289980     42240194152     42240484132        74276044     204207      76130     290000         48     5    1300000   80137000  290000000  290000000
   4      827    82816   289998     42240484142     42240774140        74566034     206385      76130     290000         56     5    1300000   80137000  290000000  290000000
   4      827    82825   289985     42240774150     42241064134        74856042     206324      76130     290000         50     5    1300000   80137000  290000000  290000000
   4      827    82820   290002     42241064144     42241354147        75146036     206359      76130     290000         63     5    1300000   80137000  290000000  290000000
   4      827    84262   289984     42241354156     42241644140        75436048     204189      76130     290000         57     5    1300000   80137000  290000000  290000000
   4      827    82821   289989     42241644150     42241934139        75726042     206361      76130     290000         55     5    1300000   80137000  290000000  290000000
   4      827    82828   289984     42241934149     42242224133        76016041     206319      76130     290000         49     5    1300000   80137000  290000000  290000000
   4      827    82823   290005     42242224142     42242514148        76306034     206380      76130     290000         64     5    1300000   80137000  290000000  290000000
   4      827    84276   289935     42242514198     42242804132        76596090     204120      76130     290000         49     5    1300000   80137000  290000000  290000000
   4      827    82825   290006     42242804142     42243094148        76886034     206346      76130     290000         63     5    1300000   80137000  290000000  290000000
   4      827    82828   289974     42243094158     42243384133        77176050     206314      76130     290000         49     5    1300000   80137000  290000000  290000000
   4      827    82818   289998     42243384143     42243674141        77466035     206355      76130     290000         57     5    1300000   80137000  290000000  290000000
   4      827    84281   289980     42243674151     42243964131        77756043     204227      76130     290000         48     5    1300000   80137000  290000000  290000000
   4      827    82816   290002     42243964141     42244254143        78046033     206422      76130     290000         59     5    1300000   80137000  290000000  290000000
   4      827    82830   289980     42244254153     42244544133        78336045     206286      76130     290000         49     5    1300000   80137000  290000000  290000000
   4      827    82823   289998     42244544143     42244834140        78626035     206347      76130     290000         54     5    1300000   80137000  290000000  290000000
   4      827    82822   289984     42244834152     42245124135        78916044     206293      76130     290000         52     5    1300000   80137000  290000000  290000000
   4      827    82825   289995     42245124145     42245414141        79206037     206350      76130     290000         57     5    1300000   80137000  290000000  290000000
   4      827    82828   289966     42245414151     42245704116        79496043     206304      76130     290000         33     5    1300000   80137000  290000000  290000000
   4      827    82819   290020     42245704126     42245994147        79786018     206376      76130     290000         63     5    1300000   80137000  290000000  290000000
   4      827    83661   289975     42245994157     42246284132        80076049     205212      76130     290000         48     5    1300000   80137000  290000000  290000000
   4      827    82821   289998     42246284142     42246574140        80366034     206386      76130     290000         56     5    1300000   80137000  290000000  290000000
   4      827    82826   289992     42246574150     42246864142        80656042     206329      76130     290000         59     5    1300000   80137000  290000000  290000000
   4      827    82829   289988     42246864152     42247154140        80946044     206347      76130     290000         57     5    1300000   80137000  290000000  290000000
   4      827    82828   289983     42247154150     42247444133        81236042     206338      76130     290000         49     5    1300000   80137000  290000000  290000000
   4      827    82820   290000     42247444143     42247734143        81526034     206378      76130     290000         59     5    1300000   80137000  290000000  290000000
   4      827    82831   289984     42247734152     42248024137        81816044     206307      76130     290000         53     5    1300000   80137000  290000000  290000000
   4      827    83785   289988     42248024147     42248314136        82106039     204931      76130     290000         51     5    1200000   80137000  290000000  290000000
   4      827    82826   289979     42248314146     42248604125        82396038     206313      76130     290000         42     5    1300000   80137000  290000000  290000000
   4      827    82827   290004     42248604135     42248894139        82686027     206363      76130     290000         54     5    1300000   80137000  290000000  290000000
   4      827    82827   289984     42248894150     42249184134        82976042     206340      76130     290000         50     5    1300000   80137000  290000000  290000000
   4      827    82819   289996     42249184144     42249474141        83266036     206412      76130     290000         57     5    1300000   80137000  290000000  290000000
   4      827    82832   289946     42249474186     42249764133        83556078     206267      76130     290000         49     5    1300000   80137000  290000000  290000000
   4      827    82825   289997     42249764142     42250054140        83846034     206349      76130     290000         56     5    1300000   80137000  290000000  290000000
   4      827    82829   289987     42250054150     42250344136        84136041     206290      76130     290000         53     5    1300000   80137000  290000000  290000000
   4      827    82822   289996     42250344146     42250634142        84426038     206365      76130     290000         58     5    1300000   80137000  290000000  290000000
   4      827    82825   289964     42250634152     42250924116        84716044     206305      76130     290000         32     5    1300000   80137000  290000000  290000000
   4      827    82830   290014     42250924126     42251214140        85006018     206350      76130     290000         57     5    1300000   80137000  290000000  290000000
   4      827    82828   289989     42251214150     42251504140        85296042     206309      76130     290000         56     5    1300000   80137000  290000000  290000000
   4      827    82814   289990     42251504150     42251794140        85586042     206412      76130     290000         56     5    1300000   80137000  290000000  290000000
   4      827    82828   289983     42251794150     42252084133        85876042     206303      76130     290000         49     5    1300000   80137000  290000000  290000000
   4      827    82824   290000     42252084143     42252374142        86166035     206368      76130     290000         59     5    1300000   80137000  290000000  290000000
   4      827    82826   289975     42252374152     42252664127        86456044     206323      76130     290000         43     5    1300000   80137000  290000000  290000000
   4      827    82816   289994     42252664136     42252954131        86746028     206419      76130     290000         47     5    1300000   80137000  290000000  290000000
   4      827    82825   289986     42252954140     42253244126        87036032     206327      76130     290000         43     5    1300000   80137000  290000000  290000000
   4      827    82825   289997     42253244136     42253534133        87326028     206377      76130     290000         49     5    1300000   80137000  290000000  290000000
   4      827    82829   289981     42253534143     42253824124        87616035     206325      76130     290000         41     5    1300000   80137000  290000000  290000000
   4      827    82820   290007     42253824134     42254114142        87906026     206364      76130     290000         58     5    1300000   80137000  290000000  290000000
   4      827    82818   289973     42254114151     42254404125        88196043     206343      76130     290000         41     5    1300000   80137000  290000000  290000000
   4      827    82823   290007     42254404135     42254694142        88486027     206366      76130     290000         57     5    1300000   80137000  290000000  290000000
   4      827    82825   289974     42254694152     42254984125        88776044     206310      76130     290000         42     5    1300000   80137000  290000000  290000000
   4      827    82809   290003     42254984135     42255274139        89066027     206495      76130     290000         55     5    1300000   80137000  290000000  290000000
   4      827    82827   289977     42255274148     42255564125        89356040     206310      76130     290000         42     5    1300000   80137000  290000000  290000000
   4      827    82825   290004     42255564135     42255854139        89646027     206363      76130     290000         53     5    1300000   80137000  290000000  290000000
   4      827    82828   289975     42255854151     42256144126        89936042     206300      76130     290000         42     5    1300000   80137000  290000000  290000000
   4      827    82816   289996     42256144136     42256434132        90226028     206351      76130     290000         48     5    1300000   80137000  290000000  290000000
   4      827    82826   289951     42256434175     42256724126        90516066     206296      76130     290000         42     5    1300000   80137000  290000000  290000000
   4      827    82822   289995     42256724135     42257014131        90806027     206371      76130     290000         47     5    1300000   80137000  290000000  290000000
   4      827    82825   289994     42257014140     42257304134        91096032     206319      76130     290000         50     5    1300000   80137000  290000000  290000000
