#idx     perf      run   period           start             end          rel_st      slack c_duration   c_period     wu_lat   cpu       freq dl_runtime  dl_period dl_deadline
  12      705    65615   276124    128891991222    128892267346         1553257     209831      64951     310000         44     7    1400000   68370000  310000000  310000000
  12      705    65639   309987    128892267355    128892577342         1829391     209889      64951     310000         40     7    1400000   68370000  310000000  310000000
  12      705    65632   309999    128892577352    128892887351         2139387     209931      64951     310000         49     7    1400000   68370000  310000000  310000000
  12      705    65640   309986    128892887360    128893197346         2449395     209917      64951     310000         44     7    1400000   68370000  310000000  310000000
  12      705    65647   309989    128893197355    128893507344         2759390     209866      64951     310000         42     7    1400000   68370000  310000000  310000000
  12      705    65640   309998    128893507352    128893817350         3069388     209904      64951     310000         48     7    1400000   68370000  310000000  310000000
  12      705    65633   309991    128893817359    128894127351         3379395     209921      64951     310000         49     7    1400000   68370000  310000000  310000000
  12      705    65621   309991    128894127360    128894437351         3689395     243666      64951     310000         49     7    1400000   68370000  310000000  310000000
  12      705    65611   309975    128894437360    128894747334         3999395     243738      64951     310000         33     7    1400000   68370000  310000000  310000000
  12      705    65616   310014    128894747343    128895057357         4309379     243720      64951     310000         55     7    1400000   68370000  310000000  310000000
  12      705    65615   309966    128895057366    128895367333         4619402     243725      64951     310000         31     7    1400000   68370000  310000000  310000000
  12      705    65612   310010    128895367341    128895677351         4929377     243758      64951     310000         49     7    1400000   68370000  310000000  310000000
  12      705    65611   313780    128895677360    128895991140         5239396     243733      64951     310000       3839     7    1400000   68370000  310000000  310000000
  12      705    65618   319978    128895991149    128896311127         5553185     239911      64951     310000      13826     7    1400000   68370000  310000000  310000000
  12      705    65614   319995    128896311136    128896631131         5873172     229920      64951     310000      23829     7    1400000   68370000  310000000  310000000
  12      705    65609   319949    128896631140    128896951089         6193175     219868      64951     310000      33787     7    1400000   68370000  310000000  310000000
  12      705    65614   276245    128896951098    128897227343         6513133     209934      64951     310000         41     7    1400000   68370000  310000000  310000000
  12      705    65637   309992    128897227351    128897537343         6789387     209933      64951     310000         41     7    1400000   68370000  310000000  310000000
  12      705    65633   309991    128897537352    128897847342         7099387     209991      64951     310000         41     7    1400000   68370000  310000000  310000000
  12      705    65629   309995    128897847351    128898157347         7409387     209995      64951     310000         45     7    1400000   68370000  310000000  310000000
  12      705    65638   309993    128898157356    128898467349         7719391     209870      64951     310000         47     7    1400000   68370000  310000000  310000000
  12      705    65626   309986    128898467358    128898777344         8029393     210084      64951     310000         42     7    1400000   68370000  310000000  310000000
  12      705    65634   309982    128898777352    128899087334         8339388     209918      64951     310000         32     7    1400000   68370000  310000000  310000000
  12      705    65606   309953    128899087381    128899397334         8649417     243784      64951     310000         33     7    1400000   68370000  310000000  310000000
  12      705    65610   310006    128899397343    128899707349         8959379     243774      64951     310000         47     7    1400000   68370000  310000000  310000000
  12      705    65604   309982    128899707358    128900017339         9269393     243784      64951     310000         36     7    1400000   68370000  310000000  310000000
  12      705    65620   310007    128900017348    128900327355         9579383     243688      64951     310000         53     7    1400000   68370000  310000000  310000000
  12      705    65618   309979    128900327364    128900637343         9889399     243662      64951     310000         41     7    1400000   68370000  310000000  310000000
  12      705    65608   313749    128900637352    128900951101        10199387     243767      64951     310000       3799     7    1400000   68370000  310000000  310000000
  12      705    65615   320029    128900951109    128901271138        10513145     239948      64951     310000      13836     7    1400000   68370000  310000000  310000000
  12      705    65617   319945    128901271147    128901591092        10833182     229889      64951     310000      23790     7    1400000   68370000  310000000  310000000
  12      705    65618   319972    128901591100    128901911072        11153136     219945      64951     310000      33771     7    1400000   68370000  310000000  310000000
  12      705    65616   276262    128901911081    128902187343        11473117     209973      64951     310000         41     7    1400000   68370000  310000000  310000000
  12      705    65636   309990    128902187352    128902497342        11749388     209962      64951     310000         41     7    1400000   68370000  310000000  310000000
  12      705    65627   309990    128902497351    128902807342        12059387     210032      64951     310000         40     7    1400000   68370000  310000000  310000000
  12      705    65642   309994    128902807350    128903117344        12369386     209909      64951     310000         42     7    1400000   68370000  310000000  310000000
  12      705    65636   309980    128903117353    128903427333        12679389     209902      64951     310000         32     7    1400000   68370000  310000000  310000000
  12      705    65641   310007    128903427342    128903737349        12989378     209864      64951     310000         47     7    1400000   68370000  310000000  310000000
  12      705    65628   309977    128903737358    128904047334        13299393     210045      64951     310000         32     7    1400000   68370000  310000000  310000000
  12      705    65614   310005    128904047343    128904357348        13609378     243722      64951     310000         46     7    1400000   68370000  310000000  310000000
  12      705    65610   309985    128904357358    128904667342        13919393     243720      64951     310000         41     7    1400000   68370000  310000000  310000000
  12      705    65612   310001    128904667351    128904977352        14229387     243724      64951     310000         50     7    1400000   68370000  310000000  310000000
  12      705    65608   309991    128904977361    128905287352        14539397     243719      64951     310000         51     7    1400000   68370000  310000000  310000000
  12      705    65612   309989    128905287361    128905597350        14849397     243609      64951     310000         49     7    1400000   68370000  310000000  310000000
  12      705    65604   313744    128905597359    128905911103        15159395     243842      64951     310000       3802     7    1400000   68370000  310000000  310000000
  12      705    65615   320015    128905911112    128906231127        15473147     239947      64951     310000      13825     7    1400000   68370000  310000000  310000000
  12      705    65609   319991    128906231136    128906551127        15793171     229889      64951     310000      23825     7    1400000   68370000  310000000  310000000
  12      705    65617   319874    128906551171    128906871044        16113206     219880      64951     310000      33743     7    1400000   68370000  310000000  310000000
  12      705    65609   276290    128906871053    128907147342        16433088     210095      64951     310000         41     7    1400000   68370000  310000000  310000000
  12      705    65633   310001    128907147351    128907457352        16709386     209960      64951     310000         50     7    1400000   68370000  310000000  310000000
  12      705    65622   309989    128907457361    128907767350        17019396     210120      64951     310000         48     7    1400000   68370000  310000000  310000000
  12      705    65628   309980    128907767359    128908077340        17329395     209940      64951     310000         37     7    1400000   68370000  310000000  310000000
  12      705    65629   310002    128908077349    128908387351        17639384     209954      64951     310000         49     7    1400000   68370000  310000000  310000000
  12      705    65639   309987    128908387360    128908697347        17949395     209913      64951     310000         45     7    1400000   68370000  310000000  310000000
  12      705    65632   309993    128908697356    128909007349        18259392     210001      64951     310000         47     7    1400000   68370000  310000000  310000000
  12      705    65616   309984    128909007359    128909317342        18569394     243659      64951     310000         40     7    1400000   68370000  310000000  310000000
  12      705    65618   309998    128909317351    128909627349        18879387     243723      64951     310000         48     7    1400000   68370000  310000000  310000000
  12      705    65616   309984    128909627358    128909937342        19189394     243686      64951     310000         41     7    1400000   68370000  310000000  310000000
  12      705    65614   309999    128909937351    128910247349        19499386     243758      64951     310000         47     7    1400000   68370000  310000000  310000000
  12      705    65616   309986    128910247358    128910557344        19809393     243683      64951     310000         41     7    1400000   68370000  310000000  310000000
  12      705    65616   313759    128910557353    128910871113        20119389     243699      64951     310000       3811     7    1400000   68370000  310000000  310000000
  12      705    65618   320011    128910871121    128911191132        20433157     239917      64951     310000      13831     7    1400000   68370000  310000000  310000000
  12      705    65617   319964    128911191141    128911511105        20753176     229907      64951     310000      23803     7    1400000   68370000  310000000  310000000
  12      705    65616   319964    128911511114    128911831078        21073149     219936      64951     310000      33777     7    1400000   68370000  310000000  310000000
  12      705    65616   276245    128911831087    128912107332        21393123     209962      64951     310000         31     7    1400000   68370000  310000000  310000000
  12      705    65630   310001    128912107341    128912417343        21669377     210059      64951     310000         41     7    1400000   68370000  310000000  310000000
  12      705    65639   310000    128912417352    128912727352        21979387     209921      64951     310000         50     7    1400000   68370000  310000000  310000000
  12      705    65632   309985    128912727361    128913037345        22289396     209962      64951     310000         44     7    1400000   68370000  310000000  310000000
  12      705    65638   309980    128913037354    128913347334        22599390     209904      64951     310000         32     7    1400000   68370000  310000000  310000000
  12      705    65640   310006    128913347343    128913657349        22909378     209941      64951     310000         47     7    1400000   68370000  310000000  310000000
  12      705    65632   309953    128913657389    128913967342        23219424     209956      64951     310000         40     7    1400000   68370000  310000000  310000000
  12      705    65611   309992    128913967350    128914277343        23529386     243739      64951     310000         41     7    1400000   68370000  310000000  310000000
  12      705    65604   309983    128914277351    128914587335        23839387     243820      64951     310000         33     7    1400000   68370000  310000000  310000000
  12      705    65607   309999    128914587344    128914897343        24149379     243777      64951     310000         41     7    1400000   68370000  310000000  310000000
  12      705    65617   309981    128914897351    128915207333        24459387     243712      64951     310000         31     7    1400000   68370000  310000000  310000000
  12      705    65605   310012    128915207341    128915517354        24769377     243806      64951     310000         52     7    1400000   68370000  310000000  310000000
  12      705    65614   313769    128915517363    128915831132        25079398     243724      64951     310000       3830     7    1400000   68370000  310000000  310000000
  12      705    65610   319936    128915831141    128916151076        25393176     239847      64951     310000      13775     7    1400000   68370000  310000000  310000000
  12      705    65609   320016    128916151085    128916471102        25713121     230051      64951     310000      23800     7    1400000   68370000  310000000  310000000
  12      705    65613   319950    128916471110    128916791060        26033146     219937      64951     310000      33758     7    1400000   68370000  310000000  310000000
  12      705    65620   276282    128916791068    128917067351        26353104     209985      64951     310000         49     7    1400000   68370000  310000000  310000000
  12      705    65626   309974    128917067360    128917377334        26629396     210001      64951     310000         32     7    1400000   68370000  310000000  310000000
  12      705    65639   310000    128917377343    128917687343        26939378     209853      64951     310000         41     7    1400000   68370000  310000000  310000000
  12      705    65634   309998    128917687351    128917997349        27249387     209901      64951     310000         47     7    1400000   68370000  310000000  310000000
  12      705    65633   309987    128917997358    128918307346        27559394     209777      64951     310000         44     7    1400000   68370000  310000000  310000000
  12      705    65623   309987    128918307354    128918617342        27869390     209995      64951     310000         40     7    1400000   68370000  310000000  310000000
  12      705    65639   309991    128918617351    128918927342        28179387     209891      64951     310000         40     7    1400000   68370000  310000000  310000000
  12      705    65611   309999    128918927351    128919237350        28489387     243740      64951     310000         48     7    1400000   68370000  310000000  310000000
  12      705    65614   309986    128919237360    128919547346        28799395     243709      64951     310000         44     7    1400000   68370000  310000000  310000000
  12      705    65619   309983    128919547354    128919857337        29109390     243713      64951     310000         35     7    1400000   68370000  310000000  310000000
  12      705    65615   309988    128919857346    128920167334        29419382     243722      64951     310000         33     7    1400000   68370000  310000000  310000000
  12      705    65615   309994    128920167343    128920477337        29729378     243762      64951     310000         35     7    1400000   68370000  310000000  310000000
  12      705    65617   313792    128920477346    128920791138        30039381     243743      64951     310000       3836     7    1400000   68370000  310000000  310000000
  12      705    65622   319985    128920791146    128921111131        30353182     239903      64951     310000      13830     7    1400000   68370000  310000000  310000000
  12      705    65609   319926    128921111172    128921431098        30673208     229934      64951     310000      23796     7    1400000   68370000  310000000  310000000
  12      705    65613   319968    128921431107    128921751075        30993143     219956      64951     310000      33774     7    1400000   68370000  310000000  310000000
  12      705    65613   276259    128921751084    128922027343        31313120     210000      64951     310000         41     7    1400000   68370000  310000000  310000000
  12      705    65637   309984    128922027352    128922337337        31589388     209879      64951     310000         35     7    1400000   68370000  310000000  310000000
  12      705    65633   310008    128922337346    128922647354        31899381     209944      64951     310000         52     7    1400000   68370000  310000000  310000000
  12      705    65639   309984    128922647363    128922957347        32209398     209864      64951     310000         45     7    1400000   68370000  310000000  310000000
  12      705    65625   309976    128922957356    128923267333        32519392     210053      64951     310000         31     7    1400000   68370000  310000000  310000000
  12      705    65634   310011    128923267341    128923577352        32829377     209929      64951     310000         50     7    1400000   68370000  310000000  310000000
  12      705    65632   309989    128923577361    128923887350        33139397     210003      64951     310000         49     7    1400000   68370000  310000000  310000000
  12      705    65619   309983    128923887359    128924197342        33449395     243668      64951     310000         39     7    1400000   68370000  310000000  310000000
  12      705    65606   309982    128924197351    128924507333        33759386     243739      64951     310000         31     7    1400000   68370000  310000000  310000000
  12      705    65604   309991    128924507342    128924817333        34069377     243810      64951     310000         31     7    1400000   68370000  310000000  310000000
  12      705    65609   310008    128924817341    128925127349        34379377     243704      64951     310000         47     7    1400000   68370000  310000000  310000000
  12      705    65612   309996    128925127358    128925437354        34689393     243708      64951     310000         52     7    1400000   68370000  310000000  310000000
  12      705    65611   313800    128925437363    128925751163        34999398     243782      64951     310000       3861     7    1400000   68370000  310000000  310000000
  12      705    65620   319937    128925751172    128926071109        35313207     239851      64951     310000      13808     7    1400000   68370000  310000000  310000000
  12      705    65618   319967    128926071118    128926391085        35633153     229962      64951     310000      23784     7    1400000   68370000  310000000  310000000
  12      705    65603   319962    128926391094    128926711056        35953130     220103      64951     310000      33755     7    1400000   68370000  310000000  310000000
  12      705    65618   276286    128926711065    128926987351        36273100     209978      64951     310000         49     7    1400000   68370000  310000000  310000000
  12      705    65640   309990    128926987360    128927297350        36549395     209910      64951     310000         48     7    1400000   68370000  310000000  310000000
  12      705    65630   309992    128927297359    128927607351        36859394     209902      64951     310000         49     7    1400000   68370000  310000000  310000000
  12      705    65639   309987    128927607359    128927917347        37169395     209911      64951     310000         45     7    1400000   68370000  310000000  310000000
  12      705    65634   309988    128927917356    128928227344        37479391     209933      64951     310000         42     7    1400000   68370000  310000000  310000000
  12      705    65628   309953    128928227397    128928537349        37789432     209977      64951     310000         47     7    1400000   68370000  310000000  310000000
  12      705    65633   309978    128928537358    128928847336        38099393     209924      64951     310000         34     7    1400000   68370000  310000000  310000000
  12      705    65621   310039    128928847344    128929157383        38409380     243680      64951     310000         81     7    1400000   68370000  310000000  310000000
  12      705    65611   309959    128929157392    128929467351        38719427     243666      64951     310000         50     7    1400000   68370000  310000000  310000000
  12      705    65618   309985    128929467360    128929777345        39029395     243654      64951     310000         43     7    1400000   68370000  310000000  310000000
  12      705    65612   309981    128929777354    128930087334        39339389     243737      64951     310000         33     7    1400000   68370000  310000000  310000000
  12      705    65613   310001    128930087343    128930397344        39649379     243625      64951     310000         42     7    1400000   68370000  310000000  310000000
  12      705    65608   313758    128930397353    128930711111        39959388     243779      64951     310000       3809     7    1400000   68370000  310000000  310000000
  12      705    65614   319980    128930711119    128931031100        40273155     239931      64951     310000      13798     7    1400000   68370000  310000000  310000000
  12      705    65612   319976    128931031108    128931351085        40593144     229963      64951     310000      23783     7    1400000   68370000  310000000  310000000
  12      705    65614   319997    128931351093    128931671091        40913129     219943      64951     310000      33789     7    1400000   68370000  310000000  310000000
  12      705    65615   276245    128931671099    128931947344        41233135     209970      64951     310000         42     7    1400000   68370000  310000000  310000000
  12      705    65633   310002    128931947353    128932257356        41509389     209962      64951     310000         54     7    1400000   68370000  310000000  310000000
  12      705    65634   309968    128932257365    128932567333        41819401     209898      64951     310000         32     7    1400000   68370000  310000000  310000000
  12      705    65630   309992    128932567342    128932877334        42129378     210019      64951     310000         32     7    1400000   68370000  310000000  310000000
  12      705    65635   309999    128932877342    128933187341        42439378     209943      64951     310000         39     7    1400000   68370000  310000000  310000000
  12      705    65625   309995    128933187350    128933497346        42749386     210008      64951     310000         44     7    1400000   68370000  310000000  310000000
  12      705    65634   309984    128933497355    128933807338        43059390     209915      64951     310000         36     7    1400000   68370000  310000000  310000000
  12      705    65611   310004    128933807348    128934117352        43369383     243652      64951     310000         48     7    1400000   68370000  310000000  310000000
  12      705    65613   309988    128934117361    128934427349        43679396     243717      64951     310000         47     7    1400000   68370000  310000000  310000000
  12      705    65602   309979    128934427358    128934737336        43989393     243819      64951     310000         34     7    1400000   68370000  310000000  310000000
  12      705    65604   310004    128934737345    128935047349        44299381     243731      64951     310000         48     7    1400000   68370000  310000000  310000000
  12      705    65603   309993    128935047358    128935357351        44609394     243825      64951     310000         50     7    1400000   68370000  310000000  310000000
  12      705    65616   313750    128935357360    128935671110        44919396     243714      64951     310000       3809     7    1400000   68370000  310000000  310000000
  12      705    65606   319961    128935671150    128935991111        45233185     239992      64951     310000      13809     7    1400000   68370000  310000000  310000000
  12      705    65617   319984    128935991120    128936311104        45553155     229948      64951     310000      23802     7    1400000   68370000  310000000  310000000
  12      705    65609   319972    128936311113    128936631085        45873148     219941      64951     310000      33783     7    1400000   68370000  310000000  310000000
  12      705    65616   276241    128936631094    128936907335        46193129     209966      64951     310000         33     7    1400000   68370000  310000000  310000000
  12      705    65634   309993    128936907344    128937217336        46469379     209952      64951     310000         34     7    1400000   68370000  310000000  310000000
  12      705    65626   309991    128937217345    128937527336        46779380     210054      64951     310000         34     7    1400000   68370000  310000000  310000000
  12      705    65643   310009    128937527345    128937837353        47089380     209928      64951     310000         51     7    1400000   68370000  310000000  310000000
  12      705    65638   309979    128937837363    128938147342        47399398     209917      64951     310000         40     7    1400000   68370000  310000000  310000000
  12      705    65640   310006    128938147351    128938457357        47709386     209804      64951     310000         55     7    1400000   68370000  310000000  310000000
  12      705    65643   309978    128938457366    128938767344        48019401     209894      64951     310000         42     7    1400000   68370000  310000000  310000000
  12      705    65622   309996    128938767353    128939077348        48329388     243664      64951     310000         45     7    1400000   68370000  310000000  310000000
  12      705    65618   309986    128939077357    128939387344        48639393     243684      64951     310000         42     7    1400000   68370000  310000000  310000000
  12      705    65602   309998    128939387353    128939697351        48949388     243846      64951     310000         49     7    1400000   68370000  310000000  310000000
  12      705    65606   309989    128939697360    128940007349        49259395     243786      64951     310000         47     7    1400000   68370000  310000000  310000000
  12      705    65615   309997    128940007358    128940317355        49569394     243676      64951     310000         53     7    1400000   68370000  310000000  310000000
  12      705    65615   313774    128940317364    128940631138        49879399     243715      64951     310000       3837     7    1400000   68370000  310000000  310000000
  12      705    65620   319994    128940631147    128940951141        50193183     239884      64951     310000      13839     7    1400000   68370000  310000000  310000000
  12      705    65615   319954    128940951150    128941271104        50513185     229908      64951     310000      23802     7    1400000   68370000  310000000  310000000
  12      705    65606   319964    128941271112    128941591077        50833148     220054      64951     310000      33775     7    1400000   68370000  310000000  310000000
  12      705    65620   276249    128941591085    128941867334        51153121     209947      64951     310000         32     7    1400000   68370000  310000000  310000000
  12      705    65638   310005    128941867343    128942177347        51429378     209950      64951     310000         45     7    1400000   68370000  310000000  310000000
  12      705    65633   309994    128942177356    128942487351        51739392     209870      64951     310000         49     7    1400000   68370000  310000000  310000000
  12      705    65630   309983    128942487360    128942797342        52049395     209884      64951     310000         40     7    1400000   68370000  310000000  310000000
  12      705    65626   309964    128942797381    128943107345        52359417     210000      64951     310000         43     7    1400000   68370000  310000000  310000000
  12      705    65637   309989    128943107355    128943417344        52669390     209912      64951     310000         42     7    1400000   68370000  310000000  310000000
  12      705    65627   309998    128943417353    128943727351        52979388     210022      64951     310000         49     7    1400000   68370000  310000000  310000000
  12      705    65618   309982    128943727360    128944037342        53289395     243640      64951     310000         40     7    1400000   68370000  310000000  310000000
  12      705    65608   309998    128944037351    128944347348        53599386     243794      64951     310000         46     7    1400000   68370000  310000000  310000000
  12      705    65617   309990    128944347357    128944657347        53909393     243682      64951     310000         45     7    1400000   68370000  310000000  310000000
  12      705    65600   309979    128944657356    128944967335        54219392     243874      64951     310000         34     7    1400000   68370000  310000000  310000000
  12      705    65615   309998    128944967344    128945277342        54529379     243752      64951     310000         40     7    1400000   68370000  310000000  310000000
  12      705    65608   313767    128945277351    128945591118        54839386     243791      64951     310000       3816     7    1400000   68370000  310000000  310000000
  12      705    65612   319970    128945591127    128945911097        55153162     239998      64951     310000      13795     7    1400000   68370000  310000000  310000000
  12      705    65607   320022    128945911106    128946231128        55473142     229983      64951     310000      23826     7    1400000   68370000  310000000  310000000
  12      705    65621   319882    128946231137    128946551019        55793172     219883      64951     310000      33717     7    1400000   68370000  310000000  310000000
  12      705    65612   276315    128946551028    128946827343        56113063     210022      64951     310000         40     7    1400000   68370000  310000000  310000000
  12      705    65630   309995    128946827352    128947137347        56389387     209989      64951     310000         45     7    1400000   68370000  310000000  310000000
  12      705    65639   309995    128947137356    128947447350        56699391     209887      64951     310000         49     7    1400000   68370000  310000000  310000000
  12      705    65637   310006    128947447359    128947757366        57009395     209909      64951     310000         61     7    1400000   68370000  310000000  310000000
  12      705    65637   309976    128947757374    128948067350        57319410     209879      64951     310000         49     7    1400000   68370000  310000000  310000000
  12      705    65643   309997    128948067359    128948377356        57629395     209926      64951     310000         54     7    1400000   68370000  310000000  310000000
  12      705    65641   309978    128948377365    128948687343        57939401     209845      64951     310000         41     7    1400000   68370000  310000000  310000000
  12      705    65607   309986    128948687352    128948997338        58249388     243812      64951     310000         36     7    1400000   68370000  310000000  310000000
  12      705    65608   309995    128948997347    128949307342        58559383     243654      64951     310000         41     7    1400000   68370000  310000000  310000000
  12      705    65605   309984    128949307351    128949617335        58869387     243805      64951     310000         34     7    1400000   68370000  310000000  310000000
  12      705    65615   310006    128949617344    128949927350        59179379     243730      64951     310000         48     7    1400000   68370000  310000000  310000000
  12      705    65614   309982    128949927359    128950237342        59489395     243668      64951     310000         40     7    1400000   68370000  310000000  310000000
  12      705    65617   313725    128950237382    128950551107        59799418     243665      64951     310000       3805     7    1400000   68370000  310000000  310000000
  12      705    65610   319997    128950551115    128950871113        60113151     239939      64951     310000      13811     7    1400000   68370000  310000000  310000000
  12      705    65615   319956    128950871121    128951191077        60433157     229946      64951     310000      23775     7    1400000   68370000  310000000  310000000
