#idx     perf      run   period           start             end          rel_st      slack c_duration   c_period     wu_lat   cpu       freq dl_runtime  dl_period dl_deadline
   3     4815   447499   505960     19205607584     19206113544          818782      54006     443016     580000         59     5    1400000  466333000  580000000  580000000
   3     4815   447493   778180     19206113554     19206891735         1324752      99046     443016     580000     198250     4    1400000  466333000  580000000  580000000
   3     4815   447510   451721     19206891744     19207343464         2102941     -69980     443016     580000          0     4    1400000  466333000  580000000  580000000
   3     4815   447464   510067     19207343474     19207853541         2554671      58238     443016     580000         55     5    1400000  466333000  580000000  580000000
   3     4815   447496   769111     19207853551     19208622662         3064748    -189177     443016     580000          0     5    1400000  466333000  580000000  580000000
   3     4815   447461   451667     19208622671     19209074337         3833868     -60853     443016     580000          0     5    1400000  466333000  580000000  580000000
   3     4815   447468   519195     19209074346     19209593541         4285544      67295     443016     580000         55     5    1400000  466333000  580000000  580000000
   3     4815   447488   626274     19209593550     19210219824         4804747     128286     443016     580000      46339     5    1400000  466333000  580000000  580000000
   3     4815   447505   577627     19210219833     19210797461         5431031      82416     443016     580000      43975     5    1400000  466333000  580000000  580000000
   3     4815   447523   536106     19210797469     19211333575         6008666      84348     443016     580000         89     5    1400000  466333000  580000000  580000000
   3     4815   447565   579956     19211333584     19211913540         6544781     128379     443016     580000         55     7    1400000  466333000  580000000  580000000
   3     4815   447500   579976     19211913550     19212493526         7124747     128382     443016     580000         40     4    1400000  466333000  580000000  580000000
   3     4815   447468   580005     19212493536     19213073540         7704733     128367     443016     580000         55     4    1400000  466333000  580000000  580000000
   3     4815   447498   579990     19213073550     19213653540         8284747     128374     443016     580000         54     4    1400000  466333000  580000000  580000000
   3     4815   447559   579980     19213653549     19214233528         8864746     128190     443016     580000         43     5    1400000  466333000  580000000  580000000
   3     4815   447497   580008     19214233537     19214813545         9444735       1699     443016     580000         60     4    1400000  466333000  580000000  580000000
   3     4815   447544   579990     19214813555     19215393545        10024752     128513     443016     580000         60     4    1400000  466333000  580000000  580000000
   3     4815   447505   579984     19215393554     19215973539        10604752       2010     443016     580000         53     4    1400000  466333000  580000000  580000000
   3     4815   447546   706374     19215973548     19216679922        11184746      92238     443016     580000     126437     4    1400000  466333000  580000000  580000000
   3     4815   447515   453626     19216679931     19217133557        11891128       1917     443016     580000         71     4    1400000  466333000  580000000  580000000
   3     4815   447487   653812     19217133566     19217787378        12344764      54305     443016     580000      73893     4    1400000  466333000  580000000  580000000
   3     4815   448162   579952     19217787387     19218367339        12998585      53801     443016     580000      73852     4    1400000  466333000  580000000  580000000
   3     4815   447563   743738     19218367349     19219111087        13578546      54613     443016     580000     237601     5    1400000  466333000  580000000  580000000
   3     4815   447518   451171     19219111164     19219562335        14322362    -108851     443016     580000          0     5    1400000  466333000  580000000  580000000
   3     4815   447581   645040     19219562345     19220207385        14773543    -173900     443016     580000          0     7    1400000  466333000  580000000  580000000
   3     4815   448688   452889     19220207398     19220660287        15418596     -46803     443016     580000          0     7    1400000  466333000  580000000  580000000
   3     4815   447572   651623     19220660296     19221311920        15871494    -118435     443016     580000          0     7    1400000  466333000  580000000  580000000
   3     4815   447516   461591     19221311930     19221773520        16523127      10296     443016     580000         35     5    1400000  466333000  580000000  580000000
   3     4815   447544   653797     19221773530     19222427327        16984727     128678     443016     580000      73841     5    1400000  466333000  580000000  580000000
   3     4815   447493  1112726     19222427336     19223540062        17638534      54876     443016     580000     606576     5    1400000  466333000  580000000  580000000
   3     4815   447502   451923     19223540072     19223991995        18751269    -478510     443016     580000          0     4    1400000  466333000  580000000  580000000
   3     4815   447477   451703     19223992003     19224443706        19203201    -350222     443016     580000          0     4    1400000  466333000  580000000  580000000
   3     4815   447462   451708     19224443715     19224895423        19654912    -221938     443016     580000          0     4    1400000  466333000  580000000  580000000
   3     4815   447641   453141     19224895431     19225348573        20106629     -95088     443016     580000          0     4    1400000  466333000  580000000  580000000
   3     4815   447466   782467     19225348582     19226131049        20559779      33035     443016     580000     297563     4    1400000  466333000  580000000  580000000
   3     4815   447496   451530     19226131058     19226582588        21342255    -169104     443016     580000          0     4    1400000  466333000  580000000  580000000
   3     4815   447466   451748     19226582597     19227034345        21793794     -40860     443016     580000          0     4    1400000  466333000  580000000  580000000
   3     4815   447480   665650     19227034353     19227700003        22245551      51068     443016     580000     126517     4    1400000  466333000  580000000  580000000
   3     4815   447479   453481     19227700053     19228153534        22911250       2200     443016     580000         48     4    1400000  466333000  580000000  580000000
   3     4815   447542   653875     19228153543     19228807419        23364741      54694     443016     580000      73933     4    1400000  466333000  580000000  580000000
   3     4815   448128   506104     19228807429     19229313533        24018627      53788     443016     580000         47     4    1400000  466333000  580000000  580000000
   3     4815   447535   769752     19229313546     19230083297        24524743    -189813     443016     580000          0     5    1400000  466333000  580000000  580000000
   3     4815   447532   451405     19230083309     19230534715        25294507     -61230     443016     580000          0     5    1400000  466333000  580000000  580000000
   3     4815   447504   592646     19230534724     19231127370        25745921      67125     443016     580000      73883     5    1400000  466333000  580000000  580000000
   3     4815   448764   579689     19231127380     19231707068        26338577      52844     443016     580000      73583     5    1400000  466333000  580000000  580000000
   3     4815   447551   671734     19231707078     19232378812        26918276      54585     443016     580000     165327     4    1400000  466333000  580000000  580000000
   3     4815   447467   451571     19232378822     19232830393        27590019     -36909     443016     580000          0     4    1400000  466333000  580000000  580000000
   3     4815   447515   675402     19232830445     19233505846        28041642      91173     443016     580000     132361     4    1400000  466333000  580000000  580000000
   3     4815   447474   451737     19233505856     19233957594        28717054      -4109     443016     580000          0     4    1400000  466333000  580000000  580000000
   3     4815   447479   650197     19233957603     19234607799        29168800     120631     443016     580000      74313     4    1400000  466333000  580000000  580000000
   3     4815   447502  1076244     19234607812     19235684056        29819010      54346     443016     580000     570569     4    1400000  466333000  580000000  580000000
   3     4815   447469   451673     19235684065     19236135738        30895263    -442254     443016     580000          0     7    1400000  466333000  580000000  580000000
   3     4815   447461   451728     19236135747     19236587475        31346945    -313991     443016     580000          0     7    1400000  466333000  580000000  580000000
   3     4815   447464   451757     19236587484     19237039241        31798681    -185757     443016     580000          0     7    1400000  466333000  580000000  580000000
   3     4815   447466   451778     19237039250     19237491027        32250447     -57543     443016     580000          0     7    1400000  466333000  580000000  580000000
   3     4815   447462   522503     19237491036     19238013539        32702233      70707     443016     580000         54     7    1400000  466333000  580000000  580000000
   3     4815   447528   653840     19238013549     19238667389        33224746     128615     443016     580000      73903     7    1400000  466333000  580000000  580000000
   3     4815   447548   674657     19238667398     19239342056        33878596      54598     443016     580000     168570     5    1400000  466333000  580000000  580000000
   3     4815   447520   451418     19239342065     19239793483        34553262     -39998     443016     580000          0     4    1400000  466333000  580000000  580000000
   3     4815   447526   540064     19239793492     19240333556        35004689      88635     443016     580000         71     4    1400000  466333000  580000000  580000000
   3     4815   447507   666358     19240333565     19240999923        35544763     128340     443016     580000      86438     4    1400000  466333000  580000000  580000000
   3     4815   447487   578191     19240999932     19241578123        36211130      41938     443016     580000      84638     4    1400000  466333000  580000000  580000000
   3     4815   447515   561805     19241578132     19242139938        36789330      43736     443016     580000      66452     4    1400000  466333000  580000000  580000000
   3     4815   447467   578125     19242139947     19242718071        37351144      61899     443016     580000      64586     4    1400000  466333000  580000000  580000000
   3     4815   447534   561800     19242718080     19243279880        37929278      63839     443016     580000      46395     4    1400000  466333000  580000000  580000000
   3     4815   447467   578167     19243279889     19243858057        38491087      81864     443016     580000      44571     7    1400000  466333000  580000000  580000000
   3     4815   447533   609306     19243858066     19244467371        39069263      83702     443016     580000      73886     7    1400000  466333000  580000000  580000000
   3     4815   447540   567589     19244467381     19245034970        39678578      54845     443016     580000      61485     4    1400000  466333000  580000000  580000000
   3     4815   447497   578000     19245034979     19245612979        40246176     -59494     443016     580000          0     7    1400000  466333000  580000000  580000000
   3     4815   447469   520570     19245612988     19246133558        40824185      68733     443016     580000         72     7    1400000  466333000  580000000  580000000
   3     4815   447536   579922     19246133618     19246713540        41344815       2287     443016     580000         54     7    1400000  466333000  580000000  580000000
   3     4815   447517   579983     19246713549     19247293532        41924746     128711     443016     580000         47     7    1400000  466333000  580000000  580000000
   3     4815   447500   579995     19247293541     19247873537        42504739       2060     443016     580000         50     7    1400000  466333000  580000000  580000000
   3     4815   447477   583362     19247873546     19248456908        43084744     128332     443016     580000       3423     7    1400000  466333000  580000000  580000000
   3     4815   447493   577821     19248456917     19249034738        43668115      -1254     443016     580000          0     7    1400000  466333000  580000000  580000000
   3     4815   447474   713340     19249034747     19249748087        44245945     100601     443016     580000     134601     7    1400000  466333000  580000000  580000000
   3     4815   447495   451619     19249748096     19250199715        44959293      -6230     443016     580000          0     5    1400000  466333000  580000000  580000000
   3     4815   447754   627080     19250199724     19250826804        45410921     -53319     443016     580000          0     7    1400000  466333000  580000000  580000000
   3     4815   447505   526750     19250826813     19251353563        46038011      75372     443016     580000         78     4    1400000  466333000  580000000  580000000
   3     4815   447549   579985     19251353573     19251933558        46564770     128375     443016     580000         72     7    1400000  466333000  580000000  580000000
   3     4815   447484   768913     19251933567     19252702481        47144765    -188996     443016     580000          0     5    1400000  466333000  580000000  580000000
   3     4815   447480   451821     19252702490     19253154312        47913688     -60827     443016     580000          0     5    1400000  466333000  580000000  580000000
   3     4815   447472   519223     19253154321     19253673544        48365518      67233     443016     580000         58     5    1400000  466333000  580000000  580000000
   3     4815   447519   579985     19253673553     19254253538        48884750     128642     443016     580000         53     5    1400000  466333000  580000000  580000000
   3     4815   447482   769047     19254253548     19255022595        49464745    -189110     443016     580000          0     5    1400000  466333000  580000000  580000000
   3     4815   447468   451784     19255022604     19255474388        50233802     -60904     443016     580000          0     5    1400000  466333000  580000000  580000000
   3     4815   447464   632539     19255474397     19256106936        50685594      67323     443016     580000     113451     5    1400000  466333000  580000000  580000000
   3     4815   447485   466581     19256106945     19256573526        51318142      14920     443016     580000         40     5    1400000  466333000  580000000  580000000
   3     4815   447463   660106     19256573535     19257233641        51784733     128355     443016     580000      80156     5    1400000  466333000  580000000  580000000
   3     4815   447474   499904     19257233650     19257733555        52444848      47944     443016     580000         68     5    1400000  466333000  580000000  580000000
   3     4815   447496   579960     19257733564     19258313524        52944761     114868     443016     580000         38     5    1400000  466333000  580000000  580000000
   3     4815   447526   580013     19258313532     19258893546        53524730       2149     443016     580000         61     5    1400000  466333000  580000000  580000000
   3     4815   447474   726248     19258893555     19259619803        54104752     128234     443016     580000     146317     5    1400000  466333000  580000000  580000000
   3     4815   447530   451477     19259619812     19260071289        54831009     -17804     443016     580000          0     4    1400000  466333000  580000000  580000000
   3     4815   447462   711372     19260071333     19260782705        55282530      74218     443016     580000     149219     5    1400000  466333000  580000000  580000000
   3     4815   447521   451888     19260782715     19261234602        55993912     -21117     443016     580000          0     4    1400000  466333000  580000000  580000000
   3     4815   447537   578172     19261234611     19261812783        56445808     -19299     443016     580000          0     5    1400000  466333000  580000000  580000000
   3     4815   447473   560748     19261812792     19262373541        57023990     108887     443016     580000         55     4    1400000  466333000  580000000  580000000
   3     4815   447533   666387     19262373550     19263039937        57584748     128465     443016     580000      86452     4    1400000  466333000  580000000  580000000
   3     4815   447490   578023     19263039946     19263617969        58251144      42014     443016     580000      84484     4    1400000  466333000  580000000  580000000
   3     4815   447523   561990     19263617978     19264179968        58829176      44061     443016     580000      66483     4    1400000  466333000  580000000  580000000
   3     4815   447516   513568     19264179978     19264693546        59391175      62169     443016     580000         60     4    1400000  466333000  580000000  580000000
   3     4815   447516   579967     19264693555     19265273522        59904753     128571     443016     580000         37     4    1400000  466333000  580000000  580000000
   3     4815   447486   577887     19265319932     19265897819        60531129      82151     443016     580000      44334     4    1400000  466333000  580000000  580000000
   3     4815   447526   609513     19265897828     19266507341        61109025      83930     443016     580000      73856     4    1400000  466333000  580000000  580000000
   3     4815   447482   506171     19266507350     19267013521        61718548      54318     443016     580000         36     5    1400000  466333000  580000000  580000000
   3     4815   447473   540254     19267127106     19267667360        62338303      14695     443016     580000      73874     5    1400000  466333000  580000000  580000000
   3     4815   447492   506169     19267667369     19268173538        62878566      54519     443016     580000         52     5    1400000  466333000  580000000  580000000
   3     4815   447538   683476     19268173547     19268857023        63384744       2247     443016     580000     103537     7    1400000  466333000  580000000  580000000
   3     4815   447504   476521     19268857032     19269333553        64068229      25204     443016     580000         68     7    1400000  466333000  580000000  580000000
   3     4815   447498   579977     19269333562     19269913540        64544760       2371     443016     580000         55     7    1400000  466333000  580000000  580000000
   3     4815   447515   587316     19269913549     19270500865        65124746     128629     443016     580000       7379     7    1400000  466333000  580000000  580000000
   3     4815   447523   577446     19270500874     19271078319        65712071      -4835     443016     580000          0     7    1400000  466333000  580000000  580000000
   3     4815   447512   701475     19271078329     19271779803        66289526      87553     443016     580000     126318     7    1400000  466333000  580000000  580000000
   3     4815   447482   453711     19271779812     19272233523        66991009       2037     443016     580000         37     7    1400000  466333000  580000000  580000000
   3     4815   447479   630290     19272257027     19272887317        67468224      40932     443016     580000      73831     7    1400000  466333000  580000000  580000000
   3     4815   447517   823720     19272887326     19273711046        68098523      54924     443016     580000     317560     7    1400000  466333000  580000000  580000000
   3     4815   447466   451670     19273711087     19274162757        68922285    -189273     443016     580000          0     4    1400000  466333000  580000000  580000000
   3     4815   447466   451780     19274162766     19274614547        69373964     -61062     443016     580000          0     4    1400000  466333000  580000000  580000000
   3     4815   447467   585291     19274614556     19275199847        69825753      67068     443016     580000      66362     4    1400000  466333000  580000000  580000000
   3     4815   447535   513685     19275199855     19275713540        70411053      62141     443016     580000         55     4    1400000  466333000  580000000  580000000
   3     4815   447499   769265     19275713550     19276482815        70924747    -189330     443016     580000          0     7    1400000  466333000  580000000  580000000
   3     4815   447464   451729     19276482824     19276934553        71694021     -61069     443016     580000          0     7    1400000  466333000  580000000  580000000
   3     4815   447465   592789     19276934562     19277527351        72145760      67065     443016     580000      73866     7    1400000  466333000  580000000  580000000
   3     4815   447483   506181     19277527360     19278033541        72738558      54805     443016     580000         56     7    1400000  466333000  580000000  580000000
   3     4815   447500   769196     19278033551     19278802747        73244748    -189263     443016     580000          0     4    1400000  466333000  580000000  580000000
   3     4815   447471   451740     19278802756     19279254496        74013954     -61011     443016     580000          0     4    1400000  466333000  580000000  580000000
   3     4815   447468   652405     19279254505     19279906910        74465702      67200     443016     580000     133425     4    1400000  466333000  580000000  580000000
   3     4815   447506   451137     19279906919     19280358056        75118117      -4572     443016     580000          0     4    1400000  466333000  580000000  580000000
   3     4815   447521   577932     19280358065     19280935997        75569263      -2513     443016     580000          0     4    1400000  466333000  580000000  580000000
   3     4815   447456   577496     19280936051     19281513547        76147248     125843     443016     580000         61     4    1400000  466333000  580000000  580000000
   3     4815   447548   579992     19281513556     19282093547        76724753       2222     443016     580000         62     4    1400000  466333000  580000000  580000000
   3     4815   447822   706360     19282093556     19282799916        77304754      89910     443016     580000     126431     4    1400000  466333000  580000000  580000000
   3     4815   447566   525426     19282799925     19283325350        78011122     -71866     443016     580000          0     4    1400000  466333000  580000000  580000000
   3     4815   447496   581962     19283325359     19283907322        78536557      56711     443016     580000      73836     4    1400000  466333000  580000000  580000000
   3     4815   447523   577537     19283907330     19284484867        79118528      55000     443016     580000      71382     4    1400000  466333000  580000000  580000000
   3     4815   447524   595017     19284484876     19285079894        79696074      57272     443016     580000      86408     7    1400000  466333000  580000000  580000000
   3     4815   447538   493638     19285079903     19285573541        80291100      41794     443016     580000         54     5    1400000  466333000  580000000  580000000
   3     4815   447491   646329     19285573550     19286219879        80784748     128273     443016     580000      66394     4    1400000  466333000  580000000  580000000
   3     4815   447509   587491     19286219888     19286807379        81431086      62224     443016     580000      73894     4    1400000  466333000  580000000  580000000
   3     4815   447526   552523     19286807388     19287359911        82018585      54375     443016     580000      46425     5    1400000  466333000  580000000  580000000
   3     4815   447453   578031     19287359956     19287937986        82571153      81951     443016     580000      44501     4    1400000  466333000  580000000  580000000
   3     4815   447541   609380     19287937995     19288547375        83149193      83797     443016     580000      73890     4    1400000  466333000  580000000  580000000
   3     4815   447491   579986     19288547384     19289127370        83758581      54622     443016     580000      73885     4    1400000  466333000  580000000  580000000
   3     4815   447507   579946     19289127379     19289707325        84338576      54395     443016     580000      73839     4    1400000  466333000  580000000  580000000
   3     4815   447530   773481     19289707333     19290480814        84918531      54554     443016     580000     267329     7    1400000  466333000  580000000  580000000
   3     4815   447465   451779     19290480823     19290932603        85692021    -139118     443016     580000          0     5    1400000  466333000  580000000  580000000
   3     4815   447462   451725     19290932612     19291384337        86143809     -10852     443016     580000          0     5    1400000  466333000  580000000  580000000
   3     4815   447471   602417     19291384346     19291986762        86595543     117300     443016     580000      33277     5    1400000  466333000  580000000  580000000
   3     4815   447510   693196     19291986771     19292679967        87197969      95471     443016     580000     146482     5    1400000  466333000  580000000  580000000
   3     4815   447545   451495     19292679976     19293131472        87891174     -17987     443016     580000          0     7    1400000  466333000  580000000  580000000
   3     4815   447492   688439     19293131481     19293819919        88342678      73916     443016     580000     126434     4    1400000  466333000  580000000  580000000
   3     4815   447479   453599     19293819928     19294273527        89031126       1789     443016     580000         41     4    1400000  466333000  580000000  580000000
   3     4815   447484   525411     19294357049     19294882460        89568247     -28976     443016     580000          0     4    1400000  466333000  580000000  580000000
