#idx     perf      run   period           start             end          rel_st      slack c_duration   c_period     wu_lat   cpu       freq dl_runtime  dl_period dl_deadline
   4      400    39213   149792     66060626807     66060776599         2318483     108854      36868     150000         34     4     200000   38868000  150000000  150000000
   4      400    37242   149988     66060776609     66060926597         2468284     112255      36868     150000         33     4    1400000   38868000  150000000  150000000
   4      400    37247   149990     66060926607     66061076597         2618282     112256      36868     150000         32     4    1400000   38868000  150000000  150000000
   4      400    37244   150002     66061076606     66061226607         2768281     112322      36868     150000         42     4    1400000   38868000  150000000  150000000
   4      400    37600   149965     66061226637     66061376602         2918313     111674      36868     150000         38     4    1200000   38868000  150000000  150000000
   4      400    37249   149986     66061376611     66061526598         3068287     112349      36868     150000         33     4    1400000   38868000  150000000  150000000
   4      400    37249   149992     66061526607     66061676599         3218282     112301      36868     150000         34     4    1400000   38868000  150000000  150000000
   4      400    37247   149991     66061676608     66061826599         3368283     112334      36868     150000         34     4    1400000   38868000  150000000  150000000
   4      400    37245   150007     66061826608     66061976614         3518283     112293      36868     150000         49     4    1400000   38868000  150000000  150000000
   4      400    37247   149981     66061976624     66062126604         3668299     112289      36868     150000         39     4    1400000   38868000  150000000  150000000
   4      400    37249   150000     66062126613     66062276613         3818289     112247      36868     150000         48     4    1400000   38868000  150000000  150000000
   4      400    37620   149975     66062276624     66062426598         3968299     111678      36868     150000         34     4    1200000   38868000  150000000  150000000
   4      400    37247   149996     66062426607     66062576603         4118283     112285      36868     150000         38     4    1400000   38868000  150000000  150000000
   4      400    37449   150014     66062576633     66062726647         4268308     111866      36868     150000         82     4    1300000   38868000  150000000  150000000
   4      400    37451   149943     66062726656     66062876600         4418332     111818      36868     150000         35     4    1300000   38868000  150000000  150000000
   4      400    37247   149988     66062876609     66063026597         4568284     112332      36868     150000         32     4    1400000   38868000  150000000  150000000
   4      400    37244   149992     66063026606     66063176597         4718281     112361      36868     150000         33     4    1400000   38868000  150000000  150000000
   4      400    37244   149993     66063176606     66063326599         4868282     112324      36868     150000         34     4    1400000   38868000  150000000  150000000
   4      400    37246   150001     66063326608     66063476608         5018283     112260      36868     150000         43     4    1400000   38868000  150000000  150000000
   4      400    37251   150002     66063476618     66063626620         5168294     112305      36868     150000         55     4    1400000   38868000  150000000  150000000
   4      400    37249   149976     66063626629     66063776605         5318305     112284      36868     150000         40     4    1400000   38868000  150000000  150000000
   4      400    37249   149996     66063776614     66063926609         5468289     112329      36868     150000         43     4    1400000   38868000  150000000  150000000
   4      400    37634   149977     66063926620     66064076597         5618295     111649      36868     150000         32     4    1200000   38868000  150000000  150000000
   4      400    37244   149959     66064076647     66064226606         5768322     112295      36868     150000         41     4    1400000   38868000  150000000  150000000
   4      400    38331   150002     66064226615     66064376618         5918291     111011      36868     150000         53     4    1400000   38868000  150000000  150000000
   4      400    37248   149970     66064376626     66064526596         6068302     112292      36868     150000         31     4    1400000   38868000  150000000  150000000
   4      400    37253   149998     66064526605     66064676603         6218281     112303      36868     150000         38     4    1400000   38868000  150000000  150000000
   4      400    37455   149971     66064676632     66064826603         6368308     111913      36868     150000         38     4    1300000   38868000  150000000  150000000
   4      400    37445   149987     66064826613     66064976600         6518288     111870      36868     150000         35     4    1300000   38868000  150000000  150000000
   4      400    37252   150011     66064976609     66065126619         6668284     112279      36868     150000         55     4    1400000   38868000  150000000  150000000
   4      400    37253   149970     66065126629     66065276599         6818304     112262      36868     150000         35     4    1400000   38868000  150000000  150000000
   4      400    37249   149990     66065276608     66065426598         6968284     112342      36868     150000         34     4    1400000   38868000  150000000  150000000
   4      400    37255   150009     66065426607     66065576616         7118283     112298      36868     150000         50     4    1400000   38868000  150000000  150000000
   4      400    37629   149980     66065576626     66065726606         7268302     111729      36868     150000         41     4    1200000   38868000  150000000  150000000
   4      400    37248   150003     66065726615     66065876619         7418291     112293      36868     150000         54     4    1400000   38868000  150000000  150000000
   4      400    37249   149968     66065876628     66066026596         7568303     112303      36868     150000         32     4    1400000   38868000  150000000  150000000
   4      400    37254   149993     66066026605     66066176598         7718280     112312      36868     150000         33     4    1400000   38868000  150000000  150000000
   4      400    37248   149989     66066176606     66066326596         7868282     112360      36868     150000         31     4    1400000   38868000  150000000  150000000
   4      400    37251   149996     66066326604     66066476600         8018280     112322      36868     150000         35     4    1400000   38868000  150000000  150000000
   4      400    37249   150008     66066476609     66066626617         8168285     112351      36868     150000         53     4    1400000   38868000  150000000  150000000
   4      400    37249   149977     66066626627     66066776604         8318302     112275      36868     150000         39     4    1400000   38868000  150000000  150000000
   4      400    37447   149977     66066776633     66066926610         8468309     111899      36868     150000         45     4    1300000   38868000  150000000  150000000
   4      400    37448   149975     66066926620     66067076595         8618295     111814      36868     150000         31     4    1300000   38868000  150000000  150000000
   4      400    37245   150008     66067076604     66067226612         8768279     112310      36868     150000         47     4    1400000   38868000  150000000  150000000
   4      400    37604   149975     66067226642     66067376618         8918318     111704      36868     150000         53     4    1200000   38868000  150000000  150000000
   4      400    37240   149971     66067376626     66067526597         9068302     112374      36868     150000         33     4    1400000   38868000  150000000  150000000
   4      400    37246   149990     66067526606     66067676596         9218281     112276      36868     150000         31     4    1400000   38868000  150000000  150000000
   4      400    37243   149959     66067676636     66067826595         9368312     112268      36868     150000         31     4    1400000   38868000  150000000  150000000
   4      400    37246   149993     66067826604     66067976597         9518280     112273      36868     150000         32     4    1400000   38868000  150000000  150000000
   4      400    37249   150013     66067976606     66068126619         9668282     112324      36868     150000         54     4    1400000   38868000  150000000  150000000
   4      400    37248   149970     66068126628     66068276598         9818303     112295      36868     150000         33     4    1400000   38868000  150000000  150000000
   4      400    37244   149990     66068276607     66068426597         9968283     112355      36868     150000         32     4    1400000   38868000  150000000  150000000
   4      400    37250   149992     66068426606     66068576598        10118281     112292      36868     150000         34     4    1400000   38868000  150000000  150000000
   4      400    37246   149992     66068576607     66068726600        10268283     112357      36868     150000         35     4    1400000   38868000  150000000  150000000
   4      400    37250   150046     66068726608     66068876654        10418284     112349      36868     150000         89     4    1400000   38868000  150000000  150000000
   4      400    37456   149944     66068876664     66069026608        10568339     111867      36868     150000         43     4    1300000   38868000  150000000  150000000
   4      400    37452   149960     66069026637     66069176597        10718312     111838      36868     150000         32     4    1300000   38868000  150000000  150000000
   4      400    37241   149991     66069176606     66069326597        10868281     112373      36868     150000         32     4    1400000   38868000  150000000  150000000
   4      400    37250   149992     66069326605     66069476597        11018281     112262      36868     150000         32     4    1400000   38868000  150000000  150000000
   4      400    37245   150012     66069476605     66069626617        11168281     112315      36868     150000         52     4    1400000   38868000  150000000  150000000
   4      400    37251   149973     66069626626     66069776599        11318302     112271      36868     150000         34     4    1400000   38868000  150000000  150000000
   4      400    37246   150003     66069776608     66069926611        11468283     112298      36868     150000         44     4    1400000   38868000  150000000  150000000
   4      400    37630   149981     66069926622     66070076603        11618297     111687      36868     150000         38     4    1200000   38868000  150000000  150000000
   4      400    37246   149987     66070076613     66070226600        11768288     112285      36868     150000         35     4    1400000   38868000  150000000  150000000
   4      400    37244   150009     66070226609     66070376617        11918284     112268      36868     150000         53     4    1400000   38868000  150000000  150000000
   4      400    37246   149985     66070376626     66070526611        12068302     112299      36868     150000         46     4    1400000   38868000  150000000  150000000
   4      400    37599   149954     66070526642     66070676596        12218318     111673      36868     150000         32     4    1200000   38868000  150000000  150000000
   4      400    37245   149993     66070676605     66070826598        12368280     112312      36868     150000         34     4    1400000   38868000  150000000  150000000
   4      400    38897   149996     66070826607     66070976603        12518282     110153      36868     150000         38     4    1400000   38868000  150000000  150000000
   4      400    37448   150029     66070976615     66071126644        12668291     111872      36868     150000         61     4    1300000   38868000  150000000  150000000
   4      400    37452   149912     66071126688     66071276600        12818363     111787      36868     150000         35     4    1300000   38868000  150000000  150000000
   4      400    37246   149987     66071276609     66071426596        12968285     112348      36868     150000         31     4    1400000   38868000  150000000  150000000
   4      400    37252   149996     66071426605     66071576600        13118280     112301      36868     150000         36     4    1400000   38868000  150000000  150000000
   4      400    37247   149990     66071576609     66071726599        13268284     112320      36868     150000         34     4    1400000   38868000  150000000  150000000
   4      400    37254   150009     66071726608     66071876617        13418283     112272      36868     150000         52     4    1400000   38868000  150000000  150000000
   4      400    37247   149971     66071876626     66072026597        13568302     112319      36868     150000         33     4    1400000   38868000  150000000  150000000
   4      400    37255   150004     66072026606     66072176610        13718282     112314      36868     150000         44     4    1400000   38868000  150000000  150000000
   4      400    37603   149975     66072176622     66072326597        13868297     111735      36868     150000         32     4    1200000   38868000  150000000  150000000
   4      400    37244   149991     66072326606     66072476597        14018281     112255      36868     150000         32     4    1400000   38868000  150000000  150000000
   4      400    37241   150012     66072476605     66072626617        14168281     112389      36868     150000         53     4    1400000   38868000  150000000  150000000
   4      400    37253   149972     66072626627     66072776599        14318302     112276      36868     150000         34     4    1400000   38868000  150000000  150000000
   4      400    37246   149991     66072776607     66072926598        14468283     112347      36868     150000         34     4    1400000   38868000  150000000  150000000
   4      400    37247   149997     66072926607     66073076604        14618283     112263      36868     150000         40     4    1400000   38868000  150000000  150000000
   4      400    37446   149978     66073076634     66073226611        14768309     111893      36868     150000         45     4    1300000   38868000  150000000  150000000
   4      400    37448   149996     66073226622     66073376618        14918297     111813      36868     150000         53     4    1300000   38868000  150000000  150000000
   4      400    37247   149977     66073376627     66073526604        15068302     112311      36868     150000         38     4    1400000   38868000  150000000  150000000
   4      400    37247   149986     66073526613     66073676598        15218288     112290      36868     150000         34     4    1400000   38868000  150000000  150000000
   4      400    37242   149997     66073676607     66073826605        15368283     112327      36868     150000         40     4    1400000   38868000  150000000  150000000
   4      400    37599   149980     66073826616     66073976596        15518291     111668      36868     150000         31     4    1200000   38868000  150000000  150000000
   4      400    37244   150013     66073976605     66074126618        15668280     112299      36868     150000         53     4    1400000   38868000  150000000  150000000
   4      400    37252   149972     66074126627     66074276599        15818302     112247      36868     150000         35     4    1400000   38868000  150000000  150000000
   4      400    37244   149988     66074276608     66074426596        15968284     112372      36868     150000         32     4    1400000   38868000  150000000  150000000
   4      400    37248   149991     66074426605     66074576597        16118281     112309      36868     150000         32     4    1400000   38868000  150000000  150000000
   4      400    37248   149992     66074576606     66074726597        16268281     112343      36868     150000         33     4    1400000   38868000  150000000  150000000
   4      400    37248   150013     66074726637     66074876651        16418313     112276      36868     150000         85     4    1400000   38868000  150000000  150000000
   4      400    37608   149937     66074876661     66075026599        16568337     111690      36868     150000         34     4    1200000   38868000  150000000  150000000
   4      400    37244   150001     66075026607     66075176608        16718283     112366      36868     150000         43     4    1400000   38868000  150000000  150000000
   4      400    37462   149988     66075176618     66075326606        16868293     111882      36868     150000         41     4    1300000   38868000  150000000  150000000
   4      400    37453   149977     66075326635     66075476612        17018310     111855      36868     150000         47     4    1300000   38868000  150000000  150000000
   4      400    37610   149975     66075476642     66075626617        17168318     111726      36868     150000         52     4    1200000   38868000  150000000  150000000
   4      400    37252   149970     66075626626     66075776596        17318302     112274      36868     150000         32     4    1400000   38868000  150000000  150000000
   4      400    37250   149994     66075776605     66075926599        17468281     112341      36868     150000         35     4    1400000   38868000  150000000  150000000
   4      400    37249   149990     66075926608     66076076598        17618284     112250      36868     150000         33     4    1400000   38868000  150000000  150000000
   4      400    37245   149993     66076076606     66076226599        17768282     112312      36868     150000         35     4    1400000   38868000  150000000  150000000
   4      400    37249   150018     66076226608     66076376626        17918284     112291      36868     150000         61     4    1400000   38868000  150000000  150000000
   4      400    37252   149961     66076376635     66076526596        18068311     112286      36868     150000         32     4    1400000   38868000  150000000  150000000
   4      400    37254   149991     66076526605     66076676597        18218281     112302      36868     150000         32     4    1400000   38868000  150000000  150000000
   4      400    38222   149990     66076676605     66076826596        18368281     110869      36868     150000         31     4    1400000   38868000  150000000  150000000
   4      400    37241   149993     66076826605     66076976598        18518280     112356      36868     150000         33     4    1400000   38868000  150000000  150000000
   4      400    37243   150047     66076976607     66077126654        18668282     112320      36868     150000         88     4    1400000   38868000  150000000  150000000
   4      400    37604   149939     66077126664     66077276604        18818340     111666      36868     150000         39     4    1200000   38868000  150000000  150000000
   4      400    37454   149966     66077276632     66077426599        18968308     111902      36868     150000         34     4    1300000   38868000  150000000  150000000
   4      400    37253   149988     66077426608     66077576596        19118283     112283      36868     150000         31     4    1400000   38868000  150000000  150000000
   4      400    37242   149997     66077576604     66077726602        19268280     112335      36868     150000         37     4    1400000   38868000  150000000  150000000
   4      400    37246   150007     66077726610     66077876617        19418286     112275      36868     150000         52     4    1400000   38868000  150000000  150000000
   4      400    37249   149970     66077876626     66078026597        19568302     112270      36868     150000         32     4    1400000   38868000  150000000  150000000
   4      400    37252   149993     66078026605     66078176598        19718281     112286      36868     150000         33     4    1400000   38868000  150000000  150000000
   4      400    37247   149960     66078176636     66078326596        19868311     112301      36868     150000         31     4    1400000   38868000  150000000  150000000
   4      400    37247   149993     66078326604     66078476597        20018280     112309      36868     150000         33     4    1400000   38868000  150000000  150000000
   4      400    37247   150011     66078476606     66078626617        20168282     112347      36868     150000         52     4    1400000   38868000  150000000  150000000
   4      400    37251   149978     66078626626     66078776604        20318302     112270      36868     150000         39     4    1400000   38868000  150000000  150000000
   4      400    37602   149982     66078776615     66078926597        20468290     111722      36868     150000         33     4    1200000   38868000  150000000  150000000
   4      400    37246   149990     66078926606     66079076596        20618282     112260      36868     150000         31     4    1400000   38868000  150000000  150000000
   4      400    37244   150005     66079076604     66079226609        20768280     112302      36868     150000         44     4    1400000   38868000  150000000  150000000
   4      400    37601   149991     66079226639     66079376630        20918315     111666      36868     150000         65     4    1200000   38868000  150000000  150000000
   4      400    37463   149951     66079376659     66079526611        21068335     111896      36868     150000         43     4    1300000   38868000  150000000  150000000
   4      400    37469   149974     66079526622     66079676596        21218297     111821      36868     150000         32     4    1300000   38868000  150000000  150000000
   4      400    37246   150002     66079676605     66079826608        21368281     112344      36868     150000         43     4    1400000   38868000  150000000  150000000
   4      400    37603   149962     66079826637     66079976599        21518313     111666      36868     150000         35     4    1200000   38868000  150000000  150000000
   4      400    37247   150009     66079976608     66080126617        21668284     112304      36868     150000         53     4    1400000   38868000  150000000  150000000
   4      400    37251   149972     66080126626     66080276598        21818302     112268      36868     150000         33     4    1400000   38868000  150000000  150000000
   4      400    37602   150007     66080276607     66080426614        21968282     111794      36868     150000         47     4    1400000   38868000  150000000  150000000
   4      400    37604   149953     66080426645     66080576597        22118320     111705      36868     150000         33     4    1200000   38868000  150000000  150000000
   4      400    37249   149992     66080576606     66080726599        22268282     112339      36868     150000         34     4    1400000   38868000  150000000  150000000
   4      400    37251   150011     66080726607     66080876619        22418283     112305      36868     150000         54     4    1400000   38868000  150000000  150000000
   4      400    37252   149970     66080876628     66081026598        22568303     112282      36868     150000         33     4    1400000   38868000  150000000  150000000
   4      400    38920   149992     66081026607     66081176598        22718282     110188      36868     150000         34     4    1400000   38868000  150000000  150000000
   4      400    37247   149989     66081176607     66081326597        22868283     112341      36868     150000         32     4    1400000   38868000  150000000  150000000
   4      400    37247   149998     66081326605     66081476603        23018281     112274      36868     150000         38     4    1400000   38868000  150000000  150000000
   4      400    37452   149988     66081476632     66081626621        23168308     111879      36868     150000         55     4    1300000   38868000  150000000  150000000
   4      400    37452   149966     66081626632     66081776598        23318307     111829      36868     150000         33     4    1300000   38868000  150000000  150000000
   4      400    37251   149962     66081776637     66081926598        23468312     112296      36868     150000         34     4    1400000   38868000  150000000  150000000
   4      400    37244   150009     66081926607     66082076616        23618283     112335      36868     150000         51     4    1400000   38868000  150000000  150000000
   4      400    37621   149973     66082076627     66082226600        23768302     111684      36868     150000         35     4    1200000   38868000  150000000  150000000
   4      400    37248   150010     66082226609     66082376619        23918284     112264      36868     150000         54     4    1400000   38868000  150000000  150000000
   4      400    37252   149974     66082376628     66082526602        24068303     112280      36868     150000         37     4    1400000   38868000  150000000  150000000
   4      400    37250   149995     66082526611     66082676605        24218286     112313      36868     150000         41     4    1400000   38868000  150000000  150000000
   4      400    37246   149984     66082676614     66082826598        24368290     112333      36868     150000         34     4    1400000   38868000  150000000  150000000
   4      400    37245   149991     66082826607     66082976598        24518283     112345      36868     150000         33     4    1400000   38868000  150000000  150000000
   4      400    37249   150010     66082976607     66083126617        24668282     112341      36868     150000         52     4    1400000   38868000  150000000  150000000
   4      400    37250   149974     66083126626     66083276600        24818302     112260      36868     150000         35     4    1400000   38868000  150000000  150000000
   4      400    37250   149989     66083276609     66083426597        24968284     112324      36868     150000         33     4    1400000   38868000  150000000  150000000
   4      400    37251   149998     66083426606     66083576604        25118282     112311      36868     150000         39     4    1400000   38868000  150000000  150000000
   4      400    37456   150000     66083576616     66083726616        25268291     111905      36868     150000         50     4    1300000   38868000  150000000  150000000
   4      400    37466   149993     66083726626     66083876619        25418302     111863      36868     150000         54     4    1300000   38868000  150000000  150000000
   4      400    37250   149970     66083876628     66084026598        25568304     112300      36868     150000         33     4    1400000   38868000  150000000  150000000
   4      400    37248   149997     66084026607     66084176604        25718282     112241      36868     150000         39     4    1400000   38868000  150000000  150000000
   4      400    37601   149962     66084176634     66084326596        25868310     111707      36868     150000         32     4    1200000   38868000  150000000  150000000
   4      400    37244   149992     66084326605     66084476597        26018281     112264      36868     150000         33     4    1400000   38868000  150000000  150000000
   4      400    37240   150004     66084476606     66084626610        26168282     112377      36868     150000         46     4    1400000   38868000  150000000  150000000
   4      400    37252   149978     66084626620     66084776597        26318295     112275      36868     150000         33     4    1400000   38868000  150000000  150000000
   4      400    37251   149990     66084776606     66084926596        26468282     112319      36868     150000         32     4    1400000   38868000  150000000  150000000
   4      400    37254   149991     66084926605     66085076596        26618280     112310      36868     150000         32     4    1400000   38868000  150000000  150000000
   4      400    37247   149992     66085076605     66085226597        26768280     112344      36868     150000         32     4    1400000   38868000  150000000  150000000
   4      400    37251   149991     66085226635     66085376626        26918311     112275      36868     150000         59     4    1400000   38868000  150000000  150000000
   4      400    37636   149960     66085376637     66085526597        27068312     111659      36868     150000         32     4    1200000   38868000  150000000  150000000
   4      400    37249   150000     66085526606     66085676606        27218281     112302      36868     150000         41     4    1400000   38868000  150000000  150000000
   4      400    37458   149980     66085676635     66085826615        27368311     111900      36868     150000         50     4    1300000   38868000  150000000  150000000
   4      400    37458   149974     66085826626     66085976600        27518301     111858      36868     150000         35     4    1300000   38868000  150000000  150000000
   4      400    37244   150009     66085976609     66086126618        27668284     112348      36868     150000         53     4    1400000   38868000  150000000  150000000
   4      400    37260   149970     66086126627     66086276597        27818303     112240      36868     150000         32     4    1400000   38868000  150000000  150000000
   4      400    37240   149995     66086276606     66086426601        27968281     112409      36868     150000         36     4    1400000   38868000  150000000  150000000
   4      400    37250   149988     66086426610     66086576598        28118286     112301      36868     150000         34     4    1400000   38868000  150000000  150000000
   4      400    37246   149991     66086576607     66086726598        28268282     112307      36868     150000         33     4    1400000   38868000  150000000  150000000
   4      400    37247   149997     66086726606     66086876604        28418282     112267      36868     150000         39     4    1400000   38868000  150000000  150000000
   4      400    37251   149993     66086876613     66087026606        28568288     112268      36868     150000         39     4    1400000   38868000  150000000  150000000
   4      400    37598   149979     66087026617     66087176596        28718292     111681      36868     150000         31     4    1200000   38868000  150000000  150000000
   4      400    37244   149993     66087176605     66087326598        28868281     112328      36868     150000         34     4    1400000   38868000  150000000  150000000
   4      400    37252   149990     66087326607     66087476597        29018282     112262      36868     150000         32     4    1400000   38868000  150000000  150000000
   4      400    37243   150005     66087476605     66087626610        29168281     112308      36868     150000         45     4    1400000   38868000  150000000  150000000
   4      400    38174   149989     66087626619     66087776608        29318294     110911      36868     150000         43     4    1400000   38868000  150000000  150000000
   4      400    37448   149973     66087776637     66087926610        29468312     111862      36868     150000         44     4    1300000   38868000  150000000  150000000
   4      400    37460   149976     66087926619     66088076596        29618295     111821      36868     150000         31     4    1300000   38868000  150000000  150000000
   4      400    37245   149994     66088076605     66088226598        29768280     112328      36868     150000         34     4    1400000   38868000  150000000  150000000
   4      400    37247   149995     66088226607     66088376603        29918283     112283      36868     150000         38     4    1400000   38868000  150000000  150000000
   4      400    37249   149998     66088376612     66088526610        30068287     112344      36868     150000         44     4    1400000   38868000  150000000  150000000
   4      400    37609   149965     66088526639     66088676604        30218315     111711      36868     150000         39     4    1200000   38868000  150000000  150000000
   4      400    37608   149982     66088676614     66088826596        30368290     111726      36868     150000         32     4    1200000   38868000  150000000  150000000
   4      400    37242   149979     66088826642     66088976621        30518318     112335      36868     150000         56     4    1400000   38868000  150000000  150000000
   4      400    37244   149972     66088976630     66089126602        30668306     112307      36868     150000         37     4    1400000   38868000  150000000  150000000
   4      400    37252   149989     66089126611     66089276599        30818286     112288      36868     150000         35     4    1400000   38868000  150000000  150000000
   4      400    37246   149989     66089276608     66089426597        30968283     112343      36868     150000         32     4    1400000   38868000  150000000  150000000
   4      400    37253   149993     66089426606     66089576598        31118281     112322      36868     150000         34     4    1400000   38868000  150000000  150000000
   4      400    37249   149999     66089576607     66089726606        31268283     112334      36868     150000         42     4    1400000   38868000  150000000  150000000
   4      400    37247   149994     66089726615     66089876609        31418291     112285      36868     150000         44     4    1400000   38868000  150000000  150000000
   4      400    37454   149967     66089876639     66090026606        31568314     111913      36868     150000         41     4    1300000   38868000  150000000  150000000
   4      400    37452   149963     66090026635     66090176598        31718310     111873      36868     150000         33     4    1300000   38868000  150000000  150000000
   4      400    37244   150005     66090176606     66090326612        31868282     112379      36868     150000         47     4    1400000   38868000  150000000  150000000
   4      400    37607   149964     66090326642     66090476606        32018317     111674      36868     150000         41     4    1200000   38868000  150000000  150000000
   4      400    37250   150002     66090476615     66090626617        32168291     112309      36868     150000         53     4    1400000   38868000  150000000  150000000
   4      400    37255   149974     66090626626     66090776600        32318302     112270      36868     150000         35     4    1400000   38868000  150000000  150000000
   4      400    37246   149990     66090776608     66090926598        32468284     112312      36868     150000         34     4    1400000   38868000  150000000  150000000
   4      400    37245   149988     66090926607     66091076595        32618282     112260      36868     150000         30     4    1400000   38868000  150000000  150000000
   4      400    37245   150009     66091076604     66091226613        32768279     112309      36868     150000         48     4    1400000   38868000  150000000  150000000
   4      400    37255   149995     66091226622     66091376617        32918297     112245      36868     150000         53     4    1400000   38868000  150000000  150000000
   4      400    37243   149973     66091376626     66091526600        33068302     112379      36868     150000         35     4    1400000   38868000  150000000  150000000
   4      400    37248   149987     66091526608     66091676595        33218284     112294      36868     150000         31     4    1400000   38868000  150000000  150000000
   4      400    37242   149993     66091676604     66091826597        33368280     112312      36868     150000         32     4    1400000   38868000  150000000  150000000
   4      400    37244   150024     66091826606     66091976630        33518281     112272      36868     150000         63     4    1400000   38868000  150000000  150000000
   4      400    37454   149998     66091976658     66092126656        33668334     111840      36868     150000         91     4    1300000   38868000  150000000  150000000
   4      400    37457   149934     66092126666     66092276600        33818341     111815      36868     150000         35     4    1300000   38868000  150000000  150000000
   4      400    37248   149960     66092276638     66092426598        33968314     112311      36868     150000         34     4    1400000   38868000  150000000  150000000
   4      400    37251   149991     66092426607     66092576598        34118283     112285      36868     150000         33     4    1400000   38868000  150000000  150000000
   4      400    37248   150001     66092576607     66092726607        34268282     112347      36868     150000         43     4    1400000   38868000  150000000  150000000
   4      400    38236   150001     66092726616     66092876617        34418292     110842      36868     150000         53     4    1400000   38868000  150000000  150000000
   4      400    37247   149971     66092876627     66093026597        34568302     112311      36868     150000         33     4    1400000   38868000  150000000  150000000
   4      400    37249   149990     66093026606     66093176596        34718282     112318      36868     150000         32     4    1400000   38868000  150000000  150000000
   4      400    37242   149991     66093176605     66093326596        34868281     112338      36868     150000         32     4    1400000   38868000  150000000  150000000
   4      400    37249   150019     66093326605     66093476624        35018280     112276      36868     150000         57     4    1400000   38868000  150000000  150000000
   4      400    37605   149972     66093476653     66093626626        35168329     111660      36868     150000         59     4    1200000   38868000  150000000  150000000
   4      400    37606   149943     66093626655     66093776598        35318330     111663      36868     150000         33     4    1200000   38868000  150000000  150000000
   4      400    37246   149990     66093776607     66093926597        35468282     112358      36868     150000         33     4    1400000   38868000  150000000  150000000
   4      400    37243   150002     66093926606     66094076608        35618281     112354      36868     150000         41     4    1400000   38868000  150000000  150000000
   4      400    37463   149989     66094076617     66094226606        35768293     111853      36868     150000         41     4    1300000   38868000  150000000  150000000
   4      400    37454   149985     66094226635     66094376621        35918311     111877      36868     150000         56     4    1300000   38868000  150000000  150000000
   4      400    37250   149968     66094376630     66094526598        36068305     112305      36868     150000         33     4    1400000   38868000  150000000  150000000
   4      400    37251   149993     66094526606     66094676599        36218282     112323      36868     150000         34     4    1400000   38868000  150000000  150000000
   4      400    37249   149989     66094676607     66094826596        36368283     112329      36868     150000         32     4    1400000   38868000  150000000  150000000
   4      400    37253   149995     66094826605     66094976600        36518281     112310      36868     150000         35     4    1400000   38868000  150000000  150000000
   4      400    37243   150009     66094976609     66095126617        36668284     112349      36868     150000         53     4    1400000   38868000  150000000  150000000
   4      400    37252   149987     66095126627     66095276613        36818302     112265      36868     150000         46     4    1400000   38868000  150000000  150000000
   4      400    37604   149973     66095276624     66095426597        36968299     111685      36868     150000         32     4    1200000   38868000  150000000  150000000
   4      400    37251   149992     66095426605     66095576598        37118281     112298      36868     150000         33     4    1400000   38868000  150000000  150000000
   4      400    37248   149990     66095576607     66095726596        37268282     112350      36868     150000         32     4    1400000   38868000  150000000  150000000
   4      400    37246   150012     66095726605     66095876617        37418281     112360      36868     150000         52     4    1400000   38868000  150000000  150000000
   4      400    37251   149942     66095876656     66096026598        37568332     112276      36868     150000         33     4    1400000   38868000  150000000  150000000
   4      400    37254   149999     66096026607     66096176606        37718282     112287      36868     150000         41     4    1400000   38868000  150000000  150000000
   4      400    37450   149972     66096176635     66096326607        37868310     111914      36868     150000         42     4    1300000   38868000  150000000  150000000
   4      400    37455   149962     66096326636     66096476598        38018311     111855      36868     150000         33     4    1300000   38868000  150000000  150000000
   4      400    37246   150011     66096476607     66096626617        38168282     112348      36868     150000         52     4    1400000   38868000  150000000  150000000
   4      400    37249   149970     66096626626     66096776596        38318302     112292      36868     150000         31     4    1400000   38868000  150000000  150000000
   4      400    37248   150006     66096776605     66096926611        38468280     112333      36868     150000         46     4    1400000   38868000  150000000  150000000
   4      400    37607   149957     66096926642     66097076599        38618317     111707      36868     150000         34     4    1200000   38868000  150000000  150000000
   4      400    37248   149989     66097076607     66097226596        38768283     112337      36868     150000         31     4    1400000   38868000  150000000  150000000
   4      400    37254   150015     66097226605     66097376620        38918281     112317      36868     150000         55     4    1400000   38868000  150000000  150000000
   4      400    37247   149970     66097376629     66097526599        39068304     112275      36868     150000         35     4    1400000   38868000  150000000  150000000
   4      400    37245   149988     66097526608     66097676596        39218284     112276      36868     150000         31     4    1400000   38868000  150000000  150000000
   4      400    37243   150000     66097676605     66097826605        39368280     112341      36868     150000         40     4    1400000   38868000  150000000  150000000
   4      400    38527   149984     66097826615     66097976599        39518290     110269      36868     150000         35     4    1200000   38868000  150000000  150000000
   4      400    37246   150010     66097976608     66098126618        39668284     112300      36868     150000         53     4    1400000   38868000  150000000  150000000
   4      400    37251   149980     66098126627     66098276607        39818303     112243      36868     150000         42     4    1400000   38868000  150000000  150000000
   4      400    37463   150000     66098276616     66098426616        39968292     111915      36868     150000         51     4    1300000   38868000  150000000  150000000
   4      400    37455   149976     66098426626     66098576602        40118301     111808      36868     150000         37     4    1300000   38868000  150000000  150000000
   4      400    37248   149989     66098576611     66098726599        40268286     112273      36868     150000         35     4    1400000   38868000  150000000  150000000
   4      400    37252   150010     66098726608     66098876619        40418284     112264      36868     150000         54     4    1400000   38868000  150000000  150000000
   4      400    37249   149970     66098876628     66099026598        40568304     112315      36868     150000         34     4    1400000   38868000  150000000  150000000
   4      400    37252   149991     66099026607     66099176598        40718283     112309      36868     150000         33     4    1400000   38868000  150000000  150000000
   4      400    37460   149995     66099176607     66099326602        40868282     110832      36868     150000         36     4    1400000   38868000  150000000  150000000
   4      400    37245   149938     66099326661     66099476599        41018336     112247      36868     150000         34     4    1400000   38868000  150000000  150000000
   4      400    37246   150010     66099476607     66099626617        41168283     112334      36868     150000         53     4    1400000   38868000  150000000  150000000
   4      400    37248   149971     66099626627     66099776597        41318302     112328      36868     150000         33     4    1400000   38868000  150000000  150000000
   4      400    37245   149991     66099776606     66099926597        41468281     112346      36868     150000         33     4    1400000   38868000  150000000  150000000
   4      400    37255   149993     66099926606     66100076598        41618281     112302      36868     150000         34     4    1400000   38868000  150000000  150000000
   4      400    37247   150004     66100076607     66100226611        41768283     112364      36868     150000         46     4    1400000   38868000  150000000  150000000
   4      400    37604   150006     66100226642     66100376647        41918317     111663      36868     150000         82     4    1200000   38868000  150000000  150000000
   4      400    37453   149952     66100376657     66100526608        42068332     111856      36868     150000         43     4    1300000   38868000  150000000  150000000
   4      400    37452   149977     66100526621     66100676597        42218296     111882      36868     150000         33     4    1300000   38868000  150000000  150000000
   4      400    37248   149989     66100676606     66100826595        42368281     112349      36868     150000         31     4    1400000   38868000  150000000  150000000
   4      400    37243   149994     66100826604     66100976598        42518280     112349      36868     150000         33     4    1400000   38868000  150000000  150000000
   4      400    37244   150014     66100976607     66101126621        42668282     112302      36868     150000         56     4    1400000   38868000  150000000  150000000
   4      400    37253   149967     66101126630     66101276596        42818305     112255      36868     150000         32     4    1400000   38868000  150000000  150000000
   4      400    37248   149991     66101276605     66101426596        42968281     112349      36868     150000         32     4    1400000   38868000  150000000  150000000
   4      400    37247   149997     66101426605     66101576602        43118280     112341      36868     150000         37     4    1400000   38868000  150000000  150000000
   4      400    37249   149985     66101576611     66101726597        43268287     112336      36868     150000         32     4    1400000   38868000  150000000  150000000
   4      400    37252   150027     66101726605     66101876632        43418281     112312      36868     150000         67     4    1400000   38868000  150000000  150000000
   4      400    37634   149936     66101876663     66102026599        43568338     111667      36868     150000         34     4    1200000   38868000  150000000  150000000
   4      400    37247   149989     66102026607     66102176596        43718283     112311      36868     150000         32     4    1400000   38868000  150000000  150000000
   4      400    37246   149994     66102176605     66102326599        43868281     112310      36868     150000         34     4    1400000   38868000  150000000  150000000
   4      400    37247   149996     66102326608     66102476604        44018283     112262      36868     150000         39     4    1400000   38868000  150000000  150000000
   4      400    37450   149999     66102476632     66102626631        44168308     111874      36868     150000         66     4    1300000   38868000  150000000  150000000
   4      400    37463   149965     66102626642     66102776607        44318318     111832      36868     150000         42     4    1300000   38868000  150000000  150000000
   4      400    37603   149960     66102776638     66102926597        44468313     111716      36868     150000         33     4    1200000   38868000  150000000  150000000
   4      400    37245   149958     66102926637     66103076595        44618313     112227      36868     150000         30     4    1400000   38868000  150000000  150000000
   4      400    37244   149996     66103076603     66103226599        44768279     112310      36868     150000         35     4    1400000   38868000  150000000  150000000
   4      400    37248   150009     66103226608     66103376617        44918283     112254      36868     150000         53     4    1400000   38868000  150000000  150000000
   4      400    37249   149978     66103376627     66103526605        45068302     112332      36868     150000         40     4    1400000   38868000  150000000  150000000
   4      400    37609   149980     66103526615     66103676595        45218290     111667      36868     150000         31     4    1200000   38868000  150000000  150000000
   4      400    37243   149994     66103676604     66103826598        45368280     112285      36868     150000         34     4    1400000   38868000  150000000  150000000
   4      400    37245   149992     66103826607     66103976599        45518282     112262      36868     150000         34     4    1400000   38868000  150000000  150000000
   4      400    37246   150010     66103976608     66104126617        45668283     112315      36868     150000         53     4    1400000   38868000  150000000  150000000
   4      400    37254   149973     66104126627     66104276599        45818302     112261      36868     150000         34     4    1400000   38868000  150000000  150000000
   4      400    37254   149992     66104276608     66104426599        45968283     112230      36868     150000         35     4    1400000   38868000  150000000  150000000
   4      400    37250   149996     66104426608     66104576605        46118284     112298      36868     150000         40     4    1400000   38868000  150000000  150000000
   4      400    37449   150000     66104576617     66104726617        46268292     111887      36868     150000         52     4    1300000   38868000  150000000  150000000
   4      400    37448   149990     66104726629     66104876619        46418304     111806      36868     150000         54     4    1300000   38868000  150000000  150000000
   4      400    37247   149968     66104876628     66105026596        46568303     112286      36868     150000         32     4    1400000   38868000  150000000  150000000
   4      400    37251   150011     66105026605     66105176616        46718280     112297      36868     150000         49     4    1400000   38868000  150000000  150000000
   4      400    37627   149969     66105176626     66105326595        46868302     111743      36868     150000         31     4    1200000   38868000  150000000  150000000
   4      400    37244   149992     66105326604     66105476596        47018279     112310      36868     150000         31     4    1400000   38868000  150000000  150000000
   4      400    37244   150012     66105476605     66105626617        47168280     112306      36868     150000         53     4    1400000   38868000  150000000  150000000
   4      400    37253   149971     66105626627     66105776598        47318302     112245      36868     150000         33     4    1400000   38868000  150000000  150000000
   4      400    37247   149989     66105776607     66105926595        47468282     112353      36868     150000         31     4    1400000   38868000  150000000  150000000
   4      400    37250   149993     66105926604     66106076597        47618279     112327      36868     150000         32     4    1400000   38868000  150000000  150000000
   4      400    37245   149992     66106076605     66106226597        47768281     112371      36868     150000         33     4    1400000   38868000  150000000  150000000
   4      400    37255   150011     66106226606     66106376617        47918282     112298      36868     150000         52     4    1400000   38868000  150000000  150000000
   4      400    37256   149972     66106376626     66106526598        48068301     112288      36868     150000         33     4    1400000   38868000  150000000  150000000
   4      400    37251   149965     66106526639     66106676605        48218315     112287      36868     150000         40     4    1400000   38868000  150000000  150000000
   4      400    37451   149975     66106676634     66106826609        48368309     111908      36868     150000         44     4    1300000   38868000  150000000  150000000
   4      400    37454   149962     66106826638     66106976600        48518314     111877      36868     150000         35     4    1300000   38868000  150000000  150000000
   4      400    37246   150036     66106976609     66107126645        48668284     112356      36868     150000         61     4    1400000   38868000  150000000  150000000
   4      400    37602   149943     66107126656     66107276599        48818331     111675      36868     150000         34     4    1200000   38868000  150000000  150000000
   4      400    37245   149990     66107276607     66107426597        48968283     112357      36868     150000         32     4    1400000   38868000  150000000  150000000
   4      400    37250   149992     66107426606     66107576598        49118281     112319      36868     150000         33     4    1400000   38868000  150000000  150000000
   4      400    37242   150002     66107576606     66107726609        49268282     112314      36868     150000         42     4    1400000   38868000  150000000  150000000
   4      400    37617   150006     66107726619     66107876625        49418294     111716      36868     150000         60     4    1200000   38868000  150000000  150000000
   4      400    37246   149962     66107876634     66108026596        49568310     112279      36868     150000         32     4    1400000   38868000  150000000  150000000
   4      400    37249   149995     66108026605     66108176600        49718281     112284      36868     150000         35     4    1400000   38868000  150000000  150000000
   4      400    37249   149990     66108176609     66108326599        49868284     112337      36868     150000         34     4    1400000   38868000  150000000  150000000
   4      400    37249   150005     66108326607     66108476612        50018283     112339      36868     150000         47     4    1400000   38868000  150000000  150000000
   4      400    37610   149975     66108476642     66108626618        50168318     111722      36868     150000         53     4    1200000   38868000  150000000  150000000
   4      400    37255   149980     66108626627     66108776607        50318302     112266      36868     150000         42     4    1400000   38868000  150000000  150000000
   4      400    38451   149989     66108776617     66108926606        50468292     110374      36868     150000         41     4    1300000   38868000  150000000  150000000
   4      400    37451   149961     66108926635     66109076596        50618310     111869      36868     150000         32     4    1300000   38868000  150000000  150000000
   4      400    37242   149993     66109076605     66109226598        50768281     112326      36868     150000         33     4    1400000   38868000  150000000  150000000
   4      400    37245   150012     66109226607     66109376619        50918282     112265      36868     150000         54     4    1400000   38868000  150000000  150000000
   4      400    37250   149970     66109376627     66109526598        51068303     112291      36868     150000         33     4    1400000   38868000  150000000  150000000
   4      400    37250   149990     66109526607     66109676597        51218283     112294      36868     150000         33     4    1400000   38868000  150000000  150000000
   4      400    37248   149990     66109676606     66109826596        51368282     112344      36868     150000         32     4    1400000   38868000  150000000  150000000
   4      400    37250   149991     66109826605     66109976596        51518281     112313      36868     150000         31     4    1400000   38868000  150000000  150000000
   4      400    37244   150015     66109976634     66110126649        51668309     112320      36868     150000         64     4    1400000   38868000  150000000  150000000
   4      400    37604   149938     66110126660     66110276598        51818335     111650      36868     150000         33     4    1200000   38868000  150000000  150000000
   4      400    37239   149994     66110276607     66110426601        51968282     112388      36868     150000         36     4    1400000   38868000  150000000  150000000
   4      400    37247   149986     66110426610     66110576596        52118285     112283      36868     150000         31     4    1400000   38868000  150000000  150000000
   4      400    37244   149994     66110576605     66110726599        52268280     112304      36868     150000         34     4    1400000   38868000  150000000  150000000
   4      400    37251   150040     66110726607     66110876647        52418283     112265      36868     150000         82     4    1400000   38868000  150000000  150000000
   4      400    37450   149961     66110876657     66111026618        52568332     111882      36868     150000         52     4    1300000   38868000  150000000  150000000
   4      400    37454   149952     66111026647     66111176600        52718323     111848      36868     150000         35     4    1300000   38868000  150000000  150000000
   4      400    37245   149993     66111176609     66111326601        52868284     112341      36868     150000         37     4    1400000   38868000  150000000  150000000
   4      400    37247   149988     66111326610     66111476598        53018285     112297      36868     150000         33     4    1400000   38868000  150000000  150000000
   4      400    37241   150004     66111476607     66111626610        53168282     112321      36868     150000         45     4    1400000   38868000  150000000  150000000
   4      400    37254   149992     66111626619     66111776611        53318295     112275      36868     150000         46     4    1400000   38868000  150000000  150000000
   4      400    37608   149958     66111776641     66111926598        53468316     111732      36868     150000         34     4    1200000   38868000  150000000  150000000
   4      400    37248   150006     66111926607     66112076613        53618282     112306      36868     150000         45     4    1400000   38868000  150000000  150000000
   4      400    37608   149979     66112076623     66112226602        53768298     111760      36868     150000         36     4    1200000   38868000  150000000  150000000
   4      400    37251   150000     66112226610     66112376610        53918286     112314      36868     150000         45     4    1400000   38868000  150000000  150000000
   4      400    37247   149978     66112376619     66112526597        54068295     112300      36868     150000         32     4    1400000   38868000  150000000  150000000
   4      400    37249   149990     66112526606     66112676595        54218281     112308      36868     150000         31     4    1400000   38868000  150000000  150000000
   4      400    37246   149993     66112676604     66112826597        54368280     112346      36868     150000         33     4    1400000   38868000  150000000  150000000
   4      400    37251   150001     66112826606     66112976607        54518281     112307      36868     150000         42     4    1400000   38868000  150000000  150000000
   4      400    37462   150026     66112976616     66113126642        54668291     111877      36868     150000         58     4    1300000   38868000  150000000  150000000
   4      400    37455   149945     66113126652     66113276597        54818328     111807      36868     150000         32     4    1300000   38868000  150000000  150000000
   4      400    37249   149999     66113276606     66113426605        54968281     112330      36868     150000         39     4    1400000   38868000  150000000  150000000
   4      400    37600   149980     66113426615     66113576595        55118290     111684      36868     150000         30     4    1200000   38868000  150000000  150000000
   4      400    37246   149966     66113576632     66113726599        55268308     112276      36868     150000         34     4    1400000   38868000  150000000  150000000
   4      400    37247   150003     66113726607     66113876611        55418283     112273      36868     150000         46     4    1400000   38868000  150000000  150000000
   4      400    37248   149979     66113876620     66114026599        55568295     112289      36868     150000         34     4    1400000   38868000  150000000  150000000
   4      400    37247   149996     66114026607     66114176603        55718283     112276      36868     150000         37     4    1400000   38868000  150000000  150000000
   4      400    37243   149987     66114176612     66114326599        55868287     112286      36868     150000         34     4    1400000   38868000  150000000  150000000
   4      400    37245   149988     66114326608     66114476596        56018283     112264      36868     150000         31     4    1400000   38868000  150000000  150000000
   4      400    37244   150013     66114476604     66114626617        56168280     112293      36868     150000         53     4    1400000   38868000  150000000  150000000
   4      400    38239   149969     66114626626     66114776596        56318302     110878      36868     150000         31     4    1400000   38868000  150000000  150000000
   4      400    37245   149991     66114776605     66114926595        56468280     112378      36868     150000         31     4    1400000   38868000  150000000  150000000
   4      400    37251   150006     66114926604     66115076610        56618280     112307      36868     150000         45     4    1400000   38868000  150000000  150000000
   4      400    37449   149986     66115076622     66115226608        56768298     111852      36868     150000         44     4    1300000   38868000  150000000  150000000
   4      400    37448   149983     66115226637     66115376620        56918313     111828      36868     150000         55     4    1300000   38868000  150000000  150000000
   4      400    37247   149970     66115376629     66115526600        57068305     112311      36868     150000         35     4    1400000   38868000  150000000  150000000
   4      400    37249   149988     66115526608     66115676596        57218283     112306      36868     150000         32     4    1400000   38868000  150000000  150000000
   4      400    37245   149995     66115676605     66115826600        57368280     112300      36868     150000         35     4    1400000   38868000  150000000  150000000
   4      400    37253   149989     66115826609     66115976598        57518284     112267      36868     150000         33     4    1400000   38868000  150000000  150000000
   4      400    37242   149995     66115976606     66116126602        57668282     112316      36868     150000         37     4    1400000   38868000  150000000  150000000
   4      400    37255   149990     66116126611     66116276601        57818286     112283      36868     150000         36     4    1400000   38868000  150000000  150000000
   4      400    37248   149996     66116276610     66116426605        57968285     112338      36868     150000         39     4    1400000   38868000  150000000  150000000
   4      400    37624   149983     66116426615     66116576598        58118291     111694      36868     150000         34     4    1200000   38868000  150000000  150000000
   4      400    37245   150042     66116576607     66116726649        58268283     112356      36868     150000         84     4    1400000   38868000  150000000  150000000
   4      400    37604   149943     66116726660     66116876602        58418335     111653      36868     150000         37     4    1200000   38868000  150000000  150000000
   4      400    37251   150006     66116876611     66117026618        58568287     112337      36868     150000         52     4    1400000   38868000  150000000  150000000
   4      400    37597   149922     66117026686     66117176608        58718362     111645      36868     150000         41     4    1200000   38868000  150000000  150000000
   4      400    37461   149999     66117176617     66117326617        58868293     111934      36868     150000         52     4    1300000   38868000  150000000  150000000
   4      400    37461   149987     66117326626     66117476613        59018302     111839      36868     150000         48     4    1300000   38868000  150000000  150000000
   4      400    37252   149981     66117476623     66117626603        59168298     112274      36868     150000         39     4    1400000   38868000  150000000  150000000
   4      400    37248   149986     66117626612     66117776598        59318288     112253      36868     150000         33     4    1400000   38868000  150000000  150000000
   4      400    37244   149992     66117776607     66117926599        59468282     112305      36868     150000         34     4    1400000   38868000  150000000  150000000
   4      400    37245   149989     66117926608     66118076596        59618283     112269      36868     150000         32     4    1400000   38868000  150000000  150000000
   4      400    37243   150001     66118076605     66118226606        59768280     112322      36868     150000         41     4    1400000   38868000  150000000  150000000
   4      400    37253   150041     66118226615     66118376656        59918290     112270      36868     150000         90     4    1400000   38868000  150000000  150000000
   4      400    37605   149932     66118376666     66118526599        60068342     111697      36868     150000         34     4    1200000   38868000  150000000  150000000
   4      400    37250   149988     66118526608     66118676596        60218283     112312      36868     150000         31     4    1400000   38868000  150000000  150000000
   4      400    37252   149992     66118676604     66118826597        60368280     112317      36868     150000         32     4    1400000   38868000  150000000  150000000
   4      400    37251   150001     66118826605     66118976606        60518281     112315      36868     150000         41     4    1400000   38868000  150000000  150000000
   4      400    38113   150002     66118976615     66119126617        60668291     110994      36868     150000         52     4    1400000   38868000  150000000  150000000
   4      400    37256   149980     66119126626     66119276606        60818302     112252      36868     150000         41     4    1400000   38868000  150000000  150000000
   4      400    37453   149972     66119276635     66119426607        60968310     111902      36868     150000         42     4    1300000   38868000  150000000  150000000
   4      400    37454   149963     66119426636     66119576598        61118311     111863      36868     150000         34     4    1300000   38868000  150000000  150000000
   4      400    37249   149999     66119576607     66119726606        61268283     112346      36868     150000         41     4    1400000   38868000  150000000  150000000
   4      400    37251   150002     66119726615     66119876617        61418291     112281      36868     150000         52     4    1400000   38868000  150000000  150000000
