#idx     perf      run   period           start             end          rel_st      slack c_duration   c_period     wu_lat   cpu       freq dl_runtime  dl_period dl_deadline
   1     2668   267113   664816     28453989870     28454654685         1794140     372953     245520     690000         44     4    1300000  258443000  690000000  690000000
   1     2668   260478   689996     28454654695     28455344691         2458965     405116     245520     690000         50     4    1300000  258443000  690000000  690000000
   1     2668   267107   689983     28455344701     28456034684         3148971     398099     245520     690000         43     4    1300000  258443000  690000000  690000000
   1     2668   272177   689998     28456034694     28456724692         3838963     367686     245520     690000         51     4    1300000  258443000  690000000  690000000
   1     2668   260015   689990     28456724702     28457414691         4528971     404570     245520     690000         50     4    1300000  258443000  690000000  690000000
   1     2668   270691   689978     28457414701     28458104679         5218971     392915     245520     690000         38     4    1300000  258443000  690000000  690000000
   1     2668   269610   690003     28458104688     28458794691         5908958     372419     245520     690000         50     4    1400000  258443000  690000000  690000000
   1     2668   265287   689992     28458794701     28459484693         6598970     399430     245520     690000         51     4    1300000  258443000  690000000  690000000
   1     2668   267115   689984     28459484702     28460174686         7288972     398027     245520     690000         45     4    1300000  258443000  690000000  690000000
   1     2668   267240   689996     28460174696     28460864692         7978965     374212     245520     690000         51     4    1300000  258443000  690000000  690000000
   1     2668   270570   689991     28460864702     28461554692         8668971     394145     245520     690000         51     4    1300000  258443000  690000000  690000000
   1     2668   267112   689990     28461554702     28462244692         9358972     398087     245520     690000         51     4    1300000  258443000  690000000  690000000
   1     2668   254029   689990     28462244701     28462934692        10048971     412641     245520     690000         51     4    1300000  258443000  690000000  690000000
   1     2668   267122   690003     28462934702     28463624704        10738971     398015     245520     690000         63     4    1300000  258443000  690000000  690000000
   1     2668   270712   689972     28463624714     28464314686        11428984     393901     245520     690000         44     4    1300000  258443000  690000000  690000000
   1     2668   263040   689995     28464314695     28465004690        12118965     400898     245520     690000         49     4    1300000  258443000  690000000  690000000
   1     2668   267112   689992     28465004700     28465694692        12808969     397992     245520     690000         51     4    1300000  258443000  690000000  690000000
   1     2668   274100   689990     28465694701     28466384691        13498971     389927     245520     690000         50     4    1300000  258443000  690000000  690000000
   1     2668   264738   689985     28466384701     28467074686        14188971     400277     245520     690000         45     4    1300000  258443000  690000000  690000000
   1     2668   267105   690867     28467074696     28467765563        14878965     398097     245520     690000        922     4    1300000  258443000  690000000  690000000
   1     2668   263563   689113     28467765572     28468454685        15569842     399903     245520     690000         44     4    1400000  258443000  690000000  690000000
   1     2668   267107   689996     28468454694     28469144690        16258964     398086     245520     690000         49     4    1300000  258443000  690000000  690000000
   1     2668   270711   702632     28469144700     28469847332        16948970     393857     245520     690000      12691     4    1300000  258443000  690000000  690000000
   1     2668   259135   677301     28469847384     28470524685        17651654     392394     245520     690000         44     4    1300000  258443000  690000000  690000000
   1     2668   268999   689983     28470524695     28471214678        18328964     393972     245520     690000         36     4    1300000  258443000  690000000  690000000
   1     2668   269627   712453     28471214688     28471927141        19018958     395100     245520     690000      22500     4    1200000  258443000  690000000  690000000
   1     2668   262913   667542     28471927151     28472594692        19731421     379742     245520     690000         51     4    1300000  258443000  690000000  690000000
   1     2668   267119   690003     28472594702     28473284704        20398972     398012     245520     690000         63     4    1300000  258443000  690000000  690000000
   1     2668   275565   689987     28473284714     28473974701        21088984     388404     245520     690000         60     4    1300000  258443000  690000000  690000000
   1     2668   265028   689974     28473974711     28474664685        21778981     376288     245520     690000         44     4    1300000  258443000  690000000  690000000
   1     2668   267113   689998     28474664695     28475354693        22468964     398138     245520     690000         52     4    1300000  258443000  690000000  690000000
   1     2668   271410   689975     28475354703     28476044678        23158973     391048     245520     690000         37     4    1200000  258443000  690000000  690000000
   1     2668   267124   689997     28476044687     28476734684        23848957     375590     245520     690000         43     4    1300000  258443000  690000000  690000000
   1     2668   267105   689997     28476734694     28477424691        24538963     398076     245520     690000         50     4    1300000  258443000  690000000  690000000
   1     2668   262919   689985     28477424700     28478114685        25228970     402125     245520     690000         44     4    1400000  258443000  690000000  690000000
   1     2668   267124   690005     28478114695     28478804700        25918965     375585     245520     690000         59     4    1300000  258443000  690000000  690000000
   1     2668   269273   689961     28478804731     28479494692        26609001     393374     245520     690000         51     4    1200000  258443000  690000000  690000000
   1     2668   261952   689984     28479494701     28480184685        27298971     404460     245520     690000         44     4    1300000  258443000  690000000  690000000
   1     2668   267115   689990     28480184695     28480874685        27988965     398060     245520     690000         44     4    1300000  258443000  690000000  690000000
   1     2668   270658   689998     28480874695     28481564693        28678965     393856     245520     690000         52     4    1300000  258443000  690000000  690000000
   1     2668   261077   689989     28481564703     28482254692        29368972     405066     245520     690000         51     4    1300000  258443000  690000000  690000000
   1     2668   270735   689995     28482254701     28482944697        30058971     393967     245520     690000         56     4    1300000  258443000  690000000  690000000
   1     2668   265857   689970     28482944706     28483634676        30748976     396915     245520     690000         35     4    1400000  258443000  690000000  690000000
   1     2668   270060   690006     28483634686     28484324692        31438955     394477     245520     690000         51     4    1300000  258443000  690000000  690000000
   1     2668   267109   689989     28484324702     28485014691        32128972     398054     245520     690000         50     4    1300000  258443000  690000000  690000000
   1     2668   267545   692432     28485014700     28485707132        32818970     396273     245520     690000       2491     4    1400000  258443000  690000000  690000000
   1     2668   267100   687541     28485707142     28486394683        33511411     395738     245520     690000         42     4    1300000  258443000  690000000  690000000
   1     2668   267106   689960     28486394730     28487084690        34199000     398084     245520     690000         49     4    1300000  258443000  690000000  690000000
   1     2668   266437   702443     28487084700     28487787143        34888970     395149     245520     690000      12502     4    1300000  258443000  690000000  690000000
   1     2668   267109   677533     28487787153     28488464685        35591422     385626     245520     690000         44     4    1300000  258443000  690000000  690000000
   1     2668   271157   689996     28488464696     28489154692        36268965     392991     245520     690000         51     4    1200000  258443000  690000000  690000000
   1     2668   260622   712442     28489154701     28489867144        36958971     405140     245520     690000      22503     4    1300000  258443000  690000000  690000000
   1     2668   267105   667530     28489867154     28490534684        37671424     375676     245520     690000         43     4    1300000  258443000  690000000  690000000
   1     2668   270989   689982     28490534693     28491224675        38338962     392672     245520     690000         34     4    1400000  258443000  690000000  690000000
   1     2668   266998   690007     28491224684     28491914691        39028954     397958     245520     690000         50     4    1300000  258443000  690000000  690000000
   1     2668   270982   690002     28491914701     28492604703        39718971     371196     245520     690000         62     4    1300000  258443000  690000000  690000000
   1     2668   271837   689979     28492604712     28493294692        40408982     391220     245520     690000         51     4    1400000  258443000  690000000  690000000
   1     2668   267098   689989     28493294701     28493984690        41098971     398107     245520     690000         49     4    1300000  258443000  690000000  690000000
   1     2668   267123   689984     28493984700     28494674684        41788970     375633     245520     690000         43     4    1300000  258443000  690000000  690000000
   1     2668   261534   689999     28494674694     28495364693        42478963     402959     245520     690000         51     4    1300000  258443000  690000000  690000000
   1     2668   269321   689984     28495364703     28496054687        43168972     393951     245520     690000         46     4    1300000  258443000  690000000  690000000
   1     2668   269410   689987     28496054697     28496744684        43858967     372781     245520     690000         43     4    1200000  258443000  690000000  690000000
   1     2668   259691   689998     28496744694     28497434692        44548964     404277     245520     690000         51     4    1300000  258443000  690000000  690000000
   1     2668   267105   689983     28497434701     28498124685        45238971     398070     245520     690000         44     4    1300000  258443000  690000000  690000000
   1     2668   270624   689989     28498124695     28498814684        45928965     394276     245520     690000         43     4    1300000  258443000  690000000  690000000
   1     2668   266196   689998     28498814693     28499504691        46618963     398613     245520     690000         50     4    1300000  258443000  690000000  690000000
   1     2668   267107   689983     28499504701     28500194684        47308970     398085     245520     690000         43     4    1300000  258443000  690000000  690000000
   1     2668   275405   689998     28500194693     28500884692        47998963     388757     245520     690000         51     4    1300000  258443000  690000000  690000000
   1     2668   267107   689973     28500884702     28501574675        48688971     398051     245520     690000         34     4    1300000  258443000  690000000  690000000
   1     2668   267109   690041     28501574685     28502264725        49378954     398058     245520     690000         67     4    1300000  258443000  690000000  690000000
   1     2668   259145   689917     28502264776     28502954692        50069045     407190     245520     690000         51     4    1300000  258443000  690000000  690000000
   1     2668   267100   694465     28502954702     28503649167        50758971     398118     245520     690000       4526     4    1300000  258443000  690000000  690000000
   1     2668   269907   685508     28503649176     28504334684        51453446     390226     245520     690000         43     4    1300000  258443000  690000000  690000000
   1     2668   254772   689997     28504334694     28505024691        52138963     411693     245520     690000         50     4    1300000  258443000  690000000  690000000
   1     2668   270853   702433     28505024701     28505727134        52828971     393836     245520     690000      12493     4    1300000  258443000  690000000  690000000
   1     2668   270703   677547     28505727143     28506404691        53531413     381696     245520     690000         50     4    1300000  258443000  690000000  690000000
   1     2668   259020   689992     28506404700     28507094692        54208970     405169     245520     690000         51     4    1300000  258443000  690000000  690000000
   1     2668   267119   712619     28507094702     28507807321        54898972     398016     245520     690000      22681     4    1300000  258443000  690000000  690000000
   1     2668   270092   667353     28507807331     28508474684        55611601     371471     245520     690000         43     4    1300000  258443000  690000000  690000000
   1     2668   265873   689998     28508474694     28509164692        56278964     398004     245520     690000         51     4    1300000  258443000  690000000  690000000
   1     2668   267109   689991     28509164701     28509854692        56968971     398106     245520     690000         51     4    1300000  258443000  690000000  690000000
   1     2668   271905   689980     28509854711     28510544691        57658981     368681     245520     690000         50     4    1400000  258443000  690000000  690000000
   1     2668   267097   689991     28510544701     28511234691        58348971     398132     245520     690000         50     4    1300000  258443000  690000000  690000000
   1     2668   267090   689991     28511234701     28511924692        59038971     397912     245520     690000         50     4    1300000  258443000  690000000  690000000
   1     2668   265957   689990     28511924702     28512614691        59728972     376899     245520     690000         50     4    1300000  258443000  690000000  690000000
   1     2668   267108   689990     28512614701     28513304690        60418971     398062     245520     690000         49     4    1300000  258443000  690000000  690000000
