#idx     perf      run   period           start             end          rel_st      slack c_duration   c_period     wu_lat   cpu       freq dl_runtime  dl_period dl_deadline
   3      723    67233   159966     48280494441     48280654407          886589      92100      66561     160000         40     5    1400000   70065000  160000000  160000000
   3      723    67232   159990     48280654417     48280814407         1046565      92172      66561     160000         40     5    1400000   70065000  160000000  160000000
   3      723    67226   159995     48280814417     48280974412         1206565      92202      66561     160000         44     5    1400000   70065000  160000000  160000000
   3      723    67237   159985     48280974422     48281134408         1366570      92100      66561     160000         40     5    1400000   70065000  160000000  160000000
   3      723    67227   159995     48281134417     48281294412         1526565      92203      66561     160000         44     5    1400000   70065000  160000000  160000000
   3      723    67230   159987     48281294421     48281454408         1686570      92172      66561     160000         41     5    1400000   70065000  160000000  160000000
   3      723    67236   159991     48281454417     48281614408         1846565      92105      66561     160000         41     5    1400000   70065000  160000000  160000000
   3      723    67229   159990     48281614417     48281774407         2006565      92175      66561     160000         41     5    1400000   70065000  160000000  160000000
   3      723    67231   159990     48281774417     48281934407         2166565      92182      66561     160000         40     5    1400000   70065000  160000000  160000000
   3      723    67225   160004     48281934415     48282094419         2326563      92233      66561     160000         52     5    1400000   70065000  160000000  160000000
   3      723    67232   159985     48282094429     48282254414         2486577      92132      66561     160000         47     5    1400000   70065000  160000000  160000000
   3      723    67229   159991     48282254423     48282414415         2646572      92154      66561     160000         47     5    1400000   70065000  160000000  160000000
   3      723    67230   159991     48282414424     48282574415         2806572      92150      66561     160000         48     5    1400000   70065000  160000000  160000000
   3      723    67228   159990     48282574424     48282734414         2966573      92193      66561     160000         47     5    1400000   70065000  160000000  160000000
   3      723    67228   159996     48282734423     48282894419         3126571      92165      66561     160000         52     5    1400000   70065000  160000000  160000000
   3      723    67230   159985     48282894428     48283054414         3286577      92166      66561     160000         47     5    1400000   70065000  160000000  160000000
   3      723    67230   159991     48283054423     48283214414         3446571      92185      66561     160000         47     5    1400000   70065000  160000000  160000000
   3      723    67228   159991     48283214423     48283374414         3606571      92137      66561     160000         46     5    1400000   70065000  160000000  160000000
   3      723    67230   159996     48283374423     48283534419         3766571      92174      66561     160000         52     5    1400000   70065000  160000000  160000000
   3      723    67228   159991     48283534428     48283694419         3926576      92190      66561     160000         52     5    1400000   70065000  160000000  160000000
   3      723    67232   159986     48283694428     48283854414         4086577      92137      66561     160000         47     5    1400000   70065000  160000000  160000000
   3      723    67226   159990     48283854423     48284014413         4246571      92196      66561     160000         46     5    1400000   70065000  160000000  160000000
   3      723    67227   159992     48284014422     48284174414         4406571      92195      66561     160000         47     5    1400000   70065000  160000000  160000000
   3      723    67227   159952     48284174462     48284334414         4566611      92153      66561     160000         47     5    1400000   70065000  160000000  160000000
   3      723    67226   159995     48284334423     48284494419         4726572      92192      66561     160000         52     5    1400000   70065000  160000000  160000000
   3      723    67232   159988     48284494428     48284654416         4886576      92130      66561     160000         49     5    1400000   70065000  160000000  160000000
   3      723    67231   159986     48284654428     48284814414         5046576      92100      66561     160000         47     5    1400000   70065000  160000000  160000000
   3      723    67229   159992     48284814423     48284974414         5206571      92183      66561     160000         47     5    1400000   70065000  160000000  160000000
   3      723    67230   159991     48284974423     48285134414         5366571      92148      66561     160000         47     5    1400000   70065000  160000000  160000000
   3      723    67231   159989     48285134423     48285294412         5526571      92173      66561     160000         45     5    1400000   70065000  160000000  160000000
   3      723    67230   159985     48285294421     48285454407         5686570      92189      66561     160000         40     5    1400000   70065000  160000000  160000000
   3      723    67229   159991     48285454416     48285614407         5846564      92162      66561     160000         40     5    1400000   70065000  160000000  160000000
   3      723    67230   159995     48285614415     48285774411         6006564      92159      66561     160000         44     5    1400000   70065000  160000000  160000000
   3      723    67230   159987     48285774420     48285934407         6166568      92175      66561     160000         40     5    1400000   70065000  160000000  160000000
   3      723    67227   159997     48285934416     48286094412         6326564      92182      66561     160000         44     5    1400000   70065000  160000000  160000000
   3      723    67231   159986     48286094421     48286254407         6486569      92147      66561     160000         40     5    1400000   70065000  160000000  160000000
   3      723    67225   159991     48286254416     48286414407         6646564      92195      66561     160000         40     5    1400000   70065000  160000000  160000000
   3      723    67228   159995     48286414416     48286574411         6806564      92213      66561     160000         44     5    1400000   70065000  160000000  160000000
   3      723    67225   159999     48286574420     48286734419         6966568      92199      66561     160000         52     5    1400000   70065000  160000000  160000000
   3      723    67232   159989     48286734428     48286894418         7126577      92102      66561     160000         50     5    1400000   70065000  160000000  160000000
   3      723    67231   159980     48286894427     48287054407         7286575      92135      66561     160000         40     5    1400000   70065000  160000000  160000000
   3      723    67227   159991     48287054416     48287214407         7446564      92193      66561     160000         40     5    1400000   70065000  160000000  160000000
   3      723    67226   159991     48287214416     48287374407         7606564      92230      66561     160000         40     5    1400000   70065000  160000000  160000000
   3      723    67232   159991     48287374416     48287534407         7766564      92179      66561     160000         40     5    1400000   70065000  160000000  160000000
   3      723    67232   160002     48287534416     48287694418         7926564      92176      66561     160000         50     5    1400000   70065000  160000000  160000000
   3      723    67230   159979     48287694427     48287854406         8086575      92113      66561     160000         39     5    1400000   70065000  160000000  160000000
   3      723    67229   159992     48287854415     48288014407         8246563      92175      66561     160000         40     5    1400000   70065000  160000000  160000000
   3      723    67226   159957     48288014450     48288174407         8406598      92192      66561     160000         40     5    1400000   70065000  160000000  160000000
   3      723    67234   159991     48288174416     48288334407         8566564      92147      66561     160000         39     5    1400000   70065000  160000000  160000000
   3      723    67233   159996     48288334416     48288494412         8726564      92172      66561     160000         44     5    1400000   70065000  160000000  160000000
   3      723    67229   159986     48288494421     48288654407         8886569      92193      66561     160000         40     5    1400000   70065000  160000000  160000000
   3      723    67230   159993     48288654415     48288814409         9046564      92123      66561     160000         42     5    1400000   70065000  160000000  160000000
   3      723    67229   159989     48288814418     48288974407         9206566      92189      66561     160000         40     5    1400000   70065000  160000000  160000000
   3      723    67231   159991     48288974416     48289134407         9366565      92088      66561     160000         40     5    1400000   70065000  160000000  160000000
   3      723    67235   160001     48289134416     48289294417         9526564      92145      66561     160000         50     5    1400000   70065000  160000000  160000000
   3      723    67226   159980     48289294426     48289454407         9686575      92174      66561     160000         40     5    1400000   70065000  160000000  160000000
   3      723    67231   159995     48289454416     48289614410         9846564      92118      66561     160000         43     5    1400000   70065000  160000000  160000000
   3      723    67226   159987     48289614420     48289774407        10006568      92216      66561     160000         40     5    1400000   70065000  160000000  160000000
   3      723    67228   159991     48289774416     48289934407        10166564      92172      66561     160000         40     5    1400000   70065000  160000000  160000000
   3      723    67229   159996     48289934416     48290094411        10326564      92207      66561     160000         43     5    1400000   70065000  160000000  160000000
   3      723    67228   159987     48290094421     48290254407        10486569      92180      66561     160000         40     5    1400000   70065000  160000000  160000000
   3      723    67233   159991     48290254416     48290414407        10646565      92148      66561     160000         40     5    1400000   70065000  160000000  160000000
   3      723    67227   159991     48290414416     48290574407        10806564      92245      66561     160000         40     5    1400000   70065000  160000000  160000000
   3      723    67228   159992     48290574415     48290734407        10966564      92189      66561     160000         40     5    1400000   70065000  160000000  160000000
   3      723    67230   159997     48290734416     48290894413        11126564      92154      66561     160000         45     5    1400000   70065000  160000000  160000000
   3      723    67230   159989     48290894422     48291054411        11286570      92156      66561     160000         44     5    1400000   70065000  160000000  160000000
   3      723    67232   159987     48291054420     48291214407        11446568      92145      66561     160000         40     5    1400000   70065000  160000000  160000000
   3      723    67224   159991     48291214415     48291374406        11606564      92255      66561     160000         39     5    1400000   70065000  160000000  160000000
   3      723    67231   159991     48291374415     48291534407        11766564      92135      66561     160000         40     5    1400000   70065000  160000000  160000000
   3      723    67233   160002     48291534416     48291694418        11926564      92174      66561     160000         51     5    1400000   70065000  160000000  160000000
   3      723    67235   159948     48291694467     48291854415        12086615      92098      66561     160000         47     5    1400000   70065000  160000000  160000000
   3      723    67231   159990     48291854424     48292014414        12246572      92156      66561     160000         47     5    1400000   70065000  160000000  160000000
   3      723    67226   159992     48292014423     48292174415        12406571      92215      66561     160000         47     5    1400000   70065000  160000000  160000000
   3      723    67230   159991     48292174423     48292334415        12566572      92124      66561     160000         47     5    1400000   70065000  160000000  160000000
   3      723    67229   160000     48292334424     48292494423        12726572      92164      66561     160000         55     5    1400000   70065000  160000000  160000000
   3      723    67229   159985     48292494433     48292654418        12886581      92184      66561     160000         51     5    1400000   70065000  160000000  160000000
   3      723    67231   159987     48292654427     48292814414        13046575      92178      66561     160000         47     5    1400000   70065000  160000000  160000000
   3      723    67230   159997     48292814423     48292974420        13206571      92155      66561     160000         53     5    1400000   70065000  160000000  160000000
   3      723    67234   159985     48292974429     48293134414        13366577      92052      66561     160000         47     5    1400000   70065000  160000000  160000000
   3      723    67225   159995     48293134423     48293294418        13526572      92224      66561     160000         51     5    1400000   70065000  160000000  160000000
   3      723    67229   159987     48293294427     48293454414        13686576      92186      66561     160000         47     5    1400000   70065000  160000000  160000000
   3      723    67234   159991     48293454423     48293614414        13846571      92119      66561     160000         47     5    1400000   70065000  160000000  160000000
   3      723    67227   159992     48293614423     48293774414        14006571      92199      66561     160000         47     5    1400000   70065000  160000000  160000000
   3      723    67232   159991     48293774423     48293934414        14166572      92154      66561     160000         47     5    1400000   70065000  160000000  160000000
   3      723    67226   160003     48293934423     48294094426        14326571      92218      66561     160000         59     5    1400000   70065000  160000000  160000000
   3      723    67229   159979     48294094435     48294254414        14486583      92110      66561     160000         47     5    1400000   70065000  160000000  160000000
   3      723    67235   159991     48294254423     48294414414        14646571      92175      66561     160000         47     5    1400000   70065000  160000000  160000000
   3      723    67225   159992     48294414423     48294574414        14806571      92236      66561     160000         47     5    1400000   70065000  160000000  160000000
   3      723    67236   159990     48294574423     48294734414        14966572      92127      66561     160000         47     5    1400000   70065000  160000000  160000000
   3      723    67227   160001     48294734423     48294894423        15126571      92185      66561     160000         56     5    1400000   70065000  160000000  160000000
   3      723    67229   159983     48294894432     48295054415        15286581      92111      66561     160000         48     5    1400000   70065000  160000000  160000000
   3      723    67234   159990     48295054424     48295214414        15446572      92169      66561     160000         47     5    1400000   70065000  160000000  160000000
   3      723    67234   159990     48295214424     48295374414        15606572      92169      66561     160000         47     5    1400000   70065000  160000000  160000000
   3      723    67229   159991     48295374423     48295534414        15766571      92181      66561     160000         47     5    1400000   70065000  160000000  160000000
   3      723    67226   159967     48295534460     48295694426        15926608      92189      66561     160000         59     5    1400000   70065000  160000000  160000000
   3      723    67234   159979     48295694435     48295854414        16086584      92095      66561     160000         47     5    1400000   70065000  160000000  160000000
   3      723    67233   159991     48295854423     48296014414        16246571      92139      66561     160000         47     5    1400000   70065000  160000000  160000000
   3      723    67228   159991     48296014423     48296174414        16406571      92220      66561     160000         47     5    1400000   70065000  160000000  160000000
   3      723    67235   159999     48296174423     48296334422        16566571      92166      66561     160000         54     5    1400000   70065000  160000000  160000000
   3      723    67226   159988     48296334431     48296494419        16726579      92202      66561     160000         51     5    1400000   70065000  160000000  160000000
   3      723    67233   159986     48296494428     48296654414        16886576      92163      66561     160000         47     5    1400000   70065000  160000000  160000000
   3      723    67234   159991     48296654423     48296814413        17046571      92176      66561     160000         47     5    1400000   70065000  160000000  160000000
   3      723    67229   159991     48296814423     48296974414        17206571      92155      66561     160000         47     5    1400000   70065000  160000000  160000000
   3      723    67238   159994     48296974423     48297134416        17366571      92119      66561     160000         49     5    1400000   70065000  160000000  160000000
   3      723    67225   159994     48297134425     48297294419        17526573      92238      66561     160000         52     5    1400000   70065000  160000000  160000000
   3      723    67232   159985     48297294428     48297454413        17686577      92151      66561     160000         47     5    1400000   70065000  160000000  160000000
   3      723    67227   159992     48297454422     48297614414        17846570      92202      66561     160000         47     5    1400000   70065000  160000000  160000000
   3      723    67230   159991     48297614423     48297774414        18006571      92171      66561     160000         47     5    1400000   70065000  160000000  160000000
   3      723    67230   159991     48297774423     48297934414        18166571      92193      66561     160000         47     5    1400000   70065000  160000000  160000000
   3      723    67228   159996     48297934423     48298094419        18326571      92188      66561     160000         52     5    1400000   70065000  160000000  160000000
   3      723    67232   159985     48298094428     48298254413        18486576      92174      66561     160000         46     5    1400000   70065000  160000000  160000000
   3      723    67226   159992     48298254422     48298414414        18646570      92201      66561     160000         47     5    1400000   70065000  160000000  160000000
   3      723    67230   159991     48298414423     48298574414        18806571      92187      66561     160000         47     5    1400000   70065000  160000000  160000000
   3      723    67227   159999     48298574423     48298734421        18966571      92209      66561     160000         54     5    1400000   70065000  160000000  160000000
   3      723    67227   159988     48298734430     48298894419        19126579      92212      66561     160000         52     5    1400000   70065000  160000000  160000000
   3      723    67230   159986     48298894428     48299054414        19286576      92180      66561     160000         47     5    1400000   70065000  160000000  160000000
   3      723    67227   159996     48299054423     48299214419        19446571      92190      66561     160000         52     5    1400000   70065000  160000000  160000000
   3      723    67231   159952     48299214462     48299374414        19606611      92155      66561     160000         47     5    1400000   70065000  160000000  160000000
   3      723    67231   159991     48299374423     48299534414        19766571      92171      66561     160000         47     5    1400000   70065000  160000000  160000000
   3      723    67225   159996     48299534423     48299694419        19926571      92215      66561     160000         52     5    1400000   70065000  160000000  160000000
   3      723    67233   159985     48299694428     48299854414        20086576      92173      66561     160000         47     5    1400000   70065000  160000000  160000000
   3      723    67229   159992     48299854422     48300014414        20246571      92169      66561     160000         47     5    1400000   70065000  160000000  160000000
   3      723    67229   159991     48300014423     48300174414        20406571      92171      66561     160000         47     5    1400000   70065000  160000000  160000000
   3      723    67234   159991     48300174422     48300334414        20566571      92152      66561     160000         47     5    1400000   70065000  160000000  160000000
   3      723    67228   159996     48300334423     48300494418        20726571      92218      66561     160000         51     5    1400000   70065000  160000000  160000000
   3      723    67229   159986     48300494427     48300654414        20886576      92169      66561     160000         47     5    1400000   70065000  160000000  160000000
   3      723    67225   159984     48300654423     48300814407        21046571      92190      66561     160000         40     5    1400000   70065000  160000000  160000000
   3      723    67232   159991     48300814416     48300974407        21206564      92173      66561     160000         40     5    1400000   70065000  160000000  160000000
   3      723    67239   159991     48300974416     48301134407        21366564      92124      66561     160000         40     5    1400000   70065000  160000000  160000000
   3      723    67227   159994     48301134416     48301294410        21526564      92187      66561     160000         43     5    1400000   70065000  160000000  160000000
   3      723    67228   159988     48301294419     48301454407        21686567      92192      66561     160000         40     5    1400000   70065000  160000000  160000000
   3      723    67229   159995     48301454416     48301614411        21846564      92174      66561     160000         43     5    1400000   70065000  160000000  160000000
   3      723    67230   159993     48301614420     48301774412        22006568      92212      66561     160000         45     5    1400000   70065000  160000000  160000000
   3      723    67232   159987     48301774421     48301934408        22166570      92188      66561     160000         41     5    1400000   70065000  160000000  160000000
   3      723    67229   160003     48301934417     48302094420        22326565      92150      66561     160000         53     5    1400000   70065000  160000000  160000000
   3      723    67230   159981     48302094430     48302254411        22486578      92117      66561     160000         44     5    1400000   70065000  160000000  160000000
   3      723    67228   159992     48302254420     48302414412        22646568      92163      66561     160000         45     5    1400000   70065000  160000000  160000000
   3      723    67228   159994     48302414421     48302574415        22806569      92205      66561     160000         48     5    1400000   70065000  160000000  160000000
   3      723    67231   159989     48302574423     48302734412        22966571      92130      66561     160000         45     5    1400000   70065000  160000000  160000000
   3      723    67230   159998     48302734421     48302894419        23126569      92149      66561     160000         51     5    1400000   70065000  160000000  160000000
   3      723    67231   159984     48302894430     48303054413        23286578      92156      66561     160000         46     5    1400000   70065000  160000000  160000000
   3      723    67227   159957     48303054452     48303214409        23446600      92152      66561     160000         42     5    1400000   70065000  160000000  160000000
   3      723    67228   159991     48303214419     48303374409        23606567      92199      66561     160000         42     5    1400000   70065000  160000000  160000000
   3      723    67227   159991     48303374419     48303534410        23766567      92208      66561     160000         42     5    1400000   70065000  160000000  160000000
   3      723    67231   159994     48303534419     48303694413        23926567      92188      66561     160000         45     5    1400000   70065000  160000000  160000000
   3      723    67229   159990     48303694422     48303854411        24086570      92195      66561     160000         44     5    1400000   70065000  160000000  160000000
   3      723    67229   159986     48303854421     48304014407        24246569      92139      66561     160000         40     5    1400000   70065000  160000000  160000000
   3      723    67230   159994     48304014416     48304174410        24406564      92182      66561     160000         43     5    1400000   70065000  160000000  160000000
   3      723    67227   159987     48304174419     48304334406        24566567      92200      66561     160000         39     5    1400000   70065000  160000000  160000000
   3      723    67232   159996     48304334416     48304494412        24726564      92197      66561     160000         45     5    1400000   70065000  160000000  160000000
   3      723    67235   159990     48304494421     48304654411        24886569      92132      66561     160000         43     5    1400000   70065000  160000000  160000000
   3      723    67230   159991     48304654419     48304814411        25046568      92148      66561     160000         43     5    1400000   70065000  160000000  160000000
   3      723    67228   159990     48304814420     48304974410        25206568      92217      66561     160000         43     5    1400000   70065000  160000000  160000000
   3      723    67229   159989     48304974419     48305134407        25366567      92117      66561     160000         40     5    1400000   70065000  160000000  160000000
   3      723    67229   159996     48305134416     48305294412        25526564      92203      66561     160000         44     5    1400000   70065000  160000000  160000000
   3      723    67228   159991     48305294421     48305454412        25686569      92195      66561     160000         43     5    1400000   70065000  160000000  160000000
   3      723    67230   159986     48305454421     48305614407        25846569      92179      66561     160000         40     5    1400000   70065000  160000000  160000000
   3      723    67227   159991     48305614415     48305774407        26006564      92228      66561     160000         40     5    1400000   70065000  160000000  160000000
   3      723    67228   159991     48305774416     48305934406        26166564      92202      66561     160000         39     5    1400000   70065000  160000000  160000000
   3      723    67236   160000     48305934415     48306094415        26326563      92151      66561     160000         47     5    1400000   70065000  160000000  160000000
   3      723    67230   159983     48306094424     48306254407        26486572      92166      66561     160000         40     5    1400000   70065000  160000000  160000000
   3      723    67235   159991     48306254416     48306414407        26646564      92175      66561     160000         39     5    1400000   70065000  160000000  160000000
   3      723    67226   159991     48306414416     48306574406        26806564      92234      66561     160000         39     5    1400000   70065000  160000000  160000000
   3      723    67230   159992     48306574415     48306734407        26966563      92172      66561     160000         40     5    1400000   70065000  160000000  160000000
   3      723    67229   159964     48306734447     48306894410        27126595      92172      66561     160000         43     5    1400000   70065000  160000000  160000000
   3      723    67236   159988     48306894419     48307054407        27286567      92130      66561     160000         40     5    1400000   70065000  160000000  160000000
   3      723    67230   159991     48307054416     48307214407        27446564      92193      66561     160000         39     5    1400000   70065000  160000000  160000000
   3      723    67228   159994     48307214415     48307374409        27606564      92204      66561     160000         42     5    1400000   70065000  160000000  160000000
   3      723    67229   159990     48307374418     48307534408        27766566      92166      66561     160000         41     5    1400000   70065000  160000000  160000000
   3      723    67228   159999     48307534417     48307694416        27926565      92201      66561     160000         48     5    1400000   70065000  160000000  160000000
   3      723    67231   159985     48307694425     48307854410        28086573      92179      66561     160000         43     5    1400000   70065000  160000000  160000000
   3      723    67230   159987     48307854419     48308014407        28246567      92177      66561     160000         40     5    1400000   70065000  160000000  160000000
   3      723    67227   159995     48308014415     48308174410        28406564      92191      66561     160000         43     5    1400000   70065000  160000000  160000000
   3      723    67231   159988     48308174419     48308334407        28566567      92130      66561     160000         40     5    1400000   70065000  160000000  160000000
   3      723    67225   159999     48308334416     48308494415        28726564      92229      66561     160000         47     5    1400000   70065000  160000000  160000000
   3      723    67231   159982     48308494424     48308654406        28886572      92169      66561     160000         39     5    1400000   70065000  160000000  160000000
   3      723    67232   159992     48308654416     48308814407        29046564      92179      66561     160000         40     5    1400000   70065000  160000000  160000000
   3      723    67227   159991     48308814416     48308974406        29206564      92231      66561     160000         39     5    1400000   70065000  160000000  160000000
   3      723    67238   159991     48308974415     48309134407        29366564      92137      66561     160000         40     5    1400000   70065000  160000000  160000000
   3      723    67226   160003     48309134415     48309294419        29526564      92229      66561     160000         51     5    1400000   70065000  160000000  160000000
   3      723    67229   159979     48309294427     48309454407        29686576      92138      66561     160000         40     5    1400000   70065000  160000000  160000000
   3      723    67232   159993     48309454415     48309614409        29846564      92162      66561     160000         42     5    1400000   70065000  160000000  160000000
   3      723    67225   159989     48309614417     48309774407        30006566      92253      66561     160000         40     5    1400000   70065000  160000000  160000000
   3      723    67230   159991     48309774416     48309934407        30166564      92208      66561     160000         40     5    1400000   70065000  160000000  160000000
   3      723    67227   159999     48309934416     48310094414        30326564      92199      66561     160000         46     5    1400000   70065000  160000000  160000000
   3      723    67229   159983     48310094423     48310254406        30486571      92153      66561     160000         39     5    1400000   70065000  160000000  160000000
   3      723    67237   159991     48310254415     48310414407        30646563      92156      66561     160000         40     5    1400000   70065000  160000000  160000000
   3      723    67225   159991     48310414415     48310574407        30806564      92253      66561     160000         40     5    1400000   70065000  160000000  160000000
   3      723    67231   159959     48310574448     48310734407        30966596      92151      66561     160000         40     5    1400000   70065000  160000000  160000000
   3      723    67225   159999     48310734416     48310894415        31126564      92222      66561     160000         47     5    1400000   70065000  160000000  160000000
   3      723    67229   159984     48310894424     48311054407        31286572      92174      66561     160000         40     5    1400000   70065000  160000000  160000000
   3      723    67229   159992     48311054416     48311214408        31446564      92168      66561     160000         41     5    1400000   70065000  160000000  160000000
   3      723    67228   159991     48311214417     48311374408        31606565      92188      66561     160000         40     5    1400000   70065000  160000000  160000000
   3      723    67231   159991     48311374417     48311534408        31766565      92158      66561     160000         41     5    1400000   70065000  160000000  160000000
   3      723    67226   159995     48311534417     48311694412        31926565      92226      66561     160000         44     5    1400000   70065000  160000000  160000000
   3      723    67229   159986     48311694422     48311854408        32086570      92131      66561     160000         40     5    1400000   70065000  160000000  160000000
   3      723    67229   159991     48311854417     48312014407        32246565      92169      66561     160000         40     5    1400000   70065000  160000000  160000000
   3      723    67230   159995     48312014416     48312174412        32406565      92195      66561     160000         44     5    1400000   70065000  160000000  160000000
   3      723    67234   159987     48312174421     48312334408        32566569      92189      66561     160000         41     5    1400000   70065000  160000000  160000000
   3      723    67225   159996     48312334416     48312494412        32726565      92244      66561     160000         45     5    1400000   70065000  160000000  160000000
   3      723    67236   159989     48312494422     48312654411        32886570      92149      66561     160000         44     5    1400000   70065000  160000000  160000000
   3      723    67227   159988     48312654420     48312814408        33046568      92179      66561     160000         40     5    1400000   70065000  160000000  160000000
   3      723    67230   159991     48312814416     48312974407        33206565      92188      66561     160000         40     5    1400000   70065000  160000000  160000000
   3      723    67235   159992     48312974416     48313134407        33366564      92132      66561     160000         40     5    1400000   70065000  160000000  160000000
   3      723    67227   159995     48313134417     48313294412        33526565      92174      66561     160000         45     5    1400000   70065000  160000000  160000000
   3      723    67230   159989     48313294422     48313454410        33686570      92158      66561     160000         43     5    1400000   70065000  160000000  160000000
   3      723    67228   159988     48313454419     48313614407        33846567      92176      66561     160000         40     5    1400000   70065000  160000000  160000000
   3      723    67227   159992     48313614416     48313774408        34006564      92198      66561     160000         40     5    1400000   70065000  160000000  160000000
   3      723    67232   160000     48313774416     48313934416        34166565      92169      66561     160000         48     5    1400000   70065000  160000000  160000000
   3      723    67227   159987     48313934425     48314094412        34326573      92199      66561     160000         45     5    1400000   70065000  160000000  160000000
   3      723    67232   159989     48314094421     48314254410        34486570      92136      66561     160000         43     5    1400000   70065000  160000000  160000000
   3      723    67226   159957     48314254450     48314414407        34646598      92171      66561     160000         40     5    1400000   70065000  160000000  160000000
   3      723    67228   159991     48314414416     48314574408        34806564      92147      66561     160000         41     5    1400000   70065000  160000000  160000000
   3      723    67229   159990     48314574417     48314734407        34966565      92195      66561     160000         40     5    1400000   70065000  160000000  160000000
   3      723    67226   159996     48314734416     48314894412        35126564      92231      66561     160000         45     5    1400000   70065000  160000000  160000000
   3      723    67229   159989     48314894421     48315054410        35286569      92202      66561     160000         43     5    1400000   70065000  160000000  160000000
   3      723    67228   159989     48315054419     48315214407        35446567      92158      66561     160000         40     5    1400000   70065000  160000000  160000000
   3      723    67229   159991     48315214416     48315374407        35606564      92167      66561     160000         40     5    1400000   70065000  160000000  160000000
   3      723    67232   159991     48315374416     48315534407        35766564      92147      66561     160000         40     5    1400000   70065000  160000000  160000000
   3      723    67227   159996     48315534416     48315694412        35926564      92196      66561     160000         45     5    1400000   70065000  160000000  160000000
   3      723    67227   160013     48315694421     48315854434        36086569      92212      66561     160000         64     5    1400000   70065000  160000000  160000000
   3      723    67420   159981     48315854453     48316014434        36246601      91790      66561     160000         66     5    1400000   70065000  160000000  160000000
   3      723    67236   159967     48316014445     48316174411        36406593      92090      66561     160000         42     5    1400000   70065000  160000000  160000000
   3      723    67242   159990     48316174425     48316334415        36566574      92001      66561     160000         47     5    1400000   70065000  160000000  160000000
   3      723    67340   159987     48316334426     48316494413        36726575      91823      66561     160000         45     5    1400000   70065000  160000000  160000000
   3      723    67721   159987     48316494423     48316654411        36886571      91610      66561     160000         42     5    1400000   70065000  160000000  160000000
   3      723    67267   159990     48316654425     48316814416        37046573      91984      66561     160000         48     5    1400000   70065000  160000000  160000000
   3      723    67233   160003     48316814426     48316974429        37206574      92124      66561     160000         61     5    1400000   70065000  160000000  160000000
   3      723    67249   159970     48316974444     48317134414        37366592      92007      66561     160000         46     5    1400000   70065000  160000000  160000000
   3      723    67233   160013     48317134423     48317294436        37526572      92163      66561     160000         66     5    1400000   70065000  160000000  160000000
   3      723    67266   159983     48317294451     48317454434        37686599      91938      66561     160000         66     5    1400000   70065000  160000000  160000000
   3      723    68164   159976     48317454444     48317614420        37846592      91036      66561     160000         52     5    1400000   70065000  160000000  160000000
   3      723    67424   159986     48317614432     48317774417        38006580      91957      66561     160000         50     5    1400000   70065000  160000000  160000000
   3      723    67238   159990     48317774429     48317934420        38166578      92076      66561     160000         52     5    1400000   70065000  160000000  160000000
   3      723    67238   159988     48317934430     48318094418        38326578      92105      66561     160000         51     5    1400000   70065000  160000000  160000000
   3      723    67233   159936     48318094476     48318254412        38486624      92106      66561     160000         43     5    1400000   70065000  160000000  160000000
   3      723    67280   159989     48318254425     48318414414        38646574      91708      66561     160000         47     5    1400000   70065000  160000000  160000000
   3      723    67233   159988     48318414424     48318574412        38806572      92176      66561     160000         45     5    1400000   70065000  160000000  160000000
   3      723    67228   159995     48318574422     48318734417        38966570      92179      66561     160000         49     5    1400000   70065000  160000000  160000000
   3      723    67234   159993     48318734427     48318894420        39126575      92152      66561     160000         52     5    1400000   70065000  160000000  160000000
   3      723    67229   159987     48318894429     48319054416        39286577      92178      66561     160000         49     5    1400000   70065000  160000000  160000000
   3      723    67227   159988     48319054425     48319214413        39446573      92168      66561     160000         46     5    1400000   70065000  160000000  160000000
   3      723    67233   159993     48319214422     48319374415        39606570      92196      66561     160000         48     5    1400000   70065000  160000000  160000000
   3      723    67226   159988     48319374424     48319534413        39766573      92206      66561     160000         46     5    1400000   70065000  160000000  160000000
   3      723    67229   159995     48319534422     48319694417        39926570      92209      66561     160000         50     5    1400000   70065000  160000000  160000000
   3      723    67231   159989     48319694426     48319854415        40086574      92191      66561     160000         48     5    1400000   70065000  160000000  160000000
   3      723    67227   159993     48319854424     48320014416        40246572      92196      66561     160000         49     5    1400000   70065000  160000000  160000000
   3      723    67228   159990     48320014426     48320174415        40406574      92229      66561     160000         48     5    1400000   70065000  160000000  160000000
   3      723    67228   159989     48320174424     48320334413        40566572      92167      66561     160000         46     5    1400000   70065000  160000000  160000000
   3      723    67228   159996     48320334422     48320494417        40726570      92217      66561     160000         50     5    1400000   70065000  160000000  160000000
   3      723    67232   159989     48320494426     48320654416        40886575      92185      66561     160000         49     5    1400000   70065000  160000000  160000000
   3      723    67229   159988     48320654425     48320814412        41046573      92148      66561     160000         45     5    1400000   70065000  160000000  160000000
   3      723    67228   159991     48320814421     48320974412        41206570      92220      66561     160000         45     5    1400000   70065000  160000000  160000000
   3      723    67228   159993     48320974421     48321134414        41366569      92151      66561     160000         47     5    1400000   70065000  160000000  160000000
   3      723    67230   160004     48321134423     48321294426        41526571      92173      66561     160000         59     5    1400000   70065000  160000000  160000000
   3      723    67230   159978     48321294436     48321454414        41686584      92112      66561     160000         47     5    1400000   70065000  160000000  160000000
   3      723    67236   159998     48321454423     48321614421        41846571      92133      66561     160000         53     5    1400000   70065000  160000000  160000000
   3      723    67248   159987     48321614431     48321774418        42006579      92072      66561     160000         50     5    1400000   70065000  160000000  160000000
   3      723    67235   159927     48321774480     48321934407        42166629      92080      66561     160000         40     5    1400000   70065000  160000000  160000000
   3      723    67229   160008     48321934416     48322094425        42326564      92208      66561     160000         57     5    1400000   70065000  160000000  160000000
   3      723    67229   159973     48322094434     48322254407        42486582      92132      66561     160000         40     5    1400000   70065000  160000000  160000000
   3      723    67232   159991     48322254416     48322414407        42646564      92178      66561     160000         40     5    1400000   70065000  160000000  160000000
   3      723    67227   159994     48322414416     48322574410        42806564      92237      66561     160000         43     5    1400000   70065000  160000000  160000000
   3      723    67229   159992     48322574419     48322734410        42966567      92165      66561     160000         43     5    1400000   70065000  160000000  160000000
   3      723    67230   159994     48322734419     48322894414        43126567      92185      66561     160000         45     5    1400000   70065000  160000000  160000000
   3      723    67229   159989     48322894423     48323054411        43286571      92182      66561     160000         44     5    1400000   70065000  160000000  160000000
   3      723    67231   159987     48323054420     48323214407        43446568      92171      66561     160000         40     5    1400000   70065000  160000000  160000000
   3      723    67233   159991     48323214416     48323374407        43606564      92183      66561     160000         40     5    1400000   70065000  160000000  160000000
   3      723    67230   159991     48323374416     48323534406        43766564      92147      66561     160000         39     5    1400000   70065000  160000000  160000000
   3      723    67226   160001     48323534415     48323694417        43926564      92218      66561     160000         49     5    1400000   70065000  160000000  160000000
   3      723    67229   159981     48323694426     48323854407        44086574      92182      66561     160000         40     5    1400000   70065000  160000000  160000000
   3      723    67230   159991     48323854416     48324014407        44246564      92187      66561     160000         40     5    1400000   70065000  160000000  160000000
   3      723    67229   160000     48324014416     48324174415        44406564      92181      66561     160000         48     5    1400000   70065000  160000000  160000000
   3      723    67232   159982     48324174424     48324334407        44566573      92168      66561     160000         40     5    1400000   70065000  160000000  160000000
   3      723    67226   160004     48324334416     48324494420        44726564      92222      66561     160000         52     5    1400000   70065000  160000000  160000000
   3      723    67229   159979     48324494429     48324654407        44886577      92147      66561     160000         40     5    1400000   70065000  160000000  160000000
   3      723    67232   159990     48324654416     48324814406        45046565      92150      66561     160000         39     5    1400000   70065000  160000000  160000000
   3      723    67226   159992     48324814415     48324974407        45206564      92232      66561     160000         40     5    1400000   70065000  160000000  160000000
   3      723    67235   159992     48324974416     48325134408        45366564      92152      66561     160000         41     5    1400000   70065000  160000000  160000000
   3      723    67227   159995     48325134417     48325294411        45526565      92200      66561     160000         43     5    1400000   70065000  160000000  160000000
   3      723    67230   159986     48325294421     48325454407        45686569      92134      66561     160000         40     5    1400000   70065000  160000000  160000000
   3      723    67228   159991     48325454416     48325614407        45846564      92170      66561     160000         40     5    1400000   70065000  160000000  160000000
   3      723    67227   159960     48325614448     48325774407        46006596      92197      66561     160000         40     5    1400000   70065000  160000000  160000000
   3      723    67228   159991     48325774416     48325934407        46166564      92214      66561     160000         40     5    1400000   70065000  160000000  160000000
   3      723    67227   160006     48325934416     48326094422        46326564      92236      66561     160000         54     5    1400000   70065000  160000000  160000000
   3      723    67229   159976     48326094431     48326254407        46486579      92116      66561     160000         40     5    1400000   70065000  160000000  160000000
   3      723    67228   160001     48326254417     48326414417        46646565      92170      66561     160000         49     5    1400000   70065000  160000000  160000000
   3      723    67237   159970     48326414428     48326574398        46806576      92124      66561     160000         31     5    1400000   70065000  160000000  160000000
   3      723    67230   160000     48326574407     48326734407        46966555      92219      66561     160000         39     5    1400000   70065000  160000000  160000000
   3      723    67227   160001     48326734416     48326894417        47126564      92235      66561     160000         50     5    1400000   70065000  160000000  160000000
   3      723    67231   159981     48326894426     48327054407        47286574      92089      66561     160000         40     5    1400000   70065000  160000000  160000000
   3      723    67232   159991     48327054416     48327214407        47446564      92118      66561     160000         39     5    1400000   70065000  160000000  160000000
   3      723    67229   159990     48327214416     48327374406        47606564      92144      66561     160000         39     5    1400000   70065000  160000000  160000000
   3      723    67232   159992     48327374415     48327534407        47766563      92169      66561     160000         40     5    1400000   70065000  160000000  160000000
   3      723    67225   159995     48327534416     48327694412        47926565      92226      66561     160000         45     5    1400000   70065000  160000000  160000000
   3      723    67231   159989     48327694421     48327854410        48086569      92162      66561     160000         43     5    1400000   70065000  160000000  160000000
   3      723    67229   159992     48327854419     48328014410        48246567      92173      66561     160000         43     5    1400000   70065000  160000000  160000000
   3      723    67230   159988     48328014419     48328174407        48406567      92195      66561     160000         40     5    1400000   70065000  160000000  160000000
   3      723    67229   159991     48328174416     48328334407        48566564      92156      66561     160000         39     5    1400000   70065000  160000000  160000000
   3      723    67233   159995     48328334416     48328494411        48726564      92116      66561     160000         44     5    1400000   70065000  160000000  160000000
   3      723    67229   159989     48328494420     48328654410        48886569      92189      66561     160000         43     5    1400000   70065000  160000000  160000000
   3      723    67228   159988     48328654418     48328814407        49046567      92161      66561     160000         40     5    1400000   70065000  160000000  160000000
   3      723    67230   159991     48328814416     48328974407        49206564      92201      66561     160000         40     5    1400000   70065000  160000000  160000000
   3      723    67237   159997     48328974416     48329134413        49366564      92107      66561     160000         46     5    1400000   70065000  160000000  160000000
   3      723    67226   159991     48329134422     48329294412        49526570      92218      66561     160000         45     5    1400000   70065000  160000000  160000000
   3      723    67234   159989     48329294421     48329454410        49686570      92168      66561     160000         43     5    1400000   70065000  160000000  160000000
   3      723    67227   159955     48329454453     48329614408        49846601      92161      66561     160000         41     5    1400000   70065000  160000000  160000000
   3      723    67228   159990     48329614417     48329774407        50006565      92160      66561     160000         40     5    1400000   70065000  160000000  160000000
   3      723    67229   159991     48329774415     48329934407        50166564      92162      66561     160000         40     5    1400000   70065000  160000000  160000000
   3      723    67226   159996     48329934416     48330094411        50326564      92209      66561     160000         44     5    1400000   70065000  160000000  160000000
   3      723    67232   159989     48330094420     48330254410        50486568      92176      66561     160000         43     5    1400000   70065000  160000000  160000000
   3      723    67229   159995     48330254418     48330414413        50646566      92159      66561     160000         45     5    1400000   70065000  160000000  160000000
   3      723    67229   159988     48330414421     48330574410        50806570      92193      66561     160000         43     5    1400000   70065000  160000000  160000000
   3      723    67226   159988     48330574418     48330734407        50966567      92218      66561     160000         40     5    1400000   70065000  160000000  160000000
   3      723    67227   159997     48330734416     48330894412        51126564      92231      66561     160000         45     5    1400000   70065000  160000000  160000000
   3      723    67233   159986     48330894421     48331054407        51286569      92177      66561     160000         40     5    1400000   70065000  160000000  160000000
   3      723    67226   159991     48331054416     48331214407        51446564      92201      66561     160000         40     5    1400000   70065000  160000000  160000000
   3      723    67234   159991     48331214416     48331374407        51606564      92171      66561     160000         40     5    1400000   70065000  160000000  160000000
   3      723    67227   159991     48331374416     48331534406        51766564      92189      66561     160000         39     5    1400000   70065000  160000000  160000000
   3      723    67232   159997     48331534415     48331694411        51926563      92190      66561     160000         44     5    1400000   70065000  160000000  160000000
   3      723    67231   159990     48331694420     48331854410        52086569      92186      66561     160000         43     5    1400000   70065000  160000000  160000000
   3      723    67227   159995     48331854419     48332014414        52246567      92202      66561     160000         47     5    1400000   70065000  160000000  160000000
   3      723    67230   159996     48332014423     48332174419        52406571      92176      66561     160000         51     5    1400000   70065000  160000000  160000000
   3      723    67228   159979     48332174428     48332334406        52566576      92191      66561     160000         39     5    1400000   70065000  160000000  160000000
   3      723    67236   159994     48332334415     48332494410        52726564      92145      66561     160000         43     5    1400000   70065000  160000000  160000000
   3      723    67232   159988     48332494419     48332654407        52886567      92166      66561     160000         40     5    1400000   70065000  160000000  160000000
   3      723    67227   159992     48332654415     48332814407        53046564      92199      66561     160000         40     5    1400000   70065000  160000000  160000000
   3      723    67228   159991     48332814416     48332974406        53206564      92223      66561     160000         39     5    1400000   70065000  160000000  160000000
   3      723    67227   159991     48332974415     48333134407        53366563      92177      66561     160000         40     5    1400000   70065000  160000000  160000000
   3      723    67230   159965     48333134445     48333294411        53526594      92142      66561     160000         43     5    1400000   70065000  160000000  160000000
   3      723    67233   159988     48333294419     48333454407        53686568      92125      66561     160000         40     5    1400000   70065000  160000000  160000000
   3      723    67228   159991     48333454416     48333614407        53846564      92197      66561     160000         40     5    1400000   70065000  160000000  160000000
   3      723    67232   159994     48333614415     48333774410        54006563      92185      66561     160000         43     5    1400000   70065000  160000000  160000000
   3      723    67226   159989     48333774418     48333934407        54166566      92204      66561     160000         40     5    1400000   70065000  160000000  160000000
   3      723    67232   159996     48333934415     48334094411        54326564      92176      66561     160000         44     5    1400000   70065000  160000000  160000000
   3      723    67228   159989     48334094420     48334254409        54486568      92206      66561     160000         42     5    1400000   70065000  160000000  160000000
   3      723    67236   159989     48334254418     48334414407        54646566      92109      66561     160000         40     5    1400000   70065000  160000000  160000000
   3      723    67228   159994     48334414415     48334574409        54806564      92189      66561     160000         42     5    1400000   70065000  160000000  160000000
   3      723    67230   159990     48334574418     48334734408        54966566      92159      66561     160000         41     5    1400000   70065000  160000000  160000000
   3      723    67227   160003     48334734417     48334894420        55126565      92194      66561     160000         53     5    1400000   70065000  160000000  160000000
   3      723    67229   159980     48334894429     48335054410        55286578      92111      66561     160000         43     5    1400000   70065000  160000000  160000000
   3      723    67226   159992     48335054419     48335214410        55446567      92201      66561     160000         43     5    1400000   70065000  160000000  160000000
   3      723    67228   159991     48335214420     48335374410        55606568      92198      66561     160000         43     5    1400000   70065000  160000000  160000000
   3      723    67232   159989     48335374419     48335534408        55766567      92116      66561     160000         41     5    1400000   70065000  160000000  160000000
   3      723    67228   160002     48335534417     48335694419        55926565      92214      66561     160000         51     5    1400000   70065000  160000000  160000000
   3      723    67229   159979     48335694428     48335854406        56086576      92163      66561     160000         39     5    1400000   70065000  160000000  160000000
   3      723    67230   159991     48335854415     48336014407        56246564      92145      66561     160000         40     5    1400000   70065000  160000000  160000000
   3      723    67226   159991     48336014416     48336174407        56406564      92219      66561     160000         39     5    1400000   70065000  160000000  160000000
   3      723    67227   159992     48336174416     48336334407        56566564      92192      66561     160000         40     5    1400000   70065000  160000000  160000000
   3      723    67230   159998     48336334416     48336494414        56726565      92181      66561     160000         46     5    1400000   70065000  160000000  160000000
   3      723    67232   159989     48336494423     48336654412        56886571      92126      66561     160000         45     5    1400000   70065000  160000000  160000000
   3      723    67227   159986     48336654421     48336814407        57046569      92182      66561     160000         39     5    1400000   70065000  160000000  160000000
   3      723    67227   159995     48336814415     48336974410        57206564      92226      66561     160000         43     5    1400000   70065000  160000000  160000000
   3      723    67229   159958     48336974448     48337134407        57366596      92112      66561     160000         40     5    1400000   70065000  160000000  160000000
   3      723    67229   159999     48337134416     48337294415        57526564      92209      66561     160000         47     5    1400000   70065000  160000000  160000000
   3      723    67229   159983     48337294424     48337454407        57686572      92201      66561     160000         40     5    1400000   70065000  160000000  160000000
   3      723    67231   159992     48337454416     48337614408        57846564      92156      66561     160000         41     5    1400000   70065000  160000000  160000000
   3      723    67229   159993     48337614417     48337774409        58006565      92206      66561     160000         42     5    1400000   70065000  160000000  160000000
   3      723    67227   159988     48337774418     48337934407        58166567      92181      66561     160000         40     5    1400000   70065000  160000000  160000000
   3      723    67232   159999     48337934416     48338094415        58326564      92169      66561     160000         47     5    1400000   70065000  160000000  160000000
   3      723    67228   159986     48338094424     48338254410        58486572      92166      66561     160000         43     5    1400000   70065000  160000000  160000000
   3      723    67231   159988     48338254419     48338414407        58646567      92171      66561     160000         40     5    1400000   70065000  160000000  160000000
   3      723    67231   160001     48338414416     48338574417        58806564      92204      66561     160000         50     5    1400000   70065000  160000000  160000000
   3      723    67231   159981     48338574426     48338734407        58966574      92088      66561     160000         40     5    1400000   70065000  160000000  160000000
   3      723    67229   160003     48338734416     48338894420        59126564      92199      66561     160000         52     5    1400000   70065000  160000000  160000000
   3      723    67233   159978     48338894429     48339054407        59286577      92105      66561     160000         40     5    1400000   70065000  160000000  160000000
   3      723    67230   159991     48339054416     48339214407        59446564      92188      66561     160000         40     5    1400000   70065000  160000000  160000000
   3      723    67228   159994     48339214416     48339374410        59606564      92206      66561     160000         43     5    1400000   70065000  160000000  160000000
   3      723    67231   159988     48339374419     48339534407        59766567      92122      66561     160000         40     5    1400000   70065000  160000000  160000000
   3      723    67230   159997     48339534416     48339694412        59926564      92166      66561     160000         44     5    1400000   70065000  160000000  160000000
   3      723    67228   159985     48339694421     48339854407        60086570      92183      66561     160000         40     5    1400000   70065000  160000000  160000000
   3      723    67233   159992     48339854416     48340014407        60246564      92176      66561     160000         40     5    1400000   70065000  160000000  160000000
   3      723    67230   159991     48340014416     48340174407        60406565      92196      66561     160000         40     5    1400000   70065000  160000000  160000000
   3      723    67233   159991     48340174416     48340334407        60566564      92151      66561     160000         40     5    1400000   70065000  160000000  160000000
   3      723    67228   160000     48340334415     48340494415        60726564      92199      66561     160000         48     5    1400000   70065000  160000000  160000000
   3      723    67230   159982     48340494424     48340654407        60886572      92143      66561     160000         40     5    1400000   70065000  160000000  160000000
   3      723    67228   159956     48340654452     48340814407        61046600      92130      66561     160000         40     5    1400000   70065000  160000000  160000000
   3      723    67229   159992     48340814417     48340974409        61206565      92185      66561     160000         41     5    1400000   70065000  160000000  160000000
   3      723    67236   159989     48340974418     48341134407        61366566      92125      66561     160000         40     5    1400000   70065000  160000000  160000000
   3      723    67225   159998     48341134416     48341294415        61526565      92233      66561     160000         47     5    1400000   70065000  160000000  160000000
   3      723    67231   159983     48341294424     48341454407        61686572      92170      66561     160000         39     5    1400000   70065000  160000000  160000000
   3      723    67226   159991     48341454415     48341614407        61846564      92187      66561     160000         39     5    1400000   70065000  160000000  160000000
   3      723    67225   159992     48341614416     48341774408        62006564      92235      66561     160000         41     5    1400000   70065000  160000000  160000000
   3      723    67233   159990     48341774417     48341934406        62166565      92182      66561     160000         39     5    1400000   70065000  160000000  160000000
   3      723    67228   160001     48341934415     48342094416        62326564      92196      66561     160000         48     5    1400000   70065000  160000000  160000000
   3      723    67232   159981     48342094425     48342254406        62486573      92161      66561     160000         39     5    1400000   70065000  160000000  160000000
   3      723    67233   159991     48342254416     48342414406        62646564      92161      66561     160000         39     5    1400000   70065000  160000000  160000000
   3      723    67226   159991     48342414415     48342574406        62806563      92222      66561     160000         39     5    1400000   70065000  160000000  160000000
   3      723    67232   159991     48342574415     48342734406        62966564      92165      66561     160000         39     5    1400000   70065000  160000000  160000000
   3      723    67228   159999     48342734415     48342894414        63126564      92212      66561     160000         47     5    1400000   70065000  160000000  160000000
   3      723    67231   159983     48342894423     48343054407        63286572      92147      66561     160000         40     5    1400000   70065000  160000000  160000000
   3      723    67226   159991     48343054416     48343214407        63446564      92197      66561     160000         40     5    1400000   70065000  160000000  160000000
   3      723    67228   159990     48343214416     48343374406        63606564      92218      66561     160000         39     5    1400000   70065000  160000000  160000000
   3      723    67229   159991     48343374415     48343534407        63766564      92206      66561     160000         40     5    1400000   70065000  160000000  160000000
   3      723    67227   159997     48343534416     48343694412        63926564      92180      66561     160000         45     5    1400000   70065000  160000000  160000000
   3      723    67229   159993     48343694422     48343854414        64086570      92177      66561     160000         47     5    1400000   70065000  160000000  160000000
   3      723    67229   159983     48343854424     48344014407        64246572      92149      66561     160000         40     5    1400000   70065000  160000000  160000000
   3      723    67228   159992     48344014415     48344174407        64406564      92178      66561     160000         40     5    1400000   70065000  160000000  160000000
   3      723    67234   159994     48344174416     48344334410        64566564      92146      66561     160000         43     5    1400000   70065000  160000000  160000000
   3      723    67228   159993     48344334419     48344494411        64726567      92201      66561     160000         44     5    1400000   70065000  160000000  160000000
   3      723    67235   159956     48344494454     48344654410        64886602      92099      66561     160000         43     5    1400000   70065000  160000000  160000000
   3      723    67228   159988     48344654419     48344814406        65046567      92203      66561     160000         39     5    1400000   70065000  160000000  160000000
   3      723    67229   159991     48344814415     48344974407        65206564      92151      66561     160000         40     5    1400000   70065000  160000000  160000000
   3      723    67230   159991     48344974415     48345134407        65366564      92151      66561     160000         40     5    1400000   70065000  160000000  160000000
   3      723    67231   159996     48345134415     48345294411        65526564      92175      66561     160000         44     5    1400000   70065000  160000000  160000000
   3      723    67229   159990     48345294420     48345454410        65686568      92176      66561     160000         43     5    1400000   70065000  160000000  160000000
   3      723    67228   159988     48345454418     48345614407        65846567      92153      66561     160000         40     5    1400000   70065000  160000000  160000000
   3      723    67230   159994     48345614415     48345774409        66006564      92155      66561     160000         42     5    1400000   70065000  160000000  160000000
   3      723    67228   159990     48345774418     48345934408        66166566      92197      66561     160000         41     5    1400000   70065000  160000000  160000000
   3      723    67228   159995     48345934417     48346094412        66326565      92140      66561     160000         44     5    1400000   70065000  160000000  160000000
   3      723    67230   159986     48346094420     48346254407        66486569      92171      66561     160000         40     5    1400000   70065000  160000000  160000000
   3      723    67228   159991     48346254416     48346414407        66646564      92195      66561     160000         40     5    1400000   70065000  160000000  160000000
   3      723    67234   159991     48346414416     48346574407        66806564      92151      66561     160000         39     5    1400000   70065000  160000000  160000000
   3      723    67228   159991     48346574416     48346734406        66966564      92168      66561     160000         39     5    1400000   70065000  160000000  160000000
   3      723    67225   159996     48346734415     48346894411        67126564      92247      66561     160000         44     5    1400000   70065000  160000000  160000000
   3      723    67231   159987     48346894420     48347054407        67286568      92161      66561     160000         40     5    1400000   70065000  160000000  160000000
   3      723    67227   159991     48347054416     48347214407        67446564      92186      66561     160000         40     5    1400000   70065000  160000000  160000000
   3      723    67229   159998     48347214416     48347374414        67606564      92205      66561     160000         46     5    1400000   70065000  160000000  160000000
   3      723    67230   159984     48347374422     48347534407        67766571      92177      66561     160000         40     5    1400000   70065000  160000000  160000000
   3      723    67228   159995     48347534415     48347694410        67926563      92181      66561     160000         43     5    1400000   70065000  160000000  160000000
   3      723    67230   159990     48347694420     48347854410        68086568      92185      66561     160000         42     5    1400000   70065000  160000000  160000000
   3      723    67226   159989     48347854418     48348014408        68246566      92198      66561     160000         41     5    1400000   70065000  160000000  160000000
   3      723    67228   159993     48348014416     48348174410        68406565      92200      66561     160000         43     5    1400000   70065000  160000000  160000000
   3      723    67227   159956     48348174451     48348334408        68566599      92180      66561     160000         40     5    1400000   70065000  160000000  160000000
   3      723    67231   160003     48348334417     48348494420        68726565      92126      66561     160000         52     5    1400000   70065000  160000000  160000000
   3      723    67233   159981     48348494429     48348654410        68886577      92149      66561     160000         43     5    1400000   70065000  160000000  160000000
   3      723    67227   159988     48348654419     48348814407        69046567      92203      66561     160000         40     5    1400000   70065000  160000000  160000000
   3      723    67230   159994     48348814416     48348974410        69206564      92195      66561     160000         43     5    1400000   70065000  160000000  160000000
   3      723    67228   159996     48348974419     48349134416        69366568      92159      66561     160000         49     5    1400000   70065000  160000000  160000000
   3      723    67241   159986     48349134425     48349294411        69526573      92101      66561     160000         44     5    1400000   70065000  160000000  160000000
   3      723    67232   159990     48349294420     48349454410        69686568      92140      66561     160000         43     5    1400000   70065000  160000000  160000000
   3      723    67228   159988     48349454419     48349614407        69846567      92157      66561     160000         40     5    1400000   70065000  160000000  160000000
   3      723    67232   159990     48349614416     48349774406        70006564      92144      66561     160000         40     5    1400000   70065000  160000000  160000000
   3      723    67230   159991     48349774415     48349934406        70166564      92174      66561     160000         39     5    1400000   70065000  160000000  160000000
   3      723    67231   159997     48349934415     48350094412        70326564      92168      66561     160000         44     5    1400000   70065000  160000000  160000000
   3      723    67230   159985     48350094421     48350254407        70486570      92166      66561     160000         40     5    1400000   70065000  160000000  160000000
   3      723    67230   159995     48350254416     48350414410        70646564      92159      66561     160000         43     5    1400000   70065000  160000000  160000000
   3      723    67230   159990     48350414420     48350574410        70806568      92161      66561     160000         43     5    1400000   70065000  160000000  160000000
   3      723    67230   159988     48350574419     48350734407        70966567      92160      66561     160000         39     5    1400000   70065000  160000000  160000000
   3      723    67228   160004     48350734415     48350894419        71126564      92210      66561     160000         52     5    1400000   70065000  160000000  160000000
   3      723    67230   159978     48350894428     48351054407        71286577      92184      66561     160000         40     5    1400000   70065000  160000000  160000000
   3      723    67234   159991     48351054416     48351214407        71446564      92156      66561     160000         40     5    1400000   70065000  160000000  160000000
   3      723    67235   159991     48351214416     48351374407        71606564      92132      66561     160000         40     5    1400000   70065000  160000000  160000000
   3      723    67229   159991     48351374416     48351534407        71766564      92167      66561     160000         40     5    1400000   70065000  160000000  160000000
   3      723    67230   160003     48351534416     48351694419        71926564      92177      66561     160000         51     5    1400000   70065000  160000000  160000000
   3      723    67229   159982     48351694428     48351854410        72086576      92156      66561     160000         43     5    1400000   70065000  160000000  160000000
   3      723    67229   159989     48351854419     48352014408        72246567      92149      66561     160000         41     5    1400000   70065000  160000000  160000000
   3      723    67235   159958     48352014449     48352174407        72406597      92139      66561     160000         40     5    1400000   70065000  160000000  160000000
   3      723    67227   159990     48352174416     48352334406        72566564      92201      66561     160000         39     5    1400000   70065000  160000000  160000000
   3      723    67231   160001     48352334415     48352494416        72726563      92208      66561     160000         48     5    1400000   70065000  160000000  160000000
   3      723    67229   159981     48352494425     48352654406        72886573      92190      66561     160000         39     5    1400000   70065000  160000000  160000000
   3      723    67235   159992     48352654415     48352814407        73046563      92174      66561     160000         39     5    1400000   70065000  160000000  160000000
   3      723    67229   159994     48352814416     48352974409        73206564      92224      66561     160000         42     5    1400000   70065000  160000000  160000000
   3      723    67232   159989     48352974418     48353134407        73366566      92128      66561     160000         40     5    1400000   70065000  160000000  160000000
   3      723    67229   160003     48353134415     48353294419        73526564      92205      66561     160000         51     5    1400000   70065000  160000000  160000000
   3      723    67228   159984     48353294428     48353454412        73686576      92197      66561     160000         44     5    1400000   70065000  160000000  160000000
   3      723    67230   159986     48353454421     48353614407        73846569      92188      66561     160000         39     5    1400000   70065000  160000000  160000000
   3      723    67232   159991     48353614416     48353774407        74006564      92194      66561     160000         40     5    1400000   70065000  160000000  160000000
   3      723    67230   159991     48353774416     48353934407        74166564      92160      66561     160000         40     5    1400000   70065000  160000000  160000000
   3      723    67227   160000     48353934415     48354094416        74326564      92232      66561     160000         48     5    1400000   70065000  160000000  160000000
   3      723    67230   159983     48354094424     48354254407        74486573      92167      66561     160000         40     5    1400000   70065000  160000000  160000000
   3      723    67232   159993     48354254416     48354414409        74646564      92170      66561     160000         42     5    1400000   70065000  160000000  160000000
   3      723    67229   159992     48354414418     48354574409        74806566      92173      66561     160000         42     5    1400000   70065000  160000000  160000000
   3      723    67233   159988     48354574418     48354734406        74966566      92152      66561     160000         39     5    1400000   70065000  160000000  160000000
   3      723    67236   159999     48354734415     48354894414        75126564      92147      66561     160000         46     5    1400000   70065000  160000000  160000000
   3      723    67229   159983     48354894424     48355054407        75286572      92194      66561     160000         40     5    1400000   70065000  160000000  160000000
   3      723    67232   159991     48355054416     48355214406        75446564      92176      66561     160000         39     5    1400000   70065000  160000000  160000000
   3      723    67225   159995     48355214415     48355374410        75606563      92254      66561     160000         43     5    1400000   70065000  160000000  160000000
   3      723    67233   159988     48355374418     48355534407        75766567      92164      66561     160000         39     5    1400000   70065000  160000000  160000000
   3      723    67228   160004     48355534415     48355694419        75926563      92202      66561     160000         52     5    1400000   70065000  160000000  160000000
   3      723    67231   159950     48355694464     48355854414        76086612      92109      66561     160000         47     5    1400000   70065000  160000000  160000000
   3      723    67232   159991     48355854423     48356014414        76246571      92157      66561     160000         47     5    1400000   70065000  160000000  160000000
   3      723    67226   159992     48356014422     48356174415        76406571      92218      66561     160000         48     5    1400000   70065000  160000000  160000000
   3      723    67232   159992     48356174423     48356334416        76566572      92166      66561     160000         48     5    1400000   70065000  160000000  160000000
   3      723    67230   160006     48356334424     48356494430        76726572      92209      66561     160000         62     5    1400000   70065000  160000000  160000000
   3      723    67232   159976     48356494438     48356654414        76886586      92147      66561     160000         47     5    1400000   70065000  160000000  160000000
   3      723    67229   159991     48356654423     48356814414        77046571      92172      66561     160000         47     5    1400000   70065000  160000000  160000000
   3      723    67225   159992     48356814423     48356974414        77206571      92236      66561     160000         47     5    1400000   70065000  160000000  160000000
   3      723    67239   159992     48356974423     48357134415        77366571      92114      66561     160000         48     5    1400000   70065000  160000000  160000000
   3      723    67228   159999     48357134423     48357294422        77526572      92203      66561     160000         55     5    1400000   70065000  160000000  160000000
   3      723    67229   159983     48357294431     48357454414        77686579      92121      66561     160000         47     5    1400000   70065000  160000000  160000000
   3      723    67227   159991     48357454423     48357614414        77846571      92186      66561     160000         47     5    1400000   70065000  160000000  160000000
   3      723    67226   159992     48357614422     48357774414        78006571      92215      66561     160000         47     5    1400000   70065000  160000000  160000000
   3      723    67229   159992     48357774423     48357934414        78166571      92166      66561     160000         47     5    1400000   70065000  160000000  160000000
   3      723    67228   160001     48357934423     48358094424        78326571      92171      66561     160000         57     5    1400000   70065000  160000000  160000000
   3      723    67229   159981     48358094433     48358254414        78486581      92114      66561     160000         47     5    1400000   70065000  160000000  160000000
   3      723    67226   159991     48358254423     48358414414        78646571      92193      66561     160000         47     5    1400000   70065000  160000000  160000000
   3      723    67227   159991     48358414423     48358574414        78806572      92227      66561     160000         47     5    1400000   70065000  160000000  160000000
   3      723    67231   159991     48358574423     48358734414        78966571      92177      66561     160000         47     5    1400000   70065000  160000000  160000000
   3      723    67233   159996     48358734423     48358894419        79126571      92176      66561     160000         52     5    1400000   70065000  160000000  160000000
   3      723    67232   159986     48358894428     48359054414        79286576      92182      66561     160000         47     5    1400000   70065000  160000000  160000000
   3      723    67229   159992     48359054423     48359214414        79446571      92171      66561     160000         47     5    1400000   70065000  160000000  160000000
   3      723    67225   159991     48359214423     48359374414        79606571      92233      66561     160000         47     5    1400000   70065000  160000000  160000000
   3      723    67231   159998     48359374423     48359534422        79766572      92154      66561     160000         54     5    1400000   70065000  160000000  160000000
   3      723    67233   159956     48359534462     48359694417        79926610      92123      66561     160000         50     5    1400000   70065000  160000000  160000000
   3      723    67230   159990     48359694427     48359854417        80086575      92168      66561     160000         50     5    1400000   70065000  160000000  160000000
   3      723    67229   159989     48359854426     48360014414        80246574      92143      66561     160000         47     5    1400000   70065000  160000000  160000000
   3      723    67229   159991     48360014423     48360174414        80406572      92139      66561     160000         47     5    1400000   70065000  160000000  160000000
   3      723    67231   159991     48360174423     48360334414        80566571      92151      66561     160000         47     5    1400000   70065000  160000000  160000000
   3      723    67227   159996     48360334423     48360494419        80726571      92186      66561     160000         52     5    1400000   70065000  160000000  160000000
   3      723    67230   159989     48360494428     48360654417        80886576      92157      66561     160000         50     5    1400000   70065000  160000000  160000000
   3      723    67229   159988     48360654426     48360814414        81046574      92116      66561     160000         47     5    1400000   70065000  160000000  160000000
   3      723    67229   159985     48360814423     48360974407        81206571      92150      66561     160000         40     5    1400000   70065000  160000000  160000000
   3      723    67237   159991     48360974416     48361134407        81366565      92066      66561     160000         40     5    1400000   70065000  160000000  160000000
   3      723    67225   159995     48361134417     48361294411        81526565      92228      66561     160000         44     5    1400000   70065000  160000000  160000000
   3      723    67231   159986     48361294421     48361454407        81686569      92149      66561     160000         40     5    1400000   70065000  160000000  160000000
   3      723    67229   159998     48361454416     48361614413        81846564      92170      66561     160000         45     5    1400000   70065000  160000000  160000000
   3      723    67228   159987     48361614422     48361774410        82006571      92202      66561     160000         43     5    1400000   70065000  160000000  160000000
   3      723    67228   159988     48361774419     48361934406        82166567      92172      66561     160000         39     5    1400000   70065000  160000000  160000000
   3      723    67226   159995     48361934415     48362094410        82326564      92237      66561     160000         43     5    1400000   70065000  160000000  160000000
   3      723    67237   159988     48362094419     48362254407        82486567      92105      66561     160000         40     5    1400000   70065000  160000000  160000000
   3      723    67228   159991     48362254416     48362414407        82646564      92171      66561     160000         40     5    1400000   70065000  160000000  160000000
   3      723    67227   159998     48362414416     48362574414        82806564      92234      66561     160000         47     5    1400000   70065000  160000000  160000000
   3      723    67229   159984     48362574423     48362734407        82966571      92178      66561     160000         40     5    1400000   70065000  160000000  160000000
   3      723    67228   159996     48362734416     48362894412        83126564      92172      66561     160000         45     5    1400000   70065000  160000000  160000000
   3      723    67231   159989     48362894421     48363054410        83286569      92168      66561     160000         43     5    1400000   70065000  160000000  160000000
   3      723    67227   159988     48363054418     48363214406        83446567      92194      66561     160000         39     5    1400000   70065000  160000000  160000000
   3      723    67232   159963     48363214447     48363374410        83606595      92165      66561     160000         43     5    1400000   70065000  160000000  160000000
   3      723    67226   159987     48363374419     48363534407        83766568      92194      66561     160000         40     5    1400000   70065000  160000000  160000000
   3      723    67230   159994     48363534416     48363694410        83926564      92185      66561     160000         43     5    1400000   70065000  160000000  160000000
   3      723    67232   159988     48363694419     48363854406        84086567      92182      66561     160000         39     5    1400000   70065000  160000000  160000000
   3      723    67231   159992     48363854415     48364014407        84246563      92163      66561     160000         40     5    1400000   70065000  160000000  160000000
   3      723    67229   159994     48364014416     48364174410        84406564      92206      66561     160000         43     5    1400000   70065000  160000000  160000000
   3      723    67226   159988     48364174418     48364334406        84566566      92193      66561     160000         39     5    1400000   70065000  160000000  160000000
   3      723    67231   159996     48364334415     48364494412        84726564      92204      66561     160000         44     5    1400000   70065000  160000000  160000000
   3      723    67231   159986     48364494421     48364654407        84886569      92154      66561     160000         40     5    1400000   70065000  160000000  160000000
   3      723    67231   159998     48364654416     48364814414        85046564      92183      66561     160000         47     5    1400000   70065000  160000000  160000000
   3      723    67235   159994     48364814423     48364974417        85206572      92169      66561     160000         50     5    1400000   70065000  160000000  160000000
   3      723    67231   159981     48364974426     48365134407        85366574      92082      66561     160000         40     5    1400000   70065000  160000000  160000000
   3      723    67231   160003     48365134416     48365294418        85526564      92208      66561     160000         51     5    1400000   70065000  160000000  160000000
   3      723    67231   159979     48365294427     48365454406        85686576      92168      66561     160000         39     5    1400000   70065000  160000000  160000000
   3      723    67227   159995     48365454416     48365614410        85846564      92204      66561     160000         43     5    1400000   70065000  160000000  160000000
   3      723    67234   159991     48365614419     48365774410        86006568      92155      66561     160000         43     5    1400000   70065000  160000000  160000000
   3      723    67228   159987     48365774419     48365934406        86166567      92156      66561     160000         39     5    1400000   70065000  160000000  160000000
   3      723    67230   159999     48365934415     48366094414        86326564      92193      66561     160000         46     5    1400000   70065000  160000000  160000000
   3      723    67229   159986     48366094424     48366254410        86486572      92193      66561     160000         43     5    1400000   70065000  160000000  160000000
   3      723    67228   159988     48366254419     48366414407        86646567      92180      66561     160000         39     5    1400000   70065000  160000000  160000000
   3      723    67228   159991     48366414415     48366574406        86806564      92218      66561     160000         39     5    1400000   70065000  160000000  160000000
   3      723    67231   159993     48366574415     48366734408        86966563      92159      66561     160000         41     5    1400000   70065000  160000000  160000000
   3      723    67233   160000     48366734416     48366894416        87126565      92184      66561     160000         49     5    1400000   70065000  160000000  160000000
   3      723    67231   159985     48366894426     48367054410        87286574      92130      66561     160000         43     5    1400000   70065000  160000000  160000000
   3      723    67232   159957     48367054450     48367214407        87446598      92114      66561     160000         40     5    1400000   70065000  160000000  160000000
   3      723    67229   159991     48367214416     48367374406        87606564      92209      66561     160000         39     5    1400000   70065000  160000000  160000000
   3      723    67229   159992     48367374415     48367534407        87766563      92188      66561     160000         40     5    1400000   70065000  160000000  160000000
   3      723    67229   160000     48367534415     48367694416        87926564      92189      66561     160000         48     5    1400000   70065000  160000000  160000000
   3      723    67231   159989     48367694424     48367854413        88086572      92171      66561     160000         46     5    1400000   70065000  160000000  160000000
   3      723    67229   159985     48367854422     48368014407        88246570      92178      66561     160000         39     5    1400000   70065000  160000000  160000000
   3      723    67230   159994     48368014415     48368174410        88406564      92168      66561     160000         43     5    1400000   70065000  160000000  160000000
   3      723    67228   159988     48368174418     48368334407        88566567      92183      66561     160000         40     5    1400000   70065000  160000000  160000000
   3      723    67233   160001     48368334416     48368494416        88726564      92154      66561     160000         49     5    1400000   70065000  160000000  160000000
   3      723    67229   159986     48368494425     48368654411        88886574      92197      66561     160000         44     5    1400000   70065000  160000000  160000000
   3      723    67231   159989     48368654420     48368814409        89046569      92171      66561     160000         42     5    1400000   70065000  160000000  160000000
   3      723    67227   159989     48368814418     48368974407        89206566      92216      66561     160000         40     5    1400000   70065000  160000000  160000000
   3      723    67234   159992     48368974415     48369134407        89366564      92118      66561     160000         40     5    1400000   70065000  160000000  160000000
   3      723    67227   160002     48369134416     48369294418        89526564      92214      66561     160000         51     5    1400000   70065000  160000000  160000000
   3      723    67232   159979     48369294427     48369454406        89686575      92130      66561     160000         39     5    1400000   70065000  160000000  160000000
   3      723    67230   159991     48369454415     48369614407        89846564      92185      66561     160000         40     5    1400000   70065000  160000000  160000000
   3      723    67228   159991     48369614416     48369774407        90006564      92228      66561     160000         40     5    1400000   70065000  160000000  160000000
   3      723    67234   159991     48369774416     48369934407        90166564      92156      66561     160000         40     5    1400000   70065000  160000000  160000000
