#idx     perf      run   period           start             end          rel_st      slack c_duration   c_period     wu_lat   cpu       freq dl_runtime  dl_period dl_deadline
   7     4451   414032   629930     85719732662     85720362592         2304981     211805     409555     630000         49     7    1200000  431111000  630000000  630000000
   7     4451   413689   629999     85720362602     85720992601         2934921     212489     409555     630000         58     7    1400000  431111000  630000000  630000000
   7     4451   445528   644061     85720992612     85721636673         3564931     -14131     409555     630000          0     7    1300000  431111000  630000000  630000000
   7     4451   434548   630794     85721636683     85722267477         4209002     -14935     409555     630000          0     7    1300000  431111000  630000000  630000000
   7     4451   430300   628565     85722267486     85722896051         4839806     -13510     409555     630000          0     7    1400000  431111000  630000000  630000000
   7     4451   457503   658003     85722896061     85723554064         5468381     -41522     409555     630000          0     7    1300000  431111000  630000000  630000000
   7     4451   482691   681453     85723554075     85724235528         6126394     -92986     409555     630000          0     7    1200000  431111000  630000000  630000000
   7     4451   482673   683448     85724235539     85724918987         6807858    -146445     409555     630000          0     7    1200000  431111000  630000000  630000000
   7     4451   483116   681865     85724918997     85725600862         7491317    -198320     409555     630000          0     7    1200000  431111000  630000000  630000000
   7     4451   462476   658906     85725600873     85726259778         8173192    -227237     409555     630000          0     7    1200000  431111000  630000000  630000000
   7     4451   482674   685501     85726259789     85726945290         8832108    -282748     409555     630000          0     7    1200000  431111000  630000000  630000000
   7     4451   482678   679593     85726945301     85727624893         9517620    -332352     409555     630000          0     7    1200000  431111000  630000000  630000000
   7     4451   482645   681709     85727624904     85728306613        10197223    -384071     409555     630000          0     7    1200000  431111000  630000000  630000000
   7     4451   483160   878924     85728306624     85729185548        10878943    -633006     409555     630000          0     7    1200000  431111000  630000000  630000000
   7     4451   470376   671276     85729185558     85729856835        11757878    -674293     409555     630000          0     7    1200000  431111000  630000000  630000000
   7     4451   475206   674168     85729856844     85730531013        12429164    -718471     409555     630000          0     7    1300000  431111000  630000000  630000000
   7     4451   482644   679570     85730531023     85731210593        13103343    -768051     409555     630000          0     7    1200000  431111000  630000000  630000000
   7     4451   482656   681542     85731210604     85731892146        13782923    -819604     409555     630000          0     7    1200000  431111000  630000000  630000000
   7     4451   482671   683730     85731892156     85732575886        14464476    -873344     409555     630000          0     7    1200000  431111000  630000000  630000000
   7     4451   482890   682199     85732575897     85733258095        15148216    -925554     409555     630000          0     7    1200000  431111000  630000000  630000000
   7     4451   445558   646343     85733258106     85733904448        15830425    -941906     409555     630000          0     7    1300000  431111000  630000000  630000000
   7     4451   481656   679050     85733904459     85734583509        16476779    -990968     409555     630000          0     7    1200000  431111000  630000000  630000000
   7     4451   472438   673516     85734583519     85735257035        17155839   -1034493     409555     630000          0     7    1300000  431111000  630000000  630000000
   7     4451   482700   874778     85735257087     85736131865        17829406   -1279323     409555     630000          0     7    1200000  431111000  630000000  630000000
   7     4451   482655   681806     85736131876     85736813682        18704195   -1331140     409555     630000          0     7    1200000  431111000  630000000  630000000
   7     4451   459394   660150     85736813693     85737473843        19386012   -1361301     409555     630000          0     7    1200000  431111000  630000000  630000000
   7     4451   469907   668802     85737473853     85738142655        20046172   -1400113     409555     630000          0     7    1300000  431111000  630000000  630000000
   7     4451   482688   683738     85738142666     85738826404        20714985   -1453862     409555     630000          0     7    1200000  431111000  630000000  630000000
   7     4451   483101   682407     85738826415     85739508821        21398734   -1506279     409555     630000          0     7    1200000  431111000  630000000  630000000
   7     4451   483127   680603     85739508832     85740189435        22081151   -1556893     409555     630000          0     7    1200000  431111000  630000000  630000000
   7     4451   471380   670471     85740189446     85740859916        22761765   -1597375     409555     630000          0     7    1200000  431111000  630000000  630000000
   7     4451   445533   646191     85740859926     85741506117        23432246   -1613575     409555     630000          0     7    1300000  431111000  630000000  630000000
   7     4451   464519   663509     85741506127     85742169636        24078446   -1647094     409555     630000          0     7    1300000  431111000  630000000  630000000
   7     4451   482593   874816     85742169647     85743044462        24741966   -1891921     409555     630000          0     7    1200000  431111000  630000000  630000000
   7     4451   445559   646400     85743044473     85743690873        25616792   -1908331     409555     630000          0     7    1300000  431111000  630000000  630000000
   7     4451   446687   645962     85743690883     85744336845        26263202   -1924303     409555     630000          0     7    1300000  431111000  630000000  630000000
   7     4451   480417   677791     85744336854     85745014645        26909174   -1972103     409555     630000          0     7    1300000  431111000  630000000  630000000
   7     4451   482674   682269     85745014656     85745696924        27586975   -2024383     409555     630000          0     7    1200000  431111000  630000000  630000000
   7     4451   482650   684156     85745696935     85746381091        28269254   -2078549     409555     630000          0     7    1200000  431111000  630000000  630000000
   7     4451   473143   672407     85746381101     85747053508        28953421   -2120966     409555     630000          0     7    1200000  431111000  630000000  630000000
   7     4451   526562   724200     85747053519     85747777719        29625839   -2215177     409555     630000          0     7    1100000  431111000  630000000  630000000
   7     4451   495091   654846     85747777731     85748432577        30350050   -2240035     409555     630000          0     7    1100000  431111000  630000000  630000000
   7     4451   482622   684164     85748432588     85749116752        31004907   -2294210     409555     630000          0     7    1200000  431111000  630000000  630000000
   7     4451   483130   875685     85749116762     85749992448        31689082   -2539906     409555     630000          0     7    1200000  431111000  630000000  630000000
   7     4451   482668   682079     85749992458     85750674537        32564778   -2591995     409555     630000          0     7    1200000  431111000  630000000  630000000
   7     4451   483121   680671     85750674548     85751355220        33246868   -2642678     409555     630000          0     7    1200000  431111000  630000000  630000000
   7     4451   483130   682522     85751355230     85752037752        33927550   -2695210     409555     630000          0     7    1200000  431111000  630000000  630000000
   7     4451   482686   684131     85752037809     85752721940        34610128   -2749398     409555     630000          0     7    1200000  431111000  630000000  630000000
   7     4451   482658   682318     85752721951     85753404268        35294270   -2801726     409555     630000          0     7    1200000  431111000  630000000  630000000
   7     4451   482648   680316     85753404279     85754084596        35976599   -2852054     409555     630000          0     7    1200000  431111000  630000000  630000000
   7     4451   483117   682777     85754084607     85754767384        36656926   -2904842     409555     630000          0     7    1200000  431111000  630000000  630000000
   7     4451   483148   880147     85754767394     85755647541        37339714   -3154999     409555     630000          0     7    1200000  431111000  630000000  630000000
   7     4451   482665   680121     85755647552     85756327673        38219871   -3205131     409555     630000          0     7    1200000  431111000  630000000  630000000
   7     4451   483121   682784     85756327683     85757010467        38900003   -3257925     409555     630000          0     7    1200000  431111000  630000000  630000000
   7     4451   482855   680926     85757010478     85757691403        39582797   -3308861     409555     630000          0     7    1200000  431111000  630000000  630000000
   7     4451   482656   682557     85757691414     85758373971        40263733   -3361429     409555     630000          0     7    1200000  431111000  630000000  630000000
   7     4451   462461   664043     85758373982     85759038025        40946301   -3395483     409555     630000          0     7    1200000  431111000  630000000  630000000
   7     4451   470923   670378     85759038034     85759708412        41610354   -3435870     409555     630000          0     7    1300000  431111000  630000000  630000000
   7     4451   522633   720605     85759708423     85760429028        42280742   -3526486     409555     630000          0     7    1200000  431111000  630000000  630000000
   7     4451   526541   722771     85760429039     85761151810        43001358   -3619268     409555     630000          0     7    1100000  431111000  630000000  630000000
   7     4451   526605   840370     85761151822     85761992192        43724141   -3829650     409555     630000          0     7    1100000  431111000  630000000  630000000
   7     4451   526590   688762     85761992203     85762680965        44564523   -3888423     409555     630000          0     7    1100000  431111000  630000000  630000000
   7     4451   526577   682722     85762680976     85763363699        45253296   -3941157     409555     630000          0     7    1100000  431111000  630000000  630000000
   7     4451   526595   688768     85763363710     85764052478        45936030   -3999936     409555     630000          0     7    1100000  431111000  630000000  630000000
   7     4451   526590   686830     85764052490     85764739320        46624809   -4056778     409555     630000          0     7    1100000  431111000  630000000  630000000
   7     4451   526567   684856     85764739332     85765424188        47311651   -4111646     409555     630000          0     7    1100000  431111000  630000000  630000000
   7     4451   526582   686894     85765424200     85766111094        47996519   -4168552     409555     630000          0     7    1100000  431111000  630000000  630000000
   7     4451   526554   688857     85766111105     85766799962        48683424   -4227420     409555     630000          0     7    1100000  431111000  630000000  630000000
   7     4451   526595   840639     85766799973     85767640612        49372293   -4438070     409555     630000          0     7    1100000  431111000  630000000  630000000
   7     4451   526583   686996     85767640624     85768327619        50212943   -4495077     409555     630000          0     7    1100000  431111000  630000000  630000000
   7     4451   526578   685004     85768327670     85769012674        50899990   -4550132     409555     630000          0     7    1100000  431111000  630000000  630000000
   7     4451   526555   686897     85769012686     85769699582        51585005   -4607040     409555     630000          0     7    1100000  431111000  630000000  630000000
   7     4451   526581   684994     85769699594     85770384588        52271913   -4662046     409555     630000          0     7    1100000  431111000  630000000  630000000
   7     4451   526576   686943     85770384600     85771071542        52956919   -4719001     409555     630000          0     7    1100000  431111000  630000000  630000000
   7     4451   526586   689079     85771071554     85771760633        53643873   -4778091     409555     630000          0     7    1100000  431111000  630000000  630000000
   7     4451   526572   687028     85771760645     85772447673        54332964   -4835131     409555     630000          0     7    1100000  431111000  630000000  630000000
   7     4451   526583   840927     85772447685     85773288612        55020004   -5046070     409555     630000          0     7    1100000  431111000  630000000  630000000
   7     4451   526574   685129     85773288623     85773973752        55860943   -5101210     409555     630000          0     7    1100000  431111000  630000000  630000000
   7     4451   526573   687090     85773973763     85774660853        56546083   -5158311     409555     630000          0     7    1100000  431111000  630000000  630000000
   7     4451   526579   685079     85774660865     85775345943        57233184   -5213401     409555     630000          0     7    1100000  431111000  630000000  630000000
   7     4451   526586   687142     85775345954     85776033096        57918274   -5270554     409555     630000          0     7    1100000  431111000  630000000  630000000
   7     4451   526581   689225     85776033107     85776722332        58605427   -5329790     409555     630000          0     7    1100000  431111000  630000000  630000000
   7     4451   526561   683152     85776722343     85777405495        59294662   -5382953     409555     630000          0     7    1100000  431111000  630000000  630000000
   7     4451   526557   689107     85777405506     85778094613        59977825   -5442071     409555     630000          0     7    1100000  431111000  630000000  630000000
   7     4451   526581   687150     85778094624     85778781774        60666943   -5499232     409555     630000          0     7    1100000  431111000  630000000  630000000
   7     4451   526602   841279     85778781785     85779623064        61354104   -5710522     409555     630000          0     7    1100000  431111000  630000000  630000000
   7     4451   526592   685273     85779623075     85780308348        62195395   -5765806     409555     630000          0     7    1100000  431111000  630000000  630000000
   7     4451   526585   687245     85780308360     85780995605        62880679   -5823063     409555     630000          0     7    1100000  431111000  630000000  630000000
   7     4451   526579   685310     85780995617     85781680927        63567936   -5878385     409555     630000          0     7    1100000  431111000  630000000  630000000
   7     4451   526581   687300     85781680938     85782368238        64253258   -5935696     409555     630000          0     7    1100000  431111000  630000000  630000000
   7     4451   526573   685307     85782368249     85783053556        64940569   -5991014     409555     630000          0     7    1100000  431111000  630000000  630000000
   7     4451   526569   687265     85783053568     85783740832        65625887   -6048290     409555     630000          0     7    1100000  431111000  630000000  630000000
   7     4451   526562   685345     85783740844     85784426189        66313163   -6103646     409555     630000          0     7    1100000  431111000  630000000  630000000
   7     4451   526575   841474     85784426200     85785267674        66998519   -6315132     409555     630000          0     7    1100000  431111000  630000000  630000000
   7     4451   526575   687375     85785267725     85785955100        67840044   -6372558     409555     630000          0     7    1100000  431111000  630000000  630000000
   7     4451   526571   685343     85785955111     85786640454        68527431   -6427912     409555     630000          0     7    1100000  431111000  630000000  630000000
   7     4451   526575   687388     85786640466     85787327854        69212785   -6485312     409555     630000          0     7    1100000  431111000  630000000  630000000
   7     4451   526561   689409     85787327865     85788017274        69900185   -6544732     409555     630000          0     7    1100000  431111000  630000000  630000000
   7     4451   526577   683463     85788017286     85788700749        70589605   -6598207     409555     630000          0     7    1100000  431111000  630000000  630000000
   7     4451   526578   689470     85788700760     85789390229        71273079   -6657687     409555     630000          0     7    1100000  431111000  630000000  630000000
   7     4451   526583   683454     85789390241     85790073696        71962560   -6711154     409555     630000          0     7    1100000  431111000  630000000  630000000
   7     4451   526560   689416     85790073707     85790763123        72646027   -6770581     409555     630000          0     7    1100000  431111000  630000000  630000000
   7     4451   526599   841782     85790763134     85791604916        73335454   -6982374     409555     630000          0     7    1100000  431111000  630000000  630000000
   7     4451   526565   683527     85791604928     85792288455        74177247   -7035913     409555     630000          0     7    1100000  431111000  630000000  630000000
   7     4451   526574   689501     85792288466     85792977967        74860786   -7095425     409555     630000          0     7    1100000  431111000  630000000  630000000
   7     4451   526574   683584     85792977979     85793661563        75550298   -7149021     409555     630000          0     7    1100000  431111000  630000000  630000000
   7     4451   526567   689473     85793661574     85794351047        76233893   -7208505     409555     630000          0     7    1100000  431111000  630000000  630000000
   7     4451   526563   683552     85794351058     85795034610        76923377   -7262068     409555     630000          0     7    1100000  431111000  630000000  630000000
   7     4451   526569   689642     85795034621     85795724262        77606940   -7321721     409555     630000          0     7    1100000  431111000  630000000  630000000
   7     4451   526570   683611     85795724275     85796407886        78296594   -7375344     409555     630000          0     7    1100000  431111000  630000000  630000000
   7     4451   526596   842078     85796407897     85797249975        78980217   -7587433     409555     630000          0     7    1100000  431111000  630000000  630000000
   7     4451   526574   685615     85797249987     85797935602        79822306   -7643060     409555     630000          0     7    1100000  431111000  630000000  630000000
   7     4451   526559   687584     85797935613     85798623198        80507933   -7700656     409555     630000          0     7    1100000  431111000  630000000  630000000
   7     4451   526577   685684     85798623210     85799308894        81195529   -7756352     409555     630000          0     7    1100000  431111000  630000000  630000000
   7     4451   526556   687641     85799308906     85799996546        81881225   -7814004     409555     630000          0     7    1100000  431111000  630000000  630000000
   7     4451   526566   685739     85799996558     85800682297        82568877   -7869755     409555     630000          0     7    1100000  431111000  630000000  630000000
   7     4451   526563   687690     85800682308     85801369999        83254628   -7927457     409555     630000          0     7    1100000  431111000  630000000  630000000
   7     4451   526576   685792     85801370049     85802055840        83942368   -7983298     409555     630000          0     7    1100000  431111000  630000000  630000000
   7     4451   526567   842236     85802055852     85802898089        84628172   -8195547     409555     630000          0     7    1100000  431111000  630000000  630000000
   7     4451   526584   687858     85802898100     85803585958        85470420   -8253416     409555     630000          0     7    1100000  431111000  630000000  630000000
   7     4451   526583   685885     85803585970     85804271855        86158289   -8309313     409555     630000          0     7    1100000  431111000  630000000  630000000
   7     4451   526570   687760     85804271867     85804959627        86844186   -8367085     409555     630000          0     7    1100000  431111000  630000000  630000000
   7     4451   526566   685883     85804959638     85805645521        87531958   -8422979     409555     630000          0     7    1100000  431111000  630000000  630000000
   7     4451   526567   683844     85805645533     85806329377        88217852   -8476835     409555     630000          0     7    1100000  431111000  630000000  630000000
   7     4451   526542   689747     85806329388     85807019135        88901708   -8536593     409555     630000          0     7    1100000  431111000  630000000  630000000
   7     4451   526579   683913     85807019146     85807703059        89591466   -8590517     409555     630000          0     7    1100000  431111000  630000000  630000000
   7     4451   526580   685992     85807703070     85808389063        90275390   -8646521     409555     630000          0     7    1100000  431111000  630000000  630000000
