#idx     perf      run   period           start             end          rel_st      slack c_duration   c_period     wu_lat   cpu       freq dl_runtime  dl_period dl_deadline
   4      569    52951   743727    103655146925    103655890653         1608987     399113      52425     890000     291216     4    1400000   55185000  890000000  890000000
   4      569    52977   938252    103655890662    103656828913         2352723     517063      52425     890000     339476     4    1400000   55185000  890000000  890000000
   4      569    52950   809793    103656828922    103657638715         3290983     497134      52425     890000     259278     4    1400000   55185000  890000000  890000000
   4      569    52968   827350    103657638724    103658466073         4100785     572036      52425     890000     196637     4    1400000   55185000  890000000  890000000
   4      569    52970   947102    103658466082    103659413185         4928144     557201      52425     890000     253748     4    1400000   55185000  890000000  890000000
   4      569    52950   801236    103659413193    103660214429         5875255     582840      52425     890000     164993     4    1400000   55185000  890000000  890000000
   4      569    52956   927092    103660214438    103661141530         6676499     671556      52425     890000     202094     4    1400000   55185000  890000000  890000000
   4      569    52948   852580    103661141539    103661994119         7603601     634561      52425     890000     164683     4    1400000   55185000  890000000  890000000
   4      569    52953   804680    103661994128    103662798809         8456190     671900      52425     890000      79372     4    1400000   55185000  890000000  890000000
   4      569    52955   910088    103662798817    103663708906         9260879     757186      52425     890000      99469     4    1400000   55185000  890000000  890000000
   4      569    52967   854136    103663708915    103664563051        10170976     708831      52425     890000      63614     4    1400000   55185000  890000000  890000000
   4      569    52974   826422    103664563060    103665389482        11025121     767687      52425     890000         45     4    1400000   55185000  890000000  890000000
   4      569    52969   972283    103665389491    103666361774        11851552     782161      52425     890000      82338     4    1400000   55185000  890000000  890000000
   4      569    52949   807701    103666361783    103667169484        12823845     754296      52425     890000         47     4    1400000   55185000  890000000  890000000
   4      569    52954   889986    103667169493    103668059479        13631555     836521      52425     890000         43     4    1400000   55185000  890000000  890000000
   4      569    52976   889997    103668059489    103668949486        14521550     808212      52425     890000         49     4    1400000   55185000  890000000  890000000
   4      569    53017   934365    103668949494    103669883859        15411556     830775      52425     890000      44422     4    1400000   55185000  890000000  890000000
   4      569    52989   853891    103669883868    103670737759        16345929     758603      52425     890000       8322     4    1400000   55185000  890000000  890000000
   4      569    52954   881710    103670737767    103671619477        17199829     828294      52425     890000         41     4    1400000   55185000  890000000  890000000
   4      569    52958   923485    103671619486    103672542971        18081548     836471      52425     890000      33534     4    1400000   55185000  890000000  890000000
   4      569    52953   856508    103672542980    103673399488        19005041     803046      52425     890000         51     4    1400000   55185000  890000000  890000000
   4      569    52956   894382    103673399497    103674293878        19861558     836507      52425     890000       4442     4    1400000   55185000  890000000  890000000
   4      569    52967   885581    103674293887    103675179468        20755948     803861      52425     890000         31     4    1400000   55185000  890000000  890000000
   4      569    52972   889971    103675179513    103676069484        21641574     832194      52425     890000         47     4    1400000   55185000  890000000  890000000
   4      569    52979   889992    103676069493    103676959485        22531554     748523      52425     890000         48     4    1400000   55185000  890000000  890000000
   4      569    52953   889991    103676959494    103677849485        23421555     836558      52425     890000         48     4    1400000   55185000  890000000  890000000
   4      569    52961   889984    103677849494    103678739478        24311555     836492      52425     890000         41     4    1400000   55185000  890000000  890000000
   4      569    52958   889991    103678739487    103679629478        25201548     836505      52425     890000         41     4    1400000   55185000  890000000  890000000
   4      569    52972  1279505    103679629486    103680908991        26091548     487262      52425     890000     389555     4    1400000   55185000  890000000  890000000
   4      569    52969   781494    103680909000    103681690494        27371061     418760      52425     890000     281057     4    1400000   55185000  890000000  890000000
   4      569    52993   938310    103681690502    103682628813        28152564     521916      52425     890000     329376     4    1400000   55185000  890000000  890000000
   4      569    52957   839572    103682628821    103683468393        29090883     507149      52425     890000     278957     4    1400000   55185000  890000000  890000000
   4      569    52970   797712    103683468402    103684266114        29930463     529293      52425     890000     186678     4    1400000   55185000  890000000  890000000
   4      569    52972   946949    103684266123    103685213072        30728184     562704      52425     890000     243635     4    1400000   55185000  890000000  890000000
   4      569    52950   801387    103685213080    103686014468        31675142     592981      52425     890000     155031     4    1400000   55185000  890000000  890000000
   4      569    52974   926982    103686014476    103686941459        32476538     672016      52425     890000     192022     4    1400000   55185000  890000000  890000000
   4      569    52952   851686    103686941467    103687793153        33403528     644567      52425     890000     153716     4    1400000   55185000  890000000  890000000
   4      569    52948   805610    103687793161    103688598771        34255223     682897      52425     890000      69335     4    1400000   55185000  890000000  890000000
   4      569    52952   942428    103688598780    103689541208        35060841     767230      52425     890000     121771     4    1400000   55185000  890000000  890000000
   4      569    52949   837132    103689541216    103690378348        36003277     714833      52425     890000      68911     4    1400000   55185000  890000000  890000000
   4      569    52948   821113    103690378356    103691199470        36840418     767746      52425     890000         33     4    1400000   55185000  890000000  890000000
   4      569    52975   942119    103691199478    103692141597        37661540     782124      52425     890000      52161     4    1400000   55185000  890000000  890000000
   4      569    52951   837872    103692141606    103692979478        38603667     784427      52425     890000         41     4    1400000   55185000  890000000  890000000
   4      569    52971   889990    103692979487    103693869477        39441548     831309      52425     890000         40     4    1400000   55185000  890000000  890000000
   4      569    52973   890000    103693869486    103694759486        40331547     808287      52425     890000         49     4    1400000   55185000  890000000  890000000
   4      569    52956   889984    103694759495    103695649479        41221556     836511      52425     890000         42     4    1400000   55185000  890000000  890000000
   4      569    52987   889993    103695649487    103696539480        42111549     749604      52425     890000         43     4    1400000   55185000  890000000  890000000
   4      569    52954   889968    103696539521    103697429490        43001583     836504      52425     890000         53     4    1400000   55185000  890000000  890000000
   4      569    52968   908246    103697429498    103698337744        43891560     832244      52425     890000      18307     4    1400000   55185000  890000000  890000000
   4      569    52953   871733    103698337752    103699209486        44799814     818285      52425     890000         49     4    1400000   55185000  890000000  890000000
   4      569    52970   942692    103699209495    103700152186        45671556     831260      52425     890000      52750     4    1400000   55185000  890000000  890000000
   4      569    52953   837296    103700152195    103700989492        46614257     783849      52425     890000         55     4    1400000   55185000  890000000  890000000
   4      569    52955   889977    103700989501    103701879478        47451562     836548      52425     890000         41     4    1400000   55185000  890000000  890000000
   4      569    53022   889992    103701879487    103702769479        48341548     744315      52425     890000         42     4    1400000   55185000  890000000  890000000
   4      569    52953   889991    103702769488    103703659479        49231549     836549      52425     890000         42     4    1400000   55185000  890000000  890000000
   4      569    52984   907958    103703659488    103704567446        50121550     803896      52425     890000      18009     4    1400000   55185000  890000000  890000000
   4      569    52953   876311    103704567455    103705443766        51029516     818536      52425     890000       4329     4    1400000   55185000  890000000  890000000
   4      569    52972  1297899    103705443774    103706741673        51905836     487181      52425     890000     412237     4    1400000   55185000  890000000  890000000
   4      569    52950   744656    103706741682    103707486338        53203743     424391      52425     890000     266901     4    1400000   55185000  890000000  890000000
   4      569    52977   946963    103707486347    103708433310        53948408     536148      52425     890000     323873     4    1400000   55185000  890000000  890000000
   4      569    52953   855572    103708433319    103709288891        54895380     512677      52425     890000     289454     4    1400000   55185000  890000000  890000000
   4      569    52970   798599    103709288900    103710087498        55750961     518833      52425     890000     198062     4    1400000   55185000  890000000  890000000
   4      569    52992   921403    103710087507    103711008909        56549568     550581      52425     890000     229473     4    1400000   55185000  890000000  890000000
   4      569    52950   815182    103711008919    103711824100        57470980     607118      52425     890000     154664     4    1400000   55185000  890000000  890000000
   4      569    52951   830358    103711824109    103712654467        58286170     681935      52425     890000      95030     4    1400000   55185000  890000000  890000000
   4      569    52984   938696    103712654475    103713593172        59116537     653678      52425     890000     143735     4    1400000   55185000  890000000  890000000
   4      569    52952   836111    103713593180    103714429291        60055242     692834      52425     890000      89855     4    1400000   55185000  890000000  890000000
   4      569    52966   912208    103714429300    103715341508        60891361     741489      52425     890000     112071     4    1400000   55185000  890000000  890000000
   4      569    52953   827307    103715341517    103716168824        61803578     724488      52425     890000      49387     4    1400000   55185000  890000000  890000000
   4      569    52953   840647    103716168832    103717009479        62630894     787179      52425     890000         42     4    1400000   55185000  890000000  890000000
   4      569    52953   889953    103717009524    103717899477        63471585     836501      52425     890000         40     4    1400000   55185000  890000000  890000000
   4      569    52997   890006    103717899486    103718789492        64361547     803906      52425     890000         55     4    1400000   55185000  890000000  890000000
   4      569    52952   889968    103718789501    103719679469        65251562     836556      52425     890000         32     4    1400000   55185000  890000000  890000000
   4      569    52996   890007    103719679477    103720569485        66141539     798690      52425     890000         48     4    1400000   55185000  890000000  890000000
   4      569    52957   889985    103720569494    103721459479        67031555     836515      52425     890000         41     4    1400000   55185000  890000000  890000000
   4      569    52973   889994    103721459488    103722349482        67921549     753779      52425     890000         45     4    1400000   55185000  890000000  890000000
   4      569    52967   889987    103722349491    103723239478        68811552     831302      52425     890000         41     4    1400000   55185000  890000000  890000000
   4      569    52954   898276    103723239487    103724137763        69701548     836565      52425     890000       8326     4    1400000   55185000  890000000  890000000
   4      569    52950   881713    103724137772    103725019485        70599833     828277      52425     890000         48     4    1400000   55185000  890000000  890000000
   4      569    52954   966938    103725019494    103725986432        71481556     836540      52425     890000      76995     4    1400000   55185000  890000000  890000000
   4      569    52970   813049    103725986441    103726799489        72448502     754359      52425     890000         52     4    1400000   55185000  890000000  890000000
   4      569    52956   889982    103726799498    103727689480        73261559     836530      52425     890000         43     4    1400000   55185000  890000000  890000000
   4      569    52974   889990    103727689489    103728579479        74151550     808262      52425     890000         42     4    1400000   55185000  890000000  890000000
   4      569    52984   890002    103728579488    103729469489        75041549     831260      52425     890000         52     4    1400000   55185000  890000000  890000000
   4      569    52974   922711    103729469498    103730392209        75931560     808197      52425     890000      32773     4    1400000   55185000  890000000  890000000
   4      569    52951  1202312    103730392218    103731594529        76854279     803819      52425     890000     345093     4    1400000   55185000  890000000  890000000
   4      569    52967   947049    103731594538    103732541587        78056600     486269      52425     890000     402150     4    1400000   55185000  890000000  890000000
   4      569    52969   744539    103732541595    103733286134        79003657     429211      52425     890000     256697     4    1400000   55185000  890000000  890000000
   4      569    52968   946970    103733286143    103734233113        79748204     551589      52425     890000     313677     4    1400000   55185000  890000000  890000000
   4      569    52971   860124    103734233122    103735093246        80695183     517661      52425     890000     283810     4    1400000   55185000  890000000  890000000
   4      569    52972   787471    103735093255    103735880726        81555316     524442      52425     890000     181289     4    1400000   55185000  890000000  890000000
   4      569    52984   932603    103735880735    103736813337        82342796     621792      52425     890000     223901     4    1400000   55185000  890000000  890000000
   4      569    52949   829848    103736813346    103737643193        83275407     612713      52425     890000     163757     4    1400000   55185000  890000000  890000000
   4      569    52954   811274    103737643202    103738454477        84105264     672790      52425     890000      85040     4    1400000   55185000  890000000  890000000
   4      569    52982   938772    103738454521    103739393293        84916582     659165      52425     890000     133857     4    1400000   55185000  890000000  890000000
   4      569    52954   825725    103739393302    103740219028        85855364     702702      52425     890000      69591     4    1400000   55185000  890000000  890000000
   4      569    52955   922650    103740219036    103741141687        86681097     766958      52425     890000     102250     4    1400000   55185000  890000000  890000000
   4      569    52970   831599    103741141695    103741973294        87603756     729097      52425     890000      43857     4    1400000   55185000  890000000  890000000
   4      569    52950   851422    103741973303    103742824725        88435364     792774      52425     890000       5288     4    1400000   55185000  890000000  890000000
   4      569    52952   913014    103742824733    103743737747        89286795     831298      52425     890000      28310     4    1400000   55185000  890000000  890000000
