#idx     perf      run   period           start             end          rel_st      slack c_duration   c_period     wu_lat   cpu       freq dl_runtime  dl_period dl_deadline
   0      553    51449   259618     99852999632     99853259251         1313706     158101      50921     370000      49517     6    1400000   53602000  370000000  370000000
   0      553    51466   320591     99853259260     99853579851         1573334     258288      50921     370000        117     6    1400000   53602000  370000000  370000000
   0      553    51442   496199     99853579860     99854076058         1893934     317906      50921     370000     126325     6    1400000   53602000  370000000  370000000
   0      553    55416   295992     99854076068     99854372060         2390142     -52327      50921     370000          0     6    1300000   53602000  370000000  370000000
   0      553    55393   317726     99854372069     99854689795         2686143        -62      50921     370000          0     6    1300000   53602000  370000000  370000000
   0      553    55744   486679     99854689804     99855176484         3003879    -116751      50921     370000          0     6    1300000   53602000  370000000  370000000
   0      553    60035   272494     99855176494     99855448988         3490568     -19255      50921     370000          0     6    1200000   53602000  370000000  370000000
   0      553    60034   522749     99855448998     99855971747         3763072    -172014      50921     370000          0     6    1200000   53602000  370000000  370000000
   0      553    60044   300640     99855971757     99856272397         4285831    -102664      50921     370000          0     6    1200000   53602000  370000000  370000000
   0      553    60035   296515     99856272407     99856568922         4586481     -29189      50921     370000          0     6    1200000   53602000  370000000  370000000
   0      553    57178   524761     99856568932     99857093693         4883007    -183961      50921     370000          0     6    1200000   53602000  370000000  370000000
   0      553    55420   270882     99857093703     99857364585         5407777     -84852      50921     370000          0     6    1300000   53602000  370000000  370000000
   0      553    58421   527218     99857364594     99857891812         5678668    -242079      50921     370000          0     6    1300000   53602000  370000000  370000000
   0      553    56349   287920     99857891823     99858179743         6205897    -160011      50921     370000          0     6    1200000   53602000  370000000  370000000
   0      553    55402   271992     99858179753     99858451745         6493827     -62012      50921     370000          0     6    1300000   53602000  370000000  370000000
   0      553    59365   515990     99858451755     99858967745         6765829    -208012      50921     370000          0     6    1300000   53602000  370000000  370000000
   0      553    60048   556572     99858967755     99859524327         7281829    -394594      50921     370000          0     6    1200000   53602000  370000000  370000000
   0      553    60064   512472     99859524338     99860036810         7838412    -537078      50921     370000          0     6    1200000   53602000  370000000  370000000
   0      553    60028   280674     99860036820     99860317495         8350895    -447762      50921     370000          0     6    1200000   53602000  370000000  370000000
   0      553    60043   326222     99860317505     99860643727         8631579    -403995      50921     370000          0     6    1200000   53602000  370000000  370000000
   0      553    60046   494651     99860643738     99861138389         8957812    -528656      50921     370000          0     6    1200000   53602000  370000000  370000000
   0      553    60025   272638     99861138399     99861411037         9452473    -431304      50921     370000          0     6    1200000   53602000  370000000  370000000
   0      553    60050   522524     99861411047     99861933571         9725121    -583839      50921     370000          0     6    1200000   53602000  370000000  370000000
   0      553    60021   300614     99861933625     99862234239        10247699    -514506      50921     370000          0     6    1200000   53602000  370000000  370000000
   0      553    60047   780576     99862234250     99863014826        10548324    -925093      50921     370000          0     6    1200000   53602000  370000000  370000000
   0      553    60022   260703     99863014836     99863275539        11328910    -815806      50921     370000          0     6    1200000   53602000  370000000  370000000
   0      553    60042   310775     99863275550     99863586325        11589624    -756592      50921     370000          0     6    1200000   53602000  370000000  370000000
   0      553    60025   512679     99863586335     99864099014        11900409    -899282      50921     370000          0     6    1200000   53602000  370000000  370000000
   0      553    60024   276644     99864099025     99864375669        12413099    -805936      50921     370000          0     6    1200000   53602000  370000000  370000000
   0      553    60082   512540     99864375679     99864888219        12689753    -948486      50921     370000          0     6    1200000   53602000  370000000  370000000
   0      553    60021   312663     99864888229     99865200892        13202303    -891159      50921     370000          0     6    1200000   53602000  370000000  370000000
   0      553    60016   308665     99865200902     99865509567        13514976    -829834      50921     370000          0     6    1200000   53602000  370000000  370000000
   0      553    60046   726666     99865509577     99866236243        13823651   -1186510      50921     370000          0     6    1200000   53602000  370000000  370000000
   0      553    60055   302602     99866236254     99866538856        14550328   -1119123      50921     370000          0     6    1200000   53602000  370000000  370000000
   0      553    60021   524655     99866538866     99867063521        14852940   -1273788      50921     370000          0     6    1200000   53602000  370000000  370000000
   0      553    60046   280644     99867063532     99867344176        15377606   -1184443      50921     370000          0     6    1200000   53602000  370000000  370000000
   0      553    60037   324740     99867344187     99867668927        15658261   -1139194      50921     370000          0     6    1200000   53602000  370000000  370000000
   0      553    60021   494606     99867668937     99868163543        15983012   -1263810      50921     370000          0     6    1200000   53602000  370000000  370000000
   0      553    60064   276494     99868163554     99868440048        16477628   -1170314      50921     370000          0     6    1200000   53602000  370000000  370000000
   0      553    60035   524708     99868440058     99868964765        16754132   -1325033      50921     370000          0     6    1200000   53602000  370000000  370000000
   0      553    60056   526723     99868964775     99869491498        17278850   -1481765      50921     370000          0     6    1200000   53602000  370000000  370000000
   0      553    60024   528724     99869491508     99870020232        17805582   -1640499      50921     370000          0     6    1200000   53602000  370000000  370000000
   0      553    60044   280589     99870020242     99870300831        18334316   -1551098      50921     370000          0     6    1200000   53602000  370000000  370000000
   0      553    60020   340721     99870300841     99870641562        18614916   -1521829      50921     370000          0     6    1200000   53602000  370000000  370000000
   0      553    60038   480444     99870641572     99871122016        18955647   -1632283      50921     370000          0     6    1200000   53602000  370000000  370000000
   0      553    60035   276530     99871122026     99871398556        19436100   -1538823      50921     370000          0     6    1200000   53602000  370000000  370000000
   0      553    60035   519093     99871398566     99871917659        19712640   -1687926      50921     370000          0     6    1200000   53602000  370000000  370000000
   0      553    60042   304451     99871917707     99872222157        20231781   -1622425      50921     370000          0     6    1200000   53602000  370000000  370000000
   0      553    60016   753884     99872222168     99872976051        20536242   -2006319      50921     370000          0     6    1200000   53602000  370000000  370000000
   0      553    60013   300677     99872976062     99873276738        21290136   -1937006      50921     370000          0     6    1200000   53602000  370000000  370000000
   0      553    60027   292835     99873276748     99873569583        21590822   -1859851      50921     370000          0     6    1200000   53602000  370000000  370000000
   0      553    60040   516573     99873569594     99874086167        21883668   -2006434      50921     370000          0     6    1200000   53602000  370000000  370000000
   0      553    60040   276473     99874086177     99874362651        22400252   -1912918      50921     370000          0     6    1200000   53602000  370000000  370000000
   0      553    60054   504586     99874362661     99874867247        22676735   -2047514      50921     370000          0     6    1200000   53602000  370000000  370000000
   0      553    60041   316574     99874867257     99875183832        23181332   -1994099      50921     370000          0     6    1200000   53602000  370000000  370000000
   0      553    60022   280716     99875183842     99875464558        23497916   -1904825      50921     370000          0     6    1200000   53602000  370000000  370000000
   0      553    60051   530522     99875464569     99875995090        23778643   -2065358      50921     370000          0     6    1200000   53602000  370000000  370000000
   0      553    60060   528814     99875995101     99876523914        24309175   -2224182      50921     370000          0     6    1200000   53602000  370000000  370000000
   0      553    60062   520492     99876523925     99877044417        24837999   -2374684      50921     370000          0     6    1200000   53602000  370000000  370000000
   0      553    60026   280664     99877044427     99877325091        25358501   -2285358      50921     370000          0     6    1200000   53602000  370000000  370000000
   0      553    60041   336526     99877325101     99877661627        25639175   -2251894      50921     370000          0     6    1200000   53602000  370000000  370000000
   0      553    60045   488315     99877661637     99878149952        25975711   -2370219      50921     370000          0     6    1200000   53602000  370000000  370000000
   0      553    60017   292625     99878149962     99878442588        26464037   -2292855      50921     370000          0     6    1200000   53602000  370000000  370000000
   0      553    60048   508847     99878442598     99878951444        26756672   -2431712      50921     370000          0     6    1200000   53602000  370000000  370000000
   0      553    60019   292676     99878951455     99879244130        27265529   -2354398      50921     370000          0     6    1200000   53602000  370000000  370000000
   0      553    60075   764780     99879244141     99880008920        27558215   -2749188      50921     370000          0     6    1200000   53602000  370000000  370000000
   0      553    60017   276608     99880008930     99880285539        28323005   -2655806      50921     370000          0     6    1200000   53602000  370000000  370000000
   0      553    60041   319106     99880285549     99880604655        28599623   -2604923      50921     370000          0     6    1200000   53602000  370000000  370000000
   0      553    60024   504621     99880604666     99881109287        28918740   -2739554      50921     370000          0     6    1200000   53602000  370000000  370000000
   0      553    60028   272810     99881109297     99881382107        29423371   -2642374      50921     370000          0     6    1200000   53602000  370000000  370000000
   0      553    60070   522485     99881382156     99881904641        29696230   -2794908      50921     370000          0     6    1200000   53602000  370000000  370000000
   0      553    60024   304690     99881904651     99882209340        30218725   -2729607      50921     370000          0     6    1200000   53602000  370000000  370000000
   0      553    60055   289048     99882209351     99882498399        30523425   -2648667      50921     370000          0     6    1200000   53602000  370000000  370000000
   0      553    60019   749647     99882498409     99883248056        30812484   -3028323      50921     370000          0     6    1200000   53602000  370000000  370000000
   0      553    60042   344685     99883248066     99883592751        31562141   -3003018      50921     370000          0     6    1200000   53602000  370000000  370000000
   0      553    60049   476228     99883592761     99884068989        31906835   -3109256      50921     370000          0     6    1200000   53602000  370000000  370000000
   0      553    60022   268689     99884068999     99884337688        32383073   -3007955      50921     370000          0     6    1200000   53602000  370000000  370000000
   0      553    60049   348963     99884337697     99884686660        32651772   -2986928      50921     370000          0     6    1200000   53602000  370000000  370000000
   0      553    60025   484112     99884686670     99885170782        33000745   -3101049      50921     370000          0     6    1200000   53602000  370000000  370000000
   0      553    60057   304340     99885170792     99885475132        33484867   -3035400      50921     370000          0     6    1200000   53602000  370000000  370000000
   0      553    60038   510584     99885475142     99885985726        33789217   -3175993      50921     370000          0     6    1200000   53602000  370000000  370000000
   0      553    60037   524826     99885985736     99886510563        34299811   -3330830      50921     370000          0     6    1200000   53602000  370000000  370000000
   0      553    60024   528669     99886510573     99887039241        34824647   -3489508      50921     370000          0     6    1200000   53602000  370000000  370000000
   0      553    60043   268587     99887039251     99887307838        35353326   -3388106      50921     370000          0     6    1200000   53602000  370000000  370000000
   0      553    60033   329225     99887307849     99887637075        35621924   -3347342      50921     370000          0     6    1200000   53602000  370000000  370000000
   0      553    60025   482128     99887637085     99888119213        35951159   -3459481      50921     370000          0     6    1200000   53602000  370000000  370000000
   0      553    60057   292399     99888119224     99888411623        36433298   -3381890      50921     370000          0     6    1200000   53602000  370000000  370000000
   0      553    60036   521746     99888411633     99888933379        36725708   -3533646      50921     370000          0     6    1200000   53602000  370000000  370000000
   0      553    60041   300562     99888933389     99889233952        37247464   -3464219      50921     370000          0     6    1200000   53602000  370000000  370000000
   0      553    60012   500077     99889233962     99889734039        37548036   -3594307      50921     370000          0     6    1200000   53602000  370000000  370000000
   0      553    60052   536539     99889734049     99890270588        38048124   -3760856      50921     370000          0     6    1200000   53602000  370000000  370000000
   0      553    60022   324630     99890270598     99890595229        38584673   -3715496      50921     370000          0     6    1200000   53602000  370000000  370000000
   0      553    60036   500877     99890595239     99891096116        38909313   -3846383      50921     370000          0     6    1200000   53602000  370000000  370000000
   0      553    60018   292621     99891096126     99891388747        39410201   -3769015      50921     370000          0     6    1200000   53602000  370000000  370000000
   0      553    60039   497637     99891388797     99891886434        39702872   -3896701      50921     370000          0     6    1200000   53602000  370000000  370000000
   0      553    60025   320663     99891886444     99892207107        40200518   -3847374      50921     370000          0     6    1200000   53602000  370000000  370000000
   0      553    60036   267357     99892207117     99892474474        40521191   -3744741      50921     370000          0     6    1200000   53602000  370000000  370000000
   0      553    60037   544450     99892474484     99893018934        40788558   -3919202      50921     370000          0     6    1200000   53602000  370000000  370000000
   0      553    60064   525273     99893018944     99893544217        41333018   -4074485      50921     370000          0     6    1200000   53602000  370000000  370000000
   0      553    60059   512458     99893544227     99894056685        41858302   -4216952      50921     370000          0     6    1200000   53602000  370000000  370000000
   0      553    58694   395233     99894056695     99894451928        42370770   -4242195      50921     370000          0     6    1200000   53602000  370000000  370000000
   0      553    55401   308060     99894451938     99894759998        42766012   -4180265      50921     370000          0     6    1300000   53602000  370000000  370000000
   0      553    56738   278032     99894760048     99895038080        43074123   -4088347      50921     370000          0     6    1300000   53602000  370000000  370000000
   0      553    60072   499181     99895038091     99895537271        43352165   -4217538      50921     370000          0     6    1200000   53602000  370000000  370000000
   0      553    60045   276524     99895537281     99895813805        43851355   -4124072      50921     370000          0     6    1200000   53602000  370000000  370000000
   0      553    60029   510073     99895813815     99896323888        44127890   -4264155      50921     370000          0     6    1200000   53602000  370000000  370000000
   0      553    60045   312557     99896323898     99896636455        44637973   -4206722      50921     370000          0     6    1200000   53602000  370000000  370000000
   0      553    60033   775449     99896636465     99897411914        44950539   -4612181      50921     370000          0     6    1200000   53602000  370000000  370000000
   0      553    60046   264592     99897411924     99897676516        45725998   -4506783      50921     370000          0     6    1200000   53602000  370000000  370000000
   0      553    60056   329381     99897676526     99898005907        45990600   -4466174      50921     370000          0     6    1200000   53602000  370000000  370000000
   0      553    60041   493145     99898005917     99898499061        46319991   -4589329      50921     370000          0     6    1200000   53602000  370000000  370000000
   0      553    60019   276646     99898499072     99898775718        46813146   -4495985      50921     370000          0     6    1200000   53602000  370000000  370000000
   0      553    60045   347561     99898775728     99899123289        47089802   -4473557      50921     370000          0     6    1200000   53602000  370000000  370000000
   0      553    60068   477057     99899123300     99899600357        47437374   -4580624      50921     370000          0     6    1200000   53602000  370000000  370000000
   0      553    60041   312568     99899600367     99899912935        47914441   -4523203      50921     370000          0     6    1200000   53602000  370000000  370000000
   0      553    60043   501969     99899912945     99900414914        48227020   -4655181      50921     370000          0     6    1200000   53602000  370000000  370000000
   0      553    60038   530272     99900414924     99900945196        48728999   -4815464      50921     370000          0     6    1200000   53602000  370000000  370000000
   0      553    60044   516524     99900945241     99901461764        49259315   -4962032      50921     370000          0     6    1200000   53602000  370000000  370000000
   0      553    60019   276632     99901461775     99901738406        49775849   -4868674      50921     370000          0     6    1200000   53602000  370000000  370000000
   0      553    60053   335428     99901738416     99902073844        50052491   -4834111      50921     370000          0     6    1200000   53602000  370000000  370000000
   0      553    60044   491048     99902073854     99902564902        50387929   -4955169      50921     370000          0     6    1200000   53602000  370000000  370000000
   0      553    60049   275506     99902564912     99902840418        50878987   -4860685      50921     370000          0     6    1200000   53602000  370000000  370000000
   0      553    60056   527994     99902840428     99903368422        51154502   -5018689      50921     370000          0     6    1200000   53602000  370000000  370000000
   0      553    60042   304508     99903368432     99903672940        51682506   -4953207      50921     370000          0     6    1200000   53602000  370000000  370000000
   0      553    60046   753643     99903672950     99904426592        51987024   -5336860      50921     370000          0     6    1200000   53602000  370000000  370000000
   0      553    60035   256663     99904426602     99904683265        52740677   -5223532      50921     370000          0     6    1200000   53602000  370000000  370000000
   0      553    60042   364603     99904683275     99905047879        52997350   -5218146      50921     370000          0     6    1200000   53602000  370000000  370000000
   0      553    60049   473120     99905047889     99905521008        53361963   -5321276      50921     370000          0     6    1200000   53602000  370000000  370000000
   0      553    60040   280498     99905521019     99905801517        53835093   -5231784      50921     370000          0     6    1200000   53602000  370000000  370000000
   0      553    60038   522021     99905801526     99906323548        54115601   -5383815      50921     370000          0     6    1200000   53602000  370000000  370000000
   0      553    60046   296502     99906323558     99906620060        54637632   -5310326      50921     370000          0     6    1200000   53602000  370000000  370000000
   0      553    60026   324611     99906620070     99906944681        54934144   -5264948      50921     370000          0     6    1200000   53602000  370000000  370000000
   0      553    60030   732671     99906944691     99907677362        55258765   -5627630      50921     370000          0     6    1200000   53602000  370000000  370000000
   0      553    60031   299725     99907677372     99907977096        55991446   -5557364      50921     370000          0     6    1200000   53602000  370000000  370000000
   0      553    60017   496638     99907977107     99908473744        56291181   -5684012      50921     370000          0     6    1200000   53602000  370000000  370000000
   0      553    60064   284426     99908473754     99908758181        56787829   -5598448      50921     370000          0     6    1200000   53602000  370000000  370000000
   0      553    60033   349773     99908758191     99909107964        57072265   -5578231      50921     370000          0     6    1200000   53602000  370000000  370000000
   0      553    60037   478884     99909107974     99909586858        57422048   -5687125      50921     370000          0     6    1200000   53602000  370000000  370000000
   0      553    60042   276624     99909586868     99909863492        57900942   -5593759      50921     370000          0     6    1200000   53602000  370000000  370000000
   0      553    60041   534127     99909863502     99910397628        58177576   -5757896      50921     370000          0     6    1200000   53602000  370000000  370000000
   0      553    60046   533513     99910397639     99910931152        58711713   -5921419      50921     370000          0     6    1200000   53602000  370000000  370000000
   0      553    60043   512666     99910931199     99911443866        59245274   -6064133      50921     370000          0     6    1200000   53602000  370000000  370000000
   0      553    60048   280588     99911443875     99911724464        59757950   -5974731      50921     370000          0     6    1200000   53602000  370000000  370000000
   0      553    60034   333800     99911724474     99912058274        60038548   -5938541      50921     370000          0     6    1200000   53602000  370000000  370000000
   0      553    60067   488729     99912058284     99912547013        60372358   -6057280      50921     370000          0     6    1200000   53602000  370000000  370000000
   0      553    60024   300587     99912547023     99912847610        60861097   -5987877      50921     370000          0     6    1200000   53602000  370000000  370000000
   0      553    60031   500040     99912847620     99913347660        61161694   -6117927      50921     370000          0     6    1200000   53602000  370000000  370000000
   0      553    60038   296519     99913347669     99913644189        61661744   -6044456      50921     370000          0     6    1200000   53602000  370000000  370000000
   0      553    60032   299804     99913644199     99913944003        61958273   -5974270      50921     370000          0     6    1200000   53602000  370000000  370000000
   0      553    60066   740360     99913944045     99914684405        62258119   -6344672      50921     370000          0     6    1200000   53602000  370000000  370000000
   0      553    60042   336313     99914684415     99915020728        62998489   -6310996      50921     370000          0     6    1200000   53602000  370000000  370000000
   0      553    60041   486683     99915020738     99915507422        63334813   -6427689      50921     370000          0     6    1200000   53602000  370000000  370000000
   0      553    60022   280676     99915507432     99915788108        63821506   -6338376      50921     370000          0     6    1200000   53602000  370000000  370000000
   0      553    60050   517945     99915788118     99916306063        64102193   -6486330      50921     370000          0     6    1200000   53602000  370000000  370000000
   0      553    60046   304577     99916306073     99916610651        64620148   -6420918      50921     370000          0     6    1200000   53602000  370000000  370000000
   0      553    60051   295859     99916610661     99916906520        64924735   -6346787      50921     370000          0     6    1200000   53602000  370000000  370000000
   0      553    60046   528501     99916906530     99917435031        65220604   -6505298      50921     370000          0     6    1200000   53602000  370000000  370000000
   0      553    60038   556657     99917435041     99917991698        65749115   -6691965      50921     370000          0     6    1200000   53602000  370000000  370000000
   0      553    60043   476655     99917991708     99918468363        66305782   -6798631      50921     370000          0     6    1200000   53602000  370000000  370000000
   0      553    60017   300678     99918468373     99918769052        66782448   -6729319      50921     370000          0     6    1200000   53602000  370000000  370000000
   0      553    60055   323944     99918769062     99919093006        67083136   -6683273      50921     370000          0     6    1200000   53602000  370000000  370000000
   0      553    60038   476667     99919093016     99919569684        67407091   -6789951      50921     370000          0     6    1200000   53602000  370000000  370000000
   0      553    60041   300549     99919569694     99919870243        67883768   -6720510      50921     370000          0     6    1200000   53602000  370000000  370000000
   0      553    60055   521907     99919870254     99920392161        68184328   -6872428      50921     370000          0     6    1200000   53602000  370000000  370000000
   0      553    60039   292509     99920392208     99920684718        68706283   -6794985      50921     370000          0     6    1200000   53602000  370000000  370000000
   0      553    60032   749903     99920684728     99921434630        68998802   -7174897      50921     370000          0     6    1200000   53602000  370000000  370000000
   0      553    60024   260630     99921434640     99921695270        69748715   -7065537      50921     370000          0     6    1200000   53602000  370000000  370000000
   0      553    60058   351955     99921695280     99922047235        70009354   -7047503      50921     370000          0     6    1200000   53602000  370000000  370000000
   0      553    60040   485064     99922047246     99922532310        70361320   -7162577      50921     370000          0     6    1200000   53602000  370000000  370000000
   0      553    60064   280373     99922532320     99922812693        70846394   -7072960      50921     370000          0     6    1200000   53602000  370000000  370000000
   0      553    60043   528074     99922812703     99923340777        71126777   -7231044      50921     370000          0     6    1200000   53602000  370000000  370000000
   0      553    60037   292609     99923340787     99923633397        71654861   -7153664      50921     370000          0     6    1200000   53602000  370000000  370000000
   0      553    60021   328685     99923633406     99923962091        71947481   -7112358      50921     370000          0     6    1200000   53602000  370000000  370000000
   0      553    55895   492339     99923962101     99924454440        72276175   -7234707      50921     370000          0     6    1200000   53602000  370000000  370000000
   0      553    56523   541605     99924454449     99924996054        72768523   -7406321      50921     370000          0     6    1300000   53602000  370000000  370000000
   0      553    60025   476694     99924996064     99925472757        73310138   -7513025      50921     370000          0     6    1200000   53602000  370000000  370000000
   0      553    60040   308561     99925472767     99925781329        73786842   -7451596      50921     370000          0     6    1200000   53602000  370000000  370000000
   0      553    60034   338130     99925781339     99926119469        74095413   -7419736      50921     370000          0     6    1200000   53602000  370000000  370000000
   0      553    60020   480595     99926119479     99926600074        74433553   -7530341      50921     370000          0     6    1200000   53602000  370000000  370000000
   0      553    60028   274075     99926600084     99926874159        74914158   -7434426      50921     370000          0     6    1200000   53602000  370000000  370000000
   0      553    60024   524664     99926874169     99927398832        75188243   -7589100      50921     370000          0     6    1200000   53602000  370000000  370000000
   0      553    60045   283635     99927398843     99927682477        75712917   -7502744      50921     370000          0     6    1200000   53602000  370000000  370000000
   0      553    60030   320194     99927682487     99928002682        75996562   -7452949      50921     370000          0     6    1200000   53602000  370000000  370000000
   0      553    60067   720360     99928002692     99928723052        76316766   -7803319      50921     370000          0     6    1200000   53602000  370000000  370000000
   0      553    60053   362132     99928723062     99929085194        77037136   -7795461      50921     370000          0     6    1200000   53602000  370000000  370000000
   0      553    60051   462478     99929085204     99929547683        77399278   -7887950      50921     370000          0     6    1200000   53602000  370000000  370000000
   0      553    60025   278215     99929547692     99929825907        77861767   -7796175      50921     370000          0     6    1200000   53602000  370000000  370000000
   0      553    60056   545987     99929825918     99930371905        78139992   -7972172      50921     370000          0     6    1200000   53602000  370000000  370000000
   0      553    60036   276512     99930371952     99930648464        78686026   -7878731      50921     370000          0     6    1200000   53602000  370000000  370000000
   0      553    60051   500422     99930648474     99931148896        78962548   -8009163      50921     370000          0     6    1200000   53602000  370000000  370000000
   0      553    60039   324474     99931148906     99931473379        79462980   -7963646      50921     370000          0     6    1200000   53602000  370000000  370000000
   0      553    60030   550276     99931473390     99932023666        79787464   -8143933      50921     370000          0     6    1200000   53602000  370000000  370000000
   0      553    60045   488415     99932023676     99932512091        80337750   -8262359      50921     370000          0     6    1200000   53602000  370000000  370000000
   0      553    60021   272601     99932512101     99932784702        80826176   -8164969      50921     370000          0     6    1200000   53602000  370000000  370000000
   0      553    60052   535968     99932784713     99933320681        81098787   -8330948      50921     370000          0     6    1200000   53602000  370000000  370000000
   0      553    60043   288512     99933320691     99933609203        81634765   -8249470      50921     370000          0     6    1200000   53602000  370000000  370000000
   0      553    60047   308191     99933609213     99933917404        81923287   -8187672      50921     370000          0     6    1200000   53602000  370000000  370000000
   0      553    60012   528587     99933917414     99934446001        82231489   -8346269      50921     370000          0     6    1200000   53602000  370000000  370000000
   0      553    60027   260664     99934446012     99934706676        82760086   -8236943      50921     370000          0     6    1200000   53602000  370000000  370000000
   0      553    60075   767623     99934706686     99935474308        83020760   -8634575      50921     370000          0     6    1200000   53602000  370000000  370000000
   0      553    60023   276661     99935474318     99935750980        83788393   -8541247      50921     370000          0     6    1200000   53602000  370000000  370000000
   0      553    60051   356348     99935750990     99936107338        84065064   -8527605      50921     370000          0     6    1200000   53602000  370000000  370000000
   0      553    60037   466175     99936107348     99936573523        84421422   -8623790      50921     370000          0     6    1200000   53602000  370000000  370000000
   0      553    60026   320671     99936573533     99936894204        84887607   -8574471      50921     370000          0     6    1200000   53602000  370000000  370000000
   0      553    60045   500568     99936894214     99937394783        85208288   -8705050      50921     370000          0     6    1200000   53602000  370000000  370000000
   0      553    60019   276672     99937394793     99937671465        85708867   -8611732      50921     370000          0     6    1200000   53602000  370000000  370000000
   0      553    60065   318385     99937671475     99937989860        85985549   -8560127      50921     370000          0     6    1200000   53602000  370000000  370000000
   0      553    60017   714192     99937989870     99938704062        86303945   -8904330      50921     370000          0     6    1200000   53602000  370000000  370000000
   0      553    60054   352391     99938704073     99939056464        87018147   -8886731      50921     370000          0     6    1200000   53602000  370000000  370000000
   0      553    60047   480157     99939056474     99939536631        87370548   -8996898      50921     370000          0     6    1200000   53602000  370000000  370000000
   0      553    60068   276527     99939536641     99939813167        87850715   -8903435      50921     370000          0     6    1200000   53602000  370000000  370000000
   0      553    60036   542079     99939813212     99940355291        88127286   -9075558      50921     370000          0     6    1200000   53602000  370000000  370000000
   0      553    60047   280573     99940355301     99940635874        88669376   -8986141      50921     370000          0     6    1200000   53602000  370000000  370000000
   0      553    60031   306564     99940635884     99940942448        88949958   -8922715      50921     370000          0     6    1200000   53602000  370000000  370000000
   0      553    60031   516640     99940942459     99941459099        89256533   -9069366      50921     370000          0     6    1200000   53602000  370000000  370000000
   0      553    60047   276580     99941459109     99941735690        89773183   -8975957      50921     370000          0     6    1200000   53602000  370000000  370000000
