#idx     perf      run   period           start             end          rel_st      slack c_duration   c_period     wu_lat   cpu       freq dl_runtime  dl_period dl_deadline
   3      369    34331   269933     59448496833     59448766767          855489     235110      33980     270000         42     5    1400000   35980000  270000000  270000000
   3      369    34330   269998     59448766777     59449036774         1125432     235239      33980     270000         50     5    1400000   35980000  270000000  270000000
   3      369    34325   269981     59449036785     59449306766         1395440     235232      33980     270000         41     5    1400000   35980000  270000000  270000000
   3      369    34328   269992     59449306776     59449576768         1665432     235200      33980     270000         42     5    1400000   35980000  270000000  270000000
   3      369    36966   270007     59449576778     59449846785         1935434        -62      33980     270000          0     5    1300000   35980000  270000000  270000000
   3      369    37001   270135     59449846795     59450116929         2205450       -206      33980     270000          0     5    1300000   35980000  270000000  270000000
   3      369    36994   272158     59450116939     59450389097         2475594      -2374      33980     270000          0     5    1300000   35980000  270000000  270000000
   3      369    36988   270120     59450389106     59450659226         2747762      -2503      33980     270000          0     5    1300000   35980000  270000000  270000000
   3      369    37360   272529     59450659236     59450931766         3017892      -5042      33980     270000          0     7    1300000   35980000  270000000  270000000
   3      369    40078   273281     59450931776     59451205057         3290431      -8334      33980     270000          0     7    1200000   35980000  270000000  270000000
   3      369    40076   275290     59451205068     59451480358         3563723     -13635      33980     270000          0     4    1200000   35980000  270000000  270000000
   3      369    40074   273263     59451480369     59451753632         3839025     -16909      33980     270000          0     6    1200000   35980000  270000000  270000000
   3      369    40081   275340     59451753642     59452028983         4112298     -22259      33980     270000          0     6    1200000   35980000  270000000  270000000
   3      369    40070   273270     59452028993     59452302263         4387649     -25540      33980     270000          0     6    1200000   35980000  270000000  270000000
   3      369    37729   273001     59452302274     59452575275         4660929     -28552      33980     270000          0     6    1200000   35980000  270000000  270000000
   3      369    37001   270215     59452575285     59452845500         4933941     -28777      33980     270000          0     6    1300000   35980000  270000000  270000000
   3      369    37007   272235     59452845509     59453117744         5204165     -31021      33980     270000          0     6    1300000   35980000  270000000  270000000
   3      369    36996   270233     59453117754     59453387987         5476409     -31264      33980     270000          0     6    1300000   35980000  270000000  270000000
   3      369    37003   268281     59453387997     59453656278         5746653     -29555      33980     270000          0     6    1300000   35980000  270000000  270000000
   3      369    38524   275764     59453656288     59453932052         6014943     -35329      33980     270000          0     6    1300000   35980000  270000000  270000000
   3      369    40102   508270     59453932063     59454440333         6290718    -273609      33980     270000          0     6    1200000   35980000  270000000  270000000
   3      369    40078   271391     59454440343     59454711734         6798999    -275011      33980     270000          0     6    1200000   35980000  270000000  270000000
   3      369    40084   273452     59454711744     59454985196         7070400    -278473      33980     270000          0     6    1200000   35980000  270000000  270000000
   3      369    40058   356494     59454985255     59455341749         7343910    -365026      33980     270000          0     5    1200000   35980000  270000000  270000000
   3      369    40080   193350     59455341759     59455535109         7700414    -288386      33980     270000          0     5    1200000   35980000  270000000  270000000
   3      369    40080   275386     59455535120     59455810506         7893775    -293782      33980     270000          0     5    1200000   35980000  270000000  270000000
   3      369    40071   273355     59455810516     59456083872         8169172    -297149      33980     270000          0     5    1200000   35980000  270000000  270000000
   3      369    40075   275460     59456083882     59456359343         8442538    -302620      33980     270000          0     5    1200000   35980000  270000000  270000000
   3      369    40113   508342     59456359353     59456867695         8718009    -540972      33980     270000          0     6    1200000   35980000  270000000  270000000
   3      369    40098   273536     59456867706     59457141242         9226362    -544519      33980     270000          0     6    1200000   35980000  270000000  270000000
   3      369    40074   271519     59457141253     59457412771         9499909    -546048      33980     270000          0     6    1200000   35980000  270000000  270000000
   3      369    39066   276387     59457412782     59457689169         9771437    -552446      33980     270000          0     6    1200000   35980000  270000000  270000000
   3      369    37004   268343     59457689179     59457957522        10047834    -550799      33980     270000          0     6    1300000   35980000  270000000  270000000
   3      369    36994   274323     59457957532     59458231855        10316187    -555132      33980     270000          0     6    1300000   35980000  270000000  270000000
   3      369    36993   268334     59458231864     59458500198        10590520    -553475      33980     270000          0     6    1300000   35980000  270000000  270000000
   3      369    41574   275019     59458500208     59458775227        10858864    -558504      33980     270000          0     6    1300000   35980000  270000000  270000000
   3      369    41464   276976     59458775238     59459052214        11133894    -565491      33980     270000          0     6    1100000   35980000  270000000  270000000
   3      369    40072   273479     59459052225     59459325703        11410880    -568980      33980     270000          0     6    1200000   35980000  270000000  270000000
   3      369    40080   275542     59459325714     59459601256        11684369    -574533      33980     270000          0     6    1200000   35980000  270000000  270000000
   3      369    40108   508494     59459601266     59460109760        11959922    -813037      33980     270000          0     6    1200000   35980000  270000000  270000000
   3      369    40093   273538     59460109770     59460383308        12468426    -816585      33980     270000          0     5    1200000   35980000  270000000  270000000
   3      369    40087   275543     59460383318     59460658862        12741974    -822138      33980     270000          0     5    1200000   35980000  270000000  270000000
   3      369    38906   272350     59460658872     59460931222        13017528    -824499      33980     270000          0     5    1200000   35980000  270000000  270000000
   3      369    36998   268412     59460931231     59461199643        13289887    -822920      33980     270000          0     5    1300000   35980000  270000000  270000000
   3      369    36992   274434     59461199653     59461474087        13558308    -827364      33980     270000          0     7    1300000   35980000  270000000  270000000
   3      369    36988   268427     59461474096     59461742524        13832752    -825800      33980     270000          0     7    1300000   35980000  270000000  270000000
   3      369    38300   271745     59461742533     59462014279        14101189    -827556      33980     270000          0     7    1300000   35980000  270000000  270000000
   3      369    40069   275578     59462014325     59462289902        14372980    -833179      33980     270000          0     7    1200000   35980000  270000000  270000000
   3      369    40075   273566     59462289913     59462563479        14648568    -836756      33980     270000          0     7    1200000   35980000  270000000  270000000
   3      369    40072   275540     59462563489     59462839029        14922145    -842306      33980     270000          0     5    1200000   35980000  270000000  270000000
   3      369    40088   508659     59462839039     59463347698        15197695   -1080975      33980     270000          0     5    1200000   35980000  270000000  270000000
   3      369    40074   273579     59463347709     59463621287        15706364   -1084564      33980     270000          0     5    1200000   35980000  270000000  270000000
   3      369    40080   275624     59463621298     59463896921        15979953   -1090198      33980     270000          0     5    1200000   35980000  270000000  270000000
   3      369    40074   273636     59463896932     59464170568        16255587   -1093845      33980     270000          0     6    1200000   35980000  270000000  270000000
   3      369    40079   271655     59464170578     59464442233        16529234   -1095510      33980     270000          0     6    1200000   35980000  270000000  270000000
   3      369    40092   277649     59464442243     59464719893        16800899   -1103170      33980     270000          0     6    1200000   35980000  270000000  270000000
   3      369    40067   271567     59464719903     59464991471        17078559   -1104748      33980     270000          0     7    1200000   35980000  270000000  270000000
   3      369    40076   273587     59464991481     59465265068        17350137   -1108345      33980     270000          0     7    1200000   35980000  270000000  270000000
   3      369    40080   275624     59465265079     59465540702        17623734   -1113979      33980     270000          0     7    1200000   35980000  270000000  270000000
   3      369    40100   508805     59465540713     59466049518        17899368   -1352795      33980     270000          0     7    1200000   35980000  270000000  270000000
   3      369    40072   273664     59466049528     59466323192        18408184   -1356469      33980     270000          0     5    1200000   35980000  270000000  270000000
   3      369    40070   275673     59466323202     59466598875        18681858   -1362152      33980     270000          0     5    1200000   35980000  270000000  270000000
   3      369    40070   273700     59466598885     59466872585        18957541   -1365862      33980     270000          0     5    1200000   35980000  270000000  270000000
   3      369    40073   271662     59466872595     59467144257        19231251   -1367534      33980     270000          0     5    1200000   35980000  270000000  270000000
   3      369    40071   273629     59467144267     59467417897        19502923   -1371173      33980     270000          0     5    1200000   35980000  270000000  270000000
   3      369    40080   275673     59467417906     59467693579        19776562   -1376856      33980     270000          0     5    1200000   35980000  270000000  270000000
   3      369    40083   273664     59467693589     59467967253        20052245   -1380530      33980     270000          0     5    1200000   35980000  270000000  270000000
   3      369    40077   509979     59467967264     59468477242        20325919   -1620519      33980     270000          0     5    1200000   35980000  270000000  270000000
   3      369    40233   271954     59468477253     59468749208        20835909   -1622484      33980     270000          0     6    1200000   35980000  270000000  270000000
   3      369    43729   277409     59468749219     59469026628        21107874   -1629905      33980     270000          0     6    1100000   35980000  270000000  270000000
   3      369    42167   277915     59469026687     59469304603        21385343   -1637879      33980     270000          0     6    1100000   35980000  270000000  270000000
   3      369    40066   273731     59469304613     59469578344        21663269   -1641621      33980     270000          0     6    1200000   35980000  270000000  270000000
   3      369    40102   275790     59469578355     59469854145        21937010   -1647421      33980     270000          0     6    1200000   35980000  270000000  270000000
   3      369    40080   273733     59469854155     59470127888        22212810   -1651165      33980     270000          0     4    1200000   35980000  270000000  270000000
   3      369    40077   509392     59470127899     59470637291        22486555   -1890567      33980     270000          0     4    1200000   35980000  270000000  270000000
   3      369    40075   271755     59470637301     59470909055        22995956   -1892332      33980     270000          0     7    1200000   35980000  270000000  270000000
   3      369    40071   273733     59470909066     59471182799        23267721   -1896076      33980     270000          0     7    1200000   35980000  270000000  270000000
   3      369    40070   275816     59471182809     59471458625        23541465   -1901902      33980     270000          0     7    1200000   35980000  270000000  270000000
   3      369    40085   273775     59471458636     59471732410        23817291   -1905687      33980     270000          0     7    1200000   35980000  270000000  270000000
   3      369    40083   275801     59471732421     59472008222        24091076   -1911499      33980     270000          0     7    1200000   35980000  270000000  270000000
   3      369    40072   273737     59472008232     59472281969        24366888   -1915245      33980     270000          0     7    1200000   35980000  270000000  270000000
   3      369    40071   271819     59472281979     59472553798        24640635   -1917075      33980     270000          0     7    1200000   35980000  270000000  270000000
   3      369    40075   273766     59472553808     59472827575        24912464   -1920851      33980     270000          0     7    1200000   35980000  270000000  270000000
   3      369    40075   509794     59472827585     59473337379        25186240   -2160656      33980     270000          0     7    1200000   35980000  270000000  270000000
   3      369    40095   275851     59473337389     59473613240        25696044   -2166517      33980     270000          0     7    1200000   35980000  270000000  270000000
   3      369    40948   274668     59473613250     59473887919        25971906   -2171195      33980     270000          0     4    1200000   35980000  270000000  270000000
   3      369    43716   275535     59473887930     59474163466        26246586   -2176742      33980     270000          0     4    1100000   35980000  270000000  270000000
   3      369    43714   277583     59474163477     59474441060        26522133   -2184337      33980     270000          0     4    1100000   35980000  270000000  270000000
   3      369    40977   276765     59474441071     59474717836        26799727   -2191113      33980     270000          0     4    1100000   35980000  270000000  270000000
   3      369    40082   273860     59474717847     59474991708        27076503   -2194985      33980     270000          0     4    1200000   35980000  270000000  270000000
   3      369    40106   509270     59474991718     59475500989        27350374   -2434266      33980     270000          0     4    1200000   35980000  270000000  270000000
   3      369    40084   271894     59475500999     59475772893        27859655   -2436169      33980     270000          0     4    1200000   35980000  270000000  270000000
   3      369    40082   273879     59475772903     59476046782        28131559   -2440059      33980     270000          0     4    1200000   35980000  270000000  270000000
   3      369    40074   275916     59476046792     59476322709        28405448   -2445986      33980     270000          0     4    1200000   35980000  270000000  270000000
   3      369    40072   273887     59476322756     59476596643        28681412   -2449920      33980     270000          0     5    1200000   35980000  270000000  270000000
   3      369    40077   275909     59476596654     59476872563        28955309   -2455840      33980     270000          0     5    1200000   35980000  270000000  270000000
   3      369    40078   273882     59476872573     59477146455        29231229   -2459732      33980     270000          0     5    1200000   35980000  270000000  270000000
   3      369    42871   511002     59477146465     59477657467        29505121   -2700743      33980     270000          0     5    1200000   35980000  270000000  270000000
   3      369    43252   275153     59477657477     59477932631        30016133   -2705908      33980     270000          0     5    1100000   35980000  270000000  270000000
   3      369    40072   273927     59477932641     59478206568        30291297   -2709845      33980     270000          0     5    1200000   35980000  270000000  270000000
   3      369    40078   275942     59478206579     59478482521        30565234   -2715798      33980     270000          0     5    1200000   35980000  270000000  270000000
   3      369    40075   273996     59478482531     59478756528        30841187   -2719804      33980     270000          0     5    1200000   35980000  270000000  270000000
   3      369    40092   272034     59478756539     59479028573        31115195   -2721849      33980     270000          0     5    1200000   35980000  270000000  270000000
   3      369    40081   273966     59479028585     59479302550        31387241   -2725827      33980     270000          0     5    1200000   35980000  270000000  270000000
   3      369    40097   276072     59479302561     59479578633        31661216   -2731910      33980     270000          0     5    1200000   35980000  270000000  270000000
   3      369    40177   509591     59479578643     59480088235        31937299   -2971511      33980     270000          0     6    1200000   35980000  270000000  270000000
   3      369    43035   276984     59480088246     59480365230        32446902   -2978506      33980     270000          0     6    1100000   35980000  270000000  270000000
   3      369    40949   272907     59480365240     59480638147        32723896   -2981423      33980     270000          0     6    1200000   35980000  270000000  270000000
   3      369    42638   276561     59480638158     59480914719        32996814   -2987996      33980     270000          0     6    1100000   35980000  270000000  270000000
   3      369    40088   276104     59480914730     59481190834        33273385   -2994111      33980     270000          0     6    1200000   35980000  270000000  270000000
   3      369    40513   274493     59481190844     59481465338        33549500   -2998614      33980     270000          0     6    1200000   35980000  270000000  270000000
   3      369    43551   512233     59481465349     59481977582        33824004   -3240858      33980     270000          0     6    1100000   35980000  270000000  270000000
   3      369    40081   272139     59481977592     59482249731        34336248   -3243008      33980     270000          0     6    1200000   35980000  270000000  270000000
   3      369    40089   274056     59482249742     59482523797        34608397   -3247074      33980     270000          0     6    1200000   35980000  270000000  270000000
   3      369    40078   276085     59482523807     59482799892        34882463   -3253169      33980     270000          0     6    1200000   35980000  270000000  270000000
   3      369    40087   274122     59482799903     59483074026        35158559   -3257302      33980     270000          0     6    1200000   35980000  270000000  270000000
   3      369    40085   272142     59483074036     59483346178        35432692   -3259455      33980     270000          0     6    1200000   35980000  270000000  270000000
   3      369    40084   274132     59483346231     59483620364        35704887   -3263640      33980     270000          0     6    1200000   35980000  270000000  270000000
   3      369    42672   278767     59483620374     59483899141        35979030   -3272417      33980     270000          0     6    1200000   35980000  270000000  270000000
   3      369    40476   508493     59483899152     59484407645        36257807   -3510921      33980     270000          0     6    1100000   35980000  270000000  270000000
   3      369    40088   274195     59484407655     59484681850        36766311   -3515127      33980     270000          0     6    1200000   35980000  270000000  270000000
   3      369    40081   272170     59484681861     59484954031        37040516   -3517308      33980     270000          0     6    1200000   35980000  270000000  270000000
   3      369    40074   274156     59484954041     59485228197        37312697   -3521474      33980     270000          0     6    1200000   35980000  270000000  270000000
   3      369    40075   276198     59485228208     59485504406        37586863   -3527683      33980     270000          0     6    1200000   35980000  270000000  270000000
   3      369    40075   274140     59485504416     59485778556        37863072   -3531833      33980     270000          0     6    1200000   35980000  270000000  270000000
   3      369    40073   272188     59485778567     59486050755        38137223   -3534032      33980     270000          0     6    1200000   35980000  270000000  270000000
   3      369    40096   274177     59486050765     59486324943        38409421   -3538219      33980     270000          0     6    1200000   35980000  270000000  270000000
   3      369    40084   276239     59486324953     59486601191        38683608   -3544468      33980     270000          0     6    1200000   35980000  270000000  270000000
   3      369    40086   506512     59486601202     59487107714        38959858   -3780991      33980     270000          0     6    1200000   35980000  270000000  270000000
   3      369    40077   274228     59487107725     59487381953        39466380   -3785230      33980     270000          0     6    1200000   35980000  270000000  270000000
   3      369    40080   276235     59487381963     59487658199        39740619   -3791476      33980     270000          0     6    1200000   35980000  270000000  270000000
   3      369    40078   274237     59487658209     59487932446        40016865   -3795722      33980     270000          0     6    1200000   35980000  270000000  270000000
   3      369    40081   272200     59487932456     59488204656        40291112   -3797933      33980     270000          0     6    1200000   35980000  270000000  270000000
   3      369    42004   276188     59488204667     59488480854        40563322   -3804131      33980     270000          0     6    1200000   35980000  270000000  270000000
   3      369    43720   279960     59488480866     59488760826        40839521   -3814103      33980     270000          0     6    1100000   35980000  270000000  270000000
   3      369    40330   506916     59488760838     59489267754        41119493   -4051030      33980     270000          0     6    1100000   35980000  270000000  270000000
   3      369    40459   274652     59489267764     59489542416        41626419   -4055693      33980     270000          0     6    1200000   35980000  270000000  270000000
   3      369    42850   275088     59489542428     59489817515        41901083   -4060792      33980     270000          0     6    1100000   35980000  270000000  270000000
   3      369    40068   274211     59489817526     59490091737        42176182   -4065014      33980     270000          0     6    1200000   35980000  270000000  270000000
   3      369    40094   276337     59490091747     59490368084        42450403   -4071361      33980     270000          0     6    1200000   35980000  270000000  270000000
   3      369    40073   274212     59490368095     59490642307        42726750   -4075584      33980     270000          0     6    1200000   35980000  270000000  270000000
   3      369    40092   272382     59490642352     59490914734        43001008   -4078011      33980     270000          0     6    1200000   35980000  270000000  270000000
   3      369    40076   274285     59490914745     59491189030        43273401   -4082307      33980     270000          0     6    1200000   35980000  270000000  270000000
   3      369    40114   510084     59491189041     59491699125        43547696   -4322402      33980     270000          0     6    1200000   35980000  270000000  270000000
   3      369    40079   272402     59491699135     59491971537        44057791   -4324814      33980     270000          0     6    1200000   35980000  270000000  270000000
   3      369    40794   275019     59491971547     59492246566        44330203   -4329843      33980     270000          0     7    1200000   35980000  270000000  270000000
   3      369    43715   280020     59492246577     59492526597        44605233   -4339874      33980     270000          0     7    1100000   35980000  270000000  270000000
   3      369    43725   278018     59492526608     59492804626        44885264   -4347902      33980     270000          0     7    1100000   35980000  270000000  270000000
   3      369    41014   273260     59492804637     59493077897        45163293   -4351174      33980     270000          0     6    1100000   35980000  270000000  270000000
   3      369    40098   510184     59493077908     59493588092        45436563   -4591369      33980     270000          0     6    1200000   35980000  270000000  270000000
   3      369    40486   274731     59493588102     59493862834        45946758   -4596110      33980     270000          0     4    1200000   35980000  270000000  270000000
   3      369    42811   275115     59493862845     59494137960        46221501   -4601237      33980     270000          0     4    1100000   35980000  270000000  270000000
   3      369    41388   275675     59494137971     59494413646        46496627   -4606923      33980     270000          0     4    1200000   35980000  270000000  270000000
   3      369    41927   274225     59494413658     59494687883        46772313   -4611160      33980     270000          0     4    1100000   35980000  270000000  270000000
   3      369    40078   274385     59494687894     59494962279        47046549   -4615556      33980     270000          0     4    1200000   35980000  270000000  270000000
   3      369    40081   276382     59494962289     59495238671        47320945   -4621948      33980     270000          0     4    1200000   35980000  270000000  270000000
   3      369    43257   509417     59495238681     59495748098        47597337   -4861375      33980     270000          0     4    1200000   35980000  270000000  270000000
   3      369    40071   274331     59495748108     59496022439        48106764   -4865716      33980     270000          0     4    1200000   35980000  270000000  270000000
   3      369    41061   277387     59496022450     59496299836        48381105   -4873113      33980     270000          0     4    1200000   35980000  270000000  270000000
   3      369    42067   276477     59496299847     59496576325        48658503   -4879601      33980     270000          0     4    1100000   35980000  270000000  270000000
   3      369    41952   274290     59496576335     59496850625        48934991   -4883902      33980     270000          0     4    1200000   35980000  270000000  270000000
   3      369    41177   275549     59496850636     59497126186        49209292   -4889462      33980     270000          0     4    1100000   35980000  270000000  270000000
   3      369    40076   272404     59497126196     59497398599        49484852   -4891876      33980     270000          0     4    1200000   35980000  270000000  270000000
   3      369    40116   510384     59497398609     59497908994        49757265   -5132271      33980     270000          0     4    1200000   35980000  270000000  270000000
   3      369    40073   274419     59497909039     59498183458        50267695   -5136735      33980     270000          0     4    1200000   35980000  270000000  270000000
   3      369    40100   272510     59498183468     59498455978        50542124   -5139255      33980     270000          0     7    1200000   35980000  270000000  270000000
   3      369    41184   275576     59498455988     59498731564        50814644   -5144841      33980     270000          0     4    1200000   35980000  270000000  270000000
   3      369    41763   278237     59498731575     59499009813        51090231   -5153089      33980     270000          0     4    1100000   35980000  270000000  270000000
   3      369    40076   274488     59499009824     59499284311        51368479   -5157588      33980     270000          0     4    1200000   35980000  270000000  270000000
   3      369    42683   275084     59499284322     59499559406        51642978   -5162683      33980     270000          0     4    1200000   35980000  270000000  270000000
   3      369    43745   510237     59499559418     59500069655        51918074   -5402932      33980     270000          0     4    1100000   35980000  270000000  270000000
   3      369    42909   277335     59500069667     59500347003        52428323   -5410280      33980     270000          0     7    1100000   35980000  270000000  270000000
   3      369    40055   276495     59500347014     59500623509        52705670   -5416786      33980     270000          0     4    1200000   35980000  270000000  270000000
   3      369    40073   274516     59500623520     59500898036        52982175   -5421313      33980     270000          0     4    1200000   35980000  270000000  270000000
   3      369    42103   274568     59500898046     59501172614        53256702   -5425890      33980     270000          0     4    1200000   35980000  270000000  270000000
   3      369    41011   275465     59501172625     59501448090        53531281   -5431367      33980     270000          0     5    1100000   35980000  270000000  270000000
   3      369    40061   272492     59501448101     59501720593        53806756   -5433870      33980     270000          0     5    1200000   35980000  270000000  270000000
   3      369    40096   510537     59501720603     59502231140        54079258   -5674417      33980     270000          0     5    1200000   35980000  270000000  270000000
   3      369    40081   274554     59502231150     59502505705        54589806   -5678982      33980     270000          0     5    1200000   35980000  270000000  270000000
   3      369    40987   273476     59502505715     59502779191        54864371   -5682468      33980     270000          0     5    1200000   35980000  270000000  270000000
   3      369    42121   276642     59502779202     59503055844        55137858   -5689121      33980     270000          0     5    1100000   35980000  270000000  270000000
   3      369    41913   274404     59503055854     59503330259        55414510   -5693535      33980     270000          0     4    1200000   35980000  270000000  270000000
   3      369    41195   275718     59503330270     59503605988        55688926   -5699265      33980     270000          0     4    1100000   35980000  270000000  270000000
   3      369    43199   513786     59503605999     59504119785        55964654   -5943061      33980     270000          0     4    1200000   35980000  270000000  270000000
   3      369    40968   273531     59504119796     59504393326        56478451   -5946603      33980     270000          0     6    1100000   35980000  270000000  270000000
   3      369    40074   274644     59504393337     59504667980        56751992   -5951257      33980     270000          0     6    1200000   35980000  270000000  270000000
   3      369    40080   272638     59504667991     59504940629        57026647   -5953906      33980     270000          0     6    1200000   35980000  270000000  270000000
   3      369    40072   274572     59504940640     59505215212        57299295   -5958488      33980     270000          0     7    1200000   35980000  270000000  270000000
   3      369    40083   276582     59505215259     59505491842        57573915   -5965118      33980     270000          0     7    1200000   35980000  270000000  270000000
   3      369    40091   270696     59505491852     59505762548        57850508   -5965825      33980     270000          0     7    1200000   35980000  270000000  270000000
   3      369    40081   276602     59505762558     59506039160        58121214   -5972437      33980     270000          0     5    1200000   35980000  270000000  270000000
   3      369    40081   509014     59506039171     59506548185        58397826   -6211461      33980     270000          0     5    1200000   35980000  270000000  270000000
   3      369    40509   275093     59506548194     59506823288        58906850   -6216564      33980     270000          0     5    1200000   35980000  270000000  270000000
   3      369    42767   275451     59506823299     59507098750        59181954   -6222027      33980     270000          0     5    1100000   35980000  270000000  270000000
   3      369    40082   274679     59507098761     59507373440        59457416   -6226717      33980     270000          0     5    1200000   35980000  270000000  270000000
   3      369    40082   272653     59507373450     59507646103        59732106   -6229380      33980     270000          0     5    1200000   35980000  270000000  270000000
   3      369    40081   274687     59507646114     59507920801        60004769   -6234078      33980     270000          0     6    1200000   35980000  270000000  270000000
   3      369    40068   272665     59507920811     59508193476        60279467   -6236753      33980     270000          0     5    1200000   35980000  270000000  270000000
   3      369    40081   274681     59508193486     59508468167        60552142   -6241444      33980     270000          0     7    1200000   35980000  270000000  270000000
   3      369    40090   510857     59508468178     59508979035        60826833   -6482312      33980     270000          0     7    1200000   35980000  270000000  270000000
   3      369    40081   272682     59508979046     59509251728        61337701   -6485004      33980     270000          0     7    1200000   35980000  270000000  270000000
   3      369    40819   275486     59509251739     59509527225        61610394   -6490502      33980     270000          0     7    1200000   35980000  270000000  270000000
   3      369    43726   276388     59509527239     59509803627        61885895   -6496904      33980     270000          0     7    1100000   35980000  270000000  270000000
   3      369    41767   276476     59509803638     59510080114        62162294   -6503390      33980     270000          0     7    1100000   35980000  270000000  270000000
   3      369    40075   272739     59510080127     59510352866        62438783   -6506143      33980     270000          0     7    1200000   35980000  270000000  270000000
   3      369    40073   274724     59510352878     59510627602        62711534   -6510878      33980     270000          0     7    1200000   35980000  270000000  270000000
   3      369    40114   510992     59510627612     59511138605        62986268   -6751881      33980     270000          0     7    1200000   35980000  270000000  270000000
   3      369    43159   275903     59511138616     59511414519        63497271   -6757795      33980     270000          0     6    1100000   35980000  270000000  270000000
   3      369    40070   274731     59511414529     59511689260        63773185   -6762536      33980     270000          0     6    1200000   35980000  270000000  270000000
   3      369    40075   272741     59511689270     59511962011        64047926   -6765288      33980     270000          0     7    1200000   35980000  270000000  270000000
   3      369    40075   274805     59511962022     59512236826        64320677   -6770103      33980     270000          0     7    1200000   35980000  270000000  270000000
   3      369    42003   274697     59512236881     59512511578        64595537   -6774855      33980     270000          0     7    1200000   35980000  270000000  270000000
   3      369    41093   275794     59512511589     59512787383        64870245   -6780660      33980     270000          0     7    1100000   35980000  270000000  270000000
   3      369    40090   276915     59512787394     59513064308        65146049   -6787585      33980     270000          0     7    1200000   35980000  270000000  270000000
   3      369    40107   507129     59513064319     59513571448        65422974   -7024724      33980     270000          0     5    1200000   35980000  270000000  270000000
   3      369    40791   275548     59513571458     59513847006        65930114   -7030283      33980     270000          0     5    1200000   35980000  270000000  270000000
   3      369    43708   276484     59513847018     59514123502        66205674   -7036779      33980     270000          0     5    1100000   35980000  270000000  270000000
   3      369    43726   278533     59514123514     59514402047        66482170   -7045324      33980     270000          0     5    1100000   35980000  270000000  270000000
   3      369    41227   274024     59514402058     59514676082        66760713   -7049359      33980     270000          0     5    1100000   35980000  270000000  270000000
   3      369    40077   274888     59514676094     59514950983        67034750   -7054260      33980     270000          0     5    1200000   35980000  270000000  270000000
   3      369    40079   507422     59514950993     59515458414        67309648   -7291691      33980     270000          0     5    1200000   35980000  270000000  270000000
   3      369    40082   272873     59515458425     59515731298        67817081   -7294575      33980     270000          0     5    1200000   35980000  270000000  270000000
   3      369    40075   274881     59515731309     59516006190        68089964   -7299467      33980     270000          0     7    1200000   35980000  270000000  270000000
   3      369    40075   276832     59516006200     59516283032        68364856   -7306309      33980     270000          0     7    1200000   35980000  270000000  270000000
   3      369    41467   272310     59516283043     59516555353        68641698   -7308629      33980     270000          0     7    1200000   35980000  270000000  270000000
   3      369    43738   280558     59516555364     59516835922        68914019   -7319199      33980     270000          0     7    1100000   35980000  270000000  270000000
   3      369    42097   276995     59516835933     59517112928        69194589   -7326205      33980     270000          0     7    1100000   35980000  270000000  270000000
   3      369    40100   507264     59517112939     59517620203        69471594   -7563480      33980     270000          0     7    1200000   35980000  270000000  270000000
   3      369    40068   272926     59517620213     59517893139        69978869   -7566416      33980     270000          0     7    1200000   35980000  270000000  270000000
   3      369    40084   274957     59517893149     59518168106        70251805   -7571383      33980     270000          0     7    1200000   35980000  270000000  270000000
   3      369    40072   272918     59518168117     59518441035        70526772   -7574311      33980     270000          0     7    1200000   35980000  270000000  270000000
   3      369    40064   274919     59518441045     59518715964        70799701   -7579241      33980     270000          0     4    1200000   35980000  270000000  270000000
   3      369    41915   274826     59518715975     59518990801        71074630   -7584078      33980     270000          0     4    1200000   35980000  270000000  270000000
   3      369    41161   276100     59518990812     59519266912        71349468   -7590189      33980     270000          0     6    1100000   35980000  270000000  270000000
   3      369    40072   272969     59519266923     59519539892        71625578   -7593169      33980     270000          0     5    1200000   35980000  270000000  270000000
   3      369    40099   511461     59519539943     59520051405        71898599   -7834682      33980     270000          0     5    1200000   35980000  270000000  270000000
   3      369    40074   270978     59520051415     59520322393        72410071   -7835670      33980     270000          0     4    1200000   35980000  270000000  270000000
   3      369    40084   276962     59520322404     59520599365        72681059   -7842642      33980     270000          0     4    1200000   35980000  270000000  270000000
   3      369    40082   270991     59520599375     59520870366        72958031   -7843643      33980     270000          0     4    1200000   35980000  270000000  270000000
   3      369    40077   276962     59520870377     59521147339        73229033   -7850616      33980     270000          0     4    1200000   35980000  270000000  270000000
   3      369    40080   275050     59521147349     59521422400        73506005   -7855677      33980     270000          0     4    1200000   35980000  270000000  270000000
   3      369    40068   272968     59521422410     59521695379        73781066   -7858656      33980     270000          0     4    1200000   35980000  270000000  270000000
   3      369    40082   275154     59521695389     59521970543        74054045   -7863820      33980     270000          0     4    1200000   35980000  270000000  270000000
   3      369    40074   508017     59521970553     59522478570        74329209   -8101847      33980     270000          0     6    1200000   35980000  270000000  270000000
   3      369    40067   273078     59522478580     59522751658        74837236   -8104935      33980     270000          0     6    1200000   35980000  270000000  270000000
   3      369    40076   275120     59522751669     59523026789        75110324   -8110065      33980     270000          0     6    1200000   35980000  270000000  270000000
   3      369    40074   273027     59523026799     59523299826        75385455   -8113103      33980     270000          0     7    1200000   35980000  270000000  270000000
   3      369    40093   275152     59523299836     59523574987        75658491   -8118264      33980     270000          0     5    1200000   35980000  270000000  270000000
   3      369    40071   273087     59523574997     59523848085        75933653   -8121362      33980     270000          0     5    1200000   35980000  270000000  270000000
   3      369    40082   275089     59523848095     59524123185        76206751   -8126461      33980     270000          0     5    1200000   35980000  270000000  270000000
   3      369    40086   273100     59524123195     59524396295        76481851   -8129572      33980     270000          0     5    1200000   35980000  270000000  270000000
   3      369    40070   275037     59524396306     59524671342        76754961   -8134619      33980     270000          0     5    1200000   35980000  270000000  270000000
   3      369    40115   507733     59524671353     59525179086        77030008   -8372362      33980     270000          0     5    1200000   35980000  270000000  270000000
   3      369    40078   273119     59525179096     59525452215        77537752   -8375492      33980     270000          0     5    1200000   35980000  270000000  270000000
   3      369    40862   275940     59525452225     59525728165        77810881   -8381442      33980     270000          0     5    1200000   35980000  270000000  270000000
   3      369    43302   395238     59525728177     59526123414        78086832   -8506691      33980     270000          0     5    1100000   35980000  270000000  270000000
   3      369    40078   273410     59526123425     59526396835        78482080   -8510112      33980     270000          0     5    1200000   35980000  270000000  270000000
   3      369    40082   275378     59526396845     59526672223        78755500   -8515500      33980     270000          0     5    1200000   35980000  270000000  270000000
   3      369    40075   273356     59526672268     59526945624        79030923   -8518900      33980     270000          0     5    1200000   35980000  270000000  270000000
   3      369    40077   275416     59526945634     59527221050        79304289   -8524327      33980     270000          0     5    1200000   35980000  270000000  270000000
   3      369    40081   273364     59527221060     59527494424        79579715   -8527701      33980     270000          0     5    1200000   35980000  270000000  270000000
   3      369    42870   278221     59527494434     59527772655        79853090   -8535931      33980     270000          0     5    1200000   35980000  270000000  270000000
   3      369    43278   511553     59527772666     59528284219        80131322   -8777496      33980     270000          0     5    1100000   35980000  270000000  270000000
   3      369    40077   273389     59528284229     59528557619        80642885   -8780895      33980     270000          0     5    1200000   35980000  270000000  270000000
   3      369    40077   275394     59528557629     59528833023        80916284   -8786299      33980     270000          0     5    1200000   35980000  270000000  270000000
   3      369    40081   273385     59528833033     59529106418        81191689   -8789695      33980     270000          0     5    1200000   35980000  270000000  270000000
   3      369    42139   277525     59529106429     59529383954        81465084   -8797231      33980     270000          0     5    1200000   35980000  270000000  270000000
   3      369    41055   274460     59529383965     59529658425        81742621   -8801702      33980     270000          0     5    1100000   35980000  270000000  270000000
   3      369    40082   275482     59529658435     59529933916        82017090   -8807193      33980     270000          0     5    1200000   35980000  270000000  270000000
   3      369    42569   506954     59529933927     59530440881        82292582   -9044158      33980     270000          0     5    1200000   35980000  270000000  270000000
   3      369    41896   279357     59530440893     59530720250        82799549   -9053527      33980     270000          0     5    1100000   35980000  270000000  270000000
   3      369    40073   271460     59530720260     59530991720        83078916   -9054997      33980     270000          0     5    1200000   35980000  270000000  270000000
   3      369    40083   273481     59530991730     59531265211        83350386   -9058488      33980     270000          0     5    1200000   35980000  270000000  270000000
   3      369    40071   275507     59531265221     59531540728        83623877   -9064005      33980     270000          0     5    1200000   35980000  270000000  270000000
   3      369    42352   275830     59531540739     59531816568        83899394   -9069845      33980     270000          0     5    1200000   35980000  270000000  270000000
   3      369    40682   276132     59531816579     59532092711        84175235   -9075988      33980     270000          0     5    1100000   35980000  270000000  270000000
   3      369    40082   508495     59532092722     59532601216        84451377   -9314493      33980     270000          0     5    1200000   35980000  270000000  270000000
   3      369    40073   273483     59532601227     59532874710        84959882   -9317987      33980     270000          0     5    1200000   35980000  270000000  270000000
   3      369    40084   275559     59532874721     59533150280        85233376   -9323557      33980     270000          0     5    1200000   35980000  270000000  270000000
   3      369    40082   273557     59533150290     59533423847        85508946   -9327124      33980     270000          0     5    1200000   35980000  270000000  270000000
   3      369    40075   275557     59533423857     59533699414        85782513   -9332691      33980     270000          0     5    1200000   35980000  270000000  270000000
   3      369    40084   273546     59533699425     59533972971        86058080   -9336248      33980     270000          0     5    1200000   35980000  270000000  270000000
   3      369    42378   273906     59533973017     59534246923        86331673   -9340200      33980     270000          0     5    1200000   35980000  270000000  270000000
   3      369    40822   274370     59534246934     59534521304        86605590   -9344581      33980     270000          0     5    1100000   35980000  270000000  270000000
   3      369    40117   508648     59534521315     59535029963        86879971   -9583240      33980     270000          0     5    1200000   35980000  270000000  270000000
   3      369    40079   275658     59535029974     59535305632        87388630   -9588909      33980     270000          0     5    1200000   35980000  270000000  270000000
   3      369    39315   272789     59535305642     59535578432        87664298   -9591709      33980     270000          0     5    1200000   35980000  270000000  270000000
   3      369    39118   274629     59535578441     59535853071        87937097   -9596347      33980     270000          0     5    1300000   35980000  270000000  270000000
   3      369    43721   277324     59535853082     59536130406        88211737   -9603682      33980     270000          0     6    1100000   35980000  270000000  270000000
   3      369    43730   279347     59536130417     59536409764        88489073   -9613041      33980     270000          0     4    1100000   35980000  270000000  270000000
   3      369    40586   274130     59536409775     59536683905        88768431   -9617182      33980     270000          0     4    1100000   35980000  270000000  270000000
   3      369    40085   505268     59536683915     59537189183        89042571   -9852459      33980     270000          0     4    1200000   35980000  270000000  270000000
   3      369    42954   278542     59537189194     59537467736        89547850   -9861013      33980     270000          0     4    1100000   35980000  270000000  270000000
   3      369    40075   273686     59537467746     59537741432        89826402   -9864709      33980     270000          0     4    1200000   35980000  270000000  270000000
