#idx     perf      run   period           start             end          rel_st      slack c_duration   c_period     wu_lat   cpu       freq dl_runtime  dl_period dl_deadline
   2      717    66703   173265     76625120757     76625294022         2396395     105806      66030     230000         52     7    1400000   69506000  230000000  230000000
   2      717    66708   235953     76625294032     76625529985         2569670     162405      66030     230000       6015     6    1400000   69506000  230000000  230000000
   2      717    66710   224010     76625529993     76625754003         2805632     156622      66030     230000         33     7    1400000   69506000  230000000  230000000
   2      717    71857   237323     76625754012     76625991336         3029651      -7367      66030     230000          0     7    1300000   69506000  230000000  230000000
   2      717    71871   226449     76625991345     76626217794         3266983      -3825      66030     230000          0     5    1300000   69506000  230000000  230000000
   2      717    71843   232455     76626217803     76626450258         3493442      -6289      66030     230000          0     5    1300000   69506000  230000000  230000000
   2      717    71900   232592     76626450268     76626682860         3725906      -8891      66030     230000          0     6    1300000   69506000  230000000  230000000
   2      717    71870   232609     76626682870     76626915479         3958508     -11510      66030     230000          0     5    1300000   69506000  230000000  230000000
   2      717    71856   230585     76626915488     76627146073         4191127     -12104      66030     230000          0     7    1300000   69506000  230000000  230000000
   2      717    71875   262630     76627146083     76627408713         4421722     -44744      66030     230000          0     7    1300000   69506000  230000000  230000000
   2      717    71848   228561     76627408723     76627637284         4684361     -43315      66030     230000          0     6    1300000   69506000  230000000  230000000
   2      717    71845   224585     76627637293     76627861879         4912932     -37910      66030     230000          0     6    1300000   69506000  230000000  230000000
   2      717    71844   252572     76627861888     76628114460         5137526     -60491      66030     230000          0     6    1300000   69506000  230000000  230000000
   2      717    71867   192636     76628114469     76628307106         5390108     -23137      66030     230000          0     6    1300000   69506000  230000000  230000000
   2      717    71856   234667     76628307115     76628541782         5582753     -27813      66030     230000          0     5    1300000   69506000  230000000  230000000
   2      717    71863   240558     76628541792     76628782350         5817430     -38381      66030     230000          0     6    1300000   69506000  230000000  230000000
   2      717    71880   224608     76628782359     76629006968         6057997     -32999      66030     230000          0     7    1300000   69506000  230000000  230000000
   2      717    71868   232659     76629006977     76629239636         6282615     -35667      66030     230000          0     7    1300000   69506000  230000000  230000000
   2      717    71904   258392     76629239646     76629498038         6515284     -64069      66030     230000          0     7    1300000   69506000  230000000  230000000
   2      717    71843   252522     76629498048     76629750569         6773686     -86600      66030     230000          0     7    1300000   69506000  230000000  230000000
   2      717    71860   214606     76629750579     76629965185         7026217     -71216      66030     230000          0     7    1300000   69506000  230000000  230000000
   2      717    71842   232516     76629965194     76630197711         7240833     -73742      66030     230000          0     7    1300000   69506000  230000000  230000000
   2      717    71837   216499     76630197720     76630414219         7473358     -60250      66030     230000          0     7    1300000   69506000  230000000  230000000
   2      717    71868   220724     76630414267     76630634990         7689905     -51022      66030     230000          0     7    1300000   69506000  230000000  230000000
   2      717    71848   324513     76630635000     76630959513         7910638    -145544      66030     230000          0     7    1300000   69506000  230000000  230000000
   2      717    71860   168532     76630959522     76631128054         8235160     -84085      66030     230000          0     7    1300000   69506000  230000000  230000000
   2      717    71871   202732     76631128063     76631330795         8403701     -56826      66030     230000          0     7    1300000   69506000  230000000  230000000
   2      717    71886   234760     76631330804     76631565564         8606442     -61595      66030     230000          0     7    1300000   69506000  230000000  230000000
   2      717    71870   310689     76631565573     76631876262         8841211    -142293      66030     230000          0     5    1300000   69506000  230000000  230000000
   2      717    71860   180638     76631876271     76632056910         9151910     -92941      66030     230000          0     5    1300000   69506000  230000000  230000000
   2      717    71851   232687     76632056919     76632289607         9332557     -95638      66030     230000          0     6    1300000   69506000  230000000  230000000
   2      717    71868   390446     76632289616     76632680062         9565254    -256093      66030     230000          0     5    1300000   69506000  230000000  230000000
   2      717    71843   320524     76632680071     76633000595         9955710    -346626      66030     230000          0     5    1300000   69506000  230000000  230000000
   2      717    71851   132569     76633000605     76633133174        10276243    -249205      66030     230000          0     5    1300000   69506000  230000000  230000000
   2      717    71854   216680     76633133184     76633349863        10408822    -235895      66030     230000          0     5    1300000   69506000  230000000  230000000
   2      717    71857   234726     76633349873     76633584599        10625511    -240630      66030     230000          0     5    1300000   69506000  230000000  230000000
   2      717    71877   232753     76633584608     76633817361        10860247    -243392      66030     230000          0     6    1300000   69506000  230000000  230000000
   2      717    71860   230749     76633817370     76634048119        11093009    -244151      66030     230000          0     5    1300000   69506000  230000000  230000000
   2      717    71860   232594     76634048129     76634280723        11323767    -246754      66030     230000          0     5    1300000   69506000  230000000  230000000
   2      717    71872   368635     76634280733     76634649367        11556371    -385398      66030     230000          0     5    1300000   69506000  230000000  230000000
   2      717    71853   124591     76634649377     76634773968        11925015    -279999      66030     230000          0     6    1300000   69506000  230000000  230000000
   2      717    71855   240566     76634773977     76635014544        12049615    -290575      66030     230000          0     6    1300000   69506000  230000000  230000000
   2      717    71875   223615     76635014553     76635238168        12290191    -284199      66030     230000          0     5    1300000   69506000  230000000  230000000
   2      717    71853   232512     76635238177     76635470690        12513816    -286721      66030     230000          0     7    1300000   69506000  230000000  230000000
   2      717    71858   208606     76635470699     76635679304        12746337    -265335      66030     230000          0     7    1300000   69506000  230000000  230000000
   2      717    71858   226785     76635679314     76635906099        12954952    -262130      66030     230000          0     5    1300000   69506000  230000000  230000000
   2      717    71847   244530     76635906109     76636150639        13181747    -276670      66030     230000          0     5    1300000   69506000  230000000  230000000
   2      717    71874   222606     76636150680     76636373286        13426318    -269317      66030     230000          0     5    1300000   69506000  230000000  230000000
   2      717    71886   232885     76636373295     76636606180        13648933    -272211      66030     230000          0     5    1300000   69506000  230000000  230000000
   2      717    71877   232658     76636606189     76636838847        13881827    -274878      66030     230000          0     6    1300000   69506000  230000000  230000000
   2      717    71858   258606     76636838856     76637097462        14114495    -303493      66030     230000          0     7    1300000   69506000  230000000  230000000
   2      717    71878   256630     76637097471     76637354101        14373110    -330132      66030     230000          0     6    1300000   69506000  230000000  230000000
   2      717    71852   234304     76637354110     76637588414        14629749    -334445      66030     230000          0     5    1300000   69506000  230000000  230000000
   2      717    71864   304319     76637588423     76637892742        14864062    -408773      66030     230000          0     5    1300000   69506000  230000000  230000000
   2      717    71881   108880     76637892751     76638001631        15168390    -287662      66030     230000          0     7    1300000   69506000  230000000  230000000
   2      717    71846   236523     76638001640     76638238164        15277279    -294195      66030     230000          0     7    1300000   69506000  230000000  230000000
   2      717    71855   224813     76638238174     76638462987        15513812    -289018      66030     230000          0     7    1300000   69506000  230000000  230000000
   2      717    71845   298332     76638462996     76638761328        15738634    -357359      66030     230000          0     7    1300000   69506000  230000000  230000000
   2      717    71858   256574     76638761337     76639017911        16036975    -383942      66030     230000          0     7    1300000   69506000  230000000  230000000
   2      717    71883   142934     76639017921     76639160856        16293559    -296887      66030     230000          0     5    1300000   69506000  230000000  230000000
   2      717    71882   394882     76639160865     76639555747        16436503    -461778      66030     230000          0     6    1300000   69506000  230000000  230000000
   2      717    71875   240300     76639555756     76639796056        16831394    -472087      66030     230000          0     5    1300000   69506000  230000000  230000000
   2      717    71866   222600     76639796065     76640018665        17071703    -464696      66030     230000          0     6    1300000   69506000  230000000  230000000
   2      717    71869   480627     76640018675     76640499302        17294313    -715333      66030     230000          0     5    1300000   69506000  230000000  230000000
   2      717    71839    72559     76640499311     76640571870        17774950    -557901      66030     230000          0     6    1300000   69506000  230000000  230000000
   2      717    71828   154236     76640571880     76640726116        17847518    -482147      66030     230000          0     6    1300000   69506000  230000000  230000000
   2      717    71863   222941     76640726125     76640949065        18001763    -475096      66030     230000          0     6    1300000   69506000  230000000  230000000
   2      717    71902   232056     76640949075     76641181130        18224713    -477161      66030     230000          0     6    1300000   69506000  230000000  230000000
   2      717    71859   232562     76641181139     76641413701        18456777    -479732      66030     230000          0     5    1300000   69506000  230000000  230000000
   2      717    71850   230923     76641413711     76641644634        18689349    -480665      66030     230000          0     7    1300000   69506000  230000000  230000000
   2      717    71895   358616     76641644680     76642003296        18920319    -609327      66030     230000          0     7    1300000   69506000  230000000  230000000
   2      717    71852   248613     76642003305     76642251918        19278944    -627949      66030     230000          0     6    1300000   69506000  230000000  230000000
   2      717    71864   116266     76642251927     76642368193        19527566    -514225      66030     230000          0     6    1300000   69506000  230000000  230000000
   2      717    71862   240614     76642368202     76642608817        19643841    -524848      66030     230000          0     6    1300000   69506000  230000000  230000000
   2      717    71843   218120     76642608826     76642826946        19884464    -512977      66030     230000          0     7    1300000   69506000  230000000  230000000
   2      717    71844   228529     76642826955     76643055485        20102594    -511516      66030     230000          0     7    1300000   69506000  230000000  230000000
   2      717    71873   256202     76643055494     76643311695        20331132    -537727      66030     230000          0     7    1300000   69506000  230000000  230000000
   2      717    71856   368605     76643311705     76643680310        20587343    -676342      66030     230000          0     5    1300000   69506000  230000000  230000000
   2      717    71840    72524     76643680320     76643752844        20955958    -518875      66030     230000          0     5    1300000   69506000  230000000  230000000
   2      717    71863   244252     76643752853     76643997106        21028491    -533137      66030     230000          0     5    1300000   69506000  230000000  230000000
   2      717    71876   207038     76643997115     76644204153        21272753    -510184      66030     230000          0     6    1300000   69506000  230000000  230000000
   2      717    71872   268257     76644204163     76644472419        21479801    -548450      66030     230000          0     5    1300000   69506000  230000000  230000000
   2      717    71855   286580     76644472428     76644759008        21748067    -605039      66030     230000          0     6    1300000   69506000  230000000  230000000
   2      717    71856   228553     76644759018     76644987570        22034656    -603602      66030     230000          0     7    1300000   69506000  230000000  230000000
   2      717    71875   216651     76644987580     76645204231        22263218    -590262      66030     230000          0     7    1300000   69506000  230000000  230000000
   2      717    71866   190534     76645204240     76645394774        22479878    -550805      66030     230000          0     7    1300000   69506000  230000000  230000000
   2      717    71848   324535     76645394783     76645719318        22670421    -645349      66030     230000          0     7    1300000   69506000  230000000  230000000
   2      717    71847   140506     76645719328     76645859834        22994966    -555865      66030     230000          0     7    1300000   69506000  230000000  230000000
   2      717    71868   396215     76645859842     76646256057        23135481    -722088      66030     230000          0     7    1300000   69506000  230000000  230000000
   2      717    71862   199013     76646256067     76646455080        23531705    -691111      66030     230000          0     7    1300000   69506000  230000000  230000000
   2      717    71852   268540     76646455089     76646723629        23730727    -729660      66030     230000          0     7    1300000   69506000  230000000  230000000
   2      717    71856   196597     76646723638     76646920235        23999277    -696266      66030     230000          0     7    1300000   69506000  230000000  230000000
   2      717    71834   254067     76646920245     76647174311        24195883    -720342      66030     230000          0     6    1300000   69506000  230000000  230000000
   2      717    71864   209141     76647174320     76647383461        24449958    -699492      66030     230000          0     7    1300000   69506000  230000000  230000000
   2      717    71876   232705     76647383505     76647616210        24659143    -702241      66030     230000          0     6    1300000   69506000  230000000  230000000
   2      717    71845   284571     76647616219     76647900790        24891858    -756822      66030     230000          0     7    1300000   69506000  230000000  230000000
   2      717    71852   196534     76647900799     76648097333        25176438    -723364      66030     230000          0     7    1300000   69506000  230000000  230000000
   2      717    71845   316512     76648097343     76648413855        25372981    -809886      66030     230000          0     7    1300000   69506000  230000000  230000000
   2      717    71853   133060     76648413864     76648546925        25689502    -712956      66030     230000          0     7    1300000   69506000  230000000  230000000
   2      717    71854   258623     76648546934     76648805557        25822572    -741588      66030     230000          0     5    1300000   69506000  230000000  230000000
   2      717    71865   248594     76648805567     76649054161        26081205    -760192      66030     230000          0     5    1300000   69506000  230000000  230000000
   2      717    71849   244014     76649054170     76649298184        26329808    -774215      66030     230000          0     7    1300000   69506000  230000000  230000000
   2      717    71863   212560     76649298193     76649510753        26573831    -756784      66030     230000          0     7    1300000   69506000  230000000  230000000
   2      717    71867   276609     76649510762     76649787371        26786400    -803402      66030     230000          0     6    1300000   69506000  230000000  230000000
   2      717    71857   240583     76649787380     76650027964        27063019    -813995      66030     230000          0     7    1300000   69506000  230000000  230000000
   2      717    71863   147125     76650027973     76650175098        27303612    -731130      66030     230000          0     7    1300000   69506000  230000000  230000000
   2      717    71881   313197     76650175108     76650488304        27450746    -814335      66030     230000          0     7    1300000   69506000  230000000  230000000
   2      717    71846   168510     76650488313     76650656823        27763952    -752854      66030     230000          0     7    1300000   69506000  230000000  230000000
   2      717    71853   316575     76650656833     76650973407        27932471    -839439      66030     230000          0     7    1300000   69506000  230000000  230000000
   2      717    71868   166541     76650973417     76651139958        28249055    -775989      66030     230000          0     5    1300000   69506000  230000000  230000000
   2      717    71858   197240     76651139967     76651337207        28415605    -743238      66030     230000          0     7    1300000   69506000  230000000  230000000
   2      717    71848   285431     76651337216     76651622648        28612855    -798679      66030     230000          0     6    1300000   69506000  230000000  230000000
   2      717    71883   208609     76651622657     76651831266        28898295    -777297      66030     230000          0     6    1300000   69506000  230000000  230000000
   2      717    71841   292555     76651831275     76652123830        29106914    -839861      66030     230000          0     7    1300000   69506000  230000000  230000000
   2      717    71843   150485     76652123840     76652274325        29399478    -760356      66030     230000          0     7    1300000   69506000  230000000  230000000
   2      717    71859   352510     76652274334     76652626844        29549972    -882875      66030     230000          0     7    1300000   69506000  230000000  230000000
   2      717    71864   144600     76652626854     76652771454        29902492    -797485      66030     230000          0     5    1300000   69506000  230000000  230000000
   2      717    71871   432570     76652771498     76653204068        30047136   -1000099      66030     230000          0     6    1300000   69506000  230000000  230000000
   2      717    71847   180589     76653204077     76653384666        30479715    -950697      66030     230000          0     6    1300000   69506000  230000000  230000000
   2      717    71867   384620     76653384675     76653769295        30660313   -1105326      66030     230000          0     6    1300000   69506000  230000000  230000000
   2      717    71845    72570     76653769304     76653841874        31044942    -947906      66030     230000          0     6    1300000   69506000  230000000  230000000
   2      717    71850   332586     76653841884     76654174470        31117522   -1050501      66030     230000          0     6    1300000   69506000  230000000  230000000
   2      717    71858   188615     76654174479     76654363094        31450117   -1009125      66030     230000          0     5    1300000   69506000  230000000  230000000
   2      717    71859   157269     76654363103     76654520373        31638742    -936404      66030     230000          0     6    1300000   69506000  230000000  230000000
   2      717    71852   230561     76654520382     76654750943        31796020    -936974      66030     230000          0     6    1300000   69506000  230000000  230000000
   2      717    71864   232983     76654750952     76654983935        32026591    -939966      66030     230000          0     5    1300000   69506000  230000000  230000000
   2      717    71898   286004     76654983944     76655269949        32259583    -995980      66030     230000          0     5    1300000   69506000  230000000  230000000
   2      717    71854   265876     76655269958     76655535834        32545596   -1031865      66030     230000          0     5    1300000   69506000  230000000  230000000
   2      717    71840   240544     76655535844     76655776388        32811482   -1042419      66030     230000          0     7    1300000   69506000  230000000  230000000
   2      717    71844   144537     76655776397     76655920934        33052035    -956965      66030     230000          0     7    1300000   69506000  230000000  230000000
   2      717    71858   223334     76655920944     76656144277        33196582    -950308      66030     230000          0     7    1300000   69506000  230000000  230000000
   2      717    71868   233268     76656144287     76656377555        33419925    -953586      66030     230000          0     6    1300000   69506000  230000000  230000000
   2      717    71836   252530     76656377565     76656630094        33653203    -976126      66030     230000          0     7    1300000   69506000  230000000  230000000
   2      717    71849   284558     76656630103     76656914661        33905742   -1030692      66030     230000          0     7    1300000   69506000  230000000  230000000
   2      717    71855   196551     76656914670     76657111221        34190309    -997252      66030     230000          0     7    1300000   69506000  230000000  230000000
   2      717    71848   256553     76657111231     76657367783        34386869   -1023814      66030     230000          0     5    1300000   69506000  230000000  230000000
   2      717    71862   171338     76657367792     76657539130        34643431    -965161      66030     230000          0     5    1300000   69506000  230000000  230000000
   2      717    71858   349828     76657539139     76657888967        34814777   -1084998      66030     230000          0     7    1300000   69506000  230000000  230000000
   2      717    71863   192575     76657888976     76658081551        35164615   -1047583      66030     230000          0     7    1300000   69506000  230000000  230000000
   2      717    71857   244555     76658081560     76658326115        35357199   -1062146      66030     230000          0     5    1300000   69506000  230000000  230000000
   2      717    71848   148558     76658326124     76658474682        35601762    -980713      66030     230000          0     5    1300000   69506000  230000000  230000000
   2      717    71872   283817     76658474725     76658758542        35750363   -1034573      66030     230000          0     5    1300000   69506000  230000000  230000000
   2      717    71840   242993     76658758551     76659001544        36034189   -1047575      66030     230000          0     5    1300000   69506000  230000000  230000000
   2      717    71869   172618     76659001553     76659174171        36277191    -990202      66030     230000          0     5    1300000   69506000  230000000  230000000
   2      717    71876   360584     76659174180     76659534765        36449819   -1120796      66030     230000          0     6    1300000   69506000  230000000  230000000
   2      717    71846   151731     76659534774     76659686505        36810412   -1042536      66030     230000          0     5    1300000   69506000  230000000  230000000
   2      717    71872   391394     76659686514     76660077908        36962152   -1203939      66030     230000          0     5    1300000   69506000  230000000  230000000
   2      717    71861   179368     76660077918     76660257286        37353556   -1153318      66030     230000          0     5    1300000   69506000  230000000  230000000
   2      717    71885   342168     76660257296     76660599463        37532934   -1265495      66030     230000          0     5    1300000   69506000  230000000  230000000
   2      717    71866   123435     76660599473     76660722908        37875111   -1158939      66030     230000          0     6    1300000   69506000  230000000  230000000
   2      717    71886   263533     76660722917     76660986451        37998555   -1192482      66030     230000          0     6    1300000   69506000  230000000  230000000
   2      717    71884   199505     76660986460     76661185966        38262099   -1161997      66030     230000          0     5    1300000   69506000  230000000  230000000
   2      717    71871   234670     76661185975     76661420645        38461613   -1166676      66030     230000          0     6    1300000   69506000  230000000  230000000
   2      717    71856   230597     76661420654     76661651251        38696292   -1167282      66030     230000          0     7    1300000   69506000  230000000  230000000
   2      717    71871   263741     76661651260     76661915001        38926899   -1201033      66030     230000          0     7    1300000   69506000  230000000  230000000
   2      717    71865   280568     76661915011     76662195578        39190649   -1251609      66030     230000          0     6    1300000   69506000  230000000  230000000
   2      717    71861   153498     76662195588     76662349086        39471226   -1175117      66030     230000          0     6    1300000   69506000  230000000  230000000
   2      717    71874   362619     76662349095     76662711714        39624734   -1307745      66030     230000          0     6    1300000   69506000  230000000  230000000
   2      717    71862   122840     76662711724     76662834564        39987362   -1200595      66030     230000          0     5    1300000   69506000  230000000  230000000
   2      717    71840   236679     76662834573     76663071252        40110212   -1207283      66030     230000          0     5    1300000   69506000  230000000  230000000
   2      717    71866   227393     76663071261     76663298655        40346900   -1204686      66030     230000          0     6    1300000   69506000  230000000  230000000
   2      717    71875   282872     76663298664     76663581536        40574302   -1257567      66030     230000          0     6    1300000   69506000  230000000  230000000
   2      717    71869   249693     76663581546     76663831239        40857184   -1277270      66030     230000          0     7    1300000   69506000  230000000  230000000
   2      717    71859   147520     76663831249     76663978768        41106887   -1194799      66030     230000          0     6    1300000   69506000  230000000  230000000
   2      717    71844   232545     76663978813     76664211357        41254451   -1197388      66030     230000          0     7    1300000   69506000  230000000  230000000
   2      717    71853   228558     76664211367     76664439925        41487005   -1195956      66030     230000          0     7    1300000   69506000  230000000  230000000
   2      717    71872   323538     76664439935     76664763473        41715573   -1289504      66030     230000          0     7    1300000   69506000  230000000  230000000
   2      717    71866   160662     76664763482     76664924145        42039121   -1220176      66030     230000          0     5    1300000   69506000  230000000  230000000
   2      717    71888   213582     76664924154     76665137736        42199793   -1203768      66030     230000          0     6    1300000   69506000  230000000  230000000
   2      717    71877   276640     76665137746     76665414386        42413384   -1250417      66030     230000          0     5    1300000   69506000  230000000  230000000
   2      717    71860   216585     76665414395     76665630980        42690034   -1237011      66030     230000          0     6    1300000   69506000  230000000  230000000
   2      717    71842   224518     76665630989     76665855508        42906627   -1231539      66030     230000          0     7    1300000   69506000  230000000  230000000
   2      717    71879   262656     76665855517     76666118173        43131155   -1264204      66030     230000          0     7    1300000   69506000  230000000  230000000
   2      717    71863   384583     76666118182     76666502765        43393820   -1418796      66030     230000          0     6    1300000   69506000  230000000  230000000
   2      717    71847   192540     76666502774     76666695314        43778413   -1381345      66030     230000          0     5    1300000   69506000  230000000  230000000
   2      717    71846   275629     76666695323     76666970952        43970961   -1426983      66030     230000          0     5    1300000   69506000  230000000  230000000
   2      717    71862   188723     76666970961     76667159684        44246599   -1385715      66030     230000          0     6    1300000   69506000  230000000  230000000
   2      717    71883   310698     76667159693     76667470391        44435332   -1466423      66030     230000          0     6    1300000   69506000  230000000  230000000
   2      717    71876   151678     76667470401     76667622080        44746039   -1388111      66030     230000          0     6    1300000   69506000  230000000  230000000
   2      717    71857   262580     76667622089     76667884669        44897727   -1420700      66030     230000          0     5    1300000   69506000  230000000  230000000
   2      717    71866   232669     76667884678     76668117347        45160316   -1423379      66030     230000          0     7    1300000   69506000  230000000  230000000
   2      717    71837   271566     76668117357     76668388923        45392995   -1464954      66030     230000          0     6    1300000   69506000  230000000  230000000
   2      717    71855   167630     76668388932     76668556563        45664571   -1402594      66030     230000          0     6    1300000   69506000  230000000  230000000
   2      717    71869   228601     76668556572     76668785173        45832210   -1401204      66030     230000          0     6    1300000   69506000  230000000  230000000
   2      717    71841   328599     76668785183     76669113782        46060821   -1499813      66030     230000          0     6    1300000   69506000  230000000  230000000
   2      717    71862   137549     76669113791     76669251340        46389429   -1407371      66030     230000          0     5    1300000   69506000  230000000  230000000
   2      717    71869   322619     76669251349     76669573968        46526987   -1499999      66030     230000          0     7    1300000   69506000  230000000  230000000
   2      717    71856   142662     76669573978     76669716639        46849616   -1412670      66030     230000          0     6    1300000   69506000  230000000  230000000
   2      717    71875   319378     76669716688     76670036066        46992326   -1502097      66030     230000          0     6    1300000   69506000  230000000  230000000
   2      717    71854   145634     76670036077     76670181711        47311715   -1417742      66030     230000          0     7    1300000   69506000  230000000  230000000
   2      717    71875   259596     76670181720     76670441317        47457359   -1447348      66030     230000          0     7    1300000   69506000  230000000  230000000
   2      717    71852   323513     76670441326     76670764839        47716964   -1540870      66030     230000          0     6    1300000   69506000  230000000  230000000
   2      717    71848   167521     76670764848     76670932370        48040487   -1478401      66030     230000          0     6    1300000   69506000  230000000  230000000
   2      717    71850   289495     76670932379     76671221874        48208017   -1537905      66030     230000          0     6    1300000   69506000  230000000  230000000
   2      717    85646   133682     76671221883     76671355565        48497521   -1441596      66030     230000          0     4    1300000   69506000  230000000  230000000
   2      717    85715   511787     76671355577     76671867364        48631215   -1723395      66030     230000          0     4    1000000   69506000  230000000  230000000
   2      717    84909   142875     76671867375     76672010250        49143013   -1636281      66030     230000          0     5    1100000   69506000  230000000  230000000
   2      717    84946   273870     76672010262     76672284132        49285900   -1680163      66030     230000          0     4    1100000   69506000  230000000  230000000
   2      717    84938   301850     76672284143     76672585994        49559782   -1752025      66030     230000          0     5    1100000   69506000  230000000  230000000
   2      717    84917   319193     76672586005     76672905198        49861643   -1841229      66030     230000          0     6    1100000   69506000  230000000  230000000
   2      717    84921   470739     76672905209     76673375949        50180848   -2081980      66030     230000          0     6    1100000   69506000  230000000  230000000
   2      717    84934   117900     76673375960     76673493860        50651598   -1969891      66030     230000          0     6    1100000   69506000  230000000  230000000
   2      717    84929   268698     76673493871     76673762569        50769509   -2008600      66030     230000          0     6    1100000   69506000  230000000  230000000
   2      717    84931   193901     76673762580     76673956482        51038219   -1972512      66030     230000          0     6    1100000   69506000  230000000  230000000
   2      717    84971   461272     76673956493     76674417764        51232131   -2203795      66030     230000          0     6    1100000   69506000  230000000  230000000
   2      717    84936   121029     76674417775     76674538805        51693414   -2094836      66030     230000          0     6    1100000   69506000  230000000  230000000
   2      717    84940   245935     76674538816     76674784751        51814454   -2110782      66030     230000          0     6    1100000   69506000  230000000  230000000
   2      717    84955   276818     76674784762     76675061580        52060400   -2157611      66030     230000          0     6    1100000   69506000  230000000  230000000
   2      717    84951   374162     76675061591     76675435753        52337229   -2301784      66030     230000          0     7    1100000   69506000  230000000  230000000
   2      717    84986   280813     76675435763     76675716576        52711402   -2352607      66030     230000          0     6    1100000   69506000  230000000  230000000
   2      717    84932   349837     76675716587     76676066424        52992225   -2472455      66030     230000          0     6    1100000   69506000  230000000  230000000
   2      717    84929   107034     76676066475     76676173508        53342113   -2349539      66030     230000          0     6    1100000   69506000  230000000  230000000
   2      717    84930   300695     76676173520     76676474214        53449158   -2420245      66030     230000          0     6    1100000   69506000  230000000  230000000
   2      717    84944   410307     76676474225     76676884532        53749863   -2600563      66030     230000          0     6    1100000   69506000  230000000  230000000
   2      717    84914   257000     76676884543     76677141543        54160181   -2627574      66030     230000          0     7    1100000   69506000  230000000  230000000
   2      717    84940   197858     76677141554     76677339412        54417192   -2595443      66030     230000          0     7    1100000   69506000  230000000  230000000
   2      717    84964   251960     76677339423     76677591383        54615061   -2617414      66030     230000          0     6    1100000   69506000  230000000  230000000
   2      717    84967   374336     76677591392     76677965728        54867031   -2761759      66030     230000          0     5    1100000   69506000  230000000  230000000
   2      717    84942   264598     76677965739     76678230337        55241378   -2796368      66030     230000          0     5    1100000   69506000  230000000  230000000
   2      717    84941   332633     76678230348     76678562981        55505986   -2899012      66030     230000          0     6    1100000   69506000  230000000  230000000
   2      717    84945   182509     76678562992     76678745500        55838630   -2851531      66030     230000          0     5    1100000   69506000  230000000  230000000
   2      717    84950   203279     76678745511     76678948790        56021149   -2824821      66030     230000          0     7    1100000   69506000  230000000  230000000
   2      717    84947   408287     76678948801     76679357088        56224440   -3003119      66030     230000          0     5    1100000   69506000  230000000  230000000
   2      717    84941   245186     76679357099     76679602285        56632737   -3018316      66030     230000          0     5    1100000   69506000  230000000  230000000
   2      717    84938   243153     76679602296     76679845449        56877934   -3031480      66030     230000          0     7    1100000   69506000  230000000  230000000
   2      717    84935   275871     76679845460     76680121332        57121099   -3077363      66030     230000          0     5    1100000   69506000  230000000  230000000
   2      717    84932   377060     76680121342     76680498402        57396981   -3224433      66030     230000          0     7    1100000   69506000  230000000  230000000
   2      717    84936   264540     76680498413     76680762953        57774051   -3258984      66030     230000          0     6    1100000   69506000  230000000  230000000
   2      717    84910   249710     76680762964     76681012674        58038602   -3278705      66030     230000          0     7    1100000   69506000  230000000  230000000
   2      717    84931   318458     76681012685     76681331143        58288323   -3367174      66030     230000          0     7    1100000   69506000  230000000  230000000
   2      717    84932   149140     76681331154     76681480294        58606792   -3286325      66030     230000          0     5    1100000   69506000  230000000  230000000
   2      717    84926   418482     76681480305     76681898787        58755943   -3474818      66030     230000          0     5    1100000   69506000  230000000  230000000
   2      717    84933   281904     76681898798     76682180702        59174436   -3526733      66030     230000          0     6    1100000   69506000  230000000  230000000
   2      717    84934   222369     76682180714     76682403082        59456352   -3519113      66030     230000          0     7    1100000   69506000  230000000  230000000
   2      717    84938   219151     76682403094     76682622244        59678732   -3508275      66030     230000          0     5    1100000   69506000  230000000  230000000
   2      717    84929   407182     76682622295     76683029476        59897933   -3685507      66030     230000          0     5    1100000   69506000  230000000  230000000
   2      717    84915   274385     76683029487     76683303872        60305126   -3729903      66030     230000          0     7    1100000   69506000  230000000  230000000
   2      717    84932   215229     76683303884     76683519113        60579522   -3715144      66030     230000          0     7    1100000   69506000  230000000  230000000
   2      717    84935   253890     76683519124     76683773014        60794762   -3739045      66030     230000          0     7    1100000   69506000  230000000  230000000
   2      717    84922   239201     76683773025     76684012226        61048663   -3748257      66030     230000          0     5    1100000   69506000  230000000  230000000
   2      717    84929   405789     76684012237     76684418026        61287875   -3924057      66030     230000          0     5    1100000   69506000  230000000  230000000
   2      717    84943   243872     76684418037     76684661909        61693676   -3937940      66030     230000          0     5    1100000   69506000  230000000  230000000
   2      717    84920   308348     76684661921     76684970269        61937559   -4016300      66030     230000          0     7    1100000   69506000  230000000  230000000
   2      717    84946   245875     76684970280     76685216155        62245918   -4032186      66030     230000          0     7    1100000   69506000  230000000  230000000
   2      717    84930   375803     76685216166     76685591969        62491804   -4178000      66030     230000          0     6    1100000   69506000  230000000  230000000
   2      717    84931   269820     76685591980     76685861800        62867618   -4217831      66030     230000          0     7    1100000   69506000  230000000  230000000
   2      717    84946   301377     76685861811     76686163188        63137449   -4289219      66030     230000          0     7    1100000   69506000  230000000  230000000
   2      717    84937   157836     76686163199     76686321035        63438837   -4217066      66030     230000          0     7    1100000   69506000  230000000  230000000
   2      717    84920   405716     76686321046     76686726762        63596684   -4392793      66030     230000          0     5    1100000   69506000  230000000  230000000
   2      717    84922   237746     76686726773     76686964518        64002411   -4400549      66030     230000          0     5    1100000   69506000  230000000  230000000
   2      717    84920   277828     76686964529     76687242357        64240167   -4448388      66030     230000          0     5    1100000   69506000  230000000  230000000
   2      717    84936   197381     76687242367     76687439749        64518006   -4415780      66030     230000          0     7    1100000   69506000  230000000  230000000
   2      717    84907   382849     76687439760     76687822609        64715398   -4568640      66030     230000          0     6    1100000   69506000  230000000  230000000
   2      717    84946   335910     76687822620     76688158530        65098258   -4674561      66030     230000          0     6    1100000   69506000  230000000  230000000
   2      717    84907   176250     76688158541     76688334791        65434179   -4620822      66030     230000          0     7    1100000   69506000  230000000  230000000
   2      717    84920   385773     76688334802     76688720575        65610440   -4776606      66030     230000          0     7    1100000   69506000  230000000  230000000
   2      717    84929   105326     76688720586     76688825912        65996224   -4651943      66030     230000          0     7    1100000   69506000  230000000  230000000
   2      717    84946   247492     76688825923     76689073415        66101561   -4669446      66030     230000          0     7    1100000   69506000  230000000  230000000
   2      717    84961   402915     76689073465     76689476380        66349103   -4842411      66030     230000          0     6    1100000   69506000  230000000  230000000
   2      717    84916   308214     76689476391     76689784605        66752029   -4920636      66030     230000          0     7    1100000   69506000  230000000  230000000
   2      717    84924   213803     76689784616     76689998419        67060254   -4904449      66030     230000          0     7    1100000   69506000  230000000  230000000
   2      717    84923   267789     76689998430     76690266219        67274068   -4942250      66030     230000          0     7    1100000   69506000  230000000  230000000
   2      717    84935   409821     76690266229     76690676051        67541868   -5122082      66030     230000          0     7    1100000   69506000  230000000  230000000
   2      717    84914   226207     76690676062     76690902269        67951700   -5118300      66030     230000          0     7    1100000   69506000  230000000  230000000
   2      717    84945   225920     76690902281     76691128201        68177920   -5114232      66030     230000          0     5    1100000   69506000  230000000  230000000
   2      717    84917   301738     76691128212     76691429949        68403850   -5185980      66030     230000          0     5    1100000   69506000  230000000  230000000
   2      717    84938   173372     76691429961     76691603332        68705599   -5129363      66030     230000          0     5    1100000   69506000  230000000  230000000
   2      717    84942   405836     76691603343     76692009179        68878982   -5305210      66030     230000          0     5    1100000   69506000  230000000  230000000
   2      717    84927   243432     76692009190     76692252622        69284829   -5318653      66030     230000          0     5    1100000   69506000  230000000  230000000
   2      717    84926   300216     76692252634     76692552849        69528272   -5388880      66030     230000          0     7    1100000   69506000  230000000  230000000
   2      717    84934   336262     76692552861     76692889123        69828499   -5495153      66030     230000          0     7    1100000   69506000  230000000  230000000
   2      717    84947   263470     76692889134     76693152604        70164772   -5528635      66030     230000          0     6    1100000   69506000  230000000  230000000
   2      717    84916   274224     76693152614     76693426838        70428253   -5572869      66030     230000          0     6    1100000   69506000  230000000  230000000
   2      717    84937   233957     76693426849     76693660806        70702487   -5576837      66030     230000          0     6    1100000   69506000  230000000  230000000
   2      717    84909   384436     76693660817     76694045253        70936455   -5731284      66030     230000          0     7    1100000   69506000  230000000  230000000
   2      717    84917   254793     76694045264     76694300057        71320902   -5756088      66030     230000          0     6    1100000   69506000  230000000  230000000
   2      717    84951   237825     76694300069     76694537893        71575707   -5763924      66030     230000          0     6    1100000   69506000  230000000  230000000
   2      717    84949   245482     76694537904     76694783386        71813543   -5779417      66030     230000          0     6    1100000   69506000  230000000  230000000
   2      717    84938   298175     76694783397     76695081572        72059035   -5847603      66030     230000          0     5    1100000   69506000  230000000  230000000
   2      717    84952   279956     76695081584     76695361540        72357222   -5897571      66030     230000          0     6    1100000   69506000  230000000  230000000
   2      717    84925   344207     76695361551     76695705758        72637189   -6011789      66030     230000          0     6    1100000   69506000  230000000  230000000
   2      717    84920   369334     76695705769     76696075103        72981407   -6151134      66030     230000          0     6    1100000   69506000  230000000  230000000
   2      717    84913   113881     76696075155     76696189036        73350793   -6035067      66030     230000          0     4    1100000   69506000  230000000  230000000
   2      717    84925   231536     76696189047     76696420582        73464685   -6036613      66030     230000          0     4    1100000   69506000  230000000  230000000
   2      717    84912   405199     76696420594     76696825792        73696232   -6211823      66030     230000          0     7    1100000   69506000  230000000  230000000
   2      717    84939   333058     76696825804     76697158862        74101442   -6314893      66030     230000          0     7    1100000   69506000  230000000  230000000
   2      717    84944   155647     76697158874     76697314520        74434512   -6240551      66030     230000          0     4    1100000   69506000  230000000  230000000
   2      717    84933   364410     76697314531     76697678941        74590170   -6374972      66030     230000          0     4    1100000   69506000  230000000  230000000
   2      717    84916   261810     76697678951     76697940762        74954590   -6406792      66030     230000          0     5    1100000   69506000  230000000  230000000
   2      717    84916   303978     76697940772     76698244751        75216411   -6480782      66030     230000          0     5    1100000   69506000  230000000  230000000
   2      717    84925   241804     76698244761     76698486566        75520400   -6492596      66030     230000          0     4    1100000   69506000  230000000  230000000
   2      717    84932   233705     76698486576     76698720282        75762215   -6496313      66030     230000          0     4    1100000   69506000  230000000  230000000
   2      717    84912   235968     76698720294     76698956262        75995933   -6502293      66030     230000          0     4    1100000   69506000  230000000  230000000
   2      717    84944   399561     76698956273     76699355834        76231911   -6671865      66030     230000          0     4    1100000   69506000  230000000  230000000
   2      717    84926   243624     76699355845     76699599470        76631484   -6685501      66030     230000          0     4    1100000   69506000  230000000  230000000
   2      717    84946   245853     76699599481     76699845334        76875119   -6701365      66030     230000          0     5    1100000   69506000  230000000  230000000
   2      717    86783   307922     76699845345     76700153266        77120983   -6779297      66030     230000          0     4    1100000   69506000  230000000  230000000
   2      717    86864   252415     76700153295     76700405709        77428933   -6801740      66030     230000          0     4    1100000   69506000  230000000  230000000
   2      717    84962   535739     76700405720     76700941459        77681358   -7107490      66030     230000          0     4    1100000   69506000  230000000  230000000
   2      717    84903    85716     76700941470     76701027186        78217108   -6963216      66030     230000          0     4    1100000   69506000  230000000  230000000
   2      717    84929   335562     76701027198     76701362759        78302836   -7068790      66030     230000          0     4    1100000   69506000  230000000  230000000
   2      717    84930   153825     76701362771     76701516595        78638409   -6992626      66030     230000          0     5    1100000   69506000  230000000  230000000
   2      717    84943   461638     76701516607     76701978244        78792245   -7224275      66030     230000          0     7    1100000   69506000  230000000  230000000
   2      717    84943   157673     76701978255     76702135928        79253893   -7151959      66030     230000          0     7    1100000   69506000  230000000  230000000
   2      717    84932   399969     76702135939     76702535908        79411577   -7321939      66030     230000          0     5    1100000   69506000  230000000  230000000
   2      717    84950   179869     76702535919     76702715788        79811558   -7271819      66030     230000          0     4    1100000   69506000  230000000  230000000
   2      717    84932   245842     76702715842     76702961684        79991480   -7287715      66030     230000          0     4    1100000   69506000  230000000  230000000
   2      717    84980   337909     76702961695     76703299604        80237333   -7395635      66030     230000          0     5    1100000   69506000  230000000  230000000
   2      717    84926   373822     76703299615     76703673437        80575253   -7539468      66030     230000          0     4    1100000   69506000  230000000  230000000
   2      717    84910   117707     76703673448     76703791155        80949086   -7427186      66030     230000          0     4    1100000   69506000  230000000  230000000
   2      717    84933   381839     76703791166     76704173004        81066804   -7579035      66030     230000          0     4    1100000   69506000  230000000  230000000
   2      717    84931   423870     76704173015     76704596885        81448654   -7772916      66030     230000          0     7    1100000   69506000  230000000  230000000
   2      717    84879   149956     76704596896     76704746852        81872535   -7692883      66030     230000          0     7    1100000   69506000  230000000  230000000
   2      717    88554   309443     76704746863     76705056305        82022501   -7772336      66030     230000          0     7    1100000   69506000  230000000  230000000
   2      717    93399   152424     76705056317     76705208742        82331956   -7694772      66030     230000          0     4    1000000   69506000  230000000  230000000
   2      717    86701   375589     76705208753     76705584342        82484391   -7840373      66030     230000          0     4    1000000   69506000  230000000  230000000
   2      717    93445   246392     76705584354     76705830746        82859992   -7856776      66030     230000          0     5    1000000   69506000  230000000  230000000
   2      717    93423   388386     76705830758     76706219144        83106396   -8015175      66030     230000          0     4    1000000   69506000  230000000  230000000
   2      717    93408   284926     76706219156     76706504082        83494795   -8070112      66030     230000          0     7    1000000   69506000  230000000  230000000
   2      717    93410   238448     76706504094     76706742542        83779732   -8078573      66030     230000          0     7    1000000   69506000  230000000  230000000
   2      717    93436   288455     76706742554     76707031009        84018192   -8137040      66030     230000          0     5    1000000   69506000  230000000  230000000
   2      717    86263   451133     76707031021     76707482154        84306659   -8358185      66030     230000          0     7    1000000   69506000  230000000  230000000
   2      717    77828    78604     76707482164     76707560768        84757802   -8206799      66030     230000          0     7    1200000   69506000  230000000  230000000
   2      717    83188   420004     76707560778     76707980781        84836416   -8396812      66030     230000          0     7    1200000   69506000  230000000  230000000
   2      717    84904   129731     76707980793     76708110523        85256431   -8296554      66030     230000          0     7    1100000   69506000  230000000  230000000
   2      717    84947   297804     76708110534     76708408338        85386172   -8364369      66030     230000          0     7    1100000   69506000  230000000  230000000
   2      717    84922   189748     76708408349     76708598098        85683988   -8324128      66030     230000          0     4    1100000   69506000  230000000  230000000
   2      717    84909   365695     76708598109     76708963804        85873747   -8459835      66030     230000          0     7    1100000   69506000  230000000  230000000
   2      717    84930   283779     76708963815     76709247594        86239453   -8513625      66030     230000          0     7    1100000   69506000  230000000  230000000
   2      717    86657   301510     76709247645     76709549155        86523284   -8585186      66030     230000          0     7    1100000   69506000  230000000  230000000
   2      717    93419   272354     76709549168     76709821522        86824806   -8627552      66030     230000          0     4    1000000   69506000  230000000  230000000
   2      717    87319   202184     76709821534     76710023718        87097172   -8599749      66030     230000          0     7    1000000   69506000  230000000  230000000
   2      717    92628   391665     76710023729     76710415395        87299367   -8761425      66030     230000          0     5    1100000   69506000  230000000  230000000
   2      717    93449   250473     76710415407     76710665880        87691045   -8781910      66030     230000          0     4    1000000   69506000  230000000  230000000
   2      717    93427   386362     76710665892     76711052253        87941530   -8938284      66030     230000          0     5    1000000   69506000  230000000  230000000
   2      717    93418   290292     76711052266     76711342558        88327904   -8998588      66030     230000          0     7    1000000   69506000  230000000  230000000
   2      717    93423   216344     76711342569     76711558913        88618208   -8984944      66030     230000          0     7    1000000   69506000  230000000  230000000
   2      717    93424   386372     76711558925     76711945297        88834563   -9141328      66030     230000          0     4    1000000   69506000  230000000  230000000
   2      717    93417   240287     76711945309     76712185596        89220947   -9151627      66030     230000          0     5    1000000   69506000  230000000  230000000
   2      717    93412   160300     76712185608     76712345908        89461246   -9081939      66030     230000          0     4    1000000   69506000  230000000  230000000
   2      717    93433   426373     76712345920     76712772293        89621558   -9278324      66030     230000          0     4    1000000   69506000  230000000  230000000
   2      717    93422   326338     76712772305     76713098643        90047943   -9374674      66030     230000          0     5    1000000   69506000  230000000  230000000
   2      717    93419   130346     76713098655     76713229000        90374293   -9275031      66030     230000          0     7    1000000   69506000  230000000  230000000
   2      717    93419   244336     76713229012     76713473348        90504650   -9289379      66030     230000          0     7    1000000   69506000  230000000  230000000
   2      717    93443   262736     76713473360     76713736096        90748998   -9322127      66030     230000          0     7    1000000   69506000  230000000  230000000
   2      717    93425   404466     76713736108     76714140574        91011747   -9496605      66030     230000          0     7    1000000   69506000  230000000  230000000
