#idx     perf      run   period           start             end          rel_st      slack c_duration   c_period     wu_lat   cpu       freq dl_runtime  dl_period dl_deadline
   3      903    83959   579972     18665813271     18666393243          744472     189419      83108     580000         60     6    1400000   87483000  580000000  580000000
   3      903    83961   895213     18666393253     18667288466         1324454     495165      83108     580000     315282     5    1400000   87483000  580000000  580000000
   3      903    83960   264756     18667288475     18667553231         2219676     179932      83108     580000         47     5    1400000   87483000  580000000  580000000
   3      903    83962   655227     18667553241     18668208468         2484442     495192      83108     580000      75285     5    1400000   87483000  580000000  580000000
   3      903    83954   531200     18668208477     18668739676         3139678     419986      83108     580000      26493     5    1400000   87483000  580000000  580000000
   3      903    83966   553545     18668739685     18669293231         3670887     468738      83108     580000         47     5    1400000   87483000  580000000  580000000
   3      903    83978   579997     18669293240     18669873237         4224441     190016      83108     580000         53     7    1400000   87483000  580000000  580000000
   3      903    83964   579992     18669873245     18670453237         4804447     495184      83108     580000         53     5    1400000   87483000  580000000  580000000
   3      903    83973   579991     18670453246     18671033237         5384447     495101      83108     580000         53     7    1400000   87483000  580000000  580000000
   3      903    83963   580037     18671033246     18671613283         5964447     495164      83108     580000        100     5    1400000   87483000  580000000  580000000
   3      903    83972   609608     18671613293     18672222900         6544494     495058      83108     580000      29717     7    1400000   87483000  580000000  580000000
   3      903    83970   550311     18672222909     18672773220         7154110     350334      83108     580000         37     5    1400000   87483000  580000000  580000000
   3      903    83951   580009     18672773230     18673353239         7704431     495087      83108     580000         55     5    1400000   87483000  580000000  580000000
   3      903    83970   579992     18673353248     18673933241         8284450     445100      83108     580000         57     7    1400000   87483000  580000000  580000000
   3      903    83984   579978     18673933250     18674513227         8864451     495083      83108     580000         44     5    1400000   87483000  580000000  580000000
   3      903    83973   580001     18674513237     18675093237         9444438     379886      83108     580000         54     7    1400000   87483000  580000000  580000000
   3      903    83954   751607     18675093246     18675844854        10024448     495258      83108     580000     171670     7    1400000   87483000  580000000  580000000
   3      903    83955   408379     18675844864     18676253243        10776065     323559      83108     580000         59     6    1400000   87483000  580000000  580000000
   3      903    83956   695263     18676253252     18676948515        11184453     495247      83108     580000     115331     7    1400000   87483000  580000000  580000000
   3      903    83958   464728     18676948524     18677413251        11879725     379928      83108     580000         68     7    1400000   87483000  580000000  580000000
   3      903    83959   675347     18677413260     18678088607        12344461     495214      83108     580000      95424     7    1400000   87483000  580000000  580000000
   3      903    83955   484614     18678088616     18678573230        13019817     399756      83108     580000         46     7    1400000   87483000  580000000  580000000
   3      903    83957   655288     18678573238     18679228526        13504440     495211      83108     580000      75343     7    1400000   87483000  580000000  580000000
   3      903    83960   760012     18679228580     18679988592        14159781     419877      83108     580000     255409     7    1400000   87483000  580000000  580000000
   3      903    83951   379914     18679988601     18680368514        14919802     239783      83108     580000      55331     7    1400000   87483000  580000000  580000000
   3      903    83952   524718     18680368523     18680893241        15299724     439872      83108     580000         58     7    1400000   87483000  580000000  580000000
   3      903    83963   663247     18680893250     18681556497        15824451     495165      83108     580000      83314     7    1400000   87483000  580000000  580000000
   3      903    83944   496748     18681556505     18682053253        16487706     411929      83108     580000         70     7    1400000   87483000  580000000  580000000
   3      903    83957   595197     18682053262     18682648459        16984464     495177      83108     580000      15276     5    1400000   87483000  580000000  580000000
   3      903    83946   564786     18682648468     18683213254        17579669     479894      83108     580000         71     5    1400000   87483000  580000000  580000000
   3      903    83981   579985     18683213263     18683793248        18144464     379868      83108     580000         65     5    1400000   87483000  580000000  580000000
   3      903    83968   579977     18683793258     18684373235        18724459     495140      83108     580000         52     6    1400000   87483000  580000000  580000000
   3      903    83971   579991     18684373245     18684953236        19304446     379996      83108     580000         52     7    1400000   87483000  580000000  580000000
   3      903    83951   579983     18684953245     18685533228        19884446     495161      83108     580000         44     7    1400000   87483000  580000000  580000000
   3      903    83976   580000     18685533237     18686113237        20464438     380015      83108     580000         54     7    1400000   87483000  580000000  580000000
   3      903    83958   579991     18686113246     18686693237        21044447     495203      83108     580000         53     7    1400000   87483000  580000000  580000000
   3      903    83969   579991     18686693246     18687273237        21624447     379998      83108     580000         53     7    1400000   87483000  580000000  580000000
   3      903    83955   695239     18687273246     18687968485        22204447     495189      83108     580000     115301     7    1400000   87483000  580000000  580000000
   3      903    83954   464761     18687968493     18688433254        22899695     379998      83108     580000         71     7    1400000   87483000  580000000  580000000
   3      903    83953   675261     18688433263     18689108524        23364464     495192      83108     580000      95341     7    1400000   87483000  580000000  580000000
   3      903    83946   484703     18689108533     18689593236        24039734     399915      83108     580000         52     7    1400000   87483000  580000000  580000000
   3      903    83958   655329     18689593244     18690248573        24524445     495208      83108     580000      75390     7    1400000   87483000  580000000  580000000
   3      903    83943   504657     18690248582     18690753239        25179783     419887      83108     580000         55     7    1400000   87483000  580000000  580000000
   3      903    83973   715539     18690753248     18691468787        25684449     189500      83108     580000     135604     6    1400000   87483000  580000000  580000000
   3      903    83960   444448     18691468796     18691913244        26399997     359481      83108     580000         61     6    1400000   87483000  580000000  580000000
   3      903    83966   615502     18691913253     18692528755        26844454     495080      83108     580000      35572     6    1400000   87483000  580000000  580000000
   3      903    83957   544457     18692528764     18693073221        27459965     459538      83108     580000         37     6    1400000   87483000  580000000  580000000
   3      903    83963   595340     18693073277     18693668617        28004478     495070      83108     580000      15433     6    1400000   87483000  580000000  580000000
   3      903    83963   564609     18693668626     18694233234        28599827     479663      83108     580000         50     6    1400000   87483000  580000000  580000000
   3      903    83963   580019     18694233244     18694813263        29164445     349888      83108     580000         79     6    1400000   87483000  580000000  580000000
   3      903    83961   579963     18694813272     18695393235        29744473     495088      83108     580000         52     6    1400000   87483000  580000000  580000000
   3      903    83978   579986     18695393245     18695973230        30324446     379643      83108     580000         47     6    1400000   87483000  580000000  580000000
   3      903    83958   579990     18695973239     18696553229        30904440     495176      83108     580000         45     6    1400000   87483000  580000000  580000000
   3      903    84001   580004     18696553239     18697133243        31484440     189801      83108     580000         60     6    1400000   87483000  580000000  580000000
   3      903    83962   579965     18697133253     18697713218        32064454     495128      83108     580000         34     6    1400000   87483000  580000000  580000000
   3      903    83986   580007     18697713228     18698293235        32644429     189862      83108     580000         52     6    1400000   87483000  580000000  580000000
   3      903    83962   695343     18698293245     18698988588        33224446     495158      83108     580000     115404     6    1400000   87483000  580000000  580000000
   3      903    83965   464647     18698988597     18699453244        33919798     379780      83108     580000         60     6    1400000   87483000  580000000  580000000
   3      903    83964   675377     18699453253     18700128629        34384454     495127      83108     580000      95446     6    1400000   87483000  580000000  580000000
   3      903    83955   484620     18700128638     18700613258        35059839     399787      83108     580000         74     6    1400000   87483000  580000000  580000000
   3      903    83961   655364     18700613268     18701268631        35544469     495132      83108     580000      75448     6    1400000   87483000  580000000  580000000
   3      903    83951   504581     18701268641     18701773222        36199842     419754      83108     580000         38     6    1400000   87483000  580000000  580000000
   3      903    83943   635406     18701773231     18702408637        36704432     495129      83108     580000      55453     6    1400000   87483000  580000000  580000000
   3      903    83955   524593     18702408646     18702933239        37339847     439680      83108     580000         55     6    1400000   87483000  580000000  580000000
   3      903    83968   615492     18702933248     18703548740        37864449     495126      83108     580000      35556     6    1400000   87483000  580000000  580000000
   3      903    83952   544481     18703548748     18704093230        38479950     459652      83108     580000         46     6    1400000   87483000  580000000  580000000
   3      903    83966   595316     18704093239     18704688555        39024440     495158      83108     580000      15372     6    1400000   87483000  580000000  580000000
   3      903    83965   759953     18704688564     18705448517        39619765     479877      83108     580000     195333     6    1400000   87483000  580000000  580000000
   3      903    83954   384723     18705448526     18705833249        40379727     299949      83108     580000         66     5    1400000   87483000  580000000  580000000
   3      903    83961   579999     18705833258     18706413257        40764460     495124      83108     580000         73     6    1400000   87483000  580000000  580000000
   3      903    83984   579917     18706413303     18706993220        41344505     379798      83108     580000         35     6    1400000   87483000  580000000  580000000
   3      903    83969   580000     18706993229     18707573229        41924430     495116      83108     580000         46     6    1400000   87483000  580000000  580000000
   3      903    83979   580007     18707573238     18708153246        42504440     379539      83108     580000         62     6    1400000   87483000  580000000  580000000
   3      903    83965   715368     18708153255     18708868623        43084456     495131      83108     580000     135440     6    1400000   87483000  580000000  580000000
   3      903    83957   444618     18708868632     18709313250        43799834     359829      83108     580000         67     5    1400000   87483000  580000000  580000000
   3      903    83960   695364     18709313260     18710008623        44244461     495131      83108     580000     115440     6    1400000   87483000  580000000  580000000
   3      903    83950   464610     18710008632     18710473242        44939833     379671      83108     580000         58     6    1400000   87483000  580000000  580000000
   3      903    83963   675391     18710473251     18711148642        45404452     495129      83108     580000      95459     6    1400000   87483000  580000000  580000000
   3      903    83963   484591     18711148651     18711633242        46079852     399739      83108     580000         58     6    1400000   87483000  580000000  580000000
   3      903    83965   655375     18711633251     18712288626        46564452     495121      83108     580000      75443     6    1400000   87483000  580000000  580000000
   3      903    83956   504585     18712288635     18712793220        47219836     419733      83108     580000         37     6    1400000   87483000  580000000  580000000
   3      903    83964   580007     18712793229     18713373236        47724430     495129      83108     580000         53     6    1400000   87483000  580000000  580000000
   3      903    83975   715075     18713373245     18714088320        48304447     190058      83108     580000     135137     7    1400000   87483000  580000000  580000000
   3      903    83954   444898     18714088329     18714533227        49019530     360157      83108     580000         44     7    1400000   87483000  580000000  580000000
   3      903    83968   580042     18714533236     18715113278        49464438     190072      83108     580000         95     7    1400000   87483000  580000000  580000000
   3      903    83966   579951     18715113288     18715693238        50044489     495058      83108     580000         55     6    1400000   87483000  580000000  580000000
   3      903    83979   775328     18715693248     18716468575        50624449     495048      83108     580000     195392     7    1400000   87483000  580000000  580000000
   3      903    83954   384669     18716468584     18716853253        51399786     299843      83108     580000         70     5    1400000   87483000  580000000  580000000
   3      903    83972   663330     18716853262     18717516592        51784463     495114      83108     580000      83408     6    1400000   87483000  580000000  580000000
   3      903    83956   496647     18717516601     18718013248        52447802     411859      83108     580000         65     7    1400000   87483000  580000000  580000000
   3      903    83972   579970     18718013257     18718593228        52944459     495101      83108     580000         44     5    1400000   87483000  580000000  580000000
   3      903    83981   580000     18718593237     18719173237        53524438     379727      83108     580000         53     7    1400000   87483000  580000000  580000000
   3      903    83956   715356     18719173246     18719888602        54104447     495244      83108     580000     135418     7    1400000   87483000  580000000  580000000
   3      903    83955   444634     18719888611     18720333244        54819812     359842      83108     580000         61     6    1400000   87483000  580000000  580000000
   3      903    83982   695194     18720333291     18721028485        55264492     495117      83108     580000     115302     5    1400000   87483000  580000000  580000000
   3      903    83957   464743     18721028494     18721493237        55959695     379960      83108     580000         54     7    1400000   87483000  580000000  580000000
   3      903    83958   675271     18721493246     18722168517        56424447     495255      83108     580000      95334     7    1400000   87483000  580000000  580000000
   3      903    83960   484707     18722168526     18722653233        57099727     399922      83108     580000         49     7    1400000   87483000  580000000  580000000
   3      903    83954   663302     18722653242     18723316544        57584443     495228      83108     580000      83361     7    1400000   87483000  580000000  580000000
   3      903    83962   496696     18723316553     18723813249        58247754     411828      83108     580000         65     6    1400000   87483000  580000000  580000000
   3      903    83948   635269     18723813258     18724448527        58744459     495158      83108     580000      55343     7    1400000   87483000  580000000  580000000
   3      903    83956   524703     18724448535     18724973238        59379737     439926      83108     580000         54     7    1400000   87483000  580000000  580000000
   3      903    83952   615401     18724973248     18725588649        59904449     495183      83108     580000      35465     7    1400000   87483000  580000000  580000000
   3      903    83947   544581     18725588658     18726133238        60519859     459720      83108     580000         54     7    1400000   87483000  580000000  580000000
   3      903    83958   595315     18726133247     18726728563        61064449     495232      83108     580000      15379     7    1400000   87483000  580000000  580000000
   3      903    83948   564667     18726728572     18727293238        61659773     479822      83108     580000         54     7    1400000   87483000  580000000  580000000
   3      903    83982   579988     18727293248     18727873236        62224449     379901      83108     580000         52     7    1400000   87483000  580000000  580000000
   3      903    83961   645245     18727873245     18728518490        62804446     495149      83108     580000      65307     6    1400000   87483000  580000000  580000000
   3      903    83965   571013     18728518499     18729089512        63449700     429778      83108     580000      56329     6    1400000   87483000  580000000  580000000
   3      903    83958   523714     18729089521     18729613235        64020722     438937      83108     580000         50     5    1400000   87483000  580000000  580000000
   3      903    83982   579991     18729613244     18730193236        64544445     379913      83108     580000         52     5    1400000   87483000  580000000  580000000
   3      903    83952   596337     18730193245     18730789582        65124446     495112      83108     580000      16399     5    1400000   87483000  580000000  580000000
   3      903    83963   563632     18730789591     18731353223        65720792     363814      83108     580000         39     5    1400000   87483000  580000000  580000000
   3      903    83961   695295     18731353231     18732048526        66284433     495202      83108     580000     115343     5    1400000   87483000  580000000  580000000
   3      903    83945   464697     18732048535     18732513233        66979736     379917      83108     580000         48     5    1400000   87483000  580000000  580000000
   3      903    83955   675331     18732513242     18733188572        67444443     495195      83108     580000      95389     5    1400000   87483000  580000000  580000000
   3      903    83957   484667     18733188581     18733673248        68119782     399891      83108     580000         63     5    1400000   87483000  580000000  580000000
   3      903    83960   655247     18733673293     18734328540        68604494     495141      83108     580000      75357     5    1400000   87483000  580000000  580000000
   3      903    83944   504689     18734328549     18734833238        69259751     419994      83108     580000         53     5    1400000   87483000  580000000  580000000
   3      903    83959   705283     18734833247     18735538530        69764448     495187      83108     580000     125346     5    1400000   87483000  580000000  580000000
   3      903    83947   454698     18735538539     18735993237        70469740     369875      83108     580000         53     5    1400000   87483000  580000000  580000000
   3      903    83983   615517     18735993246     18736608763        70924447     495064      83108     580000      35580     5    1400000   87483000  580000000  580000000
   3      903    83954   544464     18736608772     18737153236        71539973     459567      83108     580000         53     6    1400000   87483000  580000000  580000000
   3      903    83965   595374     18737153246     18737748620        72084447     495146      83108     580000      15437     6    1400000   87483000  580000000  580000000
   3      903    83960   564602     18737748629     18738313231        72679830     479775      83108     580000         47     6    1400000   87483000  580000000  580000000
   3      903    83987   579995     18738313240     18738893235        73244441     379710      83108     580000         51     6    1400000   87483000  580000000  580000000
   3      903    83963   579993     18738893244     18739473237        73824445     495157      83108     580000         53     5    1400000   87483000  580000000  580000000
   3      903    83976   666206     18739473247     18740139453        74404448     379927      83108     580000      86270     5    1400000   87483000  580000000  580000000
   3      903    83952   493776     18740139462     18740633238        75070663     409018      83108     580000         53     5    1400000   87483000  580000000  580000000
   3      903    84004   681944     18740633247     18741315191        75564448     189774      83108     580000     102007     5    1400000   87483000  580000000  580000000
   3      903    83948   478039     18741315200     18741793239        76246401     393192      83108     580000         55     6    1400000   87483000  580000000  580000000
   3      903    83959   580001     18741793248     18742373249        76724449     140076      83108     580000         66     7    1400000   87483000  580000000  580000000
   3      903    83964   580015     18742373258     18742953273        77304459     495094      83108     580000         90     6    1400000   87483000  580000000  580000000
   3      903    83973   586464     18742953282     18743539746        77884484     189670      83108     580000       6563     7    1400000   87483000  580000000  580000000
   3      903    83964   668934     18743539755     18744208689        78470956     488583      83108     580000      95506     6    1400000   87483000  580000000  580000000
   3      903    83957   484548     18744208698     18744693246        79139899     399604      83108     580000         62     6    1400000   87483000  580000000  580000000
   3      903    83975   663161     18744693255     18745356416        79624456     495096      83108     580000      83233     6    1400000   87483000  580000000  580000000
   3      903    83957   496825     18745356425     18745853250        80287626     412071      83108     580000         66     5    1400000   87483000  580000000  580000000
   3      903    83970   635319     18745853259     18746488578        80784460     495063      83108     580000      55395     6    1400000   87483000  580000000  580000000
   3      903    83963   607893     18746488587     18747096480        81419788     439796      83108     580000      83297     6    1400000   87483000  580000000  580000000
   3      903    83959   579870     18747096489     18747676359        82027690     411969      83108     580000      83175     5    1400000   87483000  580000000  580000000
   3      903    83960   496861     18747676399     18748173260        82607600     412060      83108     580000         76     5    1400000   87483000  580000000  580000000
   3      903    83970   595289     18748173269     18748768558        83104470     495020      83108     580000      15375     6    1400000   87483000  580000000  580000000
   3      903    83959   564659     18748768567     18749333226        83699768     479813      83108     580000         42     6    1400000   87483000  580000000  580000000
   3      903    83984   580001     18749333234     18749913235        84264436     379628      83108     580000         52     6    1400000   87483000  580000000  580000000
   3      903    83963   764962     18749913244     18750678207        84844446     495132      83108     580000     185024     6    1400000   87483000  580000000  580000000
   3      903    83956   395023     18750678216     18751073239        85609417     310230      83108     580000         56     6    1400000   87483000  580000000  580000000
   3      903    83964   579995     18751073249     18751653244        86004450     495081      83108     580000         61     6    1400000   87483000  580000000  580000000
   3      903    83987   579993     18751653254     18752233247        86584455     379757      83108     580000         63     6    1400000   87483000  580000000  580000000
   3      903    83963   715324     18752233256     18752948580        87164457     495102      83108     580000     135396     6    1400000   87483000  580000000  580000000
   3      903    83955   444657     18752948589     18753393246        87879790     359821      83108     580000         62     5    1400000   87483000  580000000  580000000
   3      903    83969   695441     18753393255     18754088696        88324456     495099      83108     580000     115512     6    1400000   87483000  580000000  580000000
   3      903    83954   501073     18754088705     18754589777        89019906     379626      83108     580000      36594     6    1400000   87483000  580000000  580000000
   3      903    83963   638887     18754589787     18755228673        89520988     458625      83108     580000      95490     6    1400000   87483000  580000000  580000000
