#idx     perf      run   period           start             end          rel_st      slack c_duration   c_period     wu_lat   cpu       freq dl_runtime  dl_period dl_deadline
   3     1044    97032   579823     14351185641     14351765464          766404     330186      96066     580000         44     7    1400000  101123000  580000000  580000000
   3     1044    97069   732053     14351765474     14352497527         1346237     292965      96066     580000     152108     7    1400000  101123000  580000000  580000000
   3     1044    97056   427937     14352497536     14352925473         2078299     140772      96066     580000         54     7    1400000  101123000  580000000  580000000
   3     1044    97039   659994     14352925483     14353585476         2506246     482062      96066     580000      80057     7    1400000  101123000  580000000  580000000
   3     1044    97043   651990     14353585486     14354237476         3166249     401995      96066     580000     152056     4    1400000  101123000  580000000  580000000
   3     1044    97042   580012     14354237484     14354817496         3818247     330049      96066     580000     152077     4    1400000  101123000  580000000  580000000
   3     1044    97041   580071     14354817505     14355397576         4398269     330048      96066     580000     152157     7    1400000  101123000  580000000  580000000
   3     1044    97395   499323     14355397585     14355896909         4978349     327404      96066     580000      71490     4    1400000  101123000  580000000  580000000
   3     1044    97040   569401     14355896917     14356466318         5477681     410604      96066     580000      60899     5    1400000  101123000  580000000  580000000
   3     1044    97056   570706     14356466327     14357037033         6047091     269449      96066     580000      51614     5    1400000  101123000  580000000  580000000
   3     1044    97044   528431     14357037042     14357565473         6617805     430290      96066     580000         53     6    1400000  101123000  580000000  580000000
   3     1044    97058   611439     14357565482     14358176921         7146245     292624      96066     580000      31502     6    1400000  101123000  580000000  580000000
   3     1044    97046   548551     14358176930     14358725480         7757693     450568      96066     580000         61     4    1400000  101123000  580000000  580000000
   3     1044    97060   591441     14358725490     14359316931         8306253     141495      96066     580000      11512     4    1400000  101123000  580000000  580000000
   3     1044    97075   720522     14359316939     14360037461         8897702     129184      96066     580000     152042     4    1400000  101123000  580000000  580000000
   3     1044    97030   579990     14360037470     14360617460         9618233     330180      96066     580000     152041     5    1400000  101123000  580000000  580000000
   3     1044    97044   427998     14360617469     14361045467        10198233     330042      96066     580000         47     4    1400000  101123000  580000000  580000000
   3     1044    97048   590096     14361045476     14361635572        10626239     141483      96066     580000      10153     7    1400000  101123000  580000000  580000000
   3     1044    97037   721331     14361635581     14362356912        11216344     471857      96066     580000     151493     7    1400000  101123000  580000000  580000000
   3     1044    97034   580425     14362356921     14362937346        11937684     330691      96066     580000     151927     7    1400000  101123000  580000000  580000000
   3     1044    97062   448123     14362937355     14363385478        12518118     140936      96066     580000      20058     4    1400000  101123000  580000000  580000000
   3     1044    97049   559980     14363385487     14363945467        12966250     461983      96066     580000         48     7    1400000  101123000  580000000  580000000
   3     1044    97043   640000     14363945476     14364585476        13526239     482005      96066     580000      60056     7    1400000  101123000  580000000  580000000
   3     1044    97043   671899     14364585533     14365257432        14166296     421949      96066     580000     152012     4    1400000  101123000  580000000  580000000
   3     1044    97042   519521     14365257441     14365776962        14838204     330071      96066     580000      91543     4    1400000  101123000  580000000  580000000
   3     1044    97054   488500     14365776971     14366265471        15357734     201428      96066     580000         51     4    1400000  101123000  580000000  580000000
   3     1044    97049   651458     14366265480     14366916938        15846243     482006      96066     580000      71518     4    1400000  101123000  580000000  580000000
   3     1044    97066   508514     14366916947     14367425460        16497710     221566      96066     580000         41     4    1400000  101123000  580000000  580000000
   3     1044    97051   732061     14367425469     14368157530        17006233     481968      96066     580000     152111     5    1400000  101123000  580000000  580000000
   3     1044    97040   580020     14368157539     14368737559        17738302     329976      96066     580000     152140     5    1400000  101123000  580000000  580000000
   3     1044    97060   459515     14368737568     14369197083        18318331     140662      96066     580000      31663     5    1400000  101123000  580000000  580000000
   3     1044    97042   548376     14369197092     14369745467        18777855     450429      96066     580000         48     6    1400000  101123000  580000000  580000000
   3     1044    97069   591570     14369745477     14370337047        19326240     292828      96066     580000      11628     4    1400000  101123000  580000000  580000000
   3     1044    97067   569174     14370337056     14370906230        19917819     281189      96066     580000        811     6    1400000  101123000  580000000  580000000
   3     1044    97058   590304     14370906238     14371496543        20487002     140335      96066     580000      11124     4    1400000  101123000  580000000  580000000
   3     1044    97048   568921     14371496551     14372065472        21077315     281571      96066     580000         52     4    1400000  101123000  580000000  580000000
   3     1044    97048   579990     14372065482     14372645472        21646245     330535      96066     580000         53     7    1400000  101123000  580000000  580000000
   3     1044    97042   732062     14372645481     14373377543        22226245     482015      96066     580000     152124     7    1400000  101123000  580000000  580000000
   3     1044    97032   579918     14373377552     14373957471        22958315     329865      96066     580000     152052     7    1400000  101123000  580000000  580000000
   3     1044    97064   559416     14373957479     14374516895        23538243     140945      96066     580000     131476     7    1400000  101123000  580000000  580000000
   3     1044    97041   448565     14374516904     14374965469        24097667     350658      96066     580000         49     7    1400000  101123000  580000000  580000000
   3     1044    97059   732056     14374965478     14375697534        24546241     292885      96066     580000     152115     7    1400000  101123000  580000000  580000000
   3     1044    97033   579907     14375697542     14376277450        25278306     329953      96066     580000     152030     7    1400000  101123000  580000000  580000000
   3     1044    97043   580038     14376277458     14376857496        25858221     330048      96066     580000     152077     7    1400000  101123000  580000000  580000000
   3     1044    97043   427976     14376857504     14377285480        26438268     330028      96066     580000         61     7    1400000  101123000  580000000  580000000
   3     1044    97040   651436     14377285490     14377936925        26866253     482010      96066     580000      71506     7    1400000  101123000  580000000  580000000
   3     1044    97053   508523     14377936934     14378445457        27517697     221664      96066     580000         35     7    1400000  101123000  580000000  580000000
   3     1044    97052   731966     14378445505     14379177471        28026268     169410      96066     580000     152052     7    1400000  101123000  580000000  580000000
   3     1044    97045   580056     14379177480     14379757535        28758243     330041      96066     580000     152116     5    1400000  101123000  580000000  580000000
   3     1044    97066   631083     14379757544     14380388627        29338307     140749      96066     580000     203208     5    1400000  101123000  580000000  580000000
   3     1044    97053   528842     14380388636     14380917478        29969399     126597      96066     580000     152059     4    1400000  101123000  580000000  580000000
   3     1044    97045   580019     14380917487     14381497506        30498250     329999      96066     580000     152087     4    1400000  101123000  580000000  580000000
   3     1044    97035   427945     14381497514     14381925459        31078278     330046      96066     580000         39     4    1400000  101123000  580000000  580000000
   3     1044    97056   580001     14381925468     14382505469        31506231     330582      96066     580000         49     5    1400000  101123000  580000000  580000000
   3     1044    97064   679996     14382505478     14383185474        32086241     292901      96066     580000     100054     4    1400000  101123000  580000000  580000000
   3     1044    97054   632065     14383185483     14383817548        32766246     381955      96066     580000     152129     4    1400000  101123000  580000000  580000000
   3     1044    97043   768719     14383817557     14384586276        33398320     329956      96066     580000     340857     4    1400000  101123000  580000000  580000000
   3     1044    97058   249652     14384586285     14384835937        34167048     141028      96066     580000      10518     6    1400000  101123000  580000000  580000000
   3     1044    97042   721560     14384835946     14385557506        34416709     471488      96066     580000     152087     6    1400000  101123000  580000000  580000000
   3     1044    97059   580172     14385557515     14386137687        35138278     329892      96066     580000     152267     6    1400000  101123000  580000000  580000000
   3     1044    97065   612214     14386137696     14386749910        35718459     140472      96066     580000     184491     6    1400000  101123000  580000000  580000000
   3     1044    97032   547566     14386749919     14387297484        36330682     297507      96066     580000     152065     7    1400000  101123000  580000000  580000000
   3     1044    97044   579986     14387297493     14387877479        36878256     330037      96066     580000     152060     7    1400000  101123000  580000000  580000000
   3     1044    97044   579934     14387877487     14388457422        37458250     330041      96066     580000     152003     7    1400000  101123000  580000000  580000000
   3     1044    97037   580098     14388457430     14389037529        38038194     330107      96066     580000     152109     7    1400000  101123000  580000000  580000000
   3     1044    97033   427909     14389037538     14389465447        38618301     329895      96066     580000         27     4    1400000  101123000  580000000  580000000
   3     1044    97044   711829     14389465457     14390177286        39046220     482036      96066     580000     131867     5    1400000  101123000  580000000  580000000
   3     1044    97058   600189     14390177295     14390777483        39758058     160714      96066     580000     152063     5    1400000  101123000  580000000  580000000
   3     1044    97065   580023     14390777492     14391357515        40358255     140962      96066     580000     152096     5    1400000  101123000  580000000  580000000
   3     1044    97038   580006     14391357524     14391937530        40938287     330029      96066     580000     152111     5    1400000  101123000  580000000  580000000
   3     1044    97060   439315     14391937572     14392376887        41518335     140590      96066     580000      11468     5    1400000  101123000  580000000  580000000
   3     1044    97052   568558     14392376895     14392945453        41957659     281496      96066     580000         33     5    1400000  101123000  580000000  580000000
   3     1044    97060   580010     14392945463     14393525474        42526227     292940      96066     580000         54     4    1400000  101123000  580000000  580000000
   3     1044    97054   732243     14393525483     14394257726        43106246     482002      96066     580000     152307     4    1400000  101123000  580000000  580000000
   3     1044    97049   579721     14394257735     14394837456        43838498     329765      96066     580000     152037     6    1400000  101123000  580000000  580000000
   3     1044    97044   580126     14394837465     14395417590        44418228     330083      96066     580000     152171     5    1400000  101123000  580000000  580000000
   3     1044    97035   579784     14395417599     14395997382        44998362     329787      96066     580000     151963     5    1400000  101123000  580000000  580000000
   3     1044    97041   559710     14395997391     14396557101        45578155      17283      96066     580000     131682     7    1400000  101123000  580000000  580000000
   3     1044    97034   448358     14396557110     14397005468        46137873     350311      96066     580000         48     5    1400000  101123000  580000000  580000000
   3     1044    97052   731954     14397005477     14397737432        46586241     482002      96066     580000     152012     5    1400000  101123000  580000000  580000000
   3     1044    97053   580031     14397737440     14398317471        47318203     330061      96066     580000     152052     4    1400000  101123000  580000000  580000000
   3     1044    97042   580247     14398317480     14398897727        47898243     330080      96066     580000     152308     4    1400000  101123000  580000000  580000000
   3     1044    97037   579760     14398897736     14399477496        48478499     329648      96066     580000     152077     4    1400000  101123000  580000000  580000000
   3     1044    97037   499434     14399477505     14399976938        49058268     329945      96066     580000      71519     4    1400000  101123000  580000000  580000000
   3     1044    97066   508527     14399976947     14400485474        49557711     221480      96066     580000         55     4    1400000  101123000  580000000  580000000
   3     1044    97053   579984     14400485483     14401065467        50066246     481968      96066     580000         47     4    1400000  101123000  580000000  580000000
   3     1044    97036   620394     14401065476     14401685870        50646239     482047      96066     580000      40451     7    1400000  101123000  580000000  580000000
   3     1044    97064   589912     14401685879     14402275791        51266642     101135      96066     580000      50372     4    1400000  101123000  580000000  580000000
   3     1044    97036   550409     14402275800     14402826209        51856563     431562      96066     580000      20790     4    1400000  101123000  580000000  580000000
   3     1044    97058   570691     14402826218     14403396909        52406981     309484      96066     580000      11490     6    1400000  101123000  580000000  580000000
   3     1044    97049   568547     14403396917     14403965464        52977681     470603      96066     580000         44     5    1400000  101123000  580000000  580000000
   3     1044    97054   579986     14403965474     14404545460        53546237     292558      96066     580000         40     5    1400000  101123000  580000000  580000000
   3     1044    97042   732157     14404545469     14405277626        54126232     481985      96066     580000     152207     4    1400000  101123000  580000000  580000000
   3     1044    97039   579850     14405277635     14405857484        54858398     329948      96066     580000     152065     6    1400000  101123000  580000000  580000000
   3     1044    97049   580009     14405857524     14406437533        55438287     329996      96066     580000     152114     4    1400000  101123000  580000000  580000000
   3     1044    97042   490440     14406437541     14406927982        56018305     329953      96066     580000      62563     4    1400000  101123000  580000000  580000000
   3     1044    97057   720776     14406927991     14407648767        56508754     230133      96066     580000     203348     5    1400000  101123000  580000000  580000000
   3     1044    97045   528656     14407648776     14408177432        57229539     126624      96066     580000     152013     7    1400000  101123000  580000000  580000000
   3     1044    97065   539512     14408177441     14408716953        57758204     140891      96066     580000     111534     4    1400000  101123000  580000000  580000000
   3     1044    97059   569023     14408716962     14409285985        58297725     181582      96066     580000     100565     4    1400000  101123000  580000000  580000000
   3     1044    97067   631535     14409285993     14409917528        58866756     230052      96066     580000     152109     7    1400000  101123000  580000000  580000000
   3     1044    97048   579937     14409917537     14410497474        59498300     329965      96066     580000     152055     4    1400000  101123000  580000000  580000000
