#idx     perf      run   period           start             end          rel_st      slack c_duration   c_period     wu_lat   cpu       freq dl_runtime  dl_period dl_deadline
   1      483    44971   279954     44949285543     44949565497          875901     234365      44513     280000         39     4    1400000   46856000  280000000  280000000
   1      483    44970   279987     44949565507     44949845494         1155865     234532      44513     280000         36     4    1400000   46856000  280000000  280000000
   1      483    44968   280013     44949845504     44950125517         1435862     234522      44513     280000         60     4    1400000   46856000  280000000  280000000
   1      483    44969   279985     44950125527     44950405511         1715885     234472      44513     280000         54     4    1400000   46856000  280000000  280000000
   1      483    44973   279976     44950405521     44950685497         1995879     234485      44513     280000         40     4    1400000   46856000  280000000  280000000
   1      483    44964   279990     44950685506     44950965496         2275865     234525      44513     280000         38     4    1400000   46856000  280000000  280000000
   1      483    44966   280013     44950965505     44951245518         2555863     234493      44513     280000         61     4    1400000   46856000  280000000  280000000
   1      483    44969   279986     44951245527     44951525513         2835886     234499      44513     280000         57     4    1400000   46856000  280000000  280000000
   1      483    44965   279972     44951525522     44951805495         3115881     234563      44513     280000         37     4    1400000   46856000  280000000  280000000
   1      483    44966   279998     44951805504     44952085502         3395862     234491      44513     280000         44     4    1400000   46856000  280000000  280000000
   1      483    44969   280001     44952085511     44952365512         3675870     234480      44513     280000         55     4    1400000   46856000  280000000  280000000
   1      483    44967   279997     44952365521     44952645519         3955880     234559      44513     280000         62     4    1400000   46856000  280000000  280000000
   1      483    44976   279965     44952645528     44952925493         4235886     234475      44513     280000         36     4    1400000   46856000  280000000  280000000
   1      483    44961   279991     44952925502     44953205493         4515861     234603      44513     280000         35     4    1400000   46856000  280000000  280000000
   1      483    44964   280015     44953205502     44953485517         4795860     234519      44513     280000         60     4    1400000   46856000  280000000  280000000
   1      483    44969   279991     44953485527     44953765517         5075885     234516      44513     280000         60     4    1400000   46856000  280000000  280000000
   1      483    44964   279965     44953765527     44954045492         5355886     234573      44513     280000         35     4    1400000   46856000  280000000  280000000
   1      483    44965   279994     44954045501     44954325495         5635859     234519      44513     280000         38     4    1400000   46856000  280000000  280000000
   1      483    44964   280014     44954325504     44954605518         5915863     234499      44513     280000         62     4    1400000   46856000  280000000  280000000
   1      483    44969   279992     44954605528     44954885520         6195886     234520      44513     280000         63     4    1400000   46856000  280000000  280000000
   1      483    44974   279967     44954885530     44955165496         6475888     234483      44513     280000         38     4    1400000   46856000  280000000  280000000
   1      483    44968   279991     44955165505     44955445496         6755864     234540      44513     280000         39     4    1400000   46856000  280000000  280000000
   1      483    44967   280025     44955445505     44955725530         7035863     234519      44513     280000         73     4    1400000   46856000  280000000  280000000
   1      483    44969   279930     44955725581     44956005511         7315939     234477      44513     280000         54     4    1400000   46856000  280000000  280000000
   1      483    44977   279974     44956005520     44956285495         7595879     234484      44513     280000         37     4    1400000   46856000  280000000  280000000
   1      483    44970   279991     44956285503     44956565494         7875862     234487      44513     280000         37     4    1400000   46856000  280000000  280000000
   1      483    44964   280022     44956565503     44956845525         8155861     234512      44513     280000         69     4    1400000   46856000  280000000  280000000
   1      483    44973   279971     44956845535     44957125506         8435894     234502      44513     280000         49     4    1400000   46856000  280000000  280000000
   1      483    44972   279981     44957125515     44957405496         8715874     234488      44513     280000         38     4    1400000   46856000  280000000  280000000
   1      483    44969   280001     44957405505     44957685506         8995864     234565      44513     280000         49     4    1400000   46856000  280000000  280000000
   1      483    44966   280005     44957685515     44957965520         9275874     234468      44513     280000         63     4    1400000   46856000  280000000  280000000
   1      483    44962   279982     44957965529     44958245511         9555888     234555      44513     280000         55     4    1400000   46856000  280000000  280000000
   1      483    44970   279976     44958245521     44958525497         9835879     234528      44513     280000         39     4    1400000   46856000  280000000  280000000
   1      483    44965   279987     44958525506     44958805493        10115864     234487      44513     280000         35     4    1400000   46856000  280000000  280000000
   1      483    44962   280016     44958805502     44959085518        10395860     234589      44513     280000         61     4    1400000   46856000  280000000  280000000
   1      483    44966   279992     44959085527     44959365519        10675886     234555      44513     280000         62     4    1400000   46856000  280000000  280000000
   1      483    44973   279965     44959365528     44959645493        10955887     234478      44513     280000         36     4    1400000   46856000  280000000  280000000
   1      483    44969   279992     44959645502     44959925495        11235861     234547      44513     280000         37     4    1400000   46856000  280000000  280000000
   1      483    44963   280010     44959925504     44960205513        11515862     234526      44513     280000         57     4    1400000   46856000  280000000  280000000
   1      483    44973   280003     44960205523     44960485526        11795881     234529      44513     280000         69     4    1400000   46856000  280000000  280000000
   1      483    44972   279962     44960485536     44960765498        12075894     234467      44513     280000         39     4    1400000   46856000  280000000  280000000
   1      483    44964   279989     44960765507     44961045495        12355865     234519      44513     280000         38     4    1400000   46856000  280000000  280000000
   1      483    44965   280013     44961045504     44961325518        12635863     234502      44513     280000         61     4    1400000   46856000  280000000  280000000
   1      483    44972   279991     44961325526     44961605518        12915885     234525      44513     280000         61     4    1400000   46856000  280000000  280000000
   1      483    44962   279974     44961605527     44961885501        13195886     234552      44513     280000         44     4    1400000   46856000  280000000  280000000
   1      483    44970   279995     44961885510     44962165505        13475869     234530      44513     280000         47     4    1400000   46856000  280000000  280000000
   1      483    44964   280004     44962165515     44962445518        13755873     234511      44513     280000         61     4    1400000   46856000  280000000  280000000
   1      483    44970   279957     44962445561     44962725517        14035919     234480      44513     280000         61     4    1400000   46856000  280000000  280000000
   1      483    44970   279965     44962725527     44963005492        14315885     234499      44513     280000         34     4    1400000   46856000  280000000  280000000
   1      483    44964   280002     44963005501     44963285503        14595860     234577      44513     280000         44     4    1400000   46856000  280000000  280000000
   1      483    44967   280003     44963285512     44963565515        14875870     234471      44513     280000         58     4    1400000   46856000  280000000  280000000
   1      483    44971   279987     44963565524     44963845510        15155882     234497      44513     280000         54     4    1400000   46856000  280000000  280000000
   1      483    44972   279972     44963845520     44964125492        15435878     234496      44513     280000         35     4    1400000   46856000  280000000  280000000
   1      483    44967   279997     44964125501     44964405498        15715860     234492      44513     280000         40     4    1400000   46856000  280000000  280000000
   1      483    44965   280008     44964405507     44964685515        15995865     234509      44513     280000         59     4    1400000   46856000  280000000  280000000
   1      483    44965   279989     44964685524     44964965513        16275883     234503      44513     280000         57     4    1400000   46856000  280000000  280000000
   1      483    44971   279974     44964965522     44965245496        16555881     234500      44513     280000         38     4    1400000   46856000  280000000  280000000
   1      483    44965   279989     44965245506     44965525494        16835864     234516      44513     280000         37     4    1400000   46856000  280000000  280000000
   1      483    44962   279989     44965525503     44965805492        17115861     234522      44513     280000         36     4    1400000   46856000  280000000  280000000
   1      483    44962   280023     44965805501     44966085524        17395860     234607      44513     280000         68     4    1400000   46856000  280000000  280000000
   1      483    44972   279959     44966085534     44966365493        17675892     234502      44513     280000         36     4    1400000   46856000  280000000  280000000
   1      483    44966   279991     44966365502     44966645493        17955861     234522      44513     280000         35     4    1400000   46856000  280000000  280000000
   1      483    44963   279992     44966645502     44966925494        18235860     234589      44513     280000         37     4    1400000   46856000  280000000  280000000
   1      483    44966   280017     44966925502     44967205519        18515861     234492      44513     280000         63     4    1400000   46856000  280000000  280000000
   1      483    44964   279967     44967205528     44967485495        18795887     234507      44513     280000         37     4    1400000   46856000  280000000  280000000
   1      483    44968   279992     44967485504     44967765496        19075862     234570      44513     280000         38     4    1400000   46856000  280000000  280000000
   1      483    44969   279988     44967765506     44968045493        19355864     234548      44513     280000         36     4    1400000   46856000  280000000  280000000
   1      483    44963   280016     44968045502     44968325518        19635861     234591      44513     280000         61     4    1400000   46856000  280000000  280000000
   1      483    44968   279974     44968325527     44968605501        19915885     234542      44513     280000         41     4    1400000   46856000  280000000  280000000
   1      483    44970   279992     44968605511     44968885503        20195869     234521      44513     280000         43     4    1400000   46856000  280000000  280000000
   1      483    44972   279952     44968885543     44969165495        20475902     234480      44513     280000         37     4    1400000   46856000  280000000  280000000
   1      483    44965   280010     44969165504     44969445514        20755863     234517      44513     280000         57     4    1400000   46856000  280000000  280000000
   1      483    44976   279969     44969445524     44969725493        21035883     234476      44513     280000         36     4    1400000   46856000  280000000  280000000
   1      483    44970   279993     44969725502     44970005495        21315861     234552      44513     280000         37     4    1400000   46856000  280000000  280000000
   1      483    44973   279995     44970005504     44970285499        21595862     234546      44513     280000         42     4    1400000   46856000  280000000  280000000
   1      483    44969   280011     44970285508     44970565519        21875866     234537      44513     280000         62     4    1400000   46856000  280000000  280000000
   1      483    44968   279966     44970565528     44970845494        22155886     234546      44513     280000         36     4    1400000   46856000  280000000  280000000
   1      483    44968   280007     44970845503     44971125511        22435862     234535      44513     280000         54     4    1400000   46856000  280000000  280000000
   1      483    44972   279975     44971125519     44971405494        22715878     234494      44513     280000         37     4    1400000   46856000  280000000  280000000
   1      483    44966   280027     44971405503     44971685530        22995861     234503      44513     280000         73     4    1400000   46856000  280000000  280000000
   1      483    44974   279968     44971685539     44971965507        23275898     234496      44513     280000         50     4    1400000   46856000  280000000  280000000
   1      483    44972   280002     44971965516     44972245518        23555874     234511      44513     280000         61     4    1400000   46856000  280000000  280000000
   1      483    44971   279975     44972245527     44972525501        23835885     234525      44513     280000         43     4    1400000   46856000  280000000  280000000
   1      483    44973   280007     44972525510     44972805518        24115869     234536      44513     280000         61     4    1400000   46856000  280000000  280000000
   1      483    44973   279966     44972805527     44973085493        24395885     234485      44513     280000         36     4    1400000   46856000  280000000  280000000
   1      483    44962   280006     44973085502     44973365508        24675860     234594      44513     280000         51     4    1400000   46856000  280000000  280000000
   1      483    44971   279976     44973365517     44973645493        24955876     234496      44513     280000         35     4    1400000   46856000  280000000  280000000
   1      483    44963   280016     44973645502     44973925518        25235860     234525      44513     280000         61     4    1400000   46856000  280000000  280000000
   1      483    44969   279969     44973925527     44974205496        25515886     234516      44513     280000         39     4    1400000   46856000  280000000  280000000
   1      483    44974   280011     44974205505     44974485516        25795864     234535      44513     280000         59     4    1400000   46856000  280000000  280000000
   1      483    44968   279970     44974485524     44974765494        26075883     234574      44513     280000         37     4    1400000   46856000  280000000  280000000
   1      483    44968   280030     44974765503     44975045533        26355862     234569      44513     280000         76     4    1400000   46856000  280000000  280000000
   1      483    44975   279953     44975045542     44975325495        26635900     234468      44513     280000         38     4    1400000   46856000  280000000  280000000
   1      483    44967   280008     44975325504     44975605512        26915863     234513      44513     280000         55     4    1400000   46856000  280000000  280000000
   1      483    44969   279942     44975605554     44975885496        27195912     234505      44513     280000         38     4    1400000   46856000  280000000  280000000
   1      483    44967   280006     44975885505     44976165511        27475863     234510      44513     280000         54     4    1400000   46856000  280000000  280000000
   1      483    44972   279976     44976165520     44976445496        27755879     234512      44513     280000         39     4    1400000   46856000  280000000  280000000
   1      483    44967   280006     44976445505     44976725511        28035864     234522      44513     280000         54     4    1400000   46856000  280000000  280000000
   1      483    44966   279973     44976725520     44977005493        28315879     234484      44513     280000         37     4    1400000   46856000  280000000  280000000
   1      483    44967   280019     44977005503     44977285522        28595861     234558      44513     280000         65     4    1400000   46856000  280000000  280000000
   1      483    44966   279964     44977285531     44977565495        28875889     234553      44513     280000         37     4    1400000   46856000  280000000  280000000
   1      483    44971   279990     44977565504     44977845493        29155862     234534      44513     280000         36     4    1400000   46856000  280000000  280000000
   1      483    44973   279991     44977845502     44978125493        29435861     234545      44513     280000         35     4    1400000   46856000  280000000  280000000
   1      483    44963   279997     44978125502     44978405499        29715860     234585      44513     280000         41     4    1400000   46856000  280000000  280000000
   1      483    44971   279987     44978405508     44978685495        29995867     234483      44513     280000         38     4    1400000   46856000  280000000  280000000
   1      483    44965   279989     44978685504     44978965492        30275862     234553      44513     280000         35     4    1400000   46856000  280000000  280000000
   1      483    44970   279999     44978965501     44979245500        30555860     234497      44513     280000         43     4    1400000   46856000  280000000  280000000
   1      483    44972   279994     44979245510     44979525504        30835868     234531      44513     280000         45     4    1400000   46856000  280000000  280000000
   1      483    44966   279982     44979525513     44979805496        31115872     234548      44513     280000         38     4    1400000   46856000  280000000  280000000
   1      483    44970   279996     44979805504     44980085500        31395863     234539      44513     280000         43     4    1400000   46856000  280000000  280000000
   1      483    44965   279984     44980085509     44980365493        31675867     234495      44513     280000         36     4    1400000   46856000  280000000  280000000
   1      483    44973   279993     44980365502     44980645495        31955861     234537      44513     280000         37     4    1400000   46856000  280000000  280000000
   1      483    44965   280020     44980645504     44980925524        32235862     234524      44513     280000         67     4    1400000   46856000  280000000  280000000
   1      483    44974   279960     44980925533     44981205493        32515892     234499      44513     280000         36     4    1400000   46856000  280000000  280000000
   1      483    44966   280030     44981205502     44981485532        32795860     234522      44513     280000         75     4    1400000   46856000  280000000  280000000
   1      483    44964   279951     44981485542     44981765493        33075901     234489      44513     280000         36     4    1400000   46856000  280000000  280000000
   1      483    44964   280008     44981765502     44982045510        33355861     234500      44513     280000         53     4    1400000   46856000  280000000  280000000
   1      483    44970   279944     44982045551     44982325496        33635910     234466      44513     280000         37     4    1400000   46856000  280000000  280000000
   1      483    44964   280006     44982325505     44982605511        33915864     234570      44513     280000         54     4    1400000   46856000  280000000  280000000
   1      483    44972   279985     44982605520     44982885506        34195879     234495      44513     280000         47     4    1400000   46856000  280000000  280000000
   1      483    44965   279996     44982885515     44983165511        34475874     234469      44513     280000         55     4    1400000   46856000  280000000  280000000
   1      483    44966   279975     44983165521     44983445496        34755879     234527      44513     280000         38     4    1400000   46856000  280000000  280000000
   1      483    44964   280006     44983445505     44983725511        35035863     234491      44513     280000         54     4    1400000   46856000  280000000  280000000
   1      483    44966   279981     44983725520     44984005501        35315879     234583      44513     280000         44     4    1400000   46856000  280000000  280000000
   1      483    44964   279991     44984005510     44984285501        35595869     234512      44513     280000         44     4    1400000   46856000  280000000  280000000
   1      483    44974   279989     44984285510     44984565499        35875869     234475      44513     280000         41     4    1400000   46856000  280000000  280000000
   1      483    44961   280002     44984565510     44984845511        36155868     234600      44513     280000         54     4    1400000   46856000  280000000  280000000
   1      483    44973   279975     44984845521     44985125495        36435879     234509      44513     280000         37     4    1400000   46856000  280000000  280000000
   1      483    44970   280001     44985125504     44985405505        36715863     234553      44513     280000         47     4    1400000   46856000  280000000  280000000
   1      483    44972   279988     44985405514     44985685502        36995873     234522      44513     280000         44     4    1400000   46856000  280000000  280000000
   1      483    44971   280008     44985685511     44985965519        37275870     234480      44513     280000         62     4    1400000   46856000  280000000  280000000
   1      483    44971   279966     44985965528     44986245494        37555887     234507      44513     280000         37     4    1400000   46856000  280000000  280000000
   1      483    44972   280010     44986245503     44986525513        37835862     234544      44513     280000         56     4    1400000   46856000  280000000  280000000
   1      483    44971   279974     44986525522     44986805496        38115881     234523      44513     280000         38     4    1400000   46856000  280000000  280000000
   1      483    44964   280015     44986805505     44987085520        38395863     234488      44513     280000         63     4    1400000   46856000  280000000  280000000
   1      483    44972   279964     44987085529     44987365493        38675887     234485      44513     280000         35     4    1400000   46856000  280000000  280000000
   1      483    44962   280007     44987365501     44987645509        38955860     234571      44513     280000         51     4    1400000   46856000  280000000  280000000
   1      483    44976   279988     44987645518     44987925506        39235876     234505      44513     280000         48     4    1400000   46856000  280000000  280000000
   1      483    44964   280002     44987925516     44988205518        39515875     234499      44513     280000         61     4    1400000   46856000  280000000  280000000
   1      483    44969   279977     44988205527     44988485504        39795886     234524      44513     280000         46     4    1400000   46856000  280000000  280000000
   1      483    44973   279982     44988485513     44988765495        40075872     234512      44513     280000         38     4    1400000   46856000  280000000  280000000
   1      483    44963   279953     44988765540     44989045493        40355898     234548      44513     280000         35     4    1400000   46856000  280000000  280000000
   1      483    44964   280009     44989045501     44989325510        40635860     234525      44513     280000         54     4    1400000   46856000  280000000  280000000
   1      483    44971   279974     44989325519     44989605494        40915878     234507      44513     280000         35     4    1400000   46856000  280000000  280000000
   1      483    44967   279990     44989605503     44989885493        41195861     234559      44513     280000         36     4    1400000   46856000  280000000  280000000
   1      483    44966   279991     44989885502     44990165492        41475860     234513      44513     280000         34     4    1400000   46856000  280000000  280000000
   1      483    44965   280017     44990165501     44990445518        41755860     234501      44513     280000         61     4    1400000   46856000  280000000  280000000
   1      483    44971   279966     44990445527     44990725493        42035886     234529      44513     280000         36     4    1400000   46856000  280000000  280000000
   1      483    44966   279989     44990725502     44991005492        42315861     234560      44513     280000         35     4    1400000   46856000  280000000  280000000
   1      483    44967   280003     44991005500     44991285503        42595859     234511      44513     280000         44     4    1400000   46856000  280000000  280000000
   1      483    44966   280008     44991285512     44991565520        42875870     234469      44513     280000         63     4    1400000   46856000  280000000  280000000
   1      483    44962   279966     44991565529     44991845495        43155888     234532      44513     280000         37     4    1400000   46856000  280000000  280000000
   1      483    44972   279988     44991845504     44992125493        43435863     234535      44513     280000         35     4    1400000   46856000  280000000  280000000
   1      483    44962   279994     44992125501     44992405495        43715860     234514      44513     280000         37     4    1400000   46856000  280000000  280000000
   1      483    44962   280014     44992405504     44992685517        43995862     234596      44513     280000         61     4    1400000   46856000  280000000  280000000
   1      483    44975   279986     44992685527     44992965513        44275886     234482      44513     280000         56     4    1400000   46856000  280000000  280000000
   1      483    44970   279974     44992965522     44993245496        44555881     234545      44513     280000         37     4    1400000   46856000  280000000  280000000
   1      483    44972   279991     44993245505     44993525496        44835864     234544      44513     280000         38     4    1400000   46856000  280000000  280000000
   1      483    44965   280015     44993525505     44993805520        45115863     234496      44513     280000         63     4    1400000   46856000  280000000  280000000
   1      483    44966   279990     44993805529     44994085518        45395887     234516      44513     280000         62     4    1400000   46856000  280000000  280000000
   1      483    44975   279976     44994085528     44994365504        45675886     234441      44513     280000         45     4    1400000   46856000  280000000  280000000
   1      483    44966   279987     44994365514     44994645501        45955872     234474      44513     280000         44     4    1400000   46856000  280000000  280000000
   1      483    44964   280002     44994645510     44994925512        46235868     234480      44513     280000         55     4    1400000   46856000  280000000  280000000
   1      483    44972   279990     44994925521     44995205511        46515879     234496      44513     280000         54     4    1400000   46856000  280000000  280000000
   1      483    44973   279939     44995205557     44995485495        46795915     234485      44513     280000         37     4    1400000   46856000  280000000  280000000
   1      483    44968   279998     44995485504     44995765502        47075863     234562      44513     280000         44     4    1400000   46856000  280000000  280000000
   1      483    44968   280004     44995765512     44996045517        47355871     234484      44513     280000         60     4    1400000   46856000  280000000  280000000
   1      483    44969   279986     44996045526     44996325511        47635884     234503      44513     280000         54     4    1400000   46856000  280000000  280000000
   1      483    44970   279973     44996325520     44996605493        47915879     234529      44513     280000         36     4    1400000   46856000  280000000  280000000
   1      483    44961   280001     44996605502     44996885503        48195861     234507      44513     280000         45     4    1400000   46856000  280000000  280000000
   1      483    44966   280005     44996885513     44997165517        48475871     234460      44513     280000         61     4    1400000   46856000  280000000  280000000
   1      483    44972   279991     44997165526     44997445517        48755885     234508      44513     280000         61     4    1400000   46856000  280000000  280000000
   1      483    44968   279973     44997445527     44997725500        49035885     234478      44513     280000         42     4    1400000   46856000  280000000  280000000
   1      483    44974   279986     44997725509     44998005495        49315867     234522      44513     280000         37     4    1400000   46856000  280000000  280000000
   1      483    44962   279988     44998005503     44998285492        49595862     234594      44513     280000         34     4    1400000   46856000  280000000  280000000
   1      483    44967   280017     44998285500     44998565518        49875859     234506      44513     280000         61     4    1400000   46856000  280000000  280000000
   1      483    44966   279965     44998565527     44998845492        50155886     234478      44513     280000         35     4    1400000   46856000  280000000  280000000
   1      483    44963   279991     44998845501     44999125492        50435860     234594      44513     280000         35     4    1400000   46856000  280000000  280000000
   1      483    44970   279991     44999125501     44999405492        50715859     234512      44513     280000         34     4    1400000   46856000  280000000  280000000
   1      483    44965   280027     44999405501     44999685528        50995859     234549      44513     280000         71     4    1400000   46856000  280000000  280000000
   1      483    44976   279959     44999685537     44999965496        51275895     234450      44513     280000         38     4    1400000   46856000  280000000  280000000
   1      483    44972   279988     44999965505     45000245493        51555863     234529      44513     280000         36     4    1400000   46856000  280000000  280000000
   1      483    44964   279992     45000245502     45000525493        51835860     234591      44513     280000         36     4    1400000   46856000  280000000  280000000
   1      483    44963   280031     45000525502     45000805533        52115861     234533      44513     280000         76     4    1400000   46856000  280000000  280000000
   1      483    44977   279950     45000805543     45001085493        52395901     234466      44513     280000         36     4    1400000   46856000  280000000  280000000
   1      483    44967   279990     45001085502     45001365492        52675861     234571      44513     280000         35     4    1400000   46856000  280000000  280000000
   1      483    44968   279992     45001365501     45001645493        52955860     234490      44513     280000         36     4    1400000   46856000  280000000  280000000
   1      483    44965   280017     45001645502     45001925519        53235860     234512      44513     280000         62     4    1400000   46856000  280000000  280000000
   1      483    44970   279947     45001925560     45002205508        53515919     234478      44513     280000         50     4    1400000   46856000  280000000  280000000
   1      483    44973   279985     45002205516     45002485502        53795875     234498      44513     280000         45     4    1400000   46856000  280000000  280000000
   1      483    44968   279986     45002485511     45002765496        54075869     234511      44513     280000         38     4    1400000   46856000  280000000  280000000
   1      483    44965   280009     45002765505     45003045514        54355864     234524      44513     280000         58     4    1400000   46856000  280000000  280000000
   1      483    44963   279994     45003045524     45003325518        54635882     234571      44513     280000         61     4    1400000   46856000  280000000  280000000
   1      483    44971   279968     45003325527     45003605495        54915885     234492      44513     280000         37     4    1400000   46856000  280000000  280000000
   1      483    44963   279991     45003605504     45003885495        55195862     234519      44513     280000         37     4    1400000   46856000  280000000  280000000
   1      483    44962   280013     45003885504     45004165517        55475862     234607      44513     280000         60     4    1400000   46856000  280000000  280000000
   1      483    44967   279986     45004165526     45004445512        55755884     234511      44513     280000         55     4    1400000   46856000  280000000  280000000
   1      483    44964   279974     45004445521     45004725495        56035879     234561      44513     280000         37     4    1400000   46856000  280000000  280000000
   1      483    44963   279996     45004725504     45005005500        56315862     234521      44513     280000         42     4    1400000   46856000  280000000  280000000
   1      483    44964   280017     45005005509     45005285526        56595868     234498      44513     280000         69     4    1400000   46856000  280000000  280000000
   1      483    44967   279981     45005285536     45005565517        56875895     234487      44513     280000         60     4    1400000   46856000  280000000  280000000
   1      483    44970   279969     45005565527     45005845496        57155885     234496      44513     280000         37     4    1400000   46856000  280000000  280000000
   1      483    44970   279990     45005845505     45006125495        57435863     234527      44513     280000         37     4    1400000   46856000  280000000  280000000
   1      483    44966   280014     45006125503     45006405518        57715862     234522      44513     280000         61     4    1400000   46856000  280000000  280000000
   1      483    44968   279984     45006405527     45006685511        57995885     234537      44513     280000         54     4    1400000   46856000  280000000  280000000
   1      483    44972   279972     45006685520     45006965492        58275878     234519      44513     280000         35     4    1400000   46856000  280000000  280000000
   1      483    44965   280005     45006965501     45007245506        58555860     234507      44513     280000         48     4    1400000   46856000  280000000  280000000
   1      483    44967   280003     45007245515     45007525518        58835873     234498      44513     280000         61     4    1400000   46856000  280000000  280000000
   1      483    44971   279984     45007525527     45007805511        59115886     234517      44513     280000         55     4    1400000   46856000  280000000  280000000
   1      483    44969   279983     45007805521     45008085504        59395879     234523      44513     280000         46     4    1400000   46856000  280000000  280000000
   1      483    44964   279980     45008085513     45008365493        59675871     234551      44513     280000         35     4    1400000   46856000  280000000  280000000
   1      483    44967   279985     45008365533     45008645519        59955892     234471      44513     280000         62     4    1400000   46856000  280000000  280000000
