#idx     perf      run   period           start             end          rel_st      slack c_duration   c_period     wu_lat   cpu       freq dl_runtime  dl_period dl_deadline
   1      500    46527   623491     15425125116     15425748606          810760     576375      46056     670000         49     4    1400000   48480000  670000000  670000000
   1      500    46524   669989     15425748616     15426418605         1434260     622980      46056     670000         48     4    1400000   48480000  670000000  670000000
   1      500    46527   669983     15426418615     15427088598         2104259     622895      46056     670000         41     4    1400000   48480000  670000000  670000000
   1      500    46541   669991     15427088607     15427758598         2774251     622904      46056     670000         41     4    1400000   48480000  670000000  670000000
   1      500    46547   670000     15427758607     15428428606         3444251     622857      46056     670000         50     7    1400000   48480000  670000000  670000000
   1      500    46525   669989     15428428615     15429098605         4114259     622988      46056     670000         48     4    1400000   48480000  670000000  670000000
   1      500    46526   669994     15429098614     15429768608         4784258     622965      46056     670000         51     4    1400000   48480000  670000000  670000000
   1      500    46528   669981     15429768617     15430438598         5454261     622975      46056     670000         41     7    1400000   48480000  670000000  670000000
   1      500    46540   669998     15430438607     15431108605         6124251     622903      46056     670000         48     7    1400000   48480000  670000000  670000000
   1      500    46528   669992     15431108614     15431778606         6794258     622954      46056     670000         49     4    1400000   48480000  670000000  670000000
   1      500    46522   669990     15431778615     15432448605         7464259     623018      46056     670000         48     4    1400000   48480000  670000000  670000000
   1      500    46539   669983     15432448614     15433118598         8134258     622913      46056     670000         41     4    1400000   48480000  670000000  670000000
   1      500    46523   670001     15433118607     15433788608         8804250     623042      46056     670000         51     7    1400000   48480000  670000000  670000000
   1      500    46532   669990     15433788617     15434458607         9474261     622972      46056     670000         50     4    1400000   48480000  670000000  670000000
   1      500    46523   670006     15434458615     15435128622        10144259     622973      46056     670000         64     5    1400000   48480000  670000000  670000000
   1      500    46527   669974     15435128631     15435798605        10814275     622914      46056     670000         48     4    1400000   48480000  670000000  670000000
   1      500    46522   669991     15435798614     15436468605        11484258     622970      46056     670000         48     4    1400000   48480000  670000000  670000000
   1      500    46528   669991     15436468615     15437138606        12154259     622966      46056     670000         49     4    1400000   48480000  670000000  670000000
   1      500    46524   669989     15437138615     15437808604        12824259     622994      46056     670000         47     4    1400000   48480000  670000000  670000000
   1      500    46548   669993     15437808613     15438478607        13494257     501739      46056     670000         50     6    1400000   48480000  670000000  670000000
   1      500    46527   669990     15438478616     15439148606        14164260     622964      46056     670000         49     4    1400000   48480000  670000000  670000000
   1      500    46529   669984     15439148615     15439818599        14834259     622995      46056     670000         42     4    1400000   48480000  670000000  670000000
   1      500    46548   669991     15439818608     15440488599        15504252     622809      46056     670000         42     4    1400000   48480000  670000000  670000000
   1      500    46538   669951     15440488656     15441158607        16174300     622876      46056     670000         50     7    1400000   48480000  670000000  670000000
   1      500    46532   669989     15441158616     15441828605        16844260     622934      46056     670000         49     4    1400000   48480000  670000000  670000000
   1      500    46529   669975     15441828615     15442498590        17514259     622963      46056     670000         33     4    1400000   48480000  670000000  670000000
   1      500    46530   670015     15442498599     15443168614        18184243     622949      46056     670000         57     4    1400000   48480000  670000000  670000000
   1      500    46528   675192     15443168623     15443843815        18854267     622980      46056     670000       5259     4    1400000   48480000  670000000  670000000
   1      500    46529   664781     15443843824     15444508605        19529468     617710      46056     670000         48     4    1400000   48480000  670000000  670000000
   1      500    46524   706275     15444508614     15445214890        20194258     622976      46056     670000      36333     4    1400000   48480000  670000000  670000000
   1      500    46531   633699     15445214899     15445848598        20900543     586678      46056     670000         41     4    1400000   48480000  670000000  670000000
   1      500    46540   669984     15445848607     15446518590        21534251     622914      46056     670000         34     4    1400000   48480000  670000000  670000000
   1      500    46543   669998     15446518599     15447188598        22204243     622845      46056     670000         41     7    1400000   48480000  670000000  670000000
   1      500    46540   669991     15447188607     15447858598        22874251     622938      46056     670000         41     4    1400000   48480000  670000000  670000000
   1      500    46543   669998     15447858607     15448528605        23544251     622860      46056     670000         48     7    1400000   48480000  670000000  670000000
   1      500    46524   669984     15448528614     15449198599        24214258     623009      46056     670000         42     4    1400000   48480000  670000000  670000000
   1      500    46528   669998     15449198608     15449868606        24884252     622924      46056     670000         49     4    1400000   48480000  670000000  670000000
   1      500    46521   669987     15449868615     15450538601        25554259     623035      46056     670000         45     4    1400000   48480000  670000000  670000000
   1      500    46548   669988     15450538611     15451208598        26224255     597825      46056     670000         42     7    1400000   48480000  670000000  670000000
   1      500    46521   669990     15451208607     15451878598        26894251     623060      46056     670000         41     7    1400000   48480000  670000000  670000000
   1      500    46525   670006     15451878607     15452548613        27564251     622993      46056     670000         56     7    1400000   48480000  670000000  670000000
   1      500    46529   669985     15452548622     15453218607        28234265     622969      46056     670000         50     5    1400000   48480000  670000000  670000000
   1      500    46528   669989     15453218616     15453888605        28904260     622965      46056     670000         49     4    1400000   48480000  670000000  670000000
   1      500    46523   669985     15453888615     15454558600        29574259     623017      46056     670000         43     4    1400000   48480000  670000000  670000000
   1      500    46543   670029     15454558609     15455228638        30244253     622865      46056     670000         81     4    1400000   48480000  670000000  670000000
   1      500    46541   669958     15455228647     15455898605        30914291     577703      46056     670000         49     4    1400000   48480000  670000000  670000000
   1      500    46529   669984     15455898614     15456568598        31584258     622941      46056     670000         41     4    1400000   48480000  670000000  670000000
   1      500    46527   669965     15456568639     15457238605        32254283     622941      46056     670000         48     4    1400000   48480000  670000000  670000000
   1      500    46531   669993     15457238614     15457908607        32924258     622918      46056     670000         50     4    1400000   48480000  670000000  670000000
   1      500    46542   669989     15457908616     15458578605        33594259     622880      46056     670000         48     6    1400000   48480000  670000000  670000000
   1      500    46531   669990     15458578614     15459248605        34264258     622934      46056     670000         48     4    1400000   48480000  670000000  670000000
   1      500    46525   670019     15459248614     15459918632        34934258     623001      46056     670000         76     4    1400000   48480000  670000000  670000000
   1      500    46547   669959     15459918642     15460588601        35604285     587582      46056     670000         44     7    1400000   48480000  670000000  670000000
   1      500    46537   670005     15460588611     15461258616        36274255     622934      46056     670000         59     7    1400000   48480000  670000000  670000000
   1      500    46534   669973     15461258625     15461928598        36944269     622905      46056     670000         42     4    1400000   48480000  670000000  670000000
   1      500    46526   669998     15461928608     15462598606        37614252     623004      46056     670000         49     4    1400000   48480000  670000000  670000000
   1      500    46533   669991     15462598615     15463268606        38284259     622957      46056     670000         49     4    1400000   48480000  670000000  670000000
   1      500    46528   669992     15463268615     15463938607        38954259     623012      46056     670000         50     4    1400000   48480000  670000000  670000000
   1      500    46530   669991     15463938616     15464608607        39624260     622941      46056     670000         50     4    1400000   48480000  670000000  670000000
   1      500    46527   670032     15464608616     15465278647        40294260     622944      46056     670000         90     7    1400000   48480000  670000000  670000000
   1      500    46545   669948     15465278656     15465948605        40964300     622791      46056     670000         48     5    1400000   48480000  670000000  670000000
   1      500    46526   669988     15465948614     15466618602        41634258     622992      46056     670000         45     4    1400000   48480000  670000000  670000000
   1      500    46528   669987     15466618611     15467288598        42304255     622922      46056     670000         41     4    1400000   48480000  670000000  670000000
   1      500    46540   669991     15467288607     15467958598        42974251     622911      46056     670000         41     4    1400000   48480000  670000000  670000000
   1      500    46546   669999     15467958607     15468628606        43644251     622861      46056     670000         49     7    1400000   48480000  670000000  670000000
   1      500    46527   669989     15468628615     15469298604        44314259     622982      46056     670000         47     4    1400000   48480000  670000000  670000000
   1      500    46527   669995     15469298612     15469968608        44984256     622984      46056     670000         51     5    1400000   48480000  670000000  670000000
   1      500    46529   669989     15469968617     15470638606        45654261     622988      46056     670000         49     4    1400000   48480000  670000000  670000000
   1      500    46523   669991     15470638615     15471308606        46324259     623012      46056     670000         49     4    1400000   48480000  670000000  670000000
   1      500    46815   669989     15471308615     15471978604        46994259     620577      46056     670000         47     4    1400000   48480000  670000000  670000000
   1      500    46524   706267     15471978652     15472684919        47664296     622966      46056     670000      36362     4    1400000   48480000  670000000  670000000
   1      500    46525   633677     15472684928     15473318604        48370572     586677      46056     670000         48     4    1400000   48480000  670000000  670000000
   1      500    46524   685304     15473318614     15474003918        49004258     622995      46056     670000      15362     4    1400000   48480000  670000000  670000000
   1      500    46530   654678     15474003927     15474658605        49689571     607627      46056     670000         48     4    1400000   48480000  670000000  670000000
   1      500    46538   670009     15474658614     15475328623        50344258     622881      46056     670000         65     4    1400000   48480000  670000000  670000000
   1      500    46534   669972     15475328632     15475998604        51014276     622910      46056     670000         47     4    1400000   48480000  670000000  670000000
   1      500    46533   669992     15475998613     15476668605        51684257     622935      46056     670000         48     4    1400000   48480000  670000000  670000000
   1      500    46531   669992     15476668614     15477338606        52354258     622940      46056     670000         49     4    1400000   48480000  670000000  670000000
   1      500    46531   669979     15477338615     15478008594        53024259     622951      46056     670000         37     4    1400000   48480000  670000000  670000000
   1      500    46543   669999     15478008603     15478678602        53694247     622903      46056     670000         45     6    1400000   48480000  670000000  670000000
   1      500    46533   669987     15478678611     15479348597        54364254     622955      46056     670000         40     7    1400000   48480000  670000000  670000000
   1      500    46542   670021     15479348606     15480018627        55034250     622863      46056     670000         70     7    1400000   48480000  670000000  670000000
   1      500    46533   669961     15480018636     15480688598        55704280     622904      46056     670000         41     7    1400000   48480000  670000000  670000000
   1      500    46543   669992     15480688606     15481358598        56374250     597890      46056     670000         42     7    1400000   48480000  670000000  670000000
   1      500    46532   669990     15481358607     15482028597        57044251     622960      46056     670000         40     7    1400000   48480000  670000000  670000000
   1      500    46522   670003     15482028606     15482698609        57714250     623015      46056     670000         52     7    1400000   48480000  670000000  670000000
   1      500    46526   669988     15482698618     15483368606        58384262     622961      46056     670000         49     4    1400000   48480000  670000000  670000000
   1      500    46521   669991     15483368615     15484038605        59054259     623034      46056     670000         49     4    1400000   48480000  670000000  670000000
   1      500    46532   669991     15484038615     15484708606        59724259     622899      46056     670000         49     4    1400000   48480000  670000000  670000000
   1      500    46519   695018     15484708615     15485403633        60394259     623053      46056     670000      25077     4    1400000   48480000  670000000  670000000
   1      500    46528   644955     15485403642     15486048598        61089286     597916      46056     670000         41     7    1400000   48480000  670000000  670000000
   1      500    46520   669984     15486048607     15486718590        61734251     623065      46056     670000         33     7    1400000   48480000  670000000  670000000
   1      500    46545   669999     15486718599     15487388598        62404243     622827      46056     670000         41     7    1400000   48480000  670000000  670000000
   1      500    46543   669998     15487388607     15488058606        63074251     622929      46056     670000         49     4    1400000   48480000  670000000  670000000
   1      500    46528   669960     15488058646     15488728606        63744290     622905      46056     670000         49     4    1400000   48480000  670000000  670000000
   1      500    46520   669985     15488728615     15489398599        64414259     623038      46056     670000         43     4    1400000   48480000  670000000  670000000
   1      500    46526   669989     15489398609     15490068598        65084253     622924      46056     670000         41     4    1400000   48480000  670000000  670000000
   1      500    46540   670001     15490068607     15490738607        65754251     622936      46056     670000         50     4    1400000   48480000  670000000  670000000
   1      500    46530   669989     15490738616     15491408605        66424260     622953      46056     670000         48     4    1400000   48480000  670000000  670000000
   1      500    46522   669985     15491408615     15492078599        67094259     622993      46056     670000         43     4    1400000   48480000  670000000  670000000
   1      500    46527   696337     15492078609     15492774945        67764253     622979      46056     670000      26389     4    1400000   48480000  670000000  670000000
   1      500    46521   643652     15492774954     15493418606        68460598     596689      46056     670000         49     4    1400000   48480000  670000000  670000000
   1      500    46526   669991     15493418615     15494088606        69104259     622972      46056     670000         49     4    1400000   48480000  670000000  670000000
   1      500    46529   670014     15494088615     15494758628        69774259     622949      46056     670000         72     4    1400000   48480000  670000000  670000000
   1      500    46556   669994     15494758638     15495428631        70444282     597561      46056     670000         74     7    1400000   48480000  670000000  670000000
   1      500    46526   669964     15495428641     15496098605        71114285     622913      46056     670000         48     4    1400000   48480000  670000000  670000000
   1      500    46531   669985     15496098614     15496768599        71784258     622947      46056     670000         42     4    1400000   48480000  670000000  670000000
   1      500    46528   670008     15496768608     15497438617        72454252     622967      46056     670000         60     4    1400000   48480000  670000000  670000000
   1      500    46529   669979     15497438626     15498108605        73124270     622934      46056     670000         48     4    1400000   48480000  670000000  670000000
   1      500    46529   669993     15498108614     15498778607        73794258     622983      46056     670000         50     4    1400000   48480000  670000000  670000000
   1      500    46533   669987     15498778618     15499448604        74464262     622929      46056     670000         48     4    1400000   48480000  670000000  670000000
   1      500    46546   669992     15499448614     15500118606        75134258     617676      46056     670000         49     4    1400000   48480000  670000000  670000000
   1      500    46543   669983     15500118615     15500788598        75804259     622854      46056     670000         41     5    1400000   48480000  670000000  670000000
   1      500    46539   669992     15500788606     15501458599        76474250     622956      46056     670000         42     7    1400000   48480000  670000000  670000000
   1      500    46528   669992     15501458608     15502128599        77144252     622979      46056     670000         42     4    1400000   48480000  670000000  670000000
   1      500    46544   670003     15502128608     15502798611        77814252     622880      46056     670000         54     4    1400000   48480000  670000000  670000000
   1      500    46809   669985     15502798621     15503468606        78484265     620645      46056     670000         49     4    1400000   48480000  670000000  670000000
   1      500    46526   669951     15503468653     15504138604        79154297     622967      46056     670000         48     4    1400000   48480000  670000000  670000000
   1      500    46533   669993     15504138613     15504808606        79824257     622917      46056     670000         49     5    1400000   48480000  670000000  670000000
   1      500    46525   670014     15504808615     15505478629        80494259     622969      46056     670000         71     4    1400000   48480000  670000000  670000000
   1      500    46528   669963     15505478638     15506148601        81164282     622932      46056     670000         43     5    1400000   48480000  670000000  670000000
   1      500    46525   669994     15506148610     15506818604        81834254     622978      46056     670000         47     4    1400000   48480000  670000000  670000000
   1      500    46526   670019     15506818613     15507488632        82504257     622944      46056     670000         75     4    1400000   48480000  670000000  670000000
   1      500    46526   669960     15507488641     15508158601        83174285     622949      46056     670000         45     7    1400000   48480000  670000000  670000000
   1      500    46548   669997     15508158610     15508828607        83844254     622864      46056     670000         51     7    1400000   48480000  670000000  670000000
   1      500    46533   669981     15508828616     15509498597        84514260     622941      46056     670000         41     7    1400000   48480000  670000000  670000000
   1      500    46555   670000     15509498606     15510168607        85184250     622841      46056     670000         50     7    1400000   48480000  670000000  670000000
   1      500    46527   669990     15510168616     15510838606        85854260     622985      46056     670000         49     4    1400000   48480000  670000000  670000000
   1      500    46527   669991     15510838615     15511508605        86524259     622975      46056     670000         49     4    1400000   48480000  670000000  670000000
   1      500    46526   669990     15511508615     15512178605        87194259     622950      46056     670000         48     4    1400000   48480000  670000000  670000000
   1      500    46527   686346     15512178614     15512864959        87864258     622984      46056     670000      16403     4    1400000   48480000  670000000  670000000
   1      500    46521   653632     15512864969     15513518601        88550613     606574      46056     670000         44     4    1400000   48480000  670000000  670000000
   1      500    46528   669996     15513518610     15514188606        89204254     622984      46056     670000         49     7    1400000   48480000  670000000  670000000
