#idx     perf      run   period           start             end          rel_st      slack c_duration   c_period     wu_lat   cpu       freq dl_runtime  dl_period dl_deadline
   0     2728   253626   698856    126258609125    126259307980         3814960     296170     251049     760000         49     7    1400000  264263000  760000000  760000000
   0     2728   253610   759984    126259307990    126260067974         4513825     503825     251049     760000         43     4    1400000  264263000  760000000  760000000
   0     2728   253646   759990    126260067984    126260827974         5273819     503766     251049     760000         43     6    1400000  264263000  760000000  760000000
   0     2728   260067   759991    126260827983    126261587974         6033818     328071     251049     760000         43     4    1400000  264263000  760000000  760000000
   0     2728   255327   860005    126261587983    126262447988         6793818     473210     251049     760000     100056     6    1300000  264263000  760000000  760000000
   0     2728   256378   659976    126262447997    126263107973         7653832     401145     251049     760000         42     6    1400000  264263000  760000000  760000000
   0     2728   273164   791981    126263107982    126263899963         8313817     -32033     251049     760000          0     7    1300000  264263000  760000000  760000000
   0     2728   273213   743102    126263899972    126264643074         9105807     -15144     251049     760000          0     6    1300000  264263000  760000000  760000000
   0     2728   273281   765060    126264643083    126265408143         9848919     -20213     251049     760000          0     5    1300000  264263000  760000000  760000000
   0     2728   273253   749252    126265408155    126266157407        10613990      -9477     251049     760000          0     4    1300000  264263000  760000000  760000000
   0     2728   272952   769482    126266157418    126266926900        11363253     -18970     251049     760000          0     7    1300000  264263000  760000000  760000000
   0     2728   263950   761333    126266926916    126267688249        12132751     -20319     251049     760000          0     5    1400000  264263000  760000000  760000000
   0     2728   273140   747736    126267688261    126268435997        12894096      -8067     251049     760000          0     4    1300000  264263000  760000000  760000000
   0     2728   274509   814330    126268436053    126269250383        13641888     -62453     251049     760000          0     5    1300000  264263000  760000000  760000000
   0     2728   271110   836494    126269250393    126270086888        14456229    -138958     251049     760000          0     5    1300000  264263000  760000000  760000000
   0     2728   268489   651270    126270086897    126270738166        15292732     -30236     251049     760000          0     4    1400000  264263000  760000000  760000000
   0     2728   256957   752313    126270738176    126271490489        15944011     -22560     251049     760000          0     7    1300000  264263000  760000000  760000000
   0     2728   272349   769273    126271490499    126272259772        16696334     -31842     251049     760000          0     7    1400000  264263000  760000000  760000000
   0     2728   276471   771404    126272259781    126273031185        17465616     -43255     251049     760000          0     5    1300000  264263000  760000000  760000000
   0     2728   287170   770100    126273031196    126273801295        18237031     -53366     251049     760000          0     7    1200000  264263000  760000000  760000000
   0     2728   271053   765888    126273801305    126274567193        19007140     -59263     251049     760000          0     6    1400000  264263000  760000000  760000000
   0     2728   287931   809189    126274567203    126275376392        19773038    -108462     251049     760000          0     6    1200000  264263000  760000000  760000000
   0     2728   295875   760633    126275376402    126276137035        20582237    -109105     251049     760000          0     7    1200000  264263000  760000000  760000000
   0     2728   295966   830803    126276137092    126276967895        21342927    -179965     251049     760000          0     7    1200000  264263000  760000000  760000000
   0     2728   276630   743417    126276967905    126277711322        22173740    -163392     251049     760000          0     7    1200000  264263000  760000000  760000000
   0     2728   272314   727326    126277711332    126278438657        22917167    -130728     251049     760000          0     5    1300000  264263000  760000000  760000000
   0     2728   262872   759891    126278438667    126279198558        23644502    -130628     251049     760000          0     4    1400000  264263000  760000000  760000000
   0     2728   283065   912068    126279198568    126280110636        24404403    -282706     251049     760000          0     6    1300000  264263000  760000000  760000000
   0     2728   283901   657507    126280110647    126280768154        25316482    -180224     251049     760000          0     4    1200000  264263000  760000000  760000000
   0     2728   286200   751313    126280768163    126281519476        25973998    -171546     251049     760000          0     5    1300000  264263000  760000000  760000000
   0     2728   278983   929383    126281519487    126282448870        26725322    -340940     251049     760000          0     6    1200000  264263000  760000000  760000000
   0     2728   273183   615920    126282448879    126283064799        27654714    -196870     251049     760000          0     4    1300000  264263000  760000000  760000000
   0     2728   265954   765660    126283064809    126283830469        28270644    -202539     251049     760000          0     7    1300000  264263000  760000000  760000000
   0     2728   266475   778999    126283830477    126284609477        29036312    -221547     251049     760000          0     5    1400000  264263000  760000000  760000000
   0     2728   278969   813837    126284609486    126285423323        29815321    -275393     251049     760000          0     6    1300000  264263000  760000000  760000000
   0     2728   273192   989262    126285423332    126286412594        30629167    -504664     251049     760000          0     5    1300000  264263000  760000000  760000000
   0     2728   273364   489835    126286412604    126286902438        31618439    -234508     251049     760000          0     7    1300000  264263000  760000000  760000000
   0     2728   314139   804743    126286902449    126287707192        32108284    -279262     251049     760000          0     6    1200000  264263000  760000000  760000000
   0     2728   270658   752146    126287707201    126288459347        32913036    -271417     251049     760000          0     5    1300000  264263000  760000000  760000000
   0     2728   271280   874380    126288459356    126289333736        33665191    -385807     251049     760000          0     7    1400000  264263000  760000000  760000000
   0     2728   293265   735369    126289333746    126290069115        34539581    -361185     251049     760000          0     5    1300000  264263000  760000000  760000000
   0     2728   277316  1167277    126290069126    126291236402        35274961    -768472     251049     760000          0     4    1200000  264263000  760000000  760000000
   0     2728   287048   782620    126291236412    126292019031        36442247    -791101     251049     760000          0     6    1300000  264263000  760000000  760000000
   0     2728   275038   911426    126292019041    126292930467        37224876    -942537     251049     760000          0     4    1300000  264263000  760000000  760000000
   0     2728   295958   664343    126292930477    126293594821        38136312    -846891     251049     760000          0     6    1200000  264263000  760000000  760000000
   0     2728   287111   772218    126293594831    126294367049        38800666    -859119     251049     760000          0     4    1200000  264263000  760000000  760000000
   0     2728   295944   807291    126294367059    126295174350        39572894    -906420     251049     760000          0     5    1200000  264263000  760000000  760000000
   0     2728   280458   924980    126295174399    126296099379        40380234   -1071449     251049     760000          0     5    1200000  264263000  760000000  760000000
   0     2728   290859   629531    126296099389    126296728920        41305224    -940990     251049     760000          0     5    1200000  264263000  760000000  760000000
   0     2728   282256   819547    126296728931    126297548477        41934766   -1000547     251049     760000          0     4    1200000  264263000  760000000  760000000
   0     2728   294275   895178    126297548487    126298443665        42754322   -1135735     251049     760000          0     7    1200000  264263000  760000000  760000000
   0     2728   273209   616013    126298443674    126299059687        43649509    -991757     251049     760000          0     7    1300000  264263000  760000000  760000000
   0     2728   273169   732601    126299059697    126299792298        44265532    -964368     251049     760000          0     6    1300000  264263000  760000000  760000000
   0     2728   258386   879625    126299792308    126300671933        44998143   -1084003     251049     760000          0     6    1300000  264263000  760000000  760000000
   0     2728   289327   698928    126300671942    126301370869        45877777   -1022939     251049     760000          0     6    1400000  264263000  760000000  760000000
   0     2728   291431   810380    126301370880    126302181260        46576715   -1073330     251049     760000          0     5    1200000  264263000  760000000  760000000
   0     2728   275830   740361    126302181270    126302921631        47387105   -1053701     251049     760000          0     4    1200000  264263000  760000000  760000000
   0     2728   284506   896207    126302921640    126303817847        48127475   -1189917     251049     760000          0     5    1300000  264263000  760000000  760000000
   0     2728   279501  1105703    126303817856    126304923559        49023691   -1535629     251049     760000          0     6    1300000  264263000  760000000  760000000
   0     2728   283668   778767    126304923570    126305702337        50129405   -1554407     251049     760000          0     4    1200000  264263000  760000000  760000000
   0     2728   296006   776151    126305702347    126306478498        50908182   -1570568     251049     760000          0     5    1200000  264263000  760000000  760000000
   0     2728   294180   784284    126306478508    126307262792        51684343   -1594862     251049     760000          0     7    1200000  264263000  760000000  760000000
   0     2728   295933   791221    126307262802    126308054024        52468637   -1626094     251049     760000          0     4    1200000  264263000  760000000  760000000
   0     2728   288441  1046958    126308054034    126309100992        53259869   -1913062     251049     760000          0     4    1200000  264263000  760000000  760000000
   0     2728   272812   703583    126309101002    126309804585        54306837   -1856655     251049     760000          0     5    1200000  264263000  760000000  760000000
   0     2728   273169   589355    126309804595    126310393950        55010430   -1686020     251049     760000          0     7    1300000  264263000  760000000  760000000
   0     2728   291889   921969    126310393959    126311315928        55599794   -1847998     251049     760000          0     6    1300000  264263000  760000000  760000000
   0     2728   295942   626731    126311315939    126311942669        56521774   -1714739     251049     760000          0     6    1200000  264263000  760000000  760000000
   0     2728   280863   782915    126311942679    126312725594        57148514   -1737665     251049     760000          0     5    1200000  264263000  760000000  760000000
   0     2728   293913   850140    126312725604    126313575743        57931439   -1827813     251049     760000          0     4    1300000  264263000  760000000  760000000
   0     2728   277965   716585    126313575790    126314292375        58781625   -1784445     251049     760000          0     7    1200000  264263000  760000000  760000000
   0     2728   276155   768787    126314292385    126315061172        59498220   -1793242     251049     760000          0     5    1200000  264263000  760000000  760000000
   0     2728   283875   918524    126315061182    126315979706        60267017   -1951776     251049     760000          0     4    1300000  264263000  760000000  760000000
   0     2728   293569  1303590    126315979716    126317283306        61185551   -2495376     251049     760000          0     5    1200000  264263000  760000000  760000000
   0     2728   295869   599827    126317283316    126317883143        62489151   -2335213     251049     760000          0     5    1200000  264263000  760000000  760000000
   0     2728   295949   792134    126317883153    126318675287        63088988   -2367357     251049     760000          0     4    1200000  264263000  760000000  760000000
   0     2728   289657   868619    126318675298    126319543918        63881133   -2475988     251049     760000          0     4    1200000  264263000  760000000  760000000
   0     2728   281840   732028    126319543927    126320275954        64749762   -2448025     251049     760000          0     7    1300000  264263000  760000000  760000000
   0     2728   288302   736183    126320275964    126321012146        65481799   -2424216     251049     760000          0     5    1300000  264263000  760000000  760000000
   0     2728   287239   908719    126321012157    126321920876        66217992   -2572946     251049     760000          0     5    1200000  264263000  760000000  760000000
   0     2728   295919   928289    126321920886    126322849175        67126721   -2741246     251049     760000          0     7    1200000  264263000  760000000  760000000
   0     2728   291048   629175    126322849185    126323478361        68055020   -2610431     251049     760000          0     6    1200000  264263000  760000000  760000000
   0     2728   296005   797520    126323478371    126324275891        68684207   -2647961     251049     760000          0     4    1200000  264263000  760000000  760000000
   0     2728   278142  1158212    126324275902    126325434113        69481737   -3046183     251049     760000          0     6    1200000  264263000  760000000  760000000
   0     2728   288641   780331    126325434124    126326214455        70639959   -3066525     251049     760000          0     6    1200000  264263000  760000000  760000000
   0     2728   291608   787420    126326214465    126327001884        71420300   -3093955     251049     760000          0     5    1200000  264263000  760000000  760000000
   0     2728   285718   825171    126327001894    126327827065        72207729   -3159135     251049     760000          0     4    1300000  264263000  760000000  760000000
   0     2728   300696   779948    126327827074    126328607023        73032909   -3179093     251049     760000          0     5    1200000  264263000  760000000  760000000
   0     2728   293952   910059    126328607033    126329517092        73812868   -3329162     251049     760000          0     5    1200000  264263000  760000000  760000000
   0     2728   287336   731663    126329517102    126330248765        74722937   -3300835     251049     760000          0     7    1200000  264263000  760000000  760000000
   0     2728   294331   755324    126330248774    126331004098        75454609   -3296168     251049     760000          0     7    1300000  264263000  760000000  760000000
   0     2728   286381   691115    126331004108    126331695223        76209943   -3227293     251049     760000          0     5    1200000  264263000  760000000  760000000
   0     2728   288603   956920    126331695233    126332652153        76901068   -3424223     251049     760000          0     5    1300000  264263000  760000000  760000000
   0     2728   295935   661927    126332652163    126333314090        77857998   -3326160     251049     760000          0     7    1200000  264263000  760000000  760000000
   0     2728   293438   731063    126333314144    126334045207        78519979   -3297277     251049     760000          0     4    1200000  264263000  760000000  760000000
   0     2728   274306   813546    126334045217    126334858763        79251052   -3350833     251049     760000          0     5    1200000  264263000  760000000  760000000
   0     2728   293466  1387045    126334858773    126336245818        80064608   -3977888     251049     760000          0     4    1300000  264263000  760000000  760000000
   0     2728   275961   620414    126336245827    126336866241        81451662   -3838311     251049     760000          0     4    1300000  264263000  760000000  760000000
   0     2728   290670   847842    126336866252    126337714094        82072087   -3926164     251049     760000          0     5    1200000  264263000  760000000  760000000
   0     2728   279235   734085    126337714104    126338448189        82919939   -3900259     251049     760000          0     6    1300000  264263000  760000000  760000000
   0     2728   288311   948009    126338448199    126339396207        83654034   -4088277     251049     760000          0     5    1200000  264263000  760000000  760000000
   0     2728   292497   593178    126339396217    126339989395        84602052   -3921465     251049     760000          0     4    1200000  264263000  760000000  760000000
   0     2728   280917   836492    126339989404    126340825896        85195239   -3997967     251049     760000          0     5    1300000  264263000  760000000  760000000
   0     2728   289085   854841    126340825907    126341680748        86031742   -4092818     251049     760000          0     4    1200000  264263000  760000000  760000000
   0     2728   289208   682091    126341680758    126342362848        86886593   -4014918     251049     760000          0     4    1300000  264263000  760000000  760000000
   0     2728   280265   766829    126342362859    126343129688        87568694   -4021758     251049     760000          0     4    1200000  264263000  760000000  760000000
   0     2728   290525   839339    126343129698    126343969037        88335533   -4101107     251049     760000          0     6    1300000  264263000  760000000  760000000
   0     2728   295927   712578    126343969047    126344681624        89174882   -4053695     251049     760000          0     4    1200000  264263000  760000000  760000000
   0     2728   265944   811398    126344681634    126345493033        89887469   -4105103     251049     760000          0     4    1200000  264263000  760000000  760000000
   0     2728   284526   833264    126345493042    126346326306        90698877   -4178376     251049     760000          0     6    1300000  264263000  760000000  760000000
   0     2728   295479  1248160    126346326315    126347574476        91532150   -4666546     251049     760000          0     5    1300000  264263000  760000000  760000000
