#idx     perf      run   period           start             end          rel_st      slack c_duration   c_period     wu_lat   cpu       freq dl_runtime  dl_period dl_deadline
   6      923    85835   286032    123766274033    123766560065         1520107     199299      84966     310000         57     6    1400000   89438000  310000000  310000000
   6      923    85830   309966    123766560074    123766870040         1806148     223247      84966     310000         33     6    1400000   89438000  310000000  310000000
   6      923    85860   310012    123766870049    123767180061         2116122     216576      84966     310000         54     6    1400000   89438000  310000000  310000000
   6      923    85882   309978    123767180070    123767490048         2426144     199157      84966     310000         41     6    1400000   89438000  310000000  310000000
   6      923    85836   309998    123767490057    123767800055         2736131     216755      84966     310000         48     6    1400000   89438000  310000000  310000000
   6      923    85853   309975    123767800064    123768110039         3046138     206049      84966     310000         32     6    1400000   89438000  310000000  310000000
   6      923    85836   310007    123768110048    123768420055         3356122     223126      84966     310000         48     6    1400000   89438000  310000000  310000000
   6      923    85872   309974    123768420064    123768730038         3666138     199245      84966     310000         31     6    1400000   89438000  310000000  310000000
   6      923    85853   310013    123768730047    123769040060         3976121     216648      84966     310000         53     6    1400000   89438000  310000000  310000000
   6      923    85860   329441    123769040069    123769369510         4286143     199378      84966     310000      19503     6    1400000   89438000  310000000  310000000
   6      923    85868   297754    123769369519    123769667273         4615592     179717      84966     310000       7266     6    1400000   89438000  310000000  310000000
   6      923    85847   302758    123769667282    123769970040         4913355     209398      84966     310000         33     6    1400000   89438000  310000000  310000000
   6      923    85871   310014    123769970049    123770280063         5216123     199181      84966     310000         56     6    1400000   89438000  310000000  310000000
   6      923    85861   316597    123770280072    123770596670         5526146     216562      84966     310000       6663     6    1400000   89438000  310000000  310000000
   6      923    85858   303384    123770596678    123770900062         5842752     199335      84966     310000         55     6    1400000   89438000  310000000  310000000
   6      923    85842   309985    123770900071    123771210056         6146145     223189      84966     310000         49     6    1400000   89438000  310000000  310000000
   6      923    85883   309981    123771210065    123771520046         6456139     199178      84966     310000         39     6    1400000   89438000  310000000  310000000
   6      923    85844   309984    123771520055    123771830039         6766128     216524      84966     310000         32     6    1400000   89438000  310000000  310000000
   6      923    85849   310016    123771830048    123772140064         7076122     199502      84966     310000         57     6    1400000   89438000  310000000  310000000
   6      923    85838   327179    123772140073    123772467252         7386147     223097      84966     310000      17246     6    1400000   89438000  310000000  310000000
   6      923    85862   295563    123772467261    123772762824         7713335     199325      84966     310000       2817     6    1400000   89438000  310000000  310000000
   6      923    85862   307210    123772762832    123773070042         8008906     196555      84966     310000         35     6    1400000   89438000  310000000  310000000
   6      923    85852   310011    123773070051    123773380062         8316125     216610      84966     310000         55     6    1400000   89438000  310000000  310000000
   6      923    85878   309928    123773380111    123773690039         8626185     199294      84966     310000         32     6    1400000   89438000  310000000  310000000
   6      923    85829   310020    123773690047    123774000067         8936121     223221      84966     310000         61     6    1400000   89438000  310000000  310000000
   6      923    85870   309972    123774000076    123774310049         9246150     199293      84966     310000         41     6    1400000   89438000  310000000  310000000
   6      923    85858   310004    123774310058    123774620062         9556131     216530      84966     310000         55     6    1400000   89438000  310000000  310000000
   6      923    85853   316589    123774620071    123774936660         9866145     199277      84966     310000       6653     6    1400000   89438000  310000000  310000000
   6      923    85831   303409    123774936669    123775240078        10182742     216764      84966     310000         71     6    1400000   89438000  310000000  310000000
   6      923    85861   309952    123775240087    123775550039        10486161     205929      84966     310000         32     6    1400000   89438000  310000000  310000000
   6      923    85852   317242    123775550048    123775867290        10796122     216515      84966     310000       7284     6    1400000   89438000  310000000  310000000
   6      923    85849   302758    123775867299    123776170057        11113372     209334      84966     310000         50     6    1400000   89438000  310000000  310000000
   6      923    85868   356699    123776170066    123776526765        11416140     199300      84966     310000      46758     6    1400000   89438000  310000000  310000000
   6      923    85859   263277    123776526774    123776790051        11772848     169863      84966     310000         44     6    1400000   89438000  310000000  310000000
   6      923    85867   309996    123776790060    123777100056        12036134     199341      84966     310000         49     6    1400000   89438000  310000000  310000000
   6      923    85858   309989    123777100065    123777410054        12346138     216497      84966     310000         47     6    1400000   89438000  310000000  310000000
   6      923    85866   310007    123777410063    123777720070        12656137     199285      84966     310000         63     6    1400000   89438000  310000000  310000000
   6      923    85860   309960    123777720079    123778030040        12966153     216498      84966     310000         33     6    1400000   89438000  310000000  310000000
   6      923    85849   310008    123778030049    123778340057        13276122     206080      84966     310000         50     6    1400000   89438000  310000000  310000000
   6      923    85835   327221    123778340066    123778667287        13586140     223293      84966     310000      17280     6    1400000   89438000  310000000  310000000
   6      923    85847   292759    123778667296    123778960055        13913369     199238      84966     310000         48     6    1400000   89438000  310000000  310000000
   6      923    85866   316604    123778960063    123779276668        14206137     199337      84966     310000       6661     6    1400000   89438000  310000000  310000000
   6      923    85831   303387    123779276676    123779580063        14522750     216545      84966     310000         56     6    1400000   89438000  310000000  310000000
   6      923    85857   339985    123779580072    123779920056        14826145     206026      84966     310000      30050     6    1400000   89438000  310000000  310000000
   6      923    85849   279993    123779920065    123780200058        15166139     186463      84966     310000         50     6    1400000   89438000  310000000  310000000
   6      923    85849   309987    123780200067    123780510054        15446141     199422      84966     310000         47     6    1400000   89438000  310000000  310000000
   6      923    85862   309998    123780510063    123780820061        15756137     216570      84966     310000         54     6    1400000   89438000  310000000  310000000
   6      923    85861   309934    123780820104    123781130038        16066177     205779      84966     310000         31     6    1400000   89438000  310000000  310000000
   6      923    85829   310030    123781130046    123781440077        16376120     223363      84966     310000         70     6    1400000   89438000  310000000  310000000
   6      923    85874   309955    123781440086    123781750041        16686160     199324      84966     310000         34     6    1400000   89438000  310000000  310000000
   6      923    85851   317191    123781750050    123782067241        16996123     216498      84966     310000       7234     6    1400000   89438000  310000000  310000000
   6      923    85850   302788    123782067250    123782370038        17313323     209376      84966     310000         31     6    1400000   89438000  310000000  310000000
   6      923    85849   310012    123782370047    123782680059        17616120     206051      84966     310000         52     6    1400000   89438000  310000000  310000000
   6      923    85828   309988    123782680068    123782990056        17926142     223195      84966     310000         49     6    1400000   89438000  310000000  310000000
   6      923    85867   330040    123782990065    123783320105        18236139     199197      84966     310000      20098     6    1400000   89438000  310000000  310000000
   6      923    85837   296578    123783320113    123783616691        18566187     196718      84966     310000       6684     6    1400000   89438000  310000000  310000000
   6      923    85867   303376    123783616700    123783920076        18862773     199326      84966     310000         69     6    1400000   89438000  310000000  310000000
   6      923    85842   309957    123783920085    123784230041        19166158     223211      84966     310000         34     6    1400000   89438000  310000000  310000000
   6      923    85863   310016    123784230050    123784540066        19476124     199300      84966     310000         59     6    1400000   89438000  310000000  310000000
   6      923    85853   327227    123784540075    123784867302        19786149     216604      84966     310000      17296     6    1400000   89438000  310000000  310000000
   6      923    85865   292745    123784867311    123785160056        20113385     199288      84966     310000         50     6    1400000   89438000  310000000  310000000
   6      923    85836   309979    123785160065    123785470044        20406139     223140      84966     310000         37     6    1400000   89438000  310000000  310000000
   6      923    85841   310005    123785470056    123785780061        20716129     223157      84966     310000         54     6    1400000   89438000  310000000  310000000
   6      923    85859   309983    123785780070    123786090053        21026143     199254      84966     310000         45     6    1400000   89438000  310000000  310000000
   6      923    85862   309996    123786090062    123786400058        21336136     216569      84966     310000         51     6    1400000   89438000  310000000  310000000
   6      923    85865   326707    123786400067    123786726775        21646141     199418      84966     310000      16768     6    1400000   89438000  310000000  310000000
   6      923    85844   316067    123786726783    123787042850        21972857     206493      84966     310000      22843     6    1400000   89438000  310000000  310000000
   6      923    85869   287205    123787042859    123787330064        22288933     176379      84966     310000         57     6    1400000   89438000  310000000  310000000
   6      923    85849   309996    123787330073    123787640069        22576147     216538      84966     310000         62     6    1400000   89438000  310000000  310000000
   6      923    85869   316617    123787640078    123787956695        22886152     199323      84966     310000       6689     6    1400000   89438000  310000000  310000000
   6      923    85833   310594    123787956736    123788267331        23202810     216436      84966     310000       7324     6    1400000   89438000  310000000  310000000
   6      923    85839   302721    123788267339    123788570060        23513413     215821      84966     310000         53     6    1400000   89438000  310000000  310000000
   6      923    85861   309998    123788570069    123788880067        23816143     199406      84966     310000         60     6    1400000   89438000  310000000  310000000
   6      923    85863   309983    123788880076    123789190059        24126150     216507      84966     310000         52     6    1400000   89438000  310000000  310000000
   6      923    85877   309985    123789190069    123789500053        24436142     199255      84966     310000         46     6    1400000   89438000  310000000  310000000
   6      923    85817   309980    123789500062    123789810042        24746136     223443      84966     310000         35     6    1400000   89438000  310000000  310000000
   6      923    85879   316655    123789810051    123790126705        25056124     199259      84966     310000       6699     6    1400000   89438000  310000000  310000000
   6      923    85878   316084    123790126714    123790442798        25372788     209782      84966     310000      12791     6    1400000   89438000  310000000  310000000
   6      923    85877   297254    123790442807    123790740061        25688881     186565      84966     310000         54     6    1400000   89438000  310000000  310000000
   6      923    85852   327247    123790740070    123791067316        25986143     216562      84966     310000      17310     6    1400000   89438000  310000000  310000000
   6      923    85835   292737    123791067325    123791360063        26313399     205820      84966     310000         56     6    1400000   89438000  310000000  310000000
   6      923    85833   309967    123791360072    123791670038        26606145     223125      84966     310000         32     6    1400000   89438000  310000000  310000000
   6      923    85849   310021    123791670047    123791980068        26916121     216650      84966     310000         61     6    1400000   89438000  310000000  310000000
   6      923    85882   316589    123791980078    123792296667        27226151     199215      84966     310000       6660     6    1400000   89438000  310000000  310000000
   6      923    85841   303383    123792296675    123792600058        27542749     216641      84966     310000         50     6    1400000   89438000  310000000  310000000
   6      923    85852   309972    123792600067    123792910039        27846141     206019      84966     310000         32     6    1400000   89438000  310000000  310000000
   6      923    85852   310027    123792910048    123793220075        28156122     216691      84966     310000         68     6    1400000   89438000  310000000  310000000
   6      923    85876   310001    123793220085    123793530086        28466158     199314      84966     310000         78     6    1400000   89438000  310000000  310000000
   6      923    85863   319409    123793530095    123793849504        28776169     216558      84966     310000       9498     6    1400000   89438000  310000000  310000000
   6      923    85865   300527    123793849513    123794150039        29095587     196271      84966     310000         32     6    1400000   89438000  310000000  310000000
   6      923    85843   317304    123794150049    123794467352        29396122     223213      84966     310000       7345     6    1400000   89438000  310000000  310000000
   6      923    85862   302688    123794467361    123794770049        29713435     209269      84966     310000         42     6    1400000   89438000  310000000  310000000
   6      923    85882   310005    123794770058    123795080064        30016132     199251      84966     310000         57     6    1400000   89438000  310000000  310000000
   6      923    85859   309966    123795080072    123795390039        30326146     216572      84966     310000         32     6    1400000   89438000  310000000  310000000
   6      923    85860   309988    123795390081    123795700070        30636155     205932      84966     310000         62     6    1400000   89438000  310000000  310000000
   6      923    85843   309962    123795700079    123796010040        30946152     223203      84966     310000         34     6    1400000   89438000  310000000  310000000
   6      923    85862   310017    123796010049    123796320066        31256123     199449      84966     310000         59     6    1400000   89438000  310000000  310000000
   6      923    85856   316641    123796320075    123796636716        31566149     216605      84966     310000       6709     6    1400000   89438000  310000000  310000000
   6      923    85859   303323    123796636726    123796940048        31882799     199309      84966     310000         41     6    1400000   89438000  310000000  310000000
   6      923    85835   327191    123796940057    123797267248        32186131     223326      84966     310000      17241     6    1400000   89438000  310000000  310000000
   6      923    85862   315611    123797267257    123797582867        32513330     199301      84966     310000      22861     6    1400000   89438000  310000000  310000000
   6      923    85876   287185    123797582876    123797870061        32828950     176520      84966     310000         54     6    1400000   89438000  310000000  310000000
   6      923    85841   309992    123797870070    123798180062        33116144     216673      84966     310000         56     6    1400000   89438000  310000000  310000000
   6      923    85853   309969    123798180071    123798490041        33426145     205870      84966     310000         34     6    1400000   89438000  310000000  310000000
   6      923    85844   310009    123798490049    123798800059        33736123     223060      84966     310000         52     6    1400000   89438000  310000000  310000000
   6      923    85869   309972    123798800068    123799110040        34046141     199164      84966     310000         33     6    1400000   89438000  310000000  310000000
   6      923    85848   310013    123799110048    123799420062        34356122     216611      84966     310000         55     6    1400000   89438000  310000000  310000000
   6      923    85879   309973    123799420071    123799730043        34666144     199282      84966     310000         36     6    1400000   89438000  310000000  310000000
   6      923    85849   310006    123799730052    123800040059        34976126     223232      84966     310000         52     6    1400000   89438000  310000000  310000000
   6      923    85859   309994    123800040068    123800350061        35286141     199414      84966     310000         54     6    1400000   89438000  310000000  310000000
   6      923    85854   317238    123800350071    123800667309        35596144     216527      84966     310000       7302     6    1400000   89438000  310000000  310000000
   6      923    85856   322144    123800667318    123800989462        35913391     209338      84966     310000      19455     6    1400000   89438000  310000000  310000000
   6      923    85851   290597    123800989470    123801280067        36235544     186467      84966     310000         60     6    1400000   89438000  310000000  310000000
   6      923    85823   309985    123801280076    123801590061        36526150     223332      84966     310000         54     6    1400000   89438000  310000000  310000000
   6      923    85884   309988    123801590070    123801900058        36836144     199227      84966     310000         51     6    1400000   89438000  310000000  310000000
   6      923    85863   309971    123801900067    123802210038        37146141     216530      84966     310000         31     6    1400000   89438000  310000000  310000000
   6      923    85857   310018    123802210047    123802520065        37456121     199411      84966     310000         58     6    1400000   89438000  310000000  310000000
   6      923    85845   309928    123802520112    123802830040        37766186     223201      84966     310000         33     6    1400000   89438000  310000000  310000000
   6      923    85884   310003    123802830049    123803140053        38076123     199257      84966     310000         46     6    1400000   89438000  310000000  310000000
   6      923    85843   327260    123803140061    123803467321        38386135     216673      84966     310000      17314     6    1400000   89438000  310000000  310000000
   6      923    85852   292736    123803467330    123803760066        38713404     199284      84966     310000         59     6    1400000   89438000  310000000  310000000
   6      923    85865   313865    123803760075    123804073940        39006148     199185      84966     310000       3933     6    1400000   89438000  310000000  310000000
   6      923    85843   315507    123804073948    123804389456        39320022     219332      84966     310000       9449     6    1400000   89438000  310000000  310000000
   6      923    85871   300575    123804389464    123804690039        39635538     190009      84966     310000         32     6    1400000   89438000  310000000  310000000
   6      923    85868   310018    123804690047    123805000066        39936121     216513      84966     310000         59     6    1400000   89438000  310000000  310000000
   6      923    85875   316605    123805000075    123805316679        40246148     199306      84966     310000       6673     6    1400000   89438000  310000000  310000000
   6      923    85837   303374    123805316688    123805620062        40562762     216578      84966     310000         55     6    1400000   89438000  310000000  310000000
   6      923    85862   309987    123805620070    123805930058        40866144     205939      84966     310000         50     6    1400000   89438000  310000000  310000000
   6      923    85858   310001    123805930067    123806240068        41176140     216564      84966     310000         61     6    1400000   89438000  310000000  310000000
   6      923    85879   309963    123806240077    123806550040        41486151     199295      84966     310000         33     6    1400000   89438000  310000000  310000000
   6      923    85856   323845    123806550049    123806873894        41796122     216586      84966     310000      13887     6    1400000   89438000  310000000  310000000
   6      923    85854   296158    123806873903    123807170061        42119976     209314      84966     310000         50     6    1400000   89438000  310000000  310000000
   6      923    85872   309992    123807170072    123807480064        42416146     199136      84966     310000         56     6    1400000   89438000  310000000  310000000
   6      923    85842   309965    123807480073    123807790038        42726147     216605      84966     310000         31     6    1400000   89438000  310000000  310000000
   6      923    85887   339430    123807790047    123808129477        43036121     199147      84966     310000      29470     6    1400000   89438000  310000000  310000000
   6      923    85842   280556    123808129485    123808410041        43375559     193803      84966     310000         34     6    1400000   89438000  310000000  310000000
   6      923    85868   310029    123808410050    123808720079        43656123     205849      84966     310000         72     6    1400000   89438000  310000000  310000000
   6      923    85838   309953    123808720088    123809030041        43966161     223200      84966     310000         34     6    1400000   89438000  310000000  310000000
   6      923    85892   309998    123809030050    123809340048        44276124     199245      84966     310000         41     6    1400000   89438000  310000000  310000000
   6      923    85849   333816    123809340057    123809673873        44586131     216523      84966     310000      23866     6    1400000   89438000  310000000  310000000
   6      923    85824   286175    123809673881    123809960056        44919955     199558      84966     310000         49     6    1400000   89438000  310000000  310000000
   6      923    85841   309942    123809960095    123810270038        45206169     223212      84966     310000         31     6    1400000   89438000  310000000  310000000
   6      923    85845   310009    123810270047    123810580056        45516121     216475      84966     310000         49     6    1400000   89438000  310000000  310000000
   6      923    85857   309978    123810580065    123810890043        45826139     199481      84966     310000         35     6    1400000   89438000  310000000  310000000
   6      923    85847   310013    123810890052    123811200065        46136126     216541      84966     310000         58     6    1400000   89438000  310000000  310000000
   6      923    85853   329317    123811200074    123811529391        46446148     205818      84966     310000      19384     6    1400000   89438000  310000000  310000000
   6      923    85846   290657    123811529399    123811820057        46775473     197234      84966     310000         50     6    1400000   89438000  310000000  310000000
   6      923    85868   309979    123811820065    123812130045        47066139     199382      84966     310000         38     6    1400000   89438000  310000000  310000000
   6      923    85862   310008    123812130054    123812440061        47376127     216509      84966     310000         54     6    1400000   89438000  310000000  310000000
   6      923    85868   309968    123812440071    123812750039        47686144     199303      84966     310000         32     6    1400000   89438000  310000000  310000000
   6      923    85832   317236    123812750048    123813067284        47996122     223355      84966     310000       7277     6    1400000   89438000  310000000  310000000
   6      923    85858   302767    123813067292    123813370059        48313366     209272      84966     310000         52     6    1400000   89438000  310000000  310000000
   6      923    85877   309998    123813370068    123813680066        48616142     199270      84966     310000         59     6    1400000   89438000  310000000  310000000
   6      923    85842   316641    123813680075    123813996715        48926148     216721      84966     310000       6709     6    1400000   89438000  310000000  310000000
   6      923    85853   303336    123813996724    123814300060        49242798     199427      84966     310000         53     6    1400000   89438000  310000000  310000000
   6      923    85829   309979    123814300069    123814610048        49546143     223186      84966     310000         41     6    1400000   89438000  310000000  310000000
   6      923    85868   312828    123814610057    123814922884        49856130     199264      84966     310000       2877     6    1400000   89438000  310000000  310000000
   6      923    85849   307149    123814922893    123815230042        50168967     213690      84966     310000         34     6    1400000   89438000  310000000  310000000
   6      923    85863   310016    123815230051    123815540067        50476124     199383      84966     310000         60     6    1400000   89438000  310000000  310000000
   6      923    85827   327231    123815540076    123815867307        50786150     223148      84966     310000      17300     6    1400000   89438000  310000000  310000000
   6      923    85849   292753    123815867317    123816160070        51113390     199400      84966     310000         63     6    1400000   89438000  310000000  310000000
   6      923    85879   309961    123816160079    123816470040        51406153     199248      84966     310000         33     6    1400000   89438000  310000000  310000000
   6      923    85851   309996    123816470048    123816780045        51716122     216510      84966     310000         38     6    1400000   89438000  310000000  310000000
   6      923    85865   309985    123816780054    123817090039        52026128     199282      84966     310000         32     6    1400000   89438000  310000000  310000000
   6      923    85839   309986    123817090080    123817400066        52336154     223193      84966     310000         59     6    1400000   89438000  310000000  310000000
   6      923    85869   309973    123817400075    123817710048        52646148     199198      84966     310000         41     6    1400000   89438000  310000000  310000000
   6      923    85851   309999    123817710056    123818020055        52956130     216535      84966     310000         48     6    1400000   89438000  310000000  310000000
   6      923    85855   316624    123818020064    123818336688        53266138     199364      84966     310000       6681     6    1400000   89438000  310000000  310000000
   6      923    85835   303362    123818336697    123818640059        53582770     216550      84966     310000         52     6    1400000   89438000  310000000  310000000
   6      923    85852   309991    123818640068    123818950059        53886142     205865      84966     310000         52     6    1400000   89438000  310000000  310000000
   6      923    85843   317215    123818950069    123819267284        54196142     216721      84966     310000       7277     6    1400000   89438000  310000000  310000000
   6      923    85856   302746    123819267293    123819570039        54513367     209300      84966     310000         32     6    1400000   89438000  310000000  310000000
   6      923    85881   310012    123819570048    123819880061        54816122     199289      84966     310000         54     6    1400000   89438000  310000000  310000000
   6      923    85835   309980    123819880069    123820190049        55126143     223165      84966     310000         42     6    1400000   89438000  310000000  310000000
   6      923    85877   310018    123820190058    123820500076        55436132     199250      84966     310000         69     6    1400000   89438000  310000000  310000000
   6      923    85860   309998    123820500085    123820810083        55746159     216560      84966     310000         72     6    1400000   89438000  310000000  310000000
   6      923    85868   309964    123820810093    123821120057        56056167     199284      84966     310000         49     6    1400000   89438000  310000000  310000000
   6      923    85840   309974    123821120066    123821430040        56366140     216791      84966     310000         33     6    1400000   89438000  310000000  310000000
   6      923    85866   310014    123821430049    123821740063        56676123     205886      84966     310000         56     6    1400000   89438000  310000000  310000000
   6      923    85830   340037    123821740072    123822080109        56986145     223139      84966     310000      30101     6    1400000   89438000  310000000  310000000
   6      923    85846   279938    123822080118    123822360056        57326192     186517      84966     310000         49     6    1400000   89438000  310000000  310000000
   6      923    85872   316628    123822360065    123822676693        57606139     199345      84966     310000       6686     6    1400000   89438000  310000000  310000000
   6      923    85839   303347    123822676702    123822980049        57922775     216596      84966     310000         42     6    1400000   89438000  310000000  310000000
   6      923    85853   309996    123822980058    123823290054        58226132     205926      84966     310000         47     6    1400000   89438000  310000000  310000000
   6      923    85864   309999    123823290064    123823600063        58536137     216602      84966     310000         56     6    1400000   89438000  310000000  310000000
   6      923    85855   309967    123823600072    123823910039        58846145     199193      84966     310000         32     6    1400000   89438000  310000000  310000000
   6      923    85853   310015    123823910047    123824220062        59156121     216614      84966     310000         55     6    1400000   89438000  310000000  310000000
   6      923    85836   309966    123824220072    123824530038        59466145     206197      84966     310000         31     6    1400000   89438000  310000000  310000000
   6      923    85843   309995    123824530080    123824840075        59776153     223202      84966     310000         68     6    1400000   89438000  310000000  310000000
   6      923    85875   309969    123824840084    123825150053        60086158     199326      84966     310000         46     6    1400000   89438000  310000000  310000000
   6      923    85848   336703    123825150062    123825486766        60396136     216601      84966     310000      26759     6    1400000   89438000  310000000  310000000
