#idx     perf      run   period           start             end          rel_st      slack c_duration   c_period     wu_lat   cpu       freq dl_runtime  dl_period dl_deadline
   1     1497   139187   379964     43288427050     43288807014         1780516     239172     137792     380000         45     5    1400000  145045000  380000000  380000000
   1     1497   139211   379987     43288807024     43289187011         2160490     239341     137792     380000         42     6    1400000  145045000  380000000  380000000
   1     1497   139213   379996     43289187021     43289567017         2540487     239346     137792     380000         47     6    1400000  145045000  380000000  380000000
   1     1497   139215   379997     43289567026     43289947023         2920492     239336     137792     380000         55     6    1400000  145045000  380000000  380000000
   1     1497   139183   379978     43289947032     43290327011         3300499     239302     137792     380000         42     7    1400000  145045000  380000000  380000000
   1     1497   139198   379991     43290327020     43290707010         3680486     239482     137792     380000         42     7    1400000  145045000  380000000  380000000
   1     1497   139213   410090     43290707019     43291117109         4060486     159450     137792     380000      30140     7    1400000  145045000  380000000  380000000
   1     1497   139198   349891     43291117119     43291467010         4470586     209398     137792     380000         42     7    1400000  145045000  380000000  380000000
   1     1497   139202   379998     43291467019     43291847018         4820486     239499     137792     380000         49     7    1400000  145045000  380000000  380000000
   1     1497   139230   596597     43291847027     43292443624         5200494     239330     137792     380000     216655     7    1400000  145045000  380000000  380000000
   1     1497   139210   163381     43292443633     43292607014         5797099      22775     137792     380000         44     6    1400000  145045000  380000000  380000000
   1     1497   139202   379997     43292607022     43292987020         5960489     239370     137792     380000         51     6    1400000  145045000  380000000  380000000
   1     1497   139219   597222     43292987029     43293584250         6340495     239302     137792     380000     217282     7    1400000  145045000  380000000  380000000
   1     1497   139195   162742     43293584260     43293747001         6937726      21955     137792     380000         33     6    1400000  145045000  380000000  380000000
   1     1497   139184   436376     43293747010     43294183386         7100477     239318     137792     380000      56418     6    1400000  145045000  380000000  380000000
   1     1497   139981   323613     43294183395     43294507008         7536862     181989     137792     380000         40     6    1400000  145045000  380000000  380000000
   1     1497   139222   379992     43294507017     43294887009         7860484     159397     137792     380000         41     7    1400000  145045000  380000000  380000000
   1     1497   139188   379993     43294887018     43295267011         8240485     239375     137792     380000         43     6    1400000  145045000  380000000  380000000
   1     1497   139199   380004     43295267020     43295647024         8620487     239512     137792     380000         55     7    1400000  145045000  380000000  380000000
   1     1497   139840   569662     43295647033     43296216695         9000500     158724     137792     380000     189726     5    1400000  145045000  380000000  380000000
   1     1497   139207   190313     43296216704     43296407016         9570171      49649     137792     380000         48     6    1400000  145045000  380000000  380000000
   1     1497   139208   379995     43296407025     43296787021         9760492     239358     137792     380000         52     6    1400000  145045000  380000000  380000000
   1     1497   139219   379979     43296787030     43297167009        10140496     159335     137792     380000         40     5    1400000  145045000  380000000  380000000
   1     1497   139206   379958     43297167057     43297547016        10520524     239413     137792     380000         47     6    1400000  145045000  380000000  380000000
   1     1497   139201   379979     43297547025     43297927004        10900491     239474     137792     380000         35     5    1400000  145045000  380000000  380000000
   1     1497   139238   379992     43297927012     43298307004        11280479      29544     137792     380000         36     5    1400000  145045000  380000000  380000000
   1     1497   139189   379991     43298307013     43298687004        11660480     239559     137792     380000         36     7    1400000  145045000  380000000  380000000
   1     1497   139207   379999     43298687013     43299067012        12040480     239391     137792     380000         44     6    1400000  145045000  380000000  380000000
   1     1497   139220   517048     43299067022     43299584070        12420488     239364     137792     380000     137101     6    1400000  145045000  380000000  380000000
   1     1497   139178   242934     43299584079     43299827013        12937545     102349     137792     380000         44     7    1400000  145045000  380000000  380000000
   1     1497   139204   379983     43299827022     43300207005        13180489     239415     137792     380000         37     6    1400000  145045000  380000000  380000000
   1     1497   139210   379993     43300207014     43300587007        13560481     239417     137792     380000         39     6    1400000  145045000  380000000  380000000
   1     1497   139227   390121     43300587016     43300977137        13940482     159373     137792     380000      10169     7    1400000  145045000  380000000  380000000
   1     1497   139186   369864     43300977146     43301347010        14330612     229424     137792     380000         42     7    1400000  145045000  380000000  380000000
   1     1497   139197   380002     43301347019     43301727021        14700485     239488     137792     380000         52     7    1400000  145045000  380000000  380000000
   1     1497   139242   410203     43301727030     43302137233        15080496     159221     137792     380000      30265     6    1400000  145045000  380000000  380000000
   1     1497   139215   349770     43302137242     43302487012        15490709     209163     137792     380000         44     6    1400000  145045000  380000000  380000000
   1     1497   139211   379979     43302487021     43302867001        15840488     239440     137792     380000         32     6    1400000  145045000  380000000  380000000
   1     1497   139208   379997     43302867010     43303247007        16220476     239460     137792     380000         39     6    1400000  145045000  380000000  380000000
   1     1497   139183   380018     43303247016     43303627034        16600483     239344     137792     380000         65     7    1400000  145045000  380000000  380000000
   1     1497   139215   379968     43303627043     43304007011        16980510     239371     137792     380000         42     6    1400000  145045000  380000000  380000000
   1     1497   139224   596288     43304007020     43304603308        17360487     239377     137792     380000     216339     6    1400000  145045000  380000000  380000000
   1     1497   139210   163697     43304603317     43304767014        17956783      23138     137792     380000         45     4    1400000  145045000  380000000  380000000
   1     1497   139206   433143     43304767022     43305200165        18120489     239427     137792     380000      53197     4    1400000  145045000  380000000  380000000
   1     1497   139204   326835     43305200174     43305527009        18553641     186307     137792     380000         41     4    1400000  145045000  380000000  380000000
   1     1497   140021   517046     43305527018     43306044064        18880485     158512     137792     380000     137096     7    1400000  145045000  380000000  380000000
   1     1497   139181   242927     43306044074     43306287001        19397541     102298     137792     380000         33     5    1400000  145045000  380000000  380000000
   1     1497   139189   379972     43306287047     43306667019        19640513     239344     137792     380000         50     5    1400000  145045000  380000000  380000000
   1     1497   139216   379982     43306667027     43307047010        20020494     159362     137792     380000         41     5    1400000  145045000  380000000  380000000
   1     1497   139192   519995     43307047018     43307567014        20400485     239585     137792     380000     140045     4    1400000  145045000  380000000  380000000
   1     1497   139193   239986     43307567023     43307807009        20920490      99529     137792     380000         41     7    1400000  145045000  380000000  380000000
   1     1497   139217   379990     43307807018     43308187008        21160485     159388     137792     380000         40     7    1400000  145045000  380000000  380000000
   1     1497   139175   379989     43308187017     43308567006        21540483     239534     137792     380000         37     4    1400000  145045000  380000000  380000000
   1     1497   139190   379987     43308567014     43308947001        21920481     239487     137792     380000         33     7    1400000  145045000  380000000  380000000
   1     1497   139230   379990     43308947010     43309327001        22300477      49711     137792     380000         32     7    1400000  145045000  380000000  380000000
   1     1497   139189   379997     43309327009     43309707006        22680476     239573     137792     380000         38     5    1400000  145045000  380000000  380000000
   1     1497   139196   379986     43309707015     43310087001        23060481     239523     137792     380000         33     7    1400000  145045000  380000000  380000000
   1     1497   139207   380016     43310087010     43310467026        23440476     239397     137792     380000         57     7    1400000  145045000  380000000  380000000
   1     1497   139202   379970     43310467035     43310847005        23820502     239447     137792     380000         37     5    1400000  145045000  380000000  380000000
   1     1497   139197   380015     43310847014     43311227030        24200481     239489     137792     380000         61     7    1400000  145045000  380000000  380000000
   1     1497   139200   379975     43311227039     43311607014        24580506     239439     137792     380000         45     7    1400000  145045000  380000000  380000000
   1     1497   139824   379991     43311607025     43311987016        24960491      48391     137792     380000         48     7    1400000  145045000  380000000  380000000
   1     1497   139202   379987     43311987025     43312367012        25340492     239550     137792     380000         44     4    1400000  145045000  380000000  380000000
   1     1497   139199   379998     43312367021     43312747019        25720488     239503     137792     380000         50     4    1400000  145045000  380000000  380000000
   1     1497   139207   575974     43312747028     43313323002        26100495     239471     137792     380000     196032     4    1400000  145045000  380000000  380000000
   1     1497   139210   184006     43313323012     43313507018        26676478      43402     137792     380000         49     4    1400000  145045000  380000000  380000000
   1     1497   139197   379994     43313507027     43313887021        26860494     239544     137792     380000         52     4    1400000  145045000  380000000  380000000
   1     1497   139206   430060     43313887030     43314317090        27240496     159375     137792     380000      50121     7    1400000  145045000  380000000  380000000
   1     1497   139193   329919     43314317098     43314647018        27670565     189452     137792     380000         49     7    1400000  145045000  380000000  380000000
   1     1497   139198   379981     43314647027     43315027008        28000493     239477     137792     380000         39     7    1400000  145045000  380000000  380000000
   1     1497   139213   596324     43315027071     43315623394        28380537     239366     137792     380000     216426     7    1400000  145045000  380000000  380000000
   1     1497   139193   163615     43315623403     43315787018        28976870      22897     137792     380000         50     4    1400000  145045000  380000000  380000000
   1     1497   139186   379996     43315787027     43316167023        29140493     239352     137792     380000         54     4    1400000  145045000  380000000  380000000
   1     1497   139204   379969     43316167032     43316547001        29520498     239419     137792     380000         32     7    1400000  145045000  380000000  380000000
   1     1497   139212   380109     43316547009     43316927119        29900476     159443     137792     380000        150     7    1400000  145045000  380000000  380000000
   1     1497   139196   379884     43316927127     43317307011        30280594     239372     137792     380000         42     7    1400000  145045000  380000000  380000000
   1     1497   139198   379983     43317307020     43317687003        30660487     239477     137792     380000         35     7    1400000  145045000  380000000  380000000
   1     1497   139221   386276     43317687012     43318073288        31040479      -6321     137792     380000          0     7    1400000  145045000  380000000  380000000
   1     1497   139190   373719     43318073297     43318447016        31426764     233271     137792     380000         48     7    1400000  145045000  380000000  380000000
   1     1497   139212   380004     43318447026     43318827029        31800492     239454     137792     380000         60     4    1400000  145045000  380000000  380000000
   1     1497   139205   379970     43318827038     43319207008        32180505     239433     137792     380000         40     4    1400000  145045000  380000000  380000000
   1     1497   139197   380004     43319207017     43319587021        32560484     239504     137792     380000         53     7    1400000  145045000  380000000  380000000
   1     1497   139205   379986     43319587030     43319967016        32940497     239479     137792     380000         47     4    1400000  145045000  380000000  380000000
   1     1497   139219   379980     43319967026     43320347007        33320493     239425     137792     380000         38     4    1400000  145045000  380000000  380000000
   1     1497   139202   380007     43320347015     43320727022        33700482     239515     137792     380000         54     7    1400000  145045000  380000000  380000000
   1     1497   139204   379970     43320727032     43321107002        34080498     239474     137792     380000         34     4    1400000  145045000  380000000  380000000
   1     1497   139215   380019     43321107011     43321487029        34460477     239483     137792     380000         61     4    1400000  145045000  380000000  380000000
   1     1497   139202   379971     43321487039     43321867009        34840505     239454     137792     380000         41     7    1400000  145045000  380000000  380000000
   1     1497   139196   380000     43321867018     43322247018        35220485     239523     137792     380000         50     4    1400000  145045000  380000000  380000000
   1     1497   139201   379993     43322247027     43322627020        35600493     239459     137792     380000         51     4    1400000  145045000  380000000  380000000
   1     1497   139195   555885     43322627029     43323182914        35980496     239321     137792     380000     175946     4    1400000  145045000  380000000  380000000
   1     1497   140028   204089     43323182923     43323387012        36536390      62255     137792     380000         44     4    1400000  145045000  380000000  380000000
   1     1497   139201   379995     43323387021     43323767016        36740487     239494     137792     380000         48     4    1400000  145045000  380000000  380000000
   1     1497   139199   410159     43323767026     43324177184        37120492     159231     137792     380000      30216     4    1400000  145045000  380000000  380000000
   1     1497   139195   349773     43324177230     43324527003        37530696     209326     137792     380000         35     4    1400000  145045000  380000000  380000000
   1     1497   139200   379999     43324527012     43324907010        37880478     239476     137792     380000         42     4    1400000  145045000  380000000  380000000
   1     1497   139211   596104     43324907019     43325503123        38260486     239450     137792     380000     216155     4    1400000  145045000  380000000  380000000
   1     1497   139203   163882     43325503132     43325667014        38856599      23339     137792     380000         44     7    1400000  145045000  380000000  380000000
   1     1497   139176   379979     43325667023     43326047002        39020489     239342     137792     380000         34     7    1400000  145045000  380000000  380000000
   1     1497   139211   596596     43326047011     43326643606        39400477     239414     137792     380000     216638     7    1400000  145045000  380000000  380000000
   1     1497   139193   163398     43326643615     43326807013        39997081      22671     137792     380000         45     5    1400000  145045000  380000000  380000000
   1     1497   139184   379988     43326807022     43327187010        40160488     239325     137792     380000         41     5    1400000  145045000  380000000  380000000
   1     1497   139196   379991     43327187018     43327567009        40540485     239461     137792     380000         41     5    1400000  145045000  380000000  380000000
   1     1497   139210   386573     43327567018     43327953591        40920485      -6624     137792     380000          0     7    1400000  145045000  380000000  380000000
   1     1497   139176   373415     43327953600     43328327015        41307067     232782     137792     380000         47     7    1400000  145045000  380000000  380000000
   1     1497   139204   379978     43328327024     43328707002        41680491     239407     137792     380000         34     4    1400000  145045000  380000000  380000000
   1     1497   139238   380011     43328707011     43329087021        42060477     159351     137792     380000         53     4    1400000  145045000  380000000  380000000
   1     1497   139193   379990     43329087030     43329467020        42440497     239467     137792     380000         52     7    1400000  145045000  380000000  380000000
   1     1497   139207   379994     43329467030     43329847023        42820496     239442     137792     380000         55     4    1400000  145045000  380000000  380000000
   1     1497   139198   379991     43329847032     43330227023        43200499      59498     137792     380000         54     7    1400000  145045000  380000000  380000000
   1     1497   139183   379990     43330227032     43330607022        43580498     239388     137792     380000         53     7    1400000  145045000  380000000  380000000
   1     1497   139204   379972     43330607031     43330987003        43960497     239459     137792     380000         35     5    1400000  145045000  380000000  380000000
   1     1497   139217   379996     43330987012     43331367008        44340479     159332     137792     380000         40     5    1400000  145045000  380000000  380000000
   1     1497   139188   379996     43331367017     43331747013        44720484     239470     137792     380000         45     7    1400000  145045000  380000000  380000000
   1     1497   139199   379989     43331747022     43332127010        45100488     239478     137792     380000         42     5    1400000  145045000  380000000  380000000
   1     1497   139225   380000     43332127019     43332507019        45480486     239331     137792     380000         51     5    1400000  145045000  380000000  380000000
   1     1497   139211   379980     43332507028     43332887008        45860494     239491     137792     380000         39     4    1400000  145045000  380000000  380000000
   1     1497   139202   379966     43332887052     43333267018        46240518     239453     137792     380000         50     5    1400000  145045000  380000000  380000000
   1     1497   139206   379988     43333267027     43333647015        46620494     239434     137792     380000         46     5    1400000  145045000  380000000  380000000
   1     1497   139208   390162     43333647024     43334037185        47000490     239467     137792     380000      10217     5    1400000  145045000  380000000  380000000
   1     1497   139204   369816     43334037194     43334407010        47390661     229311     137792     380000         42     5    1400000  145045000  380000000  380000000
   1     1497   139200   379995     43334407019     43334787014        47760486     239433     137792     380000         45     5    1400000  145045000  380000000  380000000
   1     1497   139202   602271     43334787023     43335389294        48140490     239455     137792     380000     222326     5    1400000  145045000  380000000  380000000
   1     1497   139187   157709     43335389304     43335547013        48742770      17016     137792     380000         44     5    1400000  145045000  380000000  380000000
   1     1497   139970   379994     43335547022     43335927015        48900488     238630     137792     380000         47     5    1400000  145045000  380000000  380000000
   1     1497   139211   596310     43335927024     43336523334        49280491     239419     137792     380000     216366     7    1400000  145045000  380000000  380000000
   1     1497   139198   163670     43336523343     43336687013        49876810      23159     137792     380000         44     4    1400000  145045000  380000000  380000000
   1     1497   139203   379985     43336687023     43337067009        50040490     239460     137792     380000         40     4    1400000  145045000  380000000  380000000
   1     1497   139222   380001     43337067018     43337447019        50420484     239310     137792     380000         51     7    1400000  145045000  380000000  380000000
   1     1497   139208   379983     43337447028     43337827011        50800495     239374     137792     380000         42     6    1400000  145045000  380000000  380000000
   1     1497   139213   379981     43337827021     43338207002        51180488      49485     137792     380000         34     6    1400000  145045000  380000000  380000000
   1     1497   139233   379993     43338207011     43338587004        51560478      49298     137792     380000         36     6    1400000  145045000  380000000  380000000
   1     1497   139224   379998     43338587013     43338967011        51940480     159236     137792     380000         42     6    1400000  145045000  380000000  380000000
   1     1497   139192   379993     43338967020     43339347013        52320487     239512     137792     380000         45     4    1400000  145045000  380000000  380000000
   1     1497   139201   380000     43339347023     43339727023        52700489     239425     137792     380000         55     4    1400000  145045000  380000000  380000000
   1     1497   139225   379979     43339727032     43340107011        53080499     159162     137792     380000         42     6    1400000  145045000  380000000  380000000
   1     1497   139193   379990     43340107020     43340487009        53460486     239564     137792     380000         41     5    1400000  145045000  380000000  380000000
   1     1497   139779   529858     43340487018     43341016876        53840485      48902     137792     380000     149907     6    1400000  145045000  380000000  380000000
   1     1497   139225   270265     43341016884     43341287150        54370351      89542     137792     380000      40181     6    1400000  145045000  380000000  380000000
   1     1497   139202   339872     43341287159     43341627031        54640625     199341     137792     380000         62     4    1400000  145045000  380000000  380000000
   1     1497   139203   379978     43341627040     43342007018        54980506     239437     137792     380000         49     4    1400000  145045000  380000000  380000000
   1     1497   139225   440083     43342007066     43342447149        55360533     239337     137792     380000      60181     4    1400000  145045000  380000000  380000000
   1     1497   139197   319861     43342447158     43342767019        55800624     179394     137792     380000         51     5    1400000  145045000  380000000  380000000
   1     1497   139799   379977     43342767028     43343147004        56120494     118810     137792     380000         36     5    1400000  145045000  380000000  380000000
   1     1497   139194   460086     43343147014     43343607100        56500480     239555     137792     380000      80132     7    1400000  145045000  380000000  380000000
   1     1497   139195   299893     43343607109     43343907002        56960575     159391     137792     380000         33     7    1400000  145045000  380000000  380000000
   1     1497   139978   379992     43343907010     43344287003        57260477     238601     137792     380000         34     7    1400000  145045000  380000000  380000000
   1     1497   139205   379998     43344287012     43344667010        57640478     239413     137792     380000         42     6    1400000  145045000  380000000  380000000
   1     1497   139216   403726     43344667019     43345070744        58020485     159440     137792     380000      23776     7    1400000  145045000  380000000  380000000
   1     1497   139193   356279     43345070753     43345427032        58424220     215810     137792     380000         62     7    1400000  145045000  380000000  380000000
   1     1497   139377   379969     43345427044     43345807014        58780511     239089     137792     380000         45     6    1300000  145045000  380000000  380000000
   1     1497   139211   410122     43345807023     43346217145        59160490     159426     137792     380000      30177     7    1400000  145045000  380000000  380000000
   1     1497   139193   349857     43346217154     43346567011        59570621     209391     137792     380000         42     7    1400000  145045000  380000000  380000000
   1     1497   140018   379998     43346567020     43346947018        59920486     238439     137792     380000         49     7    1400000  145045000  380000000  380000000
   1     1497   139232   379982     43346947027     43347327009        60300493     159143     137792     380000         41     6    1400000  145045000  380000000  380000000
   1     1497   139199   380005     43347327018     43347707023        60680484     239548     137792     380000         55     4    1400000  145045000  380000000  380000000
   1     1497   139213   379979     43347707032     43348087011        61060499     239382     137792     380000         42     6    1400000  145045000  380000000  380000000
   1     1497   139224   390287     43348087020     43348477307        61440486     239408     137792     380000      10338     6    1400000  145045000  380000000  380000000
   1     1497   139200   369708     43348477315     43348847023        61830782     229236     137792     380000         55     4    1400000  145045000  380000000  380000000
   1     1497   139208   379998     43348847032     43349227030        62200499     239333     137792     380000         62     6    1400000  145045000  380000000  380000000
   1     1497   139210   470258     43349227040     43349697297        62580506     239288     137792     380000      90329     6    1400000  145045000  380000000  380000000
   1     1497   139186   289707     43349697306     43349987013        63050773     149064     137792     380000         44     7    1400000  145045000  380000000  380000000
   1     1497   139203   379996     43349987021     43350367017        63340488     239469     137792     380000         49     4    1400000  145045000  380000000  380000000
   1     1497   140035   379990     43350367026     43350747016        63720493     238148     137792     380000         48     4    1400000  145045000  380000000  380000000
   1     1497   139212   400088     43350747060     43351147148        64100527     159308     137792     380000      20180     4    1400000  145045000  380000000  380000000
   1     1497   139189   359847     43351147157     43351507003        64500623     219427     137792     380000         35     4    1400000  145045000  380000000  380000000
   1     1497   139201   380000     43351507012     43351887012        64860479     239498     137792     380000         44     4    1400000  145045000  380000000  380000000
   1     1497   139213   379992     43351887021     43352267013        65240488     159359     137792     380000         44     4    1400000  145045000  380000000  380000000
   1     1497   139197   379987     43352267022     43352647009        65620489     239535     137792     380000         41     7    1400000  145045000  380000000  380000000
   1     1497   139190   380001     43352647018     43353027019        66000485     239538     137792     380000         49     7    1400000  145045000  380000000  380000000
   1     1497   139212   379992     43353027028     43353407020        66380494     239449     137792     380000         51     7    1400000  145045000  380000000  380000000
   1     1497   139194   379993     43353407029     43353787022        66760496     239539     137792     380000         54     4    1400000  145045000  380000000  380000000
   1     1497   139198   379971     43353787031     43354167002        67140498     239507     137792     380000         34     7    1400000  145045000  380000000  380000000
   1     1497   139204   609048     43354167011     43354776059        67520478     239488     137792     380000     229090     7    1400000  145045000  380000000  380000000
   1     1497   139189   150936     43354776068     43354927004        68129534      10500     137792     380000         36     4    1400000  145045000  380000000  380000000
   1     1497   139178   439785     43354927012     43355366797        68280479     239573     137792     380000      59829     4    1400000  145045000  380000000  380000000
   1     1497   140007   449885     43355366806     43355816691        68720272     178434     137792     380000     129722     4    1400000  145045000  380000000  380000000
   1     1497   139215   403468     43355816699     43356220167        69170166     109732     137792     380000     153199     4    1400000  145045000  380000000  380000000
   1     1497   139186   226841     43356220176     43356447016        69573642      86272     137792     380000         46     5    1400000  145045000  380000000  380000000
   1     1497   139208   380045     43356447026     43356827071        69800493     239505     137792     380000        101     5    1400000  145045000  380000000  380000000
   1     1497   139401   410082     43356827081     43357237163        70180547     158875     137792     380000      30195     7    1300000  145045000  380000000  380000000
   1     1497   139196   349838     43357237172     43357587010        70590638     209354     137792     380000         41     7    1400000  145045000  380000000  380000000
   1     1497   139194   440025     43357587019     43358027044        70940485     239482     137792     380000      60075     7    1400000  145045000  380000000  380000000
   1     1497   139199   536184     43358027053     43358563237        71380519     179448     137792     380000     216268     5    1400000  145045000  380000000  380000000
   1     1497   139190   163764     43358563246     43358727010        71916713      23085     137792     380000         41     5    1400000  145045000  380000000  380000000
   1     1497   139191   379985     43358727018     43359107003        72080485     239569     137792     380000         35     5    1400000  145045000  380000000  380000000
   1     1497   139216   450119     43359107012     43359557131        72460479     159368     137792     380000      70163     5    1400000  145045000  380000000  380000000
   1     1497   139203   309873     43359557140     43359867013        72910606     169380     137792     380000         43     5    1400000  145045000  380000000  380000000
   1     1497   139199   379957     43359867064     43360247021        73220531     239474     137792     380000         52     5    1400000  145045000  380000000  380000000
   1     1497   139210   379994     43360247030     43360627024        73600496     239295     137792     380000         55     6    1400000  145045000  380000000  380000000
   1     1497   139236   386588     43360627033     43361013621        73980500      -6654     137792     380000          0     6    1400000  145045000  380000000  380000000
   1     1497   139211   373383     43361013631     43361387014        74367097     232818     137792     380000         46     6    1400000  145045000  380000000  380000000
   1     1497   139197   379979     43361387023     43361767002        74740490     239448     137792     380000         34     7    1400000  145045000  380000000  380000000
   1     1497   139213   380000     43361767011     43362147010        75120477     159402     137792     380000         42     7    1400000  145045000  380000000  380000000
   1     1497   139201   379999     43362147019     43362527019        75500486     239471     137792     380000         50     6    1400000  145045000  380000000  380000000
   1     1497   139196   379990     43362527027     43362907017        75880494     239441     137792     380000         49     7    1400000  145045000  380000000  380000000
   1     1497   139197   379982     43362907027     43363287009        76260493     239469     137792     380000         40     4    1400000  145045000  380000000  380000000
   1     1497   139209   379997     43363287018     43363667014        76640484     239389     137792     380000         46     6    1400000  145045000  380000000  380000000
   1     1497   139183   379996     43363667023     43364047020        77020490     239359     137792     380000         51     7    1400000  145045000  380000000  380000000
   1     1497   139199   380002     43364047029     43364427031        77400496     239486     137792     380000         62     5    1400000  145045000  380000000  380000000
   1     1497   139200   379980     43364427040     43364807020        77780507     239458     137792     380000         52     5    1400000  145045000  380000000  380000000
   1     1497   139198   379990     43364807029     43365187020        78160496     239199     137792     380000         51     6    1400000  145045000  380000000  380000000
   1     1497   139217   440224     43365187030     43365627253        78540496     239393     137792     380000      60285     6    1400000  145045000  380000000  380000000
   1     1497   139189   319743     43365627262     43365947005        78980729     179327     137792     380000         37     7    1400000  145045000  380000000  380000000
   1     1497   139201   379989     43365947014     43366327003        79300481     239361     137792     380000         34     6    1400000  145045000  380000000  380000000
   1     1497   139193   380006     43366327012     43366707018        79680478     239317     137792     380000         49     6    1400000  145045000  380000000  380000000
   1     1497   139202   379975     43366707027     43367087002        80060493     239401     137792     380000         33     6    1400000  145045000  380000000  380000000
   1     1497   139193   379992     43367087011     43367467003        80440478     239495     137792     380000         35     6    1400000  145045000  380000000  380000000
   1     1497   139211   379991     43367467012     43367847003        80820479     239333     137792     380000         34     6    1400000  145045000  380000000  380000000
   1     1497   139216   380031     43367847012     43368227043        81200479     159176     137792     380000         73     6    1400000  145045000  380000000  380000000
   1     1497   139202   379950     43368227054     43368607004        81580520     139462     137792     380000         35     6    1400000  145045000  380000000  380000000
   1     1497   139194   480067     43368607047     43369087115        81960514     239479     137792     380000     100146     4    1400000  145045000  380000000  380000000
   1     1497   139186   495977     43369087123     43369583100        82440590     139228     137792     380000     216132     4    1400000  145045000  380000000  380000000
   1     1497   140010   163909     43369583109     43369747018        82936576      21893     137792     380000         49     4    1400000  145045000  380000000  380000000
   1     1497   139194   379989     43369747027     43370127016        83100493     239499     137792     380000         47     4    1400000  145045000  380000000  380000000
   1     1497   139228   596650     43370127024     43370723675        83480491     239359     137792     380000     216706     4    1400000  145045000  380000000  380000000
   1     1497   139211   163318     43370723685     43370887003        84077152      22704     137792     380000         35     4    1400000  145045000  380000000  380000000
   1     1497   139196   380002     43370887012     43371267015        84240479     239489     137792     380000         46     4    1400000  145045000  380000000  380000000
   1     1497   139208   379993     43371267024     43371647016        84620490     239372     137792     380000         48     6    1400000  145045000  380000000  380000000
   1     1497   139226   386605     43371647026     43372033631        85000492      -6664     137792     380000          0     4    1400000  145045000  380000000  380000000
   1     1497   139185   373375     43372033640     43372407015        85387107     232724     137792     380000         47     4    1400000  145045000  380000000  380000000
   1     1497   139193   379980     43372407024     43372787004        85760491     239470     137792     380000         36     7    1400000  145045000  380000000  380000000
   1     1497   139244   379994     43372787013     43373167007        86140479      79158     137792     380000         39     7    1400000  145045000  380000000  380000000
   1     1497   139198   380013     43373167016     43373547029        86520483     239565     137792     380000         60     4    1400000  145045000  380000000  380000000
   1     1497   139197   524086     43373547038     43374071124        86900505     239418     137792     380000     144156     7    1400000  145045000  380000000  380000000
   1     1497   139182   235876     43374071133     43374307008        87424599      95480     137792     380000         40     7    1400000  145045000  380000000  380000000
   1     1497   139202   380004     43374307017     43374687021        87660484     239493     137792     380000         53     4    1400000  145045000  380000000  380000000
   1     1497   139199   379989     43374687030     43375067019        88040497     239512     137792     380000         51     7    1400000  145045000  380000000  380000000
   1     1497   139217   379978     43375067028     43375447007        88420495     159390     137792     380000         38     7    1400000  145045000  380000000  380000000
   1     1497   139209   380009     43375447016     43375827025        88800482     239474     137792     380000         56     6    1400000  145045000  380000000  380000000
   1     1497   139197   379968     43375827034     43376207002        89180500     239508     137792     380000         33     7    1400000  145045000  380000000  380000000
   1     1497   139215   380028     43376207010     43376587039        89560477     239372     137792     380000         70     7    1400000  145045000  380000000  380000000
   1     1497   139200   379960     43376587048     43376967008        89940515     239381     137792     380000         40     6    1400000  145045000  380000000  380000000
   1     1497   139195   380003     43376967017     43377347020        90320484     239519     137792     380000         51     7    1400000  145045000  380000000  380000000
   1     1497   139191   379992     43377347029     43377727021        90700496     239275     137792     380000         53     6    1400000  145045000  380000000  380000000
