#idx     perf      run   period           start             end          rel_st      slack c_duration   c_period     wu_lat   cpu       freq dl_runtime  dl_period dl_deadline
   8      166    15443   169878    102677372420    102677542299         1254656     146707      15278     260000       7533     4    1400000   17278000  260000000  260000000
   8      166    15439   345752    102677542308    102677888060         1424544     236817      15278     260000      93294     4    1400000   17278000  260000000  260000000
   8      166    16627   167983    102677888070    102678056052         1770306     149838      15278     260000       1287     4    1300000   17278000  260000000  260000000
   8      166    16626   288000    102678056062    102678344061         1938298     241864      15278     260000      29296     4    1300000   17278000  260000000  260000000
   8      166    16620   247978    102678344071    102678592049         2226306     160648      15278     260000      17283     4    1300000   17278000  260000000  260000000
   8      166    18009   364003    102678592059    102678956061         2474295    -121297      15278     260000          0     4    1200000   17278000  260000000  260000000
   8      166    18011   171990    102678956071    102679128061         2838307     -33297      15278     260000          0     4    1200000   17278000  260000000  260000000
   8      166    18018   234226    102679128071    102679362297         3010307      -7533      15278     260000          0     4    1200000   17278000  260000000  260000000
   8      166    18029   355228    102679362307    102679717535         3244543    -102770      15278     260000          0     4    1200000   17278000  260000000  260000000
   8      166    18010   182235    102679717545    102679899780         3599781     -25016      15278     260000          0     4    1200000   17278000  260000000  260000000
   8      166    18033   237126    102679899790    102680136916         3782026      -2151      15278     260000          0     4    1200000   17278000  260000000  260000000
   8      166    18016   302235    102680136926    102680439161         4019162     -44397      15278     260000          0     4    1200000   17278000  260000000  260000000
   8      166    18030   221141    102680439171    102680660312         4321407      -5548      15278     260000          0     4    1200000   17278000  260000000  260000000
   8      166    18016   294208    102680660322    102680954530         4542558     -39765      15278     260000          0     4    1200000   17278000  260000000  260000000
   8      166    18478   365857    102680954540    102681320397         4836776    -145632      15278     260000          0     4    1200000   17278000  260000000  260000000
   8      166    18091   158822    102681320428    102681479250         5202664     -44486      15278     260000          0     4    1200000   17278000  260000000  260000000
   8      166    18025   270254    102681479261    102681749515         5361497     -54750      15278     260000          0     4    1200000   17278000  260000000  260000000
   8      166    18020   270229    102681749525    102682019754         5631760     -64989      15278     260000          0     4    1200000   17278000  260000000  260000000
   8      166    18017   242274    102682019764    102682262039         5902000     -47274      15278     260000          0     4    1200000   17278000  260000000  260000000
   8      166    18035   225336    102682262048    102682487385         6144284     -12620      15278     260000          0     4    1200000   17278000  260000000  260000000
   8      166    18021   306278    102682487395    102682793673         6369631     -58908      15278     260000          0     4    1200000   17278000  260000000  260000000
   8      166    18032   213161    102682793683    102683006844         6675919     -12080      15278     260000          0     4    1200000   17278000  260000000  260000000
   8      166    18018   322269    102683006854    102683329123         6889090     -74359      15278     260000          0     4    1200000   17278000  260000000  260000000
   8      166    18015   353365    102683329177    102683682542         7211413    -167778      15278     260000          0     4    1200000   17278000  260000000  260000000
   8      166    18023   170241    102683682552    102683852793         7564788     -78029      15278     260000          0     4    1200000   17278000  260000000  260000000
   8      166    18028   499257    102683852803    102684352060         7735039    -317296      15278     260000          0     4    1200000   17278000  260000000  260000000
   8      166    18010   202897    102684352070    102684554967         8234306    -260203      15278     260000          0     4    1200000   17278000  260000000  260000000
   8      166    18015   262281    102684554977    102684817258         8437213    -262493      15278     260000          0     4    1200000   17278000  260000000  260000000
   8      166    18020   258265    102684817267    102685075532         8699503    -260768      15278     260000          0     4    1200000   17278000  260000000  260000000
   8      166    18023   286267    102685075542    102685361810         8957778    -287045      15278     260000          0     4    1200000   17278000  260000000  260000000
   8      166    18017   295337    102685361820    102685657157         9244056    -322393      15278     260000          0     4    1200000   17278000  260000000  260000000
   8      166    18022   201182    102685657167    102685858349         9539403    -263585      15278     260000          0     4    1200000   17278000  260000000  260000000
   8      166    18022   342260    102685858359    102686200619         9740595    -345854      15278     260000          0     4    1200000   17278000  260000000  260000000
   8      166    18018   182225    102686200629    102686382854        10082865    -268089      15278     260000          0     4    1200000   17278000  260000000  260000000
   8      166    18022   354254    102686382864    102686737118        10265099    -362353      15278     260000          0     4    1200000   17278000  260000000  260000000
   8      166    18016   166223    102686737128    102686903352        10619364    -268587      15278     260000          0     4    1200000   17278000  260000000  260000000
   8      166    18019   358257    102686903361    102687261619        10785597    -366854      15278     260000          0     4    1200000   17278000  260000000  260000000
   8      166    18025   161237    102687261628    102687422865        11143864    -268101      15278     260000          0     4    1200000   17278000  260000000  260000000
   8      166    18023   386247    102687422875    102687809122        11305111    -394358      15278     260000          0     4    1200000   17278000  260000000  260000000
   8      166    18016   150244    102687809132    102687959376        11691368    -284611      15278     260000          0     4    1200000   17278000  260000000  260000000
   8      166    18017   250265    102687959385    102688209651        11841621    -274886      15278     260000          0     4    1200000   17278000  260000000  260000000
   8      166    18020   335222    102688209660    102688544882        12091896    -350118      15278     260000          0     4    1200000   17278000  260000000  260000000
   8      166    18017   182225    102688544892    102688727116        12427127    -272352      15278     260000          0     4    1200000   17278000  260000000  260000000
   8      166    18017   358295    102688727126    102689085421        12609362    -370657      15278     260000          0     4    1200000   17278000  260000000  260000000
   8      166    18017   190200    102689085431    102689275631        12967667    -300867      15278     260000          0     4    1200000   17278000  260000000  260000000
   8      166    18027   233340    102689275641    102689508981        13157877    -274216      15278     260000          0     4    1200000   17278000  260000000  260000000
   8      166    18020   651067    102689508990    102690160057        13391226    -665293      15278     260000          0     4    1200000   17278000  260000000  260000000
   8      166    18010   135957    102690160106    102690296063        14042342    -541298      15278     260000          0     4    1200000   17278000  260000000  260000000
   8      166    18009   283994    102690296073    102690580067        14178309    -565302      15278     260000          0     4    1200000   17278000  260000000  260000000
   8      166    18004   251980    102690580077    102690832056        14462312    -557292      15278     260000          0     4    1200000   17278000  260000000  260000000
   8      166    18013   262261    102690832066    102691094327        14714302    -559563      15278     260000          0     4    1200000   17278000  260000000  260000000
   8      166    18018   278281    102691094337    102691372618        14976573    -577853      15278     260000          0     4    1200000   17278000  260000000  260000000
   8      166    18017   229155    102691372628    102691601782        15254864    -547018      15278     260000          0     4    1200000   17278000  260000000  260000000
   8      166    18017   246265    102691601792    102691848058        15484028    -533293      15278     260000          0     4    1200000   17278000  260000000  260000000
   8      166    18017   291103    102691848068    102692139171        15730304    -564407      15278     260000          0     4    1200000   17278000  260000000  260000000
   8      166    18036   221391    102692139181    102692360572        16021417    -525808      15278     260000          0     4    1200000   17278000  260000000  260000000
   8      166    18020   326242    102692360583    102692686825        16242819    -592061      15278     260000          0     4    1200000   17278000  260000000  260000000
   8      166    18030   197422    102692686835    102692884257        16569071    -529493      15278     260000          0     4    1200000   17278000  260000000  260000000
   8      166    18038   323180    102692884267    102693207447        16766503    -592682      15278     260000          0     4    1200000   17278000  260000000  260000000
   8      166    18032   197426    102693207457    102693404882        17089692    -530118      15278     260000          0     4    1200000   17278000  260000000  260000000
   8      166    18012   318232    102693404892    102693723124        17287128    -588360      15278     260000          0     4    1200000   17278000  260000000  260000000
   8      166    18029   201438    102693723134    102693924573        17605370    -529808      15278     260000          0     4    1200000   17278000  260000000  260000000
   8      166    18010   342238    102693924583    102694266821        17806819    -612057      15278     260000          0     4    1200000   17278000  260000000  260000000
   8      166    18028   224285    102694266831    102694491116        18149067    -576351      15278     260000          0     4    1200000   17278000  260000000  260000000
   8      166    18030   217474    102694491126    102694708600        18373362    -533835      15278     260000          0     4    1200000   17278000  260000000  260000000
   8      166    18015   318220    102694708610    102695026830        18590846    -592065      15278     260000          0     4    1200000   17278000  260000000  260000000
   8      166    18030   201488    102695026840    102695228329        18909076    -533564      15278     260000          0     4    1200000   17278000  260000000  260000000
   8      166    18013   506909    102695228338    102695735247        19110574    -780483      15278     260000          0     4    1200000   17278000  260000000  260000000
   8      166    18015   340804    102695735257    102696076061        19617493    -861297      15278     260000          0     4    1200000   17278000  260000000  260000000
   8      166    18010   179187    102696076072    102696255259        19958308    -780494      15278     260000          0     4    1200000   17278000  260000000  260000000
   8      166    18020   386270    102696255307    102696641577        20137543    -906812      15278     260000          0     4    1200000   17278000  260000000  260000000
   8      166    18011   133688    102696641587    102696775275        20523823    -780510      15278     260000          0     4    1200000   17278000  260000000  260000000
   8      166    18024   266261    102696775284    102697041546        20657520    -786781      15278     260000          0     4    1200000   17278000  260000000  260000000
   8      166    18019   274232    102697041555    102697315787        20923791    -801023      15278     260000          0     4    1200000   17278000  260000000  260000000
   8      166    18030   245564    102697315797    102697561361        21198033    -786597      15278     260000          0     4    1200000   17278000  260000000  260000000
   8      166    18020   342232    102697561371    102697903603        21443607    -868839      15278     260000          0     4    1200000   17278000  260000000  260000000
   8      166    18031   177559    102697903613    102698081172        21785849    -786407      15278     260000          0     4    1200000   17278000  260000000  260000000
   8      166    18017   366226    102698081182    102698447408        21963417    -892643      15278     260000          0     4    1200000   17278000  260000000  260000000
   8      166    18022   174280    102698447418    102698621698        22329654    -806934      15278     260000          0     4    1200000   17278000  260000000  260000000
   8      166    18014   390221    102698621708    102699011928        22503944    -937164      15278     260000          0     4    1200000   17278000  260000000  260000000
   8      166    18937   139174    102699011938    102699151113        22894174    -816348      15278     260000          0     4    1200000   17278000  260000000  260000000
   8      166    19659   339916    102699151123    102699491039        23033359    -896275      15278     260000          0     4    1100000   17278000  260000000  260000000
   8      166    19651   175930    102699491050    102699666980        23373286    -812216      15278     260000          0     4    1100000   17278000  260000000  260000000
   8      166    18103   525072    102699666991    102700192063        23549227   -1077298      15278     260000          0     4    1100000   17278000  260000000  260000000
   8      166    18012   247981    102700192072    102700440053        24074308   -1065289      15278     260000          0     4    1200000   17278000  260000000  260000000
   8      166    18009   291985    102700440063    102700732048        24322299   -1097283      15278     260000          0     4    1200000   17278000  260000000  260000000
   8      166    18016   226878    102700732058    102700958936        24614294   -1064172      15278     260000          0     4    1200000   17278000  260000000  260000000
   8      166    18029   237635    102700958947    102701196582        24841182   -1041817      15278     260000          0     4    1200000   17278000  260000000  260000000
   8      166    18017   306222    102701196592    102701502814        25078828   -1088049      15278     260000          0     4    1200000   17278000  260000000  260000000
   8      166    18033   217647    102701502823    102701720470        25385059   -1045706      15278     260000          0     4    1200000   17278000  260000000  260000000
   8      166    18016   306237    102701720480    102702026716        25602715   -1091952      15278     260000          0     4    1200000   17278000  260000000  260000000
   8      166    18028   213658    102702026726    102702240384        25908962   -1045619      15278     260000          0     4    1200000   17278000  260000000  260000000
   8      166    18038   325322    102702240394    102702565716        26122629   -1110951      15278     260000          0     4    1200000   17278000  260000000  260000000
   8      166    18029   197634    102702565725    102702763360        26447961   -1048595      15278     260000          0     4    1200000   17278000  260000000  260000000
   8      166    18015   350277    102702763405    102703113682        26645641   -1138917      15278     260000          0     4    1200000   17278000  260000000  260000000
   8      166    18032   169700    102703113691    102703283391        26995927   -1048627      15278     260000          0     4    1200000   17278000  260000000  260000000
   8      166    18026   260285    102703283401    102703543686        27165637   -1048922      15278     260000          0     4    1200000   17278000  260000000  260000000
   8      166    18014   306268    102703543696    102703849963        27425932   -1095199      15278     260000          0     4    1200000   17278000  260000000  260000000
   8      166    18027   217691    102703849973    102704067664        27732209   -1052899      15278     260000          0     4    1200000   17278000  260000000  260000000
   8      166    18914   323189    102704067674    102704390863        27949910   -1116099      15278     260000          0     4    1200000   17278000  260000000  260000000
   8      166    19669   199374    102704390875    102704590249        28273111   -1055485      15278     260000          0     4    1100000   17278000  260000000  260000000
   8      166    19495   507211    102704590260    102705097472        28472496   -1302707      15278     260000          0     4    1100000   17278000  260000000  260000000
   8      166    18011   386579    102705097482    102705484060        28979718   -1429296      15278     260000          0     4    1200000   17278000  260000000  260000000
   8      166    18029   133735    102705484070    102705617805        29366306   -1303040      15278     260000          0     4    1200000   17278000  260000000  260000000
   8      166    18014   270284    102705617815    102705888098        29500050   -1313334      15278     260000          0     4    1200000   17278000  260000000  260000000
   8      166    18279   250505    102705888108    102706138613        29770344   -1303849      15278     260000          0     4    1200000   17278000  260000000  260000000
   8      166    19664   263417    102706138624    102706402041        30020860   -1307276      15278     260000          0     4    1100000   17278000  260000000  260000000
   8      166    19670   278520    102706402052    102706680572        30284287   -1325807      15278     260000          0     4    1100000   17278000  260000000  260000000
   8      166    18760   245017    102706680583    102706925600        30562819   -1310836      15278     260000          0     4    1100000   17278000  260000000  260000000
   8      166    18014   354231    102706925610    102707279841        30807846   -1405077      15278     260000          0     4    1200000   17278000  260000000  260000000
   8      166    18021   166261    102707279851    102707446112        31162087   -1311348      15278     260000          0     4    1200000   17278000  260000000  260000000
   8      166    18015   362278    102707446122    102707808400        31328358   -1413636      15278     260000          0     4    1200000   17278000  260000000  260000000
   8      166    18018   182224    102707808410    102707990634        31690646   -1335870      15278     260000          0     4    1200000   17278000  260000000  260000000
   8      166    18041   341854    102707990644    102708332498        31872880   -1417733      15278     260000          0     4    1200000   17278000  260000000  260000000
   8      166    18015   170204    102708332507    102708502712        32214743   -1327948      15278     260000          0     4    1200000   17278000  260000000  260000000
   8      166    19548   541334    102708502722    102709044056        32384958   -1609291      15278     260000          0     4    1200000   17278000  260000000  260000000
   8      166    19323   239563    102709044066    102709283629        32926302   -1588865      15278     260000          0     4    1100000   17278000  260000000  260000000
   8      166    18015   346263    102709283675    102709629938        33165911   -1675174      15278     260000          0     4    1200000   17278000  260000000  260000000
   8      166    18018   166275    102709629948    102709796223        33512184   -1581459      15278     260000          0     4    1200000   17278000  260000000  260000000
   8      166    18011   346222    102709796233    102710142455        33678469   -1667690      15278     260000          0     4    1200000   17278000  260000000  260000000
   8      166    18439   178688    102710142464    102710321152        34024700   -1586388      15278     260000          0     4    1200000   17278000  260000000  260000000
   8      166    19666   243508    102710321163    102710564671        34203399   -1569907      15278     260000          0     4    1100000   17278000  260000000  260000000
   8      166    18616   306845    102710564682    102710871527        34446918   -1616763      15278     260000          0     4    1100000   17278000  260000000  260000000
   8      166    18032   213877    102710871537    102711085414        34753773   -1570649      15278     260000          0     4    1200000   17278000  260000000  260000000
   8      166    18012   318227    102711085424    102711403651        34967660   -1628887      15278     260000          0     4    1200000   17278000  260000000  260000000
   8      166    18030   205877    102711403661    102711609538        35285897   -1574773      15278     260000          0     4    1200000   17278000  260000000  260000000
   8      166    18028   357015    102711609548    102711966562        35491783   -1671798      15278     260000          0     4    1200000   17278000  260000000  260000000
   8      166    18026   208258    102711966572    102712174830        35848808   -1620066      15278     260000          0     4    1200000   17278000  260000000  260000000
   8      166    18015   270271    102712174840    102712445111        36057076   -1630347      15278     260000          0     4    1200000   17278000  260000000  260000000
   8      166    18016   450558    102712445121    102712895679        36327357   -1820915      15278     260000          0     4    1200000   17278000  260000000  260000000
   8      166    18013   296365    102712895689    102713192053        36777924   -1857289      15278     260000          0     4    1200000   17278000  260000000  260000000
   8      166    18010   223629    102713192063    102713415692        37074299   -1820928      15278     260000          0     4    1200000   17278000  260000000  260000000
   8      166    19660   347913    102713415703    102713763616        37297939   -1908852      15278     260000          0     4    1100000   17278000  260000000  260000000
   8      166    19375   175326    102713763627    102713938953        37645862   -1824188      15278     260000          0     4    1100000   17278000  260000000  260000000
   8      166    18015   378287    102713938963    102714317249        37821199   -1942485      15278     260000          0     4    1200000   17278000  260000000  260000000
   8      166    18704   146607    102714317259    102714463866        38199495   -1829102      15278     260000          0     4    1200000   17278000  260000000  260000000
   8      166    19654   323898    102714463877    102714787775        38346113   -1893011      15278     260000          0     4    1100000   17278000  260000000  260000000
   8      166    18712   198696    102714787786    102714986482        38670022   -1831718      15278     260000          0     4    1100000   17278000  260000000  260000000
   8      166    18029   262004    102714986493    102715248497        38868729   -1833732      15278     260000          0     4    1200000   17278000  260000000  260000000
   8      166    18004   274515    102715248507    102715523021        39130743   -1848257      15278     260000          0     4    1200000   17278000  260000000  260000000
   8      166    19074   245371    102715523032    102715768403        39405268   -1833638      15278     260000          0     4    1200000   17278000  260000000  260000000
   8      166    19646   507664    102715768450    102716276114        39650686   -2081349      15278     260000          0     4    1100000   17278000  260000000  260000000
   8      166    18010   342245    102716276124    102716618369        40158360   -2163605      15278     260000          0     4    1200000   17278000  260000000  260000000
   8      166    18014   182287    102716618379    102716800666        40500615   -2085901      15278     260000          0     4    1200000   17278000  260000000  260000000
   8      166    18034   354262    102716800676    102717154938        40682911   -2180173      15278     260000          0     4    1200000   17278000  260000000  260000000
   8      166    18128   174383    102717154947    102717329330        41037183   -2094566      15278     260000          0     4    1200000   17278000  260000000  260000000
   8      166    19657   343925    102717329341    102717673266        41211577   -2178502      15278     260000          0     4    1100000   17278000  260000000  260000000
   8      166    19656   231930    102717673277    102717905206        41555512   -2150442      15278     260000          0     4    1100000   17278000  260000000  260000000
   8      166    19657   226139    102717905217    102718131356        41787453   -2116592      15278     260000          0     4    1100000   17278000  260000000  260000000
   8      166    19652   344142    102718131367    102718475509        42013603   -2200744      15278     260000          0     4    1100000   17278000  260000000  260000000
   8      166    18389   170641    102718475519    102718646161        42357755   -2111396      15278     260000          0     4    1100000   17278000  260000000  260000000
   8      166    18012   328461    102718646170    102718974631        42528406   -2179867      15278     260000          0     4    1200000   17278000  260000000  260000000
   8      166    18013   521417    102718974641    102719496058        42856877   -2441293      15278     260000          0     4    1200000   17278000  260000000  260000000
   8      166    18007   179990    102719496068    102719676058        43378304   -2361293      15278     260000          0     4    1200000   17278000  260000000  260000000
   8      166    19644   239791    102719676068    102719915859        43558304   -2341095      15278     260000          0     4    1100000   17278000  260000000  260000000
   8      166    19655   335917    102719915869    102720251787        43798105   -2417022      15278     260000          0     4    1100000   17278000  260000000  260000000
   8      166    19027   191127    102720251797    102720442925        44134033   -2348160      15278     260000          0     4    1100000   17278000  260000000  260000000
   8      166    18008   346411    102720442935    102720789346        44325170   -2434582      15278     260000          0     4    1200000   17278000  260000000  260000000
   8      166    18031   174119    102720789356    102720963474        44671591   -2348710      15278     260000          0     4    1200000   17278000  260000000  260000000
   8      166    18011   292595    102720963485    102721256080        44845721   -2381315      15278     260000          0     4    1200000   17278000  260000000  260000000
   8      166    18950   275158    102721256089    102721531248        45138325   -2396483      15278     260000          0     4    1200000   17278000  260000000  260000000
   8      166    19659   271911    102721531259    102721803170        45413494   -2408405      15278     260000          0     4    1100000   17278000  260000000  260000000
   8      166    19647   259936    102721803180    102722063117        45685416   -2408352      15278     260000          0     4    1100000   17278000  260000000  260000000
   8      166    18100   524929    102722063128    102722588057        45945364   -2673293      15278     260000          0     4    1100000   17278000  260000000  260000000
   8      166    18011   187810    102722588118    102722775928        46470354   -2601163      15278     260000          0     4    1200000   17278000  260000000  260000000
   8      166    19652   327918    102722775939    102723103857        46658175   -2669093      15278     260000          0     4    1100000   17278000  260000000  260000000
   8      166    19362   195572    102723103868    102723299439        46986104   -2604675      15278     260000          0     4    1100000   17278000  260000000  260000000
   8      166    18016   326275    102723299449    102723625724        47181685   -2670960      15278     260000          0     4    1200000   17278000  260000000  260000000
   8      166    18028   194180    102723625734    102723819914        47507970   -2605149      15278     260000          0     4    1200000   17278000  260000000  260000000
   8      166    18575   318829    102723819923    102724138753        47702159   -2663988      15278     260000          0     4    1200000   17278000  260000000  260000000
   8      166    19650   215924    102724138763    102724354688        48020999   -2619923      15278     260000          0     4    1100000   17278000  260000000  260000000
   8      166    18793   251013    102724354699    102724605711        48236934   -2610947      15278     260000          0     4    1100000   17278000  260000000  260000000
   8      166    18014   338241    102724605721    102724943962        48487957   -2689198      15278     260000          0     4    1200000   17278000  260000000  260000000
   8      166    18027   186221    102724943972    102725130193        48826208   -2615429      15278     260000          0     4    1200000   17278000  260000000  260000000
   8      166    18030   316841    102725130203    102725447044        49012438   -2672280      15278     260000          0     4    1200000   17278000  260000000  260000000
   8      166    18030   202261    102725447054    102725649315        49329290   -2614550      15278     260000          0     4    1200000   17278000  260000000  260000000
   8      166    18015   506726    102725649325    102726156050        49531560   -2861286      15278     260000          0     4    1200000   17278000  260000000  260000000
   8      166    18010   351996    102726156060    102726508056        50038296   -2953292      15278     260000          0     4    1200000   17278000  260000000  260000000
   8      166    18008   223992    102726508067    102726732058        50390302   -2917294      15278     260000          0     4    1200000   17278000  260000000  260000000
   8      166    18011   288283    102726732068    102727020351        50614304   -2945587      15278     260000          0     4    1200000   17278000  260000000  260000000
   8      166    18010   226244    102727020361    102727246605        50902597   -2911841      15278     260000          0     4    1200000   17278000  260000000  260000000
   8      166    18101   226376    102727246615    102727472991        51128851   -2878226      15278     260000          0     4    1200000   17278000  260000000  260000000
   8      166    19654   263921    102727473001    102727736923        51355237   -2882158      15278     260000          0     4    1100000   17278000  260000000  260000000
   8      166    19657   267924    102727736933    102728004857        51619169   -2890093      15278     260000          0     4    1100000   17278000  260000000  260000000
   8      166    19657   319927    102728004868    102728324795        51887104   -2950030      15278     260000          0     4    1100000   17278000  260000000  260000000
   8      166    19756   200108    102728324805    102728524913        52207041   -2890148      15278     260000          0     4    1100000   17278000  260000000  260000000
   8      166    18602   346862    102728524926    102728871787        52407162   -2977023      15278     260000          0     4    1100000   17278000  260000000  260000000
   8      166    17995   210305    102728871798    102729082103        52754034   -2927338      15278     260000          0     4    1200000   17278000  260000000  260000000
   8      166    18029   210306    102729082157    102729292462        52964393   -2877698      15278     260000          0     4    1200000   17278000  260000000  260000000
   8      166    18017   503637    102729292473    102729796110        53174708   -3121345      15278     260000          0     4    1200000   17278000  260000000  260000000
   8      166    18147   280396    102729796123    102730076519        53678359   -3141755      15278     260000          0     4    1200000   17278000  260000000  260000000
   8      166    18008   287536    102730076530    102730364065        53958765   -3169300      15278     260000          0     4    1200000   17278000  260000000  260000000
   8      166    19659   251858    102730364076    102730615935        54246312   -3161170      15278     260000          0     4    1100000   17278000  260000000  260000000
   8      166    19640   267930    102730615945    102730883875        54498181   -3169111      15278     260000          0     4    1100000   17278000  260000000  260000000
   8      166    19034   273318    102730883886    102731157204        54766122   -3182439      15278     260000          0     4    1100000   17278000  260000000  260000000
   8      166    18010   260159    102731157214    102731417373        55039450   -3182608      15278     260000          0     4    1200000   17278000  260000000  260000000
   8      166    18025   206337    102731417383    102731623720        55299618   -3128955      15278     260000          0     4    1200000   17278000  260000000  260000000
   8      166    18021   306254    102731623729    102731929983        55505965   -3175219      15278     260000          0     4    1200000   17278000  260000000  260000000
   8      166    18031   218400    102731929994    102732148394        55812229   -3133630      15278     260000          0     4    1200000   17278000  260000000  260000000
   8      166    18010   314242    102732148405    102732462646        56030640   -3187882      15278     260000          0     4    1200000   17278000  260000000  260000000
   8      166    18029   206384    102732462656    102732669040        56344892   -3134276      15278     260000          0     4    1200000   17278000  260000000  260000000
   8      166    19034   311293    102732669050    102732980343        56551286   -3185578      15278     260000          0     4    1200000   17278000  260000000  260000000
   8      166    19656   527703    102732980354    102733508057        56862589   -3453292      15278     260000          0     4    1100000   17278000  260000000  260000000
   8      166    18012   227990    102733508067    102733736057        57390303   -3421293      15278     260000          0     4    1200000   17278000  260000000  260000000
   8      166    18011   223984    102733736067    102733960051        57618303   -3385286      15278     260000          0     4    1200000   17278000  260000000  260000000
   8      166    18022   258373    102733960060    102734218433        57842296   -3383669      15278     260000          0     4    1200000   17278000  260000000  260000000
   8      166    18027   258464    102734218443    102734476907        58100679   -3382142      15278     260000          0     4    1200000   17278000  260000000  260000000
   8      166    18298   278520    102734476916    102734755436        58359152   -3400672      15278     260000          0     4    1200000   17278000  260000000  260000000
   8      166    19651   252715    102734755447    102735008162        58637683   -3393397      15278     260000          0     4    1100000   17278000  260000000  260000000
   8      166    18998   335222    102735008172    102735343395        58890408   -3468630      15278     260000          0     4    1100000   17278000  260000000  260000000
   8      166    18019   214260    102735343405    102735557665        59225640   -3422900      15278     260000          0     4    1200000   17278000  260000000  260000000
   8      166    18732   331025    102735557713    102735888738        59439949   -3493973      15278     260000          0     4    1200000   17278000  260000000  260000000
   8      166    19658   211927    102735888748    102736100675        59770984   -3445910      15278     260000          0     4    1100000   17278000  260000000  260000000
   8      166    18294   306504    102736100686    102736407189        59982921   -3492425      15278     260000          0     4    1100000   17278000  260000000  260000000
   8      166    18023   170245    102736407199    102736577444        60289435   -3402680      15278     260000          0     4    1200000   17278000  260000000  260000000
   8      166    19432   515474    102736577454    102737092928        60459690   -3658164      15278     260000          0     4    1200000   17278000  260000000  260000000
   8      166    19656   275913    102737092939    102737368852        60975175   -3674088      15278     260000          0     4    1100000   17278000  260000000  260000000
   8      166    19264   267517    102737368863    102737636380        61251099   -3681615      15278     260000          0     4    1100000   17278000  260000000  260000000
   8      166    18014   266229    102737636389    102737902618        61518625   -3687854      15278     260000          0     4    1200000   17278000  260000000  260000000
   8      166    18463   321971    102737902628    102738224599        61784864   -3749835      15278     260000          0     4    1200000   17278000  260000000  260000000
   8      166    19657   183911    102738224610    102738408521        62106846   -3673756      15278     260000          0     4    1100000   17278000  260000000  260000000
   8      166    18646   239154    102738408531    102738647685        62290767   -3652921      15278     260000          0     4    1100000   17278000  260000000  260000000
   8      166    18021   302278    102738647696    102738949974        62529932   -3695209      15278     260000          0     4    1200000   17278000  260000000  260000000
   8      166    18027   218555    102738949983    102739168538        62832219   -3653774      15278     260000          0     4    1200000   17278000  260000000  260000000
   8      166    18012   298229    102739168548    102739466777        63050784   -3692012      15278     260000          0     4    1200000   17278000  260000000  260000000
   8      166    18027   222570    102739466787    102739689357        63349023   -3654593      15278     260000          0     4    1200000   17278000  260000000  260000000
   8      166    19419   561918    102739689367    102740251285        63571603   -3956521      15278     260000          0     4    1200000   17278000  260000000  260000000
   8      166    19649   260762    102740251296    102740512057        64133532   -3957293      15278     260000          0     4    1100000   17278000  260000000  260000000
   8      166    18019   250248    102740512067    102740762316        64394303   -3947551      15278     260000          0     4    1200000   17278000  260000000  260000000
   8      166    18032   214599    102740762326    102740976925        64644562   -3902160      15278     260000          0     4    1200000   17278000  260000000  260000000
   8      166    18019   306253    102740976935    102741283188        64859171   -3948424      15278     260000          0     4    1200000   17278000  260000000  260000000
   8      166    18516   219109    102741283198    102741502307        65165434   -3907543      15278     260000          0     4    1200000   17278000  260000000  260000000
   8      166    19655   319928    102741502319    102741822247        65384555   -3967482      15278     260000          0     4    1100000   17278000  260000000  260000000
   8      166    19657   231909    102741822257    102742054167        65704493   -3939402      15278     260000          0     4    1100000   17278000  260000000  260000000
   8      166    18829   303071    102742054177    102742357248        65936413   -3982484      15278     260000          0     4    1100000   17278000  260000000  260000000
   8      166    18012   270792    102742357293    102742628085        66239529   -3993321      15278     260000          0     4    1200000   17278000  260000000  260000000
   8      166    19302   243513    102742628095    102742871609        66510331   -3976844      15278     260000          0     4    1200000   17278000  260000000  260000000
   8      166    19665   444824    102742871619    102743316443        66753855   -4161678      15278     260000          0     4    1100000   17278000  260000000  260000000
   8      166    19666   260302    102743316453    102743576756        67198689   -4161991      15278     260000          0     4    1100000   17278000  260000000  260000000
   8      166    19660   264312    102743576766    102743841078        67459002   -4166314      15278     260000          0     4    1100000   17278000  260000000  260000000
   8      166    19237   318001    102743841089    102744159090        67723324   -4224325      15278     260000          0     4    1100000   17278000  260000000  260000000
   8      166    18017   230285    102744159100    102744389385        68041336   -4194621      15278     260000          0     4    1200000   17278000  260000000  260000000
   8      166    18711   314951    102744389395    102744704346        68271631   -4249582      15278     260000          0     4    1200000   17278000  260000000  260000000
   8      166    19653   235893    102744704357    102744940250        68586593   -4225485      15278     260000          0     4    1100000   17278000  260000000  260000000
   8      166    18653   302892    102744940260    102745243152        68822496   -4268388      15278     260000          0     4    1100000   17278000  260000000  260000000
   8      166    18022   174275    102745243162    102745417438        69125398   -4182673      15278     260000          0     4    1200000   17278000  260000000  260000000
   8      166    18018   342232    102745417447    102745759679        69299683   -4264915      15278     260000          0     4    1200000   17278000  260000000  260000000
   8      166    18029   170727    102745759690    102745930417        69641925   -4175653      15278     260000          0     4    1200000   17278000  260000000  260000000
   8      166    18037   521818    102745930427    102746452245        69812663   -4437480      15278     260000          0     4    1200000   17278000  260000000  260000000
   8      166    19658   295914    102746452255    102746748169        70334491   -4473404      15278     260000          0     4    1100000   17278000  260000000  260000000
   8      166    19360   247120    102746748179    102746995299        70630415   -4460535      15278     260000          0     4    1100000   17278000  260000000  260000000
   8      166    18014   230706    102746995310    102747226016        70877546   -4431252      15278     260000          0     4    1200000   17278000  260000000  260000000
   8      166    18400   354654    102747226026    102747580680        71108262   -4525916      15278     260000          0     4    1200000   17278000  260000000  260000000
   8      166    19654   187909    102747580690    102747768599        71462926   -4453835      15278     260000          0     4    1100000   17278000  260000000  260000000
   8      166    19661   236414    102747768610    102748005024        71650846   -4430260      15278     260000          0     4    1100000   17278000  260000000  260000000
   8      166    19658   264382    102748005035    102748269417        71887271   -4434652      15278     260000          0     4    1100000   17278000  260000000  260000000
   8      166    18034   261373    102748269428    102748530800        72151664   -4436036      15278     260000          0     4    1200000   17278000  260000000  260000000
   8      166    16622   385991    102748530811    102748916802        72413046   -4562037      15278     260000          0     4    1300000   17278000  260000000  260000000
   8      166    16633   256868    102748916849    102749173717        72799085   -4558953      15278     260000          0     4    1300000   17278000  260000000  260000000
   8      166    18011   838332    102749173727    102750012059        73055963   -5137295      15278     260000          0     4    1200000   17278000  260000000  260000000
   8      166    18010   227987    102750012069    102750240056        73894305   -5105291      15278     260000          0     4    1200000   17278000  260000000  260000000
   8      166    18235   300874    102750240066    102750540940        74122302   -5146175      15278     260000          0     4    1200000   17278000  260000000  260000000
   8      166    19662   187967    102750540951    102750728918        74423187   -5074154      15278     260000          0     4    1100000   17278000  260000000  260000000
   8      166    19658   327926    102750728929    102751056854        74611165   -5142090      15278     260000          0     4    1100000   17278000  260000000  260000000
   8      166    19664   195989    102751056865    102751252855        74939101   -5078090      15278     260000          0     4    1100000   17278000  260000000  260000000
   8      166    19659   271909    102751252865    102751524775        75135101   -5090010      15278     260000          0     4    1100000   17278000  260000000  260000000
   8      166    18502   252144    102751524785    102751776929        75407021   -5082165      15278     260000          0     4    1100000   17278000  260000000  260000000
   8      166    18019   290204    102751776939    102752067143        75659175   -5112379      15278     260000          0     4    1200000   17278000  260000000  260000000
   8      166    18013   299474    102752067153    102752366627        75949389   -5151863      15278     260000          0     4    1200000   17278000  260000000  260000000
   8      166    18014   307554    102752366637    102752674190        76248873   -5199426      15278     260000          0     4    1200000   17278000  260000000  260000000
   8      166    19496   393867    102752674200    102753068067        76556436   -5333302      15278     260000          0     4    1200000   17278000  260000000  260000000
   8      166    19645   256100    102753068078    102753324178        76950314   -5329413      15278     260000          0     4    1100000   17278000  260000000  260000000
   8      166    18015   278142    102753324188    102753602331        77206424   -5347566      15278     260000          0     4    1200000   17278000  260000000  260000000
   8      166    18014   342282    102753602340    102753944622        77484576   -5429858      15278     260000          0     4    1200000   17278000  260000000  260000000
   8      166    18270   170506    102753944632    102754115138        77826868   -5340374      15278     260000          0     4    1200000   17278000  260000000  260000000
   8      166    19660   359890    102754115149    102754475038        77997385   -5440274      15278     260000          0     4    1100000   17278000  260000000  260000000
   8      166    18757   183000    102754475049    102754658049        78357284   -5363285      15278     260000          0     4    1100000   17278000  260000000  260000000
   8      166    18018   254260    102754658059    102754912319        78540295   -5357554      15278     260000          0     4    1200000   17278000  260000000  260000000
   8      166    18963   283188    102754912328    102755195517        78794564   -5380752      15278     260000          0     4    1200000   17278000  260000000  260000000
   8      166    19655   233768    102755195527    102755429295        79077763   -5354531      15278     260000          0     4    1100000   17278000  260000000  260000000
   8      166    18258   351904    102755429306    102755781210        79311542   -5446446      15278     260000          0     4    1100000   17278000  260000000  260000000
   8      166    18014   406832    102755781220    102756188052        79663456   -5593288      15278     260000          0     4    1200000   17278000  260000000  260000000
   8      166    18011   299969    102756188095    102756488064        80070331   -5633299      15278     260000          0     4    1200000   17278000  260000000  260000000
   8      166    19649   240000    102756488074    102756728074        80370310   -5613310      15278     260000          0     4    1100000   17278000  260000000  260000000
   8      166    19344   275398    102756728085    102757003483        80610321   -5628718      15278     260000          0     4    1100000   17278000  260000000  260000000
   8      166    18034   226529    102757003492    102757230022        80885728   -5595257      15278     260000          0     4    1200000   17278000  260000000  260000000
   8      166    18015   304044    102757230032    102757534075        81112268   -5639311      15278     260000          0     4    1200000   17278000  260000000  260000000
   8      166    18025   258294    102757534085    102757792380        81416321   -5637615      15278     260000          0     4    1200000   17278000  260000000  260000000
   8      166    18620   276280    102757792390    102758068669        81674625   -5653905      15278     260000          0     4    1200000   17278000  260000000  260000000
   8      166    19652   243938    102758068681    102758312619        81950917   -5637855      15278     260000          0     4    1100000   17278000  260000000  260000000
   8      166    19666   224186    102758312630    102758536815        82194865   -5602051      15278     260000          0     4    1100000   17278000  260000000  260000000
   8      166    18278   306491    102758536826    102758843317        82419062   -5648553      15278     260000          0     4    1100000   17278000  260000000  260000000
   8      166    18014   366303    102758843327    102759209630        82725563   -5754866      15278     260000          0     4    1200000   17278000  260000000  260000000
   8      166    19447   354697    102759209640    102759564337        83091876   -5849573      15278     260000          0     4    1200000   17278000  260000000  260000000
   8      166    19658   323921    102759564348    102759888269        83446584   -5913504      15278     260000          0     4    1100000   17278000  260000000  260000000
   8      166    19666   200208    102759888280    102760088487        83770515   -5853723      15278     260000          0     4    1100000   17278000  260000000  260000000
   8      166    19690   264405    102760088498    102760352903        83970734   -5858139      15278     260000          0     4    1100000   17278000  260000000  260000000
   8      166    18027   257648    102760352914    102760610562        84235150   -5855797      15278     260000          0     4    1200000   17278000  260000000  260000000
   8      166    18023   366263    102760610572    102760976835        84492808   -5962071      15278     260000          0     4    1200000   17278000  260000000  260000000
   8      166    18646   162883    102760976846    102761139729        84859082   -5864964      15278     260000          0     4    1200000   17278000  260000000  260000000
   8      166    19667   256235    102761139740    102761395975        85021976   -5861210      15278     260000          0     4    1100000   17278000  260000000  260000000
   8      166    18349   334597    102761395986    102761730583        85278222   -5935818      15278     260000          0     4    1100000   17278000  260000000  260000000
   8      166    18026   186597    102761730592    102761917190        85612828   -5862425      15278     260000          0     4    1200000   17278000  260000000  260000000
   8      166    18018   354223    102761917200    102762271423        85799435   -5956659      15278     260000          0     4    1200000   17278000  260000000  260000000
   8      166    18017   178256    102762271433    102762449688        86153669   -5874924      15278     260000          0     4    1200000   17278000  260000000  260000000
   8      166    19488   526882    102762449698    102762976580        86331934   -6141816      15278     260000          0     4    1200000   17278000  260000000  260000000
   8      166    19657   247919    102762976638    102763224557        86858873   -6129793      15278     260000          0     4    1100000   17278000  260000000  260000000
   8      166    19353   300893    102763224568    102763525461        87106804   -6170696      15278     260000          0     4    1100000   17278000  260000000  260000000
   8      166    18025   206638    102763525471    102763732109        87407707   -6117345      15278     260000          0     4    1200000   17278000  260000000  260000000
   8      166    18020   314234    102763732119    102764046353        87614355   -6171588      15278     260000          0     4    1200000   17278000  260000000  260000000
   8      166    18023   206657    102764046363    102764253020        87928598   -6118255      15278     260000          0     4    1200000   17278000  260000000  260000000
   8      166    18013   314238    102764253030    102764567267        88135265   -6172503      15278     260000          0     4    1200000   17278000  260000000  260000000
   8      166    18888   207545    102764567277    102764774822        88449513   -6120058      15278     260000          0     4    1200000   17278000  260000000  260000000
   8      166    19656   324442    102764774833    102765099276        88657069   -6184511      15278     260000          0     4    1100000   17278000  260000000  260000000
   8      166    18414   199075    102765099286    102765298362        88981522   -6123597      15278     260000          0     4    1100000   17278000  260000000  260000000
   8      166    18018   509688    102765298372    102765808059        89180607   -6373294      15278     260000          0     4    1200000   17278000  260000000  260000000
   8      166    19652   256430    102765808070    102766064500        89690306   -6369735      15278     260000          0     4    1100000   17278000  260000000  260000000
   8      166    19306   339544    102766064510    102766404054        89946746   -6449290      15278     260000          0     4    1100000   17278000  260000000  260000000
   8      166    18024   182691    102766404064    102766586756        90286300   -6371991      15278     260000          0     4    1200000   17278000  260000000  260000000
