#idx     perf      run   period           start             end          rel_st      slack c_duration   c_period     wu_lat   cpu       freq dl_runtime  dl_period dl_deadline
  14     1013    94175   369762    139367813765    139368183526         5516178     186676      93241     300000      87858     6    1400000   98149000  300000000  300000000
  14     1013    94353   226860    139368183536    139368410395         5885949     101998      93241     300000      14726     6    1400000   98149000  300000000  300000000
  14     1013    94244   286055    139368410404    139368696459         6112818     189979      93241     300000        790     6    1400000   98149000  300000000  300000000
  14     1013    94598   313885    139368696474    139369010359         6398888     188788      93241     300000      14691     6    1400000   98149000  300000000  300000000
  14     1013    94197   285347    139369010368    139369295716         6712781     190226      93241     300000         47     5    1400000   98149000  300000000  300000000
  14     1013    95531   314654    139369295724    139369610379         6998137     188396      93241     300000      14710     5    1400000   98149000  300000000  300000000
  14     1013    94191   285344    139369610388    139369895731         7312801     190082      93241     300000         62     5    1400000   98149000  300000000  300000000
  14     1013    95826   370817    139369895742    139370266558         7598155     188514      93241     300000      70890     5    1400000   98149000  300000000  300000000
  14     1013    94211   229138    139370266567    139370495705         7968980     119375      93241     300000         35     5    1400000   98149000  300000000  300000000
  14     1013    94228   325000    139370495714    139370820713         8198127     190107      93241     300000      25045     5    1400000   98149000  300000000  300000000
  14     1013    94216   274978    139370820722    139371095700         8523135     165255      93241     300000         32     5    1400000   98149000  300000000  300000000
  14     1013    94205   314658    139371095709    139371410368         8798122     190242      93241     300000      14699     5    1400000   98149000  300000000  300000000
  14     1013    94197   285333    139371410377    139371695710         9112790     190188      93241     300000         40     5    1400000   98149000  300000000  300000000
  14     1013    94213   314658    139371695720    139372010378         9398133     190212      93241     300000      14710     5    1400000   98149000  300000000  300000000
  14     1013    94195   369241    139372010387    139372379628         9712800     190218      93241     300000      83960     5    1400000   98149000  300000000  300000000
  14     1013    94192   230721    139372379637    139372610358        10082050     120927      93241     300000      14690     5    1400000   98149000  300000000  300000000
  14     1013    94193   324587    139372610367    139372934954        10312780     190256      93241     300000      39286     5    1400000   98149000  300000000  300000000
  14     1013    94214   275386    139372934962    139373210349        10637376     150988      93241     300000      14680     5    1400000   98149000  300000000  300000000
  14     1013    94193   285342    139373210358    139373495700        10912771     190244      93241     300000         32     5    1400000   98149000  300000000  300000000
  14     1013    94217   314635    139373495709    139373810344        11198123     190224      93241     300000      14676     5    1400000   98149000  300000000  300000000
  14     1013    94194   285355    139373810352    139374095708        11512765     190277      93241     300000         39     5    1400000   98149000  300000000  300000000
  14     1013    94222   369203    139374095717    139374464920        11798130     190164      93241     300000      69252     5    1400000   98149000  300000000  300000000
  14     1013    94209   230772    139374464929    139374695701        12167342     121013      93241     300000         33     5    1400000   98149000  300000000  300000000
  14     1013    94216   359221    139374695748    139375054969        12398161     190164      93241     300000      59301     5    1400000   98149000  300000000  300000000
  14     1013    94217   240728    139375054977    139375295706        12757391     130954      93241     300000         36     5    1400000   98149000  300000000  300000000
  14     1013    94215   314662    139375295715    139375610376        12998128     190063      93241     300000      14708     4    1400000   98149000  300000000  300000000
  14     1013    94200   285320    139375610385    139375895705        13312798     190251      93241     300000         37     4    1400000   98149000  300000000  300000000
  14     1013    94225   314694    139375895715    139376210409        13598128     190208      93241     300000      14741     5    1400000   98149000  300000000  300000000
  14     1013    95904   285283    139376210418    139376495701        13912831     188423      93241     300000         33     5    1400000   98149000  300000000  300000000
  14     1013    94212   314696    139376495709    139376810406        14198123     190189      93241     300000      14738     5    1400000   98149000  300000000  300000000
  14     1013    94192   369137    139376810415    139377179552        14512828     190189      93241     300000      83884     5    1400000   98149000  300000000  300000000
  14     1013    94196   230802    139377179560    139377410362        14881973     121014      93241     300000      14694     5    1400000   98149000  300000000  300000000
  14     1013    94188   294610    139377410370    139377704981        15112784     190222      93241     300000       9313     5    1400000   98149000  300000000  300000000
  14     1013    94218   305390    139377704989    139378010380        15407403     180932      93241     300000      14711     5    1400000   98149000  300000000  300000000
  14     1013    94190   285334    139378010388    139378295722        15712801     190058      93241     300000         53     6    1400000   98149000  300000000  300000000
  14     1013    95899   314635    139378295731    139378610366        15998145     188321      93241     300000      14698     6    1400000   98149000  300000000  300000000
  14     1013    94197   285325    139378610375    139378895700        16312788     190080      93241     300000         32     6    1400000   98149000  300000000  300000000
  14     1013    95939   371543    139378895709    139379267252        16598122     188322      93241     300000      71584     6    1400000   98149000  300000000  300000000
  14     1013    94218   228458    139379267261    139379495720        16969674     118616      93241     300000         51     6    1400000   98149000  300000000  300000000
  14     1013    94227   330034    139379495729    139379825762        17198142     190005      93241     300000      30094     6    1400000   98149000  300000000  300000000
  14     1013    94208   269930    139379825771    139380095701        17528184     159950      93241     300000         32     6    1400000   98149000  300000000  300000000
  14     1013    94209   314681    139380095710    139380410391        17798123     190047      93241     300000      14723     4    1400000   98149000  300000000  300000000
  14     1013    95259   285301    139380410400    139380695701        18112813     188828      93241     300000         33     4    1400000   98149000  300000000  300000000
  14     1013    94225   314671    139380695710    139381010381        18398123     190177      93241     300000      14712     4    1400000   98149000  300000000  300000000
  14     1013    97094   372873    139381010390    139381383263        18712803     186527      93241     300000      87595     4    1400000   98149000  300000000  300000000
  14     1013    94193   400786    139381383272    139381784058        19085685     117287      93241     300000     188389     4    1400000   98149000  300000000  300000000
  14     1013    94186   111636    139381784066    139381895702        19486479      16466      93241     300000         34     5    1400000   98149000  300000000  300000000
  14     1013    94184   299970    139381895743    139382195713        19598156     204732      93241     300000         44     5    1400000   98149000  300000000  300000000
  14     1013    94184   364372    139382195723    139382560095        19898136     204743      93241     300000      64427     5    1400000   98149000  300000000  300000000
  14     1013    95738   235606    139382560103    139382795709        20262517     138815      93241     300000         41     5    1400000   98149000  300000000  300000000
  14     1013    94187   299984    139382795718    139383095702        20498131     204760      93241     300000         34     5    1400000   98149000  300000000  300000000
  14     1013    94182   300022    139383095711    139383395733        20798124     204884      93241     300000         63     5    1400000   98149000  300000000  300000000
  14     1013    94201   299983    139383395742    139383695725        21098155     204799      93241     300000         55     5    1400000   98149000  300000000  300000000
  14     1013    94385   299976    139383695735    139383995711        21398148     204570      93241     300000         42     5    1300000   98149000  300000000  300000000
  14     1013    94185   300000    139383995720    139384295720        21698133     204713      93241     300000         52     5    1400000   98149000  300000000  300000000
  14     1013    94205   300001    139384295730    139384595731        21998143     204826      93241     300000         63     4    1400000   98149000  300000000  300000000
  14     1013    94201   299964    139384595740    139384895704        22298154     204831      93241     300000         36     4    1400000   98149000  300000000  300000000
  14     1013    94188   300018    139384895713    139385195731        22598126     204749      93241     300000         61     4    1400000   98149000  300000000  300000000
  14     1013    95257   299979    139385195741    139385495719        22898154     203304      93241     300000         51     4    1400000   98149000  300000000  300000000
  14     1013    94202   299991    139385495728    139385795719        23198142     204835      93241     300000         49     4    1400000   98149000  300000000  300000000
  14     1013    95464   299986    139385795734    139386095719        23498147     203024      93241     300000         51     4    1400000   98149000  300000000  300000000
  14     1013    94202   299981    139386095729    139386395710        23798142     204801      93241     300000         41     4    1400000   98149000  300000000  300000000
  14     1013    94203   299991    139386395719    139386695710        24098132     204830      93241     300000         40     4    1400000   98149000  300000000  300000000
  14     1013    94199   300006    139386695719    139386995725        24398132     204849      93241     300000         57     4    1400000   98149000  300000000  300000000
  14     1013    94198   299995    139386995735    139387295730        24698148     204792      93241     300000         61     6    1400000   98149000  300000000  300000000
  14     1013    94720   300004    139387295739    139387595743        24998153     204209      93241     300000         74     6    1400000   98149000  300000000  300000000
  14     1013    94200   299950    139387595753    139387895703        25298166     204818      93241     300000         35     4    1400000   98149000  300000000  300000000
  14     1013    96558   299997    139387895712    139388195709        25598125     201782      93241     300000         41     4    1400000   98149000  300000000  300000000
  14     1013    94189   299995    139388195719    139388495713        25898132     204740      93241     300000         45     4    1400000   98149000  300000000  300000000
  14     1013    94202   299987    139388495723    139388795710        26198136     204831      93241     300000         41     7    1400000   98149000  300000000  300000000
  14     1013    94196   299959    139388795756    139389095716        26498170     204731      93241     300000         47     7    1400000   98149000  300000000  300000000
  14     1013    94213   353788    139389095725    139389449512        26798138     151062      93241     300000      53844     4    1400000   98149000  300000000  300000000
  14     1013    96174   269946    139389449521    139389719468        27151935     148721      93241     300000      23800     4    1400000   98149000  300000000  300000000
  14     1013    94203   276254    139389719477    139389995731        27421890     181087      93241     300000         63     4    1400000   98149000  300000000  300000000
  14     1013    94208   299984    139389995740    139390295724        27698153     204770      93241     300000         55     4    1400000   98149000  300000000  300000000
  14     1013    94212   299977    139390295733    139390595710        27998146     204778      93241     300000         42     4    1400000   98149000  300000000  300000000
  14     1013    94204   299988    139390595720    139390895708        28298133     204820      93241     300000         40     4    1400000   98149000  300000000  300000000
  14     1013    94204   299992    139390895717    139391195708        28598130     204857      93241     300000         38     4    1400000   98149000  300000000  300000000
  14     1013    94201   299985    139391195717    139391495702        28898130     204838      93241     300000         34     4    1400000   98149000  300000000  300000000
  14     1013    94195   299998    139391495711    139391795710        29198125     204906      93241     300000         41     4    1400000   98149000  300000000  300000000
  14     1013    94222   353692    139391795719    139392149411        29498132     151089      93241     300000      53743     4    1400000   98149000  300000000  300000000
  14     1013    94198   270042    139392149420    139392419462        29851834     151141      93241     300000      23794     4    1400000   98149000  300000000  300000000
  14     1013    94208   276231    139392419471    139392695702        30121885     181073      93241     300000         34     4    1400000   98149000  300000000  300000000
  14     1013    94206   299999    139392695711    139392995710        30398124     204868      93241     300000         41     4    1400000   98149000  300000000  300000000
  14     1013    94198   300003    139392995719    139393295723        30698132     204866      93241     300000         54     4    1400000   98149000  300000000  300000000
  14     1013    94203   299981    139393295732    139393595713        30998145     204774      93241     300000         43     4    1400000   98149000  300000000  300000000
  14     1013    94195   299978    139393595723    139393895701        31298136     204853      93241     300000         33     4    1400000   98149000  300000000  300000000
  14     1013    94193   300018    139393895710    139394195728        31598123     204875      93241     300000         60     4    1400000   98149000  300000000  300000000
  14     1013    94202   299976    139394195737    139394495713        31898151     204766      93241     300000         44     4    1400000   98149000  300000000  300000000
  14     1013    94210   353717    139394495722    139394849439        32198136     204804      93241     300000      53771     4    1400000   98149000  300000000  300000000
  14     1013    94198   269977    139394849448    139395119426        32551861     151132      93241     300000      23757     4    1400000   98149000  300000000  300000000
  14     1013    94198   276296    139395119434    139395395730        32821847     181139      93241     300000         62     4    1400000   98149000  300000000  300000000
  14     1013    94197   299963    139395395739    139395695702        33098153     204820      93241     300000         34     4    1400000   98149000  300000000  300000000
  14     1013    94201   300001    139395695711    139395995712        33398124     204844      93241     300000         43     4    1400000   98149000  300000000  300000000
  14     1013    94204   299963    139395995756    139396295719        33698170     204775      93241     300000         51     4    1400000   98149000  300000000  300000000
  14     1013    94195   299980    139396295729    139396595708        33998142     204859      93241     300000         40     4    1400000   98149000  300000000  300000000
  14     1013    94194   299983    139396595717    139396895700        34298130     204840      93241     300000         32     4    1400000   98149000  300000000  300000000
  14     1013    94208   300018    139396895709    139397195726        34598122     204847      93241     300000         58     4    1400000   98149000  300000000  300000000
  14     1013    94227   353725    139397195736    139397549461        34898149     151034      93241     300000      53792     4    1400000   98149000  300000000  300000000
  14     1013    94198   269946    139397549469    139397819416        35251883     151124      93241     300000      23747     7    1400000   98149000  300000000  300000000
  14     1013    94187   276276    139397819424    139398095700        35521837     181240      93241     300000         32     7    1400000   98149000  300000000  300000000
  14     1013    94187   300013    139398095709    139398395722        35798122     204788      93241     300000         52     7    1400000   98149000  300000000  300000000
  14     1013    94205   299982    139398395732    139398695714        36098145     204790      93241     300000         45     7    1400000   98149000  300000000  300000000
  14     1013    94201   300003    139398695723    139398995725        36398136     204842      93241     300000         55     4    1400000   98149000  300000000  300000000
  14     1013    95978   299971    139398995736    139399295707        36698149     202568      93241     300000         39     4    1400000   98149000  300000000  300000000
  14     1013    94251   329524    139399295716    139399625240        36998129     163720      93241     300000      29571     4    1400000   98149000  300000000  300000000
  14     1013    94264   270469    139399625249    139399895719        37327663     134033      93241     300000         48     4    1400000   98149000  300000000  300000000
  14     1013    94310   382140    139399895732    139400277872        37598145      68282      93241     300000      82203     4    1400000   98149000  300000000  300000000
  14     1013    94231   242933    139400277882    139400520815        37980295      81635      93241     300000      25147     4    1400000   98149000  300000000  300000000
  14     1013    94225   316064    139400520825    139400836889        38223238     138636      93241     300000      41221     4    1400000   98149000  300000000  300000000
  14     1013    94251   263935    139400836899    139401100834        38539312     122445      93241     300000       5165     4    1400000   98149000  300000000  300000000
  14     1013    94250   323289    139401100845    139401424135        38803259     158603      93241     300000      28466     4    1400000   98149000  300000000  300000000
  14     1013    94239   271566    139401424146    139401695711        39126559     134963      93241     300000         42     4    1400000   98149000  300000000  300000000
  14     1013    95254   331201    139401695741    139402026942        39398154     161548      93241     300000      31273     4    1400000   98149000  300000000  300000000
  14     1013    94233   268758    139402026952    139402295709        39729365     132324      93241     300000         40     4    1400000   98149000  300000000  300000000
  14     1013    94219   328370    139402295719    139402624089        39998132     163521      93241     300000      28421     4    1400000   98149000  300000000  300000000
  14     1013    95091   366463    139402624098    139402990561        40326511      67381      93241     300000      94893     4    1400000   98149000  300000000  300000000
  14     1013    94301   265250    139402990644    139403255894        40693057      67586      93241     300000      60225     4    1400000   98149000  300000000  300000000
  14     1013    94979   265234    139403255908    139403521142        40958321      98126      93241     300000      25473     4    1400000   98149000  300000000  300000000
  14     1013    95238   315722    139403521152    139403836874        41223565     131467      93241     300000      41205     4    1400000   98149000  300000000  300000000
  14     1013    94218   258845    139403836884    139404095729        41539297     122632      93241     300000         59     4    1400000   98149000  300000000  300000000
  14     1013    94223   328331    139404095741    139404424072        41798154     163691      93241     300000      28403     4    1400000   98149000  300000000  300000000
  14     1013    94252   271629    139404424082    139404695710        42126495     135127      93241     300000         42     4    1400000   98149000  300000000  300000000
  14     1013    94248   328333    139404695720    139405024053        42398133     163697      93241     300000      28385     4    1400000   98149000  300000000  300000000
  14     1013    94216   271675    139405024062    139405295737        42726475     135385      93241     300000         66     4    1400000   98149000  300000000  300000000
  14     1013    94243   394936    139405295751    139405690687        42998164      80930      93241     300000      95018     4    1400000   98149000  300000000  300000000
  14     1013    94242   241768    139405690696    139405932464        43393109      68608      93241     300000      36794     4    1400000   98149000  300000000  300000000
  14     1013    95254   298338    139405932478    139406230816        43634892     124864      93241     300000      35147     4    1400000   98149000  300000000  300000000
  14     1013    94263   271100    139406230829    139406501930        43933243     128296      93241     300000       6260     4    1400000   98149000  300000000  300000000
  14     1013    94330   334948    139406501944    139406836892        44204357     157161      93241     300000      41223     4    1400000   98149000  300000000  300000000
  14     1013    94915   258815    139406836901    139407095717        44539314     121215      93241     300000         46     4    1400000   98149000  300000000  300000000
  14     1013    94438   328361    139407095731    139407424091        44798144     163256      93241     300000      28422     4    1400000   98149000  300000000  300000000
  14     1013    94245   271628    139407424101    139407695729        45126514     135290      93241     300000         60     4    1400000   98149000  300000000  300000000
  14     1013    94252   328405    139407695740    139408024145        45398153     163392      93241     300000      28476     4    1400000   98149000  300000000  300000000
  14     1013    94441   325492    139408024154    139408349647        45726568      80448      93241     300000      53978     4    1400000   98149000  300000000  300000000
  14     1013    94235   315013    139408349658    139408664671        46052071      81273      93241     300000      69002     4    1400000   98149000  300000000  300000000
  14     1013    94815   266151    139408664683    139408930834        46367096      93587      93241     300000      35165     4    1400000   98149000  300000000  300000000
  14     1013    94230   293314    139408930846    139409224160        46633259     128349      93241     300000      28491     4    1400000   98149000  300000000  300000000
  14     1013    94216   271554    139409224170    139409495724        46926583     135108      93241     300000         53     4    1400000   98149000  300000000  300000000
  14     1013    94250   331229    139409495740    139409826969        47198153     163399      93241     300000      31300     4    1400000   98149000  300000000  300000000
  14     1013    94234   268733    139409826979    139410095712        47529392     132394      93241     300000         42     4    1400000   98149000  300000000  300000000
  14     1013    94473   328302    139410095779    139410424081        47798192     163132      93241     300000      28413     4    1400000   98149000  300000000  300000000
  14     1013    94252   284544    139410424091    139410708635        48126504     135188      93241     300000      12966     4    1400000   98149000  300000000  300000000
  14     1013    95142   370380    139410708645    139411079025        48411058      66697      93241     300000      83356     4    1400000   98149000  300000000  300000000
  14     1013    96737   240403    139411079037    139411319440        48781450      76723      93241     300000      23771     4    1400000   98149000  300000000  300000000
  14     1013    94472   317455    139411319449    139411636904        49021862     139720      93241     300000      41236     4    1400000   98149000  300000000  300000000
  14     1013    95600   264409    139411636914    139411901323        49339327     120644      93241     300000       5654     4    1400000   98149000  300000000  300000000
  14     1013    95043   323199    139411901333    139412224531        49603746     157226      93241     300000      28862     5    1400000   98149000  300000000  300000000
  14     1013    97950   271177    139412224543    139412495720        49926957     128924      93241     300000         50     5    1400000   98149000  300000000  300000000
  14     1013    95117   328412    139412495735    139412824147        50198148     162429      93241     300000      28479     5    1400000   98149000  300000000  300000000
  14     1013    94218   271544    139412824158    139413095702        50526571     135107      93241     300000         33     5    1400000   98149000  300000000  300000000
  14     1013    94224   328403    139413095711    139413424114        50798124     163692      93241     300000      28446     5    1400000   98149000  300000000  300000000
  14     1013    94798   325531    139413424124    139413749655        51126538      93384      93241     300000      53986     4    1400000   98149000  300000000  300000000
  14     1013    94301   298095    139413749666    139414047760        51452079     122455      93241     300000      52091     4    1400000   98149000  300000000  300000000
  14     1013    94249   271907    139414047770    139414319677        51750183     124465      93241     300000      24008     5    1400000   98149000  300000000  300000000
  14     1013    95765   304412    139414319690    139414624101        52022103     150612      93241     300000      28432     5    1400000   98149000  300000000  300000000
  14     1013    94219   271600    139414624111    139414895711        52326524     148165      93241     300000         42     5    1400000   98149000  300000000  300000000
  14     1013    95394   328456    139414895723    139415224179        52598136     173190      93241     300000      28510     5    1400000   98149000  300000000  300000000
  14     1013    94349   271593    139415224190    139415495783        52926603     147832      93241     300000        112     5    1400000   98149000  300000000  300000000
  14     1013    94557   328391    139415495796    139415824187        53198209     175702      93241     300000      28518     5    1200000   98149000  300000000  300000000
  14     1013    94355   271511    139415824197    139416095708        53526610     147579      93241     300000         39     5    1400000   98149000  300000000  300000000
  14     1013    94364   382578    139416095721    139416478299        53798134     120266      93241     300000      82630     6    1400000   98149000  300000000  300000000
  14     1013    95936   243628    139416478312    139416721940        54180726      89495      93241     300000      26271     6    1400000   98149000  300000000  300000000
  14     1013    94248   303302    139416721951    139417025253        54424364     149960      93241     300000      29584     6    1400000   98149000  300000000  300000000
  14     1013    94638   270411    139417025310    139417295721        54727724     145429      93241     300000         51     6    1400000   98149000  300000000  300000000
  14     1013    94288   329143    139417295734    139417624877        54998147     174995      93241     300000      29208     6    1400000   98149000  300000000  300000000
  14     1013    94229   270828    139417624887    139417895715        55327300     147240      93241     300000         45     6    1400000   98149000  300000000  300000000
  14     1013    94240   328378    139417895727    139418224105        55598140     176236      93241     300000      28436     6    1400000   98149000  300000000  300000000
  14     1013    94233   271616    139418224114    139418495731        55926528     147928      93241     300000         62     6    1400000   98149000  300000000  300000000
  14     1013    94242   328372    139418495740    139418824112        56198153     176120      93241     300000      28443     6    1400000   98149000  300000000  300000000
  14     1013    94245   325402    139418824122    139419149524        56526535      94298      93241     300000      53855     6    1400000   98149000  300000000  300000000
  14     1013    95187   298422    139419149533    139419447954        56851946     120641      93241     300000      52286     6    1400000   98149000  300000000  300000000
  14     1013    94202   269965    139419447964    139419717929        57150377     124142      93241     300000      22260     6    1400000   98149000  300000000  300000000
  14     1013    95537   306129    139419717942    139420024071        57420355     152033      93241     300000      28403     6    1400000   98149000  300000000  300000000
  14     1013    94223   271631    139420024080    139420295711        57726493     148153      93241     300000         41     6    1400000   98149000  300000000  300000000
  14     1013    94212   328364    139420295726    139420624090        57998139     176518      93241     300000      28421     4    1400000   98149000  300000000  300000000
  14     1013    94235   271619    139420624099    139420895718        58326512     147896      93241     300000         48     4    1400000   98149000  300000000  300000000
  14     1013    94286   329046    139420895734    139421224780        58598147     175387      93241     300000      29110     4    1400000   98149000  300000000  300000000
  14     1013    96346   270923    139421224793    139421495715        58927206     141516      93241     300000         46     4    1400000   98149000  300000000  300000000
  14     1013    94277   385906    139421495729    139421881635        59198143     120680      93241     300000      85967     4    1400000   98149000  300000000  300000000
  14     1013    94265   237784    139421881645    139422119429        59584058      89681      93241     300000      23761     4    1400000   98149000  300000000  300000000
  14     1013    94226   304706    139422119439    139422424145        59821852     152858      93241     300000      28476     4    1400000   98149000  300000000  300000000
  14     1013    94253   271561    139422424155    139422695716        60126568     147453      93241     300000         47     4    1400000   98149000  300000000  300000000
  14     1013    94302   328416    139422695730    139423024146        60398143     175126      93241     300000      28477     4    1400000   98149000  300000000  300000000
  14     1013    94214   271563    139423024156    139423295719        60726569     147992      93241     300000         49     4    1400000   98149000  300000000  300000000
  14     1013    94236   328389    139423295731    139423624120        60998144     176284      93241     300000      28451     4    1400000   98149000  300000000  300000000
  14     1013    94259   271586    139423624130    139423895716        61326543     147302      93241     300000         46     4    1400000   98149000  300000000  300000000
  14     1013    94385   329139    139423895731    139424224870        61598144     172515      93241     300000      29201     4    1400000   98149000  300000000  300000000
  14     1013    94246   326067    139424224937    139424551004        61927350      93457      93241     300000      55335     4    1400000   98149000  300000000  300000000
  14     1013    94255   297047    139424551015    139424848062        62253428     120612      93241     300000      52393     4    1400000   98149000  300000000  300000000
  14     1013    94217   270526    139424848072    139425118598        62550485     124279      93241     300000      22929     4    1400000   98149000  300000000  300000000
  14     1013    94220   305515    139425118607    139425424122        62821020     153714      93241     300000      28453     4    1400000   98149000  300000000  300000000
  14     1013    94851   271578    139425424131    139425695710        63126544     145146      93241     300000         40     4    1400000   98149000  300000000  300000000
  14     1013    94222   328451    139425695724    139426024175        63398137     176428      93241     300000      28506     7    1400000   98149000  300000000  300000000
  14     1013    94221   271531    139426024187    139426295718        63726600     148017      93241     300000         48     7    1400000   98149000  300000000  300000000
  14     1013    94229   328394    139426295734    139426624129        63998148     176427      93241     300000      28459     7    1400000   98149000  300000000  300000000
  14     1013    94217   271575    139426624141    139426895717        64326554     148109      93241     300000         48     7    1400000   98149000  300000000  300000000
