#idx     perf      run   period           start             end          rel_st      slack c_duration   c_period     wu_lat   cpu       freq dl_runtime  dl_period dl_deadline
   4     2236   207923   746553    126421191209    126421937761         3866546     324941     205778     860000         42     5    1400000  216609000  860000000  860000000
   4     2236   208551   859991    126421937770    126422797761         4613107     370251     205778     860000         42     5    1400000  216609000  860000000  860000000
   4     2236   207932   912615    126422797770    126423710385         5473107     437572     205778     860000      52666     5    1400000  216609000  860000000  860000000
   4     2236   208670   854106    126423710394    126424564500         6385731     399875     205778     860000      46781     5    1400000  216609000  860000000  860000000
   4     2236   207906   813261    126424564508    126425377769         7239845     406372     205778     860000         50     5    1400000  216609000  860000000  860000000
   4     2236   222167   863288    126425377778    126426241066         8053115      -3348     205778     860000          0     5    1400000  216609000  860000000  860000000
   4     2236   223140   890320    126426241076    126427131396         8916413     -33677     205778     860000          0     5    1300000  216609000  860000000  860000000
   4     2236   208129   859468    126427131405    126427990872         9806742     -33154     205778     860000          0     5    1400000  216609000  860000000  860000000
   4     2236   223916   954426    126427990882    126428945307        10666219    -127589     205778     860000          0     5    1300000  216609000  860000000  860000000
   4     2236   221023   764304    126428945316    126429709620        11620653     -31902     205778     860000          0     5    1300000  216609000  860000000  860000000
   4     2236   217111   849945    126429709629    126430559574        12384966     -21856     205778     860000          0     5    1400000  216609000  860000000  860000000
   4     2236   242587   902213    126430559585    126431461798        13234922     -64079     205778     860000          0     5    1200000  216609000  860000000  860000000
   4     2236   235353   954237    126431461808    126432416045        14137145    -158288     205778     860000          0     5    1200000  216609000  860000000  860000000
   4     2236   242552   978038    126432416055    126433394093        15091392    -276374     205778     860000          0     5    1200000  216609000  860000000  860000000
   4     2236   234005   792683    126433394103    126434186785        16069440    -209067     205778     860000          0     5    1200000  216609000  860000000  860000000
   4     2236   233123   880759    126434186794    126435067554        16862131    -229835     205778     860000          0     5    1300000  216609000  860000000  860000000
   4     2236   242516  1046456    126435067564    126436114020        17742900    -416301     205778     860000          0     5    1200000  216609000  860000000  860000000
   4     2236   231718   896664    126436114030    126437010694        18789367    -452975     205778     860000          0     5    1200000  216609000  860000000  860000000
   4     2236   235791   915491    126437010704    126437926195        19686041    -508477     205778     860000          0     5    1200000  216609000  860000000  860000000
   4     2236   234255   778065    126437926204    126438704270        20601541    -426551     205778     860000          0     5    1300000  216609000  860000000  860000000
   4     2236   241824  1348136    126438704280    126440052416        21379616    -914697     205778     860000          0     5    1200000  216609000  860000000  860000000
   4     2236   223866   821287    126440052425    126440873712        22727762    -875994     205778     860000          0     5    1300000  216609000  860000000  860000000
   4     2236   225554   866111    126440873721    126441739833        23549058    -882114     205778     860000          0     5    1300000  216609000  860000000  860000000
   4     2236   238755   883918    126441739903    126442623821        24415240    -906103     205778     860000          0     5    1200000  216609000  860000000  860000000
   4     2236   232483  1026298    126442623830    126443650128        25299167   -1072410     205778     860000          0     5    1300000  216609000  860000000  860000000
   4     2236   242496   821489    126443650138    126444471627        26325475   -1033908     205778     860000          0     5    1200000  216609000  860000000  860000000
   4     2236   230428   904485    126444471637    126445376122        27146974   -1078403     205778     860000          0     5    1200000  216609000  860000000  860000000
   4     2236   242522   877492    126445376135    126446253627        28051472   -1095908     205778     860000          0     5    1200000  216609000  860000000  860000000
   4     2236   230719  1018944    126446253638    126447272581        28928975   -1254863     205778     860000          0     5    1200000  216609000  860000000  860000000
   4     2236   236304   801637    126447272591    126448074228        29947928   -1196509     205778     860000          0     5    1300000  216609000  860000000  860000000
   4     2236   228129   987869    126448074238    126449062107        30749575   -1324388     205778     860000          0     5    1200000  216609000  860000000  860000000
   4     2236   223899   787998    126449062116    126449850113        31737453   -1252395     205778     860000          0     5    1300000  216609000  860000000  860000000
   4     2236   240205   924755    126449850123    126450774878        32525460   -1317160     205778     860000          0     5    1300000  216609000  860000000  860000000
   4     2236   231507  1353164    126450774888    126452128052        33450225   -1810334     205778     860000          0     5    1200000  216609000  860000000  860000000
   4     2236   238249   793059    126452128061    126452921120        34803398   -1743402     205778     860000          0     5    1300000  216609000  860000000  860000000
   4     2236   223861   867360    126452921129    126453788489        35596466   -1750770     205778     860000          0     5    1300000  216609000  860000000  860000000
   4     2236   227006   933638    126453788498    126454722136        36463835   -1824417     205778     860000          0     5    1300000  216609000  860000000  860000000
   4     2236   242531   911305    126454722146    126455633450        37397483   -1875732     205778     860000          0     5    1200000  216609000  860000000  860000000
   4     2236   234665   977308    126455633461    126456610769        38308797   -1993050     205778     860000          0     5    1200000  216609000  860000000  860000000
   4     2236   238130   817952    126456610778    126457428730        39286115   -1951011     205778     860000          0     5    1300000  216609000  860000000  860000000
   4     2236   224673   906790    126457428740    126458335530        40104076   -1997811     205778     860000          0     5    1200000  216609000  860000000  860000000
   4     2236   234165   900503    126458335539    126459236042        41010876   -2038324     205778     860000          0     5    1300000  216609000  860000000  860000000
   4     2236   230418   988301    126459236054    126460224354        41911390   -2166636     205778     860000          0     5    1200000  216609000  860000000  860000000
   4     2236   236751   797375    126460224363    126461021738        42899700   -2104020     205778     860000          0     5    1300000  216609000  860000000  860000000
   4     2236   242547   906905    126461021749    126461928654        43697086   -2150935     205778     860000          0     5    1200000  216609000  860000000  860000000
   4     2236   228552   889655    126461928664    126462818319        44604001   -2180600     205778     860000          0     5    1200000  216609000  860000000  860000000
   4     2236   242555  1363054    126462818329    126464181383        45493666   -2683664     205778     860000          0     5    1200000  216609000  860000000  860000000
   4     2236   226836   782018    126464181432    126464963451        46856769   -2605732     205778     860000          0     5    1200000  216609000  860000000  860000000
   4     2236   239615   896670    126464963460    126465860130        47638797   -2642411     205778     860000          0     5    1300000  216609000  860000000  860000000
   4     2236   236900   929885    126465860140    126466790025        48535477   -2712306     205778     860000          0     5    1200000  216609000  860000000  860000000
   4     2236   229998   994211    126466790034    126467784245        49465371   -2846527     205778     860000          0     5    1300000  216609000  860000000  860000000
   4     2236   242540   938235    126467784255    126468722490        50459592   -2924772     205778     860000          0     5    1200000  216609000  860000000  860000000
   4     2236   228132   775210    126468722500    126469497710        51397837   -2839991     205778     860000          0     5    1200000  216609000  860000000  860000000
   4     2236   239345   978889    126469497719    126470476609        52173056   -2958890     205778     860000          0     5    1300000  216609000  860000000  860000000
   4     2236   234909   921209    126470476619    126471397828        53151955   -3020109     205778     860000          0     5    1200000  216609000  860000000  860000000
   4     2236   230886   878942    126471397837    126472276779        54073174   -3039061     205778     860000          0     5    1300000  216609000  860000000  860000000
   4     2236   227124   796772    126472276789    126473073561        54952126   -2975843     205778     860000          0     5    1200000  216609000  860000000  860000000
   4     2236   223896   899181    126473073571    126473972752        55748908   -3015033     205778     860000          0     5    1300000  216609000  860000000  860000000
   4     2236   240625  1376748    126473972761    126475349509        56648098   -3531791     205778     860000          0     5    1300000  216609000  860000000  860000000
   4     2236   235538   787141    126475349519    126476136660        58024856   -3458942     205778     860000          0     5    1200000  216609000  860000000  860000000
   4     2236   231559   894177    126476136670    126477030847        58812007   -3493129     205778     860000          0     5    1300000  216609000  860000000  860000000
   4     2236   227508   883548    126477030858    126477914405        59706195   -3516687     205778     860000          0     5    1200000  216609000  860000000  860000000
   4     2236   240042  1040486    126477914415    126478954900        60589751   -3697182     205778     860000          0     5    1300000  216609000  860000000  860000000
   4     2236   235277   877326    126478954910    126479832237        61630247   -3714519     205778     860000          0     5    1200000  216609000  860000000  860000000
   4     2236   231914   813827    126479832246    126480646074        62507583   -3668355     205778     860000          0     5    1300000  216609000  860000000  860000000
   4     2236   242545   898293    126480646084    126481544377        63321421   -3706659     205778     860000          0     5    1200000  216609000  860000000  860000000
   4     2236   242514  1021005    126481544387    126482565392        64219724   -3867674     205778     860000          0     5    1200000  216609000  860000000  860000000
   4     2236   242520   897088    126482565402    126483462490        65240739   -3904772     205778     860000          0     5    1200000  216609000  860000000  860000000
   4     2236   228781   923109    126483462500    126484385609        66137837   -3967891     205778     860000          0     5    1200000  216609000  860000000  860000000
   4     2236   235536   856503    126484385618    126485242121        67060955   -3964403     205778     860000          0     5    1300000  216609000  860000000  860000000
   4     2236   240853  1289695    126485242169    126486531864        67917506   -4394146     205778     860000          0     5    1200000  216609000  860000000  860000000
   4     2236   227207   883804    126486531873    126487415677        69207210   -4417959     205778     860000          0     5    1300000  216609000  860000000  860000000
   4     2236   242501   922101    126487415687    126488337788        70091024   -4480070     205778     860000          0     5    1200000  216609000  860000000  860000000
   4     2236   242541   887309    126488337798    126489225107        71013135   -4507389     205778     860000          0     5    1200000  216609000  860000000  860000000
   4     2236   238830   927595    126489225117    126490152713        71900454   -4574994     205778     860000          0     5    1200000  216609000  860000000  860000000
   4     2236   223848   905496    126490152722    126491058218        72828059   -4620499     205778     860000          0     5    1300000  216609000  860000000  860000000
   4     2236   230732   891580    126491058227    126491949807        73733564   -4652089     205778     860000          0     5    1300000  216609000  860000000  860000000
   4     2236   242505   884840    126491949817    126492834657        74625154   -4676938     205778     860000          0     5    1200000  216609000  860000000  860000000
   4     2236   242500   932850    126492834667    126493767516        75510004   -4749798     205778     860000          0     5    1200000  216609000  860000000  860000000
   4     2236   242528   887761    126493767526    126494655287        76442863   -4777569     205778     860000          0     5    1200000  216609000  860000000  860000000
   4     2236   227889  1244197    126494655298    126495899495        77330635   -5161776     205778     860000          0     5    1200000  216609000  860000000  860000000
   4     2236   242460   916353    126495899505    126496815857        78574842   -5218139     205778     860000          0     5    1200000  216609000  860000000  860000000
   4     2236   227178   893379    126496815867    126497709246        79491204   -5251528     205778     860000          0     5    1200000  216609000  860000000  860000000
   4     2236   239343   952435    126497709256    126498661691        80384593   -5343972     205778     860000          0     5    1300000  216609000  860000000  860000000
   4     2236   235733   880387    126498661701    126499542088        81337038   -5364369     205778     860000          0     5    1200000  216609000  860000000  860000000
   4     2236   231367   898978    126499542097    126500441075        82217434   -5403357     205778     860000          0     5    1300000  216609000  860000000  860000000
   4     2236   242526   945532    126500441085    126501386617        83116422   -5488898     205778     860000          0     5    1200000  216609000  860000000  860000000
   4     2236   229348   871390    126501386627    126502258016        84061964   -5500298     205778     860000          0     5    1200000  216609000  860000000  860000000
   4     2236   240830   910701    126502258025    126503168726        84933362   -5551008     205778     860000          0     5    1300000  216609000  860000000  860000000
   4     2236   234343   895354    126503168736    126504064090        85844073   -5586372     205778     860000          0     5    1200000  216609000  860000000  860000000
   4     2236   239244   940178    126504064100    126505004278        86739437   -5666560     205778     860000          0     5    1300000  216609000  860000000  860000000
   4     2236   241627  1225918    126505004288    126506230206        87679625   -6032488     205778     860000          0     5    1200000  216609000  860000000  860000000
   4     2236   225227   887811    126506230216    126507118026        88905553   -6060308     205778     860000          0     5    1300000  216609000  860000000  860000000
   4     2236   242511   922239    126507118036    126508040275        89793373   -6122556     205778     860000          0     5    1200000  216609000  860000000  860000000
   4     2236   235996   905738    126508040330    126508946068        90715667   -6168350     205778     860000          0     5    1200000  216609000  860000000  860000000
   4     2236   238688   916906    126508946078    126509862983        91621415   -6225265     205778     860000          0     5    1300000  216609000  860000000  860000000
