#idx     perf      run   period           start             end          rel_st      slack c_duration   c_period     wu_lat   cpu       freq dl_runtime  dl_period dl_deadline
  14       75     7071   129921    125697437949    125697567869         1515050     122609       6989     130000         32     4    1400000    8989000  130000000  130000000
  14       75     7070   129991    125697567881    125697697873         1644983     122742       6989     130000         36     4    1400000    8989000  130000000  130000000
  14       75     7066   129988    125697697882    125697827869         1774983     122755       6989     130000         32     4    1400000    8989000  130000000  130000000
  14       75     7067   129996    125697827878    125697957874         1904979     122757       6989     130000         37     4    1400000    8989000  130000000  130000000
  14       75     7066   129985    125697957883    125698087869         2034985     122751       6989     130000         31     4    1400000    8989000  130000000  130000000
  14       75     7067   130016    125698087878    125698217894         2164979     122753       6989     130000         57     4    1400000    8989000  130000000  130000000
  14       75     7070   129967    125698217903    125698347870         2295004     122707       6989     130000         33     4    1400000    8989000  130000000  130000000
  14       75     7066   129994    125698347878    125698477872         2424979     122765       6989     130000         35     4    1400000    8989000  130000000  130000000
  14       75     7066   129989    125698477880    125698607869         2554982     122755       6989     130000         32     4    1400000    8989000  130000000  130000000
  14       75     7068   130004    125698607878    125698737881         2684979     122764       6989     130000         44     4    1400000    8989000  130000000  130000000
  14       75     7067   129996    125698737890    125698867886         2814992     122736       6989     130000         49     4    1400000    8989000  130000000  130000000
  14       75     7067   129999    125698867895    125698997894         2944997     122732       6989     130000         57     4    1400000    8989000  130000000  130000000
  14       75     7068   129965    125698997903    125699127868         3075005     122713       6989     130000         32     4    1400000    8989000  130000000  130000000
  14       75     7067   129996    125699127877    125699257873         3204978     122762       6989     130000         35     4    1400000    8989000  130000000  130000000
  14       75     7066   129985    125699257882    125699387867         3334983     122752       6989     130000         30     4    1400000    8989000  130000000  130000000
  14       75     7067   129997    125699387876    125699517873         3464977     122755       6989     130000         36     4    1400000    8989000  130000000  130000000
  14       75     7065   129997    125699517881    125699647879         3594983     122742       6989     130000         42     4    1400000    8989000  130000000  130000000
  14       75     7067   130002    125699647888    125699777889         3724989     122742       6989     130000         52     4    1400000    8989000  130000000  130000000
  14       75     7066   129977    125699777899    125699907876         3855000     122727       6989     130000         39     4    1400000    8989000  130000000  130000000
  14       75     7066   129987    125699907884    125700037872         3984986     122741       6989     130000         35     4    1400000    8989000  130000000  130000000
  14       75     7067   129990    125700037880    125700167871         4114982     122745       6989     130000         34     4    1400000    8989000  130000000  130000000
  14       75     7065   129994    125700167879    125700297873         4244981     122754       6989     130000         36     4    1400000    8989000  130000000  130000000
  14       75     7069   129988    125700297882    125700427870         4374983     122727       6989     130000         33     4    1400000    8989000  130000000  130000000
  14       75     7066   129960    125700427935    125700557895         4505036     122711       6989     130000         58     4    1400000    8989000  130000000  130000000
  14       75     7067   129975    125700557904    125700687879         4635006     122728       6989     130000         42     4    1400000    8989000  130000000  130000000
  14       75     7067   129982    125700687889    125700817871         4764990     122749       6989     130000         34     4    1400000    8989000  130000000  130000000
  14       75     7067   129993    125700817880    125700947872         4894981     122749       6989     130000         35     4    1400000    8989000  130000000  130000000
  14       75     7067   129997    125700947881    125701077878         5024983     122750       6989     130000         41     4    1400000    8989000  130000000  130000000
  14       75     7068   130000    125701077887    125701207887         5154988     122734       6989     130000         50     4    1400000    8989000  130000000  130000000
  14       75     7067   129998    125701207896    125701337894         5284997     122741       6989     130000         56     4    1400000    8989000  130000000  130000000
  14       75     7067   129966    125701337903    125701467869         5415004     122721       6989     130000         32     4    1400000    8989000  130000000  130000000
  14       75     7067   129996    125701467877    125701597873         5544978     122765       6989     130000         35     4    1400000    8989000  130000000  130000000
  14       75     7066   129989    125701597882    125701727871         5674983     122744       6989     130000         34     4    1400000    8989000  130000000  130000000
  14       75     7066   129995    125701727880    125701857874         5804981     122752       6989     130000         37     4    1400000    8989000  130000000  130000000
  14       75     7066   130002    125701857883    125701987885         5934984     122737       6989     130000         48     4    1400000    8989000  130000000  130000000
  14       75     7067   130004    125701987894    125702117897         6064995     122729       6989     130000         60     4    1400000    8989000  130000000  130000000
  14       75     7068   129963    125702117906    125702247869         6195008     122720       6989     130000         32     4    1400000    8989000  130000000  130000000
  14       75     7066   130001    125702247879    125702377880         6324980     122762       6989     130000         42     4    1400000    8989000  130000000  130000000
  14       75     7066   129980    125702377888    125702507868         6454990     122726       6989     130000         31     4    1400000    8989000  130000000  130000000
  14       75     7067   130013    125702507877    125702637890         6584978     122758       6989     130000         53     4    1400000    8989000  130000000  130000000
  14       75     7069   129987    125702637899    125702767885         6715000     122727       6989     130000         48     4    1400000    8989000  130000000  130000000
  14       75     7065   130003    125702767894    125702897897         6844996     122734       6989     130000         60     4    1400000    8989000  130000000  130000000
  14       75     7068   129960    125702897907    125703027867         6975008     122714       6989     130000         30     4    1400000    8989000  130000000  130000000
  14       75     7067   129998    125703027876    125703157874         7104977     122759       6989     130000         37     4    1400000    8989000  130000000  130000000
  14       75     7067   129990    125703157882    125703287872         7234983     122756       6989     130000         35     4    1400000    8989000  130000000  130000000
  14       75     7067   129991    125703287880    125703417872         7364982     122755       6989     130000         35     4    1400000    8989000  130000000  130000000
  14       75     7068   129995    125703417880    125703547875         7494981     122756       6989     130000         38     4    1400000    8989000  130000000  130000000
  14       75     7070   129974    125703547919    125703677893         7625021     122694       6989     130000         56     4    1400000    8989000  130000000  130000000
  14       75     7068   129965    125703677902    125703807867         7755004     122721       6989     130000         30     4    1400000    8989000  130000000  130000000
  14       75     7065   130001    125703807876    125703937876         7884977     122771       6989     130000         40     4    1400000    8989000  130000000  130000000
  14       75     7066   129984    125703937885    125704067869         8014986     122747       6989     130000         32     4    1400000    8989000  130000000  130000000
  14       75     7066   129993    125704067877    125704197870         8144979     122766       6989     130000         33     4    1400000    8989000  130000000  130000000
  14       75     7067   130000    125704197879    125704327878         8274980     122746       6989     130000         41     4    1400000    8989000  130000000  130000000
  14       75     7067   130024    125704327887    125704457912         8404989     122749       6989     130000         74     4    1400000    8989000  130000000  130000000
  14       75     7068   129948    125704457920    125704587868         8535022     122696       6989     130000         31     4    1400000    8989000  130000000  130000000
  14       75     7066   130005    125704587876    125704717881         8664978     122759       6989     130000         43     4    1400000    8989000  130000000  130000000
  14       75     7067   129984    125704717890    125704847873         8794991     122736       6989     130000         36     4    1400000    8989000  130000000  130000000
  14       75     7068   130003    125704847882    125704977884         8924983     122753       6989     130000         47     4    1400000    8989000  130000000  130000000
  14       75     7066   129985    125704977894    125705107878         9054995     122750       6989     130000         41     4    1400000    8989000  130000000  130000000
  14       75     7067   130006    125705107887    125705237893         9184989     122740       6989     130000         56     4    1400000    8989000  130000000  130000000
  14       75     7066   129974    125705237902    125705367876         9315003     122709       6989     130000         38     4    1400000    8989000  130000000  130000000
  14       75     7068   129987    125705367885    125705497872         9444986     122748       6989     130000         35     4    1400000    8989000  130000000  130000000
  14       75     7066   129990    125705497881    125705627870         9574982     122743       6989     130000         33     4    1400000    8989000  130000000  130000000
  14       75     7066   130000    125705627879    125705757879         9704980     122750       6989     130000         41     4    1400000    8989000  130000000  130000000
  14       75     7068   129992    125705757887    125705887879         9834989     122722       6989     130000         42     4    1400000    8989000  130000000  130000000
  14       75     7067   130007    125705887888    125706017895         9964990     122744       6989     130000         58     4    1400000    8989000  130000000  130000000
  14       75     7069   129963    125706017905    125706147867        10095006     122718       6989     130000         31     4    1400000    8989000  130000000  130000000
  14       75     7066   129996    125706147876    125706277871        10224977     122758       6989     130000         34     4    1400000    8989000  130000000  130000000
  14       75     7066   129989    125706277880    125706407869        10354981     122744       6989     130000         33     4    1400000    8989000  130000000  130000000
  14       75     7065   129994    125706407878    125706537872        10484980     122752       6989     130000         34     4    1400000    8989000  130000000  130000000
  14       75     7066   129963    125706537915    125706667878        10615016     122719       6989     130000         41     4    1400000    8989000  130000000  130000000
  14       75     7067   130003    125706667887    125706797890        10744988     122749       6989     130000         52     4    1400000    8989000  130000000  130000000
  14       75     7067   129970    125706797899    125706927869        10875000     122736       6989     130000         32     4    1400000    8989000  130000000  130000000
  14       75     7068   129997    125706927878    125707057875        11004979     122755       6989     130000         37     4    1400000    8989000  130000000  130000000
  14       75     7069   129990    125707057883    125707187873        11134985     122723       6989     130000         36     4    1400000    8989000  130000000  130000000
  14       75     7067   129992    125707187882    125707317874        11264983     122746       6989     130000         37     4    1400000    8989000  130000000  130000000
  14       75     7066   130001    125707317882    125707447884        11394984     122744       6989     130000         47     4    1400000    8989000  130000000  130000000
  14       75     7068   130000    125707447893    125707577893        11524994     122726       6989     130000         56     4    1400000    8989000  130000000  130000000
  14       75     7067   129969    125707577902    125707707870        11655003     122720       6989     130000         33     4    1400000    8989000  130000000  130000000
  14       75     7065   130017    125707707879    125707837896        11784980     122753       6989     130000         59     4    1400000    8989000  130000000  130000000
  14       75     7069   129968    125707837905    125707967873        11915007     122719       6989     130000         36     4    1400000    8989000  130000000  130000000
  14       75     7069   129992    125707967882    125708097874        12044983     122743       6989     130000         37     4    1400000    8989000  130000000  130000000
  14       75     7066   129997    125708097882    125708227879        12174983     122757       6989     130000         42     4    1400000    8989000  130000000  130000000
  14       75     7066   130021    125708227888    125708357909        12304989     122757       6989     130000         72     4    1400000    8989000  130000000  130000000
  14       75     7066   129950    125708357918    125708487868        12435019     122700       6989     130000         31     4    1400000    8989000  130000000  130000000
  14       75     7068   130014    125708487877    125708617890        12564978     122746       6989     130000         52     4    1400000    8989000  130000000  130000000
  14       75     7069   129970    125708617899    125708747869        12695001     122722       6989     130000         32     4    1400000    8989000  130000000  130000000
  14       75     7066   129993    125708747878    125708877871        12824979     122764       6989     130000         34     4    1400000    8989000  130000000  130000000
  14       75     7066   129990    125708877879    125709007869        12954980     122759       6989     130000         32     4    1400000    8989000  130000000  130000000
  14       75     7069   130020    125709007878    125709137897        13084979     122747       6989     130000         60     4    1400000    8989000  130000000  130000000
  14       75     7066   129963    125709137907    125709267870        13215008     122720       6989     130000         33     4    1400000    8989000  130000000  130000000
  14       75     7066   130003    125709267879    125709397882        13344980     122764       6989     130000         45     4    1400000    8989000  130000000  130000000
  14       75     7067   129979    125709397891    125709527870        13474992     122738       6989     130000         33     4    1400000    8989000  130000000  130000000
  14       75     7067   129995    125709527878    125709657873        13604980     122762       6989     130000         36     4    1400000    8989000  130000000  130000000
  14       75     7066   129977    125709657913    125709787890        13735015     122711       6989     130000         53     4    1400000    8989000  130000000  130000000
  14       75     7066   129987    125709787899    125709917886        13865001     122724       6989     130000         49     4    1400000    8989000  130000000  130000000
  14       75     7066   129974    125709917895    125710047869        13994997     122731       6989     130000         32     4    1400000    8989000  130000000  130000000
  14       75     7067   130003    125710047877    125710177881        14124979     122765       6989     130000         44     4    1400000    8989000  130000000  130000000
  14       75     7068   129984    125710177890    125710307873        14254991     122738       6989     130000         36     4    1400000    8989000  130000000  130000000
  14       75     7066   129996    125710307882    125710437878        14384983     122750       6989     130000         40     4    1400000    8989000  130000000  130000000
  14       75     7069   129999    125710437887    125710567886        14514988     122718       6989     130000         49     4    1400000    8989000  130000000  130000000
  14       75     7070   130000    125710567895    125710697894        14644996     122727       6989     130000         57     4    1400000    8989000  130000000  130000000
  14       75     7068   129964    125710697903    125710827868        14775005     122727       6989     130000         31     4    1400000    8989000  130000000  130000000
  14       75     7065   129995    125710827876    125710957871        14904978     122776       6989     130000         34     4    1400000    8989000  130000000  130000000
  14       75     7066   129995    125710957880    125711087874        15034981     122751       6989     130000         37     4    1400000    8989000  130000000  130000000
  14       75     7068   129989    125711087883    125711217872        15164985     122752       6989     130000         35     4    1400000    8989000  130000000  130000000
  14       75     7070   129989    125711217881    125711347870        15294982     122740       6989     130000         33     4    1400000    8989000  130000000  130000000
  14       75     7290   130023    125711347879    125711477901        15424980     121265       6989     130000         64     4    1400000    8989000  130000000  130000000
  14       75     7068   129956    125711477911    125711607867        15555012     122698       6989     130000         30     4    1400000    8989000  130000000  130000000
  14       75     7068   129996    125711607876    125711737872        15684977     122751       6989     130000         35     4    1400000    8989000  130000000  130000000
  14       75     7068   129991    125711737881    125711867871        15814982     122736       6989     130000         34     4    1400000    8989000  130000000  130000000
  14       75     7067   130003    125711867880    125711997883        15944981     122757       6989     130000         44     4    1400000    8989000  130000000  130000000
  14       75     7066   129976    125711997891    125712127867        16074993     122733       6989     130000         30     4    1400000    8989000  130000000  130000000
  14       75     7066   130016    125712127876    125712257892        16204977     122756       6989     130000         55     4    1400000    8989000  130000000  130000000
  14       75     7067   129967    125712257901    125712387868        16335002     122708       6989     130000         32     4    1400000    8989000  130000000  130000000
  14       75     7066   130005    125712387877    125712517882        16464978     122768       6989     130000         45     4    1400000    8989000  130000000  130000000
  14       75     7066   129980    125712517890    125712647870        16594992     122755       6989     130000         33     4    1400000    8989000  130000000  130000000
  14       75     7068   129963    125712647912    125712777875        16725013     122710       6989     130000         38     4    1400000    8989000  130000000  130000000
  14       75     7067   129986    125712777883    125712907869        16854985     122751       6989     130000         32     4    1400000    8989000  130000000  130000000
  14       75     7067   130017    125712907878    125713037895        16984979     122752       6989     130000         58     4    1400000    8989000  130000000  130000000
  14       75     7066   129965    125713037904    125713167868        17115005     122725       6989     130000         31     4    1400000    8989000  130000000  130000000
  14       75     7069   129998    125713167877    125713297875        17244978     122755       6989     130000         37     4    1400000    8989000  130000000  130000000
  14       75     7066   129997    125713297883    125713427880        17374985     122759       6989     130000         43     4    1400000    8989000  130000000  130000000
  14       75     7067   129985    125713427889    125713557874        17504990     122738       6989     130000         37     4    1400000    8989000  130000000  130000000
  14       75     7066   129989    125713557883    125713687872        17634984     122746       6989     130000         35     4    1400000    8989000  130000000  130000000
  14       75     7068   130025    125713687881    125713817906        17764982     122742       6989     130000         69     4    1400000    8989000  130000000  130000000
  14       75     7067   129952    125713817915    125713947867        17895016     122703       6989     130000         30     4    1400000    8989000  130000000  130000000
  14       75     7069   130025    125713947876    125714077900        18024977     122726       6989     130000         63     4    1400000    8989000  130000000  130000000
  14       75     7071   129958    125714077909    125714207867        18155010     122696       6989     130000         30     4    1400000    8989000  130000000  130000000
  14       75     7068   129995    125714207876    125714337871        18284978     122753       6989     130000         34     4    1400000    8989000  130000000  130000000
  14       75     7067   129990    125714337880    125714467870        18414981     122755       6989     130000         34     4    1400000    8989000  130000000  130000000
  14       75     7066   130018    125714467879    125714597896        18544980     122756       6989     130000         59     4    1400000    8989000  130000000  130000000
  14       75     7066   129967    125714597905    125714727872        18675007     122727       6989     130000         35     4    1400000    8989000  130000000  130000000
  14       75     7067   130008    125714727881    125714857888        18804982     122754       6989     130000         51     4    1400000    8989000  130000000  130000000
  14       75     7066   129986    125714857897    125714987883        18934999     122724       6989     130000         46     4    1400000    8989000  130000000  130000000
  14       75     7067   129981    125714987892    125715117874        19064994     122735       6989     130000         37     4    1400000    8989000  130000000  130000000
  14       75     7066   129986    125715117882    125715247868        19194983     122761       6989     130000         31     4    1400000    8989000  130000000  130000000
  14       75     7066   130012    125715247876    125715377888        19324977     122768       6989     130000         50     4    1400000    8989000  130000000  130000000
  14       75     7068   129972    125715377897    125715507869        19454998     122734       6989     130000         32     4    1400000    8989000  130000000  130000000
  14       75     7070   130002    125715507877    125715637879        19584979     122759       6989     130000         41     4    1400000    8989000  130000000  130000000
  14       75     7071   129992    125715637889    125715767881        19714990     122712       6989     130000         44     4    1400000    8989000  130000000  130000000
  14       75     7068   129949    125715767921    125715897870        19845022     122700       6989     130000         33     4    1400000    8989000  130000000  130000000
  14       75     7067   129992    125715897879    125716027871        19974980     122752       6989     130000         34     4    1400000    8989000  130000000  130000000
  14       75     7068   130011    125716027880    125716157891        20104981     122759       6989     130000         54     4    1400000    8989000  130000000  130000000
  14       75     7066   129967    125716157900    125716287867        20235001     122730       6989     130000         30     4    1400000    8989000  130000000  130000000
  14       75     7066   130015    125716287875    125716417891        20364977     122757       6989     130000         54     4    1400000    8989000  130000000  130000000
  14       75     7069   129990    125716417900    125716547889        20495001     122718       6989     130000         52     4    1400000    8989000  130000000  130000000
  14       75     7068   129975    125716547898    125716677873        20624999     122719       6989     130000         36     4    1400000    8989000  130000000  130000000
  14       75     7069   129986    125716677882    125716807868        20754983     122734       6989     130000         31     4    1400000    8989000  130000000  130000000
  14       75     7067   130013    125716807877    125716937890        20884978     122763       6989     130000         51     4    1400000    8989000  130000000  130000000
  14       75     7067   129972    125716937899    125717067871        21015000     122734       6989     130000         34     4    1400000    8989000  130000000  130000000
  14       75     7067   129998    125717067880    125717197877        21144981     122758       6989     130000         40     4    1400000    8989000  130000000  130000000
  14       75     7068   129999    125717197886    125717327886        21274988     122736       6989     130000         48     4    1400000    8989000  130000000  130000000
  14       75     7066   129979    125717327895    125717457874        21404996     122718       6989     130000         37     4    1400000    8989000  130000000  130000000
  14       75     7069   129987    125717457883    125717587869        21534984     122739       6989     130000         33     4    1400000    8989000  130000000  130000000
  14       75     7068   129996    125717587878    125717717874        21664979     122749       6989     130000         37     4    1400000    8989000  130000000  130000000
  14       75     7066   129985    125717717883    125717847868        21794984     122737       6989     130000         31     4    1400000    8989000  130000000  130000000
  14       75     7066   129997    125717847877    125717977874        21924978     122766       6989     130000         37     4    1400000    8989000  130000000  130000000
  14       75     7066   129996    125717977883    125718107878        22054984     122730       6989     130000         41     4    1400000    8989000  130000000  130000000
  14       75     7067   129991    125718107887    125718237878        22184989     122747       6989     130000         41     4    1400000    8989000  130000000  130000000
  14       75     7067   129981    125718237887    125718367868        22314989     122748       6989     130000         31     4    1400000    8989000  130000000  130000000
  14       75     7066   130016    125718367877    125718497893        22444978     122766       6989     130000         55     4    1400000    8989000  130000000  130000000
  14       75     7068   129968    125718497902    125718627870        22575003     122728       6989     130000         33     4    1400000    8989000  130000000  130000000
  14       75     7066   129996    125718627878    125718757874        22704980     122756       6989     130000         37     4    1400000    8989000  130000000  130000000
  14       75     7066   129968    125718757915    125718887883        22835016     122702       6989     130000         46     4    1400000    8989000  130000000  130000000
  14       75     7067   129998    125718887891    125719017890        22964993     122743       6989     130000         52     4    1400000    8989000  130000000  130000000
  14       75     7067   129970    125719017899    125719147869        23095000     122730       6989     130000         32     4    1400000    8989000  130000000  130000000
  14       75     7069   130009    125719147877    125719277886        23224979     122763       6989     130000         49     4    1400000    8989000  130000000  130000000
  14       75     7066   129972    125719277895    125719407867        23354996     122711       6989     130000         30     4    1400000    8989000  130000000  130000000
  14       75     7068   129998    125719407876    125719537874        23484977     122744       6989     130000         37     4    1400000    8989000  130000000  130000000
  14       75     7067   130004    125719537882    125719667886        23614984     122739       6989     130000         49     4    1400000    8989000  130000000  130000000
  14       75     7069   129998    125719667895    125719797894        23744997     122728       6989     130000         57     4    1400000    8989000  130000000  130000000
  14       75     7067   129967    125719797903    125719927869        23875004     122722       6989     130000         33     4    1400000    8989000  130000000  130000000
  14       75     7066   129998    125719927878    125720057876        24004980     122759       6989     130000         39     4    1400000    8989000  130000000  130000000
  14       75     7066   129985    125720057885    125720187870        24134986     122752       6989     130000         33     4    1400000    8989000  130000000  130000000
  14       75     7067   129995    125720187878    125720317873        24264980     122762       6989     130000         36     4    1400000    8989000  130000000  130000000
  14       75     7066   130003    125720317882    125720447885        24394984     122748       6989     130000         48     4    1400000    8989000  130000000  130000000
  14       75     7067   129998    125720447894    125720577892        24524996     122728       6989     130000         55     4    1400000    8989000  130000000  130000000
  14       75     7067   129966    125720577901    125720707867        24655003     122715       6989     130000         30     4    1400000    8989000  130000000  130000000
  14       75     7066   130003    125720707876    125720837879        24784977     122765       6989     130000         42     4    1400000    8989000  130000000  130000000
  14       75     7066   129982    125720837887    125720967869        24914989     122750       6989     130000         33     4    1400000    8989000  130000000  130000000
  14       75     7067   129995    125720967878    125721097873        25044979     122766       6989     130000         36     4    1400000    8989000  130000000  130000000
  14       75     7066   129992    125721097882    125721227874        25174983     122755       6989     130000         36     4    1400000    8989000  130000000  130000000
  14       75     7068   130000    125721227882    125721357882        25304984     122749       6989     130000         45     4    1400000    8989000  130000000  130000000
  14       75     7067   129978    125721357891    125721487870        25434993     122729       6989     130000         33     4    1400000    8989000  130000000  130000000
  14       75     7068   129998    125721487878    125721617876        25564980     122759       6989     130000         39     4    1400000    8989000  130000000  130000000
  14       75     7241   129983    125721617886    125721747870        25694988     121529       6989     130000         33     4    1400000    8989000  130000000  130000000
  14       75     7065   129994    125721747879    125721877873        25824980     122767       6989     130000         36     4    1400000    8989000  130000000  130000000
  14       75     7067   129970    125721877920    125722007890        25955021     122721       6989     130000         53     4    1400000    8989000  130000000  130000000
  14       75     7066   129989    125722007899    125722137888        26085001     122737       6989     130000         51     4    1400000    8989000  130000000  130000000
  14       75     7067   129972    125722137897    125722267869        26214998     122709       6989     130000         32     4    1400000    8989000  130000000  130000000
  14       75     7067   130008    125722267877    125722397885        26344978     122768       6989     130000         48     4    1400000    8989000  130000000  130000000
  14       75     7069   129975    125722397893    125722527868        26474995     122731       6989     130000         31     4    1400000    8989000  130000000  130000000
  14       75     7066   129996    125722527877    125722657873        26604978     122770       6989     130000         36     4    1400000    8989000  130000000  130000000
  14       75     7066   129996    125722657882    125722787878        26734983     122757       6989     130000         41     4    1400000    8989000  130000000  130000000
  14       75     7068   130013    125722787887    125722917899        26864988     122739       6989     130000         62     4    1400000    8989000  130000000  130000000
  14       75     7067   129960    125722917909    125723047868        26995010     122726       6989     130000         31     4    1400000    8989000  130000000  130000000
  14       75     7066   130005    125723047877    125723177882        27124979     122784       6989     130000         45     4    1400000    8989000  130000000  130000000
  14       75     7067   129980    125723177890    125723307870        27254992     122747       6989     130000         33     4    1400000    8989000  130000000  130000000
  14       75     7066   130001    125723307878    125723437879        27384980     122761       6989     130000         42     4    1400000    8989000  130000000  130000000
  14       75     7067   129981    125723437888    125723567868        27514989     122742       6989     130000         32     4    1400000    8989000  130000000  130000000
  14       75     7066   129995    125723567877    125723697872        27644978     122765       6989     130000         34     4    1400000    8989000  130000000  130000000
  14       75     7067   130004    125723697881    125723827884        27774982     122738       6989     130000         47     4    1400000    8989000  130000000  130000000
  14       75     7067   129981    125723827894    125723957875        27904995     122728       6989     130000         38     4    1400000    8989000  130000000  130000000
  14       75     7066   129987    125723957883    125724087870        28034984     122738       6989     130000         33     4    1400000    8989000  130000000  130000000
  14       75     7066   129996    125724087878    125724217874        28164980     122755       6989     130000         37     4    1400000    8989000  130000000  130000000
  14       75     7067   129984    125724217883    125724347868        28294985     122736       6989     130000         31     4    1400000    8989000  130000000  130000000
  14       75     7066   130005    125724347876    125724477881        28424977     122751       6989     130000         44     4    1400000    8989000  130000000  130000000
  14       75     7066   129991    125724477890    125724607881        28554991     122725       6989     130000         43     4    1400000    8989000  130000000  130000000
  14       75     7067   129990    125724607889    125724737880        28684991     122737       6989     130000         42     4    1400000    8989000  130000000  130000000
  14       75     7067   129978    125724737889    125724867866        28814990     122727       6989     130000         30     4    1400000    8989000  130000000  130000000
  14       75     7067   129964    125724867906    125724997870        28945007     122730       6989     130000         33     4    1400000    8989000  130000000  130000000
  14       75     7066   129992    125724997878    125725127870        29074979     122748       6989     130000         33     4    1400000    8989000  130000000  130000000
  14       75     7067   130012    125725127878    125725257890        29204980     122754       6989     130000         53     4    1400000    8989000  130000000  130000000
  14       75     7067   129970    125725257899    125725387869        29335000     122733       6989     130000         32     4    1400000    8989000  130000000  130000000
  14       75     7067   130010    125725387877    125725517888        29464979     122756       6989     130000         49     4    1400000    8989000  130000000  130000000
  14       75     7067   129976    125725517896    125725647872        29594997     122717       6989     130000         35     4    1400000    8989000  130000000  130000000
  14       75     7069   129990    125725647880    125725777870        29724982     122739       6989     130000         33     4    1400000    8989000  130000000  130000000
  14       75     7065   129991    125725777878    125725907869        29854980     122752       6989     130000         33     4    1400000    8989000  130000000  130000000
  14       75     7066   130012    125725907878    125726037890        29984979     122755       6989     130000         53     4    1400000    8989000  130000000  130000000
  14       75     7067   129972    125726037899    125726167871        30115000     122729       6989     130000         33     4    1400000    8989000  130000000  130000000
  14       75     7068   129999    125726167879    125726297878        30244981     122751       6989     130000         41     4    1400000    8989000  130000000  130000000
  14       75     7066   129985    125726297887    125726427871        30374988     122745       6989     130000         34     4    1400000    8989000  130000000  130000000
  14       75     7066   129997    125726427880    125726557877        30504982     122764       6989     130000         39     4    1400000    8989000  130000000  130000000
  14       75     7066   130004    125726557886    125726687890        30634988     122753       6989     130000         53     4    1400000    8989000  130000000  130000000
  14       75     7689   129975    125726687899    125726817874        30765001     118379       6989     130000         37     4    1400000    8989000  130000000  130000000
  14       75     7067   130003    125726817883    125726947886        30894984     122757       6989     130000         49     4    1400000    8989000  130000000  130000000
  14       75     7067   129987    125726947895    125727077882        31024996     122732       6989     130000         44     4    1400000    8989000  130000000  130000000
  14       75     7066   129977    125727077891    125727207868        31154992     122719       6989     130000         31     4    1400000    8989000  130000000  130000000
  14       75     7074   129996    125727207876    125727337872        31284977     122681       6989     130000         34     4    1400000    8989000  130000000  130000000
  14       75     7066   129997    125727337880    125727467878        31414982     122757       6989     130000         41     4    1400000    8989000  130000000  130000000
  14       75     7067   129997    125727467886    125727597884        31544988     122742       6989     130000         46     4    1400000    8989000  130000000  130000000
  14       75     7068   129993    125727597893    125727727886        31674994     122727       6989     130000         48     4    1400000    8989000  130000000  130000000
  14       75     7067   129986    125727727895    125727857880        31804996     122724       6989     130000         43     4    1400000    8989000  130000000  130000000
  14       75     7068   129982    125727857889    125727987870        31934990     122745       6989     130000         34     4    1400000    8989000  130000000  130000000
  14       75     7069   129959    125727987915    125728117873        32065016     122697       6989     130000         36     4    1400000    8989000  130000000  130000000
  14       75     7066   129988    125728117882    125728247871        32194984     122755       6989     130000         34     4    1400000    8989000  130000000  130000000
  14       75     7068   130002    125728247879    125728377881        32324981     122754       6989     130000         44     4    1400000    8989000  130000000  130000000
  14       75     7067   129990    125728377890    125728507880        32454991     122742       6989     130000         43     4    1400000    8989000  130000000  130000000
  14       75     7068   130001    125728507889    125728637890        32584990     122737       6989     130000         53     4    1400000    8989000  130000000  130000000
  14       75     7067   129967    125728637899    125728767866        32715001     122735       6989     130000         30     4    1400000    8989000  130000000  130000000
  14       75     7066   129998    125728767875    125728897873        32844976     122762       6989     130000         36     4    1400000    8989000  130000000  130000000
  14       75     7067   129990    125728897881    125729027872        32974983     122748       6989     130000         35     4    1400000    8989000  130000000  130000000
  14       75     7067   129991    125729027880    125729157871        33104982     122751       6989     130000         34     4    1400000    8989000  130000000  130000000
  14       75     7067   129998    125729157880    125729287878        33234981     122749       6989     130000         41     4    1400000    8989000  130000000  130000000
  14       75     7067   130007    125729287887    125729417894        33364989     122749       6989     130000         57     4    1400000    8989000  130000000  130000000
  14       75     7068   129968    125729417903    125729547871        33495004     122717       6989     130000         34     4    1400000    8989000  130000000  130000000
  14       75     7067   129995    125729547880    125729677875        33624981     122753       6989     130000         38     4    1400000    8989000  130000000  130000000
  14       75     7070   129987    125729677883    125729807870        33754985     122730       6989     130000         33     4    1400000    8989000  130000000  130000000
  14       75     7066   129997    125729807879    125729937876        33884980     122769       6989     130000         39     4    1400000    8989000  130000000  130000000
  14       75     7068   129996    125729937884    125730067880        34014986     122739       6989     130000         43     4    1400000    8989000  130000000  130000000
  14       75     7066   130016    125730067889    125730197905        34144990     122754       6989     130000         67     4    1400000    8989000  130000000  130000000
  14       75     7068   129957    125730197914    125730327871        34275015     122721       6989     130000         34     4    1400000    8989000  130000000  130000000
  14       75     7068   129994    125730327879    125730457873        34404981     122746       6989     130000         36     4    1400000    8989000  130000000  130000000
  14       75     7067   129989    125730457882    125730587871        34534984     122745       6989     130000         34     4    1400000    8989000  130000000  130000000
  14       75     7065   130016    125730587880    125730717896        34664981     122776       6989     130000         58     4    1400000    8989000  130000000  130000000
  14       75     7069   129963    125730717905    125730847868        34795006     122717       6989     130000         31     4    1400000    8989000  130000000  130000000
  14       75     7067   130027    125730847876    125730977903        34924978     122746       6989     130000         66     4    1400000    8989000  130000000  130000000
  14       75     7069   129926    125730977944    125731107870        35055046     122673       6989     130000         33     4    1400000    8989000  130000000  130000000
  14       75     7066   129995    125731107878    125731237874        35184979     122760       6989     130000         37     4    1400000    8989000  130000000  130000000
  14       75     7067   129986    125731237882    125731367868        35314984     122736       6989     130000         31     4    1400000    8989000  130000000  130000000
  14       75     7065   129998    125731367876    125731497874        35444978     122760       6989     130000         37     4    1400000    8989000  130000000  130000000
  14       75     7068   129996    125731497883    125731627879        35574984     122741       6989     130000         42     4    1400000    8989000  130000000  130000000
  14       75     7068   130004    125731627888    125731757893        35704990     122739       6989     130000         55     4    1400000    8989000  130000000  130000000
  14       75     7068   129967    125731757902    125731887869        35835003     122727       6989     130000         32     4    1400000    8989000  130000000  130000000
  14       75     7066   129997    125731887878    125732017875        35964979     122769       6989     130000         38     4    1400000    8989000  130000000  130000000
  14       75     7066   129987    125732017884    125732147870        36094985     122746       6989     130000         33     4    1400000    8989000  130000000  130000000
  14       75     7066   129994    125732147879    125732277872        36224980     122763       6989     130000         35     4    1400000    8989000  130000000  130000000
  14       75     7066   130005    125732277881    125732407886        36354982     122757       6989     130000         49     4    1400000    8989000  130000000  130000000
  14       75     7069   130018    125732407895    125732537913        36484996     122720       6989     130000         75     4    1400000    8989000  130000000  130000000
  14       75     7066   129948    125732537922    125732667870        36615024     122707       6989     130000         33     4    1400000    8989000  130000000  130000000
  14       75     7067   129991    125732667879    125732797870        36744981     122756       6989     130000         33     4    1400000    8989000  130000000  130000000
  14       75     7065   129994    125732797879    125732927872        36874980     122754       6989     130000         35     4    1400000    8989000  130000000  130000000
  14       75     7066   130001    125732927881    125733057881        37004982     122753       6989     130000         44     4    1400000    8989000  130000000  130000000
  14       75     7068   130009    125733057890    125733187899        37134992     122727       6989     130000         62     4    1400000    8989000  130000000  130000000
  14       75     7068   129985    125733187908    125733317894        37265010     122716       6989     130000         56     4    1400000    8989000  130000000  130000000
  14       75     7071   129966    125733317903    125733447869        37395004     122711       6989     130000         32     4    1400000    8989000  130000000  130000000
  14       75     7067   129993    125733447878    125733577871        37524979     122767       6989     130000         34     4    1400000    8989000  130000000  130000000
  14       75     7067   129989    125733577879    125733707868        37654981     122762       6989     130000         31     4    1400000    8989000  130000000  130000000
  14       75     7067   130002    125733707876    125733837878        37784978     122766       6989     130000         41     4    1400000    8989000  130000000  130000000
  14       75     7067   129992    125733837887    125733967879        37914988     122749       6989     130000         42     4    1400000    8989000  130000000  130000000
  14       75     7067   129992    125733967888    125734097879        38044989     122739       6989     130000         42     4    1400000    8989000  130000000  130000000
  14       75     7067   129948    125734097922    125734227870        38175023     122711       6989     130000         34     4    1400000    8989000  130000000  130000000
  14       75     7067   129991    125734227879    125734357870        38304980     122762       6989     130000         33     4    1400000    8989000  130000000  130000000
  14       75     7066   129995    125734357879    125734487874        38434980     122764       6989     130000         38     4    1400000    8989000  130000000  130000000
  14       75     7065   129992    125734487883    125734617875        38564984     122745       6989     130000         37     4    1400000    8989000  130000000  130000000
  14       75     7068   129984    125734617883    125734747867        38694985     122734       6989     130000         30     4    1400000    8989000  130000000  130000000
  14       75     7070   130021    125734747876    125734877897        38824977     122765       6989     130000         60     4    1400000    8989000  130000000  130000000
  14       75     7065   129962    125734877906    125735007868        38955007     122750       6989     130000         31     4    1400000    8989000  130000000  130000000
  14       75     7069   129997    125735007876    125735137873        39084978     122743       6989     130000         36     4    1400000    8989000  130000000  130000000
  14       75     7066   129988    125735137881    125735267870        39214983     122767       6989     130000         33     4    1400000    8989000  130000000  130000000
  14       75     7066   129995    125735267878    125735397873        39344980     122753       6989     130000         36     4    1400000    8989000  130000000  130000000
  14       75     7066   130004    125735397882    125735527886        39474983     122742       6989     130000         49     4    1400000    8989000  130000000  130000000
  14       75     7067   130004    125735527895    125735657898        39604996     122733       6989     130000         61     4    1400000    8989000  130000000  130000000
  14       75     7066   129960    125735657907    125735787867        39735009     122729       6989     130000         30     4    1400000    8989000  130000000  130000000
  14       75     7067   129996    125735787875    125735917872        39864977     122758       6989     130000         34     4    1400000    8989000  130000000  130000000
  14       75     7066   129999    125735917880    125736047879        39994982     122739       6989     130000         42     4    1400000    8989000  130000000  130000000
  14       75     7065   129983    125736047888    125736177871        40124989     122739       6989     130000         34     4    1400000    8989000  130000000  130000000
  14       75     7066   130000    125736177879    125736307879        40254981     122744       6989     130000         42     4    1400000    8989000  130000000  130000000
  14       75     7068   130005    125736307887    125736437893        40384989     122747       6989     130000         56     4    1400000    8989000  130000000  130000000
  14       75     7069   129966    125736437902    125736567868        40515003     122710       6989     130000         31     4    1400000    8989000  130000000  130000000
  14       75     7066   129997    125736567876    125736697873        40644978     122758       6989     130000         36     4    1400000    8989000  130000000  130000000
  14       75     7065   129987    125736697882    125736827869        40774983     122742       6989     130000         32     4    1400000    8989000  130000000  130000000
  14       75     7066   130001    125736827877    125736957878        40904979     122766       6989     130000         41     4    1400000    8989000  130000000  130000000
  14       75     7066   130005    125736957887    125737087892        41034989     122740       6989     130000         55     4    1400000    8989000  130000000  130000000
  14       75     7068   129997    125737087901    125737217898        41165002     122723       6989     130000         61     4    1400000    8989000  130000000  130000000
  14       75     7067   129925    125737217942    125737347867        41295043     122684       6989     130000         30     4    1400000    8989000  130000000  130000000
  14       75     7067   130002    125737347875    125737477877        41424977     122765       6989     130000         40     4    1400000    8989000  130000000  130000000
  14       75     7067   129983    125737477886    125737607869        41554987     122743       6989     130000         32     4    1400000    8989000  130000000  130000000
  14       75     7066   129994    125737607877    125737737871        41684978     122775       6989     130000         35     4    1400000    8989000  130000000  130000000
  14       75     7066   130006    125737737880    125737867886        41814981     122740       6989     130000         49     4    1400000    8989000  130000000  130000000
  14       75     7069   129993    125737867895    125737997888        41944996     122723       6989     130000         51     4    1400000    8989000  130000000  130000000
  14       75     7067   129971    125737997897    125738127868        42074998     122719       6989     130000         32     4    1400000    8989000  130000000  130000000
  14       75     7067   129997    125738127877    125738257874        42204978     122764       6989     130000         36     4    1400000    8989000  130000000  130000000
  14       75     7068   129990    125738257883    125738387873        42334985     122747       6989     130000         36     4    1400000    8989000  130000000  130000000
  14       75     7066   129994    125738387882    125738517876        42464983     122749       6989     130000         39     4    1400000    8989000  130000000  130000000
  14       75     7068   129994    125738517885    125738647878        42594986     122725       6989     130000         41     4    1400000    8989000  130000000  130000000
  14       75     7066   130010    125738647887    125738777897        42724989     122744       6989     130000         60     4    1400000    8989000  130000000  130000000
  14       75     7067   129964    125738777906    125738907871        42855008     122711       6989     130000         34     4    1400000    8989000  130000000  130000000
  14       75     7066   130003    125738907879    125739037882        42984980     122761       6989     130000         45     4    1400000    8989000  130000000  130000000
  14       75     7066   129977    125739037890    125739167868        43114992     122736       6989     130000         30     4    1400000    8989000  130000000  130000000
  14       75     7066   130000    125739167876    125739297876        43244977     122767       6989     130000         39     4    1400000    8989000  130000000  130000000
  14       75     7070   130008    125739297884    125739427892        43374986     122752       6989     130000         55     4    1400000    8989000  130000000  130000000
  14       75     7071   130004    125739427901    125739557905        43505002     122708       6989     130000         68     4    1400000    8989000  130000000  130000000
  14       75     7067   129960    125739557914    125739687874        43635015     122716       6989     130000         36     4    1400000    8989000  130000000  130000000
  14       75     7067   130008    125739687882    125739817890        43764984     122756       6989     130000         53     4    1400000    8989000  130000000  130000000
  14       75     7067   129970    125739817899    125739947869        43895000     122727       6989     130000         32     4    1400000    8989000  130000000  130000000
  14       75     7067   130001    125739947878    125740077878        44024979     122758       6989     130000         41     4    1400000    8989000  130000000  130000000
  14       75     7067   130003    125740077887    125740207890        44154988     122752       6989     130000         53     4    1400000    8989000  130000000  130000000
  14       75     7068   129968    125740207930    125740337897        44285031     122697       6989     130000         60     4    1400000    8989000  130000000  130000000
  14       75     7068   129963    125740337906    125740467869        44415008     122718       6989     130000         33     4    1400000    8989000  130000000  130000000
  14       75     7067   130011    125740467878    125740597888        44544979     122761       6989     130000         52     4    1400000    8989000  130000000  130000000
  14       75     7068   129973    125740597897    125740727870        44674998     122727       6989     130000         33     4    1400000    8989000  130000000  130000000
  14       75     7066   129995    125740727879    125740857874        44804980     122761       6989     130000         37     4    1400000    8989000  130000000  130000000
  14       75     7067   129995    125740857882    125740987878        44934984     122748       6989     130000         40     4    1400000    8989000  130000000  130000000
  14       75     7067   130014    125740987887    125741117901        45064988     122744       6989     130000         63     4    1400000    8989000  130000000  130000000
  14       75     7067   129960    125741117909    125741247870        45195011     122709       6989     130000         33     4    1400000    8989000  130000000  130000000
  14       75     7067   129994    125741247878    125741377872        45324979     122748       6989     130000         35     4    1400000    8989000  130000000  130000000
  14       75     7068   129990    125741377881    125741507870        45454982     122736       6989     130000         33     4    1400000    8989000  130000000  130000000
  14       75     7067   129991    125741507879    125741637870        45584980     122758       6989     130000         33     4    1400000    8989000  130000000  130000000
  14       75     7067   129993    125741637878    125741767871        45714980     122745       6989     130000         34     4    1400000    8989000  130000000  130000000
  14       75     7069   130027    125741767880    125741897906        45844981     122748       6989     130000         69     4    1400000    8989000  130000000  130000000
  14       75     7068   129952    125741897915    125742027867        45975017     122700       6989     130000         30     4    1400000    8989000  130000000  130000000
  14       75     7066   130019    125742027876    125742157895        46104977     122755       6989     130000         57     4    1400000    8989000  130000000  130000000
  14       75     7070   129965    125742157905    125742287870        46235006     122710       6989     130000         33     4    1400000    8989000  130000000  130000000
  14       75     7067   129994    125742287878    125742417872        46364980     122764       6989     130000         35     4    1400000    8989000  130000000  130000000
  14       75     7069   129999    125742417881    125742547880        46494983     122733       6989     130000         43     4    1400000    8989000  130000000  130000000
  14       75     7066   129997    125742547889    125742677886        46624990     122741       6989     130000         49     4    1400000    8989000  130000000  130000000
  14       75     7069   129974    125742677895    125742807869        46754997     122718       6989     130000         32     4    1400000    8989000  130000000  130000000
  14       75     7067   130020    125742807877    125742937898        46884979     122761       6989     130000         60     4    1400000    8989000  130000000  130000000
  14       75     7068   129967    125742937907    125743067874        47015008     122710       6989     130000         37     4    1400000    8989000  130000000  130000000
  14       75     7066   129988    125743067883    125743197871        47144984     122746       6989     130000         34     4    1400000    8989000  130000000  130000000
  14       75     7067   129991    125743197879    125743327870        47274981     122746       6989     130000         33     4    1400000    8989000  130000000  130000000
  14       75     7067   129981    125743327913    125743457894        47405015     122716       6989     130000         57     4    1400000    8989000  130000000  130000000
  14       75     7067   129969    125743457903    125743587872        47535004     122719       6989     130000         35     4    1400000    8989000  130000000  130000000
  14       75     7066   129993    125743587880    125743717873        47664982     122763       6989     130000         36     4    1400000    8989000  130000000  130000000
  14       75     7067   129990    125743717882    125743847871        47794983     122745       6989     130000         34     4    1400000    8989000  130000000  130000000
  14       75     7065   129993    125743847880    125743977873        47924981     122772       6989     130000         36     4    1400000    8989000  130000000  130000000
  14       75     7067   129990    125743977882    125744107872        48054983     122729       6989     130000         35     4    1400000    8989000  130000000  130000000
  14       75     7066   130018    125744107880    125744237898        48184982     122752       6989     130000         61     4    1400000    8989000  130000000  130000000
  14       75     7069   129966    125744237907    125744367873        48315008     122716       6989     130000         35     4    1400000    8989000  130000000  130000000
  14       75     7069   129991    125744367881    125744497873        48444983     122731       6989     130000         36     4    1400000    8989000  130000000  130000000
  14       75     7069   130001    125744497882    125744627883        48574983     122733       6989     130000         46     4    1400000    8989000  130000000  130000000
  14       75     7066   129988    125744627891    125744757879        48704993     122755       6989     130000         42     4    1400000    8989000  130000000  130000000
  14       75     7068   129980    125744757888    125744887868        48834990     122733       6989     130000         31     4    1400000    8989000  130000000  130000000
  14       75     7068   130015    125744887876    125745017891        48964978     122759       6989     130000         54     4    1400000    8989000  130000000  130000000
  14       75     7069   129969    125745017900    125745147869        49095001     122706       6989     130000         32     4    1400000    8989000  130000000  130000000
  14       75     7067   130003    125745147877    125745277881        49224979     122759       6989     130000         44     4    1400000    8989000  130000000  130000000
  14       75     7067   129994    125745277890    125745407884        49354991     122742       6989     130000         47     4    1400000    8989000  130000000  130000000
  14       75     7067   129980    125745407893    125745537874        49484995     122739       6989     130000         37     4    1400000    8989000  130000000  130000000
  14       75     7065   129985    125745537882    125745667867        49614983     122764       6989     130000         30     4    1400000    8989000  130000000  130000000
  14       75     7067   130012    125745667876    125745797888        49744977     122767       6989     130000         50     4    1400000    8989000  130000000  130000000
  14       75     7067   129970    125745797897    125745927867        49874998     122724       6989     130000         30     4    1400000    8989000  130000000  130000000
  14       75     7067   130007    125745927875    125746057882        50004977     122765       6989     130000         45     4    1400000    8989000  130000000  130000000
  14       75     7067   129980    125746057891    125746187871        50134992     122740       6989     130000         34     4    1400000    8989000  130000000  130000000
  14       75     7067   129995    125746187879    125746317874        50264981     122754       6989     130000         37     4    1400000    8989000  130000000  130000000
  14       75     7069   129956    125746317914    125746447870        50395015     122719       6989     130000         33     4    1400000    8989000  130000000  130000000
  14       75     7066   130028    125746447878    125746577906        50524980     122758       6989     130000         69     4    1400000    8989000  130000000  130000000
  14       75     7068   129954    125746577915    125746707868        50655016     122705       6989     130000         32     4    1400000    8989000  130000000  130000000
  14       75     7068   130015    125746707877    125746837892        50784978     122746       6989     130000         55     4    1400000    8989000  130000000  130000000
  14       75     7071   129966    125746837901    125746967868        50915003     122714       6989     130000         31     4    1400000    8989000  130000000  130000000
  14       75     7066   129996    125746967876    125747097872        51044978     122761       6989     130000         35     4    1400000    8989000  130000000  130000000
  14       75     7066   129989    125747097881    125747227870        51174983     122746       6989     130000         33     4    1400000    8989000  130000000  130000000
  14       75     7066   130022    125747227879    125747357900        51304980     122747       6989     130000         63     4    1400000    8989000  130000000  130000000
  14       75     7068   129958    125747357910    125747487868        51435011     122707       6989     130000         31     4    1400000    8989000  130000000  130000000
  14       75     7067   129995    125747487876    125747617872        51564978     122766       6989     130000         35     4    1400000    8989000  130000000  130000000
  14       75     7068   129998    125747617880    125747747878        51694982     122754       6989     130000         41     4    1400000    8989000  130000000  130000000
  14       75     7068   129986    125747747888    125747877874        51824989     122739       6989     130000         37     4    1400000    8989000  130000000  130000000
  14       75     7066   129985    125747877883    125748007867        51954984     122756       6989     130000         30     4    1400000    8989000  130000000  130000000
  14       75     7066   129998    125748007876    125748137874        52084977     122750       6989     130000         37     4    1400000    8989000  130000000  130000000
  14       75     7066   129985    125748137883    125748267867        52214984     122737       6989     130000         30     4    1400000    8989000  130000000  130000000
  14       75     7067   130002    125748267876    125748397878        52344977     122757       6989     130000         41     4    1400000    8989000  130000000  130000000
  14       75     7069   129992    125748397887    125748527879        52474989     122712       6989     130000         42     4    1400000    8989000  130000000  130000000
  14       75     7066   129985    125748527888    125748657873        52604989     122737       6989     130000         36     4    1400000    8989000  130000000  130000000
  14       75     7067   129988    125748657882    125748787869        52734983     122742       6989     130000         33     4    1400000    8989000  130000000  130000000
  14       75     7065   130004    125748787878    125748917882        52864980     122762       6989     130000         45     4    1400000    8989000  130000000  130000000
  14       75     7067   129979    125748917891    125749047870        52994992     122742       6989     130000         33     4    1400000    8989000  130000000  130000000
  14       75     7068   130009    125749047879    125749177887        53124980     122747       6989     130000         50     4    1400000    8989000  130000000  130000000
  14       75     7067   129982    125749177896    125749307878        53254998     122729       6989     130000         41     4    1400000    8989000  130000000  130000000
  14       75     7067   130011    125749307887    125749437898        53384988     122730       6989     130000         61     4    1400000    8989000  130000000  130000000
  14       75     7068   129925    125749437942    125749567867        53515043     122679       6989     130000         30     4    1400000    8989000  130000000  130000000
  14       75     7067   130000    125749567875    125749697876        53644977     122765       6989     130000         39     4    1400000    8989000  130000000  130000000
  14       75     7067   129983    125749697884    125749827867        53774986     122755       6989     130000         30     4    1400000    8989000  130000000  130000000
  14       75     7065   129998    125749827875    125749957873        53904977     122759       6989     130000         36     4    1400000    8989000  130000000  130000000
  14       75     7066   130007    125749957882    125750087889        54034983     122738       6989     130000         52     4    1400000    8989000  130000000  130000000
  14       75     7066   129990    125750087899    125750217888        54165000     122734       6989     130000         51     4    1400000    8989000  130000000  130000000
  14       75     7067   129971    125750217897    125750347868        54294998     122735       6989     130000         31     4    1400000    8989000  130000000  130000000
  14       75     7065   129997    125750347877    125750477873        54424978     122776       6989     130000         37     4    1400000    8989000  130000000  130000000
  14       75     7067   129987    125750477882    125750607868        54554983     122747       6989     130000         32     4    1400000    8989000  130000000  130000000
  14       75     7066   129997    125750607877    125750737873        54684978     122765       6989     130000         37     4    1400000    8989000  130000000  130000000
  14       75     7068   129996    125750737882    125750867878        54814983     122744       6989     130000         41     4    1400000    8989000  130000000  130000000
  14       75     7067   129994    125750867887    125750997881        54944988     122740       6989     130000         43     4    1400000    8989000  130000000  130000000
  14       75     7068   129979    125750997890    125751127868        55074991     122735       6989     130000         31     4    1400000    8989000  130000000  130000000
  14       75     7066   130003    125751127877    125751257880        55204978     122770       6989     130000         43     4    1400000    8989000  130000000  130000000
  14       75     7067   129978    125751257889    125751387867        55334990     122738       6989     130000         30     4    1400000    8989000  130000000  130000000
  14       75     7068   129994    125751387876    125751517870        55464977     122739       6989     130000         33     4    1400000    8989000  130000000  130000000
  14       75     7067   130001    125751517879    125751647879        55594980     122753       6989     130000         42     4    1400000    8989000  130000000  130000000
  14       75     7066   130009    125751647888    125751777897        55724989     122759       6989     130000         60     4    1400000    8989000  130000000  130000000
  14       75     7067   129961    125751777906    125751907867        55855007     122716       6989     130000         30     4    1400000    8989000  130000000  130000000
  14       75     7065   130013    125751907876    125752037889        55984977     122774       6989     130000         51     4    1400000    8989000  130000000  130000000
  14       75     7067   129973    125752037898    125752167871        56114999     122710       6989     130000         34     4    1400000    8989000  130000000  130000000
  14       75     7067   130013    125752167879    125752297892        56244981     122747       6989     130000         55     4    1400000    8989000  130000000  130000000
  14       75     7150   129965    125752297922    125752427886        56375023     121960       6989     130000         49     4    1400000    8989000  130000000  130000000
  14       75     7066   129941    125752427930    125752557872        56505032     122704       6989     130000         35     4    1400000    8989000  130000000  130000000
  14       75     7067   129992    125752557880    125752687872        56634982     122760       6989     130000         35     4    1400000    8989000  130000000  130000000
  14       75     7067   129995    125752687881    125752817876        56764983     122745       6989     130000         39     4    1400000    8989000  130000000  130000000
  14       75     7067   129986    125752817885    125752947871        56894986     122747       6989     130000         34     4    1400000    8989000  130000000  130000000
  14       75     7065   129994    125752947880    125753077873        57024981     122756       6989     130000         36     4    1400000    8989000  130000000  130000000
  14       75     7068   130007    125753077882    125753207889        57154983     122733       6989     130000         52     4    1400000    8989000  130000000  130000000
  14       75     7067   129993    125753207898    125753337892        57285000     122736       6989     130000         53     4    1400000    8989000  130000000  130000000
  14       75     7066   129969    125753337901    125753467869        57415002     122727       6989     130000         32     4    1400000    8989000  130000000  130000000
  14       75     7068   130012    125753467878    125753597890        57544979     122757       6989     130000         53     4    1400000    8989000  130000000  130000000
  14       75     7068   129971    125753597899    125753727870        57675000     122714       6989     130000         33     4    1400000    8989000  130000000  130000000
  14       75     7067   129994    125753727878    125753857873        57804980     122768       6989     130000         36     4    1400000    8989000  130000000  130000000
  14       75     7067   129989    125753857881    125753987870        57934983     122753       6989     130000         33     4    1400000    8989000  130000000  130000000
  14       75     7069   130013    125753987879    125754117892        58064980     122744       6989     130000         55     4    1400000    8989000  130000000  130000000
  14       75     7066   129971    125754117903    125754247874        58195004     122733       6989     130000         37     4    1400000    8989000  130000000  130000000
  14       75     7068   129995    125754247883    125754377878        58324984     122747       6989     130000         40     4    1400000    8989000  130000000  130000000
  14       75     7066   129980    125754377886    125754507866        58454988     122746       6989     130000         29     4    1400000    8989000  130000000  130000000
  14       75     7065   129997    125754507875    125754637872        58584976     122772       6989     130000         35     4    1400000    8989000  130000000  130000000
  14       75     7068   130002    125754637881    125754767883        58714982     122755       6989     130000         46     4    1400000    8989000  130000000  130000000
  14       75     7069   129990    125754767892    125754897881        58844993     122734       6989     130000         44     4    1400000    8989000  130000000  130000000
  14       75     7068   129988    125754897890    125755027878        58974992     122733       6989     130000         41     4    1400000    8989000  130000000  130000000
  14       75     7067   129989    125755027887    125755157876        59104989     122736       6989     130000         40     4    1400000    8989000  130000000  130000000
  14       75     7066   129982    125755157885    125755287868        59234987     122753       6989     130000         31     4    1400000    8989000  130000000  130000000
  14       75     7067   129995    125755287876    125755417871        59364977     122761       6989     130000         34     4    1400000    8989000  130000000  130000000
  14       75     7065   129987    125755417879    125755547867        59494981     122758       6989     130000         30     4    1400000    8989000  130000000  130000000
  14       75     7066   130000    125755547910    125755677910        59625011     122715       6989     130000         72     4    1400000    8989000  130000000  130000000
  14       75     7068   129959    125755677919    125755807878        59755020     122694       6989     130000         41     4    1400000    8989000  130000000  130000000
  14       75     7066   130003    125755807887    125755937890        59884988     122743       6989     130000         53     4    1400000    8989000  130000000  130000000
  14       75     7066   129970    125755937899    125756067869        60015000     122731       6989     130000         32     4    1400000    8989000  130000000  130000000
  14       75     7065   129996    125756067877    125756197873        60144979     122769       6989     130000         36     4    1400000    8989000  130000000  130000000
  14       75     7066   129988    125756197882    125756327870        60274984     122751       6989     130000         33     4    1400000    8989000  130000000  130000000
  14       75     7069   129995    125756327879    125756457874        60404980     122757       6989     130000         37     4    1400000    8989000  130000000  130000000
  14       75     7068   129996    125756457882    125756587879        60534984     122745       6989     130000         42     4    1400000    8989000  130000000  130000000
  14       75     7066   129993    125756587888    125756717881        60664989     122745       6989     130000         44     4    1400000    8989000  130000000  130000000
  14       75     7067   129978    125756717890    125756847868        60794991     122740       6989     130000         31     4    1400000    8989000  130000000  130000000
  14       75     7066   129998    125756847876    125756977874        60924977     122758       6989     130000         37     4    1400000    8989000  130000000  130000000
