#idx     perf      run   period           start             end          rel_st      slack c_duration   c_period     wu_lat   cpu       freq dl_runtime  dl_period dl_deadline
  12      541    50357   691166    113690910423    113691601589         1599713     636041      49828     770000         50     6    1400000   52451000  770000000  770000000
  12      541    50341   769986    113691601598    113692371584         2290888     719077      49828     770000         45     6    1400000   52451000  770000000  770000000
  12      541    50350   834450    113692371593    113693206043         3060883     714993      49828     770000      64504     6    1400000   52451000  770000000  770000000
  12      541    50376   705531    113693206052    113693911583         3895342     650072      49828     770000         43     6    1400000   52451000  770000000  770000000
  12      541    50358   769978    113693911592    113694681570         4600882     714857      49828     770000         31     6    1400000   52451000  770000000  770000000
  12      541    50338   824582    113694681579    113695506161         5370869     719100      49828     770000      54622     6    1400000   52451000  770000000  770000000
  12      541    50349   715415    113695506170    113696221584         6195460     660432      49828     770000         45     6    1400000   52451000  770000000  770000000
  12      541    50359   770001    113696221593    113696991594         6910883     714782      49828     770000         55     6    1400000   52451000  770000000  770000000
  12      541    50338   818757    113696991603    113697810360         7680892     719050      49828     770000      48821     6    1400000   52451000  770000000  770000000
  12      541    50335   721222    113697810368    113698531590         8499658     670348      49828     770000         51     6    1400000   52451000  770000000  770000000
  12      541    50341   769981    113698531599    113699301580         9220889     719099      49828     770000         41     6    1400000   52451000  770000000  770000000
  12      541    50362   808876    113699301589    113700110465         9990879     714891      49828     770000      38925     6    1400000   52451000  770000000  770000000
  12      541    50337   731096    113700110473    113700841569        10799763     680232      49828     770000         30     6    1400000   52451000  770000000  770000000
  12      541    50337   770005    113700841579    113701611584        11530869     719064      49828     770000         45     6    1400000   52451000  770000000  770000000
  12      541    50354   798827    113701611593    113702410420        12300883     714858      49828     770000      28881     6    1400000   52451000  770000000  770000000
  12      541    50339   741157    113702410429    113703151586        13099718     690213      49828     770000         47     6    1400000   52451000  770000000  770000000
  12      541    50353   769974    113703151596    113703921570        13840885     714955      49828     770000         31     6    1400000   52451000  770000000  770000000
  12      541    50330   788650    113703921579    113704710229        14610868     719197      49828     770000      18690     6    1400000   52451000  770000000  770000000
  12      541    50355   751344    113704710237    113705461581        15399527     696279      49828     770000         42     6    1400000   52451000  770000000  770000000
  12      541    50353   770006    113705461590    113706231596        16150880     714933      49828     770000         57     6    1400000   52451000  770000000  770000000
  12      541    50349   774584    113706231605    113707006189        16920895     719015      49828     770000       4650     6    1400000   52451000  770000000  770000000
  12      541    50365   765390    113707006198    113707771588        17695488     710204      49828     770000         48     6    1400000   52451000  770000000  770000000
  12      541    50334   769976    113707771596    113708541572        18460886     719157      49828     770000         33     6    1400000   52451000  770000000  770000000
  12      541    50350   774155    113708541616    113709315771        19230905     714978      49828     770000       4232     6    1400000   52451000  770000000  770000000
  12      541    50344   765802    113709315780    113710081582        20005070     714880      49828     770000         43     6    1400000   52451000  770000000  770000000
  12      541    50343   769981    113710081591    113710851572        20770881     719049      49828     770000         33     6    1400000   52451000  770000000  770000000
  12      541    50357   770007    113710851581    113711621588        21540871     714901      49828     770000         49     6    1400000   52451000  770000000  770000000
  12      541    50339   769996    113711621597    113712391593        22310887     719070      49828     770000         54     6    1400000   52451000  770000000  770000000
  12      541    50359   769969    113712391602    113713161572        23080892     714862      49828     770000         32     6    1400000   52451000  770000000  770000000
  12      541    50336   770018    113713161581    113713931598        23850870     719076      49828     770000         59     6    1400000   52451000  770000000  770000000
  12      541    50345   769981    113713931607    113714701588        24620897     719033      49828     770000         49     6    1400000   52451000  770000000  770000000
  12      541    50376   769997    113714701598    113715471594        25390887     640431      49828     770000         55     6    1400000   52451000  770000000  770000000
  12      541    50333   769968    113715471603    113716241572        26160893     719136      49828     770000         32     6    1400000   52451000  770000000  770000000
  12      541    50351   770001    113716241581    113717011581        26930870     714944      49828     770000         42     6    1400000   52451000  770000000  770000000
  12      541    50357   769991    113717011590    113717781581        27700880     640221      49828     770000         42     6    1400000   52451000  770000000  770000000
  12      541    50360   774150    113717781590    113718555740        28470880     714874      49828     770000       4202     6    1400000   52451000  770000000  770000000
  12      541    50340   765833    113718555749    113719321582        29245039     714914      49828     770000         43     6    1400000   52451000  770000000  770000000
  12      541    50354   769997    113719321591    113720091588        30010881     640349      49828     770000         49     6    1400000   52451000  770000000  770000000
  12      541    50359   769992    113720091597    113720861588        30780887     714883      49828     770000         49     6    1400000   52451000  770000000  770000000
  12      541    50333   770008    113720861597    113721631605        31550887     719102      49828     770000         66     6    1400000   52451000  770000000  770000000
  12      541    50369   769955    113721631614    113722401569        32320904     640206      49828     770000         30     6    1400000   52451000  770000000  770000000
  12      541    50335   770003    113722401578    113723171581        33090868     719089      49828     770000         42     6    1400000   52451000  770000000  770000000
  12      541    50337   769980    113723171590    113723941570        33860879     719145      49828     770000         31     6    1400000   52451000  770000000  770000000
  12      541    50362   770021    113723941579    113724711600        34630869     640411      49828     770000         60     6    1400000   52451000  770000000  770000000
  12      541    50339   769982    113724711609    113725481591        35400899     719020      49828     770000         51     6    1400000   52451000  770000000  770000000
  12      541    50361   844450    113725481600    113726326050        36170890     714860      49828     770000      74511     6    1400000   52451000  770000000  770000000
  12      541    50351   695523    113726326059    113727021582        37015349     640519      49828     770000         43     6    1400000   52451000  770000000  770000000
  12      541    50353   774140    113727021626    113727795766        37710916     714902      49828     770000       4228     6    1400000   52451000  770000000  770000000
  12      541    50338   830382    113727795775    113728626157        38485065     714926      49828     770000      64618     6    1400000   52451000  770000000  770000000
  12      541    50360   705418    113728626166    113729331584        39315456     650207      49828     770000         45     6    1400000   52451000  770000000  770000000
  12      541    50352   769995    113729331593    113730101589        40020883     714897      49828     770000         49     6    1400000   52451000  770000000  770000000
  12      541    50338   828807    113730101598    113730930404        40790887     719091      49828     770000      58865     6    1400000   52451000  770000000  770000000
  12      541    50338   711159    113730930413    113731641572        41619703     660299      49828     770000         33     6    1400000   52451000  770000000  770000000
  12      541    50336   769998    113731641581    113732411579        42330871     719105      49828     770000         40     6    1400000   52451000  770000000  770000000
  12      541    50344   818851    113732411588    113733230440        43100878     719070      49828     770000      48901     6    1400000   52451000  770000000  770000000
  12      541    50345   721134    113733230448    113733951582        43919738     670201      49828     770000         43     6    1400000   52451000  770000000  770000000
  12      541    50338   769992    113733951591    113734721583        44640881     719064      49828     770000         44     6    1400000   52451000  770000000  770000000
  12      541    50350   808626    113734721591    113735530217        45410881     714992      49828     770000      38679     6    1400000   52451000  770000000  770000000
  12      541    50342   731358    113735530226    113736261584        46219516     680429      49828     770000         45     6    1400000   52451000  770000000  770000000
  12      541    50355   774199    113736261593    113737035792        46950883     714824      49828     770000       4254     6    1400000   52451000  770000000  770000000
  12      541    50343   794496    113737035801    113737830297        47725091     714884      49828     770000      28758     6    1400000   52451000  770000000  770000000
  12      541    50358   741282    113737830306    113738571588        48519596     686179      49828     770000         49     6    1400000   52451000  770000000  770000000
  12      541    50354   769974    113738571598    113739341572        49260888     714931      49828     770000         33     6    1400000   52451000  770000000  770000000
  12      541    50332   784606    113739341581    113740126187        50030871     719171      49828     770000      14648     6    1400000   52451000  770000000  770000000
  12      541    50356   755375    113740126196    113740881571        50815485     700303      49828     770000         32     6    1400000   52451000  770000000  770000000
  12      541    50342   769990    113740881580    113741651570        51570870     719099      49828     770000         31     6    1400000   52451000  770000000  770000000
  12      541    50339   774452    113741651579    113742426031        52340869     719045      49828     770000       4492     6    1400000   52451000  770000000  770000000
  12      541    50359   765556    113742426040    113743191595        53115330     710402      49828     770000         56     6    1400000   52451000  770000000  770000000
  12      541    50343   769975    113743191604    113743961579        53880894     719035      49828     770000         40     6    1400000   52451000  770000000  770000000
  12      541    50358   770005    113743961588    113744731593        54650878     714911      49828     770000         53     6    1400000   52451000  770000000  770000000
  12      541    50338   769948    113744731632    113745501580        55420922     719087      49828     770000         41     6    1400000   52451000  770000000  770000000
  12      541    50351   774185    113745501589    113746275774        56190879     714984      49828     770000       4235     6    1400000   52451000  770000000  770000000
  12      541    50334   765792    113746275783    113747041575        56965073     714921      49828     770000         35     6    1400000   52451000  770000000  770000000
  12      541    50334   769996    113747041584    113747811580        57730874     719062      49828     770000         41     6    1400000   52451000  770000000  770000000
  12      541    50359   770002    113747811589    113748581592        58500879     714860      49828     770000         53     6    1400000   52451000  770000000  770000000
  12      541    50342   769979    113748581601    113749351580        59270891     719025      49828     770000         41     6    1400000   52451000  770000000  770000000
  12      541    50356   769981    113749351589    113750121570        60040878     714799      49828     770000         31     6    1400000   52451000  770000000  770000000
