#idx     perf      run   period           start             end          rel_st      slack c_duration   c_period     wu_lat   cpu       freq dl_runtime  dl_period dl_deadline
   8      136    12682   329002     99291844633     99292173635         3970511     289684      12549     330000         34     5    1400000   14549000  330000000  330000000
   8      136    12682   329990     99292173644     99292503634         4299523     317095      12549     330000         33     5    1400000   14549000  330000000  330000000
   8      136    12685   329991     99292503643     99292833634         4629521     317069      12549     330000         33     5    1400000   14549000  330000000  330000000
   8      136    12683   353987     99292833643     99293187630         4959521     317110      12549     330000      24029     5    1400000   14549000  330000000  330000000
   8      136    12684   333477     99293187639     99293521116         5313517     293068      12549     330000      27515     5    1400000   14549000  330000000  330000000
   8      136    13224   390087     99293521125     99293911211         5647003     263699      12549     330000      87611     5    1400000   14549000  330000000  330000000
   8      136    12686   369903     99293911220     99294281123         6037098     229488      12549     330000     127522     5    1400000   14549000  330000000  330000000
   8      136    12679   370620     99294281131     99294651752         6407010     189633      12549     330000     168151     5    1400000   14549000  330000000  330000000
   8      136    12688   161875     99294651760     99294813635         6777638     148956      12549     330000         34     5    1400000   14549000  330000000  330000000
   8      136    12680   330007     99294813645     99295143651         6939523     317102      12549     330000         50     5    1400000   14549000  330000000  330000000
   8      136    12686   329973     99295143660     99295473633         7269538     317038      12549     330000         32     5    1400000   14549000  330000000  330000000
   8      136    12681   354000     99295473642     99295827642         7599520     317097      12549     330000      24041     5    1400000   14549000  330000000  330000000
   8      136    12684   306156     99295827650     99296133806         7953528     293059      12549     330000        205     5    1400000   14549000  330000000  330000000
   8      136    12861   367497     99296133816     99296501312         8259694     316752      12549     330000      37711     5    1300000   14549000  330000000  330000000
   8      136    12683   361597     99296501321     99296862917         8627199     279432      12549     330000      69317     5    1400000   14549000  330000000  330000000
   8      136    12680   359281     99296862926     99297222207         8988804     247825      12549     330000      98606     5    1400000   14549000  330000000  330000000
   8      136    12680   365216     99297222215     99297587431         9348093     218528      12549     330000     133830     5    1400000   14549000  330000000  330000000
   8      136    12684   196194     99297587439     99297783633         9713318     183247      12549     330000         32     5    1400000   14549000  330000000  330000000
   8      136    12683   329997     99297783642     99298113638         9909520     317098      12549     330000         37     5    1400000   14549000  330000000  330000000
   8      136    12682   354019     99298113647     99298467666        10239525     317089      12549     330000      24065     5    1400000   14549000  330000000  330000000
   8      136    12686   305982     99298467674     99298773657        10593553     293032      12549     330000         55     5    1400000   14549000  330000000  330000000
   8      136    12683   329970     99298773665     99299103635        10899544     317066      12549     330000         34     5    1400000   14549000  330000000  330000000
   8      136    12687   357599     99299103644     99299461243        11229522     317073      12549     330000      27643     5    1400000   14549000  330000000  330000000
   8      136    12683   371517     99299461295     99299832812        11587173     289461      12549     330000      69211     5    1400000   14549000  330000000  330000000
   8      136    12680   368727     99299832821     99300201547        11958699     247918      12549     330000     107947     5    1400000   14549000  330000000  330000000
   8      136    12681   370950     99300201556     99300572506        12327434     209183      12549     330000     148906     5    1400000   14549000  330000000  330000000
   8      136    12679   181119     99300572515     99300753635        12698393     168246      12549     330000         34     5    1400000   14549000  330000000  330000000
   8      136    12680   353978     99300753643     99301107621        12879521     317120      12549     330000      24020     5    1400000   14549000  330000000  330000000
   8      136    12682   306015     99301107629     99301413644        13233508     293114      12549     330000         43     5    1400000   14549000  330000000  330000000
   8      136    12684   329980     99301413653     99301743633        13539531     317079      12549     330000         32     5    1400000   14549000  330000000  330000000
   8      136    12685   329995     99301743642     99302073637        13869520     317070      12549     330000         35     5    1400000   14549000  330000000  330000000
   8      136    12681   353958     99302073645     99302427603        14199524     317092      12549     330000      24003     5    1400000   14549000  330000000  330000000
   8      136    12682   365266     99302427612     99302792879        14553490     293127      12549     330000      59278     5    1400000   14549000  330000000  330000000
   8      136    12681   373083     99302792887     99303165970        14918766     257871      12549     330000     102369     5    1400000   14549000  330000000  330000000
   8      136    12681   365917     99303165979     99303531896        15291857     214767      12549     330000     138295     5    1400000   14549000  330000000  330000000
   8      136    12684   370267     99303531904     99303902171        15657783     178816      12549     330000     178570     5    1400000   14549000  330000000  330000000
   8      136    12680   151477     99303902180     99304053657        16028058     138568      12549     330000         55     5    1400000   14549000  330000000  330000000
   8      136    12686   329973     99304053666     99304383638        16179544     317066      12549     330000         37     5    1400000   14549000  330000000  330000000
   8      136    12682   330009     99304383647     99304713656        16509525     317094      12549     330000         53     5    1400000   14549000  330000000  330000000
   8      136    12868   353974     99304713666     99305067640        16839545     316890      12549     330000      24040     5    1300000   14549000  330000000  330000000
   8      136    12688   314614     99305067649     99305382263        17193527     293055      12549     330000       8662     5    1400000   14549000  330000000  330000000
   8      136    12683   359043     99305382271     99305741314        17508149     308487      12549     330000      37713     5    1400000   14549000  330000000  330000000
   8      136    12681   360523     99305741322     99306101845        17867201     279416      12549     330000      68244     5    1400000   14549000  330000000  330000000
   8      136    12681   365875     99306101854     99306467729        18227732     248897      12549     330000     104128     5    1400000   14549000  330000000  330000000
   8      136    12685   370291     99306467738     99306838029        18593616     212948      12549     330000     144428     5    1400000   14549000  330000000  330000000
   8      136    12702   185597     99306838037     99307023634        18963916     148707      12549     330000         33     5    1400000   14549000  330000000  330000000
   8      136    12687   329995     99307023643     99307353638        19149521     317077      12549     330000         36     5    1400000   14549000  330000000  330000000
   8      136    12682   353955     99307353681     99307707635        19479559     317055      12549     330000      24035     5    1400000   14549000  330000000  330000000
   8      136    12684   305992     99307707644     99308013636        19833522     293089      12549     330000         34     5    1400000   14549000  330000000  330000000
   8      136    12681   330710     99308013644     99308344354        20139523     317114      12549     330000        753     5    1400000   14549000  330000000  330000000
   8      136    12682   366756     99308344363     99308711119        20470241     316381      12549     330000      37519     5    1400000   14549000  330000000  330000000
   8      136    12682   371081     99308711128     99309082209        20837007     279620      12549     330000      78609     5    1400000   14549000  330000000  330000000
   8      136    12680   368998     99309082218     99309451216        21208096     238522      12549     330000     117615     5    1400000   14549000  330000000  330000000
   8      136    12685   370104     99309451225     99309821329        21577103     199490      12549     330000     157728     5    1400000   14549000  330000000  330000000
   8      136    12682   172295     99309821338     99309993633        21947216     159413      12549     330000         32     5    1400000   14549000  330000000  330000000
   8      136    12680   354032     99309993642     99310347674        22119520     317112      12549     330000      24073     5    1400000   14549000  330000000  330000000
   8      136    12687   305959     99310347682     99310653641        22473561     293026      12549     330000         40     5    1400000   14549000  330000000  330000000
   8      136    12679   329995     99310653650     99310983645        22779528     317117      12549     330000         44     5    1400000   14549000  330000000  330000000
   8      136    12687   329989     99310983653     99311313643        23109532     317047      12549     330000         41     5    1400000   14549000  330000000  330000000
   8      136    12680   361824     99311313651     99311675475        23439529     317113      12549     330000      31874     5    1400000   14549000  330000000  330000000
   8      136    12684   365850     99311675484     99312041334        23801362     285218      12549     330000      67733     5    1400000   14549000  330000000  330000000
   8      136    12682   372487     99312041343     99312413830        24167221     249385      12549     330000     110229     5    1400000   14549000  330000000  330000000
   8      136    12679   368110     99312413839     99312781948        24539717     206923      12549     330000     148348     5    1400000   14549000  330000000  330000000
   8      136    12680   205678     99312781957     99312987635        24907835     168789      12549     330000      24035     5    1400000   14549000  330000000  330000000
   8      136    12685   305990     99312987644     99313293634        25113522     293069      12549     330000         33     5    1400000   14549000  330000000  330000000
   8      136    12683   330008     99313293642     99313623650        25419520     317103      12549     330000         49     5    1400000   14549000  330000000  330000000
   8      136    12685   329976     99313623659     99313953634        25749537     317039      12549     330000         33     5    1400000   14549000  330000000  330000000
   8      136    12681   353979     99313953643     99314307622        26079521     317113      12549     330000      24021     5    1400000   14549000  330000000  330000000
   8      136    12683   313702     99314307630     99314621333        26433509     293110      12549     330000       7732     5    1400000   14549000  330000000  330000000
   8      136    12682   364946     99314621341     99314986287        26747220     309415      12549     330000      42686     5    1400000   14549000  330000000  330000000
   8      136    12682   361995     99314986340     99315348335        27112218     274388      12549     330000      74734     5    1400000   14549000  330000000  330000000
   8      136    12682   369930     99315348344     99315718274        27474222     242383      12549     330000     114673     5    1400000   14549000  330000000  330000000
   8      136    12841   215353     99315718283     99315933636        27844161     178335      12549     330000         35     5    1400000   14549000  330000000  330000000
   8      136    12681   330003     99315933645     99316263648        28059523     317113      12549     330000         46     5    1400000   14549000  330000000  330000000
   8      136    12936   329976     99316263657     99316593633        28389535     316784      12549     330000         32     5    1400000   14549000  330000000  330000000
   8      136    12680   354004     99316593642     99316947645        28719520     317093      12549     330000      24045     5    1400000   14549000  330000000  330000000
   8      136    12682   306009     99316947654     99317253663        29073532     293043      12549     330000         61     5    1400000   14549000  330000000  330000000
   8      136    12871   339345     99317253673     99317593018        29379551     316874      12549     330000       9417     5    1300000   14549000  330000000  330000000
   8      136    12681   368335     99317593027     99317961362        29718905     307737      12549     330000      47761     5    1400000   14549000  330000000  330000000
   8      136    12682   369784     99317961370     99318331155        30087249     269383      12549     330000      87554     5    1400000   14549000  330000000  330000000
   8      136    12682   371779     99318331164     99318702943        30457042     229547      12549     330000     129343     5    1400000   14549000  330000000  330000000
   8      136    12682   360839     99318702952     99319063791        30828830     187803      12549     330000     160190     5    1400000   14549000  330000000  330000000
   8      136    12689   169836     99319063799     99319233636        31189678     156903      12549     330000         35     5    1400000   14549000  330000000  330000000
   8      136    12683   354039     99319233645     99319587683        31359523     317111      12549     330000      24083     5    1400000   14549000  330000000  330000000
   8      136    12684   305953     99319587692     99319893644        31713570     292991      12549     330000         43     5    1400000   14549000  330000000  330000000
   8      136    12681   330004     99319893654     99320223658        32019532     317080      12549     330000         56     5    1400000   14549000  330000000  330000000
   8      136    12873   331317     99320223669     99320554987        32349548     316852      12549     330000       1386     5    1300000   14549000  330000000  330000000
   8      136    12680   366443     99320554995     99320921438        32680873     315765      12549     330000      37838     5    1400000   14549000  330000000  330000000
   8      136    12680   370535     99320921447     99321291982        33047325     279306      12549     330000      78381     5    1400000   14549000  330000000  330000000
   8      136    12681   370295     99321291990     99321662285        33417869     238738      12549     330000     118685     5    1400000   14549000  330000000  330000000
   8      136    12684   369859     99321662294     99322032153        33788172     198455      12549     330000     158552     5    1400000   14549000  330000000  330000000
   8      136    12683   195445     99322032161     99322227607        34158040     158583      12549     330000      24006     5    1400000   14549000  330000000  330000000
   8      136    12685   306028     99322227615     99322533644        34353494     293091      12549     330000         43     5    1400000   14549000  330000000  330000000
   8      136    12682   330003     99322533653     99322863656        34659531     317079      12549     330000         55     5    1400000   14549000  330000000  330000000
   8      136    12686   329940     99322863696     99323193637        34989575     317005      12549     330000         36     5    1400000   14549000  330000000  330000000
   8      136    12680   354027     99323193646     99323547673        35319524     317115      12549     330000      24072     5    1400000   14549000  330000000  330000000
   8      136    12685   318163     99323547681     99323865845        35673560     293006      12549     330000      12244     5    1400000   14549000  330000000  330000000
   8      136    12684   361413     99323865853     99324227266        35991731     304876      12549     330000      43665     5    1400000   14549000  330000000  330000000
   8      136    12685   372177     99324227275     99324599451        36353153     273422      12549     330000      85850     5    1400000   14549000  330000000  330000000
   8      136    13278   392710     99324599462     99324992171        36725340     206212      12549     330000     148570     5    1200000   14549000  330000000  330000000
   8      136    12682   181452     99324992180     99325173632        37118058     168572      12549     330000         31     5    1400000   14549000  330000000  330000000
   8      136    12680   330002     99325173641     99325503642        37299519     317142      12549     330000         41     5    1400000   14549000  330000000  330000000
   8      136    12688   329984     99325503651     99325833635        37629529     317038      12549     330000         34     5    1400000   14549000  330000000  330000000
   8      136    12682   354243     99325833644     99326187887        37959522     317114      12549     330000      24286     5    1400000   14549000  330000000  330000000
   8      136    12686   305761     99326187895     99326493657        38313774     292822      12549     330000         55     5    1400000   14549000  330000000  330000000
   8      136    12683   347757     99326493665     99326841422        38619544     317066      12549     330000      17821     5    1400000   14549000  330000000  330000000
   8      136    12682   370303     99326841431     99327211734        38967309     299316      12549     330000      58133     5    1400000   14549000  330000000  330000000
   8      136    12683   370350     99327211743     99327582093        39337621     258962      12549     330000      98492     5    1400000   14549000  330000000  330000000
   8      136    12681   359430     99327582101     99327941531        39707979     218650      12549     330000     127930     5    1400000   14549000  330000000  330000000
   8      136    12681   359713     99327941540     99328301253        40067418     189206      12549     330000     157652     5    1400000   14549000  330000000  330000000
   8      136    12680   172376     99328301262     99328473638        40427140     159505      12549     330000         37     5    1400000   14549000  330000000  330000000
   8      136    12681   354989     99328473647     99328828635        40599525     317113      12549     330000      25034     5    1400000   14549000  330000000  330000000
   8      136    12681   304990     99328828644     99329133634        40954522     292114      12549     330000         32     5    1400000   14549000  330000000  330000000
   8      136    12682   329997     99329133643     99329463640        41259521     317101      12549     330000         39     5    1400000   14549000  330000000  330000000
   8      136    12683   345458     99329463648     99329809107        41589527     317067      12549     330000      15506     5    1400000   14549000  330000000  330000000
   8      136    12680   362127     99329809115     99330171242        41934993     301632      12549     330000      47641     5    1400000   14549000  330000000  330000000
   8      136    12683   374494     99330171251     99330545744        42297129     269490      12549     330000      92143     5    1400000   14549000  330000000  330000000
   8      136    12720   366778     99330545791     99330912570        42671670     224910      12549     330000     128969     5    1300000   14549000  330000000  330000000
   8      136    12681   372151     99330912578     99331284729        43038456     188176      12549     330000     171128     5    1400000   14549000  330000000  330000000
   8      136    12680   182904     99331284738     99331467642        43410616     146014      12549     330000      24041     5    1400000   14549000  330000000  330000000
   8      136    12685   305985     99331467650     99331773635        43593529     293066      12549     330000         35     5    1400000   14549000  330000000  330000000
   8      136    12682   329989     99331773644     99332103633        43899522     317101      12549     330000         32     5    1400000   14549000  330000000  330000000
   8      136    12683   329994     99332103642     99332433636        44229520     317080      12549     330000         35     5    1400000   14549000  330000000  330000000
   8      136    12682   354010     99332433645     99332787655        44559523     317086      12549     330000      24054     5    1400000   14549000  330000000  330000000
   8      136    12684   320809     99332787664     99333108472        44913542     293043      12549     330000      14872     5    1400000   14549000  330000000  330000000
   8      136    14198   369736     99333108481     99333478217        45234359     300734      12549     330000      54616     5    1400000   14549000  330000000  330000000
   8      136    12698   395145     99333478226     99333873371        45604104     238515      12549     330000     119770     5    1400000   14549000  330000000  330000000
   8      136    12681   367930     99333873379     99334241309        45999258     197376      12549     330000     157708     5    1400000   14549000  330000000  330000000
   8      136    12684   172317     99334241318     99334413635        46367196     159429      12549     330000         34     5    1400000   14549000  330000000  330000000
   8      136    12682   329997     99334413643     99334743641        46539522     317116      12549     330000         39     5    1400000   14549000  330000000  330000000
   8      136    12875   329994     99334743651     99335073645        46869529     316853      12549     330000         44     5    1300000   14549000  330000000  330000000
   8      136    12684   354012     99335073653     99335427665        47199532     317070      12549     330000      24064     5    1400000   14549000  330000000  330000000
   8      136    12684   305964     99335427674     99335733637        47553552     293045      12549     330000         37     5    1400000   14549000  330000000  330000000
   8      136    12682   358497     99335733646     99336092143        47859524     317104      12549     330000      28543     5    1400000   14549000  330000000  330000000
   8      136    12682   369852     99336092152     99336462004        48218030     288602      12549     330000      68404     5    1400000   14549000  330000000  330000000
   8      136    12679   360218     99336462013     99336822231        48587891     248752      12549     330000      98630     5    1400000   14549000  330000000  330000000
   8      136    12971   360522     99336822240     99337182763        48948119     218206      12549     330000     129162     5    1300000   14549000  330000000  330000000
   8      136    12682   200863     99337182771     99337383635        49308650     187992      12549     330000         34     5    1400000   14549000  330000000  330000000
   8      136    13239   329999     99337383643     99337713642        49509521     316511      12549     330000         41     5    1400000   14549000  330000000  330000000
   8      136    12682   354000     99337713651     99338067650        49839529     317093      12549     330000      24049     5    1400000   14549000  330000000  330000000
   8      136    12685   305979     99338067659     99338373638        50193537     293051      12549     330000         36     5    1400000   14549000  330000000  330000000
   8      136    12681   329954     99338373680     99338703634        50499559     317065      12549     330000         33     5    1400000   14549000  330000000  330000000
   8      136    12686   347585     99338703643     99339051227        50829521     317065      12549     330000      17627     5    1400000   14549000  330000000  330000000
   8      136    12685   370336     99339051236     99339421572        51177114     299486      12549     330000      57971     5    1400000   14549000  330000000  330000000
   8      136    12683   370516     99339421580     99339792096        51547459     259163      12549     330000      98495     5    1400000   14549000  330000000  330000000
   8      136    12682   371855     99339792104     99340163960        51917983     218649      12549     330000     140359     5    1400000   14549000  330000000  330000000
   8      136    12680   367364     99340163968     99340531333        52289847     176760      12549     330000     177732     5    1400000   14549000  330000000  330000000
   8      136    12686   176338     99340531342     99340707679        52657220     139374      12549     330000      24079     5    1400000   14549000  330000000  330000000
   8      136    12685   305949     99340707688     99341013637        52833566     293031      12549     330000         36     5    1400000   14549000  330000000  330000000
   8      136    12891   329990     99341013647     99341343636        53139525     316879      12549     330000         35     5    1400000   14549000  330000000  330000000
   8      136    12687   329998     99341343646     99341673644        53469524     317018      12549     330000         43     5    1400000   14549000  330000000  330000000
   8      136    12685   353940     99341673653     99342027593        53799531     317081      12549     330000      23992     5    1400000   14549000  330000000  330000000
   8      136    12683   329730     99342027601     99342357331        54153480     293140      12549     330000      23731     5    1400000   14549000  330000000  330000000
   8      136    12697   400827     99342357340     99342758167        54483218     269410      12549     330000      94566     5    1400000   14549000  330000000  330000000
   8      136    12682   363754     99342758175     99343121929        54884054     222573      12549     330000     128328     5    1400000   14549000  330000000  330000000
   8      136    12681   373931     99343121938     99343495869        55247816     188806      12549     330000     172268     5    1400000   14549000  330000000  330000000
   8      136    12684   157756     99343495877     99343653633        55621755     144838      12549     330000         32     5    1400000   14549000  330000000  330000000
   8      136    12681   330003     99343653642     99343983645        55779520     317101      12549     330000         44     5    1400000   14549000  330000000  330000000
   8      136    12682   329994     99343983653     99344313648        56109532     317070      12549     330000         46     5    1400000   14549000  330000000  330000000
   8      136    12886   353986     99344313657     99344667643        56439536     316861      12549     330000      24042     5    1300000   14549000  330000000  330000000
   8      136    12683   305983     99344667652     99344973635        56793530     293050      12549     330000         34     5    1400000   14549000  330000000  330000000
   8      136    12682   367971     99344973643     99345341614        57099522     317106      12549     330000      38013     5    1400000   14549000  330000000  330000000
   8      136    12681   359711     99345341623     99345701333        57467501     279113      12549     330000      67733     5    1400000   14549000  330000000  330000000
   8      136    12682   364856     99345701342     99346066198        57827220     249395      12549     330000     102597     5    1400000   14549000  330000000  330000000
   8      136    12684   360998     99346066239     99346427237        58192118     214481      12549     330000     133637     5    1400000   14549000  330000000  330000000
   8      136    13422   196388     99346427246     99346623634        58553124     182700      12549     330000         33     5    1400000   14549000  330000000  330000000
   8      136    12681   329993     99346623643     99346953636        58749521     317108      12549     330000         35     5    1400000   14549000  330000000  330000000
   8      136    13710   354012     99346953645     99347307657        59079523     316051      12549     330000      24056     5    1400000   14549000  330000000  330000000
   8      136    12685   305987     99347307665     99347613652        59433543     293036      12549     330000         51     5    1400000   14549000  330000000  330000000
   8      136    12683   329974     99347613661     99347943635        59739539     317078      12549     330000         34     5    1400000   14549000  330000000  330000000
   8      136    12686   358550     99347943643     99348302193        60069521     317060      12549     330000      28592     5    1400000   14549000  330000000  330000000
   8      136    12681   374002     99348302201     99348676203        60428080     288556      12549     330000      72602     5    1400000   14549000  330000000  330000000
   8      136    12679   364895     99348676212     99349041106        60802090     244545      12549     330000     107506     5    1400000   14549000  330000000  330000000
   8      136    12680   371928     99349041115     99349413043        61166993     209639      12549     330000     149442     5    1400000   14549000  330000000  330000000
   8      136    12683   180583     99349413051     99349593634        61538929     167679      12549     330000         33     5    1400000   14549000  330000000  330000000
   8      136    12680   354006     99349593643     99349947649        61719521     317137      12549     330000      24048     5    1400000   14549000  330000000  330000000
   8      136    12684   305988     99349947657     99350253645        62073535     293068      12549     330000         44     5    1400000   14549000  330000000  330000000
   8      136    12682   329994     99350253654     99350583648        62379532     317100      12549     330000         47     5    1400000   14549000  330000000  330000000
   8      136    12688   329976     99350583657     99350913632        62709535     317047      12549     330000         32     5    1400000   14549000  330000000  330000000
