#idx     perf      run   period           start             end          rel_st      slack c_duration   c_period     wu_lat   cpu       freq dl_runtime  dl_period dl_deadline
   3      499    46415   687753     32344050206     32344737959         1919050     640828      45941     820000         44     4    1400000   48359000  820000000  820000000
   3      499    46412   887024     32344737968     32345624992         2606812     773074      45941     820000      67077     4    1400000   48359000  820000000  820000000
   3      499    59090   880006     32345625003     32346505009         3493847     526060      45941     820000     127094     4    1100000   48359000  820000000  820000000
   3      499    59097   692942     32346505020     32347197962         4373864     466233      45941     820000         47     4    1100000   48359000  820000000  820000000
   3      499    59096   847125     32347197973     32348045099         5066818     593293      45941     820000      27184     4    1100000   48359000  820000000  820000000
   3      499    59095   879926     32348045110     32348925036         5913954     565835      45941     820000      87121     4    1100000   48359000  820000000  820000000
   3      499    59098   879974     32348925047     32349805020         6793891     506139      45941     820000     147106     4    1100000   48359000  820000000  820000000
   3      499    59090   672931     32349805031     32350477962         7673876     445972      45941     820000         47     4    1100000   48359000  820000000  820000000
   3      499    59096   867021     32350477973     32351344994         8346818     592983      45941     820000      47080     4    1100000   48359000  820000000  820000000
   3      499    59095   880184     32351345005     32352225189         9213850     546128      45941     820000     107275     4    1100000   48359000  820000000  820000000
   3      499    59100   879746     32352225201     32353104946        10094045     485756      45941     820000     167032     4    1100000   48359000  820000000  820000000
   3      499    59098   661706     32353104957     32353766663        10973801     426248      45941     820000       8748     4    1100000   48359000  820000000  820000000
   3      499    59093   878343     32353766674     32354645017        11635518     584328      45941     820000      67103     4    1100000   48359000  820000000  820000000
   3      499    59094   879970     32354645029     32355524999        12513873     526272      45941     820000     127084     4    1100000   48359000  820000000  820000000
   3      499    59092   692952     32355525010     32356217962        13393854     466014      45941     820000         47     4    1100000   48359000  820000000  820000000
   3      499    59102   847052     32356217973     32357065025        14086817     593188      45941     820000      27110     4    1100000   48359000  820000000  820000000
   3      499    59101   866126     32357065036     32357931162        14933880     566197      45941     820000      73247     4    1100000   48359000  820000000  820000000
   3      499    54140   892022     32357931172     32358823195        15800016     692022      45941     820000     145280     4    1200000   48359000  820000000  820000000
   3      499    59102   674756     32358823206     32359497962        16692050     447999      45941     820000         47     4    1100000   48359000  820000000  820000000
   3      499    59091   867029     32359497973     32360365002        17366817     593112      45941     820000      47087     4    1100000   48359000  820000000  820000000
   3      499    59098   879976     32360365013     32361244988        18233857     546218      45941     820000     107074     4    1100000   48359000  820000000  820000000
   3      499    59093   879983     32361244999     32362124982        19113843     486084      45941     820000     167067     4    1100000   48359000  820000000  820000000
   3      499    59095   660021     32362124993     32362785014        19993837     426244      45941     820000       7099     4    1100000   48359000  820000000  820000000
   3      499    59101   879958     32362785072     32363665030        20653916     586242      45941     820000      67116     4    1100000   48359000  820000000  820000000
   3      499    59095   880020     32363665041     32364545061        21533885     525954      45941     820000     127147     4    1100000   48359000  820000000  820000000
   3      499    59095   692899     32364545072     32365237970        22413916     466187      45941     820000         56     4    1100000   48359000  820000000  820000000
   3      499    59095   846997     32365237982     32366084979        23106826     593145      45941     820000      27064     4    1100000   48359000  820000000  820000000
   3      499    59102   880149     32366084990     32366965139        23953834     566210      45941     820000      87224     4    1100000   48359000  820000000  820000000
   3      499    59093   883539     32366965150     32367848689        24833994     505910      45941     820000     150774     4    1100000   48359000  820000000  820000000
   3      499    59095   669271     32367848700     32368517971        25717545     442253      45941     820000         57     4    1100000   48359000  820000000  820000000
   3      499    59100   867033     32368517983     32369385016        26386827     593111      45941     820000      47101     4    1100000   48359000  820000000  820000000
   3      499    59094   879978     32369385027     32370265004        27253871     546045      45941     820000     107090     4    1100000   48359000  820000000  820000000
   3      499    59098   879906     32370265015     32371144921        28133860     486183      45941     820000     167007     4    1100000   48359000  820000000  820000000
   3      499    59093   660108     32371144932     32371805040        29013776     426102      45941     820000       7126     4    1100000   48359000  820000000  820000000
   3      499    59096   879975     32371805051     32372685026        29673896     585936      45941     820000      67112     4    1100000   48359000  820000000  820000000
   3      499    59096   880021     32372685037     32373565057        30553881     526265      45941     820000     127143     4    1100000   48359000  820000000  820000000
   3      499    59093   692893     32373565068     32374257961        31433912     465944      45941     820000         46     4    1100000   48359000  820000000  820000000
   3      499    59101   847075     32374257972     32375105048        32126817     593126      45941     820000      27133     4    1100000   48359000  820000000  820000000
   3      499    59099   879966     32375105059     32375985024        32973903     566111      45941     820000      87110     4    1100000   48359000  820000000  820000000
   3      499    59098   879944     32375985035     32376864980        33853880     506179      45941     820000     147065     4    1100000   48359000  820000000  820000000
   3      499    59096   672980     32376864990     32377537970        34733835     446069      45941     820000         55     4    1100000   48359000  820000000  820000000
   3      499    59102   867085     32377537981     32378405067        35406826     593113      45941     820000      47152     4    1100000   48359000  820000000  820000000
   3      499    59100   879936     32378405077     32379285013        36273921     546145      45941     820000     107099     4    1100000   48359000  820000000  820000000
   3      499    59092   880091     32379285024     32380165115        37153869     486029      45941     820000     167200     4    1100000   48359000  820000000  820000000
   3      499    59095   659886     32380165125     32380825011        38033970     426126      45941     820000       7097     4    1100000   48359000  820000000  820000000
   3      499    59102   880069     32380825023     32381705092        38693867     586098      45941     820000      67178     4    1100000   48359000  820000000  820000000
   3      499    59108   879920     32381705103     32382585023        39573947     525858      45941     820000     127108     4    1100000   48359000  820000000  820000000
   3      499    59101   692906     32382585076     32383277982        40453920     466185      45941     820000         67     4    1100000   48359000  820000000  820000000
   3      499    59093   847031     32383277993     32384125024        41146837     593065      45941     820000      27109     4    1100000   48359000  820000000  820000000
   3      499    59095   879952     32384125035     32385004986        41993879     566241      45941     820000      87072     4    1100000   48359000  820000000  820000000
   3      499    59092   879983     32385004997     32385884980        42873841     506134      45941     820000     147066     4    1100000   48359000  820000000  820000000
   3      499    59097   672971     32385884990     32386557962        43753835     446277      45941     820000         47     4    1100000   48359000  820000000  820000000
   3      499    59104   866980     32386557973     32387424953        44426817     593205      45941     820000      47039     4    1100000   48359000  820000000  820000000
   3      499    59097   880083     32387424964     32388305047        45293808     546107      45941     820000     107133     4    1100000   48359000  820000000  820000000
   3      499    59099   880281     32388305058     32389185339        46173902     486247      45941     820000     167424     4    1100000   48359000  820000000  820000000
   3      499    59094   659598     32389185350     32389844948        47054194     425642      45941     820000       7033     4    1100000   48359000  820000000  820000000
   3      499    59102   880029     32389844959     32390724987        47713803     586294      45941     820000      67073     4    1100000   48359000  820000000  820000000
   3      499    59104   880075     32390724998     32391605074        48593843     526251      45941     820000     127159     4    1100000   48359000  820000000  820000000
   3      499    59094   692878     32391605084     32392297963        49473929     465908      45941     820000         48     4    1100000   48359000  820000000  820000000
   3      499    59097   847051     32392297974     32393145025        50166818     593199      45941     820000      27111     4    1100000   48359000  820000000  820000000
   3      499    59088   879992     32393145037     32394025029        51013881     566148      45941     820000      87114     4    1100000   48359000  820000000  820000000
   3      499    59095   879934     32394025040     32394904974        51893884     506168      45941     820000     147059     4    1100000   48359000  820000000  820000000
   3      499    59091   672990     32394904984     32395577975        52773829     446097      45941     820000         60     4    1100000   48359000  820000000  820000000
   3      499    59102   867019     32395577986     32396445005        53446830     592950      45941     820000      47091     4    1100000   48359000  820000000  820000000
   3      499    59097   880054     32396445016     32397325070        54313860     546220      45941     820000     107155     4    1100000   48359000  820000000  820000000
   3      499    59096   879957     32397325081     32398205038        55193925     485915      45941     820000     167123     4    1100000   48359000  820000000  820000000
   3      499    59097   659990     32398205048     32398865039        56073893     426219      45941     820000       7124     4    1100000   48359000  820000000  820000000
   3      499    59097   880096     32398865050     32399745146        56733894     586087      45941     820000      67232     4    1100000   48359000  820000000  820000000
   3      499    59097   879884     32399745157     32400625041        57614002     525792      45941     820000     127126     4    1100000   48359000  820000000  820000000
   3      499    59106   692909     32400625052     32401317961        58493896     466048      45941     820000         46     4    1100000   48359000  820000000  820000000
   3      499    59102   846993     32401318011     32402165004        59186855     593162      45941     820000      27090     4    1100000   48359000  820000000  820000000
   3      499    59099   879966     32402165015     32403044981        60033859     566168      45941     820000      87067     4    1100000   48359000  820000000  820000000
   3      499    59091   880006     32403044992     32403924998        60913837     506084      45941     820000     147083     4    1100000   48359000  820000000  820000000
   3      499    59097   672960     32403925009     32404597969        61793853     446204      45941     820000         54     4    1100000   48359000  820000000  820000000
   3      499    59104   867095     32404597980     32405465075        62466824     593169      45941     820000      47160     4    1100000   48359000  820000000  820000000
   3      499    59102   879896     32405465086     32406344982        63333930     545854      45941     820000     107067     4    1100000   48359000  820000000  820000000
   3      499    59100   879939     32406344993     32407224932        64213837     486301      45941     820000     167017     4    1100000   48359000  820000000  820000000
   3      499    59103   660086     32407224942     32407885028        65093787     426171      45941     820000       7114     4    1100000   48359000  820000000  820000000
   3      499    59099   880019     32407885040     32408765059        65753884     586179      45941     820000      67144     4    1100000   48359000  820000000  820000000
   3      499    59093   880085     32408765070     32409645155        66633914     526077      45941     820000     127241     4    1100000   48359000  820000000  820000000
   3      499    59097   692807     32409645166     32410337973        67514010     465792      45941     820000         58     4    1100000   48359000  820000000  820000000
   3      499    59103   846987     32410337984     32411184970        68206828     593152      45941     820000      27056     4    1100000   48359000  820000000  820000000
   3      499    59096   880121     32411184981     32412065102        69053825     565976      45941     820000      87188     4    1100000   48359000  820000000  820000000
   3      499    59097   879933     32412065113     32412945046        69933957     506157      45941     820000     147131     4    1100000   48359000  820000000  820000000
   3      499    59092   672912     32412945057     32413617968        70813901     445975      45941     820000         53     4    1100000   48359000  820000000  820000000
   3      499    59104   867075     32413617979     32414485054        71486823     593059      45941     820000      47140     4    1100000   48359000  820000000  820000000
   3      499    59100   880092     32414485065     32415365158        72353910     546168      45941     820000     107243     4    1100000   48359000  820000000  820000000
   3      499    59094   879864     32415365168     32416245032        73234013     485801      45941     820000     167118     4    1100000   48359000  820000000  820000000
   3      499    59097   660025     32416245043     32416905068        74113887     426151      45941     820000       7154     4    1100000   48359000  820000000  820000000
   3      499    59090   880006     32416905079     32417785085        74773923     586145      45941     820000      67171     4    1100000   48359000  820000000  820000000
   3      499    59099   879970     32417785096     32418665066        75653940     526060      45941     820000     127152     4    1100000   48359000  820000000  820000000
   3      499    59098   692884     32418665077     32419357961        76533921     465855      45941     820000         46     4    1100000   48359000  820000000  820000000
   3      499    59100   847048     32419357972     32420205021        77226817     592944      45941     820000      27106     4    1100000   48359000  820000000  820000000
   3      499    59097   880015     32420205032     32421085047        78073876     566265      45941     820000      87132     4    1100000   48359000  820000000  820000000
   3      499    59095   879986     32421085101     32421965087        78953945     505912      45941     820000     147173     4    1100000   48359000  820000000  820000000
   3      499    59098   672881     32421965098     32422637979        79833942     446222      45941     820000         64     4    1100000   48359000  820000000  820000000
   3      499    59100   867120     32422637990     32423505110        80506835     593117      45941     820000      47196     4    1100000   48359000  820000000  820000000
   3      499    59102   879879     32423505121     32424385000        81373966     545850      45941     820000     107086     4    1100000   48359000  820000000  820000000
   3      499    59109   879992     32424385011     32425265002        82253855     486243      45941     820000     167088     4    1100000   48359000  820000000  820000000
   3      499    59096   660079     32425265013     32425925092        83133858     426249      45941     820000       7178     4    1100000   48359000  820000000  820000000
   3      499    59098   879950     32425925103     32426805053        83793947     586122      45941     820000      67139     4    1100000   48359000  820000000  820000000
   3      499    59091   879956     32426805065     32427685021        84673909     525984      45941     820000     127106     4    1100000   48359000  820000000  820000000
   3      499    59097   692930     32427685032     32428377962        85553876     466210      45941     820000         47     4    1100000   48359000  820000000  820000000
   3      499    59098   847058     32428377973     32429225031        86246817     593186      45941     820000      27117     4    1100000   48359000  820000000  820000000
   3      499    59092   879936     32429225042     32430104979        87093887     565928      45941     820000      87064     4    1100000   48359000  820000000  820000000
   3      499    59103   880114     32430104990     32430985103        87973834     506285      45941     820000     147189     4    1100000   48359000  820000000  820000000
   3      499    59097   672849     32430985114     32431657963        88853958     445861      45941     820000         48     4    1100000   48359000  820000000  820000000
   3      499    59099   867020     32431657973     32432524993        89526818     593191      45941     820000      47079     4    1100000   48359000  820000000  820000000
