#idx     perf      run   period           start             end          rel_st      slack c_duration   c_period     wu_lat   cpu       freq dl_runtime  dl_period dl_deadline
   5      110    10242   262694    116375767481    116376030175         1205858     252233      10132     300000         43     5    1400000   12132000  300000000  300000000
   5      110    10243   314682    116376030184    116376344865         1468560     289518      10132     300000      14734     5    1400000   12132000  300000000  300000000
   5      110    10238   287833    116376344874    116376632707         1783251     274888      10132     300000       2576     5    1400000   12132000  300000000  300000000
   5      110    10239   334672    116376632716    116376967388         2071093     287042      10132     300000      37257     5    1400000   12132000  300000000  300000000
   5      110    10244   262777    116376967397    116377230174         2405773     252333      10132     300000         42     5    1400000   12132000  300000000  300000000
   5      110    10243   314686    116377230182    116377544868         2668559     289534      10132     300000      14737     5    1400000   12132000  300000000  300000000
   5      110    10238   312857    116377544877    116377857734         2983253     274893      10132     300000      27603     5    1400000   12132000  300000000  300000000
   5      110    10241   325477    116377857743    116378183220         3296119     261974      10132     300000      53089     5    1400000   12132000  300000000  300000000
   5      110    11029   288828    116378183229    116378472057         3621606     235702      10132     300000      41926     5    1300000   12132000  300000000  300000000
   5      110    11042   335980    116378472066    116378808046         3910443     206734      10132     300000      77914     5    1300000   12132000  300000000  300000000
   5      110    11037   327992    116378808055    116379136048         4246432     186677      10132     300000     105916     5    1300000   12132000  300000000  300000000
   5      110    10260   328804    116379136056    116379464860         4574433     161150      10132     300000     134729     5    1400000   12132000  300000000  300000000
   5      110    10256   323178    116379464869    116379788046         4903245     132342      10132     300000     157914     5    1400000   12132000  300000000  300000000
   5      110    11025   319997    116379788056    116380108053         5226432     130925      10132     300000     177921     5    1300000   12132000  300000000  300000000
   5      110    11025   122103    116380108062    116380230165         5546439     110909      10132     300000         33     5    1300000   12132000  300000000  300000000
   5      110    10261   314782    116380230174    116380544956         5668550     267029      10132     300000      14825     5    1400000   12132000  300000000  300000000
   5      110    11028   285208    116380544965    116380830173         5983342     272231      10132     300000         41     5    1300000   12132000  300000000  300000000
   5      110    11032   330094    116380830182    116381160276         6268559     288737      10132     300000      30145     5    1300000   12132000  300000000  300000000
   5      110    11027   269891    116381160286    116381430177         6598662     258670      10132     300000         45     5    1300000   12132000  300000000  300000000
   5      110    11030   315789    116381430186    116381745975         6868563     288733      10132     300000      15843     5    1300000   12132000  300000000  300000000
   5      110    11030   284190    116381745984    116382030174         7184360     272954      10132     300000         42     5    1300000   12132000  300000000  300000000
   5      110    11028   340046    116382030183    116382370229         7468560     288764      10132     300000      40098     5    1300000   12132000  300000000  300000000
   5      110    11030   289821    116382370239    116382660060         7808615     248688      10132     300000      29928     5    1300000   12132000  300000000  300000000
   5      110    11057   327925    116382660117    116382988042         8098493     218732      10132     300000      57911     5    1300000   12132000  300000000  300000000
   5      110    11036   320013    116382988051    116383308064         8426428     206729      10132     300000      77933     5    1300000   12132000  300000000  300000000
   5      110    11025   323980    116383308074    116383632054         8746450     210893      10132     300000     101923     5    1300000   12132000  300000000  300000000
   5      110    11025   315994    116383632064    116383948058         9070440     186894      10132     300000     117926     5    1300000   12132000  300000000  300000000
   5      110    11025   319990    116383948067    116384268057         9386444     170915      10132     300000     137926     5    1300000   12132000  300000000  300000000
   5      110    11026   319993    116384268066    116384588060         9706443     150908      10132     300000     157928     5    1300000   12132000  300000000  300000000
   5      110    11027   323990    116384588069    116384912059        10026446     130902      10132     300000     181928     5    1300000   12132000  300000000  300000000
   5      110    11028   118098    116384912069    116385030166        10350445     106903      10132     300000         35     5    1300000   12132000  300000000  300000000
   5      110    11028   315792    116385030175    116385345967        10468552     288766      10132     300000      15836     5    1300000   12132000  300000000  300000000
   5      110    11028   284192    116385345976    116385630169        10784353     272967      10132     300000         37     5    1300000   12132000  300000000  300000000
   5      110    11954   317117    116385630179    116385947296        11068555     262052      10132     300000      17164     5    1200000   12132000  300000000  300000000
   5      110    11946   282867    116385947306    116386230173        11385682     270708      10132     300000         42     5    1200000   12132000  300000000  300000000
   5      110    11948   321880    116386230183    116386552063        11668560     287820      10132     300000      21931     5    1200000   12132000  300000000  300000000
   5      110    11025   278746    116386552073    116386830819        11990449     266891      10132     300000        688     5    1300000   12132000  300000000  300000000
   5      110    11029   321231    116386830828    116387152059        12269205     260348      10132     300000      21927     5    1300000   12132000  300000000  300000000
   5      110    11946   315976    116387152070    116387468047        12590447     265945      10132     300000      37915     5    1200000   12132000  300000000  300000000
   5      110    11024   319998    116387468056    116387788054        12906432     250923      10132     300000      57923     5    1300000   12132000  300000000  300000000
   5      110    11024   319992    116387788063    116388108055        13226440     230910      10132     300000      77924     5    1300000   12132000  300000000  300000000
   5      110    11947   327976    116388108066    116388436041        13546442     209939      10132     300000     105910     5    1200000   12132000  300000000  300000000
   5      110    11025   316007    116388436051    116388752058        13874427     182933      10132     300000     121926     5    1300000   12132000  300000000  300000000
   5      110    11025   279988    116388752067    116389032056        14190444     166901      10132     300000     101924     5    1300000   12132000  300000000  300000000
   5      110    11948   335991    116389032066    116389368057        14470442     142278      10132     300000     137925     5    1200000   12132000  300000000  300000000
   5      110    11436   331991    116389368066    116389700058        14806443     128803      10132     300000     169926     5    1200000   12132000  300000000  300000000
   5      110    11027   134015    116389700067    116389834082        15138443      95223      10132     300000       3950     5    1300000   12132000  300000000  300000000
   5      110    11947   296038    116389834130    116390130168        15272507     283884      10132     300000         36     5    1200000   12132000  300000000  300000000
   5      110    11948   299983    116390130180    116390430163        15568556     246051      10132     300000         31     5    1200000   12132000  300000000  300000000
   5      110    11030   299997    116390430173    116390730169        15868549     288750      10132     300000         38     5    1300000   12132000  300000000  300000000
   5      110    11946   313874    116390730179    116391044053        16168555     270051      10132     300000      13921     5    1200000   12132000  300000000  300000000
   5      110    11947   286102    116391044063    116391330165        16482440     273949      10132     300000         34     5    1200000   12132000  300000000  300000000
   5      110    11312   301874    116391330175    116391632049        16768552     245926      10132     300000       1918     5    1200000   12132000  300000000  300000000
   5      110    11025   320001    116391632058    116391952060        17070435     286917      10132     300000      21927     5    1300000   12132000  300000000  300000000
   5      110    11026   315986    116391952069    116392268055        17390445     266897      10132     300000      37924     5    1300000   12132000  300000000  300000000
   5      110    11025   319983    116392268064    116392588047        17706441     250904      10132     300000      57916     5    1300000   12132000  300000000  300000000
   5      110    11946   291992    116392588057    116392880049        18026434     229960      10132     300000      49917     5    1200000   12132000  300000000  300000000
   5      110    11023   339999    116392880058    116393220057        18318434     197177      10132     300000      89926     5    1300000   12132000  300000000  300000000
   5      110    11028   327986    116393220067    116393548052        18658443     157598      10132     300000     117920     5    1300000   12132000  300000000  300000000
   5      110    11946   320001    116393548062    116393868063        18986439     148409      10132     300000     137931     5    1200000   12132000  300000000  300000000
   5      110    11947   327988    116393868073    116394196061        19306450     149937      10132     300000     165929     5    1200000   12132000  300000000  300000000
   5      110    11946   311987    116394196071    116394508058        19634447     121929      10132     300000     177927     5    1200000   12132000  300000000  300000000
   5      110    11947   122096    116394508068    116394630164        19946445     109932      10132     300000         33     5    1200000   12132000  300000000  300000000
   5      110    11949   299995    116394630174    116394930169        20068551     287829      10132     300000         37     5    1200000   12132000  300000000  300000000
   5      110    11947   299987    116394930179    116395230166        20368556     274186      10132     300000         34     5    1200000   12132000  300000000  300000000
   5      110    11949   299990    116395230175    116395530165        20668552     287837      10132     300000         34     5    1200000   12132000  300000000  300000000
   5      110    11027   300000    116395530175    116395830175        20968551     247142      10132     300000         43     5    1300000   12132000  300000000  300000000
   5      110    11027   299984    116395830184    116396130168        21268561     288756      10132     300000         37     5    1300000   12132000  300000000  300000000
   5      110    11029   301872    116396130177    116396432049        21568554     271143      10132     300000       1918     5    1300000   12132000  300000000  300000000
   5      110    11026   298108    116396432058    116396730166        21870435     286907      10132     300000         34     5    1300000   12132000  300000000  300000000
   5      110    11027   337844    116396730211    116397068055        22168588     251150      10132     300000      37924     5    1300000   12132000  300000000  300000000
   5      110    11036   323991    116397068064    116397392055        22506441     206582      10132     300000      61924     5    1300000   12132000  300000000  300000000
   5      110    11024   315477    116397392064    116397707542        22830441     203421      10132     300000      77410     5    1300000   12132000  300000000  300000000
   5      110    11945   328505    116397707552    116398036057        23145928     210472      10132     300000     105925     5    1200000   12132000  300000000  300000000
   5      110    11948   311990    116398036066    116398348056        23474443     181938      10132     300000     117923     5    1200000   12132000  300000000  300000000
   5      110    11949   327979    116398348066    116398676045        23786443     169933      10132     300000     145914     5    1200000   12132000  300000000  300000000
   5      110    11025   311998    116398676054    116398988052        24114431     142920      10132     300000     157921     5    1300000   12132000  300000000  300000000
   5      110    11026   315995    116398988061    116399304057        24426438     130913      10132     300000     173925     5    1300000   12132000  300000000  300000000
   5      110    11026   126099    116399304066    116399430165        24742442     114900      10132     300000         33     5    1300000   12132000  300000000  300000000
   5      110    11028   321881    116399430174    116399752054        24868550     288757      10132     300000      21923     5    1300000   12132000  300000000  300000000
   5      110    11948   278109    116399752064    116400030174        25190441     265947      10132     300000         41     5    1200000   12132000  300000000  300000000
   5      110    11949   317870    116400030184    116400348054        25468560     260409      10132     300000      17921     5    1200000   12132000  300000000  300000000
   5      110    11948   282110    116400348064    116400630173        25786440     269953      10132     300000         42     5    1200000   12132000  300000000  300000000
   5      110    11947   329877    116400630183    116400960061        26068560     287818      10132     300000      29927     5    1200000   12132000  300000000  300000000
   5      110    11945   271982    116400960070    116401232053        26398447     257958      10132     300000       1921     5    1200000   12132000  300000000  300000000
   5      110    11026   323990    116401232062    116401556052        26670438     286906      10132     300000      25921     5    1300000   12132000  300000000  300000000
   5      110    11024   311991    116401556061    116401868052        26994437     262911      10132     300000      37921     5    1300000   12132000  300000000  300000000
   5      110    11947   319993    116401868062    116402188055        27306438     249945      10132     300000      57923     5    1200000   12132000  300000000  300000000
   5      110    11026   323992    116402188063    116402512056        27626440     230901      10132     300000      81924     5    1300000   12132000  300000000  300000000
   5      110    11025   319987    116402512065    116402832051        27950441     206908      10132     300000     101920     5    1300000   12132000  300000000  300000000
   5      110    11946   315995    116402832061    116403148057        28270438     185950      10132     300000     117925     5    1200000   12132000  300000000  300000000
   5      110    11025   287990    116403148066    116403436056        28586442     170903      10132     300000     105924     5    1300000   12132000  300000000  300000000
   5      110    11027   343987    116403436065    116403780052        28874441     182909      10132     300000     149919     5    1300000   12132000  300000000  300000000
   5      110    11949   330067    116403780062    116404110129        29218438     110614      10132     300000     179997     5    1200000   12132000  300000000  300000000
   5      110    11945   137880    116404110174    116404248054        29548550      86551      10132     300000      17922     5    1200000   12132000  300000000  300000000
   5      110    11945   282104    116404248063    116404530167        29686440     269968      10132     300000         35     5    1200000   12132000  300000000  300000000
   5      110    11235   299997    116404530177    116404830174        29968553     245463      10132     300000         42     5    1200000   12132000  300000000  300000000
   5      110    11030   299986    116404830183    116405130169        30268560     288740      10132     300000         37     5    1300000   12132000  300000000  300000000
   5      110    11957   299988    116405130178    116405430166        30568555     274087      10132     300000         35     5    1200000   12132000  300000000  300000000
   5      110    11947   299989    116405430177    116405730165        30868553     262570      10132     300000         34     5    1200000   12132000  300000000  300000000
   5      110    11029   300002    116405730175    116406030176        31168551     271038      10132     300000         45     5    1300000   12132000  300000000  300000000
   5      110    11949   321871    116406030187    116406352058        31468563     287811      10132     300000      21927     5    1200000   12132000  300000000  300000000
   5      110    11947   323991    116406352068    116406676059        31790445     265941      10132     300000      45927     5    1200000   12132000  300000000  300000000
   5      110    11025   323981    116406676068    116407000049        32114445     242902      10132     300000      69917     5    1300000   12132000  300000000  300000000
   5      110    11946   284004    116407000058    116407284062        32438435     217949      10132     300000      53930     5    1200000   12132000  300000000  300000000
   5      110    11944   387994    116407284072    116407672066        32722449     192265      10132     300000     141934     5    1200000   12132000  300000000  300000000
   5      110    11947   275978    116407672077    116407948055        33110453     145921      10132     300000     117923     5    1200000   12132000  300000000  300000000
   5      110    11946   327991    116407948065    116408276056        33386441     169948      10132     300000     145925     5    1200000   12132000  300000000  300000000
   5      110    11026   311981    116408276065    116408588046        33714441     142898      10132     300000     157915     5    1300000   12132000  300000000  300000000
   5      110    11025   323997    116408588055    116408912052        34026432     130909      10132     300000     181921     5    1300000   12132000  300000000  300000000
   5      110    11025   118103    116408912062    116409030165        34350438     106913      10132     300000         33     5    1300000   12132000  300000000  300000000
   5      110    11946   299992    116409030175    116409330167        34468551     287843      10132     300000         35     5    1200000   12132000  300000000  300000000
   5      110    11949   304954    116409330177    116409635130        34768553     274215      10132     300000       4999     5    1200000   12132000  300000000  300000000
   5      110    11027   295027    116409635139    116409930167        35073516     283806      10132     300000         35     5    1300000   12132000  300000000  300000000
   5      110    11951   299997    116409930177    116410230173        35368553     246224      10132     300000         42     5    1200000   12132000  300000000  300000000
   5      110    11947   299982    116410230183    116410530165        35668560     287818      10132     300000         34     5    1200000   12132000  300000000  300000000
   5      110    11028   313880    116410530174    116410844054        35968551     271166      10132     300000      13923     5    1300000   12132000  300000000  300000000
   5      110    11025   303973    116410844094    116411148067        36282471     274878      10132     300000      17935     5    1300000   12132000  300000000  300000000
   5      110    11947   323975    116411148077    116411472052        36586454     244812      10132     300000      41921     5    1200000   12132000  300000000  300000000
   5      110    11959   319998    116411472062    116411792060        36910438     205709      10132     300000      61928     5    1200000   12132000  300000000  300000000
   5      110    11949   319988    116411792069    116412112058        37230446     225939      10132     300000      81927     5    1200000   12132000  300000000  300000000
   5      110    11946   319989    116412112068    116412432057        37550444     205939      10132     300000     101925     5    1200000   12132000  300000000  300000000
   5      110    11949   319990    116412432067    116412752057        37870444     185943      10132     300000     121923     5    1200000   12132000  300000000  300000000
   5      110    11946   319992    116412752066    116413072059        38190443     165957      10132     300000     141928     5    1200000   12132000  300000000  300000000
   5      110    11025   319987    116413072068    116413392055        38510445     146900      10132     300000     161924     5    1300000   12132000  300000000  300000000
   5      110    11025   319989    116413392064    116413712053        38830441     126904      10132     300000     181920     5    1300000   12132000  300000000  300000000
   5      110    11025   118102    116413712063    116413830165        39150440     106920      10132     300000         33     5    1300000   12132000  300000000  300000000
   5      110    11028   337887    116413830173    116414168060        39268550     288762      10132     300000      37929     5    1300000   12132000  300000000  300000000
   5      110    11026   262105    116414168069    116414430174        39606446     250900      10132     300000         43     5    1300000   12132000  300000000  300000000
   5      110    11029   299982    116414430184    116414730166        39868560     288741      10132     300000         34     5    1300000   12132000  300000000  300000000
   5      110    11028   299991    116414730175    116415030165        40168551     271273      10132     300000         34     5    1300000   12132000  300000000  300000000
   5      110    11030   299993    116415030175    116415330168        40468551     288752      10132     300000         36     5    1300000   12132000  300000000  300000000
   5      110    11027   301874    116415330177    116415632051        40768553     247271      10132     300000       1919     5    1300000   12132000  300000000  300000000
   5      110    11025   316001    116415632060    116415948061        41070437     286912      10132     300000      17929     5    1300000   12132000  300000000  300000000
   5      110    11026   323981    116415948070    116416272051        41386447     270909      10132     300000      41919     5    1300000   12132000  300000000  300000000
   5      110    11025   315999    116416272060    116416588059        41710436     246906      10132     300000      57927     5    1300000   12132000  300000000  300000000
   5      110    11947   323996    116416588069    116416912065        42026445     229939      10132     300000      81932     5    1200000   12132000  300000000  300000000
   5      110    11946   319983    116416912075    116417232058        42350452     205943      10132     300000     101926     5    1200000   12132000  300000000  300000000
   5      110    11946   295988    116417232068    116417528056        42670445     185945      10132     300000      97925     5    1200000   12132000  300000000  300000000
   5      110    11944   315978    116417528066    116417844044        42966442     164975      10132     300000     113912     5    1200000   12132000  300000000  300000000
   5      110    11946   372005    116417844053    116418216058        43282430     132546      10132     300000     185926     5    1200000   12132000  300000000  300000000
   5      110    11948   291950    116418216104    116418508054        43654481     101914      10132     300000     177923     5    1200000   12132000  300000000  300000000
   5      110    11948   122101    116418508064    116418630165        43946441     109937      10132     300000         33     5    1200000   12132000  300000000  300000000
   5      110    11945   299992    116418630175    116418930167        44068552     262887      10132     300000         35     5    1200000   12132000  300000000  300000000
   5      110    11958   299996    116418930177    116419230173        44368553     270728      10132     300000         42     5    1200000   12132000  300000000  300000000
   5      110    11947   321874    116419230183    116419552057        44668560     287821      10132     300000      21925     5    1200000   12132000  300000000  300000000
   5      110    11948   278107    116419552067    116419830174        44990443     265942      10132     300000         42     5    1200000   12132000  300000000  300000000
   5      110    11953   299983    116419830184    116420130167        45268560     260886      10132     300000         35     5    1200000   12132000  300000000  300000000
   5      110    11947   301879    116420130177    116420432056        45568554     270462      10132     300000       1924     5    1200000   12132000  300000000  300000000
   5      110    11947   327977    116420432066    116420760044        45870443     285943      10132     300000      29912     5    1200000   12132000  300000000  300000000
   5      110    11024   315343    116420760053    116421075396        46198429     258929      10132     300000      45264     5    1300000   12132000  300000000  300000000
   5      110    11028   304652    116421075405    116421380056        46513781     243518      10132     300000      49925     5    1300000   12132000  300000000  300000000
   5      110    11025   355991    116421380066    116421736058        46818443     215998      10132     300000     105926     5    1300000   12132000  300000000  300000000
   5      110    11946   299993    116421736067    116422036060        47174444     181943      10132     300000     105929     5    1200000   12132000  300000000  300000000
   5      110    11944   315982    116422036070    116422352052        47474446     143081      10132     300000     121921     5    1200000   12132000  300000000  300000000
   5      110    11948   323993    116422352062    116422676056        47790439     165931      10132     300000     145924     5    1200000   12132000  300000000  300000000
   5      110    11948   315990    116422676065    116422992055        48114442     141937      10132     300000     161923     5    1200000   12132000  300000000  300000000
   5      110    11947   319985    116422992065    116423312049        48430441     125931      10132     300000     181918     5    1200000   12132000  300000000  300000000
   5      110    11025   118105    116423312059    116423430164        48750435     106919      10132     300000         32     5    1300000   12132000  300000000  300000000
   5      110    11028   299995    116423430173    116423730168        48868549     288754      10132     300000         37     5    1300000   12132000  300000000  300000000
   5      110    11949   313886    116423730178    116424044064        49168555     270554      10132     300000      13932     5    1200000   12132000  300000000  300000000
   5      110    11950   286093    116424044074    116424330167        49482451     273907      10132     300000         35     5    1200000   12132000  300000000  300000000
   5      110    11954   299996    116424330177    116424630173        49768553     249733      10132     300000         41     5    1200000   12132000  300000000  300000000
   5      110    11948   299982    116424630183    116424930164        50068560     287822      10132     300000         33     5    1200000   12132000  300000000  300000000
   5      110    11946   325849    116424930208    116425256057        50368585     270559      10132     300000      25926     5    1200000   12132000  300000000  300000000
   5      110    11024   295988    116425256066    116425552054        50694443     262900      10132     300000      21923     5    1300000   12132000  300000000  300000000
   5      110    11029   315989    116425552063    116425868052        50990439     244104      10132     300000      37920     5    1300000   12132000  300000000  300000000
   5      110    11026   327990    116425868061    116426196051        51306438     250911      10132     300000      65920     5    1300000   12132000  300000000  300000000
   5      110    11948   315995    116426196061    116426512056        51634438     221938      10132     300000      81923     5    1200000   12132000  300000000  300000000
   5      110    11946   315998    116426512066    116426828064        51950442     205950      10132     300000      97932     5    1200000   12132000  300000000  300000000
   5      110    11947   319995    116426828074    116427148069        52266450     189932      10132     300000     117937     5    1200000   12132000  300000000  300000000
   5      110    11947   323974    116427148079    116427472052        52586456     169923      10132     300000     141921     5    1200000   12132000  300000000  300000000
   5      110    11945   319996    116427472062    116427792058        52910439     145963      10132     300000     161926     5    1200000   12132000  300000000  300000000
   5      110    11947   295976    116427792067    116428088044        53230444     125937      10132     300000     157912     5    1200000   12132000  300000000  300000000
   5      110    11947   142113    116428088053    116428230166        53526430     105243      10132     300000         34     5    1200000   12132000  300000000  300000000
   5      110    11947   299991    116428230176    116428530166        53668552     287839      10132     300000         35     5    1200000   12132000  300000000  300000000
   5      110    11948   299997    116428530176    116428830173        53968553     246665      10132     300000         42     5    1200000   12132000  300000000  300000000
   5      110    11949   299984    116428830183    116429130167        54268560     287815      10132     300000         35     5    1200000   12132000  300000000  300000000
   5      110    11950   305882    116429130177    116429436058        54568553     270682      10132     300000       5925     5    1200000   12132000  300000000  300000000
   5      110    11947   294097    116429436068    116429730165        54874445     281939      10132     300000         34     5    1200000   12132000  300000000  300000000
   5      110    11027   301881    116429730175    116430032055        55168551     247637      10132     300000       1924     5    1300000   12132000  300000000  300000000
   5      110    11946   319996    116430032065    116430352061        55470442     285944      10132     300000      21929     5    1200000   12132000  300000000  300000000
   5      110    11948   319977    116430352070    116430672047        55790447     265940      10132     300000      41916     5    1200000   12132000  300000000  300000000
   5      110    11025   323994    116430672056    116430996050        56110433     246921      10132     300000      65919     5    1300000   12132000  300000000  300000000
   5      110    11026   276000    116430996059    116431272059        56434436     222917      10132     300000      41927     5    1300000   12132000  300000000  300000000
   5      110    11944   367984    116431272069    116431640054        56710446     207291      10132     300000     109921     5    1200000   12132000  300000000  300000000
   5      110    11948   299996    116431640063    116431940060        57078440     160868      10132     300000     109928     5    1200000   12132000  300000000  300000000
   5      110    11949   359986    116431940070    116432300055        57378446     155319      10132     300000     169924     5    1200000   12132000  300000000  300000000
   5      110    11949   291944    116432300104    116432592048        57738480     117902      10132     300000     161917     5    1200000   12132000  300000000  300000000
   5      110    11945   319997    116432592058    116432912055        58030434     103362      10132     300000     181923     5    1200000   12132000  300000000  300000000
   5      110    11949   118103    116432912064    116433030167        58350441     105952      10132     300000         36     5    1200000   12132000  300000000  300000000
   5      110    11950   299990    116433030177    116433330167        58468554     265214      10132     300000         35     5    1200000   12132000  300000000  300000000
   5      110    11950   299995    116433330177    116433630172        58768553     270776      10132     300000         40     5    1200000   12132000  300000000  300000000
   5      110    11028   329865    116433630181    116433960046        59068558     288746      10132     300000      29915     5    1300000   12132000  300000000  300000000
   5      110    11025   270117    116433960055    116434230173        59398432     258919      10132     300000         41     5    1300000   12132000  300000000  300000000
   5      110    11028   299985    116434230182    116434530167        59668559     288754      10132     300000         36     5    1300000   12132000  300000000  300000000
   5      110    11026   299989    116434530176    116434830165        59968553     271738      10132     300000         34     5    1300000   12132000  300000000  300000000
   5      110    11027   299994    116434830174    116435130168        60268551     288765      10132     300000         36     5    1300000   12132000  300000000  300000000
   5      110    11030   357884    116435130177    116435488061        60568554     247755      10132     300000      57929     5    1300000   12132000  300000000  300000000
   5      110    11946   299989    116435488072    116435788061        60926449     212935      10132     300000      57929     5    1200000   12132000  300000000  300000000
   5      110    11946   323985    116435788071    116436112055        61226447     205420      10132     300000      81924     5    1200000   12132000  300000000  300000000
   5      110    11025   319985    116436112066    116436432051        61550442     180352      10132     300000     101919     5    1300000   12132000  300000000  300000000
   5      110    11026   319994    116436432060    116436752054        61870436     186911      10132     300000     121923     5    1300000   12132000  300000000  300000000
   5      110    11025   323993    116436752063    116437076056        62190440     166908      10132     300000     145924     5    1300000   12132000  300000000  300000000
   5      110    11027   315988    116437076065    116437392053        62514441     142901      10132     300000     161922     5    1300000   12132000  300000000  300000000
   5      110    11027   315991    116437392062    116437708053        62830439     126910      10132     300000     177921     5    1300000   12132000  300000000  300000000
   5      110    11025   122102    116437708063    116437830165        63146439     110908      10132     300000         33     5    1300000   12132000  300000000  300000000
   5      110    11467   299996    116437830174    116438130170        63268550     288321      10132     300000         38     5    1300000   12132000  300000000  300000000
   5      110    11945   299985    116438130180    116438430165        63568556     274917      10132     300000         34     5    1200000   12132000  300000000  300000000
   5      110    11025   299992    116438430174    116438730166        63868551     264295      10132     300000         35     5    1300000   12132000  300000000  300000000
   5      110    11029   299999    116438730175    116439030174        64168552     271853      10132     300000         42     5    1300000   12132000  300000000  300000000
   5      110    11947   321838    116439030216    116439352054        64468593     287802      10132     300000      21923     5    1200000   12132000  300000000  300000000
   5      110    11025   279987    116439352063    116439632050        64790440     266919      10132     300000       1919     5    1300000   12132000  300000000  300000000
   5      110    11038   319992    116439632059    116439952052        65070436     264398      10132     300000      21919     5    1300000   12132000  300000000  300000000
   5      110    11947   323986    116439952062    116440276047        65390438     265938      10132     300000      45916     5    1200000   12132000  300000000  300000000
   5      110    11024   311999    116440276057    116440588056        65714434     242920      10132     300000      57925     5    1300000   12132000  300000000  300000000
   5      110    11026   327998    116440588065    116440916063        66026442     230907      10132     300000      85931     5    1300000   12132000  300000000  300000000
   5      110    11026   315985    116440916072    116441232057        66354448     202896      10132     300000     101925     5    1300000   12132000  300000000  300000000
   5      110    11025   323996    116441232067    116441556063        66670443     186914      10132     300000     125931     5    1300000   12132000  300000000  300000000
   5      110    11025   275985    116441556073    116441832058        66994449     162896      10132     300000     101926     5    1300000   12132000  300000000  300000000
   5      110    11023   363988    116441832067    116442196055        67270443     148484      10132     300000     165923     5    1300000   12132000  300000000  300000000
   5      110    11289   303986    116442196064    116442500049        67634440     122647      10132     300000     169918     5    1300000   12132000  300000000  300000000
   5      110    11944   136000    116442500059    116442636059        67938436      91585      10132     300000       5928     5    1200000   12132000  300000000  300000000
   5      110    11947   294097    116442636069    116442930167        68074446     281945      10132     300000         35     5    1200000   12132000  300000000  300000000
   5      110    11943   299997    116442930176    116443230173        68368553     247017      10132     300000         41     5    1200000   12132000  300000000  300000000
   5      110    11948   299983    116443230183    116443530166        68668560     287820      10132     300000         35     5    1200000   12132000  300000000  300000000
   5      110    11946   317875    116443530176    116443848051        68968553     271042      10132     300000      17919     5    1200000   12132000  300000000  300000000
   5      110    11948   282106    116443848061    116444130167        69286438     269944      10132     300000         35     5    1200000   12132000  300000000  300000000
   5      110    11945   301870    116444130176    116444432047        69568553     246727      10132     300000       1915     5    1200000   12132000  300000000  300000000
   5      110    11946   316007    116444432057    116444748064        69870434     285971      10132     300000      17932     5    1200000   12132000  300000000  300000000
   5      110    11947   327985    116444748074    116445076059        70186451     269926      10132     300000      45927     5    1200000   12132000  300000000  300000000
   5      110    11948   315979    116445076069    116445392048        70514446     241941      10132     300000      61916     5    1200000   12132000  300000000  300000000
   5      110    11946   284002    116445392058    116445676059        70830434     225965      10132     300000      45928     5    1200000   12132000  300000000  300000000
   5      110    11947   343982    116445676070    116446020051        71114446     241935      10132     300000      89920     5    1200000   12132000  300000000  300000000
   5      110    11944   327994    116446020061    116446348055        71458437     154934      10132     300000     117923     5    1200000   12132000  300000000  300000000
   5      110    11021   323949    116446348095    116446672044        71786472     146605      10132     300000     141913     5    1300000   12132000  300000000  300000000
   5      110    11036   320001    116446672053    116446992054        72110430     122703      10132     300000     161923     5    1300000   12132000  300000000  300000000
   5      110    11026   319992    116446992063    116447312055        72430439     126910      10132     300000     181922     5    1300000   12132000  300000000  300000000
   5      110    11948   118100    116447312064    116447430165        72750441     105945      10132     300000         33     5    1200000   12132000  300000000  300000000
   5      110    11949   299992    116447430174    116447730167        72868551     287824      10132     300000         35     5    1200000   12132000  300000000  300000000
   5      110    11109   299990    116447730176    116448030167        73168553     271977      10132     300000         35     5    1200000   12132000  300000000  300000000
   5      110    11030   299993    116448030176    116448330168        73468552     288762      10132     300000         37     5    1300000   12132000  300000000  300000000
   5      110    11950   299995    116448330178    116448630173        73768555     247153      10132     300000         42     5    1200000   12132000  300000000  300000000
   5      110    11946   299984    116448630183    116448930167        74068560     287834      10132     300000         35     5    1200000   12132000  300000000  300000000
   5      110    11948   309880    116448930177    116449240057        74368553     271166      10132     300000       9925     5    1200000   12132000  300000000  300000000
   5      110    11946   290100    116449240066    116449530167        74678443     277933      10132     300000         35     5    1200000   12132000  300000000  300000000
   5      110    11947   381882    116449530177    116449912059        74968553     247182      10132     300000      81927     5    1200000   12132000  300000000  300000000
   5      110    11946   279981    116449912069    116450192049        75350445     205939      10132     300000      61918     5    1200000   12132000  300000000  300000000
   5      110    11955   319988    116450192059    116450512047        75630436     202610      10132     300000      81916     5    1200000   12132000  300000000  300000000
   5      110    11946   316002    116450512057    116450828059        75950433     205968      10132     300000      97926     5    1200000   12132000  300000000  300000000
   5      110    11947   323985    116450828068    116451152053        76266445     189942      10132     300000     121921     5    1200000   12132000  300000000  300000000
   5      110    11025   319999    116451152062    116451472061        76590438     166908      10132     300000     141930     5    1300000   12132000  300000000  300000000
   5      110    11029   323978    116451472070    116451796048        76910447     146891      10132     300000     165917     5    1300000   12132000  300000000  300000000
   5      110    11025   311995    116451796057    116452108052        77234434     122924      10132     300000     177921     5    1300000   12132000  300000000  300000000
   5      110    11025   122103    116452108061    116452230164        77546438     110908      10132     300000         33     5    1300000   12132000  300000000  300000000
   5      110    11029   321885    116452230173    116452552059        77668550     288761      10132     300000      21927     5    1300000   12132000  300000000  300000000
   5      110    11026   278098    116452552068    116452830167        77990445     266901      10132     300000         35     5    1300000   12132000  300000000  300000000
   5      110    11029   299991    116452830176    116453130167        78268553     288756      10132     300000         36     5    1300000   12132000  300000000  300000000
   5      110    11041   299962    116453130212    116453430174        78568589     272918      10132     300000         43     5    1300000   12132000  300000000  300000000
   5      110    11029   337878    116453430183    116453768062        78868560     288751      10132     300000      37930     5    1300000   12132000  300000000  300000000
   5      110    11025   262096    116453768070    116454030166        79206447     250902      10132     300000         35     5    1300000   12132000  300000000  300000000
   5      110    11951   321887    116454030176    116454352063        79468553     287833      10132     300000      21931     5    1200000   12132000  300000000  300000000
   5      110    11949   323983    116454352073    116454676056        79790449     265940      10132     300000      45925     5    1200000   12132000  300000000  300000000
   5      110    11946   315985    116454676065    116454992051        80114442     241951      10132     300000      61919     5    1200000   12132000  300000000  300000000
   5      110    11950   316000    116454992060    116455308060        80430436     225940      10132     300000      77928     5    1200000   12132000  300000000  300000000
   5      110    11947   323992    116455308070    116455632062        80746447     209931      10132     300000     101931     5    1200000   12132000  300000000  300000000
   5      110    11947   319986    116455632073    116455952059        81070449     185932      10132     300000     121928     5    1200000   12132000  300000000  300000000
   5      110    11948   287977    116455952069    116456240045        81390445     165931      10132     300000     109914     5    1200000   12132000  300000000  300000000
   5      110    11025   340004    116456240054    116456580058        81678431     178923      10132     300000     149927     5    1300000   12132000  300000000  300000000
   5      110    11945   355987    116456580068    116456936055        82018445     111921      10132     300000     205924     5    1200000   12132000  300000000  300000000
   5      110    11949   111983    116456936065    116457048048        82374441      81937      10132     300000      17916     5    1200000   12132000  300000000  300000000
   5      110    11946   282109    116457048058    116457330167        82486434     269956      10132     300000         35     5    1200000   12132000  300000000  300000000
   5      110    11141   299998    116457330176    116457630174        82768553     248183      10132     300000         42     5    1200000   12132000  300000000  300000000
   5      110    11030   299981    116457630183    116457930164        83068560     288742      10132     300000         32     5    1300000   12132000  300000000  300000000
   5      110    11028   299999    116457930173    116458230173        83368550     272289      10132     300000         41     5    1300000   12132000  300000000  300000000
   5      110    11031   299988    116458230182    116458530170        83668558     264736      10132     300000         38     5    1300000   12132000  300000000  300000000
   5      110    11945   301871    116458530180    116458832051        83968556     271392      10132     300000       1920     5    1200000   12132000  300000000  300000000
   5      110    11947   319999    116458832061    116459152060        84270438     285952      10132     300000      21929     5    1200000   12132000  300000000  300000000
   5      110    11025   315982    116459152070    116459468053        84590447     266889      10132     300000      37921     5    1300000   12132000  300000000  300000000
   5      110    11026   331992    116459468061    116459800053        84906438     250906      10132     300000      69922     5    1300000   12132000  300000000  300000000
   5      110    11026   287991    116459800062    116460088053        85238439     218898      10132     300000      57921     5    1300000   12132000  300000000  300000000
   5      110    11945   242104    116460088062    116460330166        85526439     189556      10132     300000         35     5    1200000   12132000  300000000  300000000
   5      110    11024   299957    116460330210    116460630167        85768587     190976      10132     300000         35     5    1300000   12132000  300000000  300000000
   5      110    11047   300000    116460630176    116460930176        86068553     236699      10132     300000         45     5    1300000   12132000  300000000  300000000
   5      110    11952   299980    116460930187    116461230167        86368563     223787      10132     300000         35     5    1200000   12132000  300000000  300000000
   5      110    11952   405880    116461230177    116461636057        86668553     235831      10132     300000     105925     5    1200000   12132000  300000000  300000000
   5      110    11026   287988    116461636066    116461924054        87074443     182894      10132     300000      93922     5    1300000   12132000  300000000  300000000
   5      110    11945   355999    116461924064    116462280063        87362440     154008      10132     300000     149930     5    1200000   12132000  300000000  300000000
   5      110    11947   299986    116462280072    116462580059        87718449     137945      10132     300000     149927     5    1200000   12132000  300000000  300000000
   5      110    11023   311981    116462580068    116462892049        88018444     110959      10132     300000     161917     5    1300000   12132000  300000000  300000000
   5      110    11289   171998    116462892058    116463064056        88330434     126647      10132     300000      33924     5    1300000   12132000  300000000  300000000
   5      110    11948   266101    116463064065    116463330166        88502442     253942      10132     300000         35     5    1200000   12132000  300000000  300000000
   5      110    11949   309879    116463330176    116463640055        88768553     287810      10132     300000       9923     5    1200000   12132000  300000000  300000000
   5      110    11949   290101    116463640066    116463930167        89078442     277928      10132     300000         35     5    1200000   12132000  300000000  300000000
   5      110    11947   333877    116463930177    116464264054        89368553     287829      10132     300000      33922     5    1200000   12132000  300000000  300000000
   5      110    11948   266110    116464264064    116464530173        89702440     253943      10132     300000         42     5    1200000   12132000  300000000  300000000
   5      110    11947   309881    116464530183    116464840064        89968560     287828      10132     300000       9932     5    1200000   12132000  300000000  300000000
   5      110    11948   311983    116464840074    116465152057        90278450     277937      10132     300000      21925     5    1200000   12132000  300000000  300000000
