#idx     perf      run   period           start             end          rel_st      slack c_duration   c_period     wu_lat   cpu       freq dl_runtime  dl_period dl_deadline
   7      975    90656   921592     91770798363     91771719955         1182994     790441      89733     920000      39639     4    1400000   94456000  920000000  920000000
   7      975    90681   955415     91771719964     91772675379         2104595     710373      89733     920000      75063     6    1400000   94456000  920000000  920000000
   7      975    90654   938796     91772675388     91773614184         3060019     753227      89733     920000      93868     6    1400000   94456000  920000000  920000000
   7      975    90709   882366     91773614193     91774496559         3998825     659983      89733     920000      56243     6    1400000   94456000  920000000  920000000
   7      975    90699   863790     91774496568     91775360358         4881199     254357      89733     920000         42     4    1400000   94456000  920000000  920000000
   7      975    90690   919980     91775360367     91776280347         5744998     780119      89733     920000         31     4    1400000   94456000  920000000  920000000
   7      975    90684   927919     91776280355     91777208274         6664987     780261      89733     920000       7958     4    1400000   94456000  920000000  920000000
   7      975    90666   988219     91777208283     91778196502         7592914     780353      89733     920000      76186     5    1400000   94456000  920000000  920000000
   7      975    90689   910276     91778196511     91779106786         8581142     696227      89733     920000      66470     5    1400000   94456000  920000000  920000000
   7      975    90646   899976     91779106795     91780006771         9491426     618122      89733     920000      46456     5    1400000   94456000  920000000  920000000
   7      975    90696  1068272     91780006780     91781075053        10391412     527932      89733     920000     194737     5    1400000   94456000  920000000  920000000
   7      975    90700   843926     91781075062     91781918988        11459693     116146      89733     920000     118672     5    1400000   94456000  920000000  920000000
   7      975    90642   836165     91781918996     91782755162        12303628     709737      89733     920000      34846     5    1400000   94456000  920000000  920000000
   7      975    90680  1043814     91782755170     91783798984        13139801     276031      89733     920000     158668     5    1400000   94456000  920000000  920000000
   7      975    90671   820278     91783798992     91784619271        14183624     629609      89733     920000      58954     4    1400000   94456000  920000000  920000000
   7      975    90673   950743     91784619280     91785570023        15003911     729248      89733     920000      89707     4    1400000   94456000  920000000  920000000
   7      975    90695   849513     91785570032     91786419545        15954663     599206      89733     920000      19229     4    1400000   94456000  920000000  920000000
   7      975    90666   900812     91786419553     91787320366        16804185     145632      89733     920000         49     6    1400000   94456000  920000000  920000000
   7      975    90656   919982     91787320375     91788240357        17705006     687258      89733     920000         41     7    1400000   94456000  920000000  920000000
   7      975    90675   919994     91788240366     91789160360        18624997     710898      89733     920000         44     7    1400000   94456000  920000000  920000000
   7      975    90738   927374     91789160370     91790087743        19545001     779890      89733     920000       7427     7    1400000   94456000  920000000  920000000
   7      975    90717   912597     91790087753     91791000350        20472384     780802      89733     920000         33     7    1400000   94456000  920000000  920000000
   7      975    90721   950261     91791000359     91791950621        21384990     646855      89733     920000      30304     7    1400000   94456000  920000000  920000000
   7      975    90742  1027046     91791950672     91792977717        22335303     790066      89733     920000     137401     4    1400000   94456000  920000000  920000000
   7      975    90680   870547     91792977727     91793848274        23362358     490349      89733     920000      87958     4    1400000   94456000  920000000  920000000
   7      975    90657   832071     91793848283     91794680354        24232915     364344      89733     920000         37     4    1400000   94456000  920000000  920000000
   7      975    90689   919992     91794680366     91795600359        25064997     217205      89733     920000         42     4    1400000   94456000  920000000  920000000
   7      975    90695   927905     91795600368     91796528273        25984999     750283      89733     920000       7956     7    1400000   94456000  920000000  920000000
   7      975    90657   912064     91796528282     91797440346        26912914     780358      89733     920000         30     7    1400000   94456000  920000000  920000000
   7      975    90668   926434     91797440355     91798366789        27824986     772488      89733     920000       6473     7    1400000   94456000  920000000  920000000
   7      975    90679   913567     91798366797     91799280364        28751429     686197      89733     920000         48     7    1400000   94456000  920000000  920000000
   7      975    90645   958087     91799280373     91800238460        29665004     828535      89733     920000      38144     7    1400000   94456000  920000000  920000000
   7      975    90669   996523     91800238469     91801234992        30623100     750178      89733     920000     114676     5    1400000   94456000  920000000  920000000
   7      975    90649   805356     91801235001     91802040357        31619633     713809      89733     920000         41     5    1400000   94456000  920000000  920000000
   7      975    90660   919995     91802040366     91802960361        32424997     762183      89733     920000         44     5    1400000   94456000  920000000  920000000
   7      975    90664  1045565     91802960370     91804005935        33345002     687122      89733     920000     125619     5    1400000   94456000  920000000  920000000
   7      975    90665   840871     91804005944     91804846815        34390575     636345      89733     920000      46499     4    1400000   94456000  920000000  920000000
   7      975    90649   873540     91804846824     91805720363        35231455     782059      89733     920000         47     5    1400000   94456000  920000000  920000000
   7      975    90672   979033     91805720372     91806699405        36105003     551069      89733     920000      59089     5    1400000   94456000  920000000  920000000
   7      975    90649   860953     91806699413     91807560366        37084045     761551      89733     920000         50     5    1400000   94456000  920000000  920000000
   7      975    90702   919983     91807560375     91808480358        37945006     705296      89733     920000         42     5    1400000   94456000  920000000  920000000
   7      975    90686   956998     91808480366     91809437365        38864998     679170      89733     920000      37049     5    1400000   94456000  920000000  920000000
   7      975    90682   990564     91809437374     91810427937        39822005     743170      89733     920000     107621     5    1400000   94456000  920000000  920000000
   7      975    90656   812414     91810427946     91811240360        40812577     672654      89733     920000         43     7    1400000   94456000  920000000  920000000
   7      975    90672   986406     91811240369     91812226775        41625000     620806      89733     920000      66459     4    1400000   94456000  920000000  920000000
   7      975    90636   900061     91812226784     91813126845        42611415     762169      89733     920000      46529     5    1400000   94456000  920000000  920000000
   7      975    90666   919505     91813126855     91814046359        43511486     774048      89733     920000      46043     5    1400000   94456000  920000000  920000000
   7      975    90686   909580     91814046406     91814955985        44431037     683160      89733     920000      35669     4    1400000   94456000  920000000  920000000
   7      975    90662   884372     91814955994     91815840366        45340625     651305      89733     920000         50     4    1400000   94456000  920000000  920000000
   7      975    90680   919991     91815840375     91816760365        46225006     687036      89733     920000         49     4    1400000   94456000  920000000  920000000
   7      975    90703   969338     91816760374     91817729712        47145006     382799      89733     920000      49396     4    1400000   94456000  920000000  920000000
   7      975    90669   870637     91817729721     91818600358        48114352     474813      89733     920000         42     4    1400000   94456000  920000000  920000000
   7      975    90685   919996     91818600367     91819520363        48984998     619614      89733     920000         47     4    1400000   94456000  920000000  920000000
   7      975    90662   919989     91819520372     91820440361        49905003     754179      89733     920000         44     4    1400000   94456000  920000000  920000000
   7      975    90679   919993     91820440370     91821360364        50825001     743261      89733     920000         47     5    1400000   94456000  920000000  920000000
   7      975    90663   946442     91821360372     91822306814        51745003     820535      89733     920000      26498     5    1400000   94456000  920000000  920000000
   7      975    90683   899927     91822306823     91823206749        52691454     454479      89733     920000       6433     5    1400000   94456000  920000000  920000000
   7      975    90659   913605     91823206758     91824120364        53591390     814115      89733     920000         47     5    1400000   94456000  920000000  920000000
   7      975    90681   940003     91824120372     91825060376        54505004     582477      89733     920000      20059     5    1400000   94456000  920000000  920000000
   7      975    90647   900000     91825060385     91825960385        55445016     808456      89733     920000         68     4    1400000   94456000  920000000  920000000
   7      975    90653   919969     91825960395     91826880364        56345026     692668      89733     920000         47     7    1400000   94456000  920000000  920000000
   7      975    90656   919991     91826880372     91827800364        57265004     754256      89733     920000         47     7    1400000   94456000  920000000  920000000
   7      975    90674   986395     91827800373     91828786768        58185004     620833      89733     920000      66452     7    1400000   94456000  920000000  920000000
   7      975    90693   923602     91828786776     91829710379        59171408     598594      89733     920000      70062     4    1400000   94456000  920000000  920000000
