#idx     perf      run   period           start             end          rel_st      slack c_duration   c_period     wu_lat   cpu       freq dl_runtime  dl_period dl_deadline
   2     1209   112433   179949      6876552879      6876732828          764353      66341     111286     180000         50     4    1400000  117144000  180000000  180000000
   2     1209   112437   179987      6876732838      6876912825          944312      66489     111286     180000         47     4    1400000  117144000  180000000  180000000
   2     1209   112420   179991      6876912834      6877092825         1124308      66468     111286     180000         47     4    1400000  117144000  180000000  180000000
   2     1209   112432   179991      6877092834      6877272825         1304308      66470     111286     180000         47     4    1400000  117144000  180000000  180000000
   2     1209   112426   179991      6877272834      6877452825         1484308      66468     111286     180000         47     4    1400000  117144000  180000000  180000000
   2     1209   112427   179991      6877452834      6877632825         1664308      66505     111286     180000         47     4    1400000  117144000  180000000  180000000
   2     1209   112421   179992      6877632834      6877812826         1844308      66451     111286     180000         49     4    1400000  117144000  180000000  180000000
   2     1209   112414   180003      6877812836      6877992838         2024309      66560     111286     180000         61     4    1400000  117144000  180000000  180000000
   2     1209   112431   179978      6877992848      6878172826         2204321      66464     111286     180000         48     4    1400000  117144000  180000000  180000000
   2     1209   112422   179993      6878172835      6878352827         2384308      66491     111286     180000         50     4    1400000  117144000  180000000  180000000
   2     1209   112424   179985      6878352836      6878532822         2564310      66478     111286     180000         42     4    1400000  117144000  180000000  180000000
   2     1209   112413   179994      6878532831      6878712824         2744305      66579     111286     180000         47     4    1400000  117144000  180000000  180000000
   2     1209   112412   179981      6878712834      6878892814         2924307      66528     111286     180000         36     4    1400000  117144000  180000000  180000000
   2     1209   112428   179987      6878892823      6879072810         3104297      66501     111286     180000         33     4    1400000  117144000  180000000  180000000
   2     1209   112409   180007      6879072819      6879252826         3284293      66677     111286     180000         48     4    1400000  117144000  180000000  180000000
   2     1209   112412   179997      6879252835      6879432831         3464308      66471     111286     180000         54     4    1400000  117144000  180000000  180000000
   2     1209   112418   179981      6879432840      6879612822         3644314      66460     111286     180000         43     4    1400000  117144000  180000000  180000000
   2     1209   112409   179988      6879612832      6879792820         3824306      66424     111286     180000         41     4    1400000  117144000  180000000  180000000
   2     1209   112416   179995      6879792830      6879972825         4004304      66616     111286     180000         47     4    1400000  117144000  180000000  180000000
   2     1209   112410   179991      6879972834      6880152825         4184308      66442     111286     180000         47     4    1400000  117144000  180000000  180000000
   2     1209   112417   179992      6880152834      6880332826         4364307      66528     111286     180000         48     4    1400000  117144000  180000000  180000000
   2     1209   112432   179990      6880332835      6880512825         4544308      66451     111286     180000         47     4    1400000  117144000  180000000  180000000
   2     1209   112413   179999      6880512834      6880692833         4724308      66568     111286     180000         55     4    1400000  117144000  180000000  180000000
   2     1209   112415   179941      6880692885      6880872826         4904358      66496     111286     180000         46     4    1400000  117144000  180000000  180000000
   2     1209   112420   179991      6880872835      6881052827         5084309      66524     111286     180000         49     4    1400000  117144000  180000000  180000000
   2     1209   112427   179992      6881052836      6881232828         5264310      66489     111286     180000         50     4    1400000  117144000  180000000  180000000
   2     1209   112419   179988      6881232837      6881412825         5444311      66484     111286     180000         47     4    1400000  117144000  180000000  180000000
   2     1209   112404   179998      6881412834      6881592832         5624308      66711     111286     180000         54     4    1400000  117144000  180000000  180000000
   2     1209   112424   179983      6881592842      6881772825         5804316      66462     111286     180000         47     4    1400000  117144000  180000000  180000000
   2     1209   112432   179991      6881772834      6881952825         5984308      66468     111286     180000         47     4    1400000  117144000  180000000  180000000
   2     1209   112425   179985      6881952834      6882132819         6164308      66491     111286     180000         40     4    1400000  117144000  180000000  180000000
   2     1209   112407   180011      6882132828      6882312839         6344302      66377     111286     180000         61     4    1400000  117144000  180000000  180000000
   2     1209   112424   179977      6882312849      6882492825         6524322      66513     111286     180000         48     4    1400000  117144000  180000000  180000000
   2     1209   112424   179991      6882492834      6882672825         6704308      66517     111286     180000         47     4    1400000  117144000  180000000  180000000
   2     1209   112422   179991      6882672834      6882852825         6884308      66511     111286     180000         47     4    1400000  117144000  180000000  180000000
   2     1209   112417   179992      6882852834      6883032826         7064308      66530     111286     180000         49     4    1400000  117144000  180000000  180000000
   2     1209   112410   179982      6883032836      6883212818         7244310      66507     111286     180000         40     4    1400000  117144000  180000000  180000000
   2     1209   112412   179998      6883212827      6883392825         7424301      66460     111286     180000         47     4    1400000  117144000  180000000  180000000
   2     1209   112426   179998      6883392834      6883572832         7604308      66514     111286     180000         55     4    1400000  117144000  180000000  180000000
   2     1209   112410   180000      6883572841      6883752841         7784315      66383     111286     180000         63     4    1400000  117144000  180000000  180000000
   2     1209   112404   179962      6883752850      6883932812         7964324      66546     111286     180000         34     4    1400000  117144000  180000000  180000000
   2     1209   112425   179988      6883932821      6884112809         8144295      66500     111286     180000         31     4    1400000  117144000  180000000  180000000
   2     1209   112404   180001      6884112818      6884292818         8324292      66638     111286     180000         40     4    1400000  117144000  180000000  180000000
   2     1209   112407   179998      6884292827      6884472825         8504301      66520     111286     180000         48     4    1400000  117144000  180000000  180000000
   2     1209   112424   179974      6884472834      6884652809         8684308      66471     111286     180000         31     4    1400000  117144000  180000000  180000000
   2     1209   112419   180015      6884652817      6884832832         8864291      66575     111286     180000         54     4    1400000  117144000  180000000  180000000
   2     1209   112418   179984      6884832841      6885012825         9044315      66562     111286     180000         47     4    1400000  117144000  180000000  180000000
   2     1209   112422   179970      6885012869      6885192839         9224343      66462     111286     180000         61     4    1400000  117144000  180000000  180000000
   2     1209   112405   179979      6885192848      6885372827         9404322      66682     111286     180000         49     4    1400000  117144000  180000000  180000000
   2     1209   112421   179995      6885372836      6885552831         9584310      66503     111286     180000         52     4    1400000  117144000  180000000  180000000
   2     1209   112413   179985      6885552840      6885732825         9764314      66423     111286     180000         47     4    1400000  117144000  180000000  180000000
   2     1209   112424   179999      6885732834      6885912833         9944308      66481     111286     180000         55     4    1400000  117144000  180000000  180000000
   2     1209   112418   179981      6885912842      6886092823        10124316      66513     111286     180000         44     4    1400000  117144000  180000000  180000000
   2     1209   112426   179995      6886092833      6886272828        10304307      66476     111286     180000         50     4    1400000  117144000  180000000  180000000
   2     1209   112427   179989      6886272837      6886452826        10484311      66457     111286     180000         48     4    1400000  117144000  180000000  180000000
   2     1209   112397   180004      6886452835      6886632839        10664309      66664     111286     180000         61     4    1400000  117144000  180000000  180000000
   2     1209   112428   179964      6886632848      6886812811        10844322      66482     111286     180000         33     4    1400000  117144000  180000000  180000000
   2     1209   112429   179997      6886812820      6886992817        11024294      66483     111286     180000         40     4    1400000  117144000  180000000  180000000
   2     1209   112408   179999      6886992826      6887172825        11204300      66439     111286     180000         48     4    1400000  117144000  180000000  180000000
   2     1209   112423   179991      6887172834      6887352825        11384308      66488     111286     180000         47     4    1400000  117144000  180000000  180000000
   2     1209   112414   179991      6887352834      6887532825        11564308      66535     111286     180000         47     4    1400000  117144000  180000000  180000000
   2     1209   112419   179991      6887532834      6887712825        11744308      66460     111286     180000         47     4    1400000  117144000  180000000  180000000
   2     1209   112415   179988      6887712834      6887892822        11924308      66405     111286     180000         43     4    1400000  117144000  180000000  180000000
   2     1209   112422   180004      6887892832      6888072836        12104306      66552     111286     180000         58     4    1400000  117144000  180000000  180000000
   2     1209   112416   179988      6888072844      6888252832        12284318      66549     111286     180000         54     4    1400000  117144000  180000000  180000000
   2     1209   112416   179984      6888252841      6888432825        12464315      66410     111286     180000         47     4    1400000  117144000  180000000  180000000
   2     1209   112426   179991      6888432834      6888612825        12644308      66455     111286     180000         47     4    1400000  117144000  180000000  180000000
   2     1209   112425   179991      6888612834      6888792825        12824308      66481     111286     180000         47     4    1400000  117144000  180000000  180000000
   2     1209   112407   179995      6888792834      6888972829        13004308      66570     111286     180000         51     4    1400000  117144000  180000000  180000000
   2     1209   112422   179974      6888972838      6889152812        13184311      66501     111286     180000         34     4    1400000  117144000  180000000  180000000
   2     1209   112409   179967      6889152852      6889332819        13364326      66545     111286     180000         40     4    1400000  117144000  180000000  180000000
   2     1209   112408   180009      6889332830      6889512839        13544303      66472     111286     180000         61     4    1400000  117144000  180000000  180000000
   2     1209   112426   179987      6889512848      6889692835        13724322      66475     111286     180000         57     4    1400000  117144000  180000000  180000000
   2     1209   112426   179982      6889692844      6889872826        13904318      66511     111286     180000         48     4    1400000  117144000  180000000  180000000
   2     1209   112420   179990      6889872835      6890052825        14084309      66507     111286     180000         47     4    1400000  117144000  180000000  180000000
   2     1209   112422   179986      6890052834      6890232820        14264308      66472     111286     180000         42     4    1400000  117144000  180000000  180000000
   2     1209   112400   179997      6890232829      6890412826        14444303      66641     111286     180000         49     4    1400000  117144000  180000000  180000000
   2     1209   112419   179985      6890412835      6890592820        14624309      66426     111286     180000         42     4    1400000  117144000  180000000  180000000
   2     1209   112409   179996      6890592830      6890772825        14804303      66407     111286     180000         47     4    1400000  117144000  180000000  180000000
   2     1209   112415   180005      6890772834      6890952839        14984308      66497     111286     180000         61     4    1400000  117144000  180000000  180000000
   2     1209   112427   179962      6890952848      6891132810        15164322      66474     111286     180000         32     4    1400000  117144000  180000000  180000000
   2     1209   112431   179994      6891132819      6891312813        15344293      66464     111286     180000         35     4    1400000  117144000  180000000  180000000
   2     1209   112422   180000      6891312823      6891492823        15524297      66529     111286     180000         44     4    1400000  117144000  180000000  180000000
   2     1209   112397   180002      6891492832      6891672834        15704306      66750     111286     180000         56     4    1400000  117144000  180000000  180000000
   2     1209   112424   179982      6891672843      6891852825        15884317      66474     111286     180000         47     4    1400000  117144000  180000000  180000000
   2     1209   112432   179991      6891852834      6892032825        16064308      66479     111286     180000         48     4    1400000  117144000  180000000  180000000
   2     1209   112425   179985      6892032834      6892212819        16244308      66534     111286     180000         40     4    1400000  117144000  180000000  180000000
   2     1209   112410   180009      6892212829      6892392838        16424303      66399     111286     180000         60     4    1400000  117144000  180000000  180000000
   2     1209   112422   179979      6892392847      6892572826        16604321      66515     111286     180000         48     4    1400000  117144000  180000000  180000000
   2     1209   112419   179990      6892572835      6892752825        16784309      66533     111286     180000         47     4    1400000  117144000  180000000  180000000
   2     1209   112419   180000      6892752834      6892932834        16964308      66520     111286     180000         55     4    1400000  117144000  180000000  180000000
   2     1209   112421   179989      6892932843      6893112832        17144317      66436     111286     180000         54     4    1400000  117144000  180000000  180000000
   2     1209   112419   179983      6893112842      6893292825        17324316      66471     111286     180000         47     4    1400000  117144000  180000000  180000000
   2     1209   112423   179991      6893292834      6893472825        17504308      66509     111286     180000         47     4    1400000  117144000  180000000  180000000
   2     1209   112439   179959      6893472867      6893652825        17684341      66415     111286     180000         48     4    1400000  117144000  180000000  180000000
   2     1209   112428   180005      6893652835      6893832840        17864308      66485     111286     180000         62     4    1400000  117144000  180000000  180000000
   2     1209   112413   179978      6893832849      6894012827        18044323      66501     111286     180000         49     4    1400000  117144000  180000000  180000000
   2     1209   112425   179990      6894012836      6894192826        18224310      66488     111286     180000         48     4    1400000  117144000  180000000  180000000
   2     1209   112420   179990      6894192835      6894372825        18404309      66477     111286     180000         47     4    1400000  117144000  180000000  180000000
   2     1209   112407   179987      6894372834      6894552821        18584308      66666     111286     180000         43     4    1400000  117144000  180000000  180000000
   2     1209   112426   179996      6894552830      6894732825        18764304      66485     111286     180000         47     4    1400000  117144000  180000000  180000000
   2     1209   112409   179990      6894732835      6894912825        18944308      66592     111286     180000         47     4    1400000  117144000  180000000  180000000
   2     1209   112423   179993      6894912834      6895092827        19124308      66485     111286     180000         49     4    1400000  117144000  180000000  180000000
   2     1209   112427   180014      6895092836      6895272850        19304310      66477     111286     180000         72     4    1400000  117144000  180000000  180000000
   2     1209   112411   179968      6895272859      6895452827        19484333      66578     111286     180000         49     4    1400000  117144000  180000000  180000000
   2     1209   112420   179976      6895452836      6895632812        19664310      66530     111286     180000         34     4    1400000  117144000  180000000  180000000
   2     1209   112421   179999      6895632821      6895812821        19844295      66488     111286     180000         42     4    1400000  117144000  180000000  180000000
   2     1209   112420   179996      6895812830      6895992825        20024303      66531     111286     180000         47     4    1400000  117144000  180000000  180000000
   2     1209   112424   179991      6895992834      6896172825        20204308      66499     111286     180000         47     4    1400000  117144000  180000000  180000000
   2     1209   112426   179985      6896172834      6896352820        20384308      66525     111286     180000         42     4    1400000  117144000  180000000  180000000
   2     1209   112424   179997      6896352828      6896532825        20564302      66480     111286     180000         47     4    1400000  117144000  180000000  180000000
   2     1209   112421   180015      6896532834      6896712849        20744308      66545     111286     180000         71     4    1400000  117144000  180000000  180000000
   2     1209   112421   179963      6896712858      6896892820        20924332      66550     111286     180000         43     4    1400000  117144000  180000000  180000000
   2     1209   112419   179995      6896892829      6897072825        21104303      66473     111286     180000         47     4    1400000  117144000  180000000  180000000
   2     1209   112415   180001      6897072834      6897252834        21284307      66582     111286     180000         56     4    1400000  117144000  180000000  180000000
   2     1209   112423   179981      6897252844      6897432825        21464317      66431     111286     180000         47     4    1400000  117144000  180000000  180000000
   2     1209   112411   179998      6897432834      6897612832        21644308      66495     111286     180000         54     4    1400000  117144000  180000000  180000000
   2     1209   112414   179952      6897612873      6897792825        21824347      66532     111286     180000         47     4    1400000  117144000  180000000  180000000
   2     1209   112420   179992      6897792834      6897972826        22004308      66467     111286     180000         49     4    1400000  117144000  180000000  180000000
   2     1209   112425   180002      6897972836      6898152838        22184309      66499     111286     180000         60     4    1400000  117144000  180000000  180000000
   2     1209   112415   179978      6898152847      6898332825        22364321      66539     111286     180000         47     4    1400000  117144000  180000000  180000000
   2     1209   112420   179987      6898332834      6898512821        22544308      66498     111286     180000         43     4    1400000  117144000  180000000  180000000
   2     1209   112420   179996      6898512830      6898692827        22724304      66514     111286     180000         49     4    1400000  117144000  180000000  180000000
   2     1209   112411   179989      6898692836      6898872825        22904310      66413     111286     180000         47     4    1400000  117144000  180000000  180000000
   2     1209   112403   179992      6898872834      6899052826        23084308      66648     111286     180000         48     4    1400000  117144000  180000000  180000000
   2     1209   112424   179985      6899052835      6899232819        23264309      66494     111286     180000         42     4    1400000  117144000  180000000  180000000
   2     1209   112430   179997      6899232828      6899412825        23444302      66485     111286     180000         47     4    1400000  117144000  180000000  180000000
   2     1209   112409   179995      6899412834      6899592829        23624307      66638     111286     180000         51     4    1400000  117144000  180000000  180000000
   2     1209   112412   179989      6899592838      6899772827        23804312      66343     111286     180000         49     4    1400000  117144000  180000000  180000000
   2     1209   112410   179995      6899772836      6899952831        23984310      66609     111286     180000         52     4    1400000  117144000  180000000  180000000
   2     1209   112421   179971      6899952840      6900132811        24164314      66484     111286     180000         33     4    1400000  117144000  180000000  180000000
   2     1209   112428   180007      6900132820      6900312826        24344294      66484     111286     180000         49     4    1400000  117144000  180000000  180000000
   2     1209   112411   179990      6900312835      6900492825        24524309      66591     111286     180000         47     4    1400000  117144000  180000000  180000000
   2     1209   112412   179976      6900492834      6900672810        24704308      66493     111286     180000         32     4    1400000  117144000  180000000  180000000
   2     1209   112425   180001      6900672819      6900852819        24884293      66554     111286     180000         41     4    1400000  117144000  180000000  180000000
   2     1209   112414   180010      6900852828      6901032838        25064302      66456     111286     180000         61     4    1400000  117144000  180000000  180000000
   2     1209   112421   179979      6901032847      6901212826        25244321      66539     111286     180000         48     4    1400000  117144000  180000000  180000000
   2     1209   112417   180014      6901212835      6901392848        25424309      66536     111286     180000         71     4    1400000  117144000  180000000  180000000
   2     1209   112422   179953      6901392857      6901572810        25604331      66456     111286     180000         32     4    1400000  117144000  180000000  180000000
   2     1209   112416   180011      6901572819      6901752830        25784293      66555     111286     180000         53     4    1400000  117144000  180000000  180000000
   2     1209   112420   179980      6901752839      6901932819        25964313      66523     111286     180000         41     4    1400000  117144000  180000000  180000000
   2     1209   112425   179968      6901932858      6902112825        26144331      66484     111286     180000         48     4    1400000  117144000  180000000  180000000
   2     1209   112415   179996      6902112834      6902292830        26324308      66451     111286     180000         52     4    1400000  117144000  180000000  180000000
   2     1209   112436   179996      6902292839      6902472835        26504313      66434     111286     180000         57     4    1400000  117144000  180000000  180000000
   2     1209   112434   179982      6902472844      6902652825        26684318      66467     111286     180000         48     4    1400000  117144000  180000000  180000000
   2     1209   112413   180016      6902652834      6902832850        26864308      66632     111286     180000         72     4    1400000  117144000  180000000  180000000
   2     1209   112424   179951      6902832859      6903012810        27044333      66439     111286     180000         32     4    1400000  117144000  180000000  180000000
   2     1209   112417   180008      6903012819      6903192827        27224293      66381     111286     180000         49     4    1400000  117144000  180000000  180000000
   2     1209   112426   179989      6903192836      6903372825        27404310      66463     111286     180000         47     4    1400000  117144000  180000000  180000000
   2     1209   112421   179991      6903372834      6903552825        27584308      66567     111286     180000         47     4    1400000  117144000  180000000  180000000
   2     1209   112427   179977      6903552834      6903732811        27764307      66481     111286     180000         33     4    1400000  117144000  180000000  180000000
   2     1209   112407   180016      6903732819      6903912836        27944293      66503     111286     180000         58     4    1400000  117144000  180000000  180000000
   2     1209   112412   179981      6903912844      6904092825        28124318      66493     111286     180000         47     4    1400000  117144000  180000000  180000000
   2     1209   112427   179985      6904092834      6904272819        28304308      66483     111286     180000         41     4    1400000  117144000  180000000  180000000
   2     1209   112408   179992      6904272828      6904452819        28484301      66459     111286     180000         41     4    1400000  117144000  180000000  180000000
   2     1209   112403   180006      6904452828      6904632835        28664302      66495     111286     180000         56     4    1400000  117144000  180000000  180000000
   2     1209   112422   179981      6904632844      6904812825        28844318      66507     111286     180000         47     4    1400000  117144000  180000000  180000000
   2     1209   112414   179991      6904812834      6904992825        29024308      66581     111286     180000         48     4    1400000  117144000  180000000  180000000
   2     1209   112423   179985      6904992834      6905172819        29204308      66501     111286     180000         41     4    1400000  117144000  180000000  180000000
   2     1209   112423   180011      6905172828      6905352838        29384302      66472     111286     180000         60     4    1400000  117144000  180000000  180000000
   2     1209   112424   179987      6905352847      6905532835        29564321      66508     111286     180000         57     4    1400000  117144000  180000000  180000000
   2     1209   112417   179981      6905532844      6905712825        29744318      66553     111286     180000         47     4    1400000  117144000  180000000  180000000
   2     1209   112417   179991      6905712834      6905892825        29924307      66426     111286     180000         47     4    1400000  117144000  180000000  180000000
   2     1209   112421   179991      6905892834      6906072825        30104307      66546     111286     180000         47     4    1400000  117144000  180000000  180000000
   2     1209   112427   179962      6906072864      6906252826        30284338      66475     111286     180000         49     4    1400000  117144000  180000000  180000000
   2     1209   112424   179990      6906252835      6906432825        30464309      66530     111286     180000         47     4    1400000  117144000  180000000  180000000
   2     1209   112430   179986      6906432833      6906612820        30644307      66461     111286     180000         42     4    1400000  117144000  180000000  180000000
   2     1209   112429   180020      6906612828      6906792848        30824302      66506     111286     180000         70     4    1400000  117144000  180000000  180000000
   2     1209   112416   179975      6906792857      6906972832        31004331      66512     111286     180000         54     4    1400000  117144000  180000000  180000000
   2     1209   112430   179984      6906972841      6907152825        31184314      66442     111286     180000         47     4    1400000  117144000  180000000  180000000
   2     1209   112416   179992      6907152833      6907332825        31364307      66582     111286     180000         47     4    1400000  117144000  180000000  180000000
   2     1209   112432   179990      6907332834      6907512825        31544308      66483     111286     180000         47     4    1400000  117144000  180000000  180000000
   2     1209   112422   179991      6907512834      6907692825        31724308      66535     111286     180000         47     4    1400000  117144000  180000000  180000000
   2     1209   112428   179986      6907692833      6907872820        31904307      66501     111286     180000         42     4    1400000  117144000  180000000  180000000
   2     1209   112415   179996      6907872829      6908052825        32084303      66452     111286     180000         47     4    1400000  117144000  180000000  180000000
   2     1209   112434   179999      6908052834      6908232833        32264308      66459     111286     180000         55     4    1400000  117144000  180000000  180000000
   2     1209   112422   179984      6908232842      6908412825        32444316      66514     111286     180000         48     4    1400000  117144000  180000000  180000000
   2     1209   112430   179985      6908412835      6908592819        32624309      66484     111286     180000         41     4    1400000  117144000  180000000  180000000
   2     1209   112417   179994      6908592828      6908772822        32804302      66570     111286     180000         44     4    1400000  117144000  180000000  180000000
   2     1209   112429   179993      6908772832      6908952825        32984306      66449     111286     180000         48     4    1400000  117144000  180000000  180000000
   2     1209   112415   179990      6908952834      6909132825        33164308      66518     111286     180000         47     4    1400000  117144000  180000000  180000000
   2     1209   112418   179988      6909132834      6909312822        33344308      66539     111286     180000         43     4    1400000  117144000  180000000  180000000
   2     1209   112419   179994      6909312831      6909492825        33524305      66404     111286     180000         47     4    1400000  117144000  180000000  180000000
   2     1209   112417   180012      6909492834      6909672846        33704308      66575     111286     180000         67     4    1400000  117144000  180000000  180000000
   2     1209   112428   179973      6909672854      6909852828        33884328      66442     111286     180000         50     4    1400000  117144000  180000000  180000000
   2     1209   112415   179988      6909852837      6910032825        34064310      66596     111286     180000         47     4    1400000  117144000  180000000  180000000
   2     1209   112412   179977      6910032834      6910212811        34244308      66626     111286     180000         33     4    1400000  117144000  180000000  180000000
   2     1209   112424   180001      6910212820      6910392821        34424294      66481     111286     180000         41     4    1400000  117144000  180000000  180000000
   2     1209   112415   179962      6910392862      6910572825        34604336      66472     111286     180000         47     4    1400000  117144000  180000000  180000000
   2     1209   112411   179993      6910572833      6910752827        34784307      66591     111286     180000         49     4    1400000  117144000  180000000  180000000
   2     1209   112432   179984      6910752835      6910932819        34964309      66454     111286     180000         41     4    1400000  117144000  180000000  180000000
   2     1209   112425   180004      6910932828      6911112831        35144302      66488     111286     180000         53     4    1400000  117144000  180000000  180000000
   2     1209   112421   179982      6911112840      6911292823        35324314      66524     111286     180000         44     4    1400000  117144000  180000000  180000000
   2     1209   112409   179993      6911292832      6911472825        35504306      66420     111286     180000         47     4    1400000  117144000  180000000  180000000
   2     1209   112420   179987      6911472834      6911652820        35684307      66449     111286     180000         42     4    1400000  117144000  180000000  180000000
   2     1209   112416   179993      6911652829      6911832822        35864303      66530     111286     180000         42     4    1400000  117144000  180000000  180000000
   2     1209   112418   179993      6911832831      6912012824        36044305      66385     111286     180000         47     4    1400000  117144000  180000000  180000000
   2     1209   112427   179992      6912012833      6912192825        36224307      66489     111286     180000         47     4    1400000  117144000  180000000  180000000
   2     1209   112407   179991      6912192834      6912372825        36404308      66645     111286     180000         47     4    1400000  117144000  180000000  180000000
   2     1209   112421   179996      6912372833      6912552829        36584307      66509     111286     180000         51     4    1400000  117144000  180000000  180000000
   2     1209   112425   179987      6912552838      6912732825        36764312      66478     111286     180000         47     4    1400000  117144000  180000000  180000000
   2     1209   112423   179992      6912732834      6912912826        36944308      66525     111286     180000         48     4    1400000  117144000  180000000  180000000
   2     1209   112430   179976      6912912835      6913092811        37124309      66470     111286     180000         33     4    1400000  117144000  180000000  180000000
   2     1209   112417   180000      6913092820      6913272820        37304294      66557     111286     180000         41     4    1400000  117144000  180000000  180000000
   2     1209   112409   179996      6913272829      6913452825        37484303      66459     111286     180000         47     4    1400000  117144000  180000000  180000000
   2     1209   112416   179988      6913452834      6913632822        37664307      66532     111286     180000         43     4    1400000  117144000  180000000  180000000
   2     1209   112423   180002      6913632831      6913812832        37844304      66515     111286     180000         54     4    1400000  117144000  180000000  180000000
   2     1209   112440   179996      6913812842      6913992838        38024315      66440     111286     180000         59     4    1400000  117144000  180000000  180000000
   2     1209   112426   179978      6913992847      6914172824        38204320      66495     111286     180000         47     4    1400000  117144000  180000000  180000000
   2     1209   112423   179992      6914172833      6914352825        38384307      66542     111286     180000         47     4    1400000  117144000  180000000  180000000
   2     1209   112423   179992      6914352834      6914532826        38564308      66493     111286     180000         48     4    1400000  117144000  180000000  180000000
   2     1209   112415   179960      6914532865      6914712825        38744339      66563     111286     180000         47     4    1400000  117144000  180000000  180000000
   2     1209   112429   179990      6914712834      6914892825        38924308      66483     111286     180000         47     4    1400000  117144000  180000000  180000000
   2     1209   112413   179991      6914892833      6915072825        39104307      66577     111286     180000         47     4    1400000  117144000  180000000  180000000
   2     1209   112404   179988      6915072834      6915252821        39284307      66601     111286     180000         43     4    1400000  117144000  180000000  180000000
   2     1209   112418   180003      6915252830      6915432832        39464304      66530     111286     180000         55     4    1400000  117144000  180000000  180000000
   2     1209   112423   179977      6915432841      6915612818        39644315      66524     111286     180000         40     4    1400000  117144000  180000000  180000000
   2     1209   112426   179993      6915612827      6915792820        39824301      66532     111286     180000         42     4    1400000  117144000  180000000  180000000
   2     1209   112432   180000      6915792830      6915972830        40004304      66498     111286     180000         52     4    1400000  117144000  180000000  180000000
   2     1209   112423   179986      6915972839      6916152825        40184313      66512     111286     180000         47     4    1400000  117144000  180000000  180000000
   2     1209   112419   179998      6916152834      6916332832        40364307      66462     111286     180000         54     4    1400000  117144000  180000000  180000000
   2     1209   112418   179984      6916332841      6916512825        40544315      66548     111286     180000         47     4    1400000  117144000  180000000  180000000
   2     1209   112428   179991      6916512833      6916692824        40724307      66528     111286     180000         47     4    1400000  117144000  180000000  180000000
   2     1209   112428   180012      6916692833      6916872845        40904307      66489     111286     180000         66     4    1400000  117144000  180000000  180000000
   2     1209   112423   179972      6916872854      6917052826        41084328      66473     111286     180000         48     4    1400000  117144000  180000000  180000000
   2     1209   112427   179989      6917052835      6917232824        41264309      66439     111286     180000         47     4    1400000  117144000  180000000  180000000
   2     1209   112403   179992      6917232833      6917412825        41444307      66612     111286     180000         48     4    1400000  117144000  180000000  180000000
   2     1209   112426   179992      6917412834      6917592826        41624308      66513     111286     180000         48     4    1400000  117144000  180000000  180000000
   2     1209   112430   179990      6917592835      6917772825        41804309      66461     111286     180000         47     4    1400000  117144000  180000000  180000000
   2     1209   112413   179999      6917772834      6917952832        41984308      66504     111286     180000         55     4    1400000  117144000  180000000  180000000
   2     1209   112422   179983      6917952841      6918132824        42164315      66488     111286     180000         47     4    1400000  117144000  180000000  180000000
   2     1209   112430   179998      6918132833      6918312831        42344307      66483     111286     180000         53     4    1400000  117144000  180000000  180000000
   2     1209   112426   179985      6918312840      6918492825        42524314      66450     111286     180000         47     4    1400000  117144000  180000000  180000000
   2     1209   112432   179999      6918492834      6918672833        42704308      66486     111286     180000         54     4    1400000  117144000  180000000  180000000
   2     1209   112422   179982      6918672843      6918852825        42884317      66485     111286     180000         47     4    1400000  117144000  180000000  180000000
   2     1209   112425   179961      6918852867      6919032827        43064340      66441     111286     180000         50     4    1400000  117144000  180000000  180000000
   2     1209   112430   179989      6919032836      6919212825        43244310      66426     111286     180000         47     4    1400000  117144000  180000000  180000000
   2     1209   112411   179986      6919212834      6919392820        43424308      66520     111286     180000         40     4    1400000  117144000  180000000  180000000
   2     1209   112415   179996      6919392829      6919572825        43604302      66429     111286     180000         47     4    1400000  117144000  180000000  180000000
   2     1209   112409   180003      6919572834      6919752837        43784307      66512     111286     180000         59     4    1400000  117144000  180000000  180000000
   2     1209   112428   179974      6919752846      6919932820        43964320      66475     111286     180000         42     4    1400000  117144000  180000000  180000000
   2     1209   112415   179995      6919932830      6920112825        44144304      66544     111286     180000         47     4    1400000  117144000  180000000  180000000
   2     1209   112396   179987      6920112833      6920292820        44324307      66769     111286     180000         42     4    1400000  117144000  180000000  180000000
   2     1209   112425   179995      6920292829      6920472825        44504303      66494     111286     180000         47     4    1400000  117144000  180000000  180000000
   2     1209   112408   179987      6920472833      6920652820        44684307      66458     111286     180000         42     4    1400000  117144000  180000000  180000000
   2     1209   112411   179992      6920652830      6920832822        44864304      66504     111286     180000         44     4    1400000  117144000  180000000  180000000
   2     1209   112429   180002      6920832831      6921012833        45044304      66494     111286     180000         54     4    1400000  117144000  180000000  180000000
   2     1209   112424   179994      6921012842      6921192836        45224316      66477     111286     180000         59     4    1400000  117144000  180000000  180000000
   2     1209   112427   179981      6921192845      6921372826        45404319      66453     111286     180000         48     4    1400000  117144000  180000000  180000000
   2     1209   112423   179990      6921372835      6921552825        45584309      66544     111286     180000         47     4    1400000  117144000  180000000  180000000
   2     1209   112422   179991      6921552834      6921732825        45764308      66545     111286     180000         47     4    1400000  117144000  180000000  180000000
   2     1209   112432   179998      6921732834      6921912832        45944308      66509     111286     180000         53     4    1400000  117144000  180000000  180000000
   2     1209   112432   179991      6921912841      6922092832        46124315      66461     111286     180000         54     4    1400000  117144000  180000000  180000000
   2     1209   112430   179984      6922092841      6922272825        46304315      66409     111286     180000         48     4    1400000  117144000  180000000  180000000
   2     1209   112408   179990      6922272835      6922452825        46484309      66577     111286     180000         47     4    1400000  117144000  180000000  180000000
   2     1209   112411   179997      6922452834      6922632830        46664307      66455     111286     180000         52     4    1400000  117144000  180000000  180000000
   2     1209   112423   179986      6922632839      6922812825        46844313      66479     111286     180000         47     4    1400000  117144000  180000000  180000000
   2     1209   112427   179991      6922812834      6922992825        47024308      66510     111286     180000         47     4    1400000  117144000  180000000  180000000
   2     1209   112432   179955      6922992871      6923172826        47204345      66412     111286     180000         48     4    1400000  117144000  180000000  180000000
   2     1209   112425   179998      6923172835      6923352832        47384308      66514     111286     180000         54     4    1400000  117144000  180000000  180000000
   2     1209   112424   179984      6923352841      6923532825        47564315      66439     111286     180000         47     4    1400000  117144000  180000000  180000000
   2     1209   112414   179991      6923532834      6923712825        47744308      66463     111286     180000         47     4    1400000  117144000  180000000  180000000
   2     1209   112428   179991      6923712834      6923892825        47924308      66495     111286     180000         47     4    1400000  117144000  180000000  180000000
   2     1209   112412   180004      6923892833      6924072838        48104307      66434     111286     180000         60     4    1400000  117144000  180000000  180000000
   2     1209   112434   179980      6924072847      6924252827        48284321      66468     111286     180000         49     4    1400000  117144000  180000000  180000000
   2     1209   112411   179986      6924252836      6924432822        48464309      66465     111286     180000         42     4    1400000  117144000  180000000  180000000
   2     1209   112422   179994      6924432832      6924612825        48644305      66557     111286     180000         47     4    1400000  117144000  180000000  180000000
   2     1209   112402   179991      6924612834      6924792825        48824308      66614     111286     180000         47     4    1400000  117144000  180000000  180000000
   2     1209   112415   179979      6924792834      6924972813        49004308      66434     111286     180000         35     4    1400000  117144000  180000000  180000000
   2     1209   112403   180003      6924972822      6925152825        49184296      66489     111286     180000         47     4    1400000  117144000  180000000  180000000
   2     1209   112400   179985      6925152834      6925332819        49364307      66630     111286     180000         41     4    1400000  117144000  180000000  180000000
   2     1209   112433   179988      6925332828      6925512816        49544301      66470     111286     180000         37     4    1400000  117144000  180000000  180000000
   2     1209   112404   180002      6925512825      6925692826        49724298      66618     111286     180000         48     4    1400000  117144000  180000000  180000000
   2     1209   112413   179987      6925692835      6925872823        49904309      66353     111286     180000         43     4    1400000  117144000  180000000  180000000
   2     1209   112431   179992      6925872832      6926052825        50084306      66491     111286     180000         47     4    1400000  117144000  180000000  180000000
   2     1209   112416   180004      6926052834      6926232837        50264307      66520     111286     180000         60     4    1400000  117144000  180000000  180000000
   2     1209   112420   179964      6926232846      6926412810        50444320      66420     111286     180000         33     4    1400000  117144000  180000000  180000000
   2     1209   112412   180000      6926412819      6926592820        50624293      66513     111286     180000         40     4    1400000  117144000  180000000  180000000
   2     1209   112409   179996      6926592829      6926772825        50804303      66451     111286     180000         47     4    1400000  117144000  180000000  180000000
   2     1209   112424   180014      6926772834      6926952848        50984307      66530     111286     180000         70     4    1400000  117144000  180000000  180000000
   2     1209   112423   179969      6926952857      6927132826        51164331      66477     111286     180000         49     4    1400000  117144000  180000000  180000000
   2     1209   112426   179990      6927132835      6927312825        51344309      66451     111286     180000         47     4    1400000  117144000  180000000  180000000
   2     1209   112415   179962      6927312864      6927492825        51524337      66582     111286     180000         47     4    1400000  117144000  180000000  180000000
   2     1209   112420   179975      6927492834      6927672809        51704308      66556     111286     180000         31     4    1400000  117144000  180000000  180000000
   2     1209   112424   180002      6927672818      6927852820        51884292      66559     111286     180000         41     4    1400000  117144000  180000000  180000000
   2     1209   112421   180001      6927852830      6928032832        52064304      66499     111286     180000         54     4    1400000  117144000  180000000  180000000
   2     1209   112438   179984      6928032841      6928212825        52244314      66449     111286     180000         47     4    1400000  117144000  180000000  180000000
   2     1209   112434   180006      6928212834      6928392840        52424308      66453     111286     180000         62     4    1400000  117144000  180000000  180000000
   2     1209   112436   179972      6928392849      6928572822        52604323      66423     111286     180000         43     4    1400000  117144000  180000000  180000000
   2     1209   112433   179993      6928572832      6928752825        52784306      66500     111286     180000         47     4    1400000  117144000  180000000  180000000
   2     1209   112421   179992      6928752834      6928932825        52964308      66518     111286     180000         48     4    1400000  117144000  180000000  180000000
   2     1209   112405   179999      6928932834      6929112833        53144308      66677     111286     180000         55     4    1400000  117144000  180000000  180000000
   2     1209   112434   179981      6929112842      6929292823        53324315      66463     111286     180000         44     4    1400000  117144000  180000000  180000000
   2     1209   112419   179995      6929292831      6929472827        53504305      66420     111286     180000         49     4    1400000  117144000  180000000  180000000
   2     1209   112424   179989      6929472836      6929652825        53684309      66475     111286     180000         47     4    1400000  117144000  180000000  180000000
   2     1209   112406   180003      6929652834      6929832837        53864308      66577     111286     180000         59     4    1400000  117144000  180000000  180000000
   2     1209   112420   179974      6929832846      6930012820        54044320      66480     111286     180000         42     4    1400000  117144000  180000000  180000000
   2     1209   112415   179997      6930012828      6930192825        54224302      66515     111286     180000         48     4    1400000  117144000  180000000  180000000
   2     1209   112416   180004      6930192834      6930372838        54404308      66545     111286     180000         60     4    1400000  117144000  180000000  180000000
   2     1209   112426   179978      6930372847      6930552825        54584321      66463     111286     180000         47     4    1400000  117144000  180000000  180000000
   2     1209   112417   179992      6930552833      6930732825        54764307      66476     111286     180000         48     4    1400000  117144000  180000000  180000000
   2     1209   112431   179992      6930732834      6930912826        54944308      66480     111286     180000         49     4    1400000  117144000  180000000  180000000
   2     1209   112429   179991      6930912835      6931092826        55124309      66485     111286     180000         48     4    1400000  117144000  180000000  180000000
   2     1209   112412   180005      6931092834      6931272839        55304308      66510     111286     180000         61     4    1400000  117144000  180000000  180000000
   2     1209   112412   179964      6931272848      6931452812        55484322      66393     111286     180000         34     4    1400000  117144000  180000000  180000000
   2     1209   112421   180000      6931452820      6931632821        55664294      66490     111286     180000         42     4    1400000  117144000  180000000  180000000
   2     1209   112407   179964      6931632861      6931812825        55844335      66644     111286     180000         47     4    1400000  117144000  180000000  180000000
   2     1209   112421   179998      6931812834      6931992832        56024308      66526     111286     180000         54     4    1400000  117144000  180000000  180000000
   2     1209   112430   179983      6931992842      6932172825        56204316      66405     111286     180000         47     4    1400000  117144000  180000000  180000000
   2     1209   112416   179985      6932172834      6932352819        56384308      66447     111286     180000         41     4    1400000  117144000  180000000  180000000
   2     1209   112415   179998      6932352827      6932532825        56564301      66563     111286     180000         47     4    1400000  117144000  180000000  180000000
   2     1209   112407   180003      6932532834      6932712837        56744308      66490     111286     180000         60     4    1400000  117144000  180000000  180000000
   2     1209   112431   179982      6932712846      6932892828        56924320      66421     111286     180000         50     4    1400000  117144000  180000000  180000000
   2     1209   112430   179988      6932892837      6933072825        57104311      66493     111286     180000         47     4    1400000  117144000  180000000  180000000
   2     1209   112425   179992      6933072834      6933252826        57284308      66503     111286     180000         49     4    1400000  117144000  180000000  180000000
   2     1209   112416   179989      6933252835      6933432825        57464309      66601     111286     180000         47     4    1400000  117144000  180000000  180000000
   2     1209   112427   179990      6933432834      6933612824        57644307      66514     111286     180000         45     4    1400000  117144000  180000000  180000000
   2     1209   112429   179992      6933612834      6933792826        57824308      66463     111286     180000         49     4    1400000  117144000  180000000  180000000
   2     1209   112419   179989      6933792835      6933972825        58004309      66544     111286     180000         47     4    1400000  117144000  180000000  180000000
   2     1209   112422   180004      6933972834      6934152837        58184307      66539     111286     180000         60     4    1400000  117144000  180000000  180000000
   2     1209   112432   179980      6934152846      6934332827        58364320      66455     111286     180000         49     4    1400000  117144000  180000000  180000000
   2     1209   112418   180000      6934332835      6934512835        58544309      66565     111286     180000         57     4    1400000  117144000  180000000  180000000
   2     1209   112428   179968      6934512844      6934692811        58724318      66501     111286     180000         34     4    1400000  117144000  180000000  180000000
   2     1209   112408   180006      6934692820      6934872825        58904294      66609     111286     180000         48     4    1400000  117144000  180000000  180000000
   2     1209   112416   180006      6934872834      6935052841        59084308      66580     111286     180000         61     4    1400000  117144000  180000000  180000000
   2     1209   112430   179975      6935052851      6935232825        59264325      66464     111286     180000         48     4    1400000  117144000  180000000  180000000
   2     1209   112418   179992      6935232834      6935412826        59444308      66539     111286     180000         49     4    1400000  117144000  180000000  180000000
   2     1209   112414   179995      6935412835      6935592830        59624309      66371     111286     180000         52     4    1400000  117144000  180000000  180000000
   2     1209   112421   179985      6935592840      6935772825        59804313      66480     111286     180000         47     4    1400000  117144000  180000000  180000000
   2     1209   112431   179958      6935772867      6935952825        59984341      66454     111286     180000         47     4    1400000  117144000  180000000  180000000
   2     1209   112434   179991      6935952834      6936132825        60164308      66478     111286     180000         47     4    1400000  117144000  180000000  180000000
   2     1209   112413   179991      6936132834      6936312825        60344308      66592     111286     180000         47     4    1400000  117144000  180000000  180000000
   2     1209   112419   179978      6936312834      6936492812        60524307      66527     111286     180000         34     4    1400000  117144000  180000000  180000000
   2     1209   112430   179998      6936492820      6936672819        60704294      66510     111286     180000         41     4    1400000  117144000  180000000  180000000
   2     1209   112413   179999      6936672827      6936852826        60884301      66577     111286     180000         48     4    1400000  117144000  180000000  180000000
   2     1209   112422   180006      6936852835      6937032841        61064309      66542     111286     180000         63     4    1400000  117144000  180000000  180000000
   2     1209   112424   179975      6937032850      6937212825        61244324      66485     111286     180000         47     4    1400000  117144000  180000000  180000000
   2     1209   112425   180001      6937212833      6937392834        61424307      66476     111286     180000         56     4    1400000  117144000  180000000  180000000
   2     1209   112422   179981      6937392843      6937572825        61604317      66489     111286     180000         47     4    1400000  117144000  180000000  180000000
   2     1209   112418   179976      6937572834      6937752810        61784307      66530     111286     180000         32     4    1400000  117144000  180000000  180000000
   2     1209   112427   180003      6937752819      6937932822        61964293      66465     111286     180000         42     4    1400000  117144000  180000000  180000000
   2     1209   112419   179994      6937932831      6938112825        62144305      66503     111286     180000         47     4    1400000  117144000  180000000  180000000
   2     1209   112412   179991      6938112833      6938292824        62324307      66504     111286     180000         47     4    1400000  117144000  180000000  180000000
   2     1209   112410   180001      6938292833      6938472835        62504307      66442     111286     180000         57     4    1400000  117144000  180000000  180000000
   2     1209   112417   179984      6938472843      6938652827        62684317      66536     111286     180000         48     4    1400000  117144000  180000000  180000000
   2     1209   112427   179987      6938652838      6938832825        62864312      66462     111286     180000         47     4    1400000  117144000  180000000  180000000
   2     1209   112426   179985      6938832834      6939012819        63044308      66521     111286     180000         41     4    1400000  117144000  180000000  180000000
   2     1209   112402   179998      6939012828      6939192826        63224302      66574     111286     180000         48     4    1400000  117144000  180000000  180000000
   2     1209   112423   179990      6939192835      6939372825        63404309      66551     111286     180000         46     4    1400000  117144000  180000000  180000000
   2     1209   112411   179986      6939372833      6939552819        63584307      66610     111286     180000         40     4    1400000  117144000  180000000  180000000
   2     1209   112412   180004      6939552828      6939732832        63764302      66385     111286     180000         54     4    1400000  117144000  180000000  180000000
   2     1209   112424   179998      6939732841      6939912839        63944315      66478     111286     180000         61     4    1400000  117144000  180000000  180000000
   2     1209   112420   179970      6939912848      6940092818        64124322      66551     111286     180000         39     4    1400000  117144000  180000000  180000000
   2     1209   112420   179954      6940092858      6940272812        64304332      66359     111286     180000         34     4    1400000  117144000  180000000  180000000
   2     1209   112408   180004      6940272821      6940452824        64484295      66522     111286     180000         47     4    1400000  117144000  180000000  180000000
   2     1209   112428   179992      6940452833      6940632825        64664307      66475     111286     180000         47     4    1400000  117144000  180000000  180000000
   2     1209   112417   179991      6940632834      6940812825        64844307      66531     111286     180000         47     4    1400000  117144000  180000000  180000000
   2     1209   112419   179987      6940812834      6940992820        65024308      66534     111286     180000         41     4    1400000  117144000  180000000  180000000
   2     1209   112415   179997      6940992829      6941172826        65204303      66358     111286     180000         48     4    1400000  117144000  180000000  180000000
   2     1209   112418   180000      6941172835      6941352835        65384309      66562     111286     180000         57     4    1400000  117144000  180000000  180000000
   2     1209   112406   179966      6941352844      6941532811        65564318      66538     111286     180000         33     4    1400000  117144000  180000000  180000000
   2     1209   112428   179990      6941532819      6941712810        65744293      66506     111286     180000         32     4    1400000  117144000  180000000  180000000
   2     1209   112403   180001      6941712818      6941892819        65924292      66544     111286     180000         42     4    1400000  117144000  180000000  180000000
   2     1209   112410   180013      6941892828      6942072841        66104302      66420     111286     180000         63     4    1400000  117144000  180000000  180000000
   2     1209   112431   179989      6942072850      6942252839        66284324      66458     111286     180000         61     4    1400000  117144000  180000000  180000000
   2     1209   112430   179977      6942252848      6942432825        66464322      66461     111286     180000         47     4    1400000  117144000  180000000  180000000
   2     1209   112425   179991      6942432834      6942612825        66644308      66503     111286     180000         47     4    1400000  117144000  180000000  180000000
   2     1209   112421   180014      6942612834      6942792847        66824307      66499     111286     180000         70     4    1400000  117144000  180000000  180000000
   2     1209   112435   179971      6942792856      6942972827        67004330      66419     111286     180000         49     4    1400000  117144000  180000000  180000000
   2     1209   112421   179989      6942972836      6943152825        67184310      66497     111286     180000         47     4    1400000  117144000  180000000  180000000
   2     1209   112425   179992      6943152833      6943332825        67364307      66468     111286     180000         47     4    1400000  117144000  180000000  180000000
   2     1209   112423   179991      6943332834      6943512825        67544308      66552     111286     180000         47     4    1400000  117144000  180000000  180000000
   2     1209   112417   179991      6943512834      6943692825        67724307      66559     111286     180000         47     4    1400000  117144000  180000000  180000000
   2     1209   112408   179991      6943692834      6943872825        67904307      66418     111286     180000         47     4    1400000  117144000  180000000  180000000
   2     1209   112421   179987      6943872833      6944052820        68084307      66490     111286     180000         41     4    1400000  117144000  180000000  180000000
   2     1209   112409   179997      6944052829      6944232826        68264302      66456     111286     180000         46     4    1400000  117144000  180000000  180000000
   2     1209   112409   179963      6944232870      6944412833        68444343      66400     111286     180000         55     4    1400000  117144000  180000000  180000000
   2     1209   112432   179967      6944412842      6944592809        68624316      66443     111286     180000         32     4    1400000  117144000  180000000  180000000
   2     1209   112426   180007      6944592818      6944772825        68804292      66509     111286     180000         47     4    1400000  117144000  180000000  180000000
   2     1209   112416   179991      6944772834      6944952825        68984307      66401     111286     180000         47     4    1400000  117144000  180000000  180000000
   2     1209   112420   179993      6944952833      6945132826        69164307      66566     111286     180000         49     4    1400000  117144000  180000000  180000000
   2     1209   112421   179990      6945132835      6945312825        69344309      66499     111286     180000         47     4    1400000  117144000  180000000  180000000
   2     1209   112425   179987      6945312834      6945492821        69524307      66526     111286     180000         42     4    1400000  117144000  180000000  180000000
   2     1209   112423   180003      6945492830      6945672832        69704304      66494     111286     180000         54     4    1400000  117144000  180000000  180000000
   2     1209   112423   179984      6945672841      6945852825        69884315      66531     111286     180000         48     4    1400000  117144000  180000000  180000000
   2     1209   112412   179989      6945852834      6946032823        70064308      66587     111286     180000         44     4    1400000  117144000  180000000  180000000
   2     1209   112421   179979      6946032832      6946212811        70244305      66521     111286     180000         33     4    1400000  117144000  180000000  180000000
   2     1209   112409   180006      6946212820      6946392825        70424293      66547     111286     180000         47     4    1400000  117144000  180000000  180000000
   2     1209   112407   179986      6946392834      6946572821        70604308      66656     111286     180000         43     4    1400000  117144000  180000000  180000000
   2     1209   112428   180011      6946572830      6946752841        70784304      66375     111286     180000         63     4    1400000  117144000  180000000  180000000
   2     1209   112415   179985      6946752850      6946932835        70964324      66526     111286     180000         58     4    1400000  117144000  180000000  180000000
   2     1209   112428   180006      6946932844      6947112850        71144318      66441     111286     180000         72     4    1400000  117144000  180000000  180000000
   2     1209   112434   179962      6947112859      6947292821        71324333      66454     111286     180000         42     4    1400000  117144000  180000000  180000000
   2     1209   112407   179995      6947292831      6947472825        71504304      66433     111286     180000         47     4    1400000  117144000  180000000  180000000
   2     1209   112416   179991      6947472834      6947652825        71684308      66399     111286     180000         47     4    1400000  117144000  180000000  180000000
   2     1209   112433   179991      6947652834      6947832825        71864308      66432     111286     180000         48     4    1400000  117144000  180000000  180000000
   2     1209   112429   179991      6947832834      6948012825        72044308      66454     111286     180000         48     4    1400000  117144000  180000000  180000000
   2     1209   112413   179991      6948012834      6948192825        72224308      66553     111286     180000         47     4    1400000  117144000  180000000  180000000
   2     1209   112418   179985      6948192834      6948372819        72404308      66430     111286     180000         41     4    1400000  117144000  180000000  180000000
   2     1209   112425   180010      6948372828      6948552837        72584301      66492     111286     180000         59     4    1400000  117144000  180000000  180000000
   2     1209   112395   179932      6948552878      6948732810        72764351      66746     111286     180000         32     4    1400000  117144000  180000000  180000000
   2     1209   112426   180006      6948732819      6948912825        72944293      66516     111286     180000         47     4    1400000  117144000  180000000  180000000
   2     1209   112423   179998      6948912834      6949092832        73124308      66495     111286     180000         52     4    1400000  117144000  180000000  180000000
   2     1209   112429   179984      6949092841      6949272825        73304315      66453     111286     180000         47     4    1400000  117144000  180000000  180000000
   2     1209   112417   179991      6949272834      6949452825        73484308      66502     111286     180000         47     4    1400000  117144000  180000000  180000000
   2     1209   112431   179991      6949452834      6949632825        73664308      66465     111286     180000         47     4    1400000  117144000  180000000  180000000
   2     1209   112430   179990      6949632834      6949812824        73844308      66466     111286     180000         47     4    1400000  117144000  180000000  180000000
   2     1209   112425   180004      6949812833      6949992837        74024307      66498     111286     180000         59     4    1400000  117144000  180000000  180000000
   2     1209   112414   179980      6949992846      6950172827        74204320      66551     111286     180000         49     4    1400000  117144000  180000000  180000000
   2     1209   112418   179990      6950172835      6950352825        74384309      66530     111286     180000         47     4    1400000  117144000  180000000  180000000
   2     1209   112426   179987      6950352834      6950532821        74564308      66526     111286     180000         43     4    1400000  117144000  180000000  180000000
   2     1209   112420   179990      6950532830      6950712820        74744304      66525     111286     180000         42     4    1400000  117144000  180000000  180000000
   2     1209   112410   179996      6950712829      6950892825        74924303      66571     111286     180000         47     4    1400000  117144000  180000000  180000000
   2     1209   112398   179980      6950892834      6951072814        75104307      66692     111286     180000         36     4    1400000  117144000  180000000  180000000
   2     1209   112424   179999      6951072823      6951252821        75284296      66530     111286     180000         42     4    1400000  117144000  180000000  180000000
   2     1209   112434   180012      6951252831      6951432843        75464304      66466     111286     180000         64     4    1400000  117144000  180000000  180000000
   2     1209   112427   179969      6951432853      6951612822        75644327      66469     111286     180000         43     4    1400000  117144000  180000000  180000000
   2     1209   112430   179990      6951612831      6951792820        75824305      66499     111286     180000         41     4    1400000  117144000  180000000  180000000
   2     1209   112426   179996      6951792830      6951972826        76004304      66511     111286     180000         49     4    1400000  117144000  180000000  180000000
   2     1209   112426   180000      6951972835      6952152836        76184309      66476     111286     180000         58     4    1400000  117144000  180000000  180000000
   2     1209   112428   179980      6952152845      6952332825        76364318      66435     111286     180000         47     4    1400000  117144000  180000000  180000000
   2     1209   112414   179992      6952332833      6952512825        76544307      66519     111286     180000         47     4    1400000  117144000  180000000  180000000
   2     1209   112438   179992      6952512834      6952692826        76724308      66463     111286     180000         48     4    1400000  117144000  180000000  180000000
   2     1209   112428   179965      6952692866      6952872832        76904340      66474     111286     180000         54     4    1400000  117144000  180000000  180000000
   2     1209   112427   179985      6952872841      6953052826        77084315      66476     111286     180000         49     4    1400000  117144000  180000000  180000000
   2     1209   112407   179991      6953052835      6953232826        77264309      66644     111286     180000         48     4    1400000  117144000  180000000  180000000
   2     1209   112425   179986      6953232835      6953412821        77444308      66485     111286     180000         43     4    1400000  117144000  180000000  180000000
   2     1209   112433   179996      6953412830      6953592825        77624303      66487     111286     180000         48     4    1400000  117144000  180000000  180000000
   2     1209   112761   180002      6953592834      6953772836        77804308      63940     111286     180000         58     4    1400000  117144000  180000000  180000000
   2     1209   112418   179969      6953772844      6953952814        77984318      66454     111286     180000         36     4    1400000  117144000  180000000  180000000
   2     1209   112429   179998      6953952823      6954132820        78164297      66493     111286     180000         41     4    1400000  117144000  180000000  180000000
   2     1209   112425   180007      6954132830      6954312837        78344303      66518     111286     180000         59     4    1400000  117144000  180000000  180000000
   2     1209   112422   179980      6954312846      6954492826        78524320      66509     111286     180000         48     4    1400000  117144000  180000000  180000000
   2     1209   112426   179991      6954492835      6954672826        78704309      66459     111286     180000         48     4    1400000  117144000  180000000  180000000
   2     1209   112420   179990      6954672835      6954852825        78884309      66541     111286     180000         47     4    1400000  117144000  180000000  180000000
   2     1209   112416   179995      6954852834      6955032829        79064308      66441     111286     180000         51     4    1400000  117144000  180000000  180000000
   2     1209   112416   179996      6955032838      6955212834        79244312      66570     111286     180000         56     4    1400000  117144000  180000000  180000000
   2     1209   112426   179971      6955212843      6955392814        79424317      66467     111286     180000         36     4    1400000  117144000  180000000  180000000
   2     1209   112418   179997      6955392823      6955572821        79604297      66537     111286     180000         42     4    1400000  117144000  180000000  180000000
   2     1209   112423   180000      6955572829      6955752830        79784303      66535     111286     180000         51     4    1400000  117144000  180000000  180000000
   2     1209   112411   179988      6955752838      6955932826        79964312      66449     111286     180000         49     4    1400000  117144000  180000000  180000000
   2     1209   112398   179999      6955932835      6956112834        80144309      66660     111286     180000         57     4    1400000  117144000  180000000  180000000
   2     1209   112425   179965      6956112843      6956292808        80324317      66474     111286     180000         30     4    1400000  117144000  180000000  180000000
   2     1209   112424   180008      6956292817      6956472825        80504291      66488     111286     180000         47     4    1400000  117144000  180000000  180000000
   2     1209   112421   179987      6956472834      6956652820        80684308      66544     111286     180000         41     4    1400000  117144000  180000000  180000000
   2     1209   112423   179995      6956652830      6956832825        80864304      66486     111286     180000         47     4    1400000  117144000  180000000  180000000
   2     1209   112426   179991      6956832834      6957012825        81044308      66443     111286     180000         47     4    1400000  117144000  180000000  180000000
   2     1209   112422   179985      6957012866      6957192852        81224340      66475     111286     180000         74     4    1400000  117144000  180000000  180000000
   2     1209   112426   179966      6957192861      6957372827        81404335      66424     111286     180000         49     4    1400000  117144000  180000000  180000000
   2     1209   112417   179989      6957372835      6957552825        81584309      66566     111286     180000         47     4    1400000  117144000  180000000  180000000
   2     1209   112425   179987      6957552834      6957732820        81764307      66497     111286     180000         42     4    1400000  117144000  180000000  180000000
   2     1209   112413   179996      6957732829      6957912825        81944303      66417     111286     180000         47     4    1400000  117144000  180000000  180000000
   2     1209   112426   179991      6957912834      6958092825        82124308      66488     111286     180000         47     4    1400000  117144000  180000000  180000000
   2     1209   112414   179991      6958092834      6958272825        82304307      66548     111286     180000         47     4    1400000  117144000  180000000  180000000
   2     1209   112415   179984      6958272833      6958452818        82484307      66481     111286     180000         40     4    1400000  117144000  180000000  180000000
   2     1209   112413   180000      6958452827      6958632827        82664300      66446     111286     180000         48     4    1400000  117144000  180000000  180000000
   2     1209   112409   179988      6958632836      6958812824        82844310      66443     111286     180000         47     4    1400000  117144000  180000000  180000000
   2     1209   112416   179992      6958812833      6958992825        83024307      66540     111286     180000         47     4    1400000  117144000  180000000  180000000
   2     1209   112424   179991      6958992834      6959172825        83204308      66464     111286     180000         47     4    1400000  117144000  180000000  180000000
   2     1209   112421   179995      6959172834      6959352829        83384307      66490     111286     180000         51     4    1400000  117144000  180000000  180000000
   2     1209   112423   179988      6959352837      6959532825        83564311      66505     111286     180000         47     4    1400000  117144000  180000000  180000000
   2     1209   112430   179991      6959532834      6959712825        83744308      66469     111286     180000         47     4    1400000  117144000  180000000  180000000
   2     1209   112404   179991      6959712834      6959892825        83924308      66567     111286     180000         47     4    1400000  117144000  180000000  180000000
   2     1209   112431   180004      6959892834      6960072838        84104307      66458     111286     180000         60     4    1400000  117144000  180000000  180000000
   2     1209   112419   179978      6960072847      6960252825        84284321      66535     111286     180000         47     4    1400000  117144000  180000000  180000000
   2     1209   112409   179990      6960252834      6960432823        84464307      66481     111286     180000         43     4    1400000  117144000  180000000  180000000
   2     1209   112415   179989      6960432832      6960612821        84644306      66517     111286     180000         43     4    1400000  117144000  180000000  180000000
   2     1209   112438   180000      6960612830      6960792830        84824304      66444     111286     180000         52     4    1400000  117144000  180000000  180000000
   2     1209   112415   179986      6960792839      6960972825        85004313      66516     111286     180000         48     4    1400000  117144000  180000000  180000000
   2     1209   112408   179992      6960972834      6961152826        85184308      66603     111286     180000         48     4    1400000  117144000  180000000  180000000
   2     1209   112419   179958      6961152866      6961332825        85364340      66383     111286     180000         47     4    1400000  117144000  180000000  180000000
   2     1209   112431   180006      6961332834      6961512840        85544308      66478     111286     180000         62     4    1400000  117144000  180000000  180000000
   2     1209   112422   179972      6961512849      6961692821        85724323      66463     111286     180000         43     4    1400000  117144000  180000000  180000000
   2     1209   112427   179995      6961692829      6961872825        85904303      66513     111286     180000         47     4    1400000  117144000  180000000  180000000
   2     1209   112418   179991      6961872834      6962052825        86084308      66570     111286     180000         47     4    1400000  117144000  180000000  180000000
   2     1209   112430   179997      6962052834      6962232832        86264308      66481     111286     180000         54     4    1400000  117144000  180000000  180000000
   2     1209   112434   179980      6962232841      6962412820        86444314      66431     111286     180000         42     4    1400000  117144000  180000000  180000000
   2     1209   112402   179996      6962412831      6962592827        86624305      66539     111286     180000         49     4    1400000  117144000  180000000  180000000
   2     1209   112424   179976      6962592835      6962772812        86804309      66525     111286     180000         34     4    1400000  117144000  180000000  180000000
   2     1209   112425   180007      6962772821      6962952828        86984295      66540     111286     180000         50     4    1400000  117144000  180000000  180000000
   2     1209   112409   179993      6962952837      6963132830        87164311      66375     111286     180000         52     4    1400000  117144000  180000000  180000000
   2     1209   112431   179986      6963132839      6963312825        87344313      66479     111286     180000         48     4    1400000  117144000  180000000  180000000
   2     1209   112413   179995      6963312834      6963492829        87524308      66607     111286     180000         52     4    1400000  117144000  180000000  180000000
   2     1209   112426   179982      6963492838      6963672820        87704312      66484     111286     180000         41     4    1400000  117144000  180000000  180000000
   2     1209   112427   179996      6963672829      6963852825        87884303      66509     111286     180000         48     4    1400000  117144000  180000000  180000000
   2     1209   112409   179992      6963852834      6964032826        88064308      66568     111286     180000         48     4    1400000  117144000  180000000  180000000
   2     1209   112414   179990      6964032835      6964212825        88244309      66559     111286     180000         47     4    1400000  117144000  180000000  180000000
   2     1209   112433   179999      6964212834      6964392833        88424307      66436     111286     180000         55     4    1400000  117144000  180000000  180000000
   2     1209   112413   179986      6964392842      6964572828        88604316      66365     111286     180000         50     4    1400000  117144000  180000000  180000000
   2     1209   112424   179989      6964572837      6964752826        88784311      66512     111286     180000         49     4    1400000  117144000  180000000  180000000
   2     1209   112396   179991      6964752835      6964932826        88964309      66762     111286     180000         48     4    1400000  117144000  180000000  180000000
   2     1209   112430   179989      6964932835      6965112823        89144309      66475     111286     180000         43     4    1400000  117144000  180000000  180000000
   2     1209   112406   179992      6965112833      6965292825        89324307      66447     111286     180000         48     4    1400000  117144000  180000000  180000000
   2     1209   112417   179999      6965292834      6965472833        89504308      66452     111286     180000         56     4    1400000  117144000  180000000  180000000
   2     1209   112430   179947      6965472873      6965652820        89684347      66490     111286     180000         42     4    1400000  117144000  180000000  180000000
   2     1209   112422   179988      6965652829      6965832817        89864303      66479     111286     180000         38     4    1400000  117144000  180000000  180000000
