#idx     perf      run   period           start             end          rel_st      slack c_duration   c_period     wu_lat   cpu       freq dl_runtime  dl_period dl_deadline
  10      611    56845   323107    108222530393    108222853501         1252440     170883      56259     390000      17343     4    1400000   59221000  390000000  390000000
  10      611    56862   378321    108222853510    108223231831         1575556     270236      56259     390000       5673     4    1400000   59221000  390000000  390000000
  10      611    56850   390012    108223231840    108223621852         1953887     260108      56259     390000       5695     4    1400000   59221000  390000000  390000000
  10      611    56866   428567    108223621861    108224050428         2343908     260063      56259     390000      44271     4    1400000   59221000  390000000  390000000
  10      611    56824   351417    108224050437    108224401854         2772483     288456      56259     390000       5696     4    1400000   59221000  390000000  390000000
  10      611    56851   389978    108224401863    108224791841         3123909     310121      56259     390000       5683     4    1400000   59221000  390000000  390000000
  10      611    56874   446502    108224791849    108225238351         3513896     249365      56259     390000      62194     4    1400000   59221000  390000000  390000000
  10      611    56894   361561    108225238360    108225599921         3960407     242820      56259     390000      33763     4    1400000   59221000  390000000  390000000
  10      611    56825   376999    108225599930    108225976930         4321977     298942      56259     390000      20772     4    1400000   59221000  390000000  390000000
  10      611    56889   374928    108225976938    108226351866         4698985     234341      56259     390000       5709     4    1400000   59221000  390000000  390000000
  10      611    56901   389983    108226351875    108226741858         5073921     249325      56259     390000       5701     4    1400000   59221000  390000000  390000000
  10      611    56867   418127    108226741867    108227159994         5463913     276842      56259     390000      33836     4    1400000   59221000  390000000  390000000
  10      611    56895   376915    108227160002    108227536917         5882049     221102      56259     390000      20760     4    1400000   59221000  390000000  390000000
  10      611    56862   393725    108227536926    108227930652         6258973     234363      56259     390000      24494     4    1400000   59221000  390000000  390000000
  10      611    56857   371193    108227930660    108228301853         6652707     275104      56259     390000       5695     4    1400000   59221000  390000000  390000000
  10      611    56888   423056    108228301861    108228724917         7023908     249437      56259     390000      38760     4    1400000   59221000  390000000  390000000
  10      611    56862   383803    108228724926    108229108729         7446972     221362      56259     390000      32571     4    1400000   59221000  390000000  390000000
  10      611    56824   375045    108229108737    108229483783         7830784     300144      56259     390000      17625     4    1400000   59221000  390000000  390000000
  10      611    56847   399932    108229483791    108229883723         8205838     286847      56259     390000      27566     4    1400000   59221000  390000000  390000000
  10      611    56879   435020    108229883732    108230318752         8605778     249361      56259     390000      72594     4    1400000   59221000  390000000  390000000
  10      611    56851   348034    108230318760    108230666794         9040807     226254      56259     390000      30637     4    1400000   59221000  390000000  390000000
  10      611    56882   365030    108230666803    108231031833         9388849     251309      56259     390000       5675     4    1400000   59221000  390000000  390000000
  10      611    56861   396962    108231031841    108231428803         9753888     260069      56259     390000      12646     4    1400000   59221000  390000000  390000000
  10      611    56846   439920    108231428856    108231868777        10150903     269966      56259     390000      62619     4    1400000   59221000  390000000  390000000
  10      611    57147   357711    108231868785    108232226496        10590832     190451      56259     390000      30339     4    1400000   59221000  390000000  390000000
  10      611    56871   365325    108232226505    108232591829        10948551     224624      56259     390000       5672     4    1400000   59221000  390000000  390000000
  10      611    56850   389996    108232591838    108232981834        11313885     249459      56259     390000       5676     4    1400000   59221000  390000000  390000000
  10      611    56867   435033    108232981842    108233416875        11703889     249452      56259     390000      50718     4    1400000   59221000  390000000  390000000
  10      611    56846   344964    108233416884    108233761848        12138931     277009      56259     390000       5691     4    1400000   59221000  390000000  390000000
  10      611    56851   389999    108233761857    108234151856        12483903     310012      56259     390000       5698     4    1400000   59221000  390000000  390000000
  10      611    56889   391842    108234151864    108234543706        12873911     249312      56259     390000       7549     4    1400000   59221000  390000000  390000000
  10      611    56885   416221    108234543715    108234959936        13265761     275081      56259     390000      33778     4    1400000   59221000  390000000  390000000
  10      611    56849   361906    108234959945    108235321850        13681991     293864      56259     390000       5693     4    1400000   59221000  390000000  390000000
  10      611    56907   419744    108235321859    108235741603        14043906     249440      56259     390000      35445     4    1400000   59221000  390000000  390000000
  10      611    56868   360235    108235741612    108236101847        14463659     241542      56259     390000       5690     4    1400000   59221000  390000000  390000000
  10      611    56874   423134    108236101856    108236524990        14823902     276946      56259     390000      38832     4    1400000   59221000  390000000  390000000
  10      611    56885   405415    108236524998    108236930413        15247045     221164      56259     390000      54256     4    1400000   59221000  390000000  390000000
  10      611    56872   353068    108236930422    108237283491        15652469     227673      56259     390000      17333     4    1400000   59221000  390000000  390000000
  10      611    56866   380012    108237283499    108237663512        16005546     270321      56259     390000       7354     4    1400000   59221000  390000000  390000000
  10      611    56872   416463    108237663520    108238079984        16385567     252734      56259     390000      33826     4    1400000   59221000  390000000  390000000
  10      611    56888   410482    108238079992    108238490474        16802039     226286      56259     390000      54317     4    1400000   59221000  390000000  390000000
  10      611    56866   359956    108238490483    108238850439        17212529     200771      56259     390000      24281     4    1400000   59221000  390000000  390000000
  10      611    56844   371382    108238850447    108239221829        17572494     280237      56259     390000       5672     4    1400000   59221000  390000000  390000000
  10      611    56857   439973    108239221838    108239661811        17943884     260063      56259     390000      55653     4    1400000   59221000  390000000  390000000
  10      611    56864   356952    108239661819    108240018771        18383866     221328      56259     390000      22614     4    1400000   59221000  390000000  390000000
  10      611    56830   373052    108240018780    108240391832        18740827     310046      56259     390000       5674     4    1400000   59221000  390000000  390000000
  10      611    56850   390060    108240391840    108240781900        19113887     271941      56259     390000       5742     4    1400000   59221000  390000000  390000000
  10      611    56903   419935    108240781939    108241201874        19503986     249236      56259     390000      35717     4    1400000   59221000  390000000  390000000
  10      611    56870   359963    108241201883    108241561846        19923930     274988      56259     390000       5689     4    1400000   59221000  390000000  390000000
  10      611    56824   389977    108241561855    108241951832        20283902     327030      56259     390000       5674     4    1400000   59221000  390000000  390000000
  10      611    56865   451910    108241951841    108242403750        20673887     249445      56259     390000      67592     4    1400000   59221000  390000000  390000000
  10      611    56825   378102    108242403759    108242781861        21125805     265114      56259     390000      55703     4    1400000   59221000  390000000  390000000
  10      611    56825   339990    108242781869    108243121859        21503916     277004      56259     390000       5701     4    1400000   59221000  390000000  390000000
  10      611    56902   389976    108243121867    108243511843        21843914     249283      56259     390000       5686     4    1400000   59221000  390000000  390000000
  10      611    56885   398765    108243511852    108243910617        22233899     249320      56259     390000      14460     4    1400000   59221000  390000000  390000000
  10      611    56863   431185    108243910626    108244341810        22632672     285102      56259     390000      55653     4    1400000   59221000  390000000  390000000
  10      611    56862   345013    108244341819    108244686831        23063865     204396      56259     390000      10674     4    1400000   59221000  390000000  390000000
  10      611    56881   401865    108244686840    108245088705        23408887     249385      56259     390000      22548     4    1400000   59221000  390000000  390000000
  10      611    56854   373112    108245088714    108245461826        23810760     265067      56259     390000       5669     4    1400000   59221000  390000000  390000000
  10      611    56868   418096    108245461835    108245879931        24183881     281853      56259     390000      33773     4    1400000   59221000  390000000  390000000
  10      611    56848   361886    108245879939    108246241825        24601986     276954      56259     390000       5667     4    1400000   59221000  390000000  390000000
  10      611    56864   390013    108246241834    108246631846        24963880     260194      56259     390000       5689     4    1400000   59221000  390000000  390000000
  10      611    56867   390027    108246631855    108247021882        25353902     281921      56259     390000       5724     4    1400000   59221000  390000000  390000000
  10      611    56868   440001    108247021891    108247461891        25743937     260023      56259     390000      55734     4    1400000   59221000  390000000  390000000
  10      611    56874   376909    108247461900    108247838809        26183946     221288      56259     390000      42652     4    1400000   59221000  390000000  390000000
  10      611    56869   353051    108247838818    108248191869        26560864     212344      56259     390000       5711     4    1400000   59221000  390000000  390000000
  10      611    56914   389979    108248191877    108248581857        26913924     249299      56259     390000       5699     4    1400000   59221000  390000000  390000000
  10      611    56862   439960    108248581865    108249021825        27303912     249414      56259     390000      55667     4    1400000   59221000  390000000  390000000
  10      611    56865   376767    108249021834    108249398601        27743880     221353      56259     390000      42443     4    1400000   59221000  390000000  390000000
  10      611    56865   370173    108249398609    108249768783        28120656     212669      56259     390000      22625     4    1400000   59221000  390000000  390000000
  10      611    56894   373027    108249768823    108250141850        28490870     232381      56259     390000       5693     4    1400000   59221000  390000000  390000000
  10      611    56865   418073    108250141859    108250559932        28863906     249261      56259     390000      33775     4    1400000   59221000  390000000  390000000
  10      611    56867   361910    108250559941    108250921850        29281987     276983      56259     390000       5693     4    1400000   59221000  390000000  390000000
  10      611    56847   389966    108250921859    108251311825        29643906     322016      56259     390000       5668     4    1400000   59221000  390000000  390000000
  10      611    56864   451887    108251311834    108251763721        30033880     272016      56259     390000      67564     4    1400000   59221000  390000000  390000000
  10      611    56828   384813    108251763730    108252148543        30485776     265106      56259     390000      62385     4    1400000   59221000  390000000  390000000
  10      611    56842   343065    108252148551    108252491616        30870598     214629      56259     390000      15459     4    1400000   59221000  390000000  390000000
  10      611    56867   466582    108252491625    108252958207        31213671     244465      56259     390000      92050     4    1400000   59221000  390000000  390000000
  10      611    56886   314124    108252958216    108253272340        31680263     212957      56259     390000      16182     4    1400000   59221000  390000000  390000000
  10      611    56842   424559    108253272348    108253696907        31994395     288406      56259     390000      50750     4    1400000   59221000  390000000  390000000
  10      611    56878   344932    108253696916    108254041848        32418962     204396      56259     390000       5691     4    1400000   59221000  390000000  390000000
  10      611    56865   408647    108254041857    108254450504        32763903     260060      56259     390000      24346     4    1400000   59221000  390000000  390000000
  10      611    56846   371326    108254450513    108254821839        33172559     263203      56259     390000       5681     4    1400000   59221000  390000000  390000000
  10      611    56847   456864    108254821847    108255278711        33543894     298850      56259     390000      72553     4    1400000   59221000  390000000  390000000
  10      611    56857   344980    108255278719    108255623700        34000766     204374      56259     390000      27542     4    1400000   59221000  390000000  390000000
  10      611    56883   386556    108255623708    108256010265        34345755     249461      56259     390000      24107     4    1400000   59221000  390000000  390000000
  10      611    56871   371561    108256010273    108256381835        34732320     230998      56259     390000       5677     4    1400000   59221000  390000000  390000000
  10      611    56879   440063    108256381843    108256821906        35103890     249411      56259     390000      55749     4    1400000   59221000  390000000  390000000
  10      611    56845   376866    108256821915    108257198781        35543962     271929      56259     390000      42623     4    1400000   59221000  390000000  390000000
  10      611    56884   353058    108257198789    108257551847        35920836     251170      56259     390000       5690     4    1400000   59221000  390000000  390000000
  10      611    56863   390008    108257551856    108257941863        36273902     249426      56259     390000       5706     4    1400000   59221000  390000000  390000000
  10      611    56861   434947    108257941872    108258376819        36663918     249405      56259     390000      50661     4    1400000   59221000  390000000  390000000
  10      611    56868   365089    108258376828    108258741916        37098874     231323      56259     390000      25758     4    1400000   59221000  390000000  390000000
  10      611    56823   369982    108258741925    108259111907        37463971     306967      56259     390000       5749     4    1400000   59221000  390000000  390000000
  10      611    56905   461727    108259111944    108259573670        37833990     249216      56259     390000      77513     4    1400000   59221000  390000000  390000000
  10      611    56849   346270    108259573679    108259919949        38295726     249397      56259     390000      33791     4    1400000   59221000  390000000  390000000
  10      611    56842   381912    108259919957    108260301869        38642004     281978      56259     390000      25711     4    1400000   59221000  390000000  390000000
  10      611    56839   386896    108260301877    108260688774        39023924     234424      56259     390000      22616     4    1400000   59221000  390000000  390000000
  10      611    56867   374948    108260688782    108261063731        39410829     260003      56259     390000       7573     4    1400000   59221000  390000000  390000000
  10      611    56860   416215    108261063739    108261479954        39785786     280025      56259     390000      33796     4    1400000   59221000  390000000  390000000
  10      611    56867   361887    108261479963    108261841850        40202009     221167      56259     390000       5692     4    1400000   59221000  390000000  390000000
  10      611    56848   411860    108261841858    108262253719        40563905     305112      56259     390000      27561     4    1400000   59221000  390000000  390000000
  10      611    56846   368127    108262253727    108262621854        40975774     276928      56259     390000       5697     4    1400000   59221000  390000000  390000000
  10      611    56870   418116    108262621864    108263039980        41343911     281918      56259     390000      33822     4    1400000   59221000  390000000  390000000
  10      611    56906   361856    108263039988    108263401844        41762035     221286      56259     390000       5687     4    1400000   59221000  390000000  390000000
  10      611    56909   396961    108263401853    108263798814        42123899     249401      56259     390000      12656     4    1400000   59221000  390000000  390000000
  10      611    56876   389961    108263798823    108264188784        42520869     269828      56259     390000      12626     4    1400000   59221000  390000000  390000000
  10      611    56886   454920    108264188792    108264643713        42910839     265020      56259     390000      77555     4    1400000   59221000  390000000  390000000
  10      611    56869   338167    108264643721    108264981888        43365768     204430      56259     390000      25730     4    1400000   59221000  390000000  390000000
  10      611    56892   376953    108264981897    108265358849        43703943     251286      56259     390000      12692     4    1400000   59221000  390000000  390000000
  10      611    56883   382969    108265358858    108265741827        44080904     242405      56259     390000       5669     4    1400000   59221000  390000000  390000000
  10      611    56888   461890    108265741835    108266203725        44463882     249446      56259     390000      77568     4    1400000   59221000  390000000  390000000
  10      611    56859   359704    108266203734    108266563438        44925780     182424      56259     390000      47280     4    1400000   59221000  390000000  390000000
  10      611    56863   360031    108266563446    108266923477        45285493     229638      56259     390000      17320     4    1400000   59221000  390000000  390000000
  10      611    56868   379996    108266923486    108267303482        45645533     242763      56259     390000       7325     4    1400000   59221000  390000000  390000000
  10      611    56892   446927    108267303491    108267750418        46025537     252762      56259     390000      64260     4    1400000   59221000  390000000  390000000
  10      611    56857   358185    108267750427    108268108612        46472473     190850      56259     390000      32454     4    1400000   59221000  390000000  390000000
  10      611    56827   363200    108268108650    108268471850        46830697     300202      56259     390000       5693     4    1400000   59221000  390000000  390000000
  10      611    56867   411847    108268471859    108268883706        47193906     254243      56259     390000      27549     4    1400000   59221000  390000000  390000000
  10      611    56866   396240    108268883715    108269279955        47605762     260115      56259     390000      33797     4    1400000   59221000  390000000  390000000
  10      611    56830   380879    108269279964    108269660843        48002010     298818      56259     390000      24685     4    1400000   59221000  390000000  390000000
  10      611    56864   378931    108269660851    108270039783        48382898     230445      56259     390000      13625     4    1400000   59221000  390000000  390000000
  10      611    56903   382039    108270039791    108270421831        48761838     241522      56259     390000       5673     4    1400000   59221000  390000000  390000000
  10      611    56866   418127    108270421839    108270839966        49143886     276896      56259     390000      33808     4    1400000   59221000  390000000  390000000
  10      611    56849   376886    108270839974    108271216860        49562021     221145      56259     390000      20703     4    1400000   59221000  390000000  390000000
  10      611    56880   403760    108271216869    108271620629        49938916     234360      56259     390000      34472     4    1400000   59221000  390000000  390000000
  10      611    56846   361220    108271620638    108271981858        50342684     265093      56259     390000       5700     4    1400000   59221000  390000000  390000000
  10      611    56869   418067    108271981866    108272399933        50703913     249442      56259     390000      33776     4    1400000   59221000  390000000  390000000
  10      611    56887   361910    108272399942    108272761852        51121989     221386      56259     390000       5695     4    1400000   59221000  390000000  390000000
  10      611    56860   396930    108272761861    108273158791        51483907     300096      56259     390000      12633     4    1400000   59221000  390000000  390000000
  10      611    56864   383051    108273158799    108273541850        51880846     286861      56259     390000       5692     4    1400000   59221000  390000000  390000000
  10      611    56879   461863    108273541859    108274003721        52263905     249441      56259     390000      77564     4    1400000   59221000  390000000  390000000
  10      611    56851   343072    108274003730    108274346801        52725776     221306      56259     390000      30644     4    1400000   59221000  390000000  390000000
  10      611    56886   366980    108274346810    108274713789        53068856     251230      56259     390000       7632     4    1400000   59221000  390000000  390000000
  10      611    56840   395075    108274713798    108275108872        53435844     296949      56259     390000      12715     4    1400000   59221000  390000000  390000000
  10      611    56847   449810    108275108881    108275558691        53830928     269854      56259     390000      72533     4    1400000   59221000  390000000  390000000
  10      611    56882   328147    108275558699    108275886846        54280746     182449      56259     390000      10688     4    1400000   59221000  390000000  390000000
  10      611    56848   384972    108275886854    108276271827        54608901     305074      56259     390000       5669     4    1400000   59221000  390000000  390000000
  10      611    56846   389997    108276271835    108276661832        54993882     260080      56259     390000       5674     4    1400000   59221000  390000000  390000000
  10      611    56871   435002    108276661841    108277096842        55383887     260044      56259     390000      50685     4    1400000   59221000  390000000  390000000
  10      611    56824   345057    108277096851    108277441908        55818897     282037      56259     390000       5751     4    1400000   59221000  390000000  390000000
  10      611    56855   389902    108277441946    108277831848        56163993     309860      56259     390000       5690     4    1400000   59221000  390000000  390000000
  10      611    56862   401885    108277831856    108278233741        56553903     249320      56259     390000      17584     4    1400000   59221000  390000000  390000000
  10      611    56869   406187    108278233750    108278639937        56955796     265079      56259     390000      33779     4    1400000   59221000  390000000  390000000
  10      611    56844   361935    108278639945    108279001880        57361991     293962      56259     390000       5721     4    1400000   59221000  390000000  390000000
  10      611    56901   390001    108279001889    108279391890        57723936     249339      56259     390000       5732     4    1400000   59221000  390000000  390000000
  10      611    56920   389993    108279391899    108279781892        58113946     249222      56259     390000       5734     4    1400000   59221000  390000000  390000000
  10      611    56872   418039    108279781901    108280199940        58503948     276685      56259     390000      33782     4    1400000   59221000  390000000  390000000
  10      611    56882   377155    108280199949    108280577104        58921996     221205      56259     390000      20946     4    1400000   59221000  390000000  390000000
  10      611    56890   376804    108280577113    108280953917        59299160     234216      56259     390000       7759     4    1400000   59221000  390000000  390000000
  10      611    56875   387910    108280953927    108281341837        59675973     274928      56259     390000       5679     4    1400000   59221000  390000000  390000000
  10      611    56905   430226    108281341846    108281772072        60063893     242694      56259     390000      45913     4    1400000   59221000  390000000  390000000
  10      611    56894   398812    108281772081    108282170893        60494127     214126      56259     390000      54735     4    1400000   59221000  390000000  390000000
  10      611    56845   361043    108282170902    108282531945        60892949     227118      56259     390000      25787     4    1400000   59221000  390000000  390000000
  10      611    56835   369929    108282531954    108282901883        61254001     278736      56259     390000       5725     4    1400000   59221000  390000000  390000000
  10      611    56860   439988    108282901893    108283341880        61623939     260015      56259     390000      55722     4    1400000   59221000  390000000  390000000
  10      611    56864   388424    108283341889    108283730313        62063936     221277      56259     390000      54155     4    1400000   59221000  390000000  390000000
  10      611    56853   341857    108283730322    108284072179        62452369     200957      56259     390000       6021     4    1400000   59221000  390000000  390000000
  10      611    56860   389666    108284072188    108284461854        62794235     276642      56259     390000       5695     4    1400000   59221000  390000000  390000000
  10      611    56906   446884    108284461863    108284908747        63183909     249161      56259     390000      62590     4    1400000   59221000  390000000  390000000
  10      611    56867   333090    108284908756    108285241846        63630803     231160      56259     390000       5689     4    1400000   59221000  390000000  390000000
  10      611    56823   389994    108285241855    108285631849        63963901     327036      56259     390000       5691     4    1400000   59221000  390000000  390000000
  10      611    56851   446922    108285631858    108286078780        64353904     249452      56259     390000      62622     4    1400000   59221000  390000000  390000000
  10      611    56844   378131    108286078789    108286456920        64800835     265083      56259     390000      50762     4    1400000   59221000  390000000  390000000
  10      611    56841   346953    108286456964    108286803917        65179011     276938      56259     390000       7760     4    1400000   59221000  390000000  390000000
  10      611    56867   439570    108286803926    108287243496        65525973     247210      56259     390000      57338     4    1400000   59221000  390000000  390000000
  10      611    56868   347197    108287243505    108287590701        65965551     224548      56259     390000      14544     4    1400000   59221000  390000000  390000000
  10      611    56844   431148    108287590710    108288021858        66312757     285029      56259     390000      55700     4    1400000   59221000  390000000  390000000
  10      611    56843   339985    108288021867    108288361851        66743913     204351      56259     390000       5694     4    1400000   59221000  390000000  390000000
  10      611    56928   416844    108288361860    108288778704        67083907     249376      56259     390000      32546     4    1400000   59221000  390000000  390000000
  10      611    56873   368078    108288778712    108289146790        67500759     249396      56259     390000      10633     4    1400000   59221000  390000000  390000000
  10      611    56872   415105    108289146799    108289561904        67868846     276865      56259     390000      35746     4    1400000   59221000  390000000  390000000
  10      611    56853   363101    108289561913    108289925014        68283959     275001      56259     390000       8856     4    1400000   59221000  390000000  390000000
  10      611    56883   398418    108289925023    108290323441        68647069     251242      56259     390000      17283     4    1400000   59221000  390000000  390000000
  10      611    56868   378401    108290323449    108290701850        69045496     270320      56259     390000       5692     4    1400000   59221000  390000000  390000000
  10      611    56881   418127    108290701858    108291119985        69423905     260077      56259     390000      33827     4    1400000   59221000  390000000  390000000
  10      611    56884   398771    108291119994    108291518764        69842040     221178      56259     390000      42607     4    1400000   59221000  390000000  390000000
  10      611    56849   353093    108291518773    108291871866        70240820     261814      56259     390000       5708     4    1400000   59221000  390000000  390000000
  10      611    56873   389977    108291871875    108292261852        70593921     281873      56259     390000       5695     4    1400000   59221000  390000000  390000000
  10      611    56883   439998    108292261861    108292701858        70983907     249364      56259     390000      55701     4    1400000   59221000  390000000  390000000
  10      611    56890   366949    108292701867    108293068816        71423914     221249      56259     390000      32658     4    1400000   59221000  390000000  390000000
  10      611    56825   379968    108293068824    108293448792        71790871     300037      56259     390000      22635     4    1400000   59221000  390000000  390000000
  10      611    56885   373050    108293448801    108293821851        72170847     232459      56259     390000       5693     4    1400000   59221000  390000000  390000000
  10      611    56877   420006    108293821860    108294241866        72543906     249321      56259     390000      35708     4    1400000   59221000  390000000  390000000
  10      611    56855   359973    108294241874    108294601847        72963921     275103      56259     390000       5690     4    1400000   59221000  390000000  390000000
  10      611    56847   389992    108294601856    108294991848        73323902     321992      56259     390000       5690     4    1400000   59221000  390000000  390000000
  10      611    56869   461817    108294991856    108295453674        73713903     271886      56259     390000      77516     4    1400000   59221000  390000000  390000000
  10      611    56846   351340    108295453682    108295805022        74175729     249456      56259     390000      38864     4    1400000   59221000  390000000  390000000
  10      611    56849   356813    108295805061    108296161874        74527107     276920      56259     390000       5716     4    1400000   59221000  390000000  390000000
  10      611    56870   401599    108296161882    108296563481        74883929     242743      56259     390000      17324     4    1400000   59221000  390000000  390000000
  10      611    56899   398788    108296563490    108296962278        75285536     242764      56259     390000      26120     4    1400000   59221000  390000000  390000000
  10      611    56840   414572    108296962286    108297376858        75684333     278530      56259     390000      50701     4    1400000   59221000  390000000  390000000
  10      611    56884   354767    108297376867    108297731634        76098914     204441      56259     390000      15476     4    1400000   59221000  390000000  390000000
  10      611    56883   398804    108297731642    108298130446        76453689     244581      56259     390000      24289     4    1400000   59221000  390000000  390000000
  10      611    56843   372182    108298130455    108298502636        76852501     263167      56259     390000       6478     4    1400000   59221000  390000000  390000000
  10      611    56839   434239    108298502646    108298936885        77224692     297988      56259     390000      50727     4    1400000   59221000  390000000  390000000
  10      611    56861   344931    108298936893    108299281824        77658940     204444      56259     390000       5667     4    1400000   59221000  390000000  390000000
  10      611    56894   389997    108299281833    108299671830        78003879     249470      56259     390000       5672     4    1400000   59221000  390000000  390000000
  10      611    56853   390007    108299671838    108300061845        78393885     282020      56259     390000       5688     4    1400000   59221000  390000000  390000000
  10      611    56883   439998    108300061854    108300501852        78783901     249406      56259     390000      55695     4    1400000   59221000  390000000  390000000
  10      611    56850   376878    108300501861    108300878739        79223907     271897      56259     390000      42581     4    1400000   59221000  390000000  390000000
  10      611    56874   353083    108300878747    108301231830        79600794     251305      56259     390000       5672     4    1400000   59221000  390000000  390000000
  10      611    56900   390029    108301231838    108301621868        79953885     249457      56259     390000       5710     4    1400000   59221000  390000000  390000000
  10      611    56868   444907    108301621876    108302066783        80343923     249425      56259     390000      60626     4    1400000   59221000  390000000  390000000
  10      611    56869   352122    108302066792    108302418913        80788838     221355      56259     390000      22756     4    1400000   59221000  390000000  390000000
  10      611    56844   372940    108302418921    108302791861        81140968     304932      56259     390000       5704     4    1400000   59221000  390000000  390000000
  10      611    56885   389977    108302791870    108303181847        81513917     249305      56259     390000       5689     4    1400000   59221000  390000000  390000000
  10      611    56870   423091    108303181856    108303604946        81903902     249434      56259     390000      38789     4    1400000   59221000  390000000  390000000
  10      611    56848   376878    108303604955    108303981832        82327001     277023      56259     390000      25675     4    1400000   59221000  390000000  390000000
  10      611    56825   399770    108303981841    108304381611        82703887     307032      56259     390000      35453     4    1400000   59221000  390000000  390000000
  10      611    56881   372123    108304381620    108304753742        83103666     224647      56259     390000      17585     4    1400000   59221000  390000000  390000000
  10      611    56860   406141    108304753797    108305159938        83475844     269892      56259     390000      33781     4    1400000   59221000  390000000  390000000
  10      611    56857   361950    108305159947    108305521897        83881993     281842      56259     390000       5740     4    1400000   59221000  390000000  390000000
  10      611    56843   389922    108305521906    108305911827        84243952     305060      56259     390000       5670     4    1400000   59221000  390000000  390000000
  10      611    56865   390014    108305911836    108306301850        84633883     277014      56259     390000       5692     4    1400000   59221000  390000000  390000000
  10      611    56869   418111    108306301858    108306719969        85023905     281951      56259     390000      33811     4    1400000   59221000  390000000  390000000
  10      611    56885   361874    108306719977    108307081851        85442024     221327      56259     390000       5694     4    1400000   59221000  390000000  390000000
  10      611    56898   401636    108307081860    108307483496        85803906     249292      56259     390000      17338     4    1400000   59221000  390000000  390000000
  10      611    56873   385266    108307483504    108307868770        86205551     265266      56259     390000      12613     4    1400000   59221000  390000000  390000000
  10      611    56885   449977    108307868779    108308318756        86590825     265087      56259     390000      72598     4    1400000   59221000  390000000  390000000
  10      611    56886   344933    108308318764    108308663697        87040811     204426      56259     390000      27539     4    1400000   59221000  390000000  390000000
  10      611    56914   375079    108308663705    108309038784        87385752     249417      56259     390000      12626     4    1400000   59221000  390000000  390000000
  10      611    56848   383044    108309038793    108309421836        87760839     270033      56259     390000       5679     4    1400000   59221000  390000000  390000000
  10      611    56902   461863    108309421845    108309883708        88143892     249330      56259     390000      77551     4    1400000   59221000  390000000  390000000
  10      611    56849   338138    108309883717    108310221855        88605763     204266      56259     390000      25697     4    1400000   59221000  390000000  390000000
  10      611    56889   369984    108310221864    108310591848        88943910     251299      56259     390000       5690     4    1400000   59221000  390000000  390000000
  10      611    56888   392954    108310591856    108310984811        89313903     249441      56259     390000       8653     4    1400000   59221000  390000000  390000000
  10      611    56899   445640    108310984819    108311430459        89706866     246386      56259     390000      64302     4    1400000   59221000  390000000  390000000
  10      611    56854   358223    108311430468    108311788690        90152514     190863      56259     390000      32533     4    1400000   59221000  390000000  390000000
