#idx     perf      run   period           start             end          rel_st      slack c_duration   c_period     wu_lat   cpu       freq dl_runtime  dl_period dl_deadline
   1      502    46737   219961      9361601198      9361821159          764339     172502      46264     220000         44     5    1400000   48699000  220000000  220000000
   1      502    46733   219994      9361821168      9362041162          984309     172721      46264     220000         47     5    1400000   48699000  220000000  220000000
   1      502    46733   219989      9362041172      9362261161         1204312     172789      46264     220000         46     5    1400000   48699000  220000000  220000000
   1      502    46743   219989      9362261170      9362481159         1424311     172704      46264     220000         44     4    1400000   48699000  220000000  220000000
   1      502    46759   250078      9362481168      9362731246         1644308     122647      46264     220000      30131     4    1400000   48699000  220000000  220000000
   1      502    46742   189926      9362731254      9362921180         1894395     142639      46264     220000         65     4    1400000   48699000  220000000  220000000
   1      502    46740   219971      9362921189      9363141161         2084330     172698      46264     220000         46     4    1400000   48699000  220000000  220000000
   1      502    46742   219996      9363141169      9363361165         2304310     172734      46264     220000         50     4    1400000   48699000  220000000  220000000
   1      502    46737   270037      9363361174      9363631211         2524315     172720      46264     220000      50096     4    1400000   48699000  220000000  220000000
   1      502    46735   180039      9363631219      9363811258         2794360     122674      46264     220000      10143     4    1400000   48699000  220000000  220000000
   1      502    46735   209901      9363811266      9364021167         2974407     162675      46264     220000         52     4    1400000   48699000  220000000  220000000
   1      502    46738   220002      9364021176      9364241178         3184317     172734      46264     220000         63     4    1400000   48699000  220000000  220000000
   1      502    46738   219981      9364241187      9364461168         3404328     172707      46264     220000         53     4    1400000   48699000  220000000  220000000
   1      502    46756   250098      9364461177      9364711275         3624318     122654      46264     220000      30160     4    1400000   48699000  220000000  220000000
   1      502    46741   189881      9364711284      9364901165         3874425     142623      46264     220000         50     4    1400000   48699000  220000000  220000000
   1      502    46734   219993      9364901174      9365121167         4064315     172768      46264     220000         52     4    1400000   48699000  220000000  220000000
   1      502    46740   219993      9365121176      9365341170         4284317     172717      46264     220000         55     4    1400000   48699000  220000000  220000000
   1      502    46758   270029      9365341179      9365611207         4504319     122646      46264     220000      50093     4    1400000   48699000  220000000  220000000
   1      502    46738   180087      9365611216      9365791303         4774357     122725      46264     220000      10189     4    1400000   48699000  220000000  220000000
   1      502    46739   209849      9365791312      9366001161         4954453     162579      46264     220000         46     4    1400000   48699000  220000000  220000000
   1      502    46737   219995      9366001170      9366221165         5164311     172752      46264     220000         50     4    1400000   48699000  220000000  220000000
   1      502    46739   219979      9366221174      9366441153         5384315     172708      46264     220000         37     4    1400000   48699000  220000000  220000000
   1      502    46755   250089      9366441163      9366691252         5604304     122678      46264     220000      30137     4    1400000   48699000  220000000  220000000
   1      502    46735   189867      9366691305      9366881172         5854446     142641      46264     220000         57     4    1400000   48699000  220000000  220000000
   1      502    46739   219984      9366881181      9367101166         6044322     172712      46264     220000         51     4    1400000   48699000  220000000  220000000
   1      502    46743   219991      9367101175      9367321165         6264315     172701      46264     220000         50     4    1400000   48699000  220000000  220000000
   1      502    46752   270030      9367321174      9367591204         6484315     122661      46264     220000      50089     4    1400000   48699000  220000000  220000000
   1      502    46741   180052      9367591213      9367771265         6754353     122674      46264     220000      10150     4    1400000   48699000  220000000  220000000
   1      502    46739   209900      9367771274      9367981174         6934415     162653      46264     220000         59     4    1400000   48699000  220000000  220000000
   1      502    46739   219987      9367981184      9368201171         7144324     172697      46264     220000         56     4    1400000   48699000  220000000  220000000
   1      502    46740   219978      9368201180      9368421159         7364321     172708      46264     220000         43     4    1400000   48699000  220000000  220000000
   1      502    46753   250067      9368421167      9368671235         7584308     122710      46264     220000      30120     4    1400000   48699000  220000000  220000000
   1      502    46743   189905      9368671244      9368861149         7834384     142650      46264     220000         34     4    1400000   48699000  220000000  220000000
   1      502    46735   220001      9368861158      9369081159         8024299     172750      46264     220000         44     4    1400000   48699000  220000000  220000000
   1      502    46736   219999      9369081168      9369301167         8244309     172755      46264     220000         52     4    1400000   48699000  220000000  220000000
   1      502    46763   270047      9369301176      9369571223         8464316     122619      46264     220000      50108     4    1400000   48699000  220000000  220000000
   1      502    46735   179996      9369571231      9369751228         8734372     122713      46264     220000      10113     4    1400000   48699000  220000000  220000000
   1      502    46736   209922      9369751237      9369961158         8914377     162653      46264     220000         43     4    1400000   48699000  220000000  220000000
   1      502    46740   219998      9369961168      9370181165         9124308     172725      46264     220000         50     4    1400000   48699000  220000000  220000000
   1      502    46735   219985      9370181174      9370401160         9344315     172770      46264     220000         44     4    1400000   48699000  220000000  220000000
   1      502    46757   250119      9370401169      9370651287         9564309     122654      46264     220000      30172     4    1400000   48699000  220000000  220000000
   1      502    46738   189884      9370651296      9370841179         9814436     142614      46264     220000         64     4    1400000   48699000  220000000  220000000
   1      502    46740   219978      9370841189      9371061167        10004329     172702      46264     220000         51     4    1400000   48699000  220000000  220000000
   1      502    46746   219990      9371061176      9371281165        10224316     172694      46264     220000         50     4    1400000   48699000  220000000  220000000
   1      502    46736   270065      9371281174      9371551239        10444315     172761      46264     220000      50124     4    1400000   48699000  220000000  220000000
   1      502    46737   180023      9371551248      9371731271        10714389     122605      46264     220000      10157     4    1400000   48699000  220000000  220000000
   1      502    46742   209885      9371731280      9371941165        10894421     162615      46264     220000         50     4    1400000   48699000  220000000  220000000
   1      502    46741   219965      9371941206      9372161172        11104347     172684      46264     220000         56     4    1400000   48699000  220000000  220000000
   1      502    46745   219978      9372161181      9372381158        11324321     172702      46264     220000         43     4    1400000   48699000  220000000  220000000
   1      502    46762   250050      9372381167      9372631217        11544308     122615      46264     220000      30102     4    1400000   48699000  220000000  220000000
   1      502    46739   189923      9372631226      9372821149        11794366     142671      46264     220000         34     4    1400000   48699000  220000000  220000000
   1      502    46741   220002      9372821158      9373041160        11984298     172745      46264     220000         45     4    1400000   48699000  220000000  220000000
   1      502    46736   219997      9373041169      9373261166        12204310     172778      46264     220000         51     4    1400000   48699000  220000000  220000000
   1      502    46761   270057      9373261175      9373531232        12424315     122645      46264     220000      50117     4    1400000   48699000  220000000  220000000
   1      502    46740   179943      9373531240      9373711183        12694381     122654      46264     220000      10068     4    1400000   48699000  220000000  220000000
   1      502    46738   209974      9373711191      9373921165        12874332     162724      46264     220000         50     4    1400000   48699000  220000000  220000000
   1      502    46740   219986      9373921174      9374141160        13084315     172719      46264     220000         45     4    1400000   48699000  220000000  220000000
   1      502    46738   219995      9374141169      9374361165        13304310     172738      46264     220000         50     4    1400000   48699000  220000000  220000000
   1      502    46757   250101      9374361174      9374611275        13524314     122652      46264     220000      30160     4    1400000   48699000  220000000  220000000
   1      502    46740   189891      9374611283      9374801174        13774424     142592      46264     220000         59     4    1400000   48699000  220000000  220000000
   1      502    46744   219982      9374801183      9375021166        13964324     172711      46264     220000         51     4    1400000   48699000  220000000  220000000
   1      502    46743   219991      9375021175      9375241165        14184316     172709      46264     220000         50     4    1400000   48699000  220000000  220000000
   1      502    46744   269937      9375241174      9375511112        14404315     172686      46264     220000      49997     4    1400000   48699000  220000000  220000000
   1      502    46733   180139      9375511120      9375691259        14674261     122784      46264     220000      10144     4    1400000   48699000  220000000  220000000
   1      502    46740   209893      9375691267      9375901160        14854408     162623      46264     220000         45     4    1400000   48699000  220000000  220000000
   1      502    46740   220005      9375901169      9376121174        15064310     172740      46264     220000         59     4    1400000   48699000  220000000  220000000
   1      502    46741   219976      9376121183      9376341159        15284324     172704      46264     220000         44     4    1400000   48699000  220000000  220000000
   1      502    46760   256072      9376341168      9376597240        15504309     122630      46264     220000      36125     4    1400000   48699000  220000000  220000000
   1      502    46734   183902      9376597250      9376781152        15760391     136696      46264     220000         37     4    1400000   48699000  220000000  220000000
   1      502    46742   220012      9376781161      9377001173        15944301     172711      46264     220000         58     4    1400000   48699000  220000000  220000000
   1      502    46746   219935      9377001223      9377221158        16164364     172641      46264     220000         43     4    1400000   48699000  220000000  220000000
   1      502    46746   270077      9377221168      9377491244        16384308     172689      46264     220000      50130     4    1400000   48699000  220000000  220000000
   1      502    46740   179980      9377491253      9377671233        16654394     122642      46264     220000      10119     4    1400000   48699000  220000000  220000000
   1      502    46735   209923      9377671242      9377881165        16834383     162676      46264     220000         50     4    1400000   48699000  220000000  220000000
   1      502    46738   219992      9377881174      9378101166        17044315     172707      46264     220000         51     4    1400000   48699000  220000000  220000000
   1      502    46739   219984      9378101175      9378321160        17264316     172712      46264     220000         45     4    1400000   48699000  220000000  220000000
   1      502    46755   250156      9378321169      9378571325        17484309     122719      46264     220000      30210     4    1400000   48699000  220000000  220000000
   1      502    46744   189845      9378571333      9378761178        17734474     142565      46264     220000         63     4    1400000   48699000  220000000  220000000
   1      502    46742   219971      9378761187      9378981158        17924327     172681      46264     220000         43     4    1400000   48699000  220000000  220000000
   1      502    46742   219993      9378981167      9379201160        18144308     172753      46264     220000         44     4    1400000   48699000  220000000  220000000
   1      502    46759   269990      9379201169      9379471158        18364309     122627      46264     220000      50044     4    1400000   48699000  220000000  220000000
   1      502    46735   180097      9379471167      9379651264        18634308     122774      46264     220000      10150     4    1400000   48699000  220000000  220000000
   1      502    46743   209893      9379651273      9379861166        18814414     162614      46264     220000         51     4    1400000   48699000  220000000  220000000
   1      502    46742   219996      9379861175      9380081171        19024316     172697      46264     220000         55     4    1400000   48699000  220000000  220000000
   1      502    46742   219979      9380081180      9380301158        19244320     172717      46264     220000         43     4    1400000   48699000  220000000  220000000
   1      502    46759   250081      9380301167      9380551248        19464308     122626      46264     220000      30133     4    1400000   48699000  220000000  220000000
   1      502    46737   189916      9380551257      9380741173        19714398     142666      46264     220000         57     4    1400000   48699000  220000000  220000000
   1      502    46739   219988      9380741181      9380961169        19904322     172710      46264     220000         54     4    1400000   48699000  220000000  220000000
   1      502    46739   219982      9380961178      9381181159        20124318     172720      46264     220000         44     4    1400000   48699000  220000000  220000000
   1      502    46758   270064      9381181168      9381451233        20344309     122739      46264     220000      50118     4    1400000   48699000  220000000  220000000
   1      502    46742   180009      9381451241      9381631250        20614382     122654      46264     220000      10135     4    1400000   48699000  220000000  220000000
   1      502    46745   209901      9381631259      9381841160        20794399     162604      46264     220000         45     4    1400000   48699000  220000000  220000000
   1      502    46735   219997      9381841169      9382061165        21004310     172790      46264     220000         50     4    1400000   48699000  220000000  220000000
   1      502    46733   219986      9382061174      9382281160        21224315     172749      46264     220000         45     4    1400000   48699000  220000000  220000000
   1      502    46759   250108      9382281199      9382531307        21444340     122690      46264     220000      30192     4    1400000   48699000  220000000  220000000
   1      502    46739   189854      9382531316      9382721170        21694456     142590      46264     220000         55     4    1400000   48699000  220000000  220000000
   1      502    46745   219981      9382721179      9382941160        21884319     172674      46264     220000         45     4    1400000   48699000  220000000  220000000
   1      502    46738   219990      9382941169      9383161159        22104310     172738      46264     220000         44     4    1400000   48699000  220000000  220000000
   1      502    46743   270048      9383161168      9383431216        22324308     172697      46264     220000      50101     4    1400000   48699000  220000000  220000000
   1      502    46741   180025      9383431224      9383611250        22594365     122681      46264     220000      10135     4    1400000   48699000  220000000  220000000
   1      502    46739   209910      9383611258      9383821168        22774399     162640      46264     220000         53     4    1400000   48699000  220000000  220000000
   1      502    46742   220000      9383821177      9384041177        22984318     172706      46264     220000         62     4    1400000   48699000  220000000  220000000
   1      502    46743   219973      9384041186      9384261159        23204326     172716      46264     220000         44     4    1400000   48699000  220000000  220000000
   1      502    46758   250057      9384261168      9384511225        23424308     122633      46264     220000      30110     4    1400000   48699000  220000000  220000000
   1      502    46742   189931      9384511234      9384701165        23674374     142672      46264     220000         50     4    1400000   48699000  220000000  220000000
   1      502    46736   219976      9384701174      9384921149        23864314     172768      46264     220000         34     4    1400000   48699000  220000000  220000000
   1      502    46738   220003      9384921158      9385141161        24084299     172722      46264     220000         46     4    1400000   48699000  220000000  220000000
   1      502    46761   270085      9385141170      9385411254        24304310     122706      46264     220000      50139     4    1400000   48699000  220000000  220000000
   1      502    46739   180047      9385411263      9385591309        24574404     122597      46264     220000      10195     4    1400000   48699000  220000000  220000000
   1      502    46735   209840      9385591318      9385801158        24754459     162541      46264     220000         43     4    1400000   48699000  220000000  220000000
   1      502    46735   219984      9385801167      9386021152        24964308     172795      46264     220000         36     4    1400000   48699000  220000000  220000000
   1      502    46741   219998      9386021160      9386241159        25184301     172724      46264     220000         44     4    1400000   48699000  220000000  220000000
   1      502    46761   250093      9386241168      9386491261        25404309     122672      46264     220000      30146     4    1400000   48699000  220000000  220000000
   1      502    46736   189904      9386491270      9386681174        25654410     142665      46264     220000         58     4    1400000   48699000  220000000  220000000
   1      502    46744   219983      9386681183      9386901166        25844324     172686      46264     220000         51     4    1400000   48699000  220000000  220000000
   1      502    46742   219991      9386901175      9387121165        26064315     172692      46264     220000         50     4    1400000   48699000  220000000  220000000
   1      502    46758   270058      9387121174      9387391232        26284315     122665      46264     220000      50118     4    1400000   48699000  220000000  220000000
   1      502    46740   179979      9387391271      9387571249        26554412     122623      46264     220000      10135     4    1400000   48699000  220000000  220000000
   1      502    46738   209908      9387571258      9387781166        26734399     162682      46264     220000         51     4    1400000   48699000  220000000  220000000
   1      502    46740   220002      9387781175      9388001177        26944316     172720      46264     220000         62     4    1400000   48699000  220000000  220000000
   1      502    46747   219973      9388001186      9388221159        27164327     172680      46264     220000         44     4    1400000   48699000  220000000  220000000
   1      502    46755   250092      9388221167      9388471259        27384308     122668      46264     220000      30144     4    1400000   48699000  220000000  220000000
   1      502    46744   189899      9388471268      9388661167        27634408     142620      46264     220000         52     4    1400000   48699000  220000000  220000000
   1      502    46739   219975      9388661176      9388881151        27824316     172770      46264     220000         36     4    1400000   48699000  220000000  220000000
   1      502    46742   219994      9388881160      9389101153        28044300     172712      46264     220000         38     4    1400000   48699000  220000000  220000000
   1      502    46761   270058      9389101162      9389371220        28264303     122642      46264     220000      50105     4    1400000   48699000  220000000  220000000
   1      502    46734   180044      9389371229      9389551273        28534369     122714      46264     220000      10158     4    1400000   48699000  220000000  220000000
   1      502    46743   209885      9389551282      9389761166        28714422     162606      46264     220000         51     4    1400000   48699000  220000000  220000000
   1      502    46745   219983      9389761175      9389981158        28924316     172725      46264     220000         43     4    1400000   48699000  220000000  220000000
   1      502    46735   219991      9389981167      9390201158        29144308     172766      46264     220000         43     4    1400000   48699000  220000000  220000000
   1      502    46753   250116      9390201167      9390451283        29364308     122664      46264     220000      30168     4    1400000   48699000  220000000  220000000
   1      502    46737   189888      9390451291      9390641179        29614432     142656      46264     220000         63     4    1400000   48699000  220000000  220000000
   1      502    46746   219979      9390641188      9390861167        29804329     172690      46264     220000         51     4    1400000   48699000  220000000  220000000
   1      502    46744   219989      9390861176      9391081165        30024316     172688      46264     220000         50     4    1400000   48699000  220000000  220000000
   1      502    46736   270037      9391081174      9391351211        30244315     172762      46264     220000      50097     4    1400000   48699000  220000000  220000000
   1      502    46742   180056      9391351220      9391531276        30514361     122665      46264     220000      10161     4    1400000   48699000  220000000  220000000
   1      502    46738   209875      9391531284      9391741159        30694425     162618      46264     220000         44     4    1400000   48699000  220000000  220000000
   1      502    46744   219999      9391741168      9391961167        30904309     172703      46264     220000         52     4    1400000   48699000  220000000  220000000
   1      502    46743   219986      9391961177      9392181162        31124317     172691      46264     220000         47     4    1400000   48699000  220000000  220000000
   1      502    46757   250088      9392181173      9392431261        31344313     122695      46264     220000      30146     4    1400000   48699000  220000000  220000000
   1      502    46738   189880      9392431269      9392621150        31594410     142630      46264     220000         35     4    1400000   48699000  220000000  220000000
   1      502    46741   219975      9392621192      9392841168        31784333     172683      46264     220000         52     4    1400000   48699000  220000000  220000000
   1      502    46740   219973      9392841177      9393061150        32004317     172727      46264     220000         35     4    1400000   48699000  220000000  220000000
   1      502    46764   270075      9393061159      9393331233        32224299     122655      46264     220000      50118     4    1400000   48699000  220000000  220000000
   1      502    46734   179972      9393331242      9393511214        32494382     122705      46264     220000      10099     4    1400000   48699000  220000000  220000000
   1      502    46736   209943      9393511222      9393721165        32674363     162650      46264     220000         50     4    1400000   48699000  220000000  220000000
   1      502    46740   219991      9393721174      9393941165        32884315     172721      46264     220000         50     4    1400000   48699000  220000000  220000000
   1      502    46740   219992      9393941174      9394161167        33104315     172751      46264     220000         52     4    1400000   48699000  220000000  220000000
   1      502    46756   250072      9394161175      9394411248        33324316     122662      46264     220000      30133     4    1400000   48699000  220000000  220000000
   1      502    46737   189914      9394411256      9394601170        33574397     142661      46264     220000         54     4    1400000   48699000  220000000  220000000
   1      502    46740   219987      9394601179      9394821166        33764319     172734      46264     220000         51     4    1400000   48699000  220000000  220000000
   1      502    46741   219992      9394821174      9395041166        33984315     172706      46264     220000         51     4    1400000   48699000  220000000  220000000
   1      502    46753   270020      9395041175      9395311195        34204316     122713      46264     220000      50080     4    1400000   48699000  220000000  220000000
   1      502    46736   180110      9395311204      9395491313        34474344     122710      46264     220000      10199     4    1400000   48699000  220000000  220000000
   1      502    46746   209843      9395491322      9395701165        34654463     162553      46264     220000         50     4    1400000   48699000  220000000  220000000
   1      502    46743   219987      9395701174      9395921161        34864315     172723      46264     220000         46     4    1400000   48699000  220000000  220000000
   1      502    46750   219988      9395921171      9396141159        35084311     172593      46264     220000         43     4    1400000   48699000  220000000  220000000
   1      502    46758   250035      9396141168      9396391203        35304308     122622      46264     220000      30088     4    1400000   48699000  220000000  220000000
   1      502    46740   189938      9396391211      9396581149        35554352     142693      46264     220000         34     4    1400000   48699000  220000000  220000000
   1      502    46744   220007      9396581158      9396801166        35744299     172715      46264     220000         50     4    1400000   48699000  220000000  220000000
   1      502    46735   219977      9396801174      9397021152        35964315     172781      46264     220000         36     4    1400000   48699000  220000000  220000000
   1      502    46762   270087      9397021161      9397291248        36184301     122667      46264     220000      50133     4    1400000   48699000  220000000  220000000
   1      502    46742   179963      9397291257      9397471220        36454397     122632      46264     220000      10105     4    1400000   48699000  220000000  220000000
   1      502    46742   209938      9397471228      9397681167        36634369     162664      46264     220000         51     4    1400000   48699000  220000000  220000000
   1      502    46740   219946      9397681214      9397901160        36844354     172706      46264     220000         44     4    1400000   48699000  220000000  220000000
   1      502    46744   219991      9397901169      9398121160        37064310     172718      46264     220000         45     4    1400000   48699000  220000000  220000000
   1      502    46759   250095      9398121169      9398371264        37284310     122658      46264     220000      30149     4    1400000   48699000  220000000  220000000
   1      502    46743   189904      9398371273      9398561177        37534413     142624      46264     220000         61     4    1400000   48699000  220000000  220000000
   1      502    46740   219979      9398561186      9398781166        37724327     172722      46264     220000         50     4    1400000   48699000  220000000  220000000
   1      502    46740   219990      9398781175      9399001165        37944315     172704      46264     220000         50     4    1400000   48699000  220000000  220000000
   1      502    46747   269973      9399001174      9399271147        38164315     172674      46264     220000      50032     4    1400000   48699000  220000000  220000000
   1      502    46735   180109      9399271156      9399451265        38434297     122751      46264     220000      10150     4    1400000   48699000  220000000  220000000
   1      502    46742   209894      9399451273      9399661168        38614414     162627      46264     220000         52     4    1400000   48699000  220000000  220000000
   1      502    46742   220010      9399661176      9399881186        38824317     172699      46264     220000         71     4    1400000   48699000  220000000  220000000
   1      502    46744   219963      9399881195      9400101159        39044336     172674      46264     220000         44     4    1400000   48699000  220000000  220000000
   1      502    46756   250057      9400101168      9400351225        39264308     122671      46264     220000      30110     4    1400000   48699000  220000000  220000000
   1      502    46733   189916      9400351233      9400541149        39514374     142652      46264     220000         34     4    1400000   48699000  220000000  220000000
   1      502    46742   220000      9400541158      9400761158        39704299     172722      46264     220000         43     4    1400000   48699000  220000000  220000000
   1      502    46741   219994      9400761167      9400981161        39924308     172718      46264     220000         46     4    1400000   48699000  220000000  220000000
   1      502    46767   270069      9400981171      9401251240        40144312     122612      46264     220000      50125     4    1400000   48699000  220000000  220000000
   1      502    46740   179995      9401251249      9401431244        40414389     122653      46264     220000      10129     4    1400000   48699000  220000000  220000000
   1      502    46739   209913      9401431253      9401641166        40594394     162674      46264     220000         51     4    1400000   48699000  220000000  220000000
   1      502    46741   219990      9401641175      9401861165        40804316     172713      46264     220000         50     4    1400000   48699000  220000000  220000000
   1      502    46746   219986      9401861174      9402081160        41024315     172700      46264     220000         45     4    1400000   48699000  220000000  220000000
   1      502    46754   250107      9402081169      9402331276        41244310     122754      46264     220000      30161     4    1400000   48699000  220000000  220000000
   1      502    46737   189894      9402331284      9402521178        41494425     142611      46264     220000         63     4    1400000   48699000  220000000  220000000
   1      502    46743   219978      9402521187      9402741166        41684328     172693      46264     220000         51     4    1400000   48699000  220000000  220000000
   1      502    46737   219976      9402741175      9402961150        41904315     172730      46264     220000         35     4    1400000   48699000  220000000  220000000
   1      502    46761   269985      9402961191      9403231176        42124331     122601      46264     220000      50061     4    1400000   48699000  220000000  220000000
   1      502    46741   180140      9403231185      9403411325        42394325     122725      46264     220000      10210     4    1400000   48699000  220000000  220000000
   1      502    46736   209827      9403411334      9403621160        42574474     162510      46264     220000         45     4    1400000   48699000  220000000  220000000
   1      502    46747   220000      9403621169      9403841170        42784310     172710      46264     220000         55     4    1400000   48699000  220000000  220000000
   1      502    46742   219981      9403841179      9404061160        43004320     172719      46264     220000         45     4    1400000   48699000  220000000  220000000
   1      502    46757   250097      9404061169      9404311266        43224310     122636      46264     220000      30151     4    1400000   48699000  220000000  220000000
   1      502    46741   189891      9404311275      9404501165        43474415     142616      46264     220000         50     4    1400000   48699000  220000000  220000000
   1      502    46741   219984      9404501174      9404721158        43664315     172713      46264     220000         43     4    1400000   48699000  220000000  220000000
   1      502    46738   219992      9404721167      9404941159        43884308     172722      46264     220000         43     4    1400000   48699000  220000000  220000000
   1      502    46757   270079      9404941168      9405211246        44104308     122663      46264     220000      50132     4    1400000   48699000  220000000  220000000
   1      502    46738   180031      9405211255      9405391286        44374396     122651      46264     220000      10171     4    1400000   48699000  220000000  220000000
   1      502    46739   209871      9405391294      9405601165        44554435     162610      46264     220000         50     4    1400000   48699000  220000000  220000000
   1      502    46737   219992      9405601174      9405821166        44764315     172779      46264     220000         51     4    1400000   48699000  220000000  220000000
   1      502    46736   219976      9405821175      9406041150        44984315     172770      46264     220000         35     4    1400000   48699000  220000000  220000000
   1      502    46757   250126      9406041159      9406291286        45204300     122672      46264     220000      30171     4    1400000   48699000  220000000  220000000
   1      502    46739   189873      9406291294      9406481167        45454435     142628      46264     220000         52     4    1400000   48699000  220000000  220000000
   1      502    46747   220000      9406481176      9406701176        45644317     172703      46264     220000         60     4    1400000   48699000  220000000  220000000
   1      502    46741   219974      9406701185      9406921158        45864326     172741      46264     220000         43     4    1400000   48699000  220000000  220000000
   1      502    46740   270060      9406921167      9407191228        46084308     172696      46264     220000      50113     4    1400000   48699000  220000000  220000000
   1      502    46742   180013      9407191237      9407371250        46354377     122651      46264     220000      10135     4    1400000   48699000  220000000  220000000
   1      502    46737   209891      9407371259      9407581150        46534400     162677      46264     220000         35     4    1400000   48699000  220000000  220000000
   1      502    46740   220020      9407581159      9407801179        46744300     172707      46264     220000         64     4    1400000   48699000  220000000  220000000
   1      502    46745   219972      9407801189      9408021160        46964329     172697      46264     220000         45     4    1400000   48699000  220000000  220000000
   1      502    46758   250045      9408021207      9408271252        47184348     122557      46264     220000      30138     4    1400000   48699000  220000000  220000000
   1      502    46738   189904      9408271261      9408461165        47434402     142660      46264     220000         50     4    1400000   48699000  220000000  220000000
   1      502    46735   219991      9408461174      9408681165        47624315     172765      46264     220000         50     4    1400000   48699000  220000000  220000000
   1      502    46739   219976      9408681174      9408901150        47844315     172705      46264     220000         35     4    1400000   48699000  220000000  220000000
   1      502    46747   270003      9408901159      9409171162        48064299     172690      46264     220000      50047     4    1400000   48699000  220000000  220000000
   1      502    46737   180104      9409171170      9409351274        48334311     122738      46264     220000      10160     4    1400000   48699000  220000000  220000000
   1      502    46744   209875      9409351284      9409561159        48514424     162591      46264     220000         44     4    1400000   48699000  220000000  220000000
   1      502    46735   219991      9409561168      9409781158        48724308     172803      46264     220000         43     4    1400000   48699000  220000000  220000000
   1      502    46741   220000      9409781167      9410001167        48944308     172714      46264     220000         51     4    1400000   48699000  220000000  220000000
   1      502    46758   250086      9410001176      9410251261        49164316     122630      46264     220000      30147     4    1400000   48699000  220000000  220000000
   1      502    46739   189908      9410251270      9410441178        49414410     142662      46264     220000         63     4    1400000   48699000  220000000  220000000
   1      502    46745   219978      9410441187      9410661165        49604328     172688      46264     220000         50     4    1400000   48699000  220000000  220000000
   1      502    46742   219986      9410661174      9410881160        49824315     172693      46264     220000         45     4    1400000   48699000  220000000  220000000
   1      502    46740   270043      9410881169      9411151212        50044310     172708      46264     220000      50097     4    1400000   48699000  220000000  220000000
   1      502    46744   180039      9411151220      9411331260        50314361     122670      46264     220000      10145     4    1400000   48699000  220000000  220000000
   1      502    46737   209899      9411331268      9411541167        50494409     162660      46264     220000         52     4    1400000   48699000  220000000  220000000
   1      502    46745   220002      9411541176      9411761178        50704317     172718      46264     220000         63     4    1400000   48699000  220000000  220000000
   1      502    46741   219973      9411761188      9411981160        50924328     172696      46264     220000         45     4    1400000   48699000  220000000  220000000
   1      502    46754   250092      9411981169      9412231261        51144310     122683      46264     220000      30146     4    1400000   48699000  220000000  220000000
   1      502    46742   189889      9412231270      9412421159        51394411     142628      46264     220000         44     4    1400000   48699000  220000000  220000000
   1      502    46742   220003      9412421168      9412641171        51584309     172732      46264     220000         55     4    1400000   48699000  220000000  220000000
   1      502    46741   219987      9412641180      9412861167        51804320     172706      46264     220000         52     4    1400000   48699000  220000000  220000000
   1      502    46759   270060      9412861176      9413131236        52024316     122623      46264     220000      50121     4    1400000   48699000  220000000  220000000
   1      502    46735   180023      9413131245      9413311268        52294386     122695      46264     220000      10153     4    1400000   48699000  220000000  220000000
   1      502    46741   209861      9413311306      9413521167        52474447     162568      46264     220000         52     4    1400000   48699000  220000000  220000000
   1      502    46740   219990      9413521176      9413741166        52684317     172721      46264     220000         51     4    1400000   48699000  220000000  220000000
   1      502    46738   219983      9413741175      9413961158        52904316     172753      46264     220000         43     4    1400000   48699000  220000000  220000000
   1      502    46752   250108      9413961168      9414211276        53124308     122654      46264     220000      30161     4    1400000   48699000  220000000  220000000
   1      502    46734   189889      9414211284      9414401173        53374425     142668      46264     220000         58     4    1400000   48699000  220000000  220000000
   1      502    46742   219983      9414401182      9414621165        53564323     172698      46264     220000         50     4    1400000   48699000  220000000  220000000
   1      502    46744   219991      9414621174      9414841165        53784315     172685      46264     220000         50     4    1400000   48699000  220000000  220000000
   1      502    46735   270037      9414841174      9415111211        54004315     172778      46264     220000      50096     4    1400000   48699000  220000000  220000000
   1      502    46742   180036      9415111220      9415291256        54274361     122662      46264     220000      10141     4    1400000   48699000  220000000  220000000
   1      502    46742   209902      9415291264      9415501166        54454405     162635      46264     220000         51     4    1400000   48699000  220000000  220000000
   1      502    46744   220005      9415501176      9415721180        54664316     172711      46264     220000         65     4    1400000   48699000  220000000  220000000
   1      502    46746   219970      9415721189      9415941159        54884330     172690      46264     220000         44     4    1400000   48699000  220000000  220000000
   1      502    46755   250065      9415941168      9416191233        55104309     122700      46264     220000      30118     4    1400000   48699000  220000000  220000000
   1      502    46742   189909      9416191241      9416381150        55354382     142679      46264     220000         35     4    1400000   48699000  220000000  220000000
   1      502    46740   220007      9416381159      9416601167        55544300     172724      46264     220000         52     4    1400000   48699000  220000000  220000000
   1      502    46740   219993      9416601176      9416821169        55764316     172731      46264     220000         54     4    1400000   48699000  220000000  220000000
   1      502    46759   270049      9416821178      9417091227        55984319     122653      46264     220000      50113     4    1400000   48699000  220000000  220000000
   1      502    46733   179976      9417091237      9417271212        56254377     122713      46264     220000      10097     4    1400000   48699000  220000000  220000000
   1      502    46735   209945      9417271221      9417481166        56434361     162677      46264     220000         51     4    1400000   48699000  220000000  220000000
   1      502    46739   219993      9417481175      9417701167        56644315     172709      46264     220000         52     4    1400000   48699000  220000000  220000000
   1      502    46734   219989      9417701176      9417921165        56864317     172736      46264     220000         50     4    1400000   48699000  220000000  220000000
   1      502    46752   250084      9417921174      9418171258        57084315     122663      46264     220000      30143     4    1400000   48699000  220000000  220000000
   1      502    46740   189904      9418171267      9418361171        57334408     142626      46264     220000         56     4    1400000   48699000  220000000  220000000
   1      502    46741   219956      9418361210      9418581166        57524351     172689      46264     220000         51     4    1400000   48699000  220000000  220000000
   1      502    46738   219990      9418581175      9418801165        57744316     172710      46264     220000         50     4    1400000   48699000  220000000  220000000
   1      502    46756   270059      9418801174      9419071233        57964315     122685      46264     220000      50118     4    1400000   48699000  220000000  220000000
   1      502    46736   180030      9419071242      9419251272        58234383     122667      46264     220000      10157     4    1400000   48699000  220000000  220000000
   1      502    46738   209888      9419251280      9419461168        58414421     162609      46264     220000         52     4    1400000   48699000  220000000  220000000
   1      502    46744   219995      9419461178      9419681172        58624318     172713      46264     220000         57     4    1400000   48699000  220000000  220000000
   1      502    46745   219978      9419681182      9419901160        58844322     172693      46264     220000         44     4    1400000   48699000  220000000  220000000
   1      502    46759   250018      9419901168      9420151186        59064309     122623      46264     220000      30071     4    1400000   48699000  220000000  220000000
   1      502    46736   189955      9420151195      9420341149        59314335     142727      46264     220000         34     4    1400000   48699000  220000000  220000000
   1      502    46740   220010      9420341158      9420561169        59504299     172728      46264     220000         53     4    1400000   48699000  220000000  220000000
   1      502    46738   219990      9420561177      9420781167        59724318     172770      46264     220000         52     4    1400000   48699000  220000000  220000000
   1      502    46761   270053      9420781176      9421051229        59944317     122610      46264     220000      50114     4    1400000   48699000  220000000  220000000
   1      502    46744   179955      9421051238      9421231192        60214378     122654      46264     220000      10078     4    1400000   48699000  220000000  220000000
   1      502    46739   209957      9421231201      9421441159        60394342     162724      46264     220000         43     4    1400000   48699000  220000000  220000000
   1      502    46739   219991      9421441168      9421661158        60604308     172735      46264     220000         43     4    1400000   48699000  220000000  220000000
   1      502    46743   219992      9421661167      9421881159        60824308     172702      46264     220000         44     4    1400000   48699000  220000000  220000000
   1      502    46758   250099      9421881169      9422131268        61044309     122643      46264     220000      30153     4    1400000   48699000  220000000  220000000
   1      502    46742   189896      9422131277      9422321173        61294417     142622      46264     220000         58     4    1400000   48699000  220000000  220000000
   1      502    46741   219983      9422321182      9422541165        61484323     172721      46264     220000         50     4    1400000   48699000  220000000  220000000
   1      502    46741   219984      9422541174      9422761158        61704315     172704      46264     220000         43     4    1400000   48699000  220000000  220000000
   1      502    46747   269973      9422761167      9423031140        61924308     172689      46264     220000      50025     4    1400000   48699000  220000000  220000000
   1      502    46732   180125      9423031149      9423211274        62194289     122804      46264     220000      10159     4    1400000   48699000  220000000  220000000
   1      502    46741   209884      9423211283      9423421167        62374423     162612      46264     220000         52     4    1400000   48699000  220000000  220000000
   1      502    46744   220001      9423421176      9423641177        62584317     172694      46264     220000         61     4    1400000   48699000  220000000  220000000
   1      502    46745   219942      9423641218      9423861160        62804359     172666      46264     220000         45     4    1400000   48699000  220000000  220000000
   1      502    46759   250021      9423861169      9424111190        63024309     122671      46264     220000      30075     4    1400000   48699000  220000000  220000000
   1      502    46736   189950      9424111199      9424301149        63274339     142725      46264     220000         34     4    1400000   48699000  220000000  220000000
   1      502    46740   220001      9424301158      9424521159        63464298     172729      46264     220000         43     4    1400000   48699000  220000000  220000000
   1      502    46741   219999      9424521167      9424741166        63684308     172722      46264     220000         51     4    1400000   48699000  220000000  220000000
   1      502    46763   270048      9424741175      9425011222        63904315     122677      46264     220000      50107     4    1400000   48699000  220000000  220000000
   1      502    46739   180062      9425011231      9425191292        64174371     122673      46264     220000      10178     4    1400000   48699000  220000000  220000000
   1      502    46742   209871      9425191301      9425401172        64354442     162592      46264     220000         56     4    1400000   48699000  220000000  220000000
   1      502    46747   219978      9425401180      9425621159        64564321     172705      46264     220000         43     4    1400000   48699000  220000000  220000000
   1      502    46742   219991      9425621167      9425841158        64784308     172720      46264     220000         43     4    1400000   48699000  220000000  220000000
   1      502    46758   250077      9425841167      9426091243        65004307     122640      46264     220000      30128     4    1400000   48699000  220000000  220000000
   1      502    46741   189902      9426091252      9426281154        65254393     142638      46264     220000         38     4    1400000   48699000  220000000  220000000
   1      502    46742   220002      9426281164      9426501165        65444304     172684      46264     220000         50     4    1400000   48699000  220000000  220000000
   1      502    46737   219991      9426501174      9426721165        65664315     172747      46264     220000         50     4    1400000   48699000  220000000  220000000
   1      502    46743   270005      9426721174      9426991179        65884315     172682      46264     220000      50064     4    1400000   48699000  220000000  220000000
   1      502    46740   180106      9426991187      9427171293        66154328     122726      46264     220000      10178     4    1400000   48699000  220000000  220000000
   1      502    46736   209865      9427171302      9427381167        66334442     162564      46264     220000         52     4    1400000   48699000  220000000  220000000
   1      502    46741   219995      9427381176      9427601171        66544317     172721      46264     220000         55     4    1400000   48699000  220000000  220000000
   1      502    46744   219971      9427601179      9427821151        66764320     172711      46264     220000         35     4    1400000   48699000  220000000  220000000
   1      502    46757   250142      9427821159      9428071301        66984300     122650      46264     220000      30186     4    1400000   48699000  220000000  220000000
   1      502    46734   189855      9428071310      9428261165        67234451     142543      46264     220000         50     4    1400000   48699000  220000000  220000000
   1      502    46738   219993      9428261174      9428481167        67424315     172768      46264     220000         51     4    1400000   48699000  220000000  220000000
   1      502    46745   219991      9428481177      9428701167        67644318     172696      46264     220000         52     4    1400000   48699000  220000000  220000000
   1      502    46758   270073      9428701177      9428971249        67864317     122729      46264     220000      50134     4    1400000   48699000  220000000  220000000
   1      502    46740   179985      9428971293      9429151278        68134434     122579      46264     220000      10163     4    1400000   48699000  220000000  220000000
   1      502    46743   209879      9429151287      9429361165        68314427     162583      46264     220000         50     4    1400000   48699000  220000000  220000000
   1      502    46735   219991      9429361174      9429581165        68524315     172791      46264     220000         50     4    1400000   48699000  220000000  220000000
   1      502    46737   219993      9429581174      9429801167        68744314     172771      46264     220000         51     4    1400000   48699000  220000000  220000000
   1      502    46762   250094      9429801176      9430051269        68964316     122676      46264     220000      30154     4    1400000   48699000  220000000  220000000
   1      502    46744   189892      9430051278      9430241170        69214418     142632      46264     220000         55     4    1400000   48699000  220000000  220000000
   1      502    46745   219980      9430241179      9430461159        69404319     172691      46264     220000         44     4    1400000   48699000  220000000  220000000
   1      502    46738   219991      9430461167      9430681158        69624308     172733      46264     220000         43     4    1400000   48699000  220000000  220000000
   1      502    46745   270044      9430681167      9430951212        69844308     172697      46264     220000      50097     4    1400000   48699000  220000000  220000000
   1      502    46737   180031      9430951220      9431131252        70114361     122685      46264     220000      10137     4    1400000   48699000  220000000  220000000
   1      502    46733   209907      9431131261      9431341167        70294401     162655      46264     220000         52     4    1400000   48699000  220000000  220000000
   1      502    46746   219994      9431341176      9431561170        70504317     172693      46264     220000         55     4    1400000   48699000  220000000  220000000
   1      502    46742   219986      9431561179      9431781165        70724320     172679      46264     220000         50     4    1400000   48699000  220000000  220000000
   1      502    46759   250107      9431781174      9432031281        70944315     122614      46264     220000      30166     4    1400000   48699000  220000000  220000000
   1      502    46744   189876      9432031290      9432221165        71194430     142594      46264     220000         50     4    1400000   48699000  220000000  220000000
   1      502    46739   219991      9432221175      9432441165        71384315     172762      46264     220000         50     4    1400000   48699000  220000000  220000000
   1      502    46743   219978      9432441175      9432661152        71604315     172716      46264     220000         37     4    1400000   48699000  220000000  220000000
   1      502    46761   270026      9432661162      9432931187        71824302     122670      46264     220000      50072     4    1400000   48699000  220000000  220000000
   1      502    46734   180110      9432931196      9433111306        72094337     122666      46264     220000      10191     4    1400000   48699000  220000000  220000000
   1      502    46736   209844      9433111315      9433321159        72274456     162532      46264     220000         44     4    1400000   48699000  220000000  220000000
   1      502    46733   219998      9433321168      9433541167        72484309     172736      46264     220000         51     4    1400000   48699000  220000000  220000000
   1      502    46748   219991      9433541176      9433761166        72704316     172619      46264     220000         51     4    1400000   48699000  220000000  220000000
   1      502    46765   250083      9433761175      9434011258        72924316     122635      46264     220000      30143     4    1400000   48699000  220000000  220000000
   1      502    46736   189878      9434011296      9434201174        73174437     142644      46264     220000         59     4    1400000   48699000  220000000  220000000
   1      502    46750   219975      9434201183      9434421159        73364324     172670      46264     220000         44     4    1400000   48699000  220000000  220000000
   1      502    46743   219991      9434421168      9434641158        73584308     172714      46264     220000         43     4    1400000   48699000  220000000  220000000
   1      502    46737   270058      9434641167      9434911225        73804308     172717      46264     220000      50110     4    1400000   48699000  220000000  220000000
   1      502    46741   180037      9434911234      9435091271        74074374     122647      46264     220000      10156     4    1400000   48699000  220000000  220000000
   1      502    46736   209888      9435091279      9435301167        74254420     162654      46264     220000         52     4    1400000   48699000  220000000  220000000
   1      502    46740   220004      9435301176      9435521179        74464316     172703      46264     220000         64     4    1400000   48699000  220000000  220000000
   1      502    46747   219971      9435521188      9435741159        74684329     172680      46264     220000         44     4    1400000   48699000  220000000  220000000
   1      502    46756   250096      9435741168      9435991264        74904308     122690      46264     220000      30149     4    1400000   48699000  220000000  220000000
   1      502    46743   189887      9435991272      9436181160        75154413     142617      46264     220000         45     4    1400000   48699000  220000000  220000000
   1      502    46735   219997      9436181168      9436401165        75344309     172749      46264     220000         50     4    1400000   48699000  220000000  220000000
   1      502    46740   219987      9436401174      9436621161        75564315     172715      46264     220000         46     4    1400000   48699000  220000000  220000000
   1      502    46762   270052      9436621170      9436891222        75784310     122638      46264     220000      50107     4    1400000   48699000  220000000  220000000
   1      502    46741   180028      9436891230      9437071258        76054371     122683      46264     220000      10143     4    1400000   48699000  220000000  220000000
   1      502    46743   209893      9437071267      9437281159        76234407     162647      46264     220000         44     4    1400000   48699000  220000000  220000000
   1      502    46741   219990      9437281168      9437501158        76444309     172739      46264     220000         43     4    1400000   48699000  220000000  220000000
   1      502    46739   219992      9437501167      9437721159        76664308     172787      46264     220000         44     4    1400000   48699000  220000000  220000000
   1      502    46756   250095      9437721168      9437971263        76884308     122639      46264     220000      30148     4    1400000   48699000  220000000  220000000
   1      502    46736   189918      9437971272      9438161189        77134412     142656      46264     220000         74     4    1400000   48699000  220000000  220000000
   1      502    46743   219968      9438161198      9438381167        77324339     172652      46264     220000         52     4    1400000   48699000  220000000  220000000
   1      502    46746   219990      9438381176      9438601165        77544316     172688      46264     220000         50     4    1400000   48699000  220000000  220000000
   1      502    46736   270046      9438601174      9438871220        77764315     172769      46264     220000      50105     4    1400000   48699000  220000000  220000000
   1      502    46737   180054      9438871230      9439051284        78034370     122677      46264     220000      10169     4    1400000   48699000  220000000  220000000
   1      502    46740   209866      9439051292      9439261159        78214433     162617      46264     220000         43     4    1400000   48699000  220000000  220000000
   1      502    46743   219972      9439261205      9439481176        78424345     172665      46264     220000         61     4    1400000   48699000  220000000  220000000
   1      502    46747   219979      9439481186      9439701165        78644326     172678      46264     220000         50     4    1400000   48699000  220000000  220000000
   1      502    46759   250087      9439701174      9439951261        78864315     122693      46264     220000      30146     4    1400000   48699000  220000000  220000000
   1      502    46738   189880      9439951270      9440141150        79114410     142623      46264     220000         35     4    1400000   48699000  220000000  220000000
   1      502    46740   220007      9440141159      9440361166        79304300     172724      46264     220000         51     4    1400000   48699000  220000000  220000000
   1      502    46740   219992      9440361175      9440581167        79524316     172729      46264     220000         52     4    1400000   48699000  220000000  220000000
   1      502    46762   270051      9440581176      9440851227        79744317     122634      46264     220000      50112     4    1400000   48699000  220000000  220000000
   1      502    46734   179998      9440851236      9441031234        80014377     122680      46264     220000      10120     4    1400000   48699000  220000000  220000000
   1      502    46737   209922      9441031243      9441241165        80194384     162667      46264     220000         50     4    1400000   48699000  220000000  220000000
   1      502    46743   219991      9441241174      9441461165        80404315     172732      46264     220000         50     4    1400000   48699000  220000000  220000000
   1      502    46739   219994      9441461174      9441681168        80624315     172757      46264     220000         53     4    1400000   48699000  220000000  220000000
   1      502    46760   250126      9441681177      9441931304        80844318     122656      46264     220000      30189     4    1400000   48699000  220000000  220000000
   1      502    46735   189857      9441931312      9442121170        81094453     142558      46264     220000         55     4    1400000   48699000  220000000  220000000
   1      502    46742   219987      9442121179      9442341166        81284319     172701      46264     220000         51     4    1400000   48699000  220000000  220000000
   1      502    46742   219986      9442341175      9442561160        81504316     172690      46264     220000         45     4    1400000   48699000  220000000  220000000
   1      502    46740   270077      9442561170      9442831247        81724311     172690      46264     220000      50132     4    1400000   48699000  220000000  220000000
   1      502    46737   179986      9442831256      9443011242        81994396     122606      46264     220000      10127     4    1400000   48699000  220000000  220000000
   1      502    46740   209908      9443011251      9443221159        82174391     162650      46264     220000         44     4    1400000   48699000  220000000  220000000
   1      502    46745   220001      9443221168      9443441169        82384309     172728      46264     220000         54     4    1400000   48699000  220000000  220000000
   1      502    46746   219980      9443441178      9443661159        82604319     172700      46264     220000         43     4    1400000   48699000  220000000  220000000
   1      502    46757   250025      9443661168      9443911193        82824308     122644      46264     220000      30078     4    1400000   48699000  220000000  220000000
   1      502    46740   189948      9443911202      9444101150        83074342     142718      46264     220000         35     4    1400000   48699000  220000000  220000000
   1      502    46741   220007      9444101159      9444321166        83264300     172713      46264     220000         51     4    1400000   48699000  220000000  220000000
   1      502    46739   219966      9444321208      9444541174        83484348     172680      46264     220000         59     4    1400000   48699000  220000000  220000000
   1      502    46766   270055      9444541183      9444811238        83704324     122605      46264     220000      50123     4    1400000   48699000  220000000  220000000
   1      502    46745   179947      9444811247      9444991194        83974388     122642      46264     220000      10080     4    1400000   48699000  220000000  220000000
   1      502    46740   209956      9444991203      9445201158        84154343     162695      46264     220000         43     4    1400000   48699000  220000000  220000000
   1      502    46734   219992      9445201167      9445421160        84364308     172791      46264     220000         45     4    1400000   48699000  220000000  220000000
   1      502    46742   219989      9445421169      9445641158        84584309     172704      46264     220000         43     4    1400000   48699000  220000000  220000000
   1      502    46760   250110      9445641167      9445891277        84804308     122690      46264     220000      30162     4    1400000   48699000  220000000  220000000
   1      502    46740   189889      9445891285      9446081174        85054426     142611      46264     220000         59     4    1400000   48699000  220000000  220000000
   1      502    46746   219982      9446081183      9446301165        85244324     172702      46264     220000         50     4    1400000   48699000  220000000  220000000
   1      502    46739   219986      9446301175      9446521160        85464315     172742      46264     220000         45     4    1400000   48699000  220000000  220000000
   1      502    46744   269977      9446521170      9446791147        85684311     172675      46264     220000      50032     4    1400000   48699000  220000000  220000000
   1      502    46735   180100      9446791156      9446971256        85954297     122796      46264     220000      10141     4    1400000   48699000  220000000  220000000
   1      502    46741   209904      9446971264      9447181168        86134405     162629      46264     220000         53     4    1400000   48699000  220000000  220000000
   1      502    46746   220000      9447181177      9447401176        86344317     172697      46264     220000         61     4    1400000   48699000  220000000  220000000
   1      502    46743   219980      9447401186      9447621166        86564326     172702      46264     220000         51     4    1400000   48699000  220000000  220000000
   1      502    46762   250086      9447621175      9447871261        86784316     122649      46264     220000      30147     4    1400000   48699000  220000000  220000000
   1      502    46735   189897      9447871270      9448061167        87034411     142609      46264     220000         52     4    1400000   48699000  220000000  220000000
   1      502    46741   219983      9448061176      9448281158        87224316     172703      46264     220000         43     4    1400000   48699000  220000000  220000000
   1      502    46742   219992      9448281167      9448501159        87444308     172720      46264     220000         44     4    1400000   48699000  220000000  220000000
   1      502    46759   270071      9448501168      9448771238        87664308     122745      46264     220000      50123     4    1400000   48699000  220000000  220000000
   1      502    46736   180011      9448771247      9448951257        87934387     122641      46264     220000      10143     4    1400000   48699000  220000000  220000000
   1      502    46737   209894      9448951266      9449161160        88114406     162611      46264     220000         45     4    1400000   48699000  220000000  220000000
   1      502    46739   219996      9449161169      9449381165        88324310     172730      46264     220000         50     4    1400000   48699000  220000000  220000000
   1      502    46746   219984      9449381174      9449601158        88544315     172696      46264     220000         43     4    1400000   48699000  220000000  220000000
   1      502    46754   250085      9449601199      9449851284        88764340     122708      46264     220000      30170     4    1400000   48699000  220000000  220000000
   1      502    46744   189886      9449851293      9450041179        89014434     142605      46264     220000         64     4    1400000   48699000  220000000  220000000
   1      502    46745   219978      9450041188      9450261165        89204328     172667      46264     220000         50     4    1400000   48699000  220000000  220000000
   1      502    46738   219991      9450261174      9450481166        89424315     172742      46264     220000         50     4    1400000   48699000  220000000  220000000
   1      502    46744   270006      9450481174      9450751181        89644315     172678      46264     220000      50066     4    1400000   48699000  220000000  220000000
   1      502    46741   180115      9450751189      9450931304        89914330     122735      46264     220000      10189     4    1400000   48699000  220000000  220000000
   1      502    46732   209854      9450931313      9451141167        90094453     162578      46264     220000         52     4    1400000   48699000  220000000  220000000
