#idx     perf      run   period           start             end          rel_st      slack c_duration   c_period     wu_lat   cpu       freq dl_runtime  dl_period dl_deadline
   6     2697   251189   882948    146301090728    146301973675         1708077     552618     248133    1070000         46     4    1400000  261193000 1070000000 1070000000
   6     2697   255492  1069988    146301973685    146303043673         2591034     623341     248133    1070000         44     4    1400000  261193000 1070000000 1070000000
   6     2697   268995  1077578    146303043683    146304121261         3661032      -7633     248133    1070000          0     7    1400000  261193000 1070000000 1070000000
   6     2697   276983  1114217    146304121271    146305235488         4738620     -51860     248133    1070000          0     6    1300000  261193000 1070000000 1070000000
   6     2697   273378  1052610    146305235498    146306288108         5852846     -34480     248133    1070000          0     6    1300000  261193000 1070000000 1070000000
   6     2697   273794  1169398    146306288118    146307457516         6905467    -133888     248133    1070000          0     7    1300000  261193000 1070000000 1070000000
   6     2697   292786  1058089    146307457527    146308515616         8074876    -121988     248133    1070000          0     5    1200000  261193000 1070000000 1070000000
   6     2697   284132  1098206    146308515627    146309613833         9132975    -150205     248133    1070000          0     5    1200000  261193000 1070000000 1070000000
   6     2697   279499  1328491    146309613843    146310942334        10231192    -408706     248133    1070000          0     7    1300000  261193000 1070000000 1070000000
   6     2697   282461  1139392    146310942344    146312081736        11559693    -478108     248133    1070000          0     5    1200000  261193000 1070000000 1070000000
   6     2697   289864   812873    146312081746    146312894619        12699095    -220991     248133    1070000          0     5    1200000  261193000 1070000000 1070000000
   6     2697   280947  1361490    146312894629    146314256118        13511977    -512490     248133    1070000          0     4    1300000  261193000 1070000000 1070000000
   6     2697   275579   984015    146314256128    146315240143        14873477    -426515     248133    1070000          0     4    1300000  261193000 1070000000 1070000000
   6     2697   292528  1259464    146315240153    146316499617        15857502    -615990     248133    1070000          0     4    1200000  261193000 1070000000 1070000000
   6     2697   292041  1531166    146316499628    146318030794        17116977   -1077166     248133    1070000          0     6    1200000  261193000 1070000000 1070000000
   6     2697   271772  1136321    146318030804    146319167125        18648152   -1143497     248133    1070000          0     5    1300000  261193000 1070000000 1070000000
   6     2697   271938  1022780    146319167134    146320189914        19784483   -1096287     248133    1070000          0     7    1300000  261193000 1070000000 1070000000
   6     2697   292501  1101438    146320189925    146321291363        20807274   -1127735     248133    1070000          0     7    1200000  261193000 1070000000 1070000000
   6     2697   292518  1287773    146321291374    146322579147        21908722   -1345519     248133    1070000          0     6    1200000  261193000 1070000000 1070000000
   6     2697   285370  1085770    146322579157    146323664927        23196506   -1361299     248133    1070000          0     4    1200000  261193000 1070000000 1070000000
   6     2697   283787   977927    146323664937    146324642864        24282286   -1269236     248133    1070000          0     4    1300000  261193000 1070000000 1070000000
   6     2697   292529  1084105    146324642874    146325726979        25260223   -1283351     248133    1070000          0     6    1200000  261193000 1070000000 1070000000
   6     2697   277624  1196699    146325726989    146326923688        26344338   -1410061     248133    1070000          0     7    1200000  261193000 1070000000 1070000000
   6     2697   283108  1096862    146326923741    146328020603        27541089   -1436975     248133    1070000          0     6    1200000  261193000 1070000000 1070000000
   6     2697   287925  1159912    146328020612    146329180525        28637961   -1526897     248133    1070000          0     4    1300000  261193000 1070000000 1070000000
   6     2697   292589  1737442    146329180535    146330917976        29797884   -2194349     248133    1070000          0     5    1200000  261193000 1070000000 1070000000
   6     2697   292494  1051836    146330917987    146331969823        31535336   -2176195     248133    1070000          0     6    1200000  261193000 1070000000 1070000000
   6     2697   292548  1102417    146331969834    146333072251        32587183   -2208623     248133    1070000          0     5    1200000  261193000 1070000000 1070000000
   6     2697   292552  1121763    146333072262    146334194025        33689611   -2260397     248133    1070000          0     5    1200000  261193000 1070000000 1070000000
   6     2697   292535  1271925    146334194035    146335465960        34811384   -2462333     248133    1070000          0     5    1200000  261193000 1070000000 1070000000
   6     2697   292470   944113    146335465970    146336410083        36083319   -2336456     248133    1070000          0     4    1200000  261193000 1070000000 1070000000
   6     2697   292567  1255426    146336410094    146337665519        37027443   -2521892     248133    1070000          0     5    1200000  261193000 1070000000 1070000000
   6     2697   292547  1016849    146337665530    146338682379        38282878   -2468751     248133    1070000          0     5    1200000  261193000 1070000000 1070000000
   6     2697   292569  1095159    146338682389    146339777548        39299738   -2493921     248133    1070000          0     7    1200000  261193000 1070000000 1070000000
   6     2697   290539  1819849    146339777559    146341597408        40394907   -3243780     248133    1070000          0     5    1200000  261193000 1070000000 1070000000
   6     2697   308730  1124705    146341597417    146342722122        42214766   -3298494     248133    1070000          0     6    1300000  261193000 1070000000 1070000000
   6     2697   292540  1273327    146342722132    146343995460        43339481   -3501832     248133    1070000          0     5    1200000  261193000 1070000000 1070000000
   6     2697   292526  1025939    146343995470    146345021409        44612819   -3457782     248133    1070000          0     4    1200000  261193000 1070000000 1070000000
   6     2697   289325  1421156    146345021420    146346442576        45638769   -3808948     248133    1070000          0     5    1200000  261193000 1070000000 1070000000
   6     2697   285974   777031    146346442585    146347219616        47059934   -3515988     248133    1070000          0     7    1300000  261193000 1070000000 1070000000
   6     2697   292585  1348652    146347219626    146348568279        47836975   -3794651     248133    1070000          0     4    1200000  261193000 1070000000 1070000000
   6     2697   292530   956981    146348568289    146349525270        49185638   -3681642     248133    1070000          0     7    1200000  261193000 1070000000 1070000000
   6     2697   308349  1707695    146349525280    146351232974        50142629   -4319347     248133    1070000          0     4    1200000  261193000 1070000000 1070000000
   6     2697   300347  1352864    146351232985    146352585849        51850334   -4602221     248133    1070000          0     6    1200000  261193000 1070000000 1070000000
   6     2697   292484  1234857    146352585859    146353820716        53203208   -4767088     248133    1070000          0     5    1200000  261193000 1070000000 1070000000
   6     2697   300620   986685    146353820727    146354807412        54438076   -4683784     248133    1070000          0     6    1200000  261193000 1070000000 1070000000
   6     2697   302108  1178270    146354807423    146355985693        55424772   -4792065     248133    1070000          0     4    1100000  261193000 1070000000 1070000000
   6     2697   292519  1122364    146355985743    146357108107        56603092   -4844479     248133    1070000          0     4    1200000  261193000 1070000000 1070000000
   6     2697   292532  1182502    146357108118    146358290619        57725467   -4956992     248133    1070000          0     5    1200000  261193000 1070000000 1070000000
   6     2697   283138  1479016    146358290630    146359769646        58907978   -5366018     248133    1070000          0     5    1200000  261193000 1070000000 1070000000
   6     2697   292542  1161273    146359769657    146360930930        60387005   -5457302     248133    1070000          0     7    1200000  261193000 1070000000 1070000000
   6     2697   301468  1068728    146360930940    146361999668        61548289   -5456040     248133    1070000          0     6    1200000  261193000 1070000000 1070000000
   6     2697   292525  1237471    146361999679    146363237150        62617028   -5623522     248133    1070000          0     5    1200000  261193000 1070000000 1070000000
   6     2697   281228  1061739    146363237160    146364298899        63854509   -5615271     248133    1070000          0     5    1200000  261193000 1070000000 1070000000
   6     2697   298929  1038294    146364298908    146365337202        64916257   -5583575     248133    1070000          0     4    1300000  261193000 1070000000 1070000000
   6     2697   281524  1279776    146365337213    146366616989        65954562   -5793361     248133    1070000          0     5    1200000  261193000 1070000000 1070000000
   6     2697   294263   954696    146366616998    146367571694        67234347   -5678066     248133    1070000          0     6    1300000  261193000 1070000000 1070000000
   6     2697   292598  1282265    146367571704    146368853969        68189053   -5890341     248133    1070000          0     7    1200000  261193000 1070000000 1070000000
   6     2697   292542  1631274    146368853979    146370485254        69471328   -6451626     248133    1070000          0     5    1200000  261193000 1070000000 1070000000
   6     2697   292602  1102366    146370485264    146371587630        71102613   -6484002     248133    1070000          0     4    1200000  261193000 1070000000 1070000000
   6     2697   292581  1459091    146371587641    146373046732        72204990   -6873104     248133    1070000          0     4    1200000  261193000 1070000000 1070000000
   6     2697   300983   809257    146373046743    146373856000        73664091   -6612372     248133    1070000          0     4    1200000  261193000 1070000000 1070000000
   6     2697   292483  1225327    146373856047    146375081374        74473396   -6767746     248133    1070000          0     4    1200000  261193000 1070000000 1070000000
   6     2697   292498  1022391    146375081385    146376103776        75698734   -6720148     248133    1070000          0     5    1200000  261193000 1070000000 1070000000
   6     2697   292557  1380060    146376103786    146377483846        76721135   -7030218     248133    1070000          0     6    1200000  261193000 1070000000 1070000000
   6     2697   292477  1042616    146377483857    146378526473        78101206   -7002845     248133    1070000          0     4    1200000  261193000 1070000000 1070000000
   6     2697   292500  1585035    146378526483    146380111518        79143832   -7517890     248133    1070000          0     5    1200000  261193000 1070000000 1070000000
   6     2697   298125  1117924    146380111529    146381229453        80728877   -7565825     248133    1070000          0     5    1200000  261193000 1070000000 1070000000
   6     2697   302382  1102029    146381229465    146382331494        81846813   -7597866     248133    1070000          0     4    1100000  261193000 1070000000 1070000000
   6     2697   292485  1369411    146382331505    146383700916        82948853   -7897288     248133    1070000          0     6    1200000  261193000 1070000000 1070000000
   6     2697   294028   921207    146383700965    146384622173        84318314   -7748545     248133    1070000          0     4    1200000  261193000 1070000000 1070000000
   6     2697   292523  1319627    146384622183    146385941810        85239532   -7998182     248133    1070000          0     5    1200000  261193000 1070000000 1070000000
   6     2697   292528  1135501    146385941821    146387077321        86559170   -8063693     248133    1070000          0     6    1200000  261193000 1070000000 1070000000
   6     2697   303232  1629793    146387077332    146388707125        87694681   -8623497     248133    1070000          0     4    1200000  261193000 1070000000 1070000000
   6     2697   292470  1345358    146388707135    146390052493        89324484   -8898865     248133    1070000          0     7    1200000  261193000 1070000000 1070000000
