#idx     perf      run   period           start             end          rel_st      slack c_duration   c_period     wu_lat   cpu       freq dl_runtime  dl_period dl_deadline
  10      588    54786   518155     88347480332     88347998487         1321372     393000      54179     670000         48     7    1400000   57031000  670000000  670000000
  10      588    54755   669986     88347998497     88348668483         1839537     441624      54179     670000         44     7    1400000   57031000  670000000  670000000
  10      588    54747   692614     88348668491     88349361106         2509531     441474      54179     670000      22668     7    1400000   57031000  670000000  670000000
  10      588    54793   647372     88349361114     88350008486         3202154     405472      54179     670000         47     7    1400000   57031000  670000000  670000000
  10      588    54796   669993     88350008495     88350678488         3849535     375549      54179     670000         48     7    1400000   57031000  670000000  670000000
  10      588    54784   676127     88350678498     88351354625         4519537     427871      54179     670000       6187     7    1400000   57031000  670000000  670000000
  10      588    54755   706479     88351354633     88352061112         5195673     435464      54179     670000      42674     7    1400000   57031000  670000000  670000000
  10      588    54768   627367     88352061121     88352688488         5902161     385518      54179     670000         48     7    1400000   57031000  670000000  670000000
  10      588    54775   669979     88352688497     88353358476         6529537     375507      54179     670000         36     7    1400000   57031000  670000000  670000000
  10      588    54756   682627     88353358486     88354041113         7199526     601097      54179     670000      12675     7    1400000   57031000  670000000  670000000
  10      588    54761   660913     88354041122     88354702035         7882162     584816      54179     670000       3597     7    1400000   57031000  670000000  670000000
  10      588    54792   666463     88354702043     88355368507         8543083     385425      54179     670000         68     7    1400000   57031000  670000000  670000000
  10      588    54738   670506     88355368516     88356039022         9209556     614618      54179     670000        584     7    1400000   57031000  670000000  670000000
  10      588    54726   705739     88356039031     88356744770         9880070     614053      54179     670000      36332     7    1400000   57031000  670000000  670000000
  10      588    54748   633711     88356744778     88357378490        10585818     564859      54179     670000         50     7    1400000   57031000  670000000  670000000
  10      588    54766   683518     88357378499     88358062017        11219538     544895      54179     670000      13579     7    1400000   57031000  670000000  670000000
  10      588    54727   661980     88358062025     88358724005        11903065     601092      54179     670000       5567     7    1400000   57031000  670000000  670000000
  10      588    54749   716997     88358724043     88359441040        12565083     598511      54179     670000      52602     7    1400000   57031000  670000000  670000000
  10      588    54757   640643     88359441049     88360081692        13282089     548534      54179     670000      23254     7    1400000   57031000  670000000  670000000
  10      588    54747   676202     88360081700     88360757902        13922740     525190      54179     670000      29464     7    1400000   57031000  670000000  670000000
  10      588    54781   669297     88360757911     88361427208        14598951     515315      54179     670000      28770     7    1400000   57031000  670000000  670000000
  10      588    54766   654379     88361427217     88362081596        15268257     571560      54179     670000      13158     7    1400000   57031000  670000000  670000000
  10      588    54751   719835     88362081604     88362801439        15922644     548826      54179     670000      63001     7    1400000   57031000  670000000  670000000
  10      588    54754   680016     88362801483     88363481499        16642523     485535      54179     670000      73061     7    1400000   57031000  670000000  670000000
  10      588    54775   680012     88363481507     88364161520        17322547     475552      54179     670000      83081     7    1400000   57031000  670000000  670000000
  10      588    54728   686221     88364161528     88364847749        18002568     531608      54179     670000      99311     7    1400000   57031000  670000000  670000000
  10      588    54749   653697     88364847757     88365501454        18688797     511634      54179     670000      83016     7    1400000   57031000  670000000  670000000
  10      588    54784   700275     88365501463     88366201738        19342502     461879      54179     670000     113299     7    1400000   57031000  670000000  670000000
  10      588    54794   679853     88366201747     88366881599        20042786     431436      54179     670000     123161     7    1400000   57031000  670000000  670000000
  10      588    54752   679781     88366881608     88367561389        20722647     480908      54179     670000     132951     7    1400000   57031000  670000000  670000000
  10      588    54739   636428     88367561397     88368197825        21402437     481764      54179     670000      99387     7    1400000   57031000  670000000  670000000
  10      588    54776   709363     88368197834     88368907197        22038874     445472      54179     670000     138759     7    1400000   57031000  670000000  670000000
  10      588    54790   690803     88368907206     88369598008        22748245     395568      54179     670000     159570     7    1400000   57031000  670000000  670000000
  10      588    54775   683597     88369598017     88370281614        23439057     398766      54179     670000     173176     7    1400000   57031000  670000000  670000000
  10      588    54747   499472     88370281623     88370781095        24122663     430954      54179     670000       2657     7    1400000   57031000  670000000  670000000
  10      588    54766   829792     88370781103     88371610896        24622143     425381      54179     670000     162458     7    1400000   57031000  670000000  670000000
  10      588    54781   507582     88371610904     88372118487        25451944     375534      54179     670000         48     7    1400000   57031000  670000000  670000000
  10      588    54795   669981     88372118496     88372788477        25959536     375501      54179     670000         38     7    1400000   57031000  670000000  670000000
  10      588    54771   692563     88372788487     88373481050        26629527     441433      54179     670000      22612     7    1400000   57031000  670000000  670000000
  10      588    54774   657970     88373481058     88374139028        27322098     418996      54179     670000      10590     7    1400000   57031000  670000000  670000000
  10      588    54782   659457     88374139037     88374798494        27980077     375485      54179     670000         55     7    1400000   57031000  670000000  670000000
  10      588    54817   669973     88374798503     88375468476        28639543     375081      54179     670000         36     7    1400000   57031000  670000000  670000000
  10      588    54772   729712     88375468486     88376198198        29309526     590495      54179     670000      59760     7    1400000   57031000  670000000  670000000
  10      588    54756   610288     88376198206     88376808494        30039246     381913      54179     670000         56     7    1400000   57031000  670000000  670000000
  10      588    54846   669990     88376808503     88377478493        30649543     371803      54179     670000         54     7    1400000   57031000  670000000  670000000
  10      588    54760   682564     88377478502     88378161066        31319542     604027      54179     670000      12628     7    1400000   57031000  670000000  670000000
  10      588    54768   657413     88378161074     88378818487        32002114     577837      54179     670000         48     7    1400000   57031000  670000000  670000000
  10      588    54802   687173     88378818531     88379505704        32659571     375515      54179     670000      17265     7    1400000   57031000  670000000  670000000
  10      588    54779   652770     88379505712     88380158482        33346752     544873      54179     670000         43     7    1400000   57031000  670000000  670000000
  10      588    54751   702573     88380158491     88380861064        33999531     610951      54179     670000      32626     7    1400000   57031000  670000000  670000000
  10      588    54733   640435     88380861073     88381501507        34702113     582049      54179     670000       3069     7    1400000   57031000  670000000  670000000
  10      588    54754   680092     88381501516     88382181608        35342556     545366      54179     670000      13170     7    1400000   57031000  670000000  670000000
  10      588    54792   693507     88382181616     88382875123        36022656     535270      54179     670000      36685     7    1400000   57031000  670000000  670000000
  10      588    54753   692530     88382875132     88383567662        36716172     567341      54179     670000      59224     7    1400000   57031000  670000000  670000000
  10      588    54749   643252     88383567671     88384210923        37408711     551740      54179     670000      32485     7    1400000   57031000  670000000  670000000
  10      588    54799   690657     88384210931     88384901589        38051971     501692      54179     670000      53150     7    1400000   57031000  670000000  670000000
  10      588    54774   693449     88384901597     88385595046        38742637     491518      54179     670000      76608     7    1400000   57031000  670000000  670000000
  10      588    54754   602692     88385595054     88386197746        39436094     527402      54179     670000       9308     7    1400000   57031000  670000000  670000000
  10      588    54757   709596     88386197755     88386907351        40038795     535519      54179     670000      48912     7    1400000   57031000  670000000  670000000
  10      588    54796   700024     88386907359     88387607383        40748399     485262      54179     670000      78945     7    1400000   57031000  670000000  670000000
  10      588    54804   707753     88387607392     88388315145        41448432     455220      54179     670000     116707     7    1400000   57031000  670000000  670000000
  10      588    54772   666470     88388315153     88388981623        42156193     441649      54179     670000     113185     7    1400000   57031000  670000000  670000000
  10      588    54749   629279     88388981631     88389610910        42822671     490897      54179     670000      72472     7    1400000   57031000  670000000  670000000
  10      588    54768   730587     88389610919     88390341506        43451959     489565      54179     670000     133068     7    1400000   57031000  670000000  670000000
  10      588    54782   665890     88390341515     88391007405        44182555     415497      54179     670000     128967     7    1400000   57031000  670000000  670000000
  10      588    54825   690497     88391007413     88391697911        44848453     405146      54179     670000     149472     7    1400000   57031000  670000000  670000000
  10      588    54761   683575     88391697919     88392381494        45538959     450894      54179     670000     163055     7    1400000   57031000  670000000  670000000
  10      588    54748   659987     88392381502     88393041489        46222542     441080      54179     670000     153051     7    1400000   57031000  670000000  670000000
  10      588    54774   516989     88393041498     88393558487        46882538     395519      54179     670000         48     7    1400000   57031000  670000000  670000000
  10      588    54797   680522     88393558495     88394239017        47399535     375313      54179     670000      10579     7    1400000   57031000  670000000  670000000
  10      588    54767   668599     88394239056     88394907655        48080096     430820      54179     670000       9217     7    1400000   57031000  670000000  670000000
  10      588    54778   833823     88394907664     88395741488        48748704     421725      54179     670000     173049     7    1400000   57031000  670000000  670000000
  10      588    54797   497537     88395741496     88396239032        49582536     371860      54179     670000        594     7    1400000   57031000  670000000  670000000
  10      588    54768   669445     88396239041     88396908486        50080081     385228      54179     670000         48     7    1400000   57031000  670000000  670000000
  10      588    54777   695575     88396908495     88397604069        50749535     417237      54179     670000      25631     7    1400000   57031000  670000000  670000000
  10      588    54792   644405     88397604079     88398248484        51445119     405386      54179     670000         45     7    1400000   57031000  670000000  670000000
  10      588    54779   669997     88398248493     88398918490        52089533     399567      54179     670000         51     7    1400000   57031000  670000000  670000000
  10      588    54759   670009     88398918499     88399588508        52759539     600451      54179     670000         69     7    1400000   57031000  670000000  670000000
  10      588    54776   715546     88399588516     88400304063        53429556     586849      54179     670000      45625     7    1400000   57031000  670000000  670000000
  10      588    54780   648535     88400304071     88400952606        54145111     385266      54179     670000      24168     7    1400000   57031000  670000000  670000000
  10      588    54795   645862     88400952614     88401598476        54793654     375483      54179     670000         37     7    1400000   57031000  670000000  670000000
  10      588    54752   682494     88401598486     88402280980        55439526     603996      54179     670000      12542     7    1400000   57031000  670000000  670000000
  10      588    54769   658050     88402280989     88402939039        56122029     587862      54179     670000        601     7    1400000   57031000  670000000  670000000
  10      588    54800   669468     88402939048     88403608516        56780088     544281      54179     670000         78     7    1400000   57031000  670000000  670000000
  10      588    54823   672895     88403608525     88404281420        57449565     534122      54179     670000       2982     7    1400000   57031000  670000000  670000000
  10      588    54772   716782     88404281429     88404998211        58122469     587476      54179     670000      49773     7    1400000   57031000  670000000  670000000
  10      588    54756   629081     88404998220     88405627301        58839260     554307      54179     670000       8863     7    1400000   57031000  670000000  670000000
  10      588    54803   680040     88405627310     88406307349        59468349     525314      54179     670000      18911     7    1400000   57031000  670000000  670000000
