#idx     perf      run   period           start             end          rel_st      slack c_duration   c_period     wu_lat   cpu       freq dl_runtime  dl_period dl_deadline
   6     1437   133661  1051365     73082742607     73083793972         2731548     439036     132209    1150000      38725     5    1400000  139168000 1150000000 1150000000
   6     1437   133628  1111301     73083793981     73084905282         3782923     537945     132209    1150000         35     5    1400000  139168000 1150000000 1150000000
   6     1437   133588  1242756     73084905292     73086148048         4894234     605247     132209    1150000      92801     5    1400000  139168000 1150000000 1150000000
   6     1437   143880  1093782     73086148058     73087241840         6137000     289154     132209    1150000      36594     5    1300000  139168000 1150000000 1150000000
   6     1437   133593  1113440     73087241849     73088355290         7230791     569041     132209    1150000         43     5    1400000  139168000 1150000000 1150000000
   6     1437   143393  1202557     73088355299     73089557857         8344241     -52611     132209    1150000          0     5    1300000  139168000 1150000000 1150000000
   6     1437   137776  1106367     73089557866     73090664233         9546807      -8988     132209    1150000          0     5    1400000  139168000 1150000000 1150000000
   6     1437   133584  1263814     73090664242     73091928056        10653183     589529     132209    1150000     122809     5    1400000  139168000 1150000000 1150000000
   6     1437   137541  1046129     73091928065     73092974194        11917007     322032     132209    1150000      18948     5    1300000  139168000 1150000000 1150000000
   6     1437   136843  1131083     73092974203     73094105286        12963145     546663     132209    1150000         39     5    1400000  139168000 1150000000 1150000000
   6     1437   143251  1219669     73094105295     73095324963        14094236     -69718     132209    1150000          0     5    1400000  139168000 1150000000 1150000000
   6     1437   144320  1114001     73095324973     73096438975        15313915     -33729     132209    1150000          0     5    1300000  139168000 1150000000 1150000000
   6     1437   150414  1271828     73096438985     73097710814        16427927    -155568     132209    1150000          0     5    1200000  139168000 1150000000 1150000000
   6     1437   150454  1089157     73097710824     73098799981        17699765     -94735     132209    1150000          0     5    1200000  139168000 1150000000 1150000000
   6     1437   147178  1233131     73098799991     73100033122        18788932    -177876     132209    1150000          0     5    1200000  139168000 1150000000 1150000000
   6     1437   153140  1268328     73100033131     73101301458        20022072    -296213     132209    1150000          0     5    1300000  139168000 1150000000 1150000000
   6     1437   145895  1086711     73101301469     73102388179        21290410    -232934     132209    1150000          0     5    1200000  139168000 1150000000 1150000000
   6     1437   145870  1266780     73102388188     73103654969        22377130    -349723     132209    1150000          0     5    1300000  139168000 1150000000 1150000000
   6     1437   149610  1216130     73103654979     73104871109        23643920    -415863     132209    1150000          0     5    1200000  139168000 1150000000 1150000000
   6     1437   144702  1104455     73104871118     73105975572        24860059    -370327     132209    1150000          0     5    1300000  139168000 1150000000 1150000000
   6     1437   152710  1273553     73105975582     73107249135        25964524    -493890     132209    1150000          0     5    1200000  139168000 1150000000 1150000000
   6     1437   150311  1090267     73107249145     73108339412        27238087    -434167     132209    1150000          0     5    1200000  139168000 1150000000 1150000000
   6     1437   153001  1263588     73108339422     73109603010        28328363    -547764     132209    1150000          0     5    1300000  139168000 1150000000 1150000000
   6     1437   151398  1423333     73109603059     73111026392        29592001    -821147     132209    1150000          0     5    1200000  139168000 1150000000 1150000000
   6     1437   149566  1606008     73111026402     73112632410        31015344   -1277164     132209    1150000          0     5    1300000  139168000 1150000000 1150000000
   6     1437   149939  1070243     73112632419     73113702662        32621361   -1197416     132209    1150000          0     5    1300000  139168000 1150000000 1150000000
   6     1437   144947  1270278     73113702671     73114972950        33691613   -1317704     132209    1150000          0     5    1200000  139168000 1150000000 1150000000
   6     1437   145854  1105924     73114972959     73116078884        34961901   -1273638     132209    1150000          0     5    1300000  139168000 1150000000 1150000000
   6     1437   149026  1205278     73116078894     73117284172        36067835   -1328926     132209    1150000          0     5    1200000  139168000 1150000000 1150000000
   6     1437   147576  1289664     73117284182     73118573846        37273124   -1468600     132209    1150000          0     5    1200000  139168000 1150000000 1150000000
   6     1437   151698  1243799     73118573856     73119817655        38562797   -1562409     132209    1150000          0     5    1200000  139168000 1150000000 1150000000
   6     1437   152348  1094626     73119817665     73120912291        39806607   -1507046     132209    1150000          0     5    1200000  139168000 1150000000 1150000000
   6     1437   150053  1261784     73120912301     73122174085        40901242   -1618839     132209    1150000          0     5    1300000  139168000 1150000000 1150000000
   6     1437   150200  1105806     73122174095     73123279901        42163036   -1574656     132209    1150000          0     5    1200000  139168000 1150000000 1150000000
   6     1437   143805  1255333     73123279911     73124535244        43268852   -1679998     132209    1150000          0     5    1300000  139168000 1150000000 1150000000
   6     1437   152294  1231732     73124535253     73125766986        44524195   -1761740     132209    1150000          0     5    1300000  139168000 1150000000 1150000000
   6     1437   145884  1105157     73125766996     73126872153        45755938   -1716907     132209    1150000          0     5    1200000  139168000 1150000000 1150000000
   6     1437   154670  1259768     73126872162     73128131929        46861103   -1826684     132209    1150000          0     5    1300000  139168000 1150000000 1150000000
   6     1437   150024  1629096     73128131939     73129761036        48120881   -2305790     132209    1150000          0     5    1200000  139168000 1150000000 1150000000
   6     1437   147842  1240720     73129761047     73131001767        49749988   -2396521     132209    1150000          0     5    1200000  139168000 1150000000 1150000000
   6     1437   155834  1233678     73131001777     73132235454        50990718   -2480209     132209    1150000          0     5    1200000  139168000 1150000000 1150000000
   6     1437   148628  1276907     73132235464     73133512372        52224406   -2607126     132209    1150000          0     5    1200000  139168000 1150000000 1150000000
   6     1437   144719  1086714     73133512381     73134599095        53501323   -2543850     132209    1150000          0     5    1300000  139168000 1150000000 1150000000
   6     1437   150966  1251188     73134599105     73135850294        54588047   -2645048     132209    1150000          0     5    1200000  139168000 1150000000 1150000000
   6     1437   143815  1106354     73135850303     73136956657        55839244   -2601412     132209    1150000          0     5    1300000  139168000 1150000000 1150000000
   6     1437   149539  1231826     73136956666     73138188492        56945608   -2683247     132209    1150000          0     5    1300000  139168000 1150000000 1150000000
   6     1437   148909  1266146     73138188502     73139454648        58177444   -2799403     132209    1150000          0     5    1200000  139168000 1150000000 1150000000
   6     1437   151234  1097297     73139454693     73140551990        59443635   -2746744     132209    1150000          0     5    1300000  139168000 1150000000 1150000000
   6     1437   155803  1416280     73140552000     73141968280        60540941   -3013034     132209    1150000          0     5    1200000  139168000 1150000000 1150000000
   6     1437   151786  1089984     73141968290     73143058274        61957231   -2953028     132209    1150000          0     5    1200000  139168000 1150000000 1150000000
   6     1437   154481  1764147     73143058283     73144822430        63047225   -3567185     132209    1150000          0     5    1300000  139168000 1150000000 1150000000
   6     1437   144271  1115704     73144822440     73145938144        64811381   -3532898     132209    1150000          0     5    1300000  139168000 1150000000 1150000000
   6     1437   155814  1093669     73145938154     73147031823        65927096   -3476578     132209    1150000          0     5    1200000  139168000 1150000000 1150000000
   6     1437   151189  1271496     73147031833     73148303329        67020775   -3598084     132209    1150000          0     5    1200000  139168000 1150000000 1150000000
   6     1437   152690  1239853     73148303338     73149543191        68292280   -3687946     132209    1150000          0     5    1300000  139168000 1150000000 1150000000
   6     1437   155808  1273827     73149543201     73150817028        69532143   -3811782     132209    1150000          0     5    1200000  139168000 1150000000 1150000000
   6     1437   149502  1088399     73150817037     73151905436        70805979   -3750191     132209    1150000          0     5    1200000  139168000 1150000000 1150000000
   6     1437   152519  1239305     73151905445     73153144750        71894387   -3839505     132209    1150000          0     5    1300000  139168000 1150000000 1150000000
   6     1437   149836  1271862     73153144760     73154416623        73133702   -3961377     132209    1150000          0     5    1200000  139168000 1150000000 1150000000
   6     1437   146719  1233224     73154416632     73155649856        74405574   -4044611     132209    1150000          0     5    1200000  139168000 1150000000 1150000000
   6     1437   153338  1282723     73155649866     73156932588        75638807   -4177343     132209    1150000          0     5    1300000  139168000 1150000000 1150000000
   6     1437   148747  1078978     73156932598     73158011576        76921540   -4106331     132209    1150000          0     5    1200000  139168000 1150000000 1150000000
   6     1437   146735  1748468     73158011586     73159760054        78000528   -4704808     132209    1150000          0     5    1200000  139168000 1150000000 1150000000
   6     1437   154496  1124073     73159760064     73160884137        79749005   -4678892     132209    1150000          0     5    1200000  139168000 1150000000 1150000000
   6     1437   155500  1248466     73160884146     73162132613        80873088   -4777367     132209    1150000          0     5    1300000  139168000 1150000000 1150000000
   6     1437   155796  1264733     73162132623     73163397357        82121565   -4892111     132209    1150000          0     5    1200000  139168000 1150000000 1150000000
   6     1437   150883  1096091     73163397367     73164493457        83386308   -4838212     132209    1150000          0     5    1200000  139168000 1150000000 1150000000
   6     1437   150683  1404505     73164493467     73165897971        84482408   -5092726     132209    1150000          0     5    1300000  139168000 1150000000 1150000000
   6     1437   148776  1098906     73165897981     73166996887        85886923   -5041642     132209    1150000          0     5    1200000  139168000 1150000000 1150000000
   6     1437   148243  1092548     73166996897     73168089445        86985839   -4984200     132209    1150000          0     5    1200000  139168000 1150000000 1150000000
   6     1437   151901  1268992     73168089487     73169358479        88078429   -5103234     132209    1150000          0     5    1300000  139168000 1150000000 1150000000
   6     1437   149911  1237008     73169358488     73170595496        89347430   -5190251     132209    1150000          0     5    1300000  139168000 1150000000 1150000000
