#idx     perf      run   period           start             end          rel_st      slack c_duration   c_period     wu_lat   cpu       freq dl_runtime  dl_period dl_deadline
   1       33     3449   319929     90922233660     90922553589         2313436     316026       3058     320000         35     4    1200000    5058000  320000000  320000000
   1       33     3096   319997     90922553598     90922873596         2633375     316753       3058     320000         42     4    1400000    5058000  320000000  320000000
   1       33     3333   319987     90922873607     90923193593         2953383     316504       3058     320000         40     7    1300000    5058000  320000000  320000000
   1       33     3333   319986     90923193604     90923513589         3273380     316506       3058     320000         36     4    1300000    5058000  320000000  320000000
   1       33     3333   320002     90923513599     90923833601         3593375     316519       3058     320000         48     4    1300000    5058000  320000000  320000000
   1       33     3335   319987     90923833611     90924153598         3913388     316494       3058     320000         45     5    1300000    5058000  320000000  320000000
   1       33     3612   390463     90924153609     90924544072         4233385     316223       3058     320000      70519     7    1200000    5058000  320000000  320000000
   1       33     3608   249513     90924544082     90924793596         4623859     245794       3058     320000         42     7    1200000    5058000  320000000  320000000
   1       33     3612   319985     90924793606     90925113591         4873383     316227       3058     320000         38     4    1200000    5058000  320000000  320000000
   1       33     3612   319990     90925113601     90925433591         5193378     316235       3058     320000         37     4    1200000    5058000  320000000  320000000
   1       33     3611   320010     90925433601     90925753611         5513378     316236       3058     320000         57     4    1200000    5058000  320000000  320000000
   1       33     3613   319987     90925753622     90926073609         5833398     316196       3058     320000         55     5    1200000    5058000  320000000  320000000
   1       33     3612   319992     90926073619     90926393612         6153396     316203       3058     320000         58     6    1200000    5058000  320000000  320000000
   1       33     3611   319984     90926393622     90926713606         6473398     316199       3058     320000         52     4    1200000    5058000  320000000  320000000
   1       33     3612   319978     90926713616     90927033594         6793393     316206       3058     320000         41     5    1200000    5058000  320000000  320000000
   1       33     3625   320012     90927033605     90927353617         7113381     316162       3058     320000         62     5    1200000    5058000  320000000  320000000
   1       33     3940   319970     90927353632     90927673603         7433409     315843       3058     320000         49     6    1100000    5058000  320000000  320000000
   1       33     3939   319991     90927673614     90927993605         7753391     315872       3058     320000         50     6    1100000    5058000  320000000  320000000
   1       33     3611   319976     90927993616     90928313592         8073393     316213       3058     320000         38     6    1200000    5058000  320000000  320000000
   1       33     3611   319986     90928313603     90928633589         8393380     316231       3058     320000         35     7    1200000    5058000  320000000  320000000
   1       33     3610   319998     90928633600     90928953598         8713376     316242       3058     320000         44     7    1200000    5058000  320000000  320000000
   1       33     3613   319995     90928953609     90929273604         9033386     316213       3058     320000         49     6    1200000    5058000  320000000  320000000
   1       33     3942   319987     90929273617     90929593604         9353394     315858       3058     320000         49     4    1100000    5058000  320000000  320000000
   1       33     3940   319911     90929593687     90929913598         9673464     315796       3058     320000         43     4    1100000    5058000  320000000  320000000
   1       33     3939   319987     90929913613     90930233600         9993390     315863       3058     320000         46     4    1100000    5058000  320000000  320000000
   1       33     3941   320006     90930233612     90930553618        10313389     315883       3058     320000         63     6    1100000    5058000  320000000  320000000
   1       33     3613   319958     90930553631     90930873589        10633408     316164       3058     320000         35     7    1200000    5058000  320000000  320000000
   1       33     3611   320004     90930873599     90931193604        10953376     316240       3058     320000         50     7    1200000    5058000  320000000  320000000
   1       33     3612   319979     90931193615     90931513594        11273391     316203       3058     320000         40     5    1200000    5058000  320000000  320000000
   1       33     3942   319998     90931513606     90931833603        11593382     254866       3058     320000         49     5    1100000    5058000  320000000  320000000
   1       33     3612   319977     90931833616     90932153593        11913392     316199       3058     320000         39     6    1200000    5058000  320000000  320000000
   1       33     3940   320002     90932153606     90932473608        12233382     315874       3058     320000         52     6    1100000    5058000  320000000  320000000
   1       33     3939   380299     90932473619     90932853918        12553395     315868       3058     320000      60362     6    1100000    5058000  320000000  320000000
   1       33     3614   259675     90932853935     90933113610        12933712     255821       3058     320000         55     4    1200000    5058000  320000000  320000000
   1       33     3940   319974     90933113626     90933433600        13193402     315848       3058     320000         45     4    1100000    5058000  320000000  320000000
   1       33     3941   330448     90933433611     90933764059        13513388     315866       3058     320000      10505     5    1100000    5058000  320000000  320000000
   1       33     3940   309522     90933764070     90934073592        13843847     305429       3058     320000         38     5    1100000    5058000  320000000  320000000
   1       33     3941   319987     90934073603     90934393590        14153380     315864       3058     320000         36     5    1100000    5058000  320000000  320000000
   1       33     3939   319989     90934393602     90934713590        14473378     315902       3058     320000         37     5    1100000    5058000  320000000  320000000
   1       33     3939   320004     90934713602     90935033606        14793379     315891       3058     320000         51     5    1100000    5058000  320000000  320000000
   1       33     3611   319984     90935033617     90935353600        15113393     316210       3058     320000         45     5    1200000    5058000  320000000  320000000
   1       33     3614   319984     90935353617     90935673601        15433394     316148       3058     320000         46     5    1200000    5058000  320000000  320000000
   1       33     3939   319987     90935673614     90935993601        15753391     315877       3058     320000         47     4    1100000    5058000  320000000  320000000
   1       33     3940   319981     90935993614     90936313596        16073391     315865       3058     320000         41     5    1100000    5058000  320000000  320000000
   1       33     3939   320006     90936313610     90936633616        16393387     315854       3058     320000         61     5    1100000    5058000  320000000  320000000
   1       33     3942   319993     90936633634     90936953627        16713410     315823       3058     320000         71     4    1100000    5058000  320000000  320000000
   1       33     3940   319982     90936953645     90937273627        17033422     315797       3058     320000         71     4    1100000    5058000  320000000  320000000
   1       33     3942   319870     90937273736     90937593605        17353512     315707       3058     320000         50     4    1100000    5058000  320000000  320000000
   1       33     3941   319994     90937593619     90937913613        17673396     315860       3058     320000         58     7    1100000    5058000  320000000  320000000
   1       33     3612   319971     90937913627     90938233598        17993404     316185       3058     320000         43     7    1200000    5058000  320000000  320000000
   1       33     3940   319983     90938233613     90938553597        18313390     315870       3058     320000         42     7    1100000    5058000  320000000  320000000
   1       33     3940   319990     90938553609     90938873600        18633386     315874       3058     320000         46     7    1100000    5058000  320000000  320000000
   1       33     3943   320000     90938873612     90939193612        18953388     315825       3058     320000         58     5    1100000    5058000  320000000  320000000
   1       33     3940   319984     90939193623     90939513607        19273399     315862       3058     320000         54     5    1100000    5058000  320000000  320000000
   1       33     3612   319974     90939513618     90939833592        19593394     316208       3058     320000         38     5    1200000    5058000  320000000  320000000
   1       33     3938   319988     90939833603     90940153592        19913380     315904       3058     320000         38     5    1100000    5058000  320000000  320000000
   1       33     3939   320001     90940153603     90940473604        20233380     315898       3058     320000         50     5    1100000    5058000  320000000  320000000
   1       33     3939   319975     90940473616     90940793590        20553392     315887       3058     320000         37     5    1100000    5058000  320000000  320000000
   1       33     3940   320003     90940793601     90941113604        20873378     315891       3058     320000         49     5    1100000    5058000  320000000  320000000
   1       33     3611   319986     90941113615     90941433601        21193391     316222       3058     320000         47     5    1200000    5058000  320000000  320000000
   1       33     3611   319994     90941433611     90941753605        21513388     316225       3058     320000         50     5    1200000    5058000  320000000  320000000
   1       33     3939   319988     90941753617     90942073605        21833393     315875       3058     320000         51     5    1100000    5058000  320000000  320000000
   1       33     3959   382445     90942073616     90942456061        22153393     315821       3058     320000      62508     5    1100000    5058000  320000000  320000000
   1       33     3939   411989     90942456072     90942868061        22535849     253428       3058     320000     154507     4    1100000    5058000  320000000  320000000
   1       33     3939   165524     90942868072     90943033596        22947848     161426       3058     320000         42     4    1100000    5058000  320000000  320000000
   1       33     3612   486458     90943033606     90943520064        23113383     316222       3058     320000     166510     7    1200000    5058000  320000000  320000000
   1       33     3608   303987     90943520074     90943824061        23599851     149802       3058     320000     150507     7    1200000    5058000  320000000  320000000
   1       33     3613   169522     90943824074     90943993595        23903850     165779       3058     320000         41     7    1200000    5058000  320000000  320000000
   1       33     3611   319999     90943993605     90944313605        24073382     316229       3058     320000         49     5    1200000    5058000  320000000  320000000
   1       33     3942   319989     90944313616     90944633605        24393393     215059       3058     320000         50     5    1100000    5058000  320000000  320000000
   1       33     3978   319937     90944633669     90944953606        24713445     217305       3058     320000         52     5    1100000    5058000  320000000  320000000
   1       33     3940   319990     90944953617     90945273607        25033393     315871       3058     320000         53     5    1100000    5058000  320000000  320000000
   1       33     3941   402457     90945273618     90945676075        25353395     315869       3058     320000      82521     5    1100000    5058000  320000000  320000000
   1       33     3940   237512     90945676086     90945913598        25755863     233407       3058     320000         44     5    1100000    5058000  320000000  320000000
   1       33     3942   320004     90945913609     90946233614        25993386     315856       3058     320000         60     6    1100000    5058000  320000000  320000000
   1       33     3942   319979     90946233625     90946553604        26313401     315846       3058     320000         49     4    1100000    5058000  320000000  320000000
   1       33     3939   319986     90946553615     90946873601        26633392     315877       3058     320000         47     4    1100000    5058000  320000000  320000000
   1       33     3939   319984     90946873613     90947193597        26953390     315883       3058     320000         44     4    1100000    5058000  320000000  320000000
   1       33     3612   320003     90947193608     90947513611        27273385     316221       3058     320000         57     5    1200000    5058000  320000000  320000000
   1       33     3940   534440     90947513623     90948048063        27593399     315862       3058     320000     214509     4    1100000    5058000  320000000  320000000
   1       33     3939   295985     90948048074     90948344059        28127851     101424       3058     320000     190506     4    1100000    5058000  320000000  320000000
   1       33     3939   129521     90948344071     90948473592        28423847     125431       3058     320000         38     4    1100000    5058000  320000000  320000000
   1       33     3939   319997     90948473603     90948793599        28553379     315900       3058     320000         46     4    1100000    5058000  320000000  320000000
   1       33     3941   320001     90948793611     90949113612        28873387     315881       3058     320000         58     7    1100000    5058000  320000000  320000000
   1       33     3939   322187     90949113623     90949435810        29193399     315874       3058     320000       2256     5    1100000    5058000  320000000  320000000
   1       33     3940   317767     90949435821     90949753588        29515598     313680       3058     320000         34     5    1100000    5058000  320000000  320000000
   1       33     3610   319999     90949753597     90950073596        29833374     316244       3058     320000         43     5    1200000    5058000  320000000  320000000
   1       33     3940   320000     90950073608     90950393607        30153384     315887       3058     320000         52     6    1100000    5058000  320000000  320000000
   1       33     3939   319980     90950393619     90950713599        30473395     315879       3058     320000         45     6    1100000    5058000  320000000  320000000
   1       33     3611   319992     90950713609     90951033601        30793385     316221       3058     320000         47     6    1200000    5058000  320000000  320000000
   1       33     3612   319988     90951033611     90951353599        31113388     316219       3058     320000         46     6    1200000    5058000  320000000  320000000
   1       33     3612   319991     90951353610     90951673601        31433387     316204       3058     320000         47     6    1200000    5058000  320000000  320000000
   1       33     3611   319984     90951673611     90951993595        31753387     316213       3058     320000         41     6    1200000    5058000  320000000  320000000
   1       33     3630   319984     90951993605     90952313589        32073382     316186       3058     320000         36     7    1200000    5058000  320000000  320000000
   1       33     3611   354421     90952313636     90952668057        32393413     316199       3058     320000      34503     5    1200000    5058000  320000000  320000000
   1       33     3608   492009     90952668067     90953160076        32747844     281809       3058     320000     206520     5    1200000    5058000  320000000  320000000
   1       33     3608   113505     90953160086     90953273591        33239863     109790       3058     320000         37     5    1200000    5058000  320000000  320000000
   1       33     3611   319990     90953273601     90953593591        33353378     316230       3058     320000         38     7    1200000    5058000  320000000  320000000
   1       33     3939   319998     90953593602     90953913600        33673379     315903       3058     320000         46     7    1100000    5058000  320000000  320000000
   1       33     3940   319988     90953913611     90954233599        33993388     315863       3058     320000         45     7    1100000    5058000  320000000  320000000
   1       33     3941   319989     90954233610     90954553599        34313387     315880       3058     320000         46     6    1100000    5058000  320000000  320000000
   1       33     3939   342446     90954553610     90954896057        34633387     315890       3058     320000      22503     5    1100000    5058000  320000000  320000000
   1       33     3939   297536     90954896067     90955193604        34975844     293437       3058     320000         50     5    1100000    5058000  320000000  320000000
   1       33     3940   319994     90955193615     90955513609        35273391     315886       3058     320000         55     5    1100000    5058000  320000000  320000000
   1       33     3940   319976     90955513620     90955833596        35593397     315868       3058     320000         42     5    1100000    5058000  320000000  320000000
   1       33     3941   320000     90955833607     90956153608        35913384     315882       3058     320000         54     4    1100000    5058000  320000000  320000000
   1       33     3612   319987     90956153618     90956473605        36233395     316207       3058     320000         50     4    1200000    5058000  320000000  320000000
   1       33     3939   319982     90956473616     90956793598        36553393     315870       3058     320000         44     4    1100000    5058000  320000000  320000000
   1       33     3940   320002     90956793609     90957113611        36873386     315882       3058     320000         57     7    1100000    5058000  320000000  320000000
   1       33     3940   319981     90957113622     90957433603        37193399     315873       3058     320000         49     5    1100000    5058000  320000000  320000000
   1       33     3939   319985     90957433614     90957753599        37513391     315882       3058     320000         45     5    1100000    5058000  320000000  320000000
   1       33     3611   319998     90957753609     90958073607        37833385     316215       3058     320000         53     5    1200000    5058000  320000000  320000000
   1       33     3940   319983     90958073618     90958393601        38153395     315874       3058     320000         47     5    1100000    5058000  320000000  320000000
   1       33     3940   319982     90958393612     90958713594        38473388     315878       3058     320000         40     5    1100000    5058000  320000000  320000000
   1       33     3940   319993     90958713605     90959033598        38793382     315893       3058     320000         44     5    1100000    5058000  320000000  320000000
   1       33     3612   319997     90959033608     90959353605        39113385     316207       3058     320000         50     5    1200000    5058000  320000000  320000000
   1       33     3939   319974     90959353616     90959673590        39433393     315875       3058     320000         36     5    1100000    5058000  320000000  320000000
   1       33     3939   319961     90959673643     90959993605        39753420     315854       3058     320000         49     5    1100000    5058000  320000000  320000000
   1       33     3941   319986     90959993615     90960313601        40073392     315870       3058     320000         47     5    1100000    5058000  320000000  320000000
   1       33     3611   319989     90960313611     90960633600        40393388     316216       3058     320000         46     5    1200000    5058000  320000000  320000000
   1       33     3611   319988     90960633611     90960953599        40713387     316224       3058     320000         45     5    1200000    5058000  320000000  320000000
   1       33     3612   319995     90960953609     90961273603        41033385     316215       3058     320000         50     5    1200000    5058000  320000000  320000000
   1       33     3611   319986     90961273614     90961593600        41353391     316213       3058     320000         46     5    1200000    5058000  320000000  320000000
   1       33     3612   319987     90961593610     90961913597        41673387     316212       3058     320000         44     5    1200000    5058000  320000000  320000000
   1       33     3946   319988     90961913609     90962233597        41993385     178407       3058     320000         43     7    1100000    5058000  320000000  320000000
   1       33     3939   326451     90962233608     90962560059        42313385     315885       3058     320000       6505     4    1100000    5058000  320000000  320000000
   1       33     3942   313521     90962560070     90962873591        42639846     309429       3058     320000         37     4    1100000    5058000  320000000  320000000
   1       33     3611   319992     90962873601     90963193593        42953378     316236       3058     320000         39     4    1200000    5058000  320000000  320000000
   1       33     3940   319999     90963193604     90963513603        43273380     315894       3058     320000         49     4    1100000    5058000  320000000  320000000
   1       33     3940   319995     90963513614     90963833609        43593390     315875       3058     320000         55     4    1100000    5058000  320000000  320000000
   1       33     3939   319970     90963833620     90964153590        43913396     315864       3058     320000         36     4    1100000    5058000  320000000  320000000
   1       33     3940   414485     90964153601     90964568086        44233378     315893       3058     320000      94532     4    1100000    5058000  320000000  320000000
   1       33     3940   225501     90964568097     90964793598        44647874     221401       3058     320000         44     7    1100000    5058000  320000000  320000000
   1       33     3940   319985     90964793609     90965113594        44873385     315890       3058     320000         40     4    1100000    5058000  320000000  320000000
   1       33     3939   320012     90965113605     90965433617        45193381     315898       3058     320000         63     4    1100000    5058000  320000000  320000000
   1       33     3942   319976     90965433628     90965753604        45513405     315827       3058     320000         50     4    1100000    5058000  320000000  320000000
   1       33     3612   319985     90965753614     90966073598        45833390     316208       3058     320000         45     6    1200000    5058000  320000000  320000000
   1       33     3612   319985     90966073609     90966393594        46153385     316208       3058     320000         41     6    1200000    5058000  320000000  320000000
   1       33     3728   319993     90966393604     90966713597        46473381     316114       3058     320000         44     5    1200000    5058000  320000000  320000000
   1       33     3939   319990     90966713609     90967033599        46793385     315893       3058     320000         45     7    1100000    5058000  320000000  320000000
   1       33     3940   319999     90967033610     90967353609        47113386     315890       3058     320000         55     4    1100000    5058000  320000000  320000000
   1       33     3612   319943     90967353656     90967673599        47433432     316170       3058     320000         45     7    1200000    5058000  320000000  320000000
   1       33     3613   319994     90967673609     90967993604        47753386     316217       3058     320000         49     7    1200000    5058000  320000000  320000000
   1       33     3939   319987     90967993614     90968313601        48073391     315883       3058     320000         47     7    1100000    5058000  320000000  320000000
   1       33     3940   319997     90968313612     90968633609        48393389     315882       3058     320000         55     7    1100000    5058000  320000000  320000000
   1       33     3940   319982     90968633620     90968953601        48713396     315867       3058     320000         48     7    1100000    5058000  320000000  320000000
   1       33     3940   319980     90968953613     90969273593        49033389     315874       3058     320000         39     7    1100000    5058000  320000000  320000000
   1       33     3940   319987     90969273604     90969593591        49353381     315897       3058     320000         37     7    1100000    5058000  320000000  320000000
   1       33     3939   319988     90969593602     90969913590        49673378     315890       3058     320000         37     7    1100000    5058000  320000000  320000000
   1       33     3612   320020     90969913600     90970233620        49993377     316224       3058     320000         66     7    1200000    5058000  320000000  320000000
   1       33     3612   319982     90970233630     90970553613        50313407     316189       3058     320000         59     6    1200000    5058000  320000000  320000000
   1       33     3939   319978     90970553624     90970873601        50633400     315870       3058     320000         48     7    1100000    5058000  320000000  320000000
   1       33     3940   320038     90970873612     90971193650        50953389     315877       3058     320000         94     7    1100000    5058000  320000000  320000000
   1       33     3940   398418     90971193662     90971592079        51273438     315820       3058     320000      78526     5    1100000    5058000  320000000  320000000
   1       33     3940   241511     90971592090     90971833601        51671867     237410       3058     320000         47     5    1100000    5058000  320000000  320000000
   1       33     3939   319980     90971833612     90972153593        51913389     315880       3058     320000         39     5    1100000    5058000  320000000  320000000
   1       33     3941   319987     90972153604     90972473590        52233380     315884       3058     320000         37     5    1100000    5058000  320000000  320000000
   1       33     3939   319998     90972473602     90972793600        52553378     315891       3058     320000         46     5    1100000    5058000  320000000  320000000
   1       33     3942   319991     90972793611     90973113602        52873387     315877       3058     320000         48     4    1100000    5058000  320000000  320000000
   1       33     3939   319990     90973113613     90973433603        53193389     315892       3058     320000         49     4    1100000    5058000  320000000  320000000
   1       33     3612   330447     90973433613     90973764061        53513390     316212       3058     320000      10507     7    1200000    5058000  320000000  320000000
   1       33     3608   309531     90973764070     90974073601        53843847     305807       3058     320000         47     7    1200000    5058000  320000000  320000000
   1       33     3939   319988     90974073612     90974393600        54153389     315887       3058     320000         46     7    1100000    5058000  320000000  320000000
   1       33     3940   319988     90974393611     90974713599        54473387     315878       3058     320000         45     7    1100000    5058000  320000000  320000000
   1       33     3940   319953     90974713650     90975033603        54793427     315838       3058     320000         49     7    1100000    5058000  320000000  320000000
   1       33     3938   319989     90975033613     90975353602        55113390     315892       3058     320000         48     7    1100000    5058000  320000000  320000000
   1       33     3939   319987     90975353613     90975673600        55433390     315881       3058     320000         47     7    1100000    5058000  320000000  320000000
   1       33     3940   319994     90975673611     90975993605        55753388     315867       3058     320000         51     7    1100000    5058000  320000000  320000000
   1       33     3939   730458     90975993617     90976724075        56073393     315876       3058     320000     410521     7    1100000    5058000  320000000  320000000
   1       33     3939     4054     90976724086     90976728140        56803863     -94588       3058     320000          0     7    1100000    5058000  320000000  320000000
   1       33     3939   225445     90976728151     90976953597        56807928     221345       3058     320000         42     7    1100000    5058000  320000000  320000000
   1       33     3940   320010     90976953608     90977273618        57033384     315883       3058     320000         64     4    1100000    5058000  320000000  320000000
   1       33     3939   319925     90977273664     90977593589        57353441     315825       3058     320000         36     7    1100000    5058000  320000000  320000000
   1       33     3611   320005     90977593599     90977913605        57673376     316239       3058     320000         51     7    1200000    5058000  320000000  320000000
   1       33     3938   319990     90977913616     90978233605        57993392     315878       3058     320000         51     7    1100000    5058000  320000000  320000000
   1       33     3939   319980     90978233617     90978553596        58313393     315873       3058     320000         42     5    1100000    5058000  320000000  320000000
   1       33     3941   319999     90978553607     90978873606        58633384     315884       3058     320000         51     4    1100000    5058000  320000000  320000000
   1       33     3941   319997     90978873617     90979193614        58953394     315856       3058     320000         59     4    1100000    5058000  320000000  320000000
   1       33     3939   319984     90979193625     90979513609        59273402     315864       3058     320000         56     4    1100000    5058000  320000000  320000000
   1       33     3612   319979     90979513620     90979833599        59593396     316201       3058     320000         45     6    1200000    5058000  320000000  320000000
   1       33     3612   319996     90979833609     90980153605        59913386     316215       3058     320000         51     6    1200000    5058000  320000000  320000000
   1       33     3941   319985     90980153617     90980473602        60233393     315876       3058     320000         48     4    1100000    5058000  320000000  320000000
   1       33     3940   319990     90980473613     90980793604        60553390     315881       3058     320000         48     4    1100000    5058000  320000000  320000000
   1       33     3625   319978     90980793614     90981113592        60873391     316153       3058     320000         38     4    1200000    5058000  320000000  320000000
   1       33     3611   510458     90981113602     90981624061        61193379     316225       3058     320000     190507     7    1200000    5058000  320000000  320000000
   1       33     3608   129528     90981624071     90981753599        61703847     125805       3058     320000         45     7    1200000    5058000  320000000  320000000
   1       33     3939   319935     90981753656     90982073591        61833432     315841       3058     320000         37     7    1100000    5058000  320000000  320000000
   1       33     3939   474469     90982073602     90982548072        62153379     315899       3058     320000     154517     7    1100000    5058000  320000000  320000000
   1       33     3939   275952     90982548126     90982824078        62627903     161369       3058     320000     110525     7    1100000    5058000  320000000  320000000
   1       33     3939   209510     90982824089     90983033599        62903866     205408       3058     320000         45     7    1100000    5058000  320000000  320000000
   1       33     4334   374453     90983033611     90983408065        63113388     315484       3058     320000      54511     6    1000000    5058000  320000000  320000000
   1       33     4337   265525     90983408077     90983673602        63487853     260987       3058     320000         48     6    1000000    5058000  320000000  320000000
   1       33     3940   319985     90983673613     90983993599        63753390     315878       3058     320000         45     6    1100000    5058000  320000000  320000000
   1       33     3941   319981     90983993610     90984313591        64073386     315890       3058     320000         37     7    1100000    5058000  320000000  320000000
   1       33     3939   319991     90984313601     90984633592        64393378     315904       3058     320000         38     7    1100000    5058000  320000000  320000000
   1       33     3939   319989     90984633603     90984953592        64713379     315906       3058     320000         38     7    1100000    5058000  320000000  320000000
   1       33     3940   319998     90984953603     90985273601        65033380     315897       3058     320000         47     7    1100000    5058000  320000000  320000000
   1       33     3940   319988     90985273611     90985593599        65353388     315880       3058     320000         45     7    1100000    5058000  320000000  320000000
   1       33     4337   319990     90985593612     90985913602        65673388      57378       3058     320000         47     5    1000000    5058000  320000000  320000000
   1       33     4334   319988     90985913614     90986233602        65993390     315488       3058     320000         48     4    1000000    5058000  320000000  320000000
   1       33     4333   319983     90986233614     90986553597        66313391     315485       3058     320000         43     7    1000000    5058000  320000000  320000000
   1       33     4334   319986     90986553609     90986873595        66633386     315487       3058     320000         41     4    1000000    5058000  320000000  320000000
   1       33     4334   319993     90986873607     90987193600        66953384     315495       3058     320000         46     4    1000000    5058000  320000000  320000000
   1       33     4335   320003     90987193612     90987513615        67273389     315463       3058     320000         61     7    1000000    5058000  320000000  320000000
   1       33     4333   319980     90987513627     90987833607        67593404     315453       3058     320000         54     6    1000000    5058000  320000000  320000000
   1       33     3940   319980     90987833619     90988153599        67913395     315870       3058     320000         45     6    1100000    5058000  320000000  320000000
   1       33     3939   319987     90988153610     90988473597        68233386     315887       3058     320000         43     7    1100000    5058000  320000000  320000000
   1       33     3940   319997     90988473608     90988793606        68553385     315889       3058     320000         52     6    1100000    5058000  320000000  320000000
   1       33     3939   319976     90988793616     90989113593        68873393     315875       3058     320000         39     6    1100000    5058000  320000000  320000000
   1       33     3941   391612     90989113604     90989505216        69193380     315882       3058     320000      71662     6    1100000    5058000  320000000  320000000
   1       33     3940   248369     90989505227     90989753596        69585004     244265       3058     320000         43     7    1100000    5058000  320000000  320000000
   1       33     3940   319957     90989753648     90990073605        69833424     315846       3058     320000         51     5    1100000    5058000  320000000  320000000
   1       33     4334   319977     90990073618     90990393594        70153394     315470       3058     320000         41     5    1000000    5058000  320000000  320000000
   1       33     3954   319994     90990393605     90990713599        70473382     315834       3058     320000         45     5    1100000    5058000  320000000  320000000
   1       33     3938   319981     90990713611     90991033592        70793388     315888       3058     320000         39     4    1100000    5058000  320000000  320000000
   1       33     3939   320013     90991033604     90991353616        71113380     315883       3058     320000         60     4    1100000    5058000  320000000  320000000
   1       33     3939   319970     90991353627     90991673597        71433404     315867       3058     320000         43     4    1100000    5058000  320000000  320000000
   1       33     4353   319984     90991673610     90991993593        71753386     315427       3058     320000         39     4    1000000    5058000  320000000  320000000
   1       33     4332   319987     90991993606     90992313593        72073383     315497       3058     320000         39     7    1000000    5058000  320000000  320000000
   1       33     4333   430455     90992313606     90992744061        72393382     315484       3058     320000     110507     7    1000000    5058000  320000000  320000000
   1       33     4334   209524     90992744073     90992953597        72823850     205028       3058     320000         43     7    1000000    5058000  320000000  320000000
   1       33     3941   319992     90992953608     90993273601        73033385     315875       3058     320000         47     6    1100000    5058000  320000000  320000000
   1       33     3939   319994     90993273612     90993593606        73353388     315872       3058     320000         52     6    1100000    5058000  320000000  320000000
   1       33     3941   319982     90993593617     90993913599        73673394     315867       3058     320000         46     4    1100000    5058000  320000000  320000000
   1       33     4332   319983     90993913611     90994233595        73993388     315485       3058     320000         40     7    1000000    5058000  320000000  320000000
   1       33     4335   319999     90994233606     90994553605        74313383     315464       3058     320000         51     7    1000000    5058000  320000000  320000000
   1       33     4332   319982     90994553617     90994873599        74633394     315480       3058     320000         45     7    1000000    5058000  320000000  320000000
   1       33     3940   319992     90994873610     90995193602        74953387     315877       3058     320000         48     7    1100000    5058000  320000000  320000000
   1       33     4352   319988     90995193615     90995513603        75273391     315433       3058     320000         49     5    1000000    5058000  320000000  320000000
   1       33     4334   319983     90995513615     90995833598        75593392     315477       3058     320000         44     6    1000000    5058000  320000000  320000000
   1       33     3941   319982     90995833609     90996153591        75913385     315893       3058     320000         37     7    1100000    5058000  320000000  320000000
   1       33     3939   320003     90996153602     90996473605        76233378     315904       3058     320000         50     7    1100000    5058000  320000000  320000000
   1       33     3939   320022     90996473616     90996793638        76553393     315877       3058     320000         84     7    1100000    5058000  320000000  320000000
   1       33     3939   319961     90996793650     90997113612        76873427     315836       3058     320000         58     4    1100000    5058000  320000000  320000000
   1       33     4333   319979     90997113624     90997433603        77193401     315460       3058     320000         50     4    1000000    5058000  320000000  320000000
   1       33     4333   319949     90997433661     90997753610        77513437     315426       3058     320000         56     4    1000000    5058000  320000000  320000000
   1       33     4335   319982     90997753622     90998073605        77833399     315451       3058     320000         51     4    1000000    5058000  320000000  320000000
   1       33     4337   319992     90998073617     90998393609        78153394     315447       3058     320000         55     4    1000000    5058000  320000000  320000000
   1       33     4334   319981     90998393621     90998713601        78473397     315467       3058     320000         48     4    1000000    5058000  320000000  320000000
   1       33     4335   319987     90998713613     90999033600        78793390     315485       3058     320000         47     7    1000000    5058000  320000000  320000000
   1       33     3940   319993     90999033612     90999353605        79113388     315876       3058     320000         51     7    1100000    5058000  320000000  320000000
   1       33     3939   319999     90999353616     90999673614        79433392     315885       3058     320000         60     7    1100000    5058000  320000000  320000000
   1       33     3939   319981     90999673625     90999993607        79753402     315864       3058     320000         52     7    1100000    5058000  320000000  320000000
   1       33     4352   319975     90999993619     91000313594        80073396     315422       3058     320000         40     6    1000000    5058000  320000000  320000000
   1       33     3939   319988     91000313606     91000633594        80393382     315900       3058     320000         40     7    1100000    5058000  320000000  320000000
   1       33     3939   319999     91000633604     91000953603        80713381     315896       3058     320000         49     7    1100000    5058000  320000000  320000000
   1       33     4334   320000     91000953615     91001273615        81033392     315457       3058     320000         61     7    1000000    5058000  320000000  320000000
   1       33     4334   319965     91001273628     91001593593        81353404     315441       3058     320000         39     4    1000000    5058000  320000000  320000000
   1       33     4351   320001     91001593605     91001913607        81673382     315441       3058     320000         53     4    1000000    5058000  320000000  320000000
   1       33     4333   458467     91001913619     91002372086        81993396     315471       3058     320000     138532     5    1000000    5058000  320000000  320000000
   1       33     4333   291966     91002372098     91002664064        82451875     176988       3058     320000     110510     7    1000000    5058000  320000000  320000000
   1       33     4333   209525     91002664077     91002873601        82743853     205025       3058     320000         48     7    1000000    5058000  320000000  320000000
   1       33     4334   319988     91002873613     91003193601        82953390     315490       3058     320000         47     6    1000000    5058000  320000000  320000000
   1       33     4333   319987     91003193613     91003513600        83273389     315489       3058     320000         46     4    1000000    5058000  320000000  320000000
   1       33     4333   350463     91003513612     91003864075        83593389     315472       3058     320000      30521     5    1000000    5058000  320000000  320000000
   1       33     4333   289520     91003864087     91004153607        83943863     285001       3058     320000         51     5    1000000    5058000  320000000  320000000
   1       33     4333   319979     91004153618     91004473597        84233395     315465       3058     320000         43     5    1000000    5058000  320000000  320000000
   1       33     4333   319988     91004473609     91004793598        84553386     315481       3058     320000         43     4    1000000    5058000  320000000  320000000
   1       33     4355   319940     91004793656     91005113597        84873433     315384       3058     320000         43     4    1000000    5058000  320000000  320000000
   1       33     4335   319985     91005113609     91005433594        85193385     315473       3058     320000         40     6    1000000    5058000  320000000  320000000
   1       33     4333   346456     91005433605     91005780061        85513382     315486       3058     320000      26507     6    1000000    5058000  320000000  320000000
   1       33     4336   293519     91005780073     91006073592        85859850     289009       3058     320000         39     6    1000000    5058000  320000000  320000000
   1       33     3611   320008     91006073603     91006393611        86153380     316218       3058     320000         57     4    1200000    5058000  320000000  320000000
   1       33     3941   366437     91006393622     91006760059        86473399     315867       3058     320000      46505     7    1100000    5058000  320000000  320000000
   1       33     3939   273528     91006760070     91007033598        86839847     269429       3058     320000         44     7    1100000    5058000  320000000  320000000
   1       33     3939   319993     91007033609     91007353602        87113385     315888       3058     320000         48     5    1100000    5058000  320000000  320000000
   1       33     3939   319994     91007353613     91007673607        87433389     315888       3058     320000         53     4    1100000    5058000  320000000  320000000
   1       33     3940   319983     91007673618     91007993602        87753395     315873       3058     320000         48     6    1100000    5058000  320000000  320000000
   1       33     3940   319998     91007993613     91008313611        88073390     315870       3058     320000         57     6    1100000    5058000  320000000  320000000
   1       33     3611   319969     91008313623     91008633592        88393400     316201       3058     320000         39     5    1200000    5058000  320000000  320000000
   1       33     3613   319997     91008633602     91008953599        88713379     316190       3058     320000         46     5    1200000    5058000  320000000  320000000
   1       33     3611   319993     91008953610     91009273603        89033386     316215       3058     320000         48     5    1200000    5058000  320000000  320000000
   1       33     3939   319990     91009273614     91009593604        89353390     315880       3058     320000         50     5    1100000    5058000  320000000  320000000
   1       33     3939   319986     91009593615     91009913601        89673392     315874       3058     320000         47     5    1100000    5058000  320000000  320000000
   1       33     3611   319989     91009913611     91010233600        89993388     316212       3058     320000         47     5    1200000    5058000  320000000  320000000
   1       33     3612   319994     91010233610     91010553604        90313387     316216       3058     320000         49     5    1200000    5058000  320000000  320000000
   1       33     3940   320005     91010553616     91010873621        90633392     315876       3058     320000         65     5    1100000    5058000  320000000  320000000
   1       33     3827   319970     91010873632     91011193602        90953409     315963       3058     320000         48     5    1100000    5058000  320000000  320000000
   1       33     3611   319978     91011193612     91011513590        91273389     316215       3058     320000         37     5    1200000    5058000  320000000  320000000
