#idx     perf      run   period           start             end          rel_st      slack c_duration   c_period     wu_lat   cpu       freq dl_runtime  dl_period dl_deadline
   2     1165   108392   770938    117247629116    117248400054         1499148     467968     107258    1010000      89043     4    1400000  112904000 1010000000 1010000000
   2     1165   116954   942612    117248400063    117249342675         2270096     -21666     107258    1010000          0     4    1300000  112904000 1010000000 1010000000
   2     1165   126416  1028604    117249342686    117250371289         3212719     -40280     107258    1010000          0     4    1200000  112904000 1010000000 1010000000
   2     1165   126429  1061437    117250371299    117251432736         4241332     -91726     107258    1010000          0     4    1200000  112904000 1010000000 1010000000
   2     1165   126410  1117873    117251432747    117252550619         5302780    -199610     107258    1010000          0     4    1200000  112904000 1010000000 1010000000
   2     1165   126415   910281    117252550629    117253460911         6420662     -99901     107258    1010000          0     4    1200000  112904000 1010000000 1010000000
   2     1165   132930  1382090    117253460920    117254843010         7330953    -472000     107258    1010000          0     4    1200000  112904000 1010000000 1010000000
   2     1165   129559   984879    117254843021    117255827900         8713054    -446890     107258    1010000          0     4    1100000  112904000 1010000000 1010000000
   2     1165   126404   967480    117255827910    117256795390         9697943    -404380     107258    1010000          0     4    1200000  112904000 1010000000 1010000000
   2     1165   137505  1667086    117256795400    117258462486        10665433   -1061476     107258    1010000          0     4    1200000  112904000 1010000000 1010000000
   2     1165   134205  1093919    117258462497    117259556416        12332530   -1145406     107258    1010000          0     4    1100000  112904000 1010000000 1010000000
   2     1165   126416  1018445    117259556426    117260574871        13426459   -1153861     107258    1010000          0     4    1200000  112904000 1010000000 1010000000
   2     1165   126391  1334975    117260574881    117261909856        14444913   -1478846     107258    1010000          0     4    1200000  112904000 1010000000 1010000000
   2     1165   126402  1052106    117261909866    117262961971        15779898   -1520961     107258    1010000          0     4    1200000  112904000 1010000000 1010000000
   2     1165   135086   834910    117262961981    117263796891        16832014   -1345881     107258    1010000          0     4    1200000  112904000 1010000000 1010000000
   2     1165   127098  1688921    117263796902    117265485823        17666935   -2024813     107258    1010000          0     4    1100000  112904000 1010000000 1010000000
   2     1165   128133  1114812    117265485834    117266600646        19355867   -2129636     107258    1010000          0     4    1200000  112904000 1010000000 1010000000
   2     1165   134313   981771    117266600657    117267582428        20470690   -2101418     107258    1010000          0     4    1100000  112904000 1010000000 1010000000
   2     1165   126407  1109784    117267582438    117268692222        21452471   -2201213     107258    1010000          0     4    1200000  112904000 1010000000 1010000000
   2     1165   126417  1340267    117268692232    117270032499        22562265   -2531489     107258    1010000          0     4    1200000  112904000 1010000000 1010000000
   2     1165   133910   916144    117270032509    117270948654        23902542   -2437644     107258    1010000          0     4    1200000  112904000 1010000000 1010000000
   2     1165   128417   950992    117270948665    117271899657        24818697   -2378647     107258    1010000          0     4    1100000  112904000 1010000000 1010000000
   2     1165   137386  1680877    117271899667    117273580544        25769700   -3049534     107258    1010000          0     4    1200000  112904000 1010000000 1010000000
   2     1165   134537  1153874    117273580602    117274734476        27450635   -3193467     107258    1010000          0     4    1100000  112904000 1010000000 1010000000
   2     1165   131226  1040548    117274734486    117275775035        28604519   -3224025     107258    1010000          0     4    1200000  112904000 1010000000 1010000000
   2     1165   137918  1334768    117275775045    117277109814        29645078   -3548803     107258    1010000          0     4    1100000  112904000 1010000000 1010000000
   2     1165   137920  1061553    117277109825    117278171377        30979857   -3600367     107258    1010000          0     4    1100000  112904000 1010000000 1010000000
   2     1165   126767  1459379    117278171388    117279630766        32041421   -4049757     107258    1010000          0     4    1100000  112904000 1010000000 1010000000
   2     1165   126425  1074776    117279630777    117280705553        33500810   -4114543     107258    1010000          0     4    1200000  112904000 1010000000 1010000000
   2     1165   126409  1011166    117280705563    117281716730        34575596   -4115720     107258    1010000          0     4    1200000  112904000 1010000000 1010000000
   2     1165   130975  1078754    117281716740    117282795493        35586773   -4184483     107258    1010000          0     4    1200000  112904000 1010000000 1010000000
   2     1165   137898  1093763    117282795504    117283889267        36665537   -4268257     107258    1010000          0     4    1100000  112904000 1010000000 1010000000
   2     1165   129448  1338499    117283889278    117285227776        37759310   -4596767     107258    1010000          0     4    1100000  112904000 1010000000 1010000000
   2     1165   126440   941548    117285227786    117286169334        39097819   -4528324     107258    1010000          0     4    1200000  112904000 1010000000 1010000000
   2     1165   127401  1550750    117286169343    117287720093        40039376   -5069083     107258    1010000          0     4    1200000  112904000 1010000000 1010000000
   2     1165   135004  1118308    117287720104    117288838412        41590136   -5177402     107258    1010000          0     4    1100000  112904000 1010000000 1010000000
   2     1165   126421   987548    117288838422    117289825970        42708455   -5154960     107258    1010000          0     4    1200000  112904000 1010000000 1010000000
   2     1165   126441  1102384    117289825980    117290928364        43696013   -5247354     107258    1010000          0     4    1200000  112904000 1010000000 1010000000
   2     1165   133257  1310093    117290928374    117292238467        44798406   -5547457     107258    1010000          0     4    1200000  112904000 1010000000 1010000000
   2     1165   137942  1029879    117292238477    117293268356        46108510   -5567346     107258    1010000          0     4    1100000  112904000 1010000000 1010000000
   2     1165   136405  1579720    117293268367    117294848087        47138400   -6137077     107258    1010000          0     4    1100000  112904000 1010000000 1010000000
   2     1165   129196   997113    117294848097    117295845209        48718130   -6124199     107258    1010000          0     4    1200000  112904000 1010000000 1010000000
   2     1165   132989  1162094    117295845220    117297007314        49715253   -6276304     107258    1010000          0     4    1100000  112904000 1010000000 1010000000
   2     1165   132549  1064380    117297007324    117298071704        50877357   -6330694     107258    1010000          0     4    1200000  112904000 1010000000 1010000000
   2     1165   137929  1241087    117298071715    117299312801        51941748   -6561792     107258    1010000          0     4    1100000  112904000 1010000000 1010000000
   2     1165   137883  1653519    117299312812    117300966331        53182845   -7205321     107258    1010000          0     4    1100000  112904000 1010000000 1010000000
   2     1165   137896  1086210    117300966342    117302052552        54836375   -7281543     107258    1010000          0     4    1100000  112904000 1010000000 1010000000
   2     1165   137906   998934    117302052603    117303051537        55922636   -7270527     107258    1010000          0     4    1100000  112904000 1010000000 1010000000
   2     1165   137897  1101091    117303051547    117304152638        56921580   -7361628     107258    1010000          0     4    1100000  112904000 1010000000 1010000000
   2     1165   128583  1035324    117304152649    117305187973        58022682   -7386963     107258    1010000          0     4    1100000  112904000 1010000000 1010000000
   2     1165   126430  1707556    117305187983    117306895539        59058016   -8084529     107258    1010000          0     4    1200000  112904000 1010000000 1010000000
   2     1165   126414  1217066    117306895549    117308112615        60765582   -8291606     107258    1010000          0     4    1200000  112904000 1010000000 1010000000
   2     1165   129109   880246    117308112625    117308992871        61982658   -8161861     107258    1010000          0     4    1200000  112904000 1010000000 1010000000
   2     1165   133153  1085802    117308992881    117310078683        62862914   -8237673     107258    1010000          0     4    1100000  112904000 1010000000 1010000000
   2     1165   126403   991236    117310078693    117311069929        63948726   -8218919     107258    1010000          0     4    1200000  112904000 1010000000 1010000000
   2     1165   126434  1111217    117311069939    117312181155        64939972   -8320146     107258    1010000          0     4    1200000  112904000 1010000000 1010000000
   2     1165   134634  1089170    117312181165    117313270335        66051198   -8399325     107258    1010000          0     4    1200000  112904000 1010000000 1010000000
   2     1165   136986  1960572    117313270345    117315230918        67140378   -9349908     107258    1010000          0     4    1100000  112904000 1010000000 1010000000
   2     1165   128715   988640    117315230927    117316219568        69100960   -9328558     107258    1010000          0     4    1200000  112904000 1010000000 1010000000
   2     1165   137900   905621    117316219578    117317125200        70089611   -9224190     107258    1010000          0     4    1100000  112904000 1010000000 1010000000
   2     1165   137907  1083565    117317125210    117318208775        70995243   -9297765     107258    1010000          0     4    1100000  112904000 1010000000 1010000000
   2     1165   129326  1013834    117318208786    117319222620        72078819   -9301610     107258    1010000          0     4    1100000  112904000 1010000000 1010000000
   2     1165   136298  1818647    117319222630    117321041277        73092663  -10110268     107258    1010000          0     4    1200000  112904000 1010000000 1010000000
   2     1165   137918  1252056    117321041289    117322293345        74911321  -10352335     107258    1010000          0     4    1100000  112904000 1010000000 1010000000
   2     1165   137893  1085544    117322293356    117323378900        76163388  -10427890     107258    1010000          0     4    1100000  112904000 1010000000 1010000000
   2     1165   137912   983564    117323378910    117324362474        77248943  -10401464     107258    1010000          0     4    1100000  112904000 1010000000 1010000000
   2     1165   137913  1017446    117324362485    117325379930        78232518  -10408921     107258    1010000          0     4    1100000  112904000 1010000000 1010000000
   2     1165   136581  1813522    117325379941    117327193464        79249974  -11212454     107258    1010000          0     4    1100000  112904000 1010000000 1010000000
   2     1165   126410   942231    117327193473    117328135705        81063506  -11144695     107258    1010000          0     4    1200000  112904000 1010000000 1010000000
   2     1165   130231  1385015    117328135714    117329520729        82005747  -11519719     107258    1010000          0     4    1200000  112904000 1010000000 1010000000
   2     1165   137922  1026765    117329520782    117330547546        83390814  -11536536     107258    1010000          0     4    1100000  112904000 1010000000 1010000000
   2     1165   137914   971061    117330547557    117331518617        84417589  -11497608     107258    1010000          0     4    1100000  112904000 1010000000 1010000000
   2     1165   127842  1649441    117331518628    117333168069        85388661  -12137060     107258    1010000          0     4    1100000  112904000 1010000000 1010000000
   2     1165   127676  1015201    117333168079    117334183281        87038112  -12142271     107258    1010000          0     4    1200000  112904000 1010000000 1010000000
   2     1165   138274  1187681    117334183291    117335370972        88053324  -12319962     107258    1010000          0     4    1100000  112904000 1010000000 1010000000
   2     1165   137865  1072677    117335370983    117336443661        89241016  -12382651     107258    1010000          0     4    1100000  112904000 1010000000 1010000000
