#idx     perf      run   period           start             end          rel_st      slack c_duration   c_period     wu_lat   cpu       freq dl_runtime  dl_period dl_deadline
   6       22     2125   189954    154378224254    154378414208         1513585     165632       2093     190000         43     6    1400000    4093000  190000000  190000000
   6       22     2122   189995    154378414218    154378604213         1703549     187725       2093     190000         48     4    1400000    4093000  190000000  190000000
   6       22     2118   189992    154378604222    154378794214         1893553     187761       2093     190000         49     4    1400000    4093000  190000000  190000000
   6       22     2122   189975    154378794223    154378984199         2083554     187718       2093     190000         33     4    1400000    4093000  190000000  190000000
   6       22     2119   190000    154378984207    154379174208         2273539     187777       2093     190000         43     4    1400000    4093000  190000000  190000000
   6       22     2124   189990    154379174216    154379364207         2463548     187714       2093     190000         41     4    1400000    4093000  190000000  190000000
   6       22     2120   189980    154379364216    154379554196         2653547     187750       2093     190000         31     4    1400000    4093000  190000000  190000000
   6       22     2122   189992    154379554205    154379744197         2843536     187743       2093     190000         32     4    1400000    4093000  190000000  190000000
   6       22     2119   190002    154379744207    154379934209         3033538     187777       2093     190000         44     4    1400000    4093000  190000000  190000000
   6       22     2122   189982    154379934218    154380124200         3223549     187728       2093     190000         35     4    1400000    4093000  190000000  190000000
   6       22     2121   190007    154380124209    154380314216         3413540     187757       2093     190000         51     4    1400000    4093000  190000000  190000000
   6       22     2123   189989    154380314225    154380504214         3603556     187716       2093     190000         49     4    1400000    4093000  190000000  190000000
   6       22     2119   189988    154380504223    154380694211         3793554     187761       2093     190000         46     4    1400000    4093000  190000000  190000000
   6       22     2122   190002    154380694221    154380884222         3983552     187731       2093     190000         56     4    1400000    4093000  190000000  190000000
   6       22     2119   189994    154380884232    154381074225         4173563     187746       2093     190000         59     4    1400000    4093000  190000000  190000000
   6       22     2123   189972    154381074234    154381264207         4363566     187697       2093     190000         40     5    1400000    4093000  190000000  190000000
   6       22     2118   189985    154381264215    154381454201         4553547     187770       2093     190000         35     5    1400000    4093000  190000000  190000000
   6       22     2124   190004    154381454210    154381644213         4743541     187715       2093     190000         48     4    1400000    4093000  190000000  190000000
   6       22     2119   189975    154381644223    154381834198         4933554     187758       2093     190000         32     4    1400000    4093000  190000000  190000000
   6       22     2122   190000    154381834207    154382024207         5123538     187732       2093     190000         42     4    1400000    4093000  190000000  190000000
   6       22     2119   189991    154382024216    154382214207         5313547     187770       2093     190000         41     4    1400000    4093000  190000000  190000000
   6       22     2121   190002    154382214216    154382404217         5503547     187729       2093     190000         52     4    1400000    4093000  190000000  190000000
   6       22     2119   189988    154382404226    154382594214         5693557     187749       2093     190000         49     4    1400000    4093000  190000000  190000000
   6       22     2122   189966    154382594259    154382784225         5883590     187695       2093     190000         59     4    1400000    4093000  190000000  190000000
   6       22     2119   189967    154382784234    154382974201         6073565     187748       2093     190000         35     4    1400000    4093000  190000000  190000000
   6       22     2123   190001    154382974209    154383164210         6263541     187719       2093     190000         45     4    1400000    4093000  190000000  190000000
   6       22     2119   189987    154383164219    154383354206         6453550     187764       2093     190000         41     4    1400000    4093000  190000000  190000000
   6       22     2122   190013    154383354215    154383544228         6643547     187732       2093     190000         61     4    1400000    4093000  190000000  190000000
   6       22     2121   189959    154383544237    154383734196         6833568     187716       2093     190000         31     4    1400000    4093000  190000000  190000000
   6       22     2122   190032    154383734205    154383924237         7023536     187743       2093     190000         72     4    1400000    4093000  190000000  190000000
   6       22     2119   189970    154383924246    154384114216         7213577     187735       2093     190000         51     5    1400000    4093000  190000000  190000000
   6       22     2125   189987    154384114225    154384304212         7403556     187690       2093     190000         47     6    1400000    4093000  190000000  190000000
   6       22     2119   189991    154384304221    154384494212         7593552     187763       2093     190000         47     6    1400000    4093000  190000000  190000000
   6       22     2122   189976    154384494221    154384684197         7783552     187735       2093     190000         32     6    1400000    4093000  190000000  190000000
   6       22     2119   190008    154384684206    154384874214         7973537     187779       2093     190000         49     6    1400000    4093000  190000000  190000000
   6       22     2122   190013    154384874223    154385064235         8163554     187716       2093     190000         70     6    1400000    4093000  190000000  190000000
   6       22     2119   189973    154385064244    154385254218         8353576     187736       2093     190000         51     4    1400000    4093000  190000000  190000000
   6       22     2122   189987    154385254227    154385444214         8543558     187706       2093     190000         48     4    1400000    4093000  190000000  190000000
   6       22     2119   189983    154385444223    154385634206         8733554     187761       2093     190000         41     4    1400000    4093000  190000000  190000000
   6       22     2122   189992    154385634215    154385824208         8923547     187726       2093     190000         41     4    1400000    4093000  190000000  190000000
   6       22     2121   189989    154385824218    154386014207         9113549     187750       2093     190000         40     4    1400000    4093000  190000000  190000000
   6       22     2122   190015    154386014215    154386204230         9303547     187728       2093     190000         65     4    1400000    4093000  190000000  190000000
   6       22     2120   189987    154386204241    154386394227         9493572     187720       2093     190000         62     4    1400000    4093000  190000000  190000000
   6       22     2122   190000    154386394236    154386584236         9683567     187693       2093     190000         70     4    1400000    4093000  190000000  190000000
   6       22     2119   189998    154386584245    154386774243         9873576     187735       2093     190000         78     4    1400000    4093000  190000000  190000000
   6       22     2122   189955    154386774252    154386964208        10063584     187686       2093     190000         43     6    1400000    4093000  190000000  190000000
   6       22     2119   189992    154386964217    154387154209        10253548     187767       2093     190000         42     6    1400000    4093000  190000000  190000000
   6       22     2124   189961    154387154250    154387344211        10443581     187679       2093     190000         45     6    1400000    4093000  190000000  190000000
   6       22     2119   189986    154387344219    154387534206        10633551     187761       2093     190000         41     6    1400000    4093000  190000000  190000000
   6       22     2121   190003    154387534215    154387724218        10823546     187737       2093     190000         53     6    1400000    4093000  190000000  190000000
   6       22     2119   189984    154387724226    154387914210        11013558     187757       2093     190000         45     6    1400000    4093000  190000000  190000000
   6       22     2122   189991    154387914219    154388104210        11203550     187729       2093     190000         45     6    1400000    4093000  190000000  190000000
   6       22     2119   189980    154388104219    154388294199        11393550     187763       2093     190000         34     6    1400000    4093000  190000000  190000000
   6       22     2122   190019    154388294208    154388484227        11583539     187705       2093     190000         62     6    1400000    4093000  190000000  190000000
   6       22     2121   189973    154388484236    154388674209        11773567     187725       2093     190000         42     4    1400000    4093000  190000000  190000000
   6       22     2124   190007    154388674218    154388864225        11963549     187712       2093     190000         59     4    1400000    4093000  190000000  190000000
   6       22     2120   189984    154388864234    154389054217        12153565     187733       2093     190000         52     4    1400000    4093000  190000000  190000000
   6       22     2122   189970    154389054226    154389244196        12343557     187718       2093     190000         31     4    1400000    4093000  190000000  190000000
   6       22     2119   190009    154389244205    154389434214        12533536     187780       2093     190000         49     4    1400000    4093000  190000000  190000000
   6       22     2124   189999    154389434223    154389624221        12723554     187708       2093     190000         56     4    1400000    4093000  190000000  190000000
   6       22     2119   189983    154389624230    154389814213        12913561     187747       2093     190000         48     5    1400000    4093000  190000000  190000000
   6       22     2123   189976    154389814222    154390004198        13103553     187718       2093     190000         33     5    1400000    4093000  190000000  190000000
   6       22     2119   190004    154390004207    154390194211        13293538     187778       2093     190000         46     5    1400000    4093000  190000000  190000000
   6       22     2122   189985    154390194219    154390384205        13483551     187727       2093     190000         39     5    1400000    4093000  190000000  190000000
   6       22     2119   189992    154390384213    154390574205        13673545     187771       2093     190000         40     5    1400000    4093000  190000000  190000000
   6       22     2122   190004    154390574214    154390764218        13863545     187727       2093     190000         53     5    1400000    4093000  190000000  190000000
   6       22     2119   189969    154390764227    154390954196        14053558     187749       2093     190000         31     5    1400000    4093000  190000000  190000000
   6       22     2122   190004    154390954204    154391144208        14243536     187749       2093     190000         43     5    1400000    4093000  190000000  190000000
   6       22     2119   189994    154391144217    154391334211        14433548     187769       2093     190000         45     5    1400000    4093000  190000000  190000000
   6       22     2122   190038    154391334219    154391524258        14623551     187723       2093     190000         92     5    1400000    4093000  190000000  190000000
   6       22     2119   189906    154391524300    154391714207        14813632     187681       2093     190000         41     6    1400000    4093000  190000000  190000000
   6       22     2122   190042    154391714216    154391904257        15003547     187732       2093     190000         92     6    1400000    4093000  190000000  190000000
   6       22     2119   189936    154391904266    154392094202        15193597     187714       2093     190000         37     5    1400000    4093000  190000000  190000000
   6       22     2122   190005    154392094211    154392284216        15383542     187735       2093     190000         51     4    1400000    4093000  190000000  190000000
   6       22     2119   190001    154392284225    154392474226        15573557     187748       2093     190000         61     4    1400000    4093000  190000000  190000000
   6       22     2123   189962    154392474235    154392664197        15763566     187700       2093     190000         32     5    1400000    4093000  190000000  190000000
   6       22     2119   189989    154392664206    154392854196        15953537     187778       2093     190000         31     5    1400000    4093000  190000000  190000000
   6       22     2122   190002    154392854204    154393044206        16143535     187747       2093     190000         41     5    1400000    4093000  190000000  190000000
   6       22     2121   189992    154393044215    154393234207        16333546     187752       2093     190000         42     5    1400000    4093000  190000000  190000000
   6       22     2122   189991    154393234215    154393424207        16523547     187735       2093     190000         42     5    1400000    4093000  190000000  190000000
   6       22     2119   189997    154393424215    154393614213        16713546     187768       2093     190000         47     5    1400000    4093000  190000000  190000000
   6       22     2122   189975    154393614221    154393804197        16903553     187716       2093     190000         32     5    1400000    4093000  190000000  190000000
   6       22     2119   189999    154393804206    154393994205        17093537     187778       2093     190000         40     5    1400000    4093000  190000000  190000000
   6       22     2122   190043    154393994214    154394184256        17283545     187733       2093     190000         91     5    1400000    4093000  190000000  190000000
   6       22     2119   189938    154394184266    154394374204        17473597     187707       2093     190000         39     4    1400000    4093000  190000000  190000000
   6       22     2124   190001    154394374213    154394564214        17663544     187715       2093     190000         48     4    1400000    4093000  190000000  190000000
   6       22     2119   189991    154394564223    154394754214        17853554     187754       2093     190000         48     4    1400000    4093000  190000000  190000000
   6       22     2122   190006    154394754222    154394944229        18043554     187713       2093     190000         63     4    1400000    4093000  190000000  190000000
   6       22     2119   189977    154394944238    154395134215        18233569     187737       2093     190000         50     4    1400000    4093000  190000000  190000000
   6       22     2122   190010    154395134224    154395324235        18423556     187716       2093     190000         70     4    1400000    4093000  190000000  190000000
   6       22     2119   189970    154395324243    154395514214        18613575     187728       2093     190000         49     5    1400000    4093000  190000000  190000000
   6       22     2122   189986    154395514222    154395704208        18803553     187713       2093     190000         43     5    1400000    4093000  190000000  190000000
   6       22     2119   189984    154395704216    154395894200        18993548     187768       2093     190000         35     5    1400000    4093000  190000000  190000000
   6       22     2122   190011    154395894209    154396084219        19183540     187728       2093     190000         54     5    1400000    4093000  190000000  190000000
   6       22     2119   189946    154396084259    154396274205        19373591     187721       2093     190000         40     5    1400000    4093000  190000000  190000000
   6       22     2122   190010    154396274214    154396464225        19563545     187733       2093     190000         59     5    1400000    4093000  190000000  190000000
   6       22     2119   189977    154396464233    154396654211        19753565     187747       2093     190000         45     5    1400000    4093000  190000000  190000000
   6       22     2122   190023    154396654220    154396844242        19943551     187725       2093     190000         77     5    1400000    4093000  190000000  190000000
   6       22     2121   189963    154396844251    154397034213        20133582     187717       2093     190000         48     4    1400000    4093000  190000000  190000000
   6       22     2122   189978    154397034222    154397224201        20323553     187724       2093     190000         35     4    1400000    4093000  190000000  190000000
   6       22     2121   189997    154397224210    154397414207        20513541     187756       2093     190000         42     4    1400000    4093000  190000000  190000000
   6       22     2122   189990    154397414216    154397604206        20703547     187726       2093     190000         40     4    1400000    4093000  190000000  190000000
   6       22     2119   189993    154397604214    154397794207        20893545     187770       2093     190000         42     4    1400000    4093000  190000000  190000000
   6       22     2123   189992    154397794216    154397984207        21083547     187719       2093     190000         42     4    1400000    4093000  190000000  190000000
   6       22     2119   190008    154397984216    154398174225        21273547     187769       2093     190000         57     4    1400000    4093000  190000000  190000000
   6       22     2122   189954    154398174252    154398364206        21463583     187676       2093     190000         41     5    1400000    4093000  190000000  190000000
   6       22     2119   189981    154398364215    154398554196        21653546     187769       2093     190000         31     5    1400000    4093000  190000000  190000000
   6       22     2122   190017    154398554205    154398744221        21843536     187736       2093     190000         56     5    1400000    4093000  190000000  190000000
   6       22     2119   189977    154398744230    154398934207        22033561     187745       2093     190000         41     5    1400000    4093000  190000000  190000000
   6       22     2121   189998    154398934216    154399124213        22223547     187736       2093     190000         48     5    1400000    4093000  190000000  190000000
   6       22     2119   189994    154399124222    154399314216        22413553     187755       2093     190000         51     5    1400000    4093000  190000000  190000000
   6       22     2122   190028    154399314224    154399504252        22603555     187720       2093     190000         87     5    1400000    4093000  190000000  190000000
   6       22     2119   189936    154399504261    154399694197        22793592     187720       2093     190000         32     4    1400000    4093000  190000000  190000000
   6       22     2122   190004    154399694206    154399884210        22983537     187731       2093     190000         45     4    1400000    4093000  190000000  190000000
   6       22     2119   189988    154399884219    154400074207        23173550     187765       2093     190000         42     4    1400000    4093000  190000000  190000000
   6       22     2122   189992    154400074216    154400264208        23363547     187719       2093     190000         43     4    1400000    4093000  190000000  190000000
   6       22     2119   189982    154400264217    154400454198        23553548     187768       2093     190000         34     4    1400000    4093000  190000000  190000000
   6       22     2122   189975    154400454239    154400644214        23743570     187705       2093     190000         48     4    1400000    4093000  190000000  190000000
   6       22     2119   189994    154400644223    154400834217        23933554     187761       2093     190000         52     4    1400000    4093000  190000000  190000000
   6       22     2122   190011    154400834226    154401024237        24123557     187721       2093     190000         71     4    1400000    4093000  190000000  190000000
   6       22     2122   189960    154401024247    154401214207        24313578     187691       2093     190000         41     6    1400000    4093000  190000000  190000000
   6       22     2122   189992    154401214215    154401404207        24503547     187728       2093     190000         42     6    1400000    4093000  190000000  190000000
   6       22     2119   189990    154401404216    154401594206        24693547     187767       2093     190000         41     6    1400000    4093000  190000000  190000000
   6       22     2122   189983    154401594215    154401784198        24883546     187729       2093     190000         33     6    1400000    4093000  190000000  190000000
   6       22     2119   189999    154401784207    154401974206        25073538     187778       2093     190000         41     6    1400000    4093000  190000000  190000000
   6       22     2122   190039    154401974215    154402164254        25263546     187719       2093     190000         88     6    1400000    4093000  190000000  190000000
   6       22     2123   189935    154402164263    154402354198        25453594     187683       2093     190000         32     4    1400000    4093000  190000000  190000000
   6       22     2123   190008    154402354206    154402544214        25643538     187733       2093     190000         49     4    1400000    4093000  190000000  190000000
   6       22     2119   189987    154402544223    154402734210        25833554     187761       2093     190000         44     4    1400000    4093000  190000000  190000000
   6       22     2122   189984    154402734220    154402924205        26023551     187720       2093     190000         39     4    1400000    4093000  190000000  190000000
   6       22     2121   189997    154402924214    154403114211        26213545     187753       2093     190000         46     4    1400000    4093000  190000000  190000000
   6       22     2122   190020    154403114220    154403304240        26403551     187727       2093     190000         73     4    1400000    4093000  190000000  190000000
   6       22     2119   189956    154403304250    154403494207        26593581     187723       2093     190000         40     4    1400000    4093000  190000000  190000000
   6       22     2123   189991    154403494216    154403684206        26783547     187724       2093     190000         41     4    1400000    4093000  190000000  190000000
   6       22     2119   190026    154403684215    154403874241        26973546     187769       2093     190000         76     4    1400000    4093000  190000000  190000000
   6       22     2123   189957    154403874250    154404064208        27163581     187686       2093     190000         43     5    1400000    4093000  190000000  190000000
   6       22     2119   189992    154404064217    154404254208        27353548     187767       2093     190000         43     5    1400000    4093000  190000000  190000000
   6       22     2122   189994    154404254217    154404444211        27543548     187729       2093     190000         46     5    1400000    4093000  190000000  190000000
   6       22     2119   189978    154404444220    154404634197        27733551     187765       2093     190000         32     5    1400000    4093000  190000000  190000000
   6       22     2122   190046    154404634206    154404824252        27923537     187734       2093     190000         86     5    1400000    4093000  190000000  190000000
   6       22     2119   189936    154404824261    154405014197        28113592     187714       2093     190000         32     4    1400000    4093000  190000000  190000000
   6       22     2122   189974    154405014237    154405204211        28303568     187710       2093     190000         45     4    1400000    4093000  190000000  190000000
   6       22     2119   189995    154405204220    154405394214        28493551     187764       2093     190000         49     4    1400000    4093000  190000000  190000000
   6       22     2122   190003    154405394223    154405584226        28683554     187719       2093     190000         59     4    1400000    4093000  190000000  190000000
   6       22     2119   189965    154405584235    154405774200        28873566     187739       2093     190000         35     4    1400000    4093000  190000000  190000000
   6       22     2124   189987    154405774209    154405964196        29063540     187719       2093     190000         31     4    1400000    4093000  190000000  190000000
   6       22     2119   190001    154405964205    154406154206        29253536     187779       2093     190000         41     4    1400000    4093000  190000000  190000000
   6       22     2122   190021    154406154215    154406344236        29443547     187732       2093     190000         71     4    1400000    4093000  190000000  190000000
   6       22     2119   189952    154406344245    154406534198        29633577     187721       2093     190000         33     4    1400000    4093000  190000000  190000000
   6       22     2124   190014    154406534207    154406724220        29823538     187721       2093     190000         53     4    1400000    4093000  190000000  190000000
   6       22     2121   189978    154406724231    154406914208        30013562     187728       2093     190000         43     5    1400000    4093000  190000000  190000000
   6       22     2122   189989    154406914217    154407104206        30203548     187727       2093     190000         41     5    1400000    4093000  190000000  190000000
   6       22     2119   189993    154407104214    154407294207        30393546     187772       2093     190000         42     5    1400000    4093000  190000000  190000000
   6       22     2122   190019    154407294216    154407484234        30583547     187731       2093     190000         68     5    1400000    4093000  190000000  190000000
   6       22     2119   189963    154407484244    154407674206        30773575     187721       2093     190000         41     6    1400000    4093000  190000000  190000000
   6       22     2121   190003    154407674215    154407864218        30963547     187730       2093     190000         53     6    1400000    4093000  190000000  190000000
   6       22     2119   189987    154407864227    154408054214        31153558     187749       2093     190000         49     6    1400000    4093000  190000000  190000000
   6       22     2122   189983    154408054223    154408244206        31343554     187713       2093     190000         41     6    1400000    4093000  190000000  190000000
   6       22     2121   189995    154408244215    154408434210        31533546     187747       2093     190000         45     6    1400000    4093000  190000000  190000000
   6       22     2122   189987    154408434219    154408624207        31723550     187726       2093     190000         42     6    1400000    4093000  190000000  190000000
   6       22     2119   189997    154408624215    154408814213        31913547     187769       2093     190000         48     6    1400000    4093000  190000000  190000000
   6       22     2122   189993    154408814222    154409004215        32103553     187719       2093     190000         50     6    1400000    4093000  190000000  190000000
   6       22     2119   189973    154409004224    154409194197        32293555     187754       2093     190000         32     4    1400000    4093000  190000000  190000000
   6       22     2124   189992    154409194206    154409384198        32483537     187728       2093     190000         33     4    1400000    4093000  190000000  190000000
   6       22     2119   189999    154409384239    154409574238        32673570     187744       2093     190000         73     4    1400000    4093000  190000000  190000000
   6       22     2122   189960    154409574247    154409764207        32863578     187691       2093     190000         42     5    1400000    4093000  190000000  190000000
   6       22     2119   189995    154409764216    154409954211        33053547     187768       2093     190000         46     5    1400000    4093000  190000000  190000000
   6       22     2122   190037    154409954220    154410144257        33243551     187725       2093     190000         91     5    1400000    4093000  190000000  190000000
   6       22     2119   189949    154410144266    154410334215        33433597     187696       2093     190000         50     6    1400000    4093000  190000000  190000000
   6       22     2123   189991    154410334223    154410524214        33623555     187715       2093     190000         49     6    1400000    4093000  190000000  190000000
   6       22     2119   189991    154410524223    154410714214        33813554     187760       2093     190000         49     6    1400000    4093000  190000000  190000000
   6       22     2122   189990    154410714224    154410904214        34003555     187711       2093     190000         48     6    1400000    4093000  190000000  190000000
   6       22     2119   189984    154410904223    154411094207        34193554     187755       2093     190000         42     6    1400000    4093000  190000000  190000000
   6       22     2122   189998    154411094216    154411284214        34383547     187730       2093     190000         49     6    1400000    4093000  190000000  190000000
   6       22     2121   190008    154411284223    154411474231        34573554     187740       2093     190000         66     6    1400000    4093000  190000000  190000000
   6       22     2123   189993    154411474240    154411664233        34763572     187694       2093     190000         68     6    1400000    4093000  190000000  190000000
   6       22     2119   189971    154411664242    154411854213        34953573     187725       2093     190000         48     6    1400000    4093000  190000000  190000000
   6       22     2123   189998    154411854222    154412044220        35143553     187724       2093     190000         54     6    1400000    4093000  190000000  190000000
   6       22     2119   189976    154412044229    154412234205        35333560     187745       2093     190000         40     6    1400000    4093000  190000000  190000000
   6       22     2122   190030    154412234214    154412424244        35523545     187729       2093     190000         79     6    1400000    4093000  190000000  190000000
   6       22     2119   189955    154412424253    154412614208        35713584     187728       2093     190000         43     5    1400000    4093000  190000000  190000000
   6       22     2123   190031    154412614217    154412804248        35903548     187725       2093     190000         82     5    1400000    4093000  190000000  190000000
   6       22     2119   189942    154412804257    154412994199        36093588     187720       2093     190000         34     4    1400000    4093000  190000000  190000000
   6       22     2121   189989    154412994208    154413184197        36283539     187752       2093     190000         32     4    1400000    4093000  190000000  190000000
   6       22     2119   190025    154413184206    154413374231        36473537     187779       2093     190000         64     4    1400000    4093000  190000000  190000000
   6       22     2122   189969    154413374241    154413564210        36663572     187698       2093     190000         44     4    1400000    4093000  190000000  190000000
   6       22     2119   189976    154413564220    154413754196        36853551     187766       2093     190000         31     4    1400000    4093000  190000000  190000000
   6       22     2122   189996    154413754205    154413944201        37043536     187736       2093     190000         36     4    1400000    4093000  190000000  190000000
   6       22     2121   189966    154413944241    154414134207        37233572     187730       2093     190000         42     4    1400000    4093000  190000000  190000000
   6       22     2122   189984    154414134216    154414324200        37423547     187732       2093     190000         35     4    1400000    4093000  190000000  190000000
   6       22     2121   189997    154414324209    154414514206        37613540     187758       2093     190000         41     4    1400000    4093000  190000000  190000000
   6       22     2122   190013    154414514214    154414704227        37803546     187734       2093     190000         62     4    1400000    4093000  190000000  190000000
   6       22     2119   189970    154414704236    154414894207        37993568     187743       2093     190000         42     4    1400000    4093000  190000000  190000000
   6       22     2121   189989    154414894216    154415084205        38183547     187736       2093     190000         40     4    1400000    4093000  190000000  190000000
   6       22     2119   190002    154415084214    154415274216        38373545     187768       2093     190000         50     4    1400000    4093000  190000000  190000000
   6       22     2123   190023    154415274225    154415464248        38563556     187702       2093     190000         83     5    1400000    4093000  190000000  190000000
   6       22     2119   189940    154415464257    154415654197        38753588     187724       2093     190000         32     4    1400000    4093000  190000000  190000000
   6       22     2121   190027    154415654207    154415844233        38943538     187730       2093     190000         68     4    1400000    4093000  190000000  190000000
   6       22     2119   189956    154415844242    154416034198        39133573     187734       2093     190000         33     4    1400000    4093000  190000000  190000000
   6       22     2121   190008    154416034207    154416224215        39323538     187735       2093     190000         49     4    1400000    4093000  190000000  190000000
   6       22     2119   189987    154416224224    154416414211        39513555     187760       2093     190000         45     4    1400000    4093000  190000000  190000000
   6       22     2122   189994    154416414219    154416604213        39703550     187727       2093     190000         48     4    1400000    4093000  190000000  190000000
   6       22     2119   189976    154416604221    154416794197        39893553     187761       2093     190000         32     4    1400000    4093000  190000000  190000000
   6       22     2123   189999    154416794206    154416984206        40083537     187735       2093     190000         40     4    1400000    4093000  190000000  190000000
   6       22     2119   189987    154416984214    154417174201        40273545     187770       2093     190000         36     4    1400000    4093000  190000000  190000000
   6       22     2124   189995    154417174210    154417364205        40463541     187710       2093     190000         40     4    1400000    4093000  190000000  190000000
   6       22     2119   190004    154417364214    154417554218        40653545     187770       2093     190000         53     4    1400000    4093000  190000000  190000000
   6       22     2122   189979    154417554227    154417744206        40843558     187720       2093     190000         40     4    1400000    4093000  190000000  190000000
   6       22     2118   190001    154417744215    154417934216        41033546     187771       2093     190000         51     4    1400000    4093000  190000000  190000000
   6       22     2122   190037    154417934225    154418124262        41223556     187717       2093     190000         97     4    1400000    4093000  190000000  190000000
   6       22     2119   189936    154418124271    154418314207        41413602     187703       2093     190000         42     6    1400000    4093000  190000000  190000000
   6       22     2122   189966    154418314247    154418504213        41603578     187690       2093     190000         48     6    1400000    4093000  190000000  190000000
   6       22     2119   189992    154418504222    154418694214        41793553     187761       2093     190000         48     6    1400000    4093000  190000000  190000000
   6       22     2122   189983    154418694222    154418884205        41983553     187712       2093     190000         40     6    1400000    4093000  190000000  190000000
   6       22     2119   190001    154418884214    154419074215        42173545     187768       2093     190000         50     6    1400000    4093000  190000000  190000000
   6       22     2122   190024    154419074224    154419264248        42363556     187703       2093     190000         83     6    1400000    4093000  190000000  190000000
   6       22     2119   189939    154419264257    154419454196        42553589     187721       2093     190000         31     4    1400000    4093000  190000000  190000000
   6       22     2122   190009    154419454205    154419644214        42743536     187738       2093     190000         48     4    1400000    4093000  190000000  190000000
   6       22     2119   189985    154419644222    154419834207        42933554     187762       2093     190000         42     4    1400000    4093000  190000000  190000000
   6       22     2121   190003    154419834216    154420024219        43123547     187737       2093     190000         52     4    1400000    4093000  190000000  190000000
   6       22     2121   189978    154420024229    154420214207        43313561     187725       2093     190000         42     4    1400000    4093000  190000000  190000000
   6       22     2123   190014    154420214216    154420404230        43503547     187720       2093     190000         64     4    1400000    4093000  190000000  190000000
   6       22     2119   189968    154420404239    154420594207        43693570     187741       2093     190000         42     4    1400000    4093000  190000000  190000000
   6       22     2122   190007    154420594217    154420784223        43883548     187731       2093     190000         56     4    1400000    4093000  190000000  190000000
   6       22     2120   190009    154420784233    154420974243        44073564     187737       2093     190000         77     4    1400000    4093000  190000000  190000000
   6       22     2122   189956    154420974253    154421164209        44263584     187687       2093     190000         42     6    1400000    4093000  190000000  190000000
   6       22     2118   189979    154421164219    154421354198        44453550     187767       2093     190000         33     6    1400000    4093000  190000000  190000000
   6       22     2123   190001    154421354206    154421544208        44643538     187742       2093     190000         41     6    1400000    4093000  190000000  190000000
   6       22     2119   189998    154421544216    154421734215        44833548     187769       2093     190000         50     6    1400000    4093000  190000000  190000000
   6       22     2123   189975    154421734224    154421924198        45023555     187716       2093     190000         33     6    1400000    4093000  190000000  190000000
   6       22     2119   190003    154421924207    154422114210        45213538     187778       2093     190000         45     6    1400000    4093000  190000000  190000000
   6       22     2122   189993    154422114219    154422304212        45403550     187728       2093     190000         47     6    1400000    4093000  190000000  190000000
   6       22     2119   189991    154422304221    154422494212        45593552     187762       2093     190000         47     6    1400000    4093000  190000000  190000000
   6       22     2122   190023    154422494221    154422684244        45783553     187722       2093     190000         79     6    1400000    4093000  190000000  190000000
   6       22     2119   189947    154422684253    154422874201        45973584     187727       2093     190000         35     7    1400000    4093000  190000000  190000000
   6       22     2124   189966    154422874239    154423064205        46163571     187678       2093     190000         40     7    1400000    4093000  190000000  190000000
   6       22     2119   189992    154423064214    154423254206        46353545     187770       2093     190000         41     7    1400000    4093000  190000000  190000000
   6       22     2123   190036    154423254215    154423444250        46543546     187732       2093     190000         85     7    1400000    4093000  190000000  190000000
   6       22     2121   189952    154423444259    154423634211        46733590     187703       2093     190000         45     6    1400000    4093000  190000000  190000000
   6       22     2121   189997    154423634220    154423824216        46923551     187727       2093     190000         51     6    1400000    4093000  190000000  190000000
   6       22     2119   189982    154423824225    154424014207        47113557     187753       2093     190000         42     6    1400000    4093000  190000000  190000000
   6       22     2122   189998    154424014216    154424204214        47303547     187729       2093     190000         49     6    1400000    4093000  190000000  190000000
   6       22     2119   189997    154424204223    154424394219        47493554     187754       2093     190000         54     6    1400000    4093000  190000000  190000000
   6       22     2122   189986    154424394228    154424584214        47683559     187707       2093     190000         49     6    1400000    4093000  190000000  190000000
   6       22     2119   189996    154424584223    154424774218        47873554     187760       2093     190000         52     6    1400000    4093000  190000000  190000000
   6       22     2123   189987    154424774228    154424964215        48063559     187712       2093     190000         50     6    1400000    4093000  190000000  190000000
   6       22     2119   189994    154424964224    154425154218        48253555     187759       2093     190000         53     6    1400000    4093000  190000000  190000000
   6       22     2122   189988    154425154227    154425344214        48443558     187720       2093     190000         49     6    1400000    4093000  190000000  190000000
   6       22     2119   189984    154425344224    154425534208        48633555     187759       2093     190000         43     6    1400000    4093000  190000000  190000000
   6       22     2123   189988    154425534217    154425724205        48823548     187709       2093     190000         40     6    1400000    4093000  190000000  190000000
   6       22     2119   190002    154425724214    154425914216        49013545     187772       2093     190000         50     6    1400000    4093000  190000000  190000000
   6       22     2122   190030    154425914225    154426104255        49203556     187720       2093     190000         90     6    1400000    4093000  190000000  190000000
   6       22     2119   189942    154426104264    154426294206        49393595     187708       2093     190000         41     4    1400000    4093000  190000000  190000000
   6       22     2121   189992    154426294214    154426484206        49583546     187731       2093     190000         41     4    1400000    4093000  190000000  190000000
   6       22     2119   190025    154426484215    154426674240        49773546     187769       2093     190000         75     4    1400000    4093000  190000000  190000000
   6       22     2122   189964    154426674249    154426864213        49963580     187690       2093     190000         48     6    1400000    4093000  190000000  190000000
   6       22     2119   189987    154426864222    154427054208        50153553     187762       2093     190000         43     6    1400000    4093000  190000000  190000000
   6       22     2122   189985    154427054217    154427244202        50343549     187729       2093     190000         36     6    1400000    4093000  190000000  190000000
   6       22     2119   189979    154427244242    154427434221        50533573     187738       2093     190000         56     6    1400000    4093000  190000000  190000000
   6       22     2122   189980    154427434230    154427624210        50723561     187700       2093     190000         45     6    1400000    4093000  190000000  190000000
   6       22     2119   189990    154427624219    154427814209        50913550     187765       2093     190000         43     6    1400000    4093000  190000000  190000000
   6       22     2121   189990    154427814218    154428004208        51103549     187724       2093     190000         43     6    1400000    4093000  190000000  190000000
   6       22     2119   189997    154428004217    154428194214        51293548     187765       2093     190000         49     6    1400000    4093000  190000000  190000000
   6       22     2122   190014    154428194223    154428384237        51483554     187714       2093     190000         71     6    1400000    4093000  190000000  190000000
   6       22     2120   189960    154428384247    154428574207        51673578     187721       2093     190000         42     6    1400000    4093000  190000000  190000000
   6       22     2123   190017    154428574216    154428764233        51863547     187719       2093     190000         67     6    1400000    4093000  190000000  190000000
   6       22     2119   189977    154428764241    154428954218        52053573     187726       2093     190000         53     6    1400000    4093000  190000000  190000000
   6       22     2122   189982    154428954227    154429144210        52243558     187704       2093     190000         44     6    1400000    4093000  190000000  190000000
   6       22     2119   189988    154429144219    154429334207        52433550     187764       2093     190000         42     6    1400000    4093000  190000000  190000000
   6       22     2122   190033    154429334216    154429524249        52623547     187723       2093     190000         83     6    1400000    4093000  190000000  190000000
   6       22     2119   189941    154429524258    154429714199        52813589     187724       2093     190000         34     7    1400000    4093000  190000000  190000000
   6       22     2122   189994    154429714208    154429904202        53003539     187728       2093     190000         37     7    1400000    4093000  190000000  190000000
   6       22     2119   189996    154429904211    154430094207        53193542     187773       2093     190000         42     5    1400000    4093000  190000000  190000000
   6       22     2122   189990    154430094216    154430284207        53383548     187723       2093     190000         42     5    1400000    4093000  190000000  190000000
   6       22     2119   189996    154430284215    154430474211        53573546     187769       2093     190000         46     5    1400000    4093000  190000000  190000000
   6       22     2122   189988    154430474220    154430664207        53763551     187728       2093     190000         42     5    1400000    4093000  190000000  190000000
   6       22     2119   189989    154430664216    154430854205        53953547     187767       2093     190000         40     5    1400000    4093000  190000000  190000000
   6       22     2123   189992    154430854214    154431044206        54143545     187724       2093     190000         41     5    1400000    4093000  190000000  190000000
   6       22     2119   189994    154431044215    154431234210        54333546     187769       2093     190000         45     5    1400000    4093000  190000000  190000000
   6       22     2122   190027    154431234218    154431424246        54523550     187731       2093     190000         80     5    1400000    4093000  190000000  190000000
   6       22     2121   189953    154431424255    154431614207        54713586     187690       2093     190000         42     4    1400000    4093000  190000000  190000000
   6       22     2123   190001    154431614216    154431804217        54903547     187714       2093     190000         52     4    1400000    4093000  190000000  190000000
   6       22     2119   189939    154431804257    154431994196        55093588     187725       2093     190000         31     4    1400000    4093000  190000000  190000000
   6       22     2124   190003    154431994205    154432184207        55283536     187728       2093     190000         42     4    1400000    4093000  190000000  190000000
   6       22     2119   190019    154432184216    154432374235        55473547     187768       2093     190000         70     4    1400000    4093000  190000000  190000000
   6       22     2123   189959    154432374244    154432564203        55663576     187687       2093     190000         37     5    1400000    4093000  190000000  190000000
   6       22     2119   189995    154432564212    154432754207        55853543     187771       2093     190000         41     5    1400000    4093000  190000000  190000000
   6       22     2122   190019    154432754215    154432944234        56043547     187727       2093     190000         67     5    1400000    4093000  190000000  190000000
   6       22     2119   189971    154432944243    154433134213        56233574     187736       2093     190000         48     5    1400000    4093000  190000000  190000000
   6       22     2122   189985    154433134222    154433324207        56423554     187713       2093     190000         42     5    1400000    4093000  190000000  190000000
   6       22     2119   189992    154433324216    154433514209        56613547     187768       2093     190000         43     5    1400000    4093000  190000000  190000000
   6       22     2122   189978    154433514217    154433704196        56803549     187720       2093     190000         31     5    1400000    4093000  190000000  190000000
   6       22     2119   190008    154433704205    154433894213        56993536     187780       2093     190000         47     5    1400000    4093000  190000000  190000000
   6       22     2122   190020    154433894221    154434084241        57183553     187730       2093     190000         75     5    1400000    4093000  190000000  190000000
   6       22     2119   189953    154434084250    154434274203        57373581     187713       2093     190000         38     4    1400000    4093000  190000000  190000000
   6       22     2124   190022    154434274212    154434464233        57563543     187708       2093     190000         68     4    1400000    4093000  190000000  190000000
   6       22     2119   189966    154434464242    154434654209        57753574     187736       2093     190000         43     4    1400000    4093000  190000000  190000000
   6       22     2123   189987    154434654219    154434844205        57943550     187720       2093     190000         40     4    1400000    4093000  190000000  190000000
   6       22     2121   189994    154434844214    154435034208        58133545     187760       2093     190000         43     4    1400000    4093000  190000000  190000000
   6       22     2122   189999    154435034217    154435224216        58323548     187729       2093     190000         51     4    1400000    4093000  190000000  190000000
   6       22     2119   189989    154435224225    154435414214        58513556     187755       2093     190000         49     5    1400000    4093000  190000000  190000000
   6       22     2123   189984    154435414223    154435604207        58703554     187717       2093     190000         42     5    1400000    4093000  190000000  190000000
   6       22     2119   189980    154435604216    154435794196        58893547     187768       2093     190000         31     5    1400000    4093000  190000000  190000000
   6       22     2122   190002    154435794205    154435984207        59083536     187742       2093     190000         41     5    1400000    4093000  190000000  190000000
   6       22     2119   189993    154435984215    154436174208        59273547     187769       2093     190000         43     5    1400000    4093000  190000000  190000000
   6       22     2122   190005    154436174217    154436364222        59463548     187729       2093     190000         56     5    1400000    4093000  190000000  190000000
   6       22     2119   189933    154436364263    154436554195        59653594     187718       2093     190000         30     5    1400000    4093000  190000000  190000000
   6       22     2122   190027    154436554204    154436744232        59843535     187743       2093     190000         67     5    1400000    4093000  190000000  190000000
   6       22     2119   189965    154436744240    154436934205        60033571     187738       2093     190000         40     4    1400000    4093000  190000000  190000000
   6       22     2122   189988    154436934214    154437124202        60223545     187733       2093     190000         37     4    1400000    4093000  190000000  190000000
   6       22     2121   189995    154437124211    154437314206        60413542     187756       2093     190000         41     4    1400000    4093000  190000000  190000000
   6       22     2123   190017    154437314215    154437504232        60603546     187724       2093     190000         66     4    1400000    4093000  190000000  190000000
   6       22     2119   189970    154437504241    154437694211        60793572     187740       2093     190000         46     4    1400000    4093000  190000000  190000000
   6       22     2122   189988    154437694219    154437884208        60983551     187725       2093     190000         43     4    1400000    4093000  190000000  190000000
   6       22     2118   190026    154437884217    154438074243        61173548     187768       2093     190000         78     4    1400000    4093000  190000000  190000000
   6       22     2122   189951    154438074252    154438264203        61363583     187678       2093     190000         37     5    1400000    4093000  190000000  190000000
   6       22     2119   190004    154438264212    154438454215        61553543     187772       2093     190000         50     5    1400000    4093000  190000000  190000000
   6       22     2122   189987    154438454224    154438644211        61743555     187724       2093     190000         46     5    1400000    4093000  190000000  190000000
   6       22     2119   189993    154438644220    154438834212        61933551     187764       2093     190000         47     5    1400000    4093000  190000000  190000000
   6       22     2122   189989    154438834221    154439024211        62123553     187718       2093     190000         46     5    1400000    4093000  190000000  190000000
   6       22     2119   189988    154439024220    154439214208        62313551     187764       2093     190000         43     5    1400000    4093000  190000000  190000000
   6       22     2122   190016    154439214217    154439404233        62503548     187729       2093     190000         67     5    1400000    4093000  190000000  190000000
   6       22     2119   189965    154439404242    154439594208        62693573     187735       2093     190000         42     4    1400000    4093000  190000000  190000000
   6       22     2122   190000    154439594216    154439784217        62883547     187727       2093     190000         51     4    1400000    4093000  190000000  190000000
   6       22     2119   189974    154439784225    154439974199        63073556     187753       2093     190000         34     4    1400000    4093000  190000000  190000000
   6       22     2127   189992    154439974208    154440164200        63263539     187703       2093     190000         35     4    1400000    4093000  190000000  190000000
   6       22     2119   190008    154440164209    154440354217        63453540     187776       2093     190000         52     4    1400000    4093000  190000000  190000000
   6       22     2122   189982    154440354226    154440544208        63643557     187722       2093     190000         43     4    1400000    4093000  190000000  190000000
   6       22     2119   189994    154440544217    154440734211        63833548     187769       2093     190000         46     4    1400000    4093000  190000000  190000000
   6       22     2122   189988    154440734253    154440924241        64023584     187701       2093     190000         76     4    1400000    4093000  190000000  190000000
   6       22     2119   189946    154440924250    154441114196        64213581     187722       2093     190000         31     5    1400000    4093000  190000000  190000000
   6       22     2121   190001    154441114205    154441304206        64403536     187750       2093     190000         41     5    1400000    4093000  190000000  190000000
   6       22     2119   189996    154441304215    154441494211        64593546     187769       2093     190000         45     5    1400000    4093000  190000000  190000000
   6       22     2123   189987    154441494219    154441684207        64783551     187707       2093     190000         42     5    1400000    4093000  190000000  190000000
   6       22     2118   189990    154441684216    154441874206        64973547     187768       2093     190000         41     5    1400000    4093000  190000000  190000000
   6       22     2122   190033    154441874214    154442064248        65163545     187731       2093     190000         82     5    1400000    4093000  190000000  190000000
   6       22     2119   189951    154442064257    154442254208        65353588     187706       2093     190000         43     6    1400000    4093000  190000000  190000000
   6       22     2123   189991    154442254217    154442444208        65543548     187716       2093     190000         42     6    1400000    4093000  190000000  190000000
   6       22     2119   189980    154442444216    154442634196        65733548     187767       2093     190000         31     6    1400000    4093000  190000000  190000000
   6       22     2122   190006    154442634205    154442824212        65923536     187743       2093     190000         46     6    1400000    4093000  190000000  190000000
   6       22     2119   189989    154442824220    154443014209        66113551     187763       2093     190000         44     6    1400000    4093000  190000000  190000000
   6       22     2122   190018    154443014218    154443204235        66303549     187730       2093     190000         70     6    1400000    4093000  190000000  190000000
   6       22     2120   189964    154443204244    154443394208        66493575     187717       2093     190000         42     5    1400000    4093000  190000000  190000000
   6       22     2122   190013    154443394216    154443584229        66683547     187736       2093     190000         62     5    1400000    4093000  190000000  190000000
   6       22     2119   189965    154443584238    154443774202        66873569     187744       2093     190000         37     5    1400000    4093000  190000000  190000000
   6       22     2122   190003    154443774211    154443964214        67063542     187721       2093     190000         49     5    1400000    4093000  190000000  190000000
   6       22     2119   189982    154443964223    154444154205        67253554     187760       2093     190000         40     5    1400000    4093000  190000000  190000000
   6       22     2123   189996    154444154215    154444344211        67443546     187720       2093     190000         46     5    1400000    4093000  190000000  190000000
   6       22     2119   189989    154444344220    154444534209        67633551     187766       2093     190000         44     5    1400000    4093000  190000000  190000000
   6       22     2122   190030    154444534218    154444724247        67823549     187726       2093     190000         82     5    1400000    4093000  190000000  190000000
   6       22     2119   189939    154444724257    154444914196        68013588     187705       2093     190000         30     4    1400000    4093000  190000000  190000000
   6       22     2122   190032    154444914204    154445104236        68203535     187745       2093     190000         70     4    1400000    4093000  190000000  190000000
   6       22     2120   189967    154445104246    154445294213        68393578     187729       2093     190000         48     4    1400000    4093000  190000000  190000000
   6       22     2122   189952    154445294255    154445484206        68583586     187681       2093     190000         41     4    1400000    4093000  190000000  190000000
   6       22     2119   189986    154445484215    154445674201        68773546     187770       2093     190000         36     4    1400000    4093000  190000000  190000000
   6       22     2125   190009    154445674210    154445864218        68963541     187711       2093     190000         53     4    1400000    4093000  190000000  190000000
   6       22     2119   189990    154445864228    154446054217        69153559     187750       2093     190000         52     4    1400000    4093000  190000000  190000000
   6       22     2122   189985    154446054226    154446244211        69343557     187721       2093     190000         46     4    1400000    4093000  190000000  190000000
   6       22     2119   189993    154446244220    154446434213        69533551     187764       2093     190000         48     4    1400000    4093000  190000000  190000000
   6       22     2123   190039    154446434223    154446624261        69723554     187724       2093     190000         96     4    1400000    4093000  190000000  190000000
   6       22     2119   189942    154446624270    154446814212        69913601     187701       2093     190000         47     5    1400000    4093000  190000000  190000000
   6       22     2122   189987    154446814221    154447004208        70103552     187718       2093     190000         43     5    1400000    4093000  190000000  190000000
   6       22     2119   189997    154447004216    154447194213        70293548     187768       2093     190000         48     5    1400000    4093000  190000000  190000000
   6       22     2122   190016    154447194222    154447384238        70483553     187721       2093     190000         73     5    1400000    4093000  190000000  190000000
   6       22     2119   189959    154447384247    154447574206        70673578     187735       2093     190000         41     4    1400000    4093000  190000000  190000000
   6       22     2122   189985    154447574215    154447764200        70863546     187730       2093     190000         35     4    1400000    4093000  190000000  190000000
   6       22     2121   190001    154447764209    154447954210        71053540     187758       2093     190000         42     4    1400000    4093000  190000000  190000000
   6       22     2122   189986    154447954220    154448144205        71243551     187725       2093     190000         40     4    1400000    4093000  190000000  190000000
   6       22     2119   189985    154448144214    154448334199        71433545     187771       2093     190000         34     4    1400000    4093000  190000000  190000000
   6       22     2123   190003    154448334207    154448524210        71623539     187729       2093     190000         45     4    1400000    4093000  190000000  190000000
   6       22     2121   189991    154448524219    154448714210        71813550     187743       2093     190000         45     4    1400000    4093000  190000000  190000000
   6       22     2122   189989    154448714219    154448904207        72003550     187716       2093     190000         42     4    1400000    4093000  190000000  190000000
   6       22     2119   189981    154448904216    154449094197        72193547     187768       2093     190000         32     4    1400000    4093000  190000000  190000000
   6       22     2122   190002    154449094206    154449284208        72383537     187729       2093     190000         43     4    1400000    4093000  190000000  190000000
   6       22     2119   190022    154449284217    154449474239        72573548     187762       2093     190000         74     4    1400000    4093000  190000000  190000000
   6       22     2122   189972    154449474248    154449664220        72763580     187687       2093     190000         55     5    1400000    4093000  190000000  190000000
   6       22     2119   189946    154449664262    154449854208        72953594     187718       2093     190000         43     5    1400000    4093000  190000000  190000000
   6       22     2122   190027    154449854217    154450044244        73143548     187717       2093     190000         79     5    1400000    4093000  190000000  190000000
   6       22     2119   189946    154450044252    154450234198        73333584     187698       2093     190000         33     4    1400000    4093000  190000000  190000000
   6       22     2122   190002    154450234207    154450424210        73523539     187732       2093     190000         44     4    1400000    4093000  190000000  190000000
   6       22     2118   189991    154450424219    154450614210        73713550     187767       2093     190000         44     4    1400000    4093000  190000000  190000000
   6       22     2122   189987    154450614221    154450804208        73903552     187726       2093     190000         43     4    1400000    4093000  190000000  190000000
   6       22     2119   189990    154450804217    154450994207        74093548     187767       2093     190000         42     4    1400000    4093000  190000000  190000000
   6       22     2122   190006    154450994216    154451184222        74283547     187732       2093     190000         55     4    1400000    4093000  190000000  190000000
   6       22     2119   189978    154451184231    154451374209        74473562     187750       2093     190000         43     4    1400000    4093000  190000000  190000000
   6       22     2124   189989    154451374218    154451564207        74663549     187701       2093     190000         42     4    1400000    4093000  190000000  190000000
   6       22     2119   189997    154451564216    154451754214        74853547     187768       2093     190000         48     4    1400000    4093000  190000000  190000000
   6       22     2124   189983    154451754222    154451944205        75043553     187714       2093     190000         40     4    1400000    4093000  190000000  190000000
   6       22     2119   189994    154451944214    154452134208        75233545     187772       2093     190000         41     4    1400000    4093000  190000000  190000000
   6       22     2122   190027    154452134216    154452324244        75423547     187734       2093     190000         78     4    1400000    4093000  190000000  190000000
   6       22     2119   189961    154452324252    154452514214        75613584     187718       2093     190000         49     5    1400000    4093000  190000000  190000000
   6       22     2122   190033    154452514222    154452704255        75803554     187719       2093     190000         90     5    1400000    4093000  190000000  190000000
   6       22     2119   189952    154452704264    154452894217        75993595     187717       2093     190000         51     4    1400000    4093000  190000000  190000000
   6       22     2122   189974    154452894225    154453084199        76183556     187719       2093     190000         34     4    1400000    4093000  190000000  190000000
   6       22     2119   190006    154453084207    154453274213        76373539     187777       2093     190000         48     4    1400000    4093000  190000000  190000000
   6       22     2123   190019    154453274222    154453464241        76563553     187714       2093     190000         76     4    1400000    4093000  190000000  190000000
   6       22     2119   189956    154453464250    154453654207        76753581     187724       2093     190000         41     4    1400000    4093000  190000000  190000000
   6       22     2123   189981    154453654216    154453844196        76943547     187727       2093     190000         31     4    1400000    4093000  190000000  190000000
   6       22     2119   190009    154453844205    154454034214        77133536     187780       2093     190000         49     4    1400000    4093000  190000000  190000000
   6       22     2122   189982    154454034223    154454224205        77323554     187727       2093     190000         40     4    1400000    4093000  190000000  190000000
   6       22     2121   189955    154454224245    154454414201        77513576     187720       2093     190000         36     4    1400000    4093000  190000000  190000000
   6       22     2124   190001    154454414209    154454604210        77703540     187720       2093     190000         45     4    1400000    4093000  190000000  190000000
   6       22     2119   189980    154454604219    154454794199        77893550     187767       2093     190000         33     4    1400000    4093000  190000000  190000000
   6       22     2124   190001    154454794208    154454984208        78083539     187723       2093     190000         43     4    1400000    4093000  190000000  190000000
   6       22     2119   190022    154454984217    154455174239        78273548     187767       2093     190000         74     4    1400000    4093000  190000000  190000000
   6       22     2122   189997    154455174248    154455364245        78463579     187692       2093     190000         79     5    1400000    4093000  190000000  190000000
   6       22     2119   189959    154455364254    154455554213        78653585     187726       2093     190000         47     4    1400000    4093000  190000000  190000000
   6       22     2122   190001    154455554222    154455744223        78843553     187720       2093     190000         58     4    1400000    4093000  190000000  190000000
   6       22     2119   189968    154455744231    154455934199        79033563     187744       2093     190000         34     4    1400000    4093000  190000000  190000000
   6       22     2125   190006    154455934208    154456124214        79223540     187730       2093     190000         49     4    1400000    4093000  190000000  190000000
   6       22     2119   189984    154456124223    154456314207        79413554     187761       2093     190000         42     4    1400000    4093000  190000000  190000000
   6       22     2122   189980    154456314216    154456504196        79603547     187727       2093     190000         31     4    1400000    4093000  190000000  190000000
   6       22     2119   189994    154456504205    154456694199        79793536     187779       2093     190000         34     4    1400000    4093000  190000000  190000000
   6       22     2124   190004    154456694208    154456884211        79983539     187721       2093     190000         46     4    1400000    4093000  190000000  190000000
   6       22     2121   189980    154456884220    154457074200        80173551     187740       2093     190000         35     4    1400000    4093000  190000000  190000000
   6       22     2124   190005    154457074209    154457264214        80363541     187719       2093     190000         49     4    1400000    4093000  190000000  190000000
   6       22     2119   189974    154457264223    154457454197        80553554     187760       2093     190000         32     4    1400000    4093000  190000000  190000000
   6       22     2122   190008    154457454205    154457644214        80743537     187735       2093     190000         48     4    1400000    4093000  190000000  190000000
   6       22     2119   189986    154457644223    154457834209        80933554     187754       2093     190000         44     4    1400000    4093000  190000000  190000000
   6       22     2122   190046    154457834218    154458024263        81123549     187729       2093     190000         98     4    1400000    4093000  190000000  190000000
   6       22     2119   189942    154458024272    154458214214        81313603     187703       2093     190000         49     6    1400000    4093000  190000000  190000000
   6       22     2123   189986    154458214223    154458404209        81503554     187712       2093     190000         44     6    1400000    4093000  190000000  190000000
   6       22     2119   189997    154458404218    154458594215        81693549     187766       2093     190000         49     6    1400000    4093000  190000000  190000000
   6       22     2123   189952    154458594262    154458784213        81883593     187673       2093     190000         48     6    1400000    4093000  190000000  190000000
   6       22     2119   189992    154458784223    154458974214        82073554     187760       2093     190000         49     6    1400000    4093000  190000000  190000000
   6       22     2123   189985    154458974223    154459164208        82263554     187715       2093     190000         43     6    1400000    4093000  190000000  190000000
   6       22     2119   189990    154459164217    154459354208        82453548     187767       2093     190000         43     6    1400000    4093000  190000000  190000000
   6       22     2123   189997    154459354217    154459544214        82643548     187719       2093     190000         49     6    1400000    4093000  190000000  190000000
   6       22     2119   189985    154459544223    154459734208        82833554     187760       2093     190000         42     6    1400000    4093000  190000000  190000000
   6       22     2121   190003    154459734217    154459924221        83023548     187726       2093     190000         55     6    1400000    4093000  190000000  190000000
   6       22     2122   189983    154459924230    154460114212        83213561     187728       2093     190000         47     6    1400000    4093000  190000000  190000000
   6       22     2122   190028    154460114221    154460304249        83403553     187716       2093     190000         84     6    1400000    4093000  190000000  190000000
   6       22     2119   189949    154460304258    154460494207        83593590     187721       2093     190000         42     4    1400000    4093000  190000000  190000000
   6       22     2125   190018    154460494216    154460684234        83783547     187712       2093     190000         68     4    1400000    4093000  190000000  190000000
   6       22     2119   190006    154460684243    154460874249        83973574     187732       2093     190000         83     4    1400000    4093000  190000000  190000000
   6       22     2122   189951    154460874258    154461064209        84163589     187684       2093     190000         44     5    1400000    4093000  190000000  190000000
   6       22     2119   189994    154461064219    154461254213        84353550     187762       2093     190000         48     5    1400000    4093000  190000000  190000000
   6       22     2122   189979    154461254222    154461444201        84543553     187712       2093     190000         36     4    1400000    4093000  190000000  190000000
   6       22     2121   189985    154461444210    154461634195        84733541     187756       2093     190000         30     4    1400000    4093000  190000000  190000000
   6       22     2122   190024    154461634204    154461824228        84923535     187752       2093     190000         62     4    1400000    4093000  190000000  190000000
   6       22     2119   189973    154461824238    154462014211        85113569     187742       2093     190000         46     4    1400000    4093000  190000000  190000000
   6       22     2122   189986    154462014219    154462204206        85303550     187730       2093     190000         40     4    1400000    4093000  190000000  190000000
   6       22     2119   189998    154462204214    154462394212        85493545     187769       2093     190000         47     4    1400000    4093000  190000000  190000000
   6       22     2122   189998    154462394220    154462584218        85683551     187732       2093     190000         51     4    1400000    4093000  190000000  190000000
   6       22     2119   189984    154462584227    154462774211        85873558     187747       2093     190000         45     4    1400000    4093000  190000000  190000000
   6       22     2124   189987    154462774221    154462964208        86063552     187690       2093     190000         43     4    1400000    4093000  190000000  190000000
   6       22     2119   189979    154462964217    154463154196        86253548     187767       2093     190000         31     4    1400000    4093000  190000000  190000000
   6       22     2121   189987    154463154237    154463344223        86443568     187711       2093     190000         56     4    1400000    4093000  190000000  190000000
   6       22     2119   189974    154463344232    154463534207        86633564     187741       2093     190000         41     4    1400000    4093000  190000000  190000000
   6       22     2121   190037    154463534216    154463724252        86823547     187730       2093     190000         87     4    1400000    4093000  190000000  190000000
   6       22     2119   189939    154463724262    154463914201        87013593     187719       2093     190000         36     7    1400000    4093000  190000000  190000000
   6       22     2121   190000    154463914210    154464104210        87203541     187730       2093     190000         45     4    1400000    4093000  190000000  190000000
   6       22     2119   189991    154464104219    154464294211        87393550     187764       2093     190000         46     4    1400000    4093000  190000000  190000000
   6       22     2122   189977    154464294220    154464484197        87583551     187718       2093     190000         32     4    1400000    4093000  190000000  190000000
   6       22     2119   190011    154464484206    154464674216        87773537     187779       2093     190000         50     4    1400000    4093000  190000000  190000000
   6       22     2123   189996    154464674225    154464864221        87963557     187713       2093     190000         56     4    1400000    4093000  190000000  190000000
   6       22     2119   189968    154464864231    154465054199        88153562     187745       2093     190000         34     4    1400000    4093000  190000000  190000000
   6       22     2124   189999    154465054208    154465244207        88343539     187722       2093     190000         42     4    1400000    4093000  190000000  190000000
   6       22     2119   189994    154465244216    154465434210        88533547     187769       2093     190000         45     4    1400000    4093000  190000000  190000000
   6       22     2122   189998    154465434219    154465624217        88723550     187727       2093     190000         51     4    1400000    4093000  190000000  190000000
   6       22     2121   189980    154465624226    154465814205        88913557     187735       2093     190000         40     4    1400000    4093000  190000000  190000000
   6       22     2122   190044    154465814214    154466004258        89103545     187728       2093     190000         93     4    1400000    4093000  190000000  190000000
   6       22     2119   189942    154466004267    154466194210        89293599     187705       2093     190000         45     4    1400000    4093000  190000000  190000000
   6       22     2122   189979    154466194218    154466384198        89483550     187727       2093     190000         33     4    1400000    4093000  190000000  190000000
   6       22     2119   190036    154466384206    154466574243        89673537     187778       2093     190000         77     4    1400000    4093000  190000000  190000000
   6       22     2122   189960    154466574252    154466764211        89863583     187680       2093     190000         46     6    1400000    4093000  190000000  190000000
   6       22     2119   189988    154466764220    154466954208        90053551     187763       2093     190000         43     6    1400000    4093000  190000000  190000000
   6       22     2122   190013    154466954217    154467144231        90243549     187721       2093     190000         66     6    1400000    4093000  190000000  190000000
   6       22     2119   189957    154467144240    154467334197        90433571     187743       2093     190000         32     5    1400000    4093000  190000000  190000000
   6       22     2122   190014    154467334205    154467524219        90623536     187739       2093     190000         54     5    1400000    4093000  190000000  190000000
