#idx     perf      run   period           start             end          rel_st      slack c_duration   c_period     wu_lat   cpu       freq dl_runtime  dl_period dl_deadline
   1      432    49339   259745     98858730066     98858989811         3848411     209248      39763     260000         36     6     200000   41856000  260000000  260000000
   1      432    46864   259988     98858989822     98859249810         4108168     212522      39763     260000         35     6    1200000   41856000  260000000  260000000
   1      432    46863   259997     98859249821     98859509818         4368167     212552      39763     260000         43     6    1200000   41856000  260000000  260000000
   1      432    40173   259990     98859509827     98859769817         4628173     219314      39763     260000         42     6    1400000   41856000  260000000  260000000
   1      432    40988   259994     98859769830     98860029824         4888176     218568      39763     260000         49     6    1200000   41856000  260000000  260000000
   1      432    40174   259999     98860029833     98860289832         5148179     219277      39763     260000         57     6    1400000   41856000  260000000  260000000
   1      432    46875   259967     98860289843     98860549810         5408189     212493      39763     260000         35     6    1200000   41856000  260000000  260000000
   1      432    48130   259990     98860549820     98860809810         5668166     211321      39763     260000         36     6    1200000   41856000  260000000  260000000
   1      432    46872   260028     98860809821     98861069848         5928166     212553      39763     260000         72     6    1200000   41856000  260000000  260000000
   1      432    49146   259950     98861069863     98861329813         6188208     210161      39763     260000         38     6     900000   41856000  260000000  260000000
   1      432    47748   259991     98861329823     98861589814         6448169     211553      39763     260000         39     6    1200000   41856000  260000000  260000000
   1      432    46867   260016     98861589824     98861849840         6708170     212537      39763     260000         65     6    1200000   41856000  260000000  260000000
   1      432    51236   259977     98861849850     98862109827         6968196     208022      39763     260000         52     6    1200000   41856000  260000000  260000000
   1      432    46875   259973     98862109838     98862369811         7228184     212506      39763     260000         36     6    1200000   41856000  260000000  260000000
   1      432    46869   259993     98862369820     98862629813         7488166     212611      39763     260000         38     6    1200000   41856000  260000000  260000000
   1      432    46869   260003     98862629823     98862889826         7748169     212568      39763     260000         51     6    1200000   41856000  260000000  260000000
   1      432    46867   259977     98862889836     98863149813         8008182     212574      39763     260000         38     6    1200000   41856000  260000000  260000000
   1      432    49062   259994     98863149823     98863409817         8268169     210367      39763     260000         42     6    1200000   41856000  260000000  260000000
   1      432    50236   260000     98863409827     98863669827         8528173     209072      39763     260000         52     6    1200000   41856000  260000000  260000000
   1      432    46878   259976     98863669838     98863929814         8788183     212486      39763     260000         39     6    1200000   41856000  260000000  260000000
   1      432    46876   259986     98863929824     98864189810         9048170     212495      39763     260000         35     6    1200000   41856000  260000000  260000000
   1      432    46868   260011     98864189821     98864449832         9308167     212612      39763     260000         57     6    1200000   41856000  260000000  260000000
   1      432    50587   259974     98864449844     98864709819         9568190     208777      39763     260000         44     6    1000000   41856000  260000000  260000000
   1      432    46879   259945     98864709871     98864969816         9828217     212466      39763     260000         41     6    1200000   41856000  260000000  260000000
   1      432    49419   259992     98864969826     98865229818        10088172     209992      39763     260000         44     6    1200000   41856000  260000000  260000000
   1      432    47706   259992     98865229828     98865489819        10348173     211793      39763     260000         44     6    1400000   41856000  260000000  260000000
   1      432    46875   259980     98865489831     98865749811        10608176     212525      39763     260000         36     6    1200000   41856000  260000000  260000000
   1      432    50446   259991     98865749821     98866009812        10868167     208891      39763     260000         37     6    1200000   41856000  260000000  260000000
   1      432    46869   259998     98866009822     98866269820        11128168     212536      39763     260000         44     6    1200000   41856000  260000000  260000000
   1      432    50595   259992     98866269833     98866529824        11388179     208696      39763     260000         49     6    1000000   41856000  260000000  260000000
   1      432    46873   259977     98866529835     98866789812        11648181     212509      39763     260000         37     6    1200000   41856000  260000000  260000000
   1      432    46867   259988     98866789822     98867049810        11908168     212551      39763     260000         35     6    1200000   41856000  260000000  260000000
   1      432    46868   260003     98867049821     98867309824        12168167     212577      39763     260000         49     6    1200000   41856000  260000000  260000000
   1      432    46875   259977     98867309835     98867569812        12428181     212508      39763     260000         37     6    1200000   41856000  260000000  260000000
   1      432    48962   259986     98867569822     98867829809        12688168     210447      39763     260000         34     6    1200000   41856000  260000000  260000000
   1      432    46868   260014     98867829819     98868089833        12948165     212529      39763     260000         58     6    1200000   41856000  260000000  260000000
   1      432    50231   259967     98868089844     98868349811        13208190     209121      39763     260000         37     6    1200000   41856000  260000000  260000000
   1      432    40176   259990     98868349820     98868609810        13468166     219350      39763     260000         36     6    1400000   41856000  260000000  260000000
   1      432    46865   260000     98868609820     98868869821        13728166     212562      39763     260000         46     6    1200000   41856000  260000000  260000000
   1      432    46876   259983     98868869831     98869129814        13988177     212475      39763     260000         39     6    1200000   41856000  260000000  260000000
   1      432    46867   260004     98869129824     98869389829        14248170     212588      39763     260000         53     6    1200000   41856000  260000000  260000000
   1      432    52835   259996     98869389844     98869649839        14508189     206442      39763     260000         64     6     900000   41856000  260000000  260000000
   1      432    46872   259982     98869649850     98869909831        14768195     212518      39763     260000         56     6    1200000   41856000  260000000  260000000
   1      432    46879   259969     98869909842     98870169811        15028188     212423      39763     260000         36     6    1200000   41856000  260000000  260000000
   1      432    52398   259987     98870169821     98870429809        15288167     206917      39763     260000         34     6    1200000   41856000  260000000  260000000
   1      432    49655   260011     98870429819     98870689830        15548165     209775      39763     260000         55     6    1200000   41856000  260000000  260000000
   1      432    48930   259976     98870689842     98870949819        15808188     210456      39763     260000         43     6    1000000   41856000  260000000  260000000
   1      432    47278   259939     98870949878     98871209816        16068224     212033      39763     260000         42     6    1000000   41856000  260000000  260000000
   1      432    46870   260001     98871209827     98871469828        16328173     212515      39763     260000         53     6    1200000   41856000  260000000  260000000
   1      432    46869   259975     98871469839     98871729813        16588184     212580      39763     260000         38     6    1200000   41856000  260000000  260000000
   1      432    46517   259986     98871729822     98871989808        16848168     212905      39763     260000         34     6    1400000   41856000  260000000  260000000
   1      432    46871   260001     98871989818     98872249819        17108164     212475      39763     260000         44     6    1200000   41856000  260000000  260000000
   1      432    46876   259983     98872249830     98872509813        17368176     212468      39763     260000         38     6    1200000   41856000  260000000  260000000
   1      432    46872   259992     98872509823     98872769815        17628169     212538      39763     260000         39     6    1200000   41856000  260000000  260000000
   1      432    40173   260000     98872769824     98873029823        17888170     219346      39763     260000         49     6    1400000   41856000  260000000  260000000
   1      432    40177   260012     98873029833     98873289845        18148178     219266      39763     260000         68     6    1400000   41856000  260000000  260000000
   1      432    49136   259953     98873289859     98873549812        18408205     210215      39763     260000         37     6     900000   41856000  260000000  260000000
   1      432    46868   259989     98873549822     98873809811        18668168     212502      39763     260000         36     6    1200000   41856000  260000000  260000000
   1      432    50632   259999     98873809822     98874069821        18928168     208747      39763     260000         46     6    1200000   41856000  260000000  260000000
   1      432    46868   259994     98874069831     98874329825        19188177     212484      39763     260000         49     6    1200000   41856000  260000000  260000000
   1      432    46870   259975     98874329836     98874589811        19448181     212478      39763     260000         36     6    1200000   41856000  260000000  260000000
   1      432    46873   259992     98874589821     98874849812        19708166     212498      39763     260000         37     6    1200000   41856000  260000000  260000000
   1      432    46868   260011     98874849823     98875109834        19968168     212592      39763     260000         58     6    1200000   41856000  260000000  260000000
   1      432    50868   259963     98875109849     98875369812        20228195     208478      39763     260000         37     6     900000   41856000  260000000  260000000
   1      432    46867   260007     98875369822     98875629830        20488168     212585      39763     260000         55     6    1200000   41856000  260000000  260000000
   1      432    50516   259996     98875629840     98875889837        20748186     208822      39763     260000         62     6    1100000   41856000  260000000  260000000
   1      432    51011   259962     98875889848     98876149810        21008194     208234      39763     260000         35     6    1200000   41856000  260000000  260000000
   1      432    46875   259988     98876149820     98876409809        21268166     212544      39763     260000         34     6    1200000   41856000  260000000  260000000
   1      432    40176   260009     98876409818     98876669827        21528163     219354      39763     260000         52     6    1400000   41856000  260000000  260000000
   1      432    46872   259980     98876669837     98876929817        21788183     212530      39763     260000         42     6    1200000   41856000  260000000  260000000
   1      432    47334   259945     98876929866     98877189811        22048212     212068      39763     260000         36     6    1200000   41856000  260000000  260000000
   1      432    46871   260016     98877189821     98877449838        22308167     212583      39763     260000         63     6    1200000   41856000  260000000  260000000
   1      432    46872   259961     98877449848     98877709810        22568194     212532      39763     260000         35     6    1200000   41856000  260000000  260000000
   1      432    46873   259997     98877709820     98877969817        22828166     212577      39763     260000         42     6    1200000   41856000  260000000  260000000
   1      432    50052   259998     98877969827     98878229825        23088173     209335      39763     260000         50     6    1200000   41856000  260000000  260000000
   1      432    51727   259986     98878229835     98878489822        23348181     207694      39763     260000         47     6    1200000   41856000  260000000  260000000
   1      432    46875   259978     98878489832     98878749810        23608178     212509      39763     260000         35     6    1200000   41856000  260000000  260000000
   1      432    46877   259994     98878749820     98879009814        23868166     212500      39763     260000         38     6    1200000   41856000  260000000  260000000
   1      432    46866   259987     98879009824     98879269811        24128170     212552      39763     260000         36     6    1200000   41856000  260000000  260000000
   1      432    46867   259995     98879269821     98879529817        24388167     212540      39763     260000         42     6    1200000   41856000  260000000  260000000
   1      432    46869   259983     98879529827     98879789811        24648173     212554      39763     260000         36     6    1200000   41856000  260000000  260000000
   1      432    46865   260009     98879789821     98880049830        24908166     212598      39763     260000         54     6    1200000   41856000  260000000  260000000
   1      432    49974   259968     98880049843     98880309811        25168188     209353      39763     260000         36     6    1000000   41856000  260000000  260000000
   1      432    50128   259995     98880309821     98880569816        25428167     209228      39763     260000         40     6    1200000   41856000  260000000  260000000
   1      432    46874   259993     98880569827     98880829819        25688173     212559      39763     260000         44     6    1200000   41856000  260000000  260000000
   1      432    52104   259996     98880829830     98881089826        25948176     207247      39763     260000         51     6    1200000   41856000  260000000  260000000
   1      432    46870   259975     98881089837     98881349812        26208183     212535      39763     260000         37     6    1200000   41856000  260000000  260000000
   1      432    48645   259990     98881349822     98881609812        26468168     210798      39763     260000         37     6    1200000   41856000  260000000  260000000
   1      432    41984   260004     98881609821     98881869825        26728167     217565      39763     260000         50     6    1400000   41856000  260000000  260000000
   1      432    47086   259987     98881869837     98882129825        26988183     212313      39763     260000         48     6    1100000   41856000  260000000  260000000
   1      432    46877   259974     98882129835     98882389809        27248181     212518      39763     260000         34     6    1200000   41856000  260000000  260000000
   1      432    41366   259995     98882389817     98882649813        27508163     218173      39763     260000         37     6    1400000   41856000  260000000  260000000
   1      432    53934   259986     98882649825     98882909811        27768171     205350      39763     260000         36     6    1000000   41856000  260000000  260000000
   1      432    46872   260009     98882909821     98883169830        28028167     212573      39763     260000         54     6    1200000   41856000  260000000  260000000
   1      432    47470   259919     98883169900     98883429820        28288246     211823      39763     260000         45     6     900000   41856000  260000000  260000000
   1      432    46871   259988     98883429830     98883689818        28548176     212515      39763     260000         41     6    1200000   41856000  260000000  260000000
   1      432    46875   259980     98883689829     98883949808        28808174     212571      39763     260000         34     6    1200000   41856000  260000000  260000000
   1      432    40175   260009     98883949817     98884209826        29068163     219367      39763     260000         52     6    1400000   41856000  260000000  260000000
   1      432    46869   259987     98884209837     98884469824        29328183     212572      39763     260000         49     6    1200000   41856000  260000000  260000000
   1      432    47986   259981     98884469834     98884729816        29588180     211431      39763     260000         40     6    1200000   41856000  260000000  260000000
   1      432    46868   259983     98884729826     98884989809        29848172     212470      39763     260000         34     6    1200000   41856000  260000000  260000000
   1      432    48154   260014     98884989819     98885249832        30108165     211251      39763     260000         57     6    1200000   41856000  260000000  260000000
   1      432    46868   259984     98885249843     98885509827        30368189     212547      39763     260000         52     6    1200000   41856000  260000000  260000000
   1      432    49142   259971     98885509843     98885769814        30628189     210257      39763     260000         39     6     900000   41856000  260000000  260000000
   1      432    53639   259993     98885769826     98886029819        30888172     205675      39763     260000         44     6    1000000   41856000  260000000  260000000
   1      432    46868   259979     98886029830     98886289809        31148176     212588      39763     260000         34     6    1200000   41856000  260000000  260000000
   1      432    49543   259992     98886289819     98886549812        31408165     209862      39763     260000         37     6    1200000   41856000  260000000  260000000
   1      432    50163   260018     98886549822     98886809840        31668168     209121      39763     260000         64     6    1200000   41856000  260000000  260000000
   1      432    46875   259974     98886809850     98887069824        31928196     212510      39763     260000         48     6    1200000   41856000  260000000  260000000
   1      432    48927   259980     98887069837     98887329816        32188182     210417      39763     260000         40     6    1000000   41856000  260000000  260000000
   1      432    46866   259991     98887329826     98887589817        32448172     212572      39763     260000         43     6    1200000   41856000  260000000  260000000
   1      432    46869   260006     98887589828     98887849833        32708174     212464      39763     260000         59     6    1200000   41856000  260000000  260000000
   1      432    50361   259967     98887849844     98888109810        32968190     208970      39763     260000         35     6    1200000   41856000  260000000  260000000
   1      432    46867   259994     98888109820     98888369815        33228166     212553      39763     260000         38     6    1200000   41856000  260000000  260000000
   1      432    46872   260002     98888369825     98888629827        33488171     212488      39763     260000         52     6    1200000   41856000  260000000  260000000
   1      432    46872   259972     98888629838     98888889810        33748184     212540      39763     260000         35     6    1200000   41856000  260000000  260000000
   1      432    46870   259990     98888889820     98889149810        34008166     212487      39763     260000         35     6    1200000   41856000  260000000  260000000
   1      432    46869   259962     98889149858     98889409820        34268204     212457      39763     260000         45     6    1200000   41856000  260000000  260000000
   1      432    46871   259990     98889409830     98889669820        34528176     212575      39763     260000         45     6    1200000   41856000  260000000  260000000
   1      432    46870   259989     98889669831     98889929820        34788177     212544      39763     260000         45     6    1200000   41856000  260000000  260000000
   1      432    46871   259981     98889929830     98890189811        35048176     212556      39763     260000         37     6    1200000   41856000  260000000  260000000
   1      432    51860   259998     98890189821     98890449820        35308167     207533      39763     260000         45     6    1200000   41856000  260000000  260000000
   1      432    44246   259986     98890449830     98890709816        35568176     215264      39763     260000         41     6    1200000   41856000  260000000  260000000
   1      432    49110   259982     98890709829     98890969811        35828175     210225      39763     260000         36     6    1000000   41856000  260000000  260000000
   1      432    46868   260006     98890969821     98891229827        36088167     212512      39763     260000         52     6    1200000   41856000  260000000  260000000
   1      432    46877   259984     98891229837     98891489821        36348183     212508      39763     260000         45     6    1200000   41856000  260000000  260000000
   1      432    51209   259978     98891489830     98891749808        36608176     208140      39763     260000         34     6    1400000   41856000  260000000  260000000
   1      432    46870   259996     98891749819     98892009814        36868164     212530      39763     260000         39     6    1200000   41856000  260000000  260000000
   1      432    46872   259999     98892009825     98892269824        37128171     212530      39763     260000         49     6    1200000   41856000  260000000  260000000
   1      432    46866   259981     98892269835     98892529816        37388181     212583      39763     260000         41     6    1200000   41856000  260000000  260000000
   1      432    50790   259982     98892529827     98892789809        37648173     208554      39763     260000         35     6    1100000   41856000  260000000  260000000
   1      432    40178   260026     98892789818     98893049844        37908164     219321      39763     260000         69     6    1400000   41856000  260000000  260000000
   1      432    46878   259956     98893049855     98893309811        38168201     212474      39763     260000         37     6    1200000   41856000  260000000  260000000
   1      432    47333   259989     98893309821     98893569811        38428167     212057      39763     260000         36     6    1200000   41856000  260000000  260000000
   1      432    46875   260007     98893569821     98893829827        38688166     212554      39763     260000         52     6    1200000   41856000  260000000  260000000
   1      432    46863   259972     98893829838     98894089810        38948184     212645      39763     260000         35     6    1200000   41856000  260000000  260000000
   1      432    46865   259990     98894089820     98894349810        39208166     212614      39763     260000         35     6    1200000   41856000  260000000  260000000
   1      432    46875   260010     98894349820     98894609830        39468166     212564      39763     260000         55     6    1200000   41856000  260000000  260000000
   1      432    51499   259970     98894609840     98894869810        39728186     207835      39763     260000         36     6    1200000   41856000  260000000  260000000
   1      432    40176   259995     98894869819     98895129814        39988165     219367      39763     260000         39     6    1400000   41856000  260000000  260000000
   1      432    41900   260016     98895129823     98895389839        40248169     217585      39763     260000         63     6    1400000   41856000  260000000  260000000
   1      432    47672   259924     98895389902     98895649826        40508248     211628      39763     260000         51     6    1000000   41856000  260000000  260000000
   1      432    46872   259974     98895649837     98895909811        40768182     212527      39763     260000         36     6    1200000   41856000  260000000  260000000
   1      432    46871   259999     98895909821     98896169820        41028167     212541      39763     260000         45     6    1200000   41856000  260000000  260000000
   1      432    46872   260001     98896169831     98896429832        41288177     212547      39763     260000         57     6    1200000   41856000  260000000  260000000
   1      432    50586   259967     98896429844     98896689811        41548190     208765      39763     260000         36     6    1000000   41856000  260000000  260000000
   1      432    46872   259990     98896689821     98896949811        41808166     212581      39763     260000         36     6    1200000   41856000  260000000  260000000
   1      432    49876   260006     98896949821     98897209827        42068167     209499      39763     260000         51     6    1200000   41856000  260000000  260000000
   1      432    50512   259971     98897209838     98897469810        42328184     208786      39763     260000         35     6    1200000   41856000  260000000  260000000
   1      432    46869   260025     98897469820     98897729845        42588166     212600      39763     260000         69     6    1200000   41856000  260000000  260000000
   1      432    51591   259967     98897729858     98897989825        42848204     207676      39763     260000         50     6     900000   41856000  260000000  260000000
   1      432    46882   259983     98897989836     98898249819        43108182     212491      39763     260000         44     6    1200000   41856000  260000000  260000000
   1      432    46876   259977     98898249830     98898509807        43368176     212466      39763     260000         32     6    1200000   41856000  260000000  260000000
   1      432    40170   259996     98898509816     98898769811        43628161     219345      39763     260000         37     6    1400000   41856000  260000000  260000000
   1      432    47910   260001     98898769822     98899029824        43888168     211463      39763     260000         48     6    1100000   41856000  260000000  260000000
   1      432    50599   259980     98899029836     98899289816        44148182     208766      39763     260000         40     6    1200000   41856000  260000000  260000000
   1      432    46875   259984     98899289826     98899549810        44408172     212532      39763     260000         36     6    1200000   41856000  260000000  260000000
   1      432    46868   259991     98899549821     98899809811        44668167     212550      39763     260000         37     6    1200000   41856000  260000000  260000000
   1      432    46874   259989     98899809822     98900069811        44928168     212527      39763     260000         36     6    1200000   41856000  260000000  260000000
   1      432    50019   259994     98900069821     98900329815        45188167     209426      39763     260000         40     6    1200000   41856000  260000000  260000000
   1      432    42553   259984     98900329825     98900589809        45448171     216895      39763     260000         34     6    1200000   41856000  260000000  260000000
   1      432    46874   260010     98900589819     98900849830        45708165     212554      39763     260000         55     6    1200000   41856000  260000000  260000000
   1      432    46873   259969     98900849841     98901109810        45968187     212531      39763     260000         35     6    1200000   41856000  260000000  260000000
   1      432    46873   260001     98901109820     98901369821        46228166     212544      39763     260000         46     6    1200000   41856000  260000000  260000000
   1      432    47273   259936     98901369888     98901629824        46488234     212003      39763     260000         49     6    1000000   41856000  260000000  260000000
   1      432    46876   259975     98901629834     98901889809        46748180     212517      39763     260000         34     6    1200000   41856000  260000000  260000000
   1      432    46868   259992     98901889820     98902149812        47008166     212624      39763     260000         37     6    1200000   41856000  260000000  260000000
   1      432    53856   260018     98902149823     98902409841        47268168     205561      39763     260000         66     6    1200000   41856000  260000000  260000000
   1      432    50445   259960     98902409851     98902669812        47528197     208860      39763     260000         37     6    1200000   41856000  260000000  260000000
   1      432    46869   259992     98902669822     98902929814        47788168     212598      39763     260000         38     6    1200000   41856000  260000000  260000000
   1      432    46870   260005     98902929824     98903189829        48048170     212483      39763     260000         55     6    1200000   41856000  260000000  260000000
   1      432    50066   259996     98903189840     98903449836        48308185     209259      39763     260000         60     6    1200000   41856000  260000000  260000000
   1      432    48926   259961     98903449848     98903709809        48568194     210496      39763     260000         34     6    1000000   41856000  260000000  260000000
   1      432    46870   260020     98903709819     98903969840        48828165     212508      39763     260000         65     6    1200000   41856000  260000000  260000000
   1      432    46874   259977     98903969850     98904229827        49088196     212539      39763     260000         52     6    1200000   41856000  260000000  260000000
   1      432    46876   259973     98904229838     98904489811        49348183     212452      39763     260000         36     6    1200000   41856000  260000000  260000000
   1      432    46866   259989     98904489821     98904749810        49608167     212615      39763     260000         35     6    1200000   41856000  260000000  260000000
   1      432    50437   260016     98904749821     98905009837        49868167     208908      39763     260000         60     6    1200000   41856000  260000000  260000000
   1      432    47083   259964     98905009848     98905269812        50128194     212295      39763     260000         37     6    1100000   41856000  260000000  260000000
   1      432    46868   260000     98905269822     98905529822        50388167     212545      39763     260000         46     6    1200000   41856000  260000000  260000000
   1      432    46871   259987     98905529833     98905789820        50648179     212469      39763     260000         45     6    1200000   41856000  260000000  260000000
   1      432    46878   259979     98905789831     98906049809        50908176     212490      39763     260000         35     6    1200000   41856000  260000000  260000000
   1      432    40176   259996     98906049818     98906309814        51168164     219356      39763     260000         39     6    1400000   41856000  260000000  260000000
   1      432    46866   259985     98906309824     98906569809        51428170     212542      39763     260000         34     6    1200000   41856000  260000000  260000000
   1      432    50994   260006     98906569819     98906829825        51688165     208377      39763     260000         50     6    1200000   41856000  260000000  260000000
   1      432    46875   259982     98906829836     98907089817        51948181     212516      39763     260000         41     6    1200000   41856000  260000000  260000000
   1      432    54034   259981     98907089830     98907349810        52208176     205236      39763     260000         36     6    1000000   41856000  260000000  260000000
   1      432    46868   260026     98907349821     98907609847        52468166     212504      39763     260000         71     6    1200000   41856000  260000000  260000000
   1      432    48737   259902     98907609929     98907869831        52728275     210543      39763     260000         56     6     900000   41856000  260000000  260000000
   1      432    51049   259968     98907869844     98908129812        52988190     208306      39763     260000         37     6    1000000   41856000  260000000  260000000
   1      432    46867   259995     98908129823     98908389818        53248168     212507      39763     260000         43     6    1200000   41856000  260000000  260000000
   1      432    46513   259989     98908389827     98908649816        53508173     212947      39763     260000         40     6    1400000   41856000  260000000  260000000
   1      432    46870   259984     98908649827     98908909810        53768172     212578      39763     260000         36     6    1200000   41856000  260000000  260000000
   1      432    46873   259992     98908909821     98909169813        54028167     212585      39763     260000         38     6    1200000   41856000  260000000  260000000
   1      432    46874   260009     98909169823     98909429832        54288169     212507      39763     260000         56     6    1200000   41856000  260000000  260000000
   1      432    51149   259965     98909429843     98909689808        54548189     208045      39763     260000         33     6    1100000   41856000  260000000  260000000
   1      432    46865   260009     98909689818     98909949827        54808164     212589      39763     260000         51     6    1200000   41856000  260000000  260000000
   1      432    49138   259984     98909949842     98910209827        55068188     210194      39763     260000         51     6     900000   41856000  260000000  260000000
   1      432    46877   259974     98910209837     98910469811        55328183     212460      39763     260000         36     6    1200000   41856000  260000000  260000000
   1      432    46869   259998     98910469822     98910729820        55588167     212576      39763     260000         45     6    1200000   41856000  260000000  260000000
   1      432    46873   259997     98910729830     98910989827        55848176     212540      39763     260000         52     6    1200000   41856000  260000000  260000000
   1      432    51033   259972     98910989837     98911249809        56108183     208325      39763     260000         34     6    1200000   41856000  260000000  260000000
   1      432    40173   259989     98911249818     98911509807        56368164     219372      39763     260000         32     6    1400000   41856000  260000000  260000000
   1      432    40176   260015     98911509816     98911769832        56628162     219342      39763     260000         57     6    1400000   41856000  260000000  260000000
   1      432    46870   259992     98911769842     98912029834        56888188     212548      39763     260000         59     6    1200000   41856000  260000000  260000000
   1      432    47292   259961     98912029849     98912289810        57148195     212065      39763     260000         35     6    1000000   41856000  260000000  260000000
   1      432    50262   259991     98912289820     98912549810        57408166     209144      39763     260000         36     6    1200000   41856000  260000000  260000000
   1      432    44817   260000     98912549820     98912809821        57668166     214672      39763     260000         46     6    1200000   41856000  260000000  260000000
   1      432    52548   259978     98912809831     98913069809        57928177     206800      39763     260000         34     6    1200000   41856000  260000000  260000000
   1      432    46869   260004     98913069819     98913329823        58188164     212624      39763     260000         46     6    1200000   41856000  260000000  260000000
   1      432    46874   259990     98913329833     98913589824        58448179     212558      39763     260000         49     6    1200000   41856000  260000000  260000000
   1      432    40174   259945     98913589865     98913849810        58708211     219289      39763     260000         36     6    1400000   41856000  260000000  260000000
   1      432    48607   259989     98913849821     98914109809        58968166     210779      39763     260000         35     6    1200000   41856000  260000000  260000000
   1      432    49306   260000     98914109819     98914369820        59228165     210124      39763     260000         45     6    1200000   41856000  260000000  260000000
   1      432    46866   260001     98914369830     98914629831        59488176     212597      39763     260000         57     6    1200000   41856000  260000000  260000000
   1      432    50447   259976     98914629842     98914889818        59748188     208911      39763     260000         41     6    1200000   41856000  260000000  260000000
   1      432    46872   259984     98914889828     98915149813        60008174     212581      39763     260000         38     6    1200000   41856000  260000000  260000000
   1      432    46869   260008     98915149823     98915409831        60268169     212477      39763     260000         56     6    1200000   41856000  260000000  260000000
   1      432    50590   259970     98915409843     98915669813        60528189     208722      39763     260000         38     6    1000000   41856000  260000000  260000000
   1      432    48731   259988     98915669824     98915929813        60788170     210755      39763     260000         38     6    1100000   41856000  260000000  260000000
   1      432    46867   260005     98915929823     98916189828        61048169     212626      39763     260000         53     6    1200000   41856000  260000000  260000000
   1      432    46879   259986     98916189840     98916449826        61308186     212490      39763     260000         49     6    1200000   41856000  260000000  260000000
   1      432    46872   259974     98916449837     98916709811        61568183     212548      39763     260000         36     6    1200000   41856000  260000000  260000000
   1      432    46877   260009     98916709821     98916969830        61828167     212490      39763     260000         55     6    1200000   41856000  260000000  260000000
   1      432    50120   259971     98916969840     98917229811        62088186     209189      39763     260000         36     6    1200000   41856000  260000000  260000000
   1      432    46867   259989     98917229821     98917489811        62348167     212570      39763     260000         36     6    1200000   41856000  260000000  260000000
   1      432    46868   260004     98917489821     98917749825        62608166     212563      39763     260000         49     6    1200000   41856000  260000000  260000000
