#idx     perf      run   period           start             end          rel_st      slack c_duration   c_period     wu_lat   cpu       freq dl_runtime  dl_period dl_deadline
   8      788    73322  1138753     84257040931     84258179684         1265765     947702      72561    1200000      43872     6    1400000   76380000 1200000000 1200000000
   8      788    73318  1209301     84258179693     84259388994         2404527    1008898      72561    1200000      53181     6    1400000   76380000 1200000000 1200000000
   8      788    73324  1146857     84259389003     84260535860         3613837     999494      72561    1200000         47     6    1400000   76380000 1200000000 1200000000
   8      788    73338  1233143     84260535869     84261769012         4760703    1052665      72561    1200000      33200     6    1400000   76380000 1200000000 1200000000
   8      788    73331  1166842     84261769021     84262935863         5993855     999579      72561    1200000         50     6    1400000   76380000 1200000000 1200000000
   8      788    73352  1213149     84262935872     84264149021         7160706     928779      72561    1200000      13209     6    1400000   76380000 1200000000 1200000000
   8      788    73342  1290879     84264149030     84265439909         8373864     988969      72561    1200000     104097     6    1400000   76380000 1200000000 1200000000
   8      788    73322  1120009     84265439918     84266559927         9664752     948519      72561    1200000      24115     6    1400000   76380000 1200000000 1200000000
   8      788    73318  1229071     84266559936     84267789007        10784770    1028566      72561    1200000      53195     6    1400000   76380000 1200000000 1200000000
   8      788    73328  1146846     84267789016     84268935861        12013849     999610      72561    1200000         48     6    1400000   76380000 1200000000 1200000000
   8      788    73325  1233089     84268935871     84270168959        13160704    1052867      72561    1200000      33147     6    1400000   76380000 1200000000 1200000000
   8      788    73339  1166900     84270168968     84271335868        14393802     999868      72561    1200000         55     6    1400000   76380000 1200000000 1200000000
   8      788    73351  1232973     84271335877     84272568850        15560711     928762      72561    1200000      33038     6    1400000   76380000 1200000000 1200000000
   8      788    73329  1271018     84272568859     84273839877        16793693     988913      72561    1200000     104064     6    1400000   76380000 1200000000 1200000000
   8      788    73322  1119996     84273839885     84274959882        18064719     948732      72561    1200000      24069     6    1400000   76380000 1200000000 1200000000
   8      788    73325  1229076     84274959890     84276188966        19184724    1028652      72561    1200000      53153     6    1400000   76380000 1200000000 1200000000
   8      788    73336  1146899     84276188975     84277335874        20413809     979745      72561    1200000         61     6    1400000   76380000 1200000000 1200000000
   8      788    73336  1233596     84277335883     84278569479        21560717    1032962      72561    1200000      33667     6    1400000   76380000 1200000000 1200000000
   8      788    73345  1186242     84278569489     84279755731        22794322     999330      72561    1200000      19919     6    1400000   76380000 1200000000 1200000000
   8      788    73342  1213154     84279755740     84280968893        23980573     928885      72561    1200000      33081     6    1400000   76380000 1200000000 1200000000
   8      788    73328  1270884     84280968902     84282239786        25193736     988784      72561    1200000     103974     6    1400000   76380000 1200000000 1200000000
   8      788    73328  1120183     84282239795     84283359978        26464629     948840      72561    1200000      24166     6    1400000   76380000 1200000000 1200000000
   8      788    73325  1228933     84283359987     84284588920        27584821    1028590      72561    1200000      53107     6    1400000   76380000 1200000000 1200000000
   8      788    73312  1146899     84284588965     84285735864        28813799     979826      72561    1200000         52     6    1400000   76380000 1200000000 1200000000
   8      788    73322  1252863     84285735874     84286988737        29960708    1032844      72561    1200000      52924     6    1400000   76380000 1200000000 1200000000
   8      788    73334  1147145     84286988746     84288135891        31213580     999848      72561    1200000         78     6    1400000   76380000 1200000000 1200000000
   8      788    73325  1213116     84288135900     84289349016        32360734    1052690      72561    1200000      13203     6    1400000   76380000 1200000000 1200000000
   8      788    73326  1290826     84289349025     84290639851        33573858    1008523      72561    1200000     104038     6    1400000   76380000 1200000000 1200000000
   8      788    73338  1120089     84290639860     84291759948        34864694     929031      72561    1200000      24136     6    1400000   76380000 1200000000 1200000000
   8      788    73325  1229009     84291759957     84292988966        35984791    1008553      72561    1200000      53154     6    1400000   76380000 1200000000 1200000000
   8      788    73348  1146892     84292988975     84294135867        37213809     979709      72561    1200000         54     6    1400000   76380000 1200000000 1200000000
   8      788    73329  1252970     84294135876     84295388846        38360710    1032884      72561    1200000      53034     6    1400000   76380000 1200000000 1200000000
   8      788    73323  1147013     84295388855     84296535868        39613689     999828      72561    1200000         55     6    1400000   76380000 1200000000 1200000000
   8      788    73331  1213123     84296535876     84297749000        40760710    1052726      72561    1200000      13187     6    1400000   76380000 1200000000 1200000000
   8      788    73322  1290847     84297749009     84299039855        41973843    1008611      72561    1200000     104043     6    1400000   76380000 1200000000 1200000000
   8      788    73317  1120037     84299039864     84300159901        43264698     928924      72561    1200000      24088     6    1400000   76380000 1200000000 1200000000
   8      788    73325  1229063     84300159909     84301388973        44384743    1008870      72561    1200000      53160     6    1400000   76380000 1200000000 1200000000
   8      788    73339  1166689     84301388981     84302555670        45613815     979666      72561    1200000      19858     6    1400000   76380000 1200000000 1200000000
   8      788    73331  1213312     84302555679     84303768991        46780513    1032913      72561    1200000      33179     6    1400000   76380000 1200000000 1200000000
   8      788    73328  1166850     84303769000     84304935850        47993834    1019619      72561    1200000         37     6    1400000   76380000 1200000000 1200000000
   8      788    73319  1213180     84304935859     84306149038        49160693    1052566      72561    1200000      13226     6    1400000   76380000 1200000000 1200000000
   8      788    73341  1290833     84306149047     84307439880        50373881    1008537      72561    1200000     104068     6    1400000   76380000 1200000000 1200000000
   8      788    73332  1120015     84307439889     84308559904        51664723     928970      72561    1200000      24092     6    1400000   76380000 1200000000 1200000000
   8      788    73341  1248953     84308559913     84309808866        52784747    1008504      72561    1200000      73054     6    1400000   76380000 1200000000 1200000000
   8      788    73326  1126999     84309808875     84310935874        54033709     979768      72561    1200000         61     6    1400000   76380000 1200000000 1200000000
   8      788    73321  1233135     84310935883     84312169018        55160717    1052616      72561    1200000      33205     6    1400000   76380000 1200000000 1200000000
   8      788    73320  1166848     84312169027     84313335875        56393861    1019678      72561    1200000         62     6    1400000   76380000 1200000000 1200000000
   8      788    73332  1213068     84313335922     84314548990        57560756    1052600      72561    1200000      13178     6    1400000   76380000 1200000000 1200000000
   8      788    73326  1310710     84314548999     84315859709        58773833     988820      72561    1200000     123897     6    1400000   76380000 1200000000 1200000000
