#idx     perf      run   period           start             end          rel_st      slack c_duration   c_period     wu_lat   cpu       freq dl_runtime  dl_period dl_deadline
   0     2576   239505   702631    127149796485    127150499116         3771585     111800     237044     760000         35     4    1400000  249521000  760000000  760000000
   0     2576   256317   764552    127150499125    127151263677         4474225      -4597     237044     760000          0     5    1400000  249521000  760000000  760000000
   0     2576   259045   769439    127151263687    127152033125         5238787     -14045     237044     760000          0     5    1300000  249521000  760000000  760000000
   0     2576   269168   819992    127152033136    127152853127         6008236     -74047     237044     760000          0     5    1200000  249521000  760000000  760000000
   0     2576   279419   972019    127152853137    127153825156         6828238    -286075     237044     760000          0     7    1200000  249521000  760000000  760000000
   0     2576   279408   710718    127153825166    127154535884         7800266    -236803     237044     760000          0     4    1200000  249521000  760000000  760000000
   0     2576   279428   911233    127154535894    127155447127         8510994    -388047     237044     760000          0     6    1200000  249521000  760000000  760000000
   0     2576   279411   730653    127155447137    127156177790         9422238    -358710     237044     760000          0     4    1200000  249521000  760000000  760000000
   0     2576   279412   675663    127156177800    127156853463        10152900    -274383     237044     760000          0     4    1200000  249521000  760000000  760000000
   0     2576   279409  1076167    127156853473    127157929640        10828574    -590560     237044     760000          0     5    1200000  249521000  760000000  760000000
   0     2576   279455   766737    127157929651    127158696388        11904751    -597307     237044     760000          0     7    1200000  249521000  760000000  760000000
   0     2576   300234  1048606    127158696398    127159745003        12671498    -885923     237044     760000          0     7    1200000  249521000  760000000  760000000
   0     2576   282880  1015552    127159745014    127160760566        13720115   -1141486     237044     760000          0     5    1100000  249521000  760000000  760000000
   0     2576   279399   646598    127160760577    127161407175        14735677   -1028094     237044     760000          0     4    1200000  249521000  760000000  760000000
   0     2576   281174   773949    127161407185    127162181134        15382285   -1042054     237044     760000          0     7    1200000  249521000  760000000  760000000
   0     2576   294968   886820    127162181144    127163067964        16156244   -1168884     237044     760000          0     4    1200000  249521000  760000000  760000000
   0     2576   304838   881294    127163067976    127163949270        17043076   -1290189     237044     760000          0     4    1100000  249521000  760000000  760000000
   0     2576   304814   880861    127163949281    127164830142        17924381   -1411062     237044     760000          0     7    1100000  249521000  760000000  760000000
   0     2576   304823  1456247    127164830153    127166286400        18805254   -2107320     237044     760000          0     5    1100000  249521000  760000000  760000000
   0     2576   304794   947617    127166286411    127167234028        20261511   -2294947     237044     760000          0     5    1100000  249521000  760000000  760000000
   0     2576   304817   400099    127167234038    127167634137        21209139   -1935057     237044     760000          0     5    1100000  249521000  760000000  760000000
   0     2576   304850   781637    127167634148    127168415786        21609248   -1956705     237044     760000          0     4    1100000  249521000  760000000  760000000
   0     2576   304822   722167    127168415796    127169137963        22390897   -1918883     237044     760000          0     7    1100000  249521000  760000000  760000000
   0     2576   304853   883148    127169138018    127170021166        23113118   -2042085     237044     760000          0     5    1100000  249521000  760000000  760000000
   0     2576   304826   919041    127170021177    127170940218        23996277   -2201138     237044     760000          0     4    1100000  249521000  760000000  760000000
   0     2576   304851   692658    127170940229    127171632887        24915329   -2133806     237044     760000          0     4    1100000  249521000  760000000  760000000
   0     2576   304805  1091584    127171632897    127172724481        25607997   -2465401     237044     760000          0     4    1100000  249521000  760000000  760000000
   0     2576   304860  1032268    127172724493    127173756761        26699593   -2737681     237044     760000          0     4    1100000  249521000  760000000  760000000
   0     2576   304824   756057    127173756772    127174512829        27731872   -2733749     237044     760000          0     4    1100000  249521000  760000000  760000000
   0     2576   304806   656796    127174512840    127175169636        28487941   -2630555     237044     760000          0     7    1100000  249521000  760000000  760000000
   0     2576   304852   867732    127175169647    127176037379        29144747   -2738299     237044     760000          0     5    1100000  249521000  760000000  760000000
   0     2576   283264   690472    127176037390    127176727862        30012491   -2668782     237044     760000          0     7    1100000  249521000  760000000  760000000
   0     2576   286956   727768    127176727873    127177455641        30702973   -2636561     237044     760000          0     7    1200000  249521000  760000000  760000000
   0     2576   304466   978686    127177455652    127178434338        31430752   -2855258     237044     760000          0     6    1200000  249521000  760000000  760000000
   0     2576   304803  1695098    127178434349    127180129447        32409449   -3790367     237044     760000          0     4    1100000  249521000  760000000  760000000
   0     2576   304751   307899    127180129458    127180437357        34104558   -3338277     237044     760000          0     4    1100000  249521000  760000000  760000000
   0     2576   304787   684494    127180437368    127181121862        34412468   -3262782     237044     760000          0     6    1100000  249521000  760000000  760000000
   0     2576   304800  1300676    127181121873    127182422550        35096974   -3803469     237044     760000          0     6    1100000  249521000  760000000  760000000
   0     2576   300455   413955    127182422560    127182836516        36397661   -3457435     237044     760000          0     4    1100000  249521000  760000000  760000000
   0     2576   279374   901601    127182836526    127183738127        36811626   -3599047     237044     760000          0     4    1200000  249521000  760000000  760000000
   0     2576   287494   992591    127183738137    127184730728        37713237   -3831648     237044     760000          0     7    1200000  249521000  760000000  760000000
   0     2576   283550   779439    127184730738    127185510177        38705839   -3851097     237044     760000          0     5    1200000  249521000  760000000  760000000
   0     2576   304900   902568    127185510189    127186412756        39485289   -3993676     237044     760000          0     4    1100000  249521000  760000000  760000000
   0     2576   304849  1205565    127186412767    127187618332        40387868   -4439251     237044     760000          0     7    1100000  249521000  760000000  760000000
   0     2576   304797   852564    127187618343    127188470907        41593443   -4531827     237044     760000          0     5    1100000  249521000  760000000  760000000
   0     2576   304771   519945    127188470918    127188990863        42446018   -4291783     237044     760000          0     4    1100000  249521000  760000000  760000000
   0     2576   300584  1166447    127188990874    127190157321        42965974   -4698241     237044     760000          0     4    1100000  249521000  760000000  760000000
   0     2576   293713   947627    127190157372    127191104999        44132472   -4885918     237044     760000          0     5    1200000  249521000  760000000  760000000
   0     2576   292540   886269    127191105010    127191991279        45080110   -5012198     237044     760000          0     6    1100000  249521000  760000000  760000000
   0     2576   294311   845731    127191991289    127192837020        45966389   -5097940     237044     760000          0     4    1200000  249521000  760000000  760000000
   0     2576   285290   559958    127192837031    127193396989        46812132   -4897909     237044     760000          0     5    1100000  249521000  760000000  760000000
   0     2576   295743  1312366    127193397000    127194709366        47372100   -5450285     237044     760000          0     5    1200000  249521000  760000000  760000000
   0     2576   304866   719542    127194709377    127195428919        48684477   -5409838     237044     760000          0     4    1100000  249521000  760000000  760000000
   0     2576   296529   871816    127195428930    127196300746        49404030   -5521665     237044     760000          0     6    1100000  249521000  760000000  760000000
   0     2576   303600   793695    127196300757    127197094451        50275857   -5555371     237044     760000          0     7    1100000  249521000  760000000  760000000
   0     2576   297304   982760    127197094462    127198077222        51069562   -5778141     237044     760000          0     5    1200000  249521000  760000000  760000000
   0     2576   282313  1238829    127198077232    127199316062        52052333   -6256981     237044     760000          0     4    1100000  249521000  760000000  760000000
   0     2576   303058   930722    127199316073    127200246795        53291173   -6427715     237044     760000          0     5    1100000  249521000  760000000  760000000
   0     2576   286993   888776    127200246805    127201135581        54221905   -6556501     237044     760000          0     7    1200000  249521000  760000000  760000000
   0     2576   304793   511787    127201135592    127201647380        55110692   -6308299     237044     760000          0     7    1100000  249521000  760000000  760000000
   0     2576   304843   957871    127201647390    127202605261        55622491   -6506181     237044     760000          0     5    1100000  249521000  760000000  760000000
   0     2576   284647   603403    127202605272    127203208675        56580372   -6349595     237044     760000          0     7    1100000  249521000  760000000  760000000
   0     2576   289782  1262173    127203208685    127204470859        57183786   -6851778     237044     760000          0     4    1200000  249521000  760000000  760000000
   0     2576   304874   886380    127204470870    127205357250        58445970   -6978169     237044     760000          0     5    1100000  249521000  760000000  760000000
   0     2576   291282   896156    127205357261    127206253417        59332361   -7114337     237044     760000          0     5    1100000  249521000  760000000  760000000
   0     2576   304829   952060    127206253429    127207205489        60228529   -7306409     237044     760000          0     7    1100000  249521000  760000000  760000000
   0     2576   304815   706431    127207205500    127207911931        61180600   -7252850     237044     760000          0     6    1100000  249521000  760000000  760000000
   0     2576   283440   682280    127207911941    127208594221        61887041   -7175141     237044     760000          0     7    1100000  249521000  760000000  760000000
   0     2576   300144  1244702    127208594231    127209838933        62569332   -7659853     237044     760000          0     5    1200000  249521000  760000000  760000000
   0     2576   299303   777866    127209838944    127210616810        63814044   -7677729     237044     760000          0     5    1200000  249521000  760000000  760000000
   0     2576   294220   904793    127210616863    127211521656        64591964   -7822576     237044     760000          0     5    1100000  249521000  760000000  760000000
   0     2576   304079   846574    127211521666    127212368240        65496766   -7909159     237044     760000          0     4    1200000  249521000  760000000  760000000
   0     2576   304826   853900    127212368251    127213222151        66343351   -8003071     237044     760000          0     7    1100000  249521000  760000000  760000000
   0     2576   302518  1144191    127213222162    127214366354        67197263   -8387273     237044     760000          0     7    1100000  249521000  760000000  760000000
   0     2576   298274  1034809    127214366363    127215401173        68341464   -8662092     237044     760000          0     5    1200000  249521000  760000000  760000000
   0     2576   285676   713872    127215401182    127216115054        69376283   -8615974     237044     760000          0     5    1200000  249521000  760000000  760000000
   0     2576   293368  1053691    127216115066    127217168757        70090166   -8909677     237044     760000          0     4    1100000  249521000  760000000  760000000
   0     2576   295429   625249    127217168768    127217794018        71143869   -8774937     237044     760000          0     7    1100000  249521000  760000000  760000000
   0     2576   300397   783714    127217794028    127218577742        71769128   -8798662     237044     760000          0     4    1200000  249521000  760000000  760000000
   0     2576   287554  1402138    127218577754    127219979892        72552855   -9440811     237044     760000          0     6    1100000  249521000  760000000  760000000
   0     2576   304865  1110778    127219979903    127221090682        73955004   -9791601     237044     760000          0     4    1100000  249521000  760000000  760000000
   0     2576   304838   474343    127221090693    127221565037        75065793   -9505956     237044     760000          0     4    1100000  249521000  760000000  760000000
   0     2576   288933   749959    127221565047    127222315007        75540148   -9495926     237044     760000          0     4    1100000  249521000  760000000  760000000
   0     2576   297917   918611    127222315017    127223233627        76290117   -9654547     237044     760000          0     4    1200000  249521000  760000000  760000000
   0     2576   304126  1015157    127223233639    127224248796        77208739   -9909716     237044     760000          0     7    1100000  249521000  760000000  760000000
   0     2576   304862  1056353    127224248807    127225305160        78223907  -10206080     237044     760000          0     7    1100000  249521000  760000000  760000000
   0     2576   300501   816590    127225305171    127226121761        79280272  -10262681     237044     760000          0     7    1100000  249521000  760000000  760000000
   0     2576   304829   824814    127226121773    127226946587        80096873  -10327507     237044     760000          0     5    1100000  249521000  760000000  760000000
   0     2576   301467   991762    127226946598    127227938361        80921698  -10559280     237044     760000          0     7    1100000  249521000  760000000  760000000
   0     2576   302657   866811    127227938371    127228805183        81913472  -10666103     237044     760000          0     7    1100000  249521000  760000000  760000000
   0     2576   284432   936051    127228805193    127229741244        82780293  -10842164     237044     760000          0     7    1200000  249521000  760000000  760000000
   0     2576   304843   818842    127229741255    127230560097        83716356  -10901017     237044     760000          0     4    1100000  249521000  760000000  760000000
   0     2576   304884   856633    127230560109    127231416742        84535209  -10997662     237044     760000          0     4    1100000  249521000  760000000  760000000
   0     2576   297642   862479    127231416753    127232279231        85391853  -11100151     237044     760000          0     7    1100000  249521000  760000000  760000000
   0     2576   296699  1161816    127232279284    127233441101        86254385  -11502020     237044     760000          0     4    1100000  249521000  760000000  760000000
   0     2576   283655   714881    127233441111    127234155991        87416211  -11456911     237044     760000          0     4    1200000  249521000  760000000  760000000
   0     2576   304849  1087164    127234156002    127235243166        88131103  -11784086     237044     760000          0     4    1100000  249521000  760000000  760000000
   0     2576   304835   552522    127235243178    127235795699        89218278  -11576619     237044     760000          0     5    1100000  249521000  760000000  760000000
   0     2576   289732   935012    127235795710    127236730723        89770811  -11751643     237044     760000          0     7    1100000  249521000  760000000  760000000
   0     2576   301943  1199160    127236730733    127237929893        90705834  -12190813     237044     760000          0     4    1200000  249521000  760000000  760000000
   0     2576   288872   838201    127237929903    127238768104        91905004  -12269024     237044     760000          0     4    1200000  249521000  760000000  760000000
