#idx     perf      run   period           start             end          rel_st      slack c_duration   c_period     wu_lat   cpu       freq dl_runtime  dl_period dl_deadline
  10      930   110107   352970    132952567418    132952920388         3849017     235939      85612     390000        114     4    1100000   90118000  390000000  390000000
  10      930    93529   389949    132952920399    132953310348         4201998     295043      85612     390000         75     7    1100000   90118000  390000000  390000000
  10      930    93165   389976    132953310358    132953700334         4591956     295768      85612     390000         61     4    1300000   90118000  390000000  390000000
  10      930    93146   409438    132953700343    132954109781         4981942     295821      85612     390000      19508     4    1300000   90118000  390000000  390000000
  10      930    86474   370528    132954109791    132954480318         5391389     283300      85612     390000         45     4    1400000   90118000  390000000  390000000
  10      930    86486   390016    132954480327    132954870344         5761926     302749      85612     390000         71     4    1400000   90118000  390000000  390000000
  10      930    86524   389992    132954870353    132955260345         6151951     302526      85612     390000         72     4    1400000   90118000  390000000  390000000
  10      930    86496   389977    132955260354    132955650331         6541952     302604      85612     390000         57     6    1400000   90118000  390000000  390000000
  10      930    86484   389991    132955650341    132956040331         6931939     302723      85612     390000         58     4    1400000   90118000  390000000  390000000
  10      930    86495   389991    132956040341    132956430332         7321939     302618      85612     390000         58     4    1400000   90118000  390000000  390000000
  10      930    92160   389974    132956430344    132956820318         7711942     272437      85612     390000         45     6    1000000   90118000  390000000  390000000
  10      930    86485   390010    132956820327    132957210338         8101926     302699      85612     390000         65     7    1400000   90118000  390000000  390000000
  10      930    86479   389979    132957210347    132957600326         8491945     302623      85612     390000         52     7    1400000   90118000  390000000  390000000
  10      930   110107   389991    132957600337    132957990328         8881936     278682      85612     390000         55     7    1100000   90118000  390000000  390000000
  10      930    86500   390013    132957990339    132958380352         9271938     284761      85612     390000         79     7    1200000   90118000  390000000  390000000
  10      930    86498   389966    132958380361    132958770327         9661960     302617      85612     390000         50     5    1400000   90118000  390000000  390000000
  10      930    86506   390001    132958770337    132959160337        10051935     302468      85612     390000         64     5    1400000   90118000  390000000  390000000
  10      930   106900   389989    132959160348    132959550337        10441947     276649      85612     390000         64     7    1100000   90118000  390000000  390000000
  10      930    93150   390009    132959550347    132959940356        10831945     295888      85612     390000         83     5    1300000   90118000  390000000  390000000
  10      930    86499   389991    132959940365    132960330357        11221964     302555      85612     390000         84     6    1400000   90118000  390000000  390000000
  10      930    86510   389951    132960330365    132960720317        11611964     288217      85612     390000         44     5    1400000   90118000  390000000  390000000
  10      930    97530   390025    132960720326    132961110351        12001924     291332      85612     390000         78     5    1400000   90118000  390000000  390000000
  10      930    86476   389968    132961110360    132961500327        12391958     302711      85612     390000         55     5    1400000   90118000  390000000  390000000
  10      930    86503   389962    132961500373    132961890335        12781972     302519      85612     390000         63     6    1400000   90118000  390000000  390000000
  10      930   112706   389989    132961890345    132962280334        13171943     251287      85612     390000         60     4    1400000   90118000  390000000  390000000
  10      930   110109   389989    132962280346    132962670335        13561944     278706      85612     390000         62     4    1100000   90118000  390000000  390000000
  10      930    86527   390003    132962670344    132963060347        13951943     298142      85612     390000         75     4    1400000   90118000  390000000  390000000
  10      930    86488   428944    132963060356    132963489300        14341955     302569      85612     390000      39027     4    1400000   90118000  390000000  390000000
  10      930   118328   351030    132963489311    132963840341        14770910     218750      85612     390000         67     7    1000000   90118000  390000000  390000000
  10      930    93431   389991    132963840352    132964230343        15121951     295519      85612     390000         70     4    1100000   90118000  390000000  390000000
  10      930    86523   389991    132964230352    132964620344        15511951     298166      85612     390000         71     4    1400000   90118000  390000000  390000000
  10      930    86522   389988    132964620352    132965010340        15901951     302531      85612     390000         67     6    1400000   90118000  390000000  390000000
  10      930    93128   389976    132965010350    132965400326        16291949     295997      85612     390000         53     7    1300000   90118000  390000000  390000000
  10      930    86499   389994    132965400334    132965790329        16681933     302522      85612     390000         55     7    1400000   90118000  390000000  390000000
  10      930    86477   326506    132965853820    132966180326        17135419     239251      85612     390000         52     4    1400000   90118000  390000000  390000000
  10      930    91486   390026    132966180336    132966570363        17461935     292970      85612     390000         90     4    1300000   90118000  390000000  390000000
  10      930    86511   389949    132966570372    132966960321        17851971     302496      85612     390000         48     4    1400000   90118000  390000000  390000000
  10      930    86500   390004    132966960330    132967350334        18241929     302635      85612     390000         60     7    1400000   90118000  390000000  390000000
  10      930   125456   376579    132967363731    132967740310        18645330     190861      85612     390000         37     4     900000   90118000  390000000  390000000
  10      930    86496   390016    132967740319    132968130335        19021917     302634      85612     390000         62     4    1400000   90118000  390000000  390000000
  10      930    86534   390030    132968130344    132968520374        19411943     302403      85612     390000        100     4    1400000   90118000  390000000  390000000
  10      930    93828   389956    132968520388    132968910343        19801986     294915      85612     390000         71     7     900000   90118000  390000000  390000000
  10      930    93130   389967    132968910355    132969300322        20191953     295925      85612     390000         49     7    1300000   90118000  390000000  390000000
  10      930    93152   390052    132969300331    132969690383        20581930     295797      85612     390000        110     7    1300000   90118000  390000000  390000000
  10      930    99763   389935    132969690394    132970080329        20971993     289008      85612     390000         56     7    1100000   90118000  390000000  390000000
  10      930    86477   390006    132970080338    132970470343        21361937     302758      85612     390000         71     4    1400000   90118000  390000000  390000000
  10      930    86520   390012    132970470353    132970860364        21751951     302504      85612     390000         90     6    1400000   90118000  390000000  390000000
  10      930   134569   389907    132970860427    132971250334        22142026     253877      85612     390000         60     4     900000   90118000  390000000  390000000
  10      930   119107   389998    132971250348    132971640346        22531947     269478      85612     390000         73     7     900000   90118000  390000000  390000000
  10      930    86498   389970    132971640355    132972030325        22921953     302633      85612     390000         52     4    1400000   90118000  390000000  390000000
  10      930    86507   420000    132972030333    132972450334        23311932     302583      85612     390000      30061     6    1400000   90118000  390000000  390000000
  10      930    93131   360016    132972450343    132972810359        23731942     265982      85612     390000         86     5    1300000   90118000  390000000  390000000
  10      930    93155   389981    132972810369    132973200350        24091968     295745      85612     390000         77     4    1300000   90118000  390000000  390000000
  10      930    86503   389965    132973200359    132973590324        24481957     302535      85612     390000         51     4    1400000   90118000  390000000  390000000
  10      930    86511   389988    132973590333    132973980321        24871932     302501      85612     390000         49     7    1400000   90118000  390000000  390000000
  10      930    86489   390027    132973980330    132974370358        25261929     302716      85612     390000         84     7    1400000   90118000  390000000  390000000
  10      930    93162   394864    132974375084    132974769948        25656682     281967      85612     390000       9675     4    1300000   90118000  390000000  390000000
  10      930    86519   380377    132974769956    132975150333        26051555     292823      85612     390000         61     5    1400000   90118000  390000000  390000000
  10      930    86505   389977    132975150343    132975540320        26431941     302471      85612     390000         47     6    1400000   90118000  390000000  390000000
  10      930    86482   390006    132975540329    132975930334        26821927     302615      85612     390000         61     7    1400000   90118000  390000000  390000000
  10      930   100896   389980    132975930346    132976320326        27211944     288099      85612     390000         53     7    1200000   90118000  390000000  390000000
  10      930    93151   390021    132976320335    132976710356        27601934     291277      85612     390000         83     7    1300000   90118000  390000000  390000000
  10      930    86714   389951    132976710366    132977100317        27991965     302207      85612     390000         45     5    1300000   90118000  390000000  390000000
  10      930    86503   390026    132977100327    132977490353        28381926     302549      85612     390000         80     7    1400000   90118000  390000000  390000000
  10      930    86490   389951    132977490362    132977880313        28771961     302643      85612     390000         40     7    1400000   90118000  390000000  390000000
  10      930   108318   366258    132977904069    132978270328        29185668     229201      85612     390000         54     7    1100000   90118000  390000000  390000000
  10      930    86502   390011    132978270339    132978660350        29551937     302542      85612     390000         77     4    1400000   90118000  390000000  390000000
  10      930    86507   389995    132978660359    132979050354        29941957     298144      85612     390000         81     4    1400000   90118000  390000000  390000000
  10      930    86499   389951    132979050363    132979440314        30331962     302561      85612     390000         40     4    1400000   90118000  390000000  390000000
  10      930   100965   361950    132979468402    132979830352        30750001     248520      85612     390000         79     7    1200000   90118000  390000000  390000000
  10      930   100921   389933    132979830399    132980220332        31111998     287973      85612     390000         58     7    1200000   90118000  390000000  390000000
  10      930   134626   389986    132980220345    132980610331        31501944     233630      85612     390000         58     5     900000   90118000  390000000  390000000
  10      930   110104   389987    132980610343    132981000330        31891942     278538      85612     390000         57     5    1100000   90118000  390000000  390000000
  10      930    86474   393435    132981000339    132981393775        32281938     302750      85612     390000       3502     5    1400000   90118000  390000000  390000000
  10      930    86478   386528    132981393783    132981780311        32675382     299200      85612     390000         38     5    1400000   90118000  390000000  390000000
  10      930    86497   399508    132981780321    132982179829        33061919     279292      85612     390000       9556     5    1400000   90118000  390000000  390000000
  10      930    93147   380486    132982179838    132982560324        33461437     286425      85612     390000         51     5    1300000   90118000  390000000  390000000
  10      930    91462   389992    132982560333    132982950325        33841932     277624      85612     390000         52     5    1300000   90118000  390000000  390000000
  10      930    86495   390006    132982950334    132983340340        34231933     302617      85612     390000         67     5    1400000   90118000  390000000  390000000
  10      930    86496   390019    132983340349    132983730368        34621948     302549      85612     390000         95     6    1400000   90118000  390000000  390000000
  10      930    86517   389940    132983730377    132984120317        35011976     302384      85612     390000         44     7    1400000   90118000  390000000  390000000
  10      930    86506   389993    132984120326    132984510319        35401925     296106      85612     390000         47     5    1400000   90118000  390000000  390000000
  10      930    86503   390048    132984510329    132984900377        35791928     302566      85612     390000        102     6    1400000   90118000  390000000  390000000
  10      930   125413   399609    132984900390    132985299999        36181989     234052      85612     390000       9726     6     900000   90118000  390000000  390000000
  10      930    86489   380267    132985300054    132985680320        36581652     292977      85612     390000         47     4    1400000   90118000  390000000  390000000
  10      930    86496   390003    132985680329    132986070332        36961928     302616      85612     390000         59     5    1400000   90118000  390000000  390000000
  10      930   106178   389978    132986070343    132986460321        37351942     282640      85612     390000         47     6    1100000   90118000  390000000  390000000
  10      930    86519   390018    132986460329    132986850347        37741928     302526      85612     390000         74     5    1400000   90118000  390000000  390000000
  10      930    86487   389973    132986850356    132987240329        38131955     302597      85612     390000         55     7    1400000   90118000  390000000  390000000
  10      930    98822   389982    132987240344    132987630326        38521943     256205      85612     390000         53     7     800000   90118000  390000000  390000000
  10      930    86477   389988    132987630335    132988020322        38911933     302649      85612     390000         49     5    1400000   90118000  390000000  390000000
  10      930    86515   438065    132988020331    132988458396        39301930     279176      85612     390000      48123     5    1400000   90118000  390000000  390000000
  10      930   100912   341916    132988458407    132988800322        39740005     239982      85612     390000         49     7    1200000   90118000  390000000  390000000
  10      930    86479   374713    132988815609    132989190322        40097207     287389      85612     390000         48     5    1400000   90118000  390000000  390000000
  10      930    86499   390002    132989190368    132989580369        40471966     302464      85612     390000         96     5    1400000   90118000  390000000  390000000
  10      930    86496   389974    132989580379    132989970353        40861977     302546      85612     390000         80     6    1400000   90118000  390000000  390000000
  10      930    86502   389971    132989970362    132990360333        41251961     302472      85612     390000         60     7    1400000   90118000  390000000  390000000
  10      930    86488   413471    132990360342    132990773812        41641940     302711      85612     390000      23539     5    1400000   90118000  390000000  390000000
  10      930    86484   366510    132990773821    132991140331        42055419     279146      85612     390000         56     4    1400000   90118000  390000000  390000000
  10      930    86530   390018    132991140340    132991530358        42421939     302604      85612     390000         85     6    1400000   90118000  390000000  390000000
  10      930    86508   389963    132991530367    132991920330        42811966     302484      85612     390000         57     4    1400000   90118000  390000000  390000000
  10      930    86477   390006    132991920339    132992310345        43201938     302751      85612     390000         72     4    1400000   90118000  390000000  390000000
  10      930    86514   354862    132992345463    132992700324        43627061     267428      85612     390000         52     6    1400000   90118000  390000000  390000000
  10      930    86491   390026    132992700334    132993090359        43981932     302591      85612     390000         86     6    1400000   90118000  390000000  390000000
  10      930    86501   389952    132993090368    132993480320        44371967     298225      85612     390000         46     7    1400000   90118000  390000000  390000000
  10      930    94488   389989    132993480333    132993870321        44761931     294396      85612     390000         48     7     900000   90118000  390000000  390000000
  10      930    86506   390002    132993870330    132994260332        45151929     302352      85612     390000         59     6    1400000   90118000  390000000  390000000
  10      930    86498   390028    132994260340    132994650368        45541939     302545      85612     390000         96     6    1400000   90118000  390000000  390000000
  10      930    86508   389974    132994650377    132995040351        45931976     302439      85612     390000         79     5    1400000   90118000  390000000  390000000
  10      930    86541   389958    132995040360    132995430318        46321959     302561      85612     390000         45     5    1400000   90118000  390000000  390000000
  10      930    86505   390006    132995430328    132995820334        46711926     302597      85612     390000         60     5    1400000   90118000  390000000  390000000
  10      930    86496   399661    132995820343    132996220003        47101941     302617      85612     390000       9731     5    1400000   90118000  390000000  390000000
  10      930    86503   380305    132996220050    132996600355        47501648     284394      85612     390000         82     4    1400000   90118000  390000000  390000000
  10      930    93149   389991    132996600365    132996990356        47881963     295872      85612     390000         83     5    1300000   90118000  390000000  390000000
  10      930    93169   389954    132996990365    132997380319        48271964     295754      85612     390000         46     5    1300000   90118000  390000000  390000000
  10      930    93151   434352    132997380329    132997814681        48661927     295835      85612     390000      44409     7    1300000   90118000  390000000  390000000
  10      930    93184   345623    132997814690    132998160313        49096289     251432      85612     390000         39     6    1300000   90118000  390000000  390000000
  10      930    93160   389967    132998160358    132998550324        49441956     291317      85612     390000         52     7    1300000   90118000  390000000  390000000
  10      930    86477   389993    132998550333    132998940326        49831932     302662      85612     390000         54     7    1400000   90118000  390000000  390000000
  10      930    86495   390040    132998940336    132999330376        50221934     302633      85612     390000        103     7    1400000   90118000  390000000  390000000
  10      930    86480   389937    132999330385    132999720322        50611983     302667      85612     390000         49     5    1400000   90118000  390000000  390000000
  10      930    86472   389987    132999720331    133000110317        51001929     302801      85612     390000         44     7    1400000   90118000  390000000  390000000
  10      930    86518   390002    133000110327    133000500329        51391926     275950      85612     390000         56     7    1400000   90118000  390000000  390000000
  10      930    93160   390005    133000500338    133000890343        51781937     295762      85612     390000         70     7    1300000   90118000  390000000  390000000
  10      930    86487   389959    133000890352    133001280312        52171951     302521      85612     390000         39     5    1400000   90118000  390000000  390000000
  10      930    86487   395615    133001280320    133001675935        52561919     302704      85612     390000       5662     5    1400000   90118000  390000000  390000000
  10      930    98608   384377    133001675946    133002060323        52957544     284689      85612     390000         50     6    1100000   90118000  390000000  390000000
  10      930    86477   390003    133002060332    133002450335        53341930     302727      85612     390000         62     5    1400000   90118000  390000000  390000000
  10      930    86503   389972    133002450344    133002840316        53731942     268327      85612     390000         42     5    1400000   90118000  390000000  390000000
  10      930    88131   389995    133002840326    133003230321        54121925     299347      85612     390000         46     5    1200000   90118000  390000000  390000000
  10      930    86495   389992    133003230330    133003620322        54511928     302616      85612     390000         49     5    1400000   90118000  390000000  390000000
  10      930    86522   390015    133003620331    133004010346        54901929     302499      85612     390000         72     4    1400000   90118000  390000000  390000000
  10      930   100931   408796    133004010356    133004419152        55291955     260650      85612     390000      18880     4    1200000   90118000  390000000  390000000
  10      930    86501   371170    133004419161    133004790331        55700759     283794      85612     390000         58     4    1400000   90118000  390000000  390000000
  10      930    86483   389986    133004790340    133005180326        56071939     302702      85612     390000         53     5    1400000   90118000  390000000  390000000
  10      930    86488   390025    133005180335    133005570359        56461933     302654      85612     390000         86     7    1400000   90118000  390000000  390000000
  10      930   110093   389952    133005570371    133005960324        56851970     273164      85612     390000         51     7    1100000   90118000  390000000  390000000
  10      930   110087   390015    133005960335    133006350350        57241934     278830      85612     390000         77     7    1100000   90118000  390000000  390000000
  10      930    86511   389989    133006350359    133006740349        57631958     279158      85612     390000         76     4    1400000   90118000  390000000  390000000
  10      930    86491   399643    133006740358    133007140001        58021956     302675      85612     390000       9728     4    1400000   90118000  390000000  390000000
  10      930    86485   380277    133007140056    133007520334        58421655     292975      85612     390000         59     7    1400000   90118000  390000000  390000000
  10      930    89976   389949    133007520398    133007910347        58801996     298731      85612     390000         74     7    1000000   90118000  390000000  390000000
  10      930    86527   389994    133007910357    133008300350        59191955     279038      85612     390000         78     4    1400000   90118000  390000000  390000000
  10      930    86489   400109    133008300360    133008700469        59581958     302660      85612     390000      10196     6    1400000   90118000  390000000  390000000
  10      930    86474   379834    133008700477    133009080311        59982076     292607      85612     390000         38     4    1400000   90118000  390000000  390000000
  10      930    86495   389997    133009080320    133009470317        60361919     279202      85612     390000         44     5    1400000   90118000  390000000  390000000
  10      930    86558   389997    133009470327    133009860324        60751926     302399      85612     390000         50     5    1400000   90118000  390000000  390000000
  10      930   102992   390009    133009860337    133010250346        61141935     285813      85612     390000         72     7    1000000   90118000  390000000  390000000
  10      930    93156   389967    133010250355    133010640322        61531954     295806      85612     390000         49     5    1300000   90118000  390000000  390000000
  10      930    86515   389994    133010640331    133011030325        61921930     302593      85612     390000         53     7    1400000   90118000  390000000  390000000
  10      930    86504   390024    133011030334    133011420359        62311933     302469      85612     390000         85     6    1400000   90118000  390000000  390000000
  10      930   109325   389970    133011420371    133011810341        62701970     268139      85612     390000         67     6    1000000   90118000  390000000  390000000
  10      930    86504   391060    133011818940    133012210000        63100538     293961      85612     390000       9727     5    1400000   90118000  390000000  390000000
  10      930    86474   380352    133012210008    133012590361        63491607     293033      85612     390000         88     4    1400000   90118000  390000000  390000000
  10      930    86491   379911    133012600413    133012980324        63882012     292588      85612     390000         51     6    1400000   90118000  390000000  390000000
  10      930    86498   389992    133012980333    133013370325        64261932     302656      85612     390000         52     4    1400000   90118000  390000000  390000000
  10      930    86480   437804    133013370334    133013808137        64651932     302694      85612     390000      47864     7    1400000   90118000  390000000  390000000
  10      930    93131   342181    133013808147    133014150328        65089745     248133      85612     390000         55     7    1300000   90118000  390000000  390000000
  10      930    93134   389985    133014150338    133014540322        65431936     295925      85612     390000         50     7    1300000   90118000  390000000  390000000
  10      930    99027   390013    133014540332    133014930344        65821930     289819      85612     390000         71     7    1300000   90118000  390000000  390000000
  10      930    96414   389967    133014930355    133015320322        66211954     292073      85612     390000         49     5    1200000   90118000  390000000  390000000
  10      930    93131   389992    133015320332    133015710324        66601930     296004      85612     390000         51     7    1300000   90118000  390000000  390000000
  10      930    93171   389989    133015710333    133016100322        66991932     295816      85612     390000         48     7    1300000   90118000  390000000  390000000
  10      930    86473   390001    133016100334    133016490334        67381933     239943      85612     390000         61     6    1400000   90118000  390000000  390000000
  10      930    86511   389953    133016490376    133016880329        67771975     302462      85612     390000         56     7    1400000   90118000  390000000  390000000
  10      930    86497   389980    133016880339    133017270318        68161937     302572      85612     390000         45     5    1400000   90118000  390000000  390000000
  10      930    86500   389993    133017270329    133017660322        68551927     302569      85612     390000         49     6    1400000   90118000  390000000  390000000
  10      930    86482   413511    133017660332    133018073843        68941931     302720      85612     390000      23570     5    1400000   90118000  390000000  390000000
  10      930    90778   366468    133018073851    133018440319        69355450     274757      85612     390000         46     5    1400000   90118000  390000000  390000000
  10      930    93155   390016    133018440329    133018830345        69721927     295789      85612     390000         71     5    1300000   90118000  390000000  390000000
  10      930    93164   389963    133018830354    133019220317        70111953     295752      85612     390000         44     6    1300000   90118000  390000000  390000000
  10      930   121102   402790    133019220329    133019623119        70501928     267495      85612     390000      12846     5    1000000   90118000  390000000  390000000
  10      930   110125   377193    133019623130    133020000324        70904729     265975      85612     390000         50     4    1100000   90118000  390000000  390000000
  10      930    93164   390002    133020000334    133020390336        71281932     291258      85612     390000         63     7    1300000   90118000  390000000  390000000
  10      930    86509   390006    133020390345    133020780351        71671943     302549      85612     390000         78     5    1400000   90118000  390000000  390000000
  10      930    86532   390005    133020780360    133021170365        72061959     292461      85612     390000         93     7    1400000   90118000  390000000  390000000
  10      930    86494   407332    133021170375    133021577707        72451973     302596      85612     390000      17434     5    1400000   90118000  390000000  390000000
  10      930   100899   372609    133021577717    133021950326        72859315     270682      85612     390000         53     5    1200000   90118000  390000000  390000000
  10      930    94917   390012    133021950336    133022340348        73231935     293833      85612     390000         76     5    1200000   90118000  390000000  390000000
  10      930    86509   390000    133022340358    133022730358        73621956     302553      85612     390000         85     5    1400000   90118000  390000000  390000000
  10      930    86496   389964    133022730367    133023120331        74011965     302622      85612     390000         59     5    1400000   90118000  390000000  390000000
  10      930    86470   390001    133023120340    133023510341        74401939     302830      85612     390000         67     7    1400000   90118000  390000000  390000000
  10      930    86492   389973    133023510351    133023900324        74791950     302542      85612     390000         51     7    1400000   90118000  390000000  390000000
  10      930    86495   390011    133023900333    133024290344        75181931     298138      85612     390000         70     7    1400000   90118000  390000000  390000000
  10      930    86846   389953    133024290397    133024680350        75571996     301787      85612     390000         78     7    1200000   90118000  390000000  390000000
  10      930    86505   389969    133024680359    133025070328        75961958     302595      85612     390000         56     5    1400000   90118000  390000000  390000000
  10      930    86505   390018    133025070337    133025460355        76351936     302500      85612     390000         80     7    1400000   90118000  390000000  390000000
  10      930    93171   389977    133025460365    133025850342        76741964     268778      85612     390000         64     6    1300000   90118000  390000000  390000000
  10      930    93157   389957    133025850388    133026240345        77131987     295779      85612     390000         72     7    1300000   90118000  390000000  390000000
  10      930    95487   390014    133026240355    133026630368        77521953     293406      85612     390000         96     5    1300000   90118000  390000000  390000000
  10      930    86496   389931    133026630377    133027020309        77911976     302520      85612     390000         35     6    1400000   90118000  390000000  390000000
  10      930    86489   390033    133027020318    133027410351        78301916     302712      85612     390000         78     6    1400000   90118000  390000000  390000000
  10      930   100933   389988    133027410361    133027800350        78691960     282934      85612     390000         77     7    1200000   90118000  390000000  390000000
  10      930   100950   389971    133027800360    133028190331        79081959     287910      85612     390000         56     5    1200000   90118000  390000000  390000000
  10      930    98193   389983    133028190341    133028580324        79471940     290390      85612     390000         51     5    1200000   90118000  390000000  390000000
  10      930    86476   390024    133028580333    133028970357        79861932     302712      85612     390000         85     7    1400000   90118000  390000000  390000000
  10      930    86495   385588    133028974746    133029360334        80256345     298102      85612     390000         61     7    1400000   90118000  390000000  390000000
  10      930    93097   390009    133029360343    133029750352        80641942     295613      85612     390000         80     5    1300000   90118000  390000000  390000000
  10      930    86506   389973    133029750361    133030140334        81031960     302539      85612     390000         60     6    1400000   90118000  390000000  390000000
  10      930    86491   438387    133030140343    133030578731        81421942     302608      85612     390000      48458     5    1400000   90118000  390000000  390000000
  10      930    96657   341586    133030578740    133030920327        81860339     238782      85612     390000         54     6    1200000   90118000  390000000  390000000
  10      930    86497   389984    133030920336    133031310320        82201935     298320      85612     390000         47     7    1400000   90118000  390000000  390000000
  10      930    86511   390012    133031310329    133031700340        82591927     302538      85612     390000         67     7    1400000   90118000  390000000  390000000
  10      930    87085   399700    133031700354    133032100055        82981953     278476      85612     390000       9782     5    1100000   90118000  390000000  390000000
  10      930    86834   380253    133032100063    133032480316        83381662     290292      85612     390000         44     4    1400000   90118000  390000000  390000000
  10      930    86473   390007    133032480326    133032870333        83761924     302665      85612     390000         59     7    1400000   90118000  390000000  390000000
  10      930    98009   389983    133032870346    133033260330        84151945     290720      85612     390000         57     7     900000   90118000  390000000  390000000
  10      930    86526   390021    133033260339    133033650359        84541937     279098      85612     390000         86     4    1400000   90118000  390000000  390000000
  10      930    86498   389989    133033650369    133034040358        84931967     302606      85612     390000         85     7    1400000   90118000  390000000  390000000
  10      930    86474   394341    133034040367    133034434708        85321965     302730      85612     390000       4435     7    1400000   90118000  390000000  390000000
  10      930    86482   385609    133034434717    133034820326        85716315     298296      85612     390000         53     7    1400000   90118000  390000000  390000000
  10      930    86523   389997    133034820369    133035210366        86101968     302589      85612     390000         93     7    1400000   90118000  390000000  390000000
  10      930    86502   389956    133035210375    133035600331        86491974     302475      85612     390000         59     5    1400000   90118000  390000000  390000000
  10      930    86487   389989    133035600341    133035990329        86881939     302721      85612     390000         53     5    1400000   90118000  390000000  390000000
  10      930    93848   389977    133035990342    133036380319        87271940     295202      85612     390000         45     5    1400000   90118000  390000000  390000000
  10      930    93148   390011    133036380328    133036770340        87661927     295932      85612     390000         67     4    1300000   90118000  390000000  390000000
  10      930    93161   390005    133036770349    133037160354        88051948     277279      85612     390000         80     5    1300000   90118000  390000000  390000000
  10      930   101385   389957    133037160366    133037550323        88441964     282502      85612     390000         49     7    1100000   90118000  390000000  390000000
  10      930    86479   389979    133037550332    133037940311        88831931     302673      85612     390000         39     7    1400000   90118000  390000000  390000000
  10      930    86472   390024    133037940321    133038330345        89221920     302818      85612     390000         71     7    1400000   90118000  390000000  390000000
  10      930    92155   389966    133038330358    133038720324        89611956     291609      85612     390000         51     7    1000000   90118000  390000000  390000000
  10      930    86559   389994    133038720333    133039110328        90001932     302455      85612     390000         55     4    1400000   90118000  390000000  390000000
  10      930    86520   390033    133039110337    133039500371        90391936     302445      85612     390000         62     6    1400000   90118000  390000000  390000000
  10      930    87211   394376    133039500385    133039894761        90781984     301778      85612     390000       4489     6    1000000   90118000  390000000  390000000
  10      930    86506   385573    133039894770    133040280343        91176369     297977      85612     390000         70     7    1400000   90118000  390000000  390000000
  10      930    86520   389996    133040280352    133040670347        91561950     302661      85612     390000         75     4    1400000   90118000  390000000  390000000
  10      930    86522   389980    133040670357    133041060336        91951955     302481      85612     390000         63     4    1400000   90118000  390000000  390000000
  10      930    86510   408228    133041060345    133041468573        92341944     302524      85612     390000      18301     6    1400000   90118000  390000000  390000000
