#idx     perf      run   period           start             end          rel_st      slack c_duration   c_period     wu_lat   cpu       freq dl_runtime  dl_period dl_deadline
  13      113    10516   232093    154924533158    154924765251         1504292     221393      10404     240000         42     5    1400000   12404000  240000000  240000000
  13      113    10512   239984    154924765260    154925005244         1736394     229311      10404     240000         35     5    1400000   12404000  240000000  240000000
  13      113    10514   239994    154925005254    154925245248         1976387     229288      10404     240000         38     5    1400000   12404000  240000000  240000000
  13      113    10517   239982    154925245258    154925485240         2216391     229265      10404     240000         32     5    1400000   12404000  240000000  240000000
  13      113    10513   240032    154925485249    154925725281         2456382     229309      10404     240000         72     5    1400000   12404000  240000000  240000000
  13      113    10515   239990    154925725290    154925965281         2696424     229271      10404     240000         72     4    1400000   12404000  240000000  240000000
  13      113    10513   239996    154925965290    154926205286         2936423     229274      10404     240000         76     5    1400000   12404000  240000000  240000000
  13      113    10515   239948    154926205294    154926445242         3176428     229229      10404     240000         34     5    1400000   12404000  240000000  240000000
  13      113    10515   240014    154926445251    154926685264         3416384     229301      10404     240000         55     5    1400000   12404000  240000000  240000000
  13      113    10515   240005    154926685274    154926925279         3656407     229266      10404     240000         70     5    1400000   12404000  240000000  240000000
  13      113    10515   239970    154926925289    154927165259         3896422     229249      10404     240000         48     4    1400000   12404000  240000000  240000000
  13      113    10514   240018    154927165268    154927405286         4136402     229277      10404     240000         78     4    1400000   12404000  240000000  240000000
  13      113    10513   239960    154927405295    154927645255         4376429     229274      10404     240000         46     5    1400000   12404000  240000000  240000000
  13      113    10517   240008    154927645265    154927885273         4616398     229265      10404     240000         64     5    1400000   12404000  240000000  240000000
  13      113    10515   240010    154927885282    154928125292         4856415     229258      10404     240000         83     5    1400000   12404000  240000000  240000000
  13      113    10517   239941    154928125301    154928365242         5096435     229227      10404     240000         33     6    1400000   12404000  240000000  240000000
  13      113    10515   240009    154928365251    154928605260         5336384     229310      10404     240000         51     6    1400000   12404000  240000000  240000000
  13      113    10513   239980    154928605269    154928845248         5576402     229278      10404     240000         39     5    1400000   12404000  240000000  240000000
  13      113    10515   240019    154928845257    154929085277         5816391     229287      10404     240000         68     5    1400000   12404000  240000000  240000000
  13      113    10516   239972    154929085286    154929325258         6056419     229248      10404     240000         49     6    1400000   12404000  240000000  240000000
  13      113    10513   240049    154929325266    154929565315         6296400     229299      10404     240000        107     6    1400000   12404000  240000000  240000000
  13      113    10514   239968    154929565324    154929805292         6536458     229218      10404     240000         83     5    1400000   12404000  240000000  240000000
  13      113    10514   239949    154929805302    154930045251         6776435     229250      10404     240000         42     4    1400000   12404000  240000000  240000000
  13      113    10512   239973    154930045294    154930285268         7016428     229275      10404     240000         59     4    1400000   12404000  240000000  240000000
  13      113    10514   240003    154930285277    154930525280         7256410     229276      10404     240000         71     5    1400000   12404000  240000000  240000000
  13      113    10514   239969    154930525289    154930765258         7496422     229266      10404     240000         49     4    1400000   12404000  240000000  240000000
  13      113    10513   239999    154930765267    154931005266         7736400     229289      10404     240000         57     4    1400000   12404000  240000000  240000000
  13      113    10513   239984    154931005275    154931245259         7976408     229300      10404     240000         49     5    1400000   12404000  240000000  240000000
  13      113    10516   239980    154931245270    154931485250         8216403     229262      10404     240000         41     5    1400000   12404000  240000000  240000000
  13      113    10513   240017    154931485259    154931725276         8456392     229309      10404     240000         67     5    1400000   12404000  240000000  240000000
  13      113    10514   239961    154931725286    154931965247         8696420     229261      10404     240000         38     6    1400000   12404000  240000000  240000000
  13      113    10513   239996    154931965256    154932205251         8936389     229314      10404     240000         42     5    1400000   12404000  240000000  240000000
  13      113    10513   240029    154932205261    154932445289         9176394     229306      10404     240000         81     5    1400000   12404000  240000000  240000000
  13      113    10514   239959    154932445299    154932685258         9416432     229239      10404     240000         49     7    1400000   12404000  240000000  240000000
  13      113    10514   240038    154932685267    154932925304         9656400     229282      10404     240000         95     7    1400000   12404000  240000000  240000000
  13      113    10513   239967    154932925313    154933165280         9896446     229220      10404     240000         71     4    1400000   12404000  240000000  240000000
  13      113    10513   239988    154933165289    154933405277        10136422     229281      10404     240000         67     5    1400000   12404000  240000000  240000000
  13      113    10513   239967    154933405286    154933645252        10376419     229262      10404     240000         44     5    1400000   12404000  240000000  240000000
  13      113    10516   240000    154933645261    154933885261        10616395     229272      10404     240000         53     5    1400000   12404000  240000000  240000000
  13      113    10514   240017    154933885271    154934125288        10856404     229280      10404     240000         79     5    1400000   12404000  240000000  240000000
  13      113    10512   239963    154934125297    154934365260        11096430     229271      10404     240000         50     4    1400000   12404000  240000000  240000000
  13      113    10513   240009    154934365270    154934605279        11336403     229279      10404     240000         70     4    1400000   12404000  240000000  240000000
  13      113    10514   239965    154934605288    154934845254        11576421     229237      10404     240000         45     5    1400000   12404000  240000000  240000000
  13      113    10515   240000    154934845262    154935085262        11816396     229273      10404     240000         52     5    1400000   12404000  240000000  240000000
  13      113    10517   247732    154935085271    154935333004        12056405     229273      10404     240000       7795     5    1400000   12404000  240000000  240000000
  13      113    10514   232227    154935333012    154935565239        12304146     221547      10404     240000         31     5    1400000   12404000  240000000  240000000
  13      113    10513   240011    154935565248    154935805259        12536382     229326      10404     240000         50     5    1400000   12404000  240000000  240000000
  13      113    10515   239948    154935805300    154936045248        12776433     229255      10404     240000         39     5    1400000   12404000  240000000  240000000
  13      113    10516   240015    154936045257    154936285272        13016390     229286      10404     240000         62     5    1400000   12404000  240000000  240000000
  13      113    10516   240005    154936285280    154936525286        13256414     229273      10404     240000         77     5    1400000   12404000  240000000  240000000
  13      113    10515   239979    154936525294    154936765274        13496428     229265      10404     240000         65     4    1400000   12404000  240000000  240000000
  13      113    10515   239980    154936765283    154937005263        13736417     229263      10404     240000         54     7    1400000   12404000  240000000  240000000
  13      113    10514   239969    154937005272    154937245242        13976406     229268      10404     240000         33     5    1400000   12404000  240000000  240000000
  13      113    10515   240015    154937245251    154937485265        14216384     229290      10404     240000         54     5    1400000   12404000  240000000  240000000
  13      113    10514   240009    154937485275    154937725284        14456408     229281      10404     240000         76     5    1400000   12404000  240000000  240000000
  13      113    10516   239980    154937725293    154937965274        14696427     229217      10404     240000         65     6    1400000   12404000  240000000  240000000
  13      113    10516   240016    154937965283    154938205299        14936416     229224      10404     240000         90     4    1400000   12404000  240000000  240000000
  13      113    10517   239942    154938205308    154938445250        15176441     229212      10404     240000         41     6    1400000   12404000  240000000  240000000
  13      113    10513   239986    154938445259    154938685245        15416392     229310      10404     240000         36     6    1400000   12404000  240000000  240000000
  13      113    10514   240036    154938685255    154938925291        15656389     229284      10404     240000         82     4    1400000   12404000  240000000  240000000
  13      113    10513   239949    154938925301    154939165250        15896434     229243      10404     240000         42     6    1400000   12404000  240000000  240000000
  13      113    10515   239999    154939165259    154939405258        16136393     229287      10404     240000         49     6    1400000   12404000  240000000  240000000
  13      113    10513   240043    154939405267    154939645309        16376400     229304      10404     240000        100     6    1400000   12404000  240000000  240000000
  13      113    10515   239934    154939645318    154939885252        16616451     229159      10404     240000         43     5    1400000   12404000  240000000  240000000
  13      113    10512   240018    154939885260    154940125279        16856394     229314      10404     240000         70     5    1400000   12404000  240000000  240000000
  13      113    10513   277474    154940125288    154940402762        17096421     229266      10404     240000      37553     4    1400000   12404000  240000000  240000000
  13      113    10516   202469    154940402771    154940605240        17373904     191758      10404     240000         31     4    1400000   12404000  240000000  240000000
  13      113    10513   240003    154940605248    154940845252        17576382     229308      10404     240000         43     4    1400000   12404000  240000000  240000000
  13      113    10514   240023    154940845261    154941085284        17816394     229288      10404     240000         75     4    1400000   12404000  240000000  240000000
  13      113    10513   240017    154941085293    154941325310        18056426     229268      10404     240000        101     5    1400000   12404000  240000000  240000000
  13      113    10514   239896    154941325356    154941565252        18296489     229153      10404     240000         42     4    1400000   12404000  240000000  240000000
  13      113    10514   240018    154941565261    154941805279        18536394     229277      10404     240000         70     4    1400000   12404000  240000000  240000000
  13      113    10514   239956    154941805288    154942045245        18776422     229268      10404     240000         36     5    1400000   12404000  240000000  240000000
  13      113    10516   240007    154942045253    154942285261        19016387     229293      10404     240000         52     5    1400000   12404000  240000000  240000000
  13      113    10516   240016    154942285270    154942525286        19256403     229276      10404     240000         77     5    1400000   12404000  240000000  240000000
  13      113    10515   239965    154942525295    154942765260        19496428     229237      10404     240000         51     6    1400000   12404000  240000000  240000000
  13      113    10513   240054    154942765269    154943005322        19736402     229296      10404     240000        113     6    1400000   12404000  240000000  240000000
  13      113    10536   239947    154943005331    154943245278        19976464     229152      10404     240000         69     4    1400000   12404000  240000000  240000000
  13      113    10516   239964    154943245287    154943485251        20216421     229251      10404     240000         42     7    1400000   12404000  240000000  240000000
  13      113    10512   240008    154943485259    154943725268        20456393     229303      10404     240000         59     7    1400000   12404000  240000000  240000000
  13      113    10517   240008    154943725277    154943965285        20696410     229254      10404     240000         76     4    1400000   12404000  240000000  240000000
  13      113    10513   239964    154943965294    154944205258        20936428     229277      10404     240000         49     5    1400000   12404000  240000000  240000000
  13      113    10513   239977    154944205267    154944445244        21176400     229305      10404     240000         35     5    1400000   12404000  240000000  240000000
  13      113    10514   240011    154944445253    154944685264        21416386     229303      10404     240000         51     5    1400000   12404000  240000000  240000000
  13      113    10514   239993    154944685275    154944925268        21656409     229262      10404     240000         59     5    1400000   12404000  240000000  240000000
  13      113    10512   239979    154944925278    154945165257        21896411     229279      10404     240000         48     4    1400000   12404000  240000000  240000000
  13      113    10514   240009    154945165266    154945405275        22136399     229290      10404     240000         66     4    1400000   12404000  240000000  240000000
  13      113    10514   239972    154945405284    154945645256        22376417     229268      10404     240000         45     5    1400000   12404000  240000000  240000000
  13      113    10518   239999    154945645265    154945885264        22616398     229265      10404     240000         55     5    1400000   12404000  240000000  240000000
  13      113    10514   240006    154945885273    154946125279        22856407     229283      10404     240000         69     5    1400000   12404000  240000000  240000000
  13      113    10513   240015    154946125288    154946365303        23096421     229258      10404     240000         95     6    1400000   12404000  240000000  240000000
  13      113    10535   239942    154946365311    154946605254        23336445     229129      10404     240000         45     5    1400000   12404000  240000000  240000000
  13      113    10513   240007    154946605263    154946845269        23576396     229313      10404     240000         60     4    1400000   12404000  240000000  240000000
  13      113    10516   239998    154946845278    154947085276        23816412     229251      10404     240000         67     6    1400000   12404000  240000000  240000000
  13      113    10513   239969    154947085318    154947325287        24056451     229239      10404     240000         78     5    1400000   12404000  240000000  240000000
  13      113    10516   239965    154947325296    154947565261        24296429     229232      10404     240000         53     6    1400000   12404000  240000000  240000000
  13      113    10514   239969    154947565271    154947805240        24536404     229282      10404     240000         31     6    1400000   12404000  240000000  240000000
  13      113    10514   240050    154947805249    154948045299        24776382     229309      10404     240000         90     6    1400000   12404000  240000000  240000000
  13      113    10517   239981    154948045308    154948285289        25016442     229239      10404     240000         80     4    1400000   12404000  240000000  240000000
  13      113    10515   239957    154948285299    154948525255        25256432     229225      10404     240000         44     7    1400000   12404000  240000000  240000000
  13      113    10514   239989    154948525264    154948765253        25496397     229288      10404     240000         44     7    1400000   12404000  240000000  240000000
  13      113    10516   239991    154948765262    154949005253        25736395     229289      10404     240000         44     5    1400000   12404000  240000000  240000000
  13      113    10515   239983    154949005262    154949245244        25976395     229287      10404     240000         36     5    1400000   12404000  240000000  240000000
  13      113    10514   240006    154949245253    154949485260        26216387     229307      10404     240000         51     5    1400000   12404000  240000000  240000000
  13      113    10513   247766    154949485269    154949733035        26456402     229280      10404     240000       7826     5    1400000   12404000  240000000  240000000
  13      113    10515   232210    154949733043    154949965253        26704177     221505      10404     240000         45     5    1400000   12404000  240000000  240000000
  13      113    10513   239991    154949965262    154950205253        26936396     229314      10404     240000         44     5    1400000   12404000  240000000  240000000
  13      113    10513   239983    154950205261    154950445244        27176395     229298      10404     240000         35     5    1400000   12404000  240000000  240000000
  13      113    10516   240001    154950445253    154950685254        27416386     229278      10404     240000         45     5    1400000   12404000  240000000  240000000
  13      113    10513   240047    154950685262    154950925309        27656396     229301      10404     240000        100     5    1400000   12404000  240000000  240000000
  13      113    10521   239971    154950925318    154951165289        27896452     229142      10404     240000         80     6    1400000   12404000  240000000  240000000
  13      113    10517   239992    154951165299    154951405291        28136433     229164      10404     240000         82     6    1400000   12404000  240000000  240000000
  13      113    10515   239946    154951405300    154951645246        28376433     229249      10404     240000         36     5    1400000   12404000  240000000  240000000
  13      113    10514   240027    154951645254    154951885282        28616388     229306      10404     240000         72     5    1400000   12404000  240000000  240000000
  13      113    10513   239968    154951885291    154952125258        28856424     229257      10404     240000         49     6    1400000   12404000  240000000  240000000
  13      113    10515   239983    154952125267    154952365251        29096400     229272      10404     240000         42     4    1400000   12404000  240000000  240000000
  13      113    10514   240034    154952365259    154952605293        29336392     229303      10404     240000         85     4    1400000   12404000  240000000  240000000
  13      113    10521   239924    154952605334    154952845258        29576467     229143      10404     240000         49     6    1400000   12404000  240000000  240000000
  13      113    10514   240033    154952845267    154953085299        29816400     229281      10404     240000         90     6    1400000   12404000  240000000  240000000
  13      113    10515   239978    154953085309    154953325287        30056442     229211      10404     240000         78     4    1400000   12404000  240000000  240000000
  13      113    10515   239953    154953325296    154953565249        30296429     229229      10404     240000         40     6    1400000   12404000  240000000  240000000
  13      113    10516   239985    154953565259    154953805244        30536392     229267      10404     240000         35     6    1400000   12404000  240000000  240000000
  13      113    10514   240003    154953805253    154954045256        30776386     229310      10404     240000         47     5    1400000   12404000  240000000  240000000
  13      113    10516   239986    154954045265    154954285251        31016398     229273      10404     240000         41     5    1400000   12404000  240000000  240000000
  13      113    10513   240018    154954285260    154954525278        31256393     229306      10404     240000         69     5    1400000   12404000  240000000  240000000
  13      113    10514   240017    154954525287    154954765303        31496420     229271      10404     240000         95     4    1400000   12404000  240000000  240000000
  13      113    10514   239939    154954765312    154955005251        31736446     229223      10404     240000         42     5    1400000   12404000  240000000  240000000
  13      113    10514   239992    154955005260    154955245251        31976393     229307      10404     240000         42     5    1400000   12404000  240000000  240000000
  13      113    10516   240004    154955245261    154955485265        32216395     229293      10404     240000         57     5    1400000   12404000  240000000  240000000
  13      113    10526   239992    154955485274    154955725266        32456408     229216      10404     240000         56     5    1400000   12404000  240000000  240000000
  13      113    10515   239979    154955725276    154955965255        32696409     229264      10404     240000         46     7    1400000   12404000  240000000  240000000
  13      113    10513   240001    154955965264    154956205265        32936397     229291      10404     240000         55     7    1400000   12404000  240000000  240000000
  13      113    10513   240027    154956205274    154956445301        33176407     229271      10404     240000         92     7    1400000   12404000  240000000  240000000
  13      113    10517   239943    154956445309    154956685252        33416443     229157      10404     240000         43     5    1400000   12404000  240000000  240000000
  13      113    10515   240026    154956685261    154956925287        33656394     229281      10404     240000         79     5    1400000   12404000  240000000  240000000
  13      113    10513   239964    154956925296    154957165260        33896430     229259      10404     240000         52     7    1400000   12404000  240000000  240000000
  13      113    10514   239971    154957165269    154957405240        34136403     229288      10404     240000         31     4    1400000   12404000  240000000  240000000
  13      113    10513   240021    154957405249    154957645270        34376382     229321      10404     240000         61     4    1400000   12404000  240000000  240000000
  13      113    10516   239971    154957645279    154957885250        34616412     229244      10404     240000         42     5    1400000   12404000  240000000  240000000
  13      113    10513   240042    154957885259    154958125302        34856392     229306      10404     240000         93     5    1400000   12404000  240000000  240000000
  13      113    10513   239975    154958125311    154958365286        35096444     229226      10404     240000         77     4    1400000   12404000  240000000  240000000
  13      113    10513   239920    154958365333    154958605253        35336467     229222      10404     240000         43     7    1400000   12404000  240000000  240000000
  13      113    10514   239994    154958605262    154958845256        35576396     229291      10404     240000         46     7    1400000   12404000  240000000  240000000
  13      113    10516   240001    154958845265    154959085266        35816398     229277      10404     240000         57     5    1400000   12404000  240000000  240000000
  13      113    10513   239983    154959085275    154959325258        36056408     229289      10404     240000         49     5    1400000   12404000  240000000  240000000
  13      113    10513   239987    154959325267    154959565254        36296400     229293      10404     240000         46     7    1400000   12404000  240000000  240000000
  13      113    10513   240026    154959565263    154959805289        36536396     229312      10404     240000         80     7    1400000   12404000  240000000  240000000
  13      113    10516   239957    154959805298    154960045255        36776431     229219      10404     240000         45     5    1400000   12404000  240000000  240000000
  13      113    10528   239989    154960045263    154960285252        37016397     229204      10404     240000         42     5    1400000   12404000  240000000  240000000
  13      113    10514   277548    154960285261    154960562809        37256394     229296      10404     240000      37600     7    1400000   12404000  240000000  240000000
  13      113    10517   202436    154960562818    154960765253        37533951     191714      10404     240000         44     4    1400000   12404000  240000000  240000000
  13      113    10516   239984    154960765262    154961005246        37736396     229287      10404     240000         36     4    1400000   12404000  240000000  240000000
  13      113    10515   240014    154961005256    154961245271        37976389     229276      10404     240000         62     4    1400000   12404000  240000000  240000000
  13      113    10515   240021    154961245279    154961485301        38216413     229261      10404     240000         92     5    1400000   12404000  240000000  240000000
  13      113    10517   239943    154961485310    154961725253        38456443     229205      10404     240000         43     4    1400000   12404000  240000000  240000000
  13      113    10513   240000    154961725264    154961965263        38696397     229281      10404     240000         55     4    1400000   12404000  240000000  240000000
  13      113    10514   239971    154961965272    154962205243        38936405     229279      10404     240000         34     7    1400000   12404000  240000000  240000000
  13      113    10514   240006    154962205252    154962445258        39176385     229303      10404     240000         49     4    1400000   12404000  240000000  240000000
  13      113    10514   240008    154962445267    154962685275        39416400     229291      10404     240000         64     4    1400000   12404000  240000000  240000000
  13      113    10517   239976    154962685283    154962925259        39656417     229249      10404     240000         51     6    1400000   12404000  240000000  240000000
  13      113    10514   240021    154962925268    154963165289        39896402     229294      10404     240000         80     6    1400000   12404000  240000000  240000000
  13      113    10515   239963    154963165298    154963405261        40136431     229239      10404     240000         52     5    1400000   12404000  240000000  240000000
  13      113    10515   239980    154963405270    154963645250        40376403     229274      10404     240000         41     5    1400000   12404000  240000000  240000000
  13      113    10514   239999    154963645258    154963885257        40616392     229291      10404     240000         49     5    1400000   12404000  240000000  240000000
  13      113    10515   240005    154963885297    154964125301        40856430     229254      10404     240000         92     5    1400000   12404000  240000000  240000000
  13      113    10515   239945    154964125311    154964365256        41096444     229226      10404     240000         47     7    1400000   12404000  240000000  240000000
  13      113    10513   239987    154964365265    154964605252        41336398     229310      10404     240000         42     7    1400000   12404000  240000000  240000000
  13      113    10514   240042    154964605261    154964845304        41576395     229294      10404     240000         95     7    1400000   12404000  240000000  240000000
  13      113    10529   239955    154964845311    154965085267        41816445     229155      10404     240000         58     5    1400000   12404000  240000000  240000000
  13      113    10513   239993    154965085275    154965325269        42056409     229297      10404     240000         60     5    1400000   12404000  240000000  240000000
  13      113    10515   269975    154965325278    154965595254        42296412     229272      10404     240000      30044     4    1400000   12404000  240000000  240000000
  13      113    10518   210000    154965595262    154965805262        42566396     199252      10404     240000         53     5    1400000   12404000  240000000  240000000
  13      113    10513   239974    154965805271    154966045245        42776404     229290      10404     240000         36     5    1400000   12404000  240000000  240000000
  13      113    10514   240003    154966045254    154966285257        43016387     229302      10404     240000         47     5    1400000   12404000  240000000  240000000
  13      113    10513   240032    154966285266    154966525298        43256399     229300      10404     240000         89     5    1400000   12404000  240000000  240000000
  13      113    10516   239990    154966525307    154966765297        43496440     229226      10404     240000         88     4    1400000   12404000  240000000  240000000
  13      113    10515   239956    154966765306    154967005261        43736439     229238      10404     240000         52     7    1400000   12404000  240000000  240000000
  13      113    10514   239984    154967005270    154967245254        43976404     229290      10404     240000         45     7    1400000   12404000  240000000  240000000
  13      113    10514   239987    154967245262    154967485250        44216396     229273      10404     240000         41     5    1400000   12404000  240000000  240000000
  13      113    10512   240034    154967485258    154967725292        44456392     229304      10404     240000         83     5    1400000   12404000  240000000  240000000
  13      113    10513   239950    154967725301    154967965251        44696435     229253      10404     240000         43     6    1400000   12404000  240000000  240000000
  13      113    10515   240029    154967965260    154968205290        44936394     229294      10404     240000         81     6    1400000   12404000  240000000  240000000
  13      113    10514   239981    154968205299    154968445280        45176432     229239      10404     240000         71     4    1400000   12404000  240000000  240000000
  13      113    10515   239962    154968445289    154968685250        45416422     229254      10404     240000         42     5    1400000   12404000  240000000  240000000
  13      113    10514   240011    154968685259    154968925270        45656393     229308      10404     240000         61     5    1400000   12404000  240000000  240000000
  13      113    10514   240005    154968925279    154969165284        45896413     229279      10404     240000         75     4    1400000   12404000  240000000  240000000
  13      113    10525   239987    154969165293    154969405280        46136427     229216      10404     240000         71     5    1400000   12404000  240000000  240000000
  13      113    10516   239982    154969405290    154969645272        46376423     229232      10404     240000         63     6    1400000   12404000  240000000  240000000
  13      113    10514   239963    154969645317    154969885281        46616451     229231      10404     240000         72     6    1400000   12404000  240000000  240000000
  13      113    10513   239996    154969885290    154970125285        46856423     229245      10404     240000         76     5    1400000   12404000  240000000  240000000
  13      113    10514   239963    154970125294    154970365258        47096428     229246      10404     240000         49     6    1400000   12404000  240000000  240000000
  13      113    10515   239986    154970365267    154970605253        47336400     229285      10404     240000         44     6    1400000   12404000  240000000  240000000
  13      113    10515   239983    154970605262    154970845245        47576395     229285      10404     240000         36     5    1400000   12404000  240000000  240000000
  13      113    10515   239998    154970845253    154971085251        47816387     229297      10404     240000         43     5    1400000   12404000  240000000  240000000
  13      113    10512   240031    154971085260    154971325291        48056394     229323      10404     240000         82     5    1400000   12404000  240000000  240000000
  13      113    10514   239962    154971325300    154971565262        48296433     229250      10404     240000         52     7    1400000   12404000  240000000  240000000
  13      113    10515   239983    154971565271    154971805254        48536404     229273      10404     240000         45     4    1400000   12404000  240000000  240000000
  13      113    10513   240033    154971805263    154972045296        48776396     229311      10404     240000         87     4    1400000   12404000  240000000  240000000
  13      113    10515   239938    154972045304    154972285242        49016437     229244      10404     240000         33     7    1400000   12404000  240000000  240000000
  13      113    10514   240035    154972285251    154972525286        49256384     229293      10404     240000         77     5    1400000   12404000  240000000  240000000
  13      113    10517   239973    154972525296    154972765268        49496429     229250      10404     240000         59     4    1400000   12404000  240000000  240000000
  13      113    10514   239972    154972765277    154973005249        49736411     229282      10404     240000         41     5    1400000   12404000  240000000  240000000
  13      113    10514   240004    154973005258    154973245262        49976392     229303      10404     240000         52     5    1400000   12404000  240000000  240000000
  13      113    10517   239992    154973245272    154973485263        50216405     229243      10404     240000         53     5    1400000   12404000  240000000  240000000
  13      113    10515   239997    154973485272    154973725269        50456406     229248      10404     240000         60     5    1400000   12404000  240000000  240000000
  13      113    10518   239978    154973725280    154973965258        50696413     229237      10404     240000         49     4    1400000   12404000  240000000  240000000
  13      113    10515   240002    154973965267    154974205269        50936400     229265      10404     240000         59     4    1400000   12404000  240000000  240000000
  13      113    10514   239969    154974205278    154974445246        51176411     229281      10404     240000         37     5    1400000   12404000  240000000  240000000
  13      113    10515   240033    154974445256    154974685289        51416389     229282      10404     240000         79     5    1400000   12404000  240000000  240000000
  13      113    10519   271083    154974685298    154974956381        51656431     229215      10404     240000      31172     6    1400000   12404000  240000000  240000000
  13      113    10512   208868    154974956390    154975165258        51927523     198153      10404     240000         49     6    1400000   12404000  240000000  240000000
  13      113    10515   239955    154975165297    154975405252        52136430     229247      10404     240000         43     6    1400000   12404000  240000000  240000000
  13      113    10513   239990    154975405261    154975645250        52376394     229309      10404     240000         42     6    1400000   12404000  240000000  240000000
  13      113    10515   239991    154975645259    154975885250        52616393     229269      10404     240000         41     5    1400000   12404000  240000000  240000000
  13      113    10513   240028    154975885259    154976125287        52856392     229313      10404     240000         78     5    1400000   12404000  240000000  240000000
  13      113    10514   239963    154976125297    154976365259        53096430     229252      10404     240000         50     4    1400000   12404000  240000000  240000000
  13      113    10514   240036    154976365268    154976605303        53336401     229266      10404     240000         95     6    1400000   12404000  240000000  240000000
  13      113    10515   239940    154976605312    154976845252        53576446     229234      10404     240000         43     4    1400000   12404000  240000000  240000000
  13      113    10513   239999    154976845261    154977085260        53816394     229309      10404     240000         51     4    1400000   12404000  240000000  240000000
  13      113    10513   239992    154977085269    154977325261        54056403     229287      10404     240000         52     7    1400000   12404000  240000000  240000000
  13      113    10515   239977    154977325270    154977565247        54296403     221319      10404     240000         36     4    1400000   12404000  240000000  240000000
  13      113    10515   240036    154977565256    154977805292        54536389     229302      10404     240000         83     4    1400000   12404000  240000000  240000000
  13      113    10515   239957    154977805301    154978045258        54776434     229244      10404     240000         49     6    1400000   12404000  240000000  240000000
  13      113    10514   240025    154978045267    154978285292        55016400     229288      10404     240000         83     6    1400000   12404000  240000000  240000000
  13      113    10534   239984    154978285301    154978525285        55256434     229147      10404     240000         76     5    1400000   12404000  240000000  240000000
  13      113    10516   239958    154978525294    154978765251        55496427     229231      10404     240000         40     6    1400000   12404000  240000000  240000000
  13      113    10512   239999    154978765261    154979005260        55736395     229302      10404     240000         51     6    1400000   12404000  240000000  240000000
  13      113    10516   240009    154979005269    154979245278        55976402     229272      10404     240000         66     4    1400000   12404000  240000000  240000000
  13      113    10513   239971    154979245287    154979485258        56216420     229252      10404     240000         49     6    1400000   12404000  240000000  240000000
  13      113    10516   239997    154979485267    154979725263        56456400     229274      10404     240000         54     6    1400000   12404000  240000000  240000000
  13      113    10515   271070    154979725273    154979996343        56696406     229279      10404     240000      31134     6    1400000   12404000  240000000  240000000
  13      113    10517   208899    154979996352    154980205251        56967485     198186      10404     240000         43     6    1400000   12404000  240000000  240000000
  13      113    10517   239991    154980205260    154980445251        57176394     229257      10404     240000         42     6    1400000   12404000  240000000  240000000
  13      113    10515   251053    154980445260    154980696313        57416393     229269      10404     240000      11105     6    1400000   12404000  240000000  240000000
  13      113    10515   228948    154980696322    154980925270        57667455     218220      10404     240000         61     6    1400000   12404000  240000000  240000000
  13      113    10514   239938    154980925313    154981165250        57896446     229203      10404     240000         42     6    1400000   12404000  240000000  240000000
  13      113    10514   240012    154981165259    154981405271        58136392     229309      10404     240000         62     6    1400000   12404000  240000000  240000000
  13      113    10515   240005    154981405280    154981645285        58376413     229265      10404     240000         76     6    1400000   12404000  240000000  240000000
  13      113    10515   239956    154981645294    154981885250        58616427     229241      10404     240000         40     4    1400000   12404000  240000000  240000000
  13      113    10514   240039    154981885260    154982125299        58856394     229293      10404     240000         90     4    1400000   12404000  240000000  240000000
  13      113    10516   239953    154982125308    154982365261        59096442     229244      10404     240000         52     7    1400000   12404000  240000000  240000000
  13      113    10514   240023    154982365270    154982605293        59336403     229285      10404     240000         84     5    1400000   12404000  240000000  240000000
  13      113    10513   239960    154982605302    154982845262        59576435     229250      10404     240000         53     6    1400000   12404000  240000000  240000000
  13      113    10516   239987    154982845271    154983085257        59816404     229261      10404     240000         49     6    1400000   12404000  240000000  240000000
  13      113    10514   240034    154983085266    154983325301        60056400     229287      10404     240000         92     6    1400000   12404000  240000000  240000000
  13      113    10516   239978    154983325310    154983565288        60296443     229219      10404     240000         79     4    1400000   12404000  240000000  240000000
  13      113    10513   239987    154983565297    154983805284        60536430     229270      10404     240000         75     5    1400000   12404000  240000000  240000000
  13      113    10515   239970    154983805292    154984045262        60776425     229251      10404     240000         53     7    1400000   12404000  240000000  240000000
  13      113    10513   239996    154984045271    154984285267        61016405     229282      10404     240000         58     4    1400000   12404000  240000000  240000000
  13      113    10516   239992    154984285276    154984525268        61256410     229251      10404     240000         58     5    1400000   12404000  240000000  240000000
  13      113    10514   239963    154984525277    154984765240        61496410     229279      10404     240000         31     4    1400000   12404000  240000000  240000000
  13      113    10516   240038    154984765249    154985005286        61736382     229308      10404     240000         78     4    1400000   12404000  240000000  240000000
  13      113    10515   239980    154985005295    154985245276        61976428     229219      10404     240000         67     5    1400000   12404000  240000000  240000000
  13      113    10517   239966    154985245284    154985485251        62216418     229240      10404     240000         41     6    1400000   12404000  240000000  240000000
  13      113    10512   277540    154985485261    154985762801        62456394     229307      10404     240000      37592     6    1400000   12404000  240000000  240000000
  13      113    10515   202443    154985762809    154985965253        62733943     191726      10404     240000         43     4    1400000   12404000  240000000  240000000
  13      113    10514   239993    154985965263    154986205256        62936396     229294      10404     240000         47     4    1400000   12404000  240000000  240000000
  13      113    10513   240036    154986205265    154986445300        63176398     229311      10404     240000         92     4    1400000   12404000  240000000  240000000
  13      113    10520   239960    154986445345    154986685305        63416479     229129      10404     240000         96     6    1400000   12404000  240000000  240000000
  13      113    10515   239972    154986685314    154986925286        63656448     229231      10404     240000         77     5    1400000   12404000  240000000  240000000
  13      113    10514   239975    154986925295    154987165270        63896429     229254      10404     240000         61     6    1400000   12404000  240000000  240000000
  13      113    10516   239974    154987165279    154987405253        64136412     229249      10404     240000         45     6    1400000   12404000  240000000  240000000
  13      113    10530   239982    154987405262    154987645244        64376396     229214      10404     240000         35     4    1400000   12404000  240000000  240000000
  13      113    10516   240018    154987645253    154987885270        64616386     229286      10404     240000         60     5    1400000   12404000  240000000  240000000
  13      113    10514   239994    154987885281    154988125275        64856414     229272      10404     240000         66     5    1400000   12404000  240000000  240000000
  13      113    10512   240031    154988125284    154988365315        65096418     229280      10404     240000        106     4    1400000   12404000  240000000  240000000
  13      113    10514   239927    154988365324    154988605251        65336458     229222      10404     240000         39     5    1400000   12404000  240000000  240000000
  13      113    10513   239999    154988605261    154988845261        65576395     229292      10404     240000         51     5    1400000   12404000  240000000  240000000
  13      113    10515   239983    154988845269    154989085252        65816403     229270      10404     240000         43     5    1400000   12404000  240000000  240000000
  13      113    10514   240025    154989085261    154989325287        66056394     229293      10404     240000         78     5    1400000   12404000  240000000  240000000
  13      113    10512   239956    154989325295    154989565252        66296429     229252      10404     240000         43     6    1400000   12404000  240000000  240000000
  13      113    10515   239991    154989565261    154989805251        66536394     229287      10404     240000         42     6    1400000   12404000  240000000  240000000
  13      113    10513   240019    154989805260    154990045280        66776394     229305      10404     240000         71     6    1400000   12404000  240000000  240000000
  13      113    10516   239961    154990045289    154990285250        67016422     229231      10404     240000         41     5    1400000   12404000  240000000  240000000
  13      113    10513   240021    154990285258    154990525279        67256392     229313      10404     240000         70     5    1400000   12404000  240000000  240000000
  13      113    10515   239961    154990525287    154990765248        67496420     229249      10404     240000         38     7    1400000   12404000  240000000  240000000
  13      113    10513   239994    154990765256    154991005251        67736390     229294      10404     240000         42     5    1400000   12404000  240000000  240000000
  13      113    10513   239983    154991005259    154991245242        67976393     229306      10404     240000         34     5    1400000   12404000  240000000  240000000
  13      113    10514   240011    154991245251    154991485262        68216384     229307      10404     240000         53     5    1400000   12404000  240000000  240000000
  13      113    10514   240037    154991485271    154991725309        68456405     229289      10404     240000         99     5    1400000   12404000  240000000  240000000
  13      113    10513   239934    154991725317    154991965251        68696450     229223      10404     240000         42     4    1400000   12404000  240000000  240000000
  13      113    10513   240017    154991965260    154992205277        68936393     229307      10404     240000         68     4    1400000   12404000  240000000  240000000
  13      113    10514   239924    154992205320    154992445244        69176454     229221      10404     240000         36     6    1400000   12404000  240000000  240000000
  13      113    10513   239997    154992445253    154992685250        69416386     229311      10404     240000         41     4    1400000   12404000  240000000  240000000
  13      113    10515   240053    154992685259    154992925312        69656392     229304      10404     240000        103     4    1400000   12404000  240000000  240000000
  13      113    10513   239951    154992925322    154993165273        69896455     229212      10404     240000         62     7    1400000   12404000  240000000  240000000
  13      113    10515   240008    154993165283    154993405291        70136416     229240      10404     240000         82     7    1400000   12404000  240000000  240000000
  13      113    10515   239954    154993405301    154993645254        70376434     229242      10404     240000         45     5    1400000   12404000  240000000  240000000
  13      113    10516   239986    154993645264    154993885249        70616397     229264      10404     240000         40     5    1400000   12404000  240000000  240000000
  13      113    10512   240003    154993885258    154994125260        70856391     229318      10404     240000         51     5    1400000   12404000  240000000  240000000
  13      113    10516   240011    154994125269    154994365280        71096403     229286      10404     240000         71     4    1400000   12404000  240000000  240000000
  13      113    10512   239962    154994365289    154994605251        71336422     229281      10404     240000         42     5    1400000   12404000  240000000  240000000
  13      113    10513   239993    154994605259    154994845253        71576393     229307      10404     240000         42     5    1400000   12404000  240000000  240000000
  13      113    10515   240027    154994845262    154995085289        71816396     229275      10404     240000         80     5    1400000   12404000  240000000  240000000
  13      113    10514   239981    154995085298    154995325279        72056432     229221      10404     240000         70     5    1400000   12404000  240000000  240000000
  13      113    10512   239981    154995325288    154995565269        72296421     229281      10404     240000         57     4    1400000   12404000  240000000  240000000
  13      113    10515   277529    154995565278    154995842807        72536412     229231      10404     240000      37599     4    1400000   12404000  240000000  240000000
  13      113    10515   202435    154995842817    154996045251        72813950     191705      10404     240000         42     4    1400000   12404000  240000000  240000000
  13      113    10513   239997    154996045260    154996285257        73016393     229312      10404     240000         46     4    1400000   12404000  240000000  240000000
  13      113    10514   240011    154996285266    154996525278        73256400     229274      10404     240000         68     4    1400000   12404000  240000000  240000000
  13      113    10515   240027    154996525287    154996765314        73496420     229266      10404     240000        105     6    1400000   12404000  240000000  240000000
  13      113    10513   239935    154996765323    154997005258        73736456     229217      10404     240000         49     4    1400000   12404000  240000000  240000000
  13      113    10513   239994    154997005267    154997245262        73976400     229296      10404     240000         51     4    1400000   12404000  240000000  240000000
  13      113    10516   240009    154997245274    154997485283        74216407     229259      10404     240000         74     5    1400000   12404000  240000000  240000000
  13      113    10514   239970    154997485292    154997725261        74456425     229253      10404     240000         53     4    1400000   12404000  240000000  240000000
  13      113    10517   240007    154997725270    154997965277        74696404     229264      10404     240000         69     4    1400000   12404000  240000000  240000000
  13      113    10513   239932    154997965318    154998205251        74936452     229242      10404     240000         42     6    1400000   12404000  240000000  240000000
  13      113    10515   240036    154998205259    154998445296        75176393     229284      10404     240000         87     6    1400000   12404000  240000000  240000000
  13      113    10515   239968    154998445304    154998685272        75416437     229225      10404     240000         62     4    1400000   12404000  240000000  240000000
  13      113    10514   239979    154998685282    154998925261        75656415     229278      10404     240000         51     5    1400000   12404000  240000000  240000000
  13      113    10516   239983    154998925270    154999165253        75896403     229280      10404     240000         44     6    1400000   12404000  240000000  240000000
  13      113    10513   240021    154999165262    154999405283        76136395     229297      10404     240000         74     4    1400000   12404000  240000000  240000000
  13      113    10512   239959    154999405292    154999645251        76376426     229248      10404     240000         40     5    1400000   12404000  240000000  240000000
  13      113    10514   239979    154999645261    154999885240        76616394     229297      10404     240000         31     5    1400000   12404000  240000000  240000000
  13      113    10513   247815    154999885249    155000133064        76856383     229327      10404     240000       7856     5    1400000   12404000  240000000  240000000
  13      113    10513   232179    155000133073    155000365253        77104207     221483      10404     240000         44     5    1400000   12404000  240000000  240000000
  13      113    10513   239989    155000365261    155000605251        77336395     229312      10404     240000         42     5    1400000   12404000  240000000  240000000
  13      113    10513   239986    155000605260    155000845246        77576393     229301      10404     240000         36     5    1400000   12404000  240000000  240000000
  13      113    10517   240032    155000845254    155001085287        77816388     229248      10404     240000         78     5    1400000   12404000  240000000  240000000
  13      113    10515   239959    155001085296    155001325255        78056429     229258      10404     240000         47     7    1400000   12404000  240000000  240000000
  13      113    10513   239991    155001325264    155001565255        78296398     229303      10404     240000         46     7    1400000   12404000  240000000  240000000
  13      113    10518   240039    155001565264    155001805303        78536397     229259      10404     240000         93     7    1400000   12404000  240000000  240000000
  13      113    10515   239970    155001805312    155002045282        78776446     229221      10404     240000         74     4    1400000   12404000  240000000  240000000
  13      113    10514   239974    155002045291    155002285265        79016425     229256      10404     240000         55     5    1400000   12404000  240000000  240000000
  13      113    10512   240007    155002285274    155002525281        79256407     229272      10404     240000         73     5    1400000   12404000  240000000  240000000
  13      113    10515   239952    155002525290    155002765241        79496423     229258      10404     240000         33     4    1400000   12404000  240000000  240000000
  13      113    10513   240022    155002765251    155003005273        79736384     229309      10404     240000         64     4    1400000   12404000  240000000  240000000
  13      113    10513   239971    155003005282    155003245252        79976415     229272      10404     240000         44     7    1400000   12404000  240000000  240000000
  13      113    10514   240047    155003245261    155003485308        80216394     229304      10404     240000         99     7    1400000   12404000  240000000  240000000
  13      113    10516   239930    155003485351    155003725281        80456484     229145      10404     240000         72     5    1400000   12404000  240000000  240000000
  13      113    10515   239962    155003725290    155003965252        80696423     229216      10404     240000         43     7    1400000   12404000  240000000  240000000
  13      113    10512   239998    155003965261    155004205259        80936394     229314      10404     240000         50     7    1400000   12404000  240000000  240000000
  13      113    10513   240010    155004205268    155004445278        81176401     229287      10404     240000         68     5    1400000   12404000  240000000  240000000
  13      113    10516   239956    155004445287    155004685242        81416420     229233      10404     240000         34     5    1400000   12404000  240000000  240000000
  13      113    10514   240027    155004685251    155004925278        81656384     229314      10404     240000         69     5    1400000   12404000  240000000  240000000
  13      113    10518   240019    155004925287    155005165305        81896420     229243      10404     240000         97     4    1400000   12404000  240000000  240000000
  13      113    10515   239936    155005165315    155005405251        82136448     229220      10404     240000         42     5    1400000   12404000  240000000  240000000
  13      113    10513   239987    155005405260    155005645247        82376393     229297      10404     240000         38     5    1400000   12404000  240000000  240000000
  13      113    10515   240003    155005645256    155005885259        82616389     229300      10404     240000         49     5    1400000   12404000  240000000  240000000
  13      113    10513   240012    155005885268    155006125279        82856401     229283      10404     240000         71     5    1400000   12404000  240000000  240000000
  13      113    10513   239975    155006125289    155006365264        83096422     229274      10404     240000         55     4    1400000   12404000  240000000  240000000
  13      113    10514   240019    155006365273    155006605292        83336406     229282      10404     240000         83     4    1400000   12404000  240000000  240000000
  13      113    10513   239975    155006605301    155006845276        83576435     229254      10404     240000         67     6    1400000   12404000  240000000  240000000
  13      113    10517   239979    155006845285    155007085264        83816418     229253      10404     240000         54     5    1400000   12404000  240000000  240000000
  13      113    10514   240008    155007085274    155007325282        84056407     229287      10404     240000         73     5    1400000   12404000  240000000  240000000
  13      113    10519   239953    155007325291    155007565244        84296424     229233      10404     240000         35     6    1400000   12404000  240000000  240000000
  13      113    10515   240000    155007565252    155007805253        84536386     229298      10404     240000         42     4    1400000   12404000  240000000  240000000
  13      113    10513   240010    155007805263    155008045273        84776396     229309      10404     240000         64     4    1400000   12404000  240000000  240000000
  13      113    10515   239972    155008045282    155008285254        85016415     229255      10404     240000         43     5    1400000   12404000  240000000  240000000
  13      113    10515   240025    155008285264    155008525288        85256397     229297      10404     240000         80     5    1400000   12404000  240000000  240000000
  13      113    10513   240003    155008525296    155008765299        85496430     229214      10404     240000         89     4    1400000   12404000  240000000  240000000
  13      113    10515   239971    155008765309    155009005280        85736442     229247      10404     240000         71     5    1400000   12404000  240000000  240000000
  13      113    10515   239953    155009005289    155009245241        85976422     229256      10404     240000         33     4    1400000   12404000  240000000  240000000
  13      113    10514   240005    155009245280    155009485285        86216413     229275      10404     240000         76     4    1400000   12404000  240000000  240000000
  13      113    10515   239990    155009485294    155009725284        86456427     229261      10404     240000         75     5    1400000   12404000  240000000  240000000
  13      113    10515   239965    155009725293    155009965258        86696426     229255      10404     240000         49     4    1400000   12404000  240000000  240000000
  13      113    10515   240042    155009965267    155010205310        86936401     229280      10404     240000        100     4    1400000   12404000  240000000  240000000
  13      113    10527   239926    155010205318    155010445245        87176452     224218      10404     240000         36     5    1400000   12404000  240000000  240000000
  13      113    10515   239996    155010445254    155010685249        87416387     229298      10404     240000         40     5    1400000   12404000  240000000  240000000
  13      113    10513   247761    155010685258    155010933019        87656391     229317      10404     240000       7811     5    1400000   12404000  240000000  240000000
  13      113    10512   232257    155010933028    155011165285        87904161     221541      10404     240000         76     5    1400000   12404000  240000000  240000000
  13      113    10513   239962    155011165294    155011405255        88136427     229246      10404     240000         47     4    1400000   12404000  240000000  240000000
  13      113    10513   240028    155011405264    155011645292        88376398     229308      10404     240000         83     4    1400000   12404000  240000000  240000000
  13      113    10516   239984    155011645301    155011885285        88616435     229219      10404     240000         76     6    1400000   12404000  240000000  240000000
  13      113    10514   239976    155011885294    155012125270        88856428     229247      10404     240000         61     5    1400000   12404000  240000000  240000000
  13      113    10513   239990    155012125279    155012365269        89096412     229277      10404     240000         60     4    1400000   12404000  240000000  240000000
  13      113    10517   239974    155012365278    155012605252        89336412     229253      10404     240000         43     5    1400000   12404000  240000000  240000000
  13      113    10513   239984    155012605260    155012845244        89576394     229298      10404     240000         35     5    1400000   12404000  240000000  240000000
  13      113    10514   239991    155012845253    155013085244        89816386     229302      10404     240000         35     5    1400000   12404000  240000000  240000000
  13      113    10515   240053    155013085253    155013325306        90056386     229293      10404     240000         97     5    1400000   12404000  240000000  240000000
  13      113    10517   239976    155013325316    155013565291        90296449     229220      10404     240000         82     6    1400000   12404000  240000000  240000000
  13      113    10514   239957    155013565301    155013805258        90536434     229242      10404     240000         48     5    1400000   12404000  240000000  240000000
