#idx     perf      run   period           start             end          rel_st      slack c_duration   c_period     wu_lat   cpu       freq dl_runtime  dl_period dl_deadline
   6     2841   264070   546031    136460704207    136461250238         3955281     279257     261435     720000         48     5    1400000  275195000  720000000  720000000
   6     2841   276153   719996    136461250248    136461970244         4501321     268442     261435     720000         55     5    1400000  275195000  720000000  720000000
   6     2841   284416   719983    136461970254    136462690236         5221327     246781     261435     720000         47     5    1300000  275195000  720000000  720000000
   6     2841   292386   719996    136462690246    136463410242         5941320     227177     261435     720000         53     5    1300000  275195000  720000000  720000000
   6     2841   297938   741167    136463410252    136464151419         6661325     -21231     261435     720000          0     5    1300000  275195000  720000000  720000000
   6     2841   314628   735425    136464151430    136464886855         7402503     -36667     261435     720000          0     5    1100000  275195000  720000000  720000000
   6     2841   317957   764296    136464886865    136465651161         8137939     -80973     261435     720000          0     5    1200000  275195000  720000000  720000000
   6     2841   322760   781321    136465651172    136466432494         8902246    -142306     261435     720000          0     5    1100000  275195000  720000000  720000000
   6     2841   318812   879137    136466432504    136467311641         9683577    -301453     261435     720000          0     5    1200000  275195000  720000000  720000000
   6     2841   322666   767448    136467311651    136468079099        10562725    -348911     261435     720000          0     5    1100000  275195000  720000000  720000000
   6     2841   313687   752161    136468079109    136468831270        11330183    -381082     261435     720000          0     5    1200000  275195000  720000000  720000000
   6     2841   317442   745951    136468831282    136469577232        12082355    -407045     261435     720000          0     5    1100000  275195000  720000000  720000000
   6     2841   316291   743194    136469577242    136470320436        12828316    -430249     261435     720000          0     5    1200000  275195000  720000000  720000000
   6     2841   331565   758614    136470320447    136471079061        13571521    -468873     261435     720000          0     5    1100000  275195000  720000000  720000000
   6     2841   308423  1044676    136471079071    136472123747        14330145    -793559     261435     720000          0     5    1200000  275195000  720000000  720000000
   6     2841   320624   777061    136472123758    136472900819        15374832    -850631     261435     720000          0     5    1100000  275195000  720000000  720000000
   6     2841   318684   810992    136472900829    136473711821        16151903    -941633     261435     720000          0     5    1200000  275195000  720000000  720000000
   6     2841   336139   803125    136473711831    136474514956        16962905   -1024768     261435     720000          0     5    1100000  275195000  720000000  720000000
   6     2841   335568   752638    136474514967    136475267605        17766041   -1057417     261435     720000          0     5    1100000  275195000  720000000  720000000
   6     2841   308144   716992    136475267615    136475984607        18518689   -1054419     261435     720000          0     5    1200000  275195000  720000000  720000000
   6     2841   324667   785718    136475984617    136476770336        19235691   -1120148     261435     720000          0     5    1200000  275195000  720000000  720000000
   6     2841   336151   757167    136476770347    136477527514        20021420   -1157326     261435     720000          0     5    1100000  275195000  720000000  720000000
   6     2841   313758   724239    136477527524    136478251763        20778598   -1161576     261435     720000          0     5    1100000  275195000  720000000  720000000
   6     2841   316854   743233    136478251819    136478995052        21502893   -1184864     261435     720000          0     5    1200000  275195000  720000000  720000000
   6     2841   309323  1037136    136478995063    136480032199        22246137   -1502011     261435     720000          0     5    1100000  275195000  720000000  720000000
   6     2841   322608   790299    136480032210    136480822509        23283283   -1572321     261435     720000          0     5    1200000  275195000  720000000  720000000
   6     2841   309776   780041    136480822519    136481602560        24073593   -1632372     261435     720000          0     5    1200000  275195000  720000000  720000000
   6     2841   308116   718442    136481602571    136482321013        24853645   -1630825     261435     720000          0     5    1200000  275195000  720000000  720000000
   6     2841   323567   769873    136482321024    136483090897        25572097   -1680709     261435     720000          0     5    1200000  275195000  720000000  720000000
   6     2841   336121   830195    136483090908    136483921103        26341982   -1790915     261435     720000          0     5    1100000  275195000  720000000  720000000
   6     2841   317325   543067    136483921114    136484464180        27172188   -1613993     261435     720000          0     5    1100000  275195000  720000000  720000000
   6     2841   324351   969827    136484464191    136485434018        27715265   -1863830     261435     720000          0     5    1200000  275195000  720000000  720000000
   6     2841   315882   791891    136485434029    136486225919        28685103   -1935732     261435     720000          0     5    1100000  275195000  720000000  720000000
   6     2841   311871   764013    136486225930    136486989943        29477003   -1979755     261435     720000          0     5    1200000  275195000  720000000  720000000
   6     2841   336135   635170    136486989954    136487625124        30241027   -1894936     261435     720000          0     5    1100000  275195000  720000000  720000000
   6     2841   323650  1005388    136487625135    136488630522        30876209   -2180335     261435     720000          0     5    1100000  275195000  720000000  720000000
   6     2841   312695   755583    136488630533    136489386116        31881607   -2215928     261435     720000          0     5    1200000  275195000  720000000  720000000
   6     2841   336143   956755    136489386127    136490342882        32637200   -2452694     261435     720000          0     5    1100000  275195000  720000000  720000000
   6     2841   325710   740804    136490342893    136491083697        33593967   -2473509     261435     720000          0     5    1100000  275195000  720000000  720000000
   6     2841   308116   602857    136491083707    136491686564        34334781   -2356376     261435     720000          0     5    1200000  275195000  720000000  720000000
   6     2841   335722   897228    136491686574    136492583802        34937648   -2533614     261435     720000          0     5    1200000  275195000  720000000  720000000
   6     2841   334032   775390    136492583812    136493359203        35834886   -2589015     261435     720000          0     5    1100000  275195000  720000000  720000000
   6     2841   308114   756975    136493359213    136494116188        36610287   -2626000     261435     720000          0     5    1200000  275195000  720000000  720000000
   6     2841   330382   702467    136494116198    136494818665        37367272   -2608477     261435     720000          0     5    1200000  275195000  720000000  720000000
   6     2841   336144   995381    136494818676    136495814057        38069750   -2883869     261435     720000          0     5    1100000  275195000  720000000  720000000
   6     2841   336151   756250    136495814068    136496570318        39065142   -2920131     261435     720000          0     5    1100000  275195000  720000000  720000000
   6     2841   336145   756252    136496570329    136497326581        39821403   -2956393     261435     720000          0     5    1100000  275195000  720000000  720000000
   6     2841   313449   738191    136497326635    136498064826        40577708   -2974638     261435     720000          0     5    1100000  275195000  720000000  720000000
   6     2841   319078   795940    136498064836    136498860776        41315910   -3050588     261435     720000          0     5    1200000  275195000  720000000  720000000
   6     2841   336140   796084    136498860787    136499656871        42111861   -3126683     261435     720000          0     5    1100000  275195000  720000000  720000000
   6     2841   319202   899787    136499656882    136500556669        42907956   -3306481     261435     720000          0     5    1100000  275195000  720000000  720000000
   6     2841   325739   656566    136500556679    136501213246        43807753   -3243058     261435     720000          0     5    1200000  275195000  720000000  720000000
   6     2841   312543   775339    136501213257    136501988596        44464330   -3298408     261435     720000          0     5    1100000  275195000  720000000  720000000
   6     2841   311440   774200    136501988606    136502762807        45239680   -3352619     261435     720000          0     5    1200000  275195000  720000000  720000000
   6     2841   308841   976781    136502762817    136503739597        46013890   -3609409     261435     720000          0     5    1200000  275195000  720000000  720000000
   6     2841   336115   753440    136503739609    136504493049        46990682   -3642861     261435     720000          0     5    1100000  275195000  720000000  720000000
   6     2841   336127   757414    136504493060    136505250474        47744134   -3680286     261435     720000          0     5    1100000  275195000  720000000  720000000
   6     2841   336160   757294    136505250485    136506007779        48501559   -3717591     261435     720000          0     5    1100000  275195000  720000000  720000000
   6     2841   336104   849597    136506007790    136506857387        49258864   -3847199     261435     720000          0     5    1100000  275195000  720000000  720000000
   6     2841   336132   923547    136506857398    136507780945        50108471   -4050757     261435     720000          0     5    1100000  275195000  720000000  720000000
   6     2841   336127   670036    136507780955    136508450991        51032029   -4000803     261435     720000          0     5    1100000  275195000  720000000  720000000
   6     2841   336157   773945    136508451002    136509224947        51702076   -4054759     261435     720000          0     5    1100000  275195000  720000000  720000000
   6     2841   336152   757901    136509224958    136509982860        52476032   -4092672     261435     720000          0     5    1100000  275195000  720000000  720000000
   6     2841   336166   977468    136509982871    136510960339        53233944   -4350151     261435     720000          0     5    1100000  275195000  720000000  720000000
   6     2841   336125   770433    136510960350    136511730783        54211423   -4400595     261435     720000          0     5    1100000  275195000  720000000  720000000
   6     2841   336127   778364    136511730794    136512509157        54981868   -4458970     261435     720000          0     5    1100000  275195000  720000000  720000000
   6     2841   336123   795658    136512509169    136513304827        55760242   -4534639     261435     720000          0     5    1100000  275195000  720000000  720000000
   6     2841   336109   795904    136513304838    136514100741        56555911   -4610553     261435     720000          0     5    1100000  275195000  720000000  720000000
   6     2841   336108   795889    136514100752    136514896641        57351825   -4686453     261435     720000          0     5    1100000  275195000  720000000  720000000
   6     2841   336120   803274    136514896652    136515699927        58147726   -4769739     261435     720000          0     5    1100000  275195000  720000000  720000000
   6     2841   336110   751469    136515699976    136516451446        58951050   -4801258     261435     720000          0     5    1100000  275195000  720000000  720000000
   6     2841   334915   973898    136516451457    136517425354        59702530   -5055166     261435     720000          0     5    1100000  275195000  720000000  720000000
   6     2841   308109   755056    136517425365    136518180420        60676438   -5090233     261435     720000          0     5    1200000  275195000  720000000  720000000
   6     2841   329727   760797    136518180430    136518941228        61431504   -5131040     261435     720000          0     5    1200000  275195000  720000000  720000000
   6     2841   336143   755089    136518941240    136519696328        62192313   -5166140     261435     720000          0     5    1100000  275195000  720000000  720000000
   6     2841   336114   848612    136519696339    136520544951        62947413   -5294763     261435     720000          0     5    1100000  275195000  720000000  720000000
   6     2841   319840   908219    136520544962    136521453181        63796036   -5482993     261435     720000          0     5    1100000  275195000  720000000  720000000
   6     2841   313205   640415    136521453191    136522093606        64704265   -5403418     261435     720000          0     5    1200000  275195000  720000000  720000000
   6     2841   315584   782926    136522093617    136522876543        65344691   -5466355     261435     720000          0     5    1100000  275195000  720000000  720000000
   6     2841   315577   750863    136522876553    136523627415        66127626   -5497228     261435     720000          0     5    1200000  275195000  720000000  720000000
   6     2841   308131   715212    136523627425    136524342638        66878499   -5492450     261435     720000          0     5    1200000  275195000  720000000  720000000
   6     2841   308128  1039240    136524342648    136525381888        67593721   -5811700     261435     720000          0     5    1200000  275195000  720000000  720000000
   6     2841   318477   761849    136525381898    136526143748        68632972   -5853560     261435     720000          0     5    1200000  275195000  720000000  720000000
   6     2841   336117   795517    136526143758    136526939275        69394832   -5929087     261435     720000          0     5    1100000  275195000  720000000  720000000
   6     2841   336133   791266    136526939286    136527730552        70190360   -6000364     261435     720000          0     5    1100000  275195000  720000000  720000000
   6     2841   336138   795383    136527730563    136528525947        70981637   -6075759     261435     720000          0     5    1100000  275195000  720000000  720000000
   6     2841   336139   799139    136528525958    136529325097        71777031   -6154909     261435     720000          0     5    1100000  275195000  720000000  720000000
   6     2841   316948   719696    136529325108    136530044804        72576182   -6154616     261435     720000          0     5    1100000  275195000  720000000  720000000
   6     2841   314778   765708    136530044814    136530810522        73295888   -6200334     261435     720000          0     5    1200000  275195000  720000000  720000000
   6     2841   330416   771717    136530810533    136531582250        74061606   -6252062     261435     720000          0     5    1100000  275195000  720000000  720000000
   6     2841   310212   974752    136531582260    136532557012        74833334   -6506824     261435     720000          0     5    1200000  275195000  720000000  720000000
   6     2841   336130   757255    136532557023    136533314278        75808097   -6544090     261435     720000          0     5    1100000  275195000  720000000  720000000
   6     2841   336129   777247    136533314289    136534091537        76565363   -6601349     261435     720000          0     5    1100000  275195000  720000000  720000000
   6     2841   336108   797542    136534091548    136534889089        77342621   -6678901     261435     720000          0     5    1100000  275195000  720000000  720000000
   6     2841   336130   867431    136534889139    136535756570        78140213   -6826382     261435     720000          0     5    1100000  275195000  720000000  720000000
   6     2841   336159   777346    136535756581    136536533928        79007655   -6883740     261435     720000          0     5    1100000  275195000  720000000  720000000
   6     2841   336136   753376    136536533939    136537287314        79785012   -6917126     261435     720000          0     5    1100000  275195000  720000000  720000000
   6     2841   336148   761233    136537287325    136538048558        80538399   -6958370     261435     720000          0     5    1100000  275195000  720000000  720000000
   6     2841   336137  1005245    136538048569    136539053814        81299643   -7243626     261435     720000          0     5    1100000  275195000  720000000  720000000
   6     2841   336141   777101    136539053825    136539830925        82304899   -7300738     261435     720000          0     5    1100000  275195000  720000000  720000000
   6     2841   336121   781049    136539830936    136540611985        83082010   -7361797     261435     720000          0     5    1100000  275195000  720000000  720000000
   6     2841   336098   794926    136540611996    136541406922        83863069   -7436734     261435     720000          0     5    1100000  275195000  720000000  720000000
   6     2841   323399   782368    136541406933    136542189301        84658006   -7499113     261435     720000          0     5    1100000  275195000  720000000  720000000
   6     2841   308106   762910    136542189311    136542952221        85440384   -7542033     261435     720000          0     5    1200000  275195000  720000000  720000000
   6     2841   329687   784775    136542952231    136543737005        86203305   -7606818     261435     720000          0     5    1200000  275195000  720000000  720000000
   6     2841   336133   757165    136543737017    136544494181        86988090   -7643993     261435     720000          0     5    1100000  275195000  720000000  720000000
   6     2841   312896   711673    136544494192    136545205865        87745266   -7635677     261435     720000          0     5    1100000  275195000  720000000  720000000
   6     2841   321532  1020650    136545205875    136546226525        88456949   -7936337     261435     720000          0     5    1200000  275195000  720000000  720000000
   6     2841   336135   763108    136546226536    136546989645        89477610   -7979457     261435     720000          0     5    1100000  275195000  720000000  720000000
   6     2841   336151   778899    136546989656    136547768555        90240730   -8038367     261435     720000          0     5    1100000  275195000  720000000  720000000
   6     2841   336138   790700    136547768566    136548559266        91019639   -8109078     261435     720000          0     5    1100000  275195000  720000000  720000000
   6     2841   336104   870737    136548559277    136549430015        91810351   -8259827     261435     720000          0     5    1100000  275195000  720000000  720000000
