#idx     perf      run   period           start             end          rel_st      slack c_duration   c_period     wu_lat   cpu       freq dl_runtime  dl_period dl_deadline
   6      190    17716   341877    135009430654    135009772531         3984207     223744      17520     520000      61457     4    1400000   19520000  520000000  520000000
   6      190    17698   495285    135009772540    135010267825         4326093     440666      17520     520000      36751     4    1400000   19520000  520000000  520000000
   6      190    17980   520022    135010267835    135010787857         4821388     411964      17520     520000      36783     4    1300000   19520000  520000000  520000000
   6      190    17734   518990    135010787866    135011306856         5341419     412585      17520     520000      35781     4    1400000   19520000  520000000  520000000
   6      190    17704   484256    135011306864    135011791120         5860417     466264      17520     520000         45     4    1400000   19520000  520000000  520000000
   6      190    17701   673463    135011791129    135012464592         6344681     502046      17520     520000     153517     4    1400000   19520000  520000000  520000000
   6      190    17700   530148    135012464600    135012994748         7018153     348586      17520     520000     163674     4    1400000   19520000  520000000  520000000
   6      190    17700   414122    135012994757    135013408879         7548309     338422      17520     520000      57804     4    1400000   19520000  520000000  520000000
   6      190    17700   504426    135013408887    135013913313         7962440     444304      17520     520000      42238     4    1400000   19520000  520000000  520000000
   6      190    17717   477808    135013913322    135014391129         8466874     446286      17520     520000         54     4    1400000   19520000  520000000  520000000
   6      190    17910   533576    135014391160    135014924736         8944713     501550      17520     520000      13662     4    1300000   19520000  520000000  520000000
   6      190    17705   640959    135014924745    135015565704         9478298     488398      17520     520000     134630     4    1400000   19520000  520000000  520000000
   6      190    17732   444082    135015565713    135016009795        10119266     333820      17520     520000      58721     4    1400000   19520000  520000000  520000000
   6      190    17742   512564    135016009804    135016522368        10563357     333941      17520     520000      51294     4    1400000   19520000  520000000  520000000
   6      190    17702   503319    135016522377    135017025696        11075930     450786      17520     520000      34622     4    1400000   19520000  520000000  520000000
   6      190    17715   505857    135017025705    135017531563        11579258     447522      17520     520000      20488     4    1400000   19520000  520000000  520000000
   6      190    17704   512121    135017531571    135018043692        12085124     481575      17520     520000      12618     4    1400000   19520000  520000000  520000000
   6      190    17700   570003    135018043701    135018613703        12597253     489478      17520     520000      62629     4    1400000   19520000  520000000  520000000
   6      190    17717   457403    135018613712    135019071115        13167265     405831      17520     520000         41     4    1400000   19520000  520000000  520000000
   6      190    17708   558068    135019071124    135019629192        13624677     501983      17520     520000      38117     4    1400000   19520000  520000000  520000000
   6      190    17715   532803    135019629201    135020162004        14182753     431368      17520     520000      50930     4    1400000   19520000  520000000  520000000
   6      190    17731   483170    135020162013    135020645182        14715565     418492      17520     520000      14108     4    1400000   19520000  520000000  520000000
   6      190    17718   505919    135020645192    135021151111        15198744     444799      17520     520000         36     4    1400000   19520000  520000000  520000000
   6      190    18701   579156    135021151171    135021730328        15704724     494996      17520     520000      59253     4    1400000   19520000  520000000  520000000
   6      190    17720   644243    135021730337    135022374580        16283889     429235      17520     520000     183506     4    1400000   19520000  520000000  520000000
   6      190    17727   388496    135022374589    135022763085        16928142     266165      17520     520000      52011     4    1400000   19520000  520000000  520000000
   6      190    17703   552536    135022763094    135023315630        17316646     450064      17520     520000      84556     4    1400000   19520000  520000000  520000000
   6      190    17701   571948    135023315638    135023887587        17869191     417519      17520     520000     136513     4    1400000   19520000  520000000  520000000
   6      190    17703   387123    135023887595    135024274718        18441148     365544      17520     520000       3644     4    1400000   19520000  520000000  520000000
   6      190    17700   569247    135024274727    135024843974        18828279     498459      17520     520000      52900     4    1400000   19520000  520000000  520000000
   6      190    17732   543906    135024843982    135025387889        19397535     410133      17520     520000      76814     4    1400000   19520000  520000000  520000000
   6      190    17731   500665    135025387897    135025888562        19941450     406132      17520     520000      57488     4    1400000   19520000  520000000  520000000
   6      190    17700   527075    135025888571    135026415646        20442124     444618      17520     520000      64572     4    1400000   19520000  520000000  520000000
   6      190    17703   503382    135026415655    135026919037        20969208     437502      17520     520000      47962     4    1400000   19520000  520000000  520000000
   6      190    17701   472070    135026919045    135027391115        21472598     454123      17520     520000         41     4    1400000   19520000  520000000  520000000
   6      190    17702   598303    135027391124    135027989426        21944677     502056      17520     520000      78352     4    1400000   19520000  520000000  520000000
   6      190    17722   536315    135027989435    135028525751        22542988     410139      17520     520000      94676     4    1400000   19520000  520000000  520000000
   6      190    17705   425394    135028525759    135028951153        23079312     407392      17520     520000         79     4    1400000   19520000  520000000  520000000
   6      190    17903   613455    135028951163    135029564618        23504715     501573      17520     520000      93544     4    1300000   19520000  520000000  520000000
   6      190    17701   476663    135029564626    135030041289        24118179     408555      17520     520000      50215     4    1400000   19520000  520000000  520000000
   6      190    17701   469819    135030041298    135030511117        24594851     451887      17520     520000         42     4    1400000   19520000  520000000  520000000
   6      190    17708   559216    135030511126    135031070341        25064678     501978      17520     520000      39267     4    1400000   19520000  520000000  520000000
   6      190    17720   588893    135031070350    135031659243        25623903     449218      17520     520000     108169     4    1400000   19520000  520000000  520000000
   6      190    17704   446816    135031659252    135032106068        26212804     393889      17520     520000      34993     4    1400000   19520000  520000000  520000000
   6      190    17703   554048    135032106076    135032660125        26659629     467096      17520     520000      69051     4    1400000   19520000  520000000  520000000
   6      190    17698   506305    135032660133    135033166438        27213686     433076      17520     520000      55364     4    1400000   19520000  520000000  520000000
   6      190    17737   464659    135033166447    135033631106        27719999     374282      17520     520000         31     4    1400000   19520000  520000000  520000000
   6      190    17702   612541    135033631146    135034243687        28184699     502026      17520     520000      92613     4    1400000   19520000  520000000  520000000
   6      190    17703   486624    135034243696    135034730319        28797248     409447      17520     520000      59245     4    1400000   19520000  520000000  520000000
   6      190    17702   474878    135034730328    135035205206        29283881     442842      17520     520000      14132     4    1400000   19520000  520000000  520000000
   6      190    17702   509473    135035205216    135035714689        29758768     487959      17520     520000       3614     4    1400000   19520000  520000000  520000000
   6      190    17703   582099    135035714697    135036296796        30268250     498456      17520     520000      65722     4    1400000   19520000  520000000  520000000
   6      190    17716   454319    135036296805    135036751123        30850357     397602      17520     520000         49     4    1400000   19520000  520000000  520000000
   6      190    17704   578505    135036751132    135037329636        31304685     502023      17520     520000      58562     4    1400000   19520000  520000000  520000000
   6      190    17703   477000    135037329645    135037806645        31883198     443507      17520     520000      15571     4    1400000   19520000  520000000  520000000
   6      190    17733   603617    135037806654    135038410271        32360207     447479      17520     520000      99197     4    1400000   19520000  520000000  520000000
   6      190    17702   420847    135038410280    135038831127        32963833     402882      17520     520000         53     4    1400000   19520000  520000000  520000000
   6      190    17701   552078    135038831136    135039383214        33384689     502040      17520     520000      32140     4    1400000   19520000  520000000  520000000
   6      190    18671   487892    135039383223    135039871115        33936775     468728      17520     520000         40     4    1400000   19520000  520000000  520000000
   6      190    17724   592340    135039871123    135040463463        34424676     353820      17520     520000      72389     4    1400000   19520000  520000000  520000000
   6      190    18673   499081    135040463472    135040962553        35017024     428494      17520     520000      51478     4    1400000   19520000  520000000  520000000
   6      190    17702   524282    135040962562    135041486843        35516115     450598      17520     520000      55769     4    1400000   19520000  520000000  520000000
   6      190    17704   483331    135041486852    135041970183        36040405     446231      17520     520000      19108     4    1400000   19520000  520000000  520000000
   6      190    17733   631772    135041970191    135042601964        36523744     449380      17520     520000     130890     4    1400000   19520000  520000000  520000000
   6      190    17702   543865    135042601973    135043145837        37155525     371184      17520     520000     154763     4    1400000   19520000  520000000  520000000
   6      190    17699   419111    135043145846    135043564957        37699399     347343      17520     520000      53883     4    1400000   19520000  520000000  520000000
   6      190    18592   480854    135043564967    135044045821        38118520     350881      17520     520000      14746     4    1200000   19520000  520000000  520000000
   6      190    17722   561369    135044045829    135044607199        38599382     453720      17520     520000      56124     4    1400000   19520000  520000000  520000000
   6      190    18256   463897    135044607209    135045071105        39160761     431212      17520     520000         31     4    1200000   19520000  520000000  520000000
   6      190    17701   520007    135045071114    135045591121        39624667     502057      17520     520000         47     4    1400000   19520000  520000000  520000000
   6      190    17769   660725    135045591161    135046251886        40144714     488338      17520     520000     140812     4    1400000   19520000  520000000  520000000
   6      190    17720   530035    135046251895    135046781929        40805447     328632      17520     520000     150855     4    1400000   19520000  520000000  520000000
   6      190    17718   420628    135046781938    135047202566        41335491     298559      17520     520000      51492     4    1400000   19520000  520000000  520000000
   6      190    17701   528614    135047202575    135047731189        41756128     450602      17520     520000      60115     4    1400000   19520000  520000000  520000000
   6      190    17704   459914    135047731198    135048191112        42284750     441952      17520     520000         37     4    1400000   19520000  520000000  520000000
   6      190    17701   539993    135048191121    135048731113        42744673     502035      17520     520000      20039     4    1400000   19520000  520000000  520000000
   6      190    17701   654597    135048731122    135049385719        43284675     482047      17520     520000     154645     4    1400000   19520000  520000000  520000000
   6      190    17701   524795    135049385727    135049910522        43939280     347434      17520     520000     159448     4    1400000   19520000  520000000  520000000
   6      190    17701   385256    135049910531    135050295786        44464083     342639      17520     520000      24712     4    1400000   19520000  520000000  520000000
   6      190    17717   549881    135050295795    135050845676        44849347     443756      17520     520000      54602     4    1400000   19520000  520000000  520000000
   6      190    17699   498078    135050845685    135051343762        45399237     447510      17520     520000      32688     4    1400000   19520000  520000000  520000000
   6      190    17718   487347    135051343771    135051831118        45897323     426273      17520     520000         44     4    1400000   19520000  520000000  520000000
   6      190    17706   519995    135051831127    135052351122        46384680     502003      17520     520000         48     4    1400000   19520000  520000000  520000000
   6      190    17702   677653    135052351131    135053028784        46904684     502034      17520     520000     157709     4    1400000   19520000  520000000  520000000
   6      190    17715   403740    135053028793    135053432533        47582345     324428      17520     520000      41459     4    1400000   19520000  520000000  520000000
   6      190    17699   549525    135053432542    135053982067        47986094     460659      17520     520000      70993     4    1400000   19520000  520000000  520000000
   6      190    17732   449045    135053982076    135054431120        48535628     392073      17520     520000         46     4    1400000   19520000  520000000  520000000
   6      190    17705   553562    135054431129    135054984692        48984682     502019      17520     520000      33618     4    1400000   19520000  520000000  520000000
   6      190    17699   492321    135054984701    135055477021        49538253     468505      17520     520000       5947     4    1400000   19520000  520000000  520000000
   6      190    17700   720359    135055477030    135056197389        50030583     496136      17520     520000     206314     4    1400000   19520000  520000000  520000000
   6      190    17699   332462    135056197397    135056529860        50750950     295794      17520     520000      18786     4    1400000   19520000  520000000  520000000
   6      190    17733   579546    135056529868    135057109414        51083421     444243      17520     520000      78339     4    1400000   19520000  520000000  520000000
   6      190    17698   498440    135057109423    135057607862        51662975     423751      17520     520000      56788     4    1400000   19520000  520000000  520000000
   6      190    17719   463234    135057607871    135058071104        52161424     426248      17520     520000         30     4    1400000   19520000  520000000  520000000
   6      190    17702   523548    135058071152    135058594700        52624705     502021      17520     520000       3626     4    1400000   19520000  520000000  520000000
   6      190    17700   715297    135058594709    135059310006        53148262     498469      17520     520000     198931     4    1400000   19520000  520000000  520000000
   6      190    17699   408783    135059310015    135059718798        53863567     303173      17520     520000      87723     4    1400000   19520000  520000000  520000000
   6      190    17733   483283    135059718806    135060202090        54272359     279705      17520     520000      51015     4    1400000   19520000  520000000  520000000
   6      190    17712   544819    135060202098    135060746917        54755651     451028      17520     520000      75843     4    1400000   19520000  520000000  520000000
   6      190    17701   496818    135060746926    135061243744        55300479     426251      17520     520000      52670     4    1400000   19520000  520000000  520000000
   6      190    17706   467373    135061243753    135061711126        55797305     449395      17520     520000         51     4    1400000   19520000  520000000  520000000
   6      190    17703   674540    135061711135    135062385674        56264687     501999      17520     520000     154600     4    1400000   19520000  520000000  520000000
   6      190    17697   434231    135062385683    135062819914        56939235     347514      17520     520000      68840     4    1400000   19520000  520000000  520000000
   6      190    17718   512596    135062819922    135063332519        57373475     357409      17520     520000      61445     4    1400000   19520000  520000000  520000000
   6      190    17700   495311    135063332527    135063827838        57886080     440663      17520     520000      36764     4    1400000   19520000  520000000  520000000
   6      190    17703   486839    135063827846    135064314685        58381399     465297      17520     520000       3611     4    1400000   19520000  520000000  520000000
   6      190    17702   516422    135064314694    135064831115        58868246     498463      17520     520000         41     4    1400000   19520000  520000000  520000000
   6      190    17703   611453    135064831124    135065442577        59384677     502017      17520     520000      91502     4    1400000   19520000  520000000  520000000
   6      190    17701   593084    135065442585    135066035670        59996138     410578      17520     520000     164595     4    1400000   19520000  520000000  520000000
   6      190    17703   384133    135066035679    135066419812        60589231     337473      17520     520000      28738     4    1400000   19520000  520000000  520000000
   6      190    17723   594913    135066419820    135067014734        60973373     454246      17520     520000     103660     4    1400000   19520000  520000000  520000000
   6      190    17719   436359    135067014743    135067451102        61568295     346013      17520     520000      20027     4    1400000   19520000  520000000  520000000
   6      190    17705   500006    135067451110    135067951117        62004663     482039      17520     520000         42     4    1400000   19520000  520000000  520000000
   6      190    17702   574597    135067951125    135068525722        62504678     502027      17520     520000      54648     4    1400000   19520000  520000000  520000000
   6      190    17700   483230    135068525730    135069008960        63079283     447461      17520     520000      17886     4    1400000   19520000  520000000  520000000
   6      190    17720   557517    135069008968    135069566485        63562521     338479      17520     520000      55411     4    1400000   19520000  520000000  520000000
   6      190    17719   529082    135069566494    135070095576        64120046     433093      17520     520000      64501     4    1400000   19520000  520000000  520000000
   6      190    17703   455504    135070095618    135070551122        64649171     437540      17520     520000         47     4    1400000   19520000  520000000  520000000
   6      190    17708   519986    135070551131    135071071117        65104683     501984      17520     520000         42     4    1400000   19520000  520000000  520000000
   6      190    17701   578755    135071071126    135071649881        65624678     502051      17520     520000      58807     4    1400000   19520000  520000000  520000000
   6      190    17732   536744    135071649890    135072186633        66203442     410633      17520     520000      75559     4    1400000   19520000  520000000  520000000
   6      190    17741   505810    135072186642    135072692451        66740195     373836      17520     520000      61377     4    1400000   19520000  520000000  520000000
   6      190    17700   543166    135072692460    135073235626        67246013     440725      17520     520000      84552     4    1400000   19520000  520000000  520000000
   6      190    17700   498630    135073235635    135073734265        67789188     417540      17520     520000      63190     4    1400000   19520000  520000000  520000000
   6      190    17717   485227    135073734273    135074219500        68287826     304379      17520     520000      28426     4    1400000   19520000  520000000  520000000
   6      190    17719   563048    135074219509    135074782557        68773062     434823      17520     520000      71483     4    1400000   19520000  520000000  520000000
   6      190    17717   556755    135074782566    135075339321        69336119     410627      17520     520000     108247     4    1400000   19520000  520000000  520000000
   6      190    17702   435360    135075339329    135075774690        69892882     393831      17520     520000      23615     4    1400000   19520000  520000000  520000000
   6      190    17724   580391    135075774698    135076355089        70328251     366309      17520     520000      84015     4    1400000   19520000  520000000  520000000
   6      190    17700   468163    135076355098    135076823261        70908651     418078      17520     520000      32187     4    1400000   19520000  520000000  520000000
   6      190    17719   487835    135076823270    135077311105        71376823     456289      17520     520000         31     4    1400000   19520000  520000000  520000000
   6      190    17701   592354    135077311114    135077903468        71864667     502029      17520     520000      72394     4    1400000   19520000  520000000  520000000
   6      190    17702   545501    135077903477    135078448978        72457030     429676      17520     520000      97904     4    1400000   19520000  520000000  520000000
   6      190    17700   436825    135078448986    135078885811        73002539     404204      17520     520000      14736     4    1400000   19520000  520000000  520000000
   6      190    18672   581113    135078885841    135079466954        73439393     479217      17520     520000      75880     4    1400000   19520000  520000000  520000000
   6      190    17719   507669    135079466962    135079974631        74020515     412629      17520     520000      63556     4    1400000   19520000  520000000  520000000
   6      190    17735   456482    135079974640    135080431123        74528193     386055      17520     520000         48     4    1400000   19520000  520000000  520000000
   6      190    19064   558743    135080431132    135080989875        74984685     500650      17520     520000      38801     4    1300000   19520000  520000000  520000000
   6      190    17700   551507    135080989884    135081541391        75543437     463306      17520     520000      70316     4    1400000   19520000  520000000  520000000
   6      190    18421   483313    135081541400    135082024712        76094952     397966      17520     520000      33638     4    1300000   19520000  520000000  520000000
   6      190    17716   486400    135082024721    135082511121        76578274     425286      17520     520000         46     4    1400000   19520000  520000000  520000000
   6      190    17705   572155    135082511163    135083083318        77064715     501982      17520     520000      52244     4    1400000   19520000  520000000  520000000
   6      190    17704   481393    135083083327    135083564720        77636879     449798      17520     520000      13646     4    1400000   19520000  520000000  520000000
   6      190    18416   605805    135083564729    135084170534        78118281     487483      17520     520000      99459     4    1400000   19520000  520000000  520000000
   6      190    17698   501835    135084170542    135084672377        78724095     402656      17520     520000      81303     4    1400000   19520000  520000000  520000000
   6      190    17698   438722    135084672385    135085111107        79225938     420821      17520     520000         32     4    1400000   19520000  520000000  520000000
   6      190    17702   520007    135085111115    135085631123        79664668     502033      17520     520000         48     4    1400000   19520000  520000000  520000000
   6      190    18419   579842    135085631132    135086210974        80184685     487272      17520     520000      59900     4    1300000   19520000  520000000  520000000
   6      190    17704   471799    135086210983    135086682782        80764535     442158      17520     520000      11707     4    1400000   19520000  520000000  520000000
   6      190    17715   550687    135086682790    135087233478        81236343     355726      17520     520000      42403     4    1400000   19520000  520000000  520000000
   6      190    17698   539356    135087233486    135087772842        81787039     459723      17520     520000      61768     4    1400000   19520000  520000000  520000000
   6      190    17699   534982    135087772851    135088307833        82326403     440337      17520     520000      76759     4    1400000   19520000  520000000  520000000
   6      190    17701   462767    135088307842    135088770609        82861394     425338      17520     520000      19535     4    1400000   19520000  520000000  520000000
   6      190    17701   514241    135088770617    135089284858        83324170     482560      17520     520000      13784     4    1400000   19520000  520000000  520000000
   6      190    17744   641337    135089284867    135089926203        83838420     360419      17520     520000     135129     4    1400000   19520000  520000000  520000000
   6      190    17715   443708    135089926212    135090369920        84479765     353377      17520     520000      58846     4    1400000   19520000  520000000  520000000
   6      190    17737   497143    135090369929    135090867072        84923482     367510      17520     520000      35997     4    1400000   19520000  520000000  520000000
   6      190    17703   538919    135090867080    135091406000        85420633     466066      17520     520000      54925     4    1400000   19520000  520000000  520000000
   6      190    17700   465138    135091406009    135091871147        85959561     447158      17520     520000         71     4    1400000   19520000  520000000  520000000
   6      190    17917   539911    135091871182    135092411093        86424735     501415      17520     520000      20019     4    1300000   19520000  520000000  520000000
   6      190    17703   687485    135092411103    135093098588        86964656     482029      17520     520000     187513     4    1400000   19520000  520000000  520000000
   6      190    17703   404312    135093098598    135093502910        87652150     314555      17520     520000      71835     4    1400000   19520000  520000000  520000000
   6      190    17725   466651    135093502919    135093969570        88056472     353423      17520     520000      18495     4    1400000   19520000  520000000  520000000
   6      190    17733   567479    135093969579    135094537058        88523132     430844      17520     520000      65983     4    1400000   19520000  520000000  520000000
   6      190    17718   468254    135094537129    135095005383        89090681     422364      17520     520000      14307     4    1400000   19520000  520000000  520000000
   6      190    17702   505727    135095005393    135095511120        89558946     487762      17520     520000         45     4    1400000   19520000  520000000  520000000
   6      190    17706   658784    135095511133    135096169917        90064686     501961      17520     520000     138842     4    1400000   19520000  520000000  520000000
   6      190    17700   528328    135096169926    135096698254        90723478     363265      17520     520000     147179     4    1400000   19520000  520000000  520000000
   6      190    17719   428435    135096698263    135097126698        91251816     334904      17520     520000      55623     4    1400000   19520000  520000000  520000000
   6      190    17703   532610    135097126708    135097659318        91680261     446441      17520     520000      68244     4    1400000   19520000  520000000  520000000
   6      190    17718   471312    135097659327    135098130639        92212880     413860      17520     520000      19564     4    1400000   19520000  520000000  520000000
