#idx     perf      run   period           start             end          rel_st      slack c_duration   c_period     wu_lat   cpu       freq dl_runtime  dl_period dl_deadline
   7     4066   377901   413736     80250851248     80251264984         2337657      32657     374104     430000         52     4    1400000  393794000  430000000  430000000
   7     4066   377863   429994     80251264994     80251694988         2751402      48859     374104     430000         55     4    1400000  393794000  430000000  430000000
   7     4066   378151   429986     80251694998     80252124984         3181407      48092     374104     430000         52     4    1300000  393794000  430000000  430000000
   7     4066   377868   429986     80252124994     80252554980         3611403      48739     374104     430000         48     6    1400000  393794000  430000000  430000000
   7     4066   377879   430033     80252554989     80252985023         4041398      48496     374104     430000         90     6    1400000  393794000  430000000  430000000
   7     4066   378079   429947     80252985032     80253414980         4471441      48567     374104     430000         48     5    1300000  393794000  430000000  430000000
   7     4066   377923   429992     80253414989     80253844981         4901397      48699     374104     430000         49     6    1400000  393794000  430000000  430000000
   7     4066   377871   430039     80253844991     80254275029         5331399      48834     374104     430000         96     6    1400000  393794000  430000000  430000000
   7     4066   378096   429940     80254275040     80254704980         5761448      48139     374104     430000         48     5    1300000  393794000  430000000  430000000
   7     4066   377867   429991     80254704989     80255134980         6191398      48866     374104     430000         48     6    1400000  393794000  430000000  430000000
   7     4066   382815   429991     80255134989     80255564981         6621398      43912     374104     430000         48     6    1400000  393794000  430000000  430000000
   7     4066   406164   440325     80255564991     80256005315         7051399     -10384     374104     430000          0     4    1300000  393794000  430000000  430000000
   7     4066   378750   419656     80256005325     80256424981         7491733      37319     374104     430000         49     6    1400000  393794000  430000000  430000000
   7     4066   406971   441335     80256424991     80256866326         7911399     -11395     374104     430000          0     6    1300000  393794000  430000000  430000000
   7     4066   406966   418680     80256866336     80257285016         8352744       7893     374104     430000         83     6    1300000  393794000  430000000  430000000
   7     4066   378081   429957     80257285028     80257714984         8771436      48663     374104     430000         52     5    1300000  393794000  430000000  430000000
   7     4066   377876   429986     80257714994     80258144980         9201402      48439     374104     430000         48     6    1400000  393794000  430000000  430000000
   7     4066   377875   430033     80258144989     80258575022         9631397      48626     374104     430000         89     6    1400000  393794000  430000000  430000000
   7     4066   388865   429937     80258575031     80259004968        10061440      37522     374104     430000         36     5    1300000  393794000  430000000  430000000
   7     4066   406949   429991     80259004978     80259434969        10491387      19482     374104     430000         37     6    1300000  393794000  430000000  430000000
   7     4066   406963   430006     80259434979     80259864985        10921388      19203     374104     430000         53     6    1300000  393794000  430000000  430000000
   7     4066   377874   429981     80259864994     80260294975        11351403      48916     374104     430000         41     6    1400000  393794000  430000000  430000000
   7     4066   390449   429978     80260294986     80260724964        11781394      35615     374104     430000         32     6    1400000  393794000  430000000  430000000
   7     4066   392787   429970     80260725016     80261154987        12211425      33595     374104     430000         55     6    1300000  393794000  430000000  430000000
   7     4066   377873   429990     80261154996     80261584986        12641405      48505     374104     430000         54     4    1400000  393794000  430000000  430000000
   7     4066   406148   440383     80261584996     80262025379        13071404     -10448     374104     430000          0     4    1300000  393794000  430000000  430000000
   7     4066   377899   419584     80262025388     80262444972        13511796      38371     374104     430000         40     4    1400000  393794000  430000000  430000000
   7     4066   377849   429992     80262444980     80262874972        13931389      49105     374104     430000         40     7    1400000  393794000  430000000  430000000
   7     4066   377858   430003     80262874981     80263304984        14361389      48757     374104     430000         52     7    1400000  393794000  430000000  430000000
   7     4066   378048   429979     80263304993     80263734972        14791402      48831     374104     430000         40     7    1300000  393794000  430000000  430000000
   7     4066   383208   430001     80263734981     80264164981        15221389      43360     374104     430000         49     7    1400000  393794000  430000000  430000000
   7     4066   406911   429993     80264164991     80264594984        15651399      19791     374104     430000         52     7    1300000  393794000  430000000  430000000
   7     4066   378057   429978     80264594995     80265024973        16081403      48553     374104     430000         41     7    1300000  393794000  430000000  430000000
   7     4066   377849   429990     80265024982     80265454972        16511390      49155     374104     430000         40     7    1400000  393794000  430000000  430000000
   7     4066   377862   430015     80265454981     80265884995        16941389      48816     374104     430000         62     7    1400000  393794000  430000000  430000000
   7     4066   378048   429980     80265885005     80266314986        17371414      48922     374104     430000         54     7    1300000  393794000  430000000  430000000
   7     4066   383557   429988     80266314995     80266744984        17801404      43092     374104     430000         52     7    1400000  393794000  430000000  430000000
   7     4066   406919   429991     80266744993     80267174984        18231402      19836     374104     430000         52     7    1300000  393794000  430000000  430000000
   7     4066   378069   429979     80267174993     80267604972        18661402      48590     374104     430000         40     7    1300000  393794000  430000000  430000000
   7     4066   377844   429993     80267604981     80268034974        19091390      49322     374104     430000         42     7    1400000  393794000  430000000  430000000
   7     4066   378191   429990     80268034982     80268464973        19521391      48547     374104     430000         41     7    1400000  393794000  430000000  430000000
   7     4066   391860   429997     80268464982     80268894979        19951390      22442     374104     430000         48     7    1300000  393794000  430000000  430000000
   7     4066   377870   429978     80268894988     80269324966        20381397      41263     374104     430000         34     7    1400000  393794000  430000000  430000000
   7     4066   377849   430041     80269324975     80269755016        20811383      49067     374104     430000         82     7    1400000  393794000  430000000  430000000
   7     4066   378054   429945     80269755028     80270184973        21241437      48472     374104     430000         41     7    1300000  393794000  430000000  430000000
   7     4066   377856   429990     80270184982     80270614972        21671390      49179     374104     430000         40     7    1400000  393794000  430000000  430000000
   7     4066   377852   430006     80270614981     80271044987        22101389      48934     374104     430000         55     7    1400000  393794000  430000000  430000000
   7     4066   378064   429945     80271045040     80271474986        22531449      48767     374104     430000         54     7    1300000  393794000  430000000  430000000
   7     4066   377848   429988     80271474994     80271904983        22961403      48938     374104     430000         51     7    1400000  393794000  430000000  430000000
   7     4066   377857   429993     80271904992     80272334984        23391400      49063     374104     430000         52     7    1400000  393794000  430000000  430000000
   7     4066   378050   429975     80272334997     80272764972        23821406      48664     374104     430000         40     7    1300000  393794000  430000000  430000000
   7     4066   377854   430003     80272764981     80273194984        24251389      49062     374104     430000         52     7    1400000  393794000  430000000  430000000
   7     4066   378187   429986     80273194993     80273624979        24681402      48501     374104     430000         47     7    1400000  393794000  430000000  430000000
   7     4066   391623   429986     80273624989     80274054975        25111397      23349     374104     430000         43     7    1300000  393794000  430000000  430000000
   7     4066   377872   430000     80274054984     80274484983        25541392      42081     374104     430000         51     7    1400000  393794000  430000000  430000000
   7     4066   377856   429991     80274484992     80274914983        25971400      48972     374104     430000         51     7    1400000  393794000  430000000  430000000
   7     4066   378048   429978     80274914996     80275344973        26401404      48760     374104     430000         41     7    1300000  393794000  430000000  430000000
   7     4066   404607   430832     80275344982     80275775814        26831391       -883     374104     430000          0     7    1400000  393794000  430000000  430000000
   7     4066   406932   429160     80275775824     80276204984        27262232      18759     374104     430000         52     7    1300000  393794000  430000000  430000000
   7     4066   378065   429988     80276204994     80276634981        27691402      48865     374104     430000         49     7    1300000  393794000  430000000  430000000
   7     4066   377853   429983     80276634991     80277064973        28121399      49132     374104     430000         42     7    1400000  393794000  430000000  430000000
   7     4066   396277   430524     80277064982     80277495506        28551391       -575     374104     430000          0     7    1400000  393794000  430000000  430000000
   7     4066   377857   429466     80277495515     80277924981        28981924      48608     374104     430000         49     7    1400000  393794000  430000000  430000000
   7     4066   377861   429983     80277924990     80278354972        29411398      49091     374104     430000         40     7    1400000  393794000  430000000  430000000
   7     4066   378176   429992     80278354981     80278784973        29841389      48647     374104     430000         41     7    1400000  393794000  430000000  430000000
   7     4066   391908   430017     80278784983     80279215000        30271392      23092     374104     430000         68     7    1300000  393794000  430000000  430000000
   7     4066   377869   429962     80279215009     80279644971        30701418      42038     374104     430000         40     7    1400000  393794000  430000000  430000000
   7     4066   396122   430387     80279644980     80280075367        31131389       -436     374104     430000          0     7    1400000  393794000  430000000  430000000
   7     4066   377845   429608     80280075376     80280504984        31561785      48609     374104     430000         52     7    1400000  393794000  430000000  430000000
   7     4066   377861   429980     80280504993     80280934973        31991401      48799     374104     430000         41     7    1400000  393794000  430000000  430000000
   7     4066   377860   429972     80280935013     80281364985        32421421      48861     374104     430000         52     7    1400000  393794000  430000000  430000000
   7     4066   378067   429987     80281364995     80281794982        32851404      48784     374104     430000         50     7    1300000  393794000  430000000  430000000
   7     4066   377854   429983     80281794991     80282224974        33281400      49043     374104     430000         42     7    1400000  393794000  430000000  430000000
   7     4066   395334   430016     80282224983     80282654999        33711391        -68     374104     430000          0     7    1300000  393794000  430000000  430000000
   7     4066   377842   429980     80282655008     80283084987        34141416      49137     374104     430000         55     7    1400000  393794000  430000000  430000000
   7     4066   377875   429987     80283084996     80283514983        34571405      48876     374104     430000         51     7    1400000  393794000  430000000  430000000
   7     4066   378041   429979     80283514993     80283944972        35001401      48952     374104     430000         40     7    1300000  393794000  430000000  430000000
   7     4066   401870   432011     80283944980     80284376991        35431389      -2060     374104     430000          0     7    1400000  393794000  430000000  430000000
   7     4066   406923   427992     80284377001     80284804993        35863409      17733     374104     430000         59     7    1300000  393794000  430000000  430000000
   7     4066   378073   429968     80284805004     80285234972        36291413      48877     374104     430000         40     7    1300000  393794000  430000000  430000000
   7     4066   377857   429992     80285234980     80285664973        36721389      49131     374104     430000         41     7    1400000  393794000  430000000  430000000
   7     4066   395470   433749     80285664982     80286098731        37151390      -3800     374104     430000          0     7    1400000  393794000  430000000  430000000
   7     4066   377856   426232     80286098740     80286524972        37585148      45207     374104     430000         40     7    1400000  393794000  430000000  430000000
   7     4066   377883   430000     80286524981     80286954981        38011390      48978     374104     430000         49     7    1400000  393794000  430000000  430000000
   7     4066   377854   429994     80286954991     80287384985        38441399      49014     374104     430000         52     7    1400000  393794000  430000000  430000000
   7     4066   378066   429978     80287384994     80287814972        38871403      48711     374104     430000         41     7    1300000  393794000  430000000  430000000
   7     4066   377853   430006     80287814981     80288244987        39301390      48985     374104     430000         56     7    1400000  393794000  430000000  430000000
   7     4066   377887   430024     80288244996     80288675020        39731405      48889     374104     430000         87     7    1400000  393794000  430000000  430000000
   7     4066   378052   429941     80288675032     80289104972        40161440      48849     374104     430000         40     7    1300000  393794000  430000000  430000000
   7     4066   377869   429999     80289104981     80289534980        40591389      48960     374104     430000         48     7    1400000  393794000  430000000  430000000
   7     4066   377844   430006     80289534989     80289964995        41021398      49079     374104     430000         61     7    1400000  393794000  430000000  430000000
   7     4066   394431   430005     80289965006     80290395011        41451415        -80     374104     430000          0     7    1300000  393794000  430000000  430000000
   7     4066   406928   429960     80290395021     80290824981        41881429      19594     374104     430000         49     7    1300000  393794000  430000000  430000000
   7     4066   406951   430002     80290824990     80291254992        42311399      19717     374104     430000         60     7    1300000  393794000  430000000  430000000
   7     4066   378041   429931     80291255049     80291684980        42741458      48841     374104     430000         48     7    1300000  393794000  430000000  430000000
   7     4066   377861   429999     80291684989     80292114987        43171397      48810     374104     430000         55     7    1400000  393794000  430000000  430000000
   7     4066   377848   429996     80292114996     80292544992        43601404      49100     374104     430000         60     7    1400000  393794000  430000000  430000000
   7     4066   391697   429976     80292545004     80292974980        44031412      34730     374104     430000         48     7    1300000  393794000  430000000  430000000
   7     4066   406916   429992     80292974989     80293404981        44461398      19788     374104     430000         49     7    1300000  393794000  430000000  430000000
   7     4066   406958   430003     80293404990     80293834993        44891398      19358     374104     430000         61     7    1300000  393794000  430000000  430000000
   7     4066   378033   429978     80293835003     80294264981        45321411      49027     374104     430000         49     7    1300000  393794000  430000000  430000000
   7     4066   382358   429984     80294264989     80294694974        45751398      44324     374104     430000         42     7    1400000  393794000  430000000  430000000
   7     4066   389214   429999     80294694983     80295124982        46181391      37680     374104     430000         50     7    1300000  393794000  430000000  430000000
   7     4066   377878   429988     80295124991     80295554979        46611399      49093     374104     430000         47     7    1400000  393794000  430000000  430000000
   7     4066   377848   429998     80295554987     80295984985        47041396      49157     374104     430000         53     7    1400000  393794000  430000000  430000000
   7     4066   378061   429986     80295984996     80296414981        47471404      48695     374104     430000         49     7    1300000  393794000  430000000  430000000
   7     4066   377862   429982     80296414990     80296844973        47901399      48767     374104     430000         41     7    1400000  393794000  430000000  430000000
   7     4066   377878   430023     80296844981     80297275005        48331390      49012     374104     430000         70     7    1400000  393794000  430000000  430000000
   7     4066   378060   429958     80297275014     80297704973        48761423      48853     374104     430000         41     7    1300000  393794000  430000000  430000000
   7     4066   389708   429999     80297704981     80298134981        49191390      36752     374104     430000         47     7    1400000  393794000  430000000  430000000
   7     4066   406936   429998     80298134991     80298564989        49621400      19806     374104     430000         57     7    1300000  393794000  430000000  430000000
   7     4066   378072   429974     80298564999     80298994973        50051408      48278     374104     430000         41     7    1300000  393794000  430000000  430000000
   7     4066   406925   430020     80298994983     80299425003        50481391        -72     374104     430000          0     7    1300000  393794000  430000000  430000000
   7     4066   406954   429972     80299425012     80299854984        50911421      19673     374104     430000         52     7    1300000  393794000  430000000  430000000
   7     4066   378051   429978     80299854994     80300284972        51341402      48790     374104     430000         40     7    1300000  393794000  430000000  430000000
   7     4066   377862   429992     80300284980     80300714973        51771389      48736     374104     430000         41     7    1400000  393794000  430000000  430000000
   7     4066   377851   430006     80300714981     80301144987        52201390      49048     374104     430000         55     7    1400000  393794000  430000000  430000000
   7     4066   378065   429928     80301145045     80301574973        52631453      48469     374104     430000         41     7    1300000  393794000  430000000  430000000
   7     4066   406922   429991     80301574982     80302004973        53061390      19638     374104     430000         41     7    1300000  393794000  430000000  430000000
   7     4066   406933   430007     80302004982     80302434988        53491390      19434     374104     430000         56     7    1300000  393794000  430000000  430000000
   7     4066   378049   429973     80302434998     80302864972        53921407      48804     374104     430000         40     7    1300000  393794000  430000000  430000000
   7     4066   377862   429993     80302864981     80303294974        54351389      48836     374104     430000         42     7    1400000  393794000  430000000  430000000
   7     4066   377864   430000     80303294983     80303724982        54781391      48974     374104     430000         50     7    1400000  393794000  430000000  430000000
   7     4066   382836   429981     80303724994     80304154975        55211403      43819     374104     430000         43     7    1300000  393794000  430000000  430000000
   7     4066   406922   429988     80304154984     80304584973        55641393      19729     374104     430000         41     7    1300000  393794000  430000000  430000000
   7     4066   406941   430002     80304584982     80305014984        56071390      19416     374104     430000         52     7    1300000  393794000  430000000  430000000
   7     4066   378045   429989     80305014993     80305444982        56501402      48956     374104     430000         50     7    1300000  393794000  430000000  430000000
   7     4066   377855   429983     80305444991     80305874973        56931399      48917     374104     430000         41     7    1400000  393794000  430000000  430000000
   7     4066   377850   430003     80305874982     80306304985        57361391      49162     374104     430000         53     7    1400000  393794000  430000000  430000000
   7     4066   385577   429980     80306304997     80306734977        57791405      41026     374104     430000         45     7    1300000  393794000  430000000  430000000
   7     4066   406921   429987     80306734986     80307164973        58221395      19834     374104     430000         41     7    1300000  393794000  430000000  430000000
   7     4066   406924   430019     80307164982     80307595001        58651391      19502     374104     430000         65     7    1300000  393794000  430000000  430000000
   7     4066   377847   413569     80307611407     80308024976        59097816      32730     374104     430000         44     7    1400000  393794000  430000000  430000000
   7     4066   377857   429988     80308024985     80308454973        59511393      48772     374104     430000         41     7    1400000  393794000  430000000  430000000
   7     4066   393649   429995     80308454982     80308884977        59941391      32894     374104     430000         45     7    1300000  393794000  430000000  430000000
   7     4066   384116   429985     80308884987     80309314973        60371396      42585     374104     430000         41     7    1400000  393794000  430000000  430000000
   7     4066   406942   430001     80309314983     80309744984        60801391      19721     374104     430000         52     7    1300000  393794000  430000000  430000000
   7     4066   378061   429977     80309744995     80310174972        61231404      48653     374104     430000         40     7    1300000  393794000  430000000  430000000
   7     4066   377852   429992     80310174981     80310604973        61661389      49127     374104     430000         41     7    1400000  393794000  430000000  430000000
   7     4066   378044   429991     80310604982     80311034973        62091390      48622     374104     430000         41     7    1400000  393794000  430000000  430000000
   7     4066   389579   435218     80311034983     80311470200        62521391      -5270     374104     430000          0     7    1300000  393794000  430000000  430000000
   7     4066   377872   424725     80311470250     80311894974        62956658      12122     374104     430000         43     7    1400000  393794000  430000000  430000000
   7     4066   399668   429992     80311894983     80312324975        63381392       5566     374104     430000         43     7    1400000  393794000  430000000  430000000
   7     4066   406942   429994     80312324985     80312754979        63811393         54     374104     430000         47     7    1300000  393794000  430000000  430000000
   7     4066   406949   429993     80312754990     80313184983        64241398      14130     374104     430000         51     7    1300000  393794000  430000000  430000000
   7     4066   378054   429983     80313184993     80313614977        64671402      48813     374104     430000         45     7    1300000  393794000  430000000  430000000
   7     4066   388250   429987     80313614986     80314044973        65101394      38528     374104     430000         41     7    1400000  393794000  430000000  430000000
   7     4066   406937   430002     80314044982     80314474984        65531391      19570     374104     430000         52     7    1300000  393794000  430000000  430000000
   7     4066   378058   429977     80314474995     80314904972        65961404      48844     374104     430000         40     7    1300000  393794000  430000000  430000000
   7     4066   377855   430008     80314904981     80315334989        66391390      49118     374104     430000         57     7    1400000  393794000  430000000  430000000
   7     4066   396411   432677     80315334998     80315767675        66821407      -2744     374104     430000          0     7    1400000  393794000  430000000  430000000
   7     4066   377859   427292     80315767684     80316194976        67254093      46343     374104     430000         44     7    1400000  393794000  430000000  430000000
   7     4066   406923   430027     80316194986     80316625013        67681394        -82     374104     430000          0     7    1300000  393794000  430000000  430000000
   7     4066   406917   429987     80316625023     80317055010        68111432      19579     374104     430000         78     7    1300000  393794000  430000000  430000000
   7     4066   395691   431907     80317055021     80317486927        68541429      -1996     374104     430000          0     7    1300000  393794000  430000000  430000000
   7     4066   406921   428047     80317486937     80317914984        68973346      17570     374104     430000         52     7    1300000  393794000  430000000  430000000
   7     4066   401398   430014     80317914994     80318345007        69401402        -76     374104     430000          0     7    1300000  393794000  430000000  430000000
   7     4066   377860   429968     80318345016     80318774985        69831425      48827     374104     430000         53     7    1400000  393794000  430000000  430000000
   7     4066   406949   431213     80318774995     80319206208        70261403      -1277     374104     430000          0     7    1300000  393794000  430000000  430000000
   7     4066   406930   428766     80319206218     80319634984        70692626      18369     374104     430000         52     7    1300000  393794000  430000000  430000000
   7     4066   394918   431018     80319634996     80320066014        71121404      -1083     374104     430000          0     7    1300000  393794000  430000000  430000000
   7     4066   406932   428950     80320066024     80320494974        71552432      18585     374104     430000         42     7    1300000  393794000  430000000  430000000
   7     4066   401667   430026     80320494983     80320925008        71981391        -78     374104     430000          0     7    1300000  393794000  430000000  430000000
   7     4066   377851   429954     80320925018     80321354972        72411426      49050     374104     430000         40     7    1400000  393794000  430000000  430000000
   7     4066   377859   429958     80321355015     80321784974        72841424      48936     374104     430000         42     7    1400000  393794000  430000000  430000000
   7     4066   377852   430005     80321784983     80322214988        73271391      49029     374104     430000         56     7    1400000  393794000  430000000  430000000
   7     4066   378070   429975     80322214997     80322644972        73701406      48649     374104     430000         41     7    1300000  393794000  430000000  430000000
   7     4066   377848   429995     80322644981     80323074976        74131389      49099     374104     430000         44     7    1400000  393794000  430000000  430000000
   7     4066   377890   429999     80323074986     80323504985        74561395      49077     374104     430000         53     7    1400000  393794000  430000000  430000000
   7     4066   378061   429987     80323504994     80323934982        74991403      48572     374104     430000         50     7    1300000  393794000  430000000  430000000
   7     4066   377872   429982     80323934991     80324364973        75421399      48935     374104     430000         41     7    1400000  393794000  430000000  430000000
   7     4066   377855   430013     80324364982     80324794994        75851390      49173     374104     430000         62     7    1400000  393794000  430000000  430000000
   7     4066   378102   429967     80324795006     80325224973        76281415      48786     374104     430000         41     7    1300000  393794000  430000000  430000000
   7     4066   377850   430008     80325224982     80325654990        76711391      49216     374104     430000         58     7    1400000  393794000  430000000  430000000
   7     4066   377875   429987     80325654999     80326084986        77141407      49092     374104     430000         54     7    1400000  393794000  430000000  430000000
   7     4066   400394   434731     80326084995     80326519726        77571404      -4795     374104     430000          0     6    1400000  393794000  430000000  430000000
   7     4066   427136   464001     80326519736     80326983737        78006144     -38806     374104     430000          0     6    1300000  393794000  430000000  430000000
   7     4066   400755   427545     80326983747     80327411292        78470156     -36361     374104     430000          0     6    1200000  393794000  430000000  430000000
   7     4066   413027   449686     80327411301     80327860987        78897710     -56056     374104     430000          0     7    1400000  393794000  430000000  430000000
   7     4066   433116   467827     80327860997     80328328825        79347406     -93894     374104     430000          0     7    1200000  393794000  430000000  430000000
   7     4066   425744   462516     80328328834     80328791351        79815243    -126419     374104     430000          0     7    1300000  393794000  430000000  430000000
   7     4066   440868   479687     80328791361     80329271048        80277769    -176117     374104     430000          0     7    1200000  393794000  430000000  430000000
   7     4066   408185   440646     80329271058     80329711705        80757467    -186774     374104     430000          0     7    1200000  393794000  430000000  430000000
   7     4066   406942   445078     80329711714     80330156793        81198123    -201862     374104     430000          0     7    1300000  393794000  430000000  430000000
   7     4066   406954   443189     80330156802     80330599992        81643211    -215061     374104     430000          0     7    1300000  393794000  430000000  430000000
   7     4066   396003   434467     80330600001     80331034468        82086410    -219537     374104     430000          0     7    1300000  393794000  430000000  430000000
   7     4066   377870   410118     80331034477     80331444595        82520885    -199664     374104     430000          0     7    1400000  393794000  430000000  430000000
   7     4066   377877   415980     80331444604     80331860584        82931012    -185653     374104     430000          0     7    1400000  393794000  430000000  430000000
   7     4066   377877   414220     80331860624     80332274843        83347032    -169912     374104     430000          0     7    1400000  393794000  430000000  430000000
   7     4066   377864   412011     80332274852     80332686863        83761261    -151932     374104     430000          0     7    1400000  393794000  430000000  430000000
   7     4066   377882   414218     80332686872     80333101090        84173281    -136160     374104     430000          0     7    1400000  393794000  430000000  430000000
   7     4066   377884   416089     80333101099     80333517188        84587508    -122257     374104     430000          0     7    1400000  393794000  430000000  430000000
   7     4066   377879   414278     80333517197     80333931475        85003605    -106544     374104     430000          0     7    1400000  393794000  430000000  430000000
   7     4066   377875   412028     80333931484     80334343512        85417893     -88581     374104     430000          0     7    1400000  393794000  430000000  430000000
   7     4066   377908   414181     80334343521     80334757703        85829930     -72772     374104     430000          0     7    1400000  393794000  430000000  430000000
   7     4066   377872   415994     80334757712     80335173705        86244120     -58775     374104     430000          0     7    1400000  393794000  430000000  430000000
   7     4066   377876   414267     80335173714     80335587981        86660123     -43050     374104     430000          0     7    1400000  393794000  430000000  430000000
   7     4066   377879   412137     80335587990     80336000127        87074399     -25196     374104     430000          0     7    1400000  393794000  430000000  430000000
   7     4066   394163   430750     80336000136     80336430887        87486545     -25956     374104     430000          0     7    1400000  393794000  430000000  430000000
   7     4066   391230   425408     80336430896     80336856304        87917304     -21373     374104     430000          0     7    1300000  393794000  430000000  430000000
   7     4066   377890   414539     80336856313     80337270852        88342722      -5921     374104     430000          0     7    1400000  393794000  430000000  430000000
   7     4066   377834   424123     80337270861     80337694984        88757270      43319     374104     430000         52     7    1400000  393794000  430000000  430000000
   7     4066   378048   429976     80337694996     80338124972        89181404      48645     374104     430000         40     7    1300000  393794000  430000000  430000000
   7     4066   377873   430003     80338124981     80338554983        89611389      49022     374104     430000         51     7    1400000  393794000  430000000  430000000
   7     4066   377869   429982     80338554993     80338984974        90041401      48684     374104     430000         43     7    1400000  393794000  430000000  430000000
   7     4066   377847   429989     80338984984     80339414972        90471392      49143     374104     430000         40     7    1400000  393794000  430000000  430000000
   7     4066   377867   429991     80339414981     80339844972        90901390      48754     374104     430000         40     7    1400000  393794000  430000000  430000000
