#idx     perf      run   period           start             end          rel_st      slack c_duration   c_period     wu_lat   cpu       freq dl_runtime  dl_period dl_deadline
   2      840    78178   279875     14012622554     14012902429          825613      84899      77363     290000      53035     6    1400000   81435000  290000000  290000000
   2      840    78177   279960     14012902438     14013182398         1105497      94982      77363     290000      43004     6    1400000   81435000  290000000  290000000
   2      840    78174   280010     14013182407     14013462416         1385466     105134      77363     290000      33022     6    1400000   81435000  290000000  290000000
   2      840    78176   279861     14013462425     14013742286         1665484     114993      77363     290000      22892     6    1400000   81435000  290000000  290000000
   2      840    78176   280131     14013742295     14014022426         1945354     125201      77363     290000      13032     6    1400000   81435000  290000000  290000000
   2      840    78178   279977     14014022434     14014302411         2225494     135023      77363     290000       3018     6    1400000   81435000  290000000  290000000
   2      840    78177   287015     14014302420     14014589436         2505479     145063      77363     290000         42     6    1400000   81435000  290000000  290000000
   2      840    78165   289983     14014589444     14014879427         2792504     148149      77363     290000         33     6    1400000   81435000  290000000  290000000
   2      840    78181   289998     14014879436     14015169434         3082495     147984      77363     290000         40     6    1400000   81435000  290000000  290000000
   2      840    78168   289991     14015169444     14015459435         3372503     148080      77363     290000         41     6    1400000   81435000  290000000  290000000
   2      840    78174   289991     14015459444     14015749435         3662504     147965      77363     290000         41     6    1400000   81435000  290000000  290000000
   2      840    78166   289997     14015749444     14016039442         3952503     148041      77363     290000         48     6    1400000   81435000  290000000  290000000
   2      840    78179   289984     14016039451     14016329435         4242510     148026      77363     290000         41     6    1400000   81435000  290000000  290000000
   2      840    78173   352889     14016329444     14016682333         4532503     148068      77363     290000      62939     6    1400000   81435000  290000000  290000000
   2      840    78167   280049     14016682342     14016962391         4885401      84947      77363     290000      52997     6    1400000   81435000  290000000  290000000
   2      840    78182   279907     14016962400     14017242307         5165459      95080      77363     290000      42913     6    1400000   81435000  290000000  290000000
   2      840    78157   280060     14017242316     14017522376         5445375     105393      77363     290000      32982     6    1400000   81435000  290000000  290000000
   2      840    78174   280051     14017522385     14017802435         5725444     115019      77363     290000      23041     6    1400000   81435000  290000000  290000000
   2      840    78153   279955     14017802444     14018082399         6005503     125207      77363     290000      13005     6    1400000   81435000  290000000  290000000
   2      840    78180   280025     14018082408     14018362432         6285467     135062      77363     290000       3038     6    1400000   81435000  290000000  290000000
   2      840    78169   287002     14018362442     14018649443         6565501     145125      77363     290000         49     6    1400000   81435000  290000000  290000000
   2      840    78167   289989     14018649452     14018939442         6852511     148118      77363     290000         47     6    1400000   81435000  290000000  290000000
   2      840    78180   289985     14018939451     14019229435         7142510     148010      77363     290000         41     6    1400000   81435000  290000000  290000000
   2      840    78172   289960     14019229481     14019519442         7432540     148037      77363     290000         47     6    1400000   81435000  290000000  290000000
   2      840    78171   289985     14019519451     14019809436         7722510     147953      77363     290000         42     6    1400000   81435000  290000000  290000000
   2      840    78165   289996     14019809445     14020099441         8012504     148099      77363     290000         47     6    1400000   81435000  290000000  290000000
   2      840    78182   289987     14020099450     14020389437         8302509     147928      77363     290000         43     6    1400000   81435000  290000000  290000000
   2      840    78176   352925     14020389446     14020742371         8592505     148005      77363     290000      62977     6    1400000   81435000  290000000  290000000
   2      840    78160   280133     14020742380     14021022513         8945439      85256      77363     290000      53119     6    1400000   81435000  290000000  290000000
   2      840    78164   279929     14021022522     14021302451         9225581      94818      77363     290000      43057     6    1400000   81435000  290000000  290000000
   2      840    78170   279959     14021302460     14021582419         9505519     105104      77363     290000      33025     6    1400000   81435000  290000000  290000000
   2      840    78174   279986     14021582428     14021862413         9785487     115030      77363     290000      23020     6    1400000   81435000  290000000  290000000
   2      840    78177   279880     14021862422     14022142302        10065481     125125      77363     290000      12908     6    1400000   81435000  290000000  290000000
   2      840    78171   280184     14022142311     14022422495        10345370     135218      77363     290000       3101     6    1400000   81435000  290000000  290000000
   2      840    78172   286931     14022422505     14022709436        10625564     144948      77363     290000         42     6    1400000   81435000  290000000  290000000
   2      840    78173   289981     14022709446     14022999426        10912505     148109      77363     290000         32     6    1400000   81435000  290000000  290000000
   2      840    78169   290007     14022999435     14023289442        11202494     148018      77363     290000         48     6    1400000   81435000  290000000  290000000
   2      840    78169   289983     14023289451     14023579435        11492511     148108      77363     290000         41     6    1400000   81435000  290000000  290000000
   2      840    78177   289991     14023579444     14023869435        11782503     148028      77363     290000         40     6    1400000   81435000  290000000  290000000
   2      840    78177   289991     14023869444     14024159435        12072503     148034      77363     290000         41     6    1400000   81435000  290000000  290000000
   2      840    78172   289998     14024159443     14024449442        12362503     148100      77363     290000         47     6    1400000   81435000  290000000  290000000
   2      840    78183   352952     14024449451     14024802403        12652510     147918      77363     290000      63009     6    1400000   81435000  290000000  290000000
   2      840    78178   280004     14024802412     14025082416        13005471      85136      77363     290000      53022     6    1400000   81435000  290000000  290000000
   2      840    78176   280009     14025082425     14025362434        13285484      95034      77363     290000      43040     6    1400000   81435000  290000000  290000000
   2      840    78160   279836     14025362443     14025642279        13565502     105269      77363     290000      32885     6    1400000   81435000  290000000  290000000
   2      840    78181   280145     14025642287     14025922432        13845347     115037      77363     290000      23038     6    1400000   81435000  290000000  290000000
   2      840    78176   279939     14025922441     14026202380        14125500     125059      77363     290000      12986     6    1400000   81435000  290000000  290000000
   2      840    78173   280020     14026202422     14026482443        14405481     135150      77363     290000       3049     6    1400000   81435000  290000000  290000000
   2      840    78177   286991     14026482452     14026769443        14685511     145059      77363     290000         49     6    1400000   81435000  290000000  290000000
   2      840    78159   289985     14026769452     14027059436        14972511     148196      77363     290000         42     6    1400000   81435000  290000000  290000000
   2      840    78183   289998     14027059445     14027349443        15262505     148011      77363     290000         49     6    1400000   81435000  290000000  290000000
   2      840    78174   289994     14027349452     14027639446        15552511     148065      77363     290000         52     6    1400000   81435000  290000000  290000000
   2      840    78177   289971     14027639455     14027929426        15842514     147943      77363     290000         32     6    1400000   81435000  290000000  290000000
   2      840    78170   289991     14027929434     14028219426        16132494     148150      77363     290000         31     6    1400000   81435000  290000000  290000000
   2      840    78173   289992     14028219435     14028509427        16422494     148063      77363     290000         33     6    1400000   81435000  290000000  290000000
   2      840    78166   352957     14028509436     14028862393        16712495     148112      77363     290000      62999     6    1400000   81435000  290000000  290000000
   2      840    78210   279906     14028862402     14029142309        17065462      85065      77363     290000      52915     6    1400000   81435000  290000000  290000000
   2      840    78178   280113     14029142318     14029422430        17345377      95155      77363     290000      43036     6    1400000   81435000  290000000  290000000
   2      840    78176   280368     14029422439     14029702807        17625498     105069      77363     290000      33413     6    1400000   81435000  290000000  290000000
   2      840    78177   279619     14029702819     14029982438        17905878     114599      77363     290000      23044     6    1400000   81435000  290000000  290000000
   2      840    78177   279997     14029982447     14030262444        18185506     125049      77363     290000      13050     6    1400000   81435000  290000000  290000000
   2      840    78159   279984     14030262454     14030542438        18465513     135198      77363     290000       3044     6    1400000   81435000  290000000  290000000
   2      840    78179   286996     14030542447     14030829443        18745506     145035      77363     290000         49     6    1400000   81435000  290000000  290000000
   2      840    78178   289982     14030829453     14031119435        19032512     148011      77363     290000         41     6    1400000   81435000  290000000  290000000
   2      840    78179   289999     14031119444     14031409443        19322503     147978      77363     290000         49     6    1400000   81435000  290000000  290000000
   2      840    78175   289982     14031409452     14031699435        19612511     148064      77363     290000         41     6    1400000   81435000  290000000  290000000
   2      840    78168   289991     14031699443     14031989435        19902503     148096      77363     290000         41     6    1400000   81435000  290000000  290000000
   2      840    78175   289991     14031989444     14032279435        20192503     147974      77363     290000         41     6    1400000   81435000  290000000  290000000
   2      840    78174   289998     14032279444     14032569443        20482503     148052      77363     290000         49     6    1400000   81435000  290000000  290000000
   2      840    78174   353009     14032569452     14032922460        20772511     148040      77363     290000      63066     6    1400000   81435000  290000000  290000000
   2      840    78165   279873     14032922504     14033202377        21125563      85099      77363     290000      52983     6    1400000   81435000  290000000  290000000
   2      840    78175   280097     14033202386     14033482483        21405445      95131      77363     290000      43090     6    1400000   81435000  290000000  290000000
   2      840    78172   279930     14033482492     14033762422        21685551     104909      77363     290000      33028     6    1400000   81435000  290000000  290000000
   2      840    78168   279964     14033762431     14034042396        21965490     115107      77363     290000      23002     6    1400000   81435000  290000000  290000000
   2      840    78172   280069     14034042404     14034322474        22245464     125075      77363     290000      13080     6    1400000   81435000  290000000  290000000
   2      840    78176   279905     14034322483     14034602388        22525542     134883      77363     290000       2994     6    1400000   81435000  290000000  290000000
   2      840    78182   287030     14034602397     14034889426        22805456     145026      77363     290000         32     6    1400000   81435000  290000000  290000000
   2      840    78170   290010     14034889435     14035179445        23092495     148039      77363     290000         50     6    1400000   81435000  290000000  290000000
   2      840    78173   289971     14035179454     14035469425        23382513     148096      77363     290000         31     6    1400000   81435000  290000000  290000000
   2      840    78175   290001     14035469434     14035759435        23672493     147944      77363     290000         41     6    1400000   81435000  290000000  290000000
   2      840    78179   289997     14035759444     14036049442        23962503     147973      77363     290000         47     6    1400000   81435000  290000000  290000000
   2      840    78167   289986     14036049451     14036339436        24252510     148114      77363     290000         42     6    1400000   81435000  290000000  290000000
   2      840    78172   289990     14036339445     14036629435        24542505     147894      77363     290000         41     6    1400000   81435000  290000000  290000000
   2      840    78173   352949     14036629444     14036982393        24832503     148097      77363     290000      63000     6    1400000   81435000  290000000  290000000
   2      840    78177   279869     14036982402     14037262272        25185461      85095      77363     290000      52878     6    1400000   81435000  290000000  290000000
   2      840    78159   280119     14037262281     14037542399        25465340      95394      77363     290000      43005     6    1400000   81435000  290000000  290000000
   2      840    78186   280010     14037542408     14037822418        25745467     104956      77363     290000      33024     6    1400000   81435000  290000000  290000000
   2      840    78169   279964     14037822427     14038102391        26025486     115060      77363     290000      22997     6    1400000   81435000  290000000  290000000
   2      840    78174   280086     14038102400     14038382486        26305459     125053      77363     290000      13092     6    1400000   81435000  290000000  290000000
   2      840    78178   279787     14038382495     14038662282        26585554     134877      77363     290000       2888     6    1400000   81435000  290000000  290000000
   2      840    78156   287136     14038662291     14038949427        26865350     145406      77363     290000         33     6    1400000   81435000  290000000  290000000
   2      840    78174   289999     14038949436     14039239435        27152495     148039      77363     290000         41     6    1400000   81435000  290000000  290000000
   2      840    78171   289981     14039239444     14039529425        27442503     147993      77363     290000         31     6    1400000   81435000  290000000  290000000
   2      840    78174   290001     14039529434     14039819435        27732493     148036      77363     290000         41     6    1400000   81435000  290000000  290000000
   2      840    78179   289959     14039819477     14040109436        28022537     148082      77363     290000         42     6    1400000   81435000  290000000  290000000
   2      840    78175   289980     14040109445     14040399425        28312504     148004      77363     290000         31     6    1400000   81435000  290000000  290000000
   2      840    78176   290001     14040399434     14040689435        28602493     147910      77363     290000         41     6    1400000   81435000  290000000  290000000
   2      840    78165   352958     14040689444     14041042401        28892503     148178      77363     290000      63008     6    1400000   81435000  290000000  290000000
   2      840    78184   279972     14041042410     14041322382        29245470      84973      77363     290000      52988     6    1400000   81435000  290000000  290000000
   2      840    78174   280010     14041322391     14041602401        29525450      95046      77363     290000      43007     6    1400000   81435000  290000000  290000000
   2      840    78178   280013     14041602410     14041882423        29805469     105037      77363     290000      33029     6    1400000   81435000  290000000  290000000
   2      840    78178   279989     14041882432     14042162421        30085491     115080      77363     290000      23027     6    1400000   81435000  290000000  290000000
   2      840    78161   279993     14042162430     14042442423        30365489     125218      77363     290000      13029     6    1400000   81435000  290000000  290000000
   2      840    78179   279872     14042442432     14042722304        30645491     135028      77363     290000       2910     6    1400000   81435000  290000000  290000000
   2      840    78169   287114     14042722313     14043009427        30925372     145232      77363     290000         32     6    1400000   81435000  290000000  290000000
   2      840    78170   289990     14043009436     14043299426        31212495     148053      77363     290000         32     6    1400000   81435000  290000000  290000000
   2      840    78170   290007     14043299435     14043589441        31502494     148046      77363     290000         47     6    1400000   81435000  290000000  290000000
   2      840    78172   289993     14043589450     14043879443        31792509     148070      77363     290000         48     6    1400000   81435000  290000000  290000000
   2      840    78180   289983     14043879452     14044169435        32082511     147953      77363     290000         41     6    1400000   81435000  290000000  290000000
   2      840    78172   289991     14044169444     14044459434        32372503     148013      77363     290000         40     6    1400000   81435000  290000000  290000000
   2      840    78178   289991     14044459444     14044749435        32662503     147983      77363     290000         40     6    1400000   81435000  290000000  290000000
   2      840    78162   352973     14044749444     14045102417        32952503     148198      77363     290000      63023     6    1400000   81435000  290000000  290000000
   2      840    78175   279987     14045102426     14045382413        33305485      85036      77363     290000      53019     6    1400000   81435000  290000000  290000000
   2      840    78175   279970     14045382422     14045662392        33585481      94998      77363     290000      42998     6    1400000   81435000  290000000  290000000
   2      840    78174   280013     14045662401     14045942414        33865460     104998      77363     290000      33020     6    1400000   81435000  290000000  290000000
   2      840    78179   279978     14045942423     14046222400        34145482     115028      77363     290000      23006     6    1400000   81435000  290000000  290000000
   2      840    78175   279991     14046222409     14046502400        34425468     125125      77363     290000      13006     6    1400000   81435000  290000000  290000000
   2      840    78174   279977     14046502442     14046782418        34705501     135030      77363     290000       3025     6    1400000   81435000  290000000  290000000
   2      840    78173   287028     14046782427     14047069455        34985487     145155      77363     290000         61     6    1400000   81435000  290000000  290000000
   2      840    78179   289961     14047069464     14047359425        35272523     148053      77363     290000         31     6    1400000   81435000  290000000  290000000
   2      840    78174   289991     14047359434     14047649426        35562494     147977      77363     290000         32     6    1400000   81435000  290000000  290000000
   2      840    78164   289992     14047649435     14047939427        35852494     148014      77363     290000         32     6    1400000   81435000  290000000  290000000
   2      840    78169   290006     14047939436     14048229441        36142495     147834      77363     290000         47     6    1400000   81435000  290000000  290000000
   2      840    78166   289975     14048229450     14048519425        36432509     148172      77363     290000         31     6    1400000   81435000  290000000  290000000
   2      840    78176   290007     14048519434     14048809442        36722493     147971      77363     290000         47     6    1400000   81435000  290000000  290000000
   2      840    78170   352925     14048809451     14049162376        37012510     148112      77363     290000      62982     6    1400000   81435000  290000000  290000000
   2      840    78177   279985     14049162385     14049442370        37365444      85036      77363     290000      52976     6    1400000   81435000  290000000  290000000
   2      840    78186   279995     14049442379     14049722374        37645438      94971      77363     290000      42980     6    1400000   81435000  290000000  290000000
   2      840    78174   280049     14049722383     14050002432        37925442     105094      77363     290000      33039     6    1400000   81435000  290000000  290000000
   2      840    78179   279927     14050002441     14050282369        38205501     114989      77363     290000      22975     6    1400000   81435000  290000000  290000000
   2      840    78160   280068     14050282377     14050562446        38485437     125276      77363     290000      13052     6    1400000   81435000  290000000  290000000
   2      840    78171   279974     14050562455     14050842429        38765514     135032      77363     290000       3035     6    1400000   81435000  290000000  290000000
   2      840    78174   287006     14050842437     14051129443        39045497     144917      77363     290000         49     6    1400000   81435000  290000000  290000000
   2      840    78168   289983     14051129452     14051419435        39332511     147985      77363     290000         41     6    1400000   81435000  290000000  290000000
   2      840    78172   289990     14051419444     14051709434        39622503     147967      77363     290000         40     6    1400000   81435000  290000000  290000000
   2      840    78159   289984     14051709443     14051999427        39912502     148306      77363     290000         33     6    1400000   81435000  290000000  290000000
   2      840    78175   289999     14051999437     14052289435        40202496     147954      77363     290000         41     6    1400000   81435000  290000000  290000000
   2      840    78153   289997     14052289444     14052579441        40492503     148159      77363     290000         47     6    1400000   81435000  290000000  290000000
   2      840    78176   289986     14052579450     14052869436        40782509     147982      77363     290000         42     6    1400000   81435000  290000000  290000000
   2      840    78165   352969     14052869445     14053222415        41072505     147917      77363     290000      63021     6    1400000   81435000  290000000  290000000
   2      840    78180   280016     14053222424     14053502440        41425483      85041      77363     290000      53046     6    1400000   81435000  290000000  290000000
   2      840    78172   279905     14053502481     14053782386        41705540      94999      77363     290000      42992     6    1400000   81435000  290000000  290000000
   2      840    78173   280027     14053782394     14054062422        41985453     105099      77363     290000      33028     6    1400000   81435000  290000000  290000000
   2      840    78176   280014     14054062430     14054342445        42265490     115069      77363     290000      23051     6    1400000   81435000  290000000  290000000
   2      840    78179   279851     14054342454     14054622305        42545513     124937      77363     290000      12911     6    1400000   81435000  290000000  290000000
   2      840    78167   280096     14054622314     14054902409        42825373     135230      77363     290000       3015     6    1400000   81435000  290000000  290000000
   2      840    78176   287025     14054902418     14055189443        43105477     145029      77363     290000         49     6    1400000   81435000  290000000  290000000
   2      840    78169   289984     14055189452     14055479437        43392511     148126      77363     290000         42     6    1400000   81435000  290000000  290000000
   2      840    78174   289997     14055479445     14055769442        43682504     148056      77363     290000         48     6    1400000   81435000  290000000  290000000
   2      840    78173   289985     14055769451     14056059436        43972510     148106      77363     290000         42     6    1400000   81435000  290000000  290000000
   2      840    78185   289997     14056059445     14056349442        44262504     147940      77363     290000         48     6    1400000   81435000  290000000  290000000
   2      840    78167   289984     14056349451     14056639435        44552510     148095      77363     290000         41     6    1400000   81435000  290000000  290000000
   2      840    78169   289991     14056639444     14056929435        44842503     148207      77363     290000         41     6    1400000   81435000  290000000  290000000
   2      840    78178   352911     14056929444     14057282355        45132503     147972      77363     290000      62961     6    1400000   81435000  290000000  290000000
   2      840    78174   280127     14057282364     14057562491        45485423      85162      77363     290000      53097     6    1400000   81435000  290000000  290000000
   2      840    78173   279915     14057562500     14057842416        45765559      94982      77363     290000      43022     6    1400000   81435000  290000000  290000000
   2      840    78159   279983     14057842425     14058122408        46045484     105264      77363     290000      33014     6    1400000   81435000  290000000  290000000
   2      840    78176   280001     14058122417     14058402418        46325476     115045      77363     290000      23024     6    1400000   81435000  290000000  290000000
   2      840    78174   280069     14058402427     14058682496        46605486     125001      77363     290000      13102     6    1400000   81435000  290000000  290000000
   2      840    78174   279764     14058682505     14058962268        46885564     134975      77363     290000       2874     6    1400000   81435000  290000000  290000000
   2      840    78177   287159     14058962277     14059249436        47165336     145227      77363     290000         42     6    1400000   81435000  290000000  290000000
   2      840    78170   289980     14059249445     14059539425        47452505     148066      77363     290000         31     6    1400000   81435000  290000000  290000000
   2      840    78180   290002     14059539434     14059829436        47742493     148002      77363     290000         42     6    1400000   81435000  290000000  290000000
   2      840    78163   289989     14059829446     14060119435        48032505     148121      77363     290000         41     6    1400000   81435000  290000000  290000000
   2      840    78176   289947     14060119481     14060409427        48322540     148001      77363     290000         33     6    1400000   81435000  290000000  290000000
   2      840    78174   289999     14060409437     14060699436        48612496     148008      77363     290000         42     6    1400000   81435000  290000000  290000000
   2      840    78171   289981     14060699446     14060989426        48902505     148113      77363     290000         32     6    1400000   81435000  290000000  290000000
   2      840    78168   352830     14060989436     14061342266        49192495     148113      77363     290000      62872     6    1400000   81435000  290000000  290000000
   2      840    78169   280130     14061342275     14061622405        49545334      85242      77363     290000      53011     6    1400000   81435000  290000000  290000000
   2      840    78175   280009     14061622414     14061902422        49825473      95057      77363     290000      43028     6    1400000   81435000  290000000  290000000
   2      840    78178   279953     14061902431     14062182384        50105490     105033      77363     290000      32990     6    1400000   81435000  290000000  290000000
   2      840    78175   279968     14062182393     14062462361        50385452     115100      77363     290000      22967     6    1400000   81435000  290000000  290000000
   2      840    78186   280036     14062462370     14062742406        50665429     124930      77363     290000      13012     6    1400000   81435000  290000000  290000000
   2      840    78173   280025     14062742415     14063022440        50945474     135163      77363     290000       3046     6    1400000   81435000  290000000  290000000
   2      840    78179   286994     14063022449     14063309443        51225508     144999      77363     290000         49     6    1400000   81435000  290000000  290000000
   2      840    78179   289982     14063309452     14063599434        51512511     148069      77363     290000         40     6    1400000   81435000  290000000  290000000
   2      840    78176   290000     14063599443     14063889443        51802502     147997      77363     290000         49     6    1400000   81435000  290000000  290000000
   2      840    78177   289983     14063889452     14064179435        52092512     148010      77363     290000         41     6    1400000   81435000  290000000  290000000
   2      840    78163   289991     14064179444     14064469435        52382503     148194      77363     290000         41     6    1400000   81435000  290000000  290000000
   2      840    78170   289991     14064469444     14064759435        52672503     148021      77363     290000         41     6    1400000   81435000  290000000  290000000
   2      840    78161   289993     14064759444     14065049437        52962503     148257      77363     290000         43     6    1400000   81435000  290000000  290000000
   2      840    78173   353054     14065049446     14065402500        53252505     148020      77363     290000      63106     6    1400000   81435000  290000000  290000000
   2      840    78160   279893     14065402509     14065682402        53605568      85059      77363     290000      53008     6    1400000   81435000  290000000  290000000
   2      840    78179   280058     14065682410     14065962468        53885470      95035      77363     290000      43075     6    1400000   81435000  290000000  290000000
   2      840    78175   279903     14065962477     14066242381        54165537     105069      77363     290000      32987     6    1400000   81435000  290000000  290000000
   2      840    78173   280006     14066242390     14066522396        54445449     115271      77363     290000      23002     6    1400000   81435000  290000000  290000000
   2      840    78177   280070     14066522405     14066802475        54725464     125019      77363     290000      13081     6    1400000   81435000  290000000  290000000
   2      840    78173   279900     14066802484     14067082384        55005543     135078      77363     290000       2990     6    1400000   81435000  290000000  290000000
   2      840    78175   286999     14067082429     14067369427        55285488     145091      77363     290000         33     6    1400000   81435000  290000000  290000000
   2      840    78176   289998     14067369436     14067659435        55572495     148115      77363     290000         41     6    1400000   81435000  290000000  290000000
   2      840    78178   290001     14067659443     14067949444        55862503     148043      77363     290000         50     6    1400000   81435000  290000000  290000000
   2      840    78171   289982     14067949453     14068239435        56152512     148050      77363     290000         41     6    1400000   81435000  290000000  290000000
   2      840    78169   289998     14068239444     14068529442        56442503     148050      77363     290000         48     6    1400000   81435000  290000000  290000000
   2      840    78169   289984     14068529451     14068819435        56732510     148028      77363     290000         41     6    1400000   81435000  290000000  290000000
   2      840    78168   289998     14068819444     14069109442        57022503     147986      77363     290000         48     6    1400000   81435000  290000000  290000000
   2      840    78172   352961     14069109451     14069462412        57312510     148072      77363     290000      63018     6    1400000   81435000  290000000  290000000
   2      840    78179   279921     14069462421     14069742342        57665480      85108      77363     290000      52949     6    1400000   81435000  290000000  290000000
   2      840    78165   280192     14069742351     14070022543        57945411      95035      77363     290000      43149     6    1400000   81435000  290000000  290000000
   2      840    78172   279912     14070022552     14070302464        58225611     104939      77363     290000      33070     6    1400000   81435000  290000000  290000000
   2      840    78164   279952     14070302473     14070582425        58505532     114957      77363     290000      23031     6    1400000   81435000  290000000  290000000
   2      840    78175   279912     14070582434     14070862346        58785494     125008      77363     290000      12952     6    1400000   81435000  290000000  290000000
   2      840    78177   280030     14070862355     14071142385        59065414     135029      77363     290000       2991     6    1400000   81435000  290000000  290000000
   2      840    78172   287033     14071142393     14071429426        59345453     145122      77363     290000         32     6    1400000   81435000  290000000  290000000
   2      840    78173   290006     14071429436     14071719441        59632495     148038      77363     290000         47     6    1400000   81435000  290000000  290000000
   2      840    78164   289984     14071719450     14072009435        59922510     148105      77363     290000         41     6    1400000   81435000  290000000  290000000
   2      840    78174   289999     14072009444     14072299444        60212503     148018      77363     290000         49     6    1400000   81435000  290000000  290000000
   2      840    78176   289980     14072299453     14072589433        60502512     148005      77363     290000         36     6    1400000   81435000  290000000  290000000
   2      840    78172   289998     14072589442     14072879441        60792502     148007      77363     290000         47     6    1400000   81435000  290000000  290000000
   2      840    78177   289985     14072879450     14073169435        61082509     148001      77363     290000         41     6    1400000   81435000  290000000  290000000
   2      840    78171   352953     14073169444     14073522397        61372503     148257      77363     290000      63003     6    1400000   81435000  290000000  290000000
   2      840    78173   279974     14073522406     14073802380        61725465      84975      77363     290000      52986     6    1400000   81435000  290000000  290000000
   2      840    78172   279963     14073802422     14074082385        62005481      95162      77363     290000      42991     6    1400000   81435000  290000000  290000000
   2      840    78178   280067     14074082394     14074362461        62285453     105077      77363     290000      33067     6    1400000   81435000  290000000  290000000
   2      840    78167   280031     14074362470     14074642501        62565529     115148      77363     290000      23107     6    1400000   81435000  290000000  290000000
   2      840    78178   279890     14074642510     14074922400        62845569     124952      77363     290000      13006     6    1400000   81435000  290000000  290000000
   2      840    78180   279911     14074922409     14075202319        63125468     134971      77363     290000       2926     6    1400000   81435000  290000000  290000000
   2      840    78172   287101     14075202328     14075489429        63405388     145193      77363     290000         35     6    1400000   81435000  290000000  290000000
   2      840    78165   290004     14075489438     14075779442        63692497     147951      77363     290000         48     6    1400000   81435000  290000000  290000000
   2      840    78169   289985     14075779451     14076069436        63982510     148077      77363     290000         42     6    1400000   81435000  290000000  290000000
   2      840    78171   289990     14076069445     14076359435        64272504     148075      77363     290000         41     6    1400000   81435000  290000000  290000000
   2      840    78176   289998     14076359444     14076649442        64562503     148015      77363     290000         47     6    1400000   81435000  290000000  290000000
   2      840    78174   289984     14076649451     14076939435        64852510     148171      77363     290000         41     6    1400000   81435000  290000000  290000000
   2      840    78174   289990     14076939444     14077229434        65142503     148004      77363     290000         40     6    1400000   81435000  290000000  290000000
   2      840    78397   353030     14077229444     14077582474        65432503     147442      77363     290000      63080     6    1400000   81435000  290000000  290000000
   2      840    78183   279927     14077582483     14077862411        65785543      84922      77363     290000      53017     6    1400000   81435000  290000000  290000000
   2      840    78159   279978     14077862419     14078142397        66065479      95246      77363     290000      43003     6    1400000   81435000  290000000  290000000
   2      840    78177   280072     14078142406     14078422478        66345465     105046      77363     290000      33084     6    1400000   81435000  290000000  290000000
   2      840    78177   279984     14078422487     14078702472        66625547     114937      77363     290000      23076     6    1400000   81435000  290000000  290000000
   2      840    78182   279936     14078702483     14078982418        66905542     124792      77363     290000      13025     6    1400000   81435000  290000000  290000000
   2      840    78175   280006     14078982427     14079262434        67185487     135068      77363     290000       3040     6    1400000   81435000  290000000  290000000
   2      840    78433   287001     14079262443     14079549443        67465502     144519      77363     290000         49     6    1400000   81435000  290000000  290000000
   2      840    78172   289974     14079549453     14079839427        67752512     147874      77363     290000         33     6    1400000   81435000  290000000  290000000
   2      840    78176   289998     14079839437     14080129435        68042496     148084      77363     290000         41     6    1400000   81435000  290000000  290000000
   2      840    78172   289999     14080129444     14080419443        68332503     148017      77363     290000         48     6    1400000   81435000  290000000  290000000
   2      840    78181   289989     14080419452     14080709442        68622512     147915      77363     290000         48     6    1400000   81435000  290000000  290000000
   2      840    78171   289940     14080709495     14080999435        68912554     148054      77363     290000         41     6    1400000   81435000  290000000  290000000
   2      840    78182   289991     14080999444     14081289435        69202503     147878      77363     290000         41     6    1400000   81435000  290000000  290000000
   2      840    78170   352996     14081289445     14081642440        69492504     148123      77363     290000      63047     6    1400000   81435000  290000000  290000000
   2      840    78176   279955     14081642449     14081922404        69845508      84904      77363     290000      53010     6    1400000   81435000  290000000  290000000
   2      840    78177   280056     14081922413     14082202469        70125472      95054      77363     290000      43075     6    1400000   81435000  290000000  290000000
   2      840    78176   279930     14082202478     14082482408        70405537     105030      77363     290000      33015     6    1400000   81435000  290000000  290000000
   2      840    78179   279867     14082482417     14082762285        70685476     114933      77363     290000      22891     6    1400000   81435000  290000000  290000000
   2      840    78171   280157     14082762294     14083042450        70965353     125075      77363     290000      13057     6    1400000   81435000  290000000  290000000
   2      840    78175   279970     14083042459     14083322429        71245518     135001      77363     290000       3035     6    1400000   81435000  290000000  290000000
   2      840    78169   286998     14083322438     14083609436        71525497     145118      77363     290000         42     6    1400000   81435000  290000000  290000000
   2      840    78170   289996     14083609445     14083899441        71812504     148055      77363     290000         47     6    1400000   81435000  290000000  290000000
   2      840    78174   289985     14083899450     14084189435        72102509     147985      77363     290000         41     6    1400000   81435000  290000000  290000000
   2      840    78173   289982     14084189444     14084479426        72392503     148015      77363     290000         32     6    1400000   81435000  290000000  290000000
   2      840    78176   289999     14084479435     14084769435        72682494     147993      77363     290000         41     6    1400000   81435000  290000000  290000000
   2      840    78156   289992     14084769444     14085059436        72972503     148305      77363     290000         42     6    1400000   81435000  290000000  290000000
   2      840    78179   289990     14085059445     14085349435        73262504     147968      77363     290000         41     6    1400000   81435000  290000000  290000000
   2      840    78177   353040     14085349444     14085702484        73552504     148023      77363     290000      63091     6    1400000   81435000  290000000  290000000
   2      840    78184   279884     14085702493     14085982377        73905552      84904      77363     290000      52983     6    1400000   81435000  290000000  290000000
   2      840    78177   279890     14085982386     14086262276        74185445      95079      77363     290000      42882     6    1400000   81435000  290000000  290000000
   2      840    78156   280138     14086262285     14086542423        74465344     105439      77363     290000      33029     6    1400000   81435000  290000000  290000000
   2      840    78182   279989     14086542432     14086822421        74745491     114888      77363     290000      23027     6    1400000   81435000  290000000  290000000
   2      840    78161   279913     14086822430     14087102343        75025489     125232      77363     290000      12949     6    1400000   81435000  290000000  290000000
   2      840    78178   280050     14087102352     14087382402        75305411     135087      77363     290000       3008     6    1400000   81435000  290000000  290000000
   2      840    78169   286993     14087382450     14087669443        75585509     144965      77363     290000         49     6    1400000   81435000  290000000  290000000
   2      840    78173   289991     14087669452     14087959442        75872511     147983      77363     290000         48     6    1400000   81435000  290000000  290000000
   2      840    78173   289990     14087959452     14088249442        76162511     148069      77363     290000         48     6    1400000   81435000  290000000  290000000
   2      840    78167   289975     14088249451     14088539426        76452510     148088      77363     290000         32     6    1400000   81435000  290000000  290000000
   2      840    78169   289999     14088539435     14088829434        76742495     148154      77363     290000         40     6    1400000   81435000  290000000  290000000
   2      840    78165   289991     14088829443     14089119435        77032502     148135      77363     290000         41     6    1400000   81435000  290000000  290000000
   2      840    78172   289998     14089119444     14089409442        77322503     148100      77363     290000         48     6    1400000   81435000  290000000  290000000
   2      840    78172   352964     14089409451     14089762415        77612510     148056      77363     290000      63021     6    1400000   81435000  290000000  290000000
   2      840    78161   280014     14089762424     14090042438        77965483      85084      77363     290000      53044     6    1400000   81435000  290000000  290000000
   2      840    78181   279937     14090042447     14090322385        78245506      94969      77363     290000      42991     6    1400000   81435000  290000000  290000000
   2      840    78172   280026     14090322394     14090602419        78525453     105150      77363     290000      33025     6    1400000   81435000  290000000  290000000
   2      840    78171   279999     14090602428     14090882426        78805487     114989      77363     290000      23033     6    1400000   81435000  290000000  290000000
   2      840    78174   279987     14090882435     14091162423        79085494     125059      77363     290000      13029     6    1400000   81435000  290000000  290000000
   2      840    78163   279986     14091162432     14091442418        79365491     135027      77363     290000       3024     6    1400000   81435000  290000000  290000000
   2      840    78172   287010     14091442427     14091729437        79645486     145008      77363     290000         42     6    1400000   81435000  290000000  290000000
   2      840    78171   289989     14091729446     14092019435        79932505     148088      77363     290000         41     6    1400000   81435000  290000000  290000000
   2      840    78178   289991     14092019444     14092309435        80222503     148024      77363     290000         41     6    1400000   81435000  290000000  290000000
   2      840    78156   290004     14092309444     14092599449        80512503     148276      77363     290000         54     6    1400000   81435000  290000000  290000000
   2      840    78186   289966     14092599458     14092889425        80802517     147899      77363     290000         31     6    1400000   81435000  290000000  290000000
   2      840    78175   290003     14092889433     14093179436        81092493     147987      77363     290000         42     6    1400000   81435000  290000000  290000000
   2      840    78177   289989     14093179445     14093469434        81382505     148087      77363     290000         40     6    1400000   81435000  290000000  290000000
   2      840    78175   352918     14093469443     14093822362        81672503     147975      77363     290000      62968     6    1400000   81435000  290000000  290000000
   2      840    78171   280032     14093822371     14094102403        82025430      85187      77363     290000      53009     6    1400000   81435000  290000000  290000000
   2      840    78183   280039     14094102412     14094382451        82305471      95018      77363     290000      43057     6    1400000   81435000  290000000  290000000
   2      840    78166   279798     14094382493     14094662291        82585552     105050      77363     290000      32897     6    1400000   81435000  290000000  290000000
   2      840    78169   280207     14094662299     14094942506        82865359     114964      77363     290000      23112     6    1400000   81435000  290000000  290000000
   2      840    78173   279863     14094942515     14095222378        83145574     124762      77363     290000      12984     6    1400000   81435000  290000000  290000000
   2      840    78175   280042     14095222387     14095502429        83425446     135141      77363     290000       3035     6    1400000   81435000  290000000  290000000
   2      840    78189   286998     14095502438     14095789437        83705497     144572      77363     290000         42     6    1400000   81435000  290000000  290000000
   2      840    78160   289982     14095789445     14096079428        83992505     148219      77363     290000         34     6    1400000   81435000  290000000  290000000
   2      840    78178   290005     14096079437     14096369442        84282496     147994      77363     290000         48     6    1400000   81435000  290000000  290000000
   2      840    78174   289984     14096369451     14096659435        84572510     148078      77363     290000         41     6    1400000   81435000  290000000  290000000
   2      840    78168   289998     14096659444     14096949442        84862503     148128      77363     290000         47     6    1400000   81435000  290000000  290000000
   2      840    78172   289985     14096949450     14097239435        85152510     148021      77363     290000         41     6    1400000   81435000  290000000  290000000
   2      840    78172   289991     14097239444     14097529435        85442503     148090      77363     290000         41     6    1400000   81435000  290000000  290000000
   2      840    78178   352946     14097529444     14097882390        85732503     148013      77363     290000      62996     6    1400000   81435000  290000000  290000000
   2      840    78164   279981     14097882399     14098162380        86085458      85041      77363     290000      52986     6    1400000   81435000  290000000  290000000
   2      840    78173   280030     14098162389     14098442419        86365448      95101      77363     290000      43025     6    1400000   81435000  290000000  290000000
   2      840    78180   280044     14098442428     14098722472        86645487     105074      77363     290000      33078     6    1400000   81435000  290000000  290000000
   2      840    78167   279936     14098722481     14099002416        86925540     115040      77363     290000      23023     6    1400000   81435000  290000000  290000000
   2      840    78174   279957     14099002425     14099282382        87205484     125032      77363     290000      12989     6    1400000   81435000  290000000  290000000
   2      840    78167   280086     14099282391     14099562477        87485450     135235      77363     290000       3083     6    1400000   81435000  290000000  290000000
   2      840    78176   286958     14099562486     14099849444        87765546     144994      77363     290000         50     6    1400000   81435000  290000000  290000000
   2      840    78168   289981     14099849453     14100139434        88052512     148170      77363     290000         40     6    1400000   81435000  290000000  290000000
   2      840    78176   289998     14100139443     14100429441        88342503     148023      77363     290000         47     6    1400000   81435000  290000000  290000000
   2      840    78171   289986     14100429450     14100719436        88632510     148021      77363     290000         42     6    1400000   81435000  290000000  290000000
   2      840    78176   289981     14100719445     14101009426        88922504     147980      77363     290000         31     6    1400000   81435000  290000000  290000000
   2      840    78175   290008     14101009434     14101299442        89212493     148075      77363     290000         48     6    1400000   81435000  290000000  290000000
   2      840    78171   289952     14101299483     14101589435        89502542     147993      77363     290000         41     6    1400000   81435000  290000000  290000000
   2      840    78165   352967     14101589444     14101942411        89792503     148130      77363     290000      63017     6    1400000   81435000  290000000  290000000
