#idx     perf      run   period           start             end          rel_st      slack c_duration   c_period     wu_lat   cpu       freq dl_runtime  dl_period dl_deadline
   2      840    78174   259970     37911454948     37911714919         1426302      59114      77363     290000      59056     4    1400000   81435000  290000000  290000000
   2      840    78172   273936     37911714928     37911988864         1686281      89118      77363     290000      43001     4    1400000   81435000  290000000  290000000
   2      840    78165   279945     37911988873     37912268817         1960226     105197      77363     290000      32955     4    1400000   81435000  290000000  290000000
   2      840    78160   283308     37912268827     37912552135         2240180     115337      77363     290000      26272     4    1400000   81435000  290000000  290000000
   2      840    78643   276708     37912552145     37912828853         2523499     121263      77363     290000      12991     4    1300000   81435000  290000000  290000000
   2      840    78171   280014     37912828862     37913108876         2800216     135179      77363     290000       3014     4    1400000   81435000  290000000  290000000
   2      840    78180   287020     37913108885     37913395905         3080238     145230      77363     290000         42     4    1400000   81435000  290000000  290000000
   2      840    78170   289992     37913395914     37913685906         3367267     148147      77363     290000         43     4    1400000   81435000  290000000  290000000
   2      840    80126   306035     37913685914     37913991949         3657268     116968      77363     290000      16087     4    1400000   81435000  290000000  290000000
   2      840    78161   273936     37913991958     37914265895         3963311     132109      77363     290000         32     4    1400000   81435000  290000000  290000000
   2      840    78170   290001     37914265903     37914555904         4237257     148181      77363     290000         42     4    1400000   81435000  290000000  290000000
   2      840    78166   289992     37914555913     37914845905         4527266     148143      77363     290000         43     4    1400000   81435000  290000000  290000000
   2      840    78655   289991     37914845914     37915135905         4817268     144002      77363     290000         42     4    1400000   81435000  290000000  290000000
   2      840    78171   352774     37915135914     37915488689         5107268     148089      77363     290000      62826     4    1400000   81435000  290000000  290000000
   2      840    78165   280154     37915488698     37915768852         5460051      76714      77363     290000      52989     4    1400000   81435000  290000000  290000000
   2      840    78176   279899     37915768861     37916048760         5740214      95170      77363     290000      42898     4    1400000   81435000  290000000  290000000
   2      840    81599   306120     37916048769     37916354889         6020122     101346      77363     290000      59027     4    1400000   81435000  290000000  290000000
   2      840    78171   279911     37916354898     37916634809         6326251      89157      77363     290000      48946     4    1400000   81435000  290000000  290000000
   2      840    78155   280038     37916634817     37916914855         6606171      99375      77363     290000      38993     4    1400000   81435000  290000000  290000000
   2      840    78170   260044     37916914864     37917174908         6886217     109159      77363     290000       9046     4    1400000   81435000  290000000  290000000
   2      840    78637   280988     37917174917     37917455905         7146270     134923      77363     290000         42     4    1400000   81435000  290000000  290000000
   2      840    78171   289996     37917455914     37917745910         7427267     148196      77363     290000         48     4    1400000   81435000  290000000  290000000
   2      840    78168   289984     37917745919     37918035903         7717272     148120      77363     290000         41     4    1400000   81435000  290000000  290000000
   2      840    78173   289955     37918035949     37918325904         8007302     148081      77363     290000         41     4    1400000   81435000  290000000  290000000
   2      840    78983   289991     37918325913     37918615904         8297266     146971      77363     290000         41     4    1400000   81435000  290000000  290000000
   2      840    78169   378942     37918615913     37918994855         8587266     122298      77363     290000      88993     4    1400000   81435000  290000000  290000000
   2      840    78153   201031     37918994864     37919195895         8966217     122059      77363     290000         33     4    1400000   81435000  290000000  290000000
   2      840    78174   352904     37919195904     37919548807         9167257     148062      77363     290000      62945     4    1400000   81435000  290000000  290000000
   2      840    78286   279994     37919548816     37919828810         9520170      81817      77363     290000      52948     4    1400000   81435000  290000000  290000000
   2      840    78165   280014     37919828819     37920108833         9800172      95272      77363     290000      42970     4    1400000   81435000  290000000  290000000
   2      840    78166   280015     37920108841     37920388856        10080195     105158      77363     290000      32994     4    1400000   81435000  290000000  290000000
   2      840    78176   279989     37920388865     37920668855        10360218     115153      77363     290000      22992     4    1400000   81435000  290000000  290000000
   2      840    78173   280355     37920668864     37920949218        10640217     125283      77363     290000      13356     4    1400000   81435000  290000000  290000000
   2      840    78157   279660     37920949227     37921228887        10920580     134809      77363     290000       3025     4    1400000   81435000  290000000  290000000
   2      840    78191   306003     37921228896     37921534899        11200249     119085      77363     290000      19037     4    1400000   81435000  290000000  290000000
   2      840    78167   279977     37921534908     37921814885        11506261     129183      77363     290000       9023     4    1400000   81435000  290000000  290000000
   2      840    78164   284025     37921814894     37922098919        11786247     139251      77363     290000       3056     4    1400000   81435000  290000000  290000000
   2      840    78167   286977     37922098927     37922385905        12070281     145091      77363     290000         42     4    1400000   81435000  290000000  290000000
   2      840    78170   289997     37922385914     37922675910        12357267     148122      77363     290000         48     4    1400000   81435000  290000000  290000000
   2      840    78178   289984     37922675919     37922965904        12647272     148050      77363     290000         41     4    1400000   81435000  290000000  290000000
   2      840    78161   289994     37922965913     37923255907        12937266     148387      77363     290000         44     4    1400000   81435000  290000000  290000000
   2      840    78873   352886     37923255916     37923608803        13227270     146906      77363     290000      62940     4    1300000   81435000  290000000  290000000
   2      840    78167   306072     37923608811     37923914884        13580165      85300      77363     290000      79021     4    1400000   81435000  290000000  290000000
   2      840    78177   279955     37923914892     37924194848        13886246      69162      77363     290000      68985     4    1400000   81435000  290000000  290000000
   2      840    78157   265731     37924194856     37924460587        14166210      79442      77363     290000      44725     4    1400000   81435000  290000000  290000000
   2      840    78168   268257     37924460596     37924728852        14431949     103414      77363     290000      22990     4    1400000   81435000  290000000  290000000
   2      840    78170   279971     37924728861     37925008832        14700215     125196      77363     290000      12970     4    1400000   81435000  290000000  290000000
   2      840    78170   279937     37925008871     37925288808        14980225     135232      77363     290000       2946     4    1400000   81435000  290000000  290000000
   2      840    78874   287089     37925288817     37925575906        15260171     139939      77363     290000         44     4    1400000   81435000  290000000  290000000
   2      840    81597   289991     37925575915     37925865906        15547268     143976      77363     290000         44     4    1400000   81435000  290000000  290000000
   2      840    78172   289995     37925865916     37926155911        15837269     148110      77363     290000         49     4    1400000   81435000  290000000  290000000
   2      840    78158   315970     37926155920     37926471891        16127274     122210      77363     290000      26028     4    1400000   81435000  290000000  290000000
   2      840    78169   264005     37926471900     37926735905        16443253     122150      77363     290000         43     4    1400000   81435000  290000000  290000000
   2      840    78653   289990     37926735914     37927025904        16707267     143992      77363     290000         41     4    1400000   81435000  290000000  290000000
   2      840    78165   289991     37927025913     37927315903        16997266     148221      77363     290000         41     4    1400000   81435000  290000000  290000000
   2      840    78168   352919     37927315912     37927668831        17287266     148163      77363     290000      62969     4    1400000   81435000  290000000  290000000
   2      840    78174   279953     37927668840     37927948793        17640194      85191      77363     290000      52931     4    1400000   81435000  290000000  290000000
   2      840    81610   280051     37927948802     37928228854        17920156      91121      77363     290000      42991     4    1400000   81435000  290000000  290000000
   2      840    78172   279869     37928228863     37928508731        18200216     105224      77363     290000      32869     4    1400000   81435000  290000000  290000000
   2      840    78160   306170     37928508740     37928814910        18480093     115491      77363     290000      49048     4    1400000   81435000  290000000  290000000
   2      840    78172   279899     37928814919     37929094818        18786272      99107      77363     290000      38955     4    1400000   81435000  290000000  290000000
   2      840    78643   280097     37929094826     37929374923        19066179     105245      77363     290000      29061     4    1400000   81435000  290000000  290000000
   2      840    78171   279917     37929374931     37929654848        19346285     119124      77363     290000      18986     4    1400000   81435000  290000000  290000000
   2      840    78163   271048     37929654857     37929925905        19626210     129244      77363     290000         43     4    1400000   81435000  290000000  290000000
   2      840    78171   289996     37929925914     37930215910        19897267     148142      77363     290000         48     4    1400000   81435000  290000000  290000000
   2      840    78177   289985     37930215919     37930505904        20187272     148086      77363     290000         41     4    1400000   81435000  290000000  290000000
   2      840    78156   289992     37930505913     37930795905        20477266     148364      77363     290000         42     4    1400000   81435000  290000000  290000000
   2      840    78175   289993     37930795913     37931085906        20767266     148045      77363     290000         44     4    1400000   81435000  290000000  290000000
   2      840    78167   289993     37931085916     37931375908        21057269     148136      77363     290000         46     4    1400000   81435000  290000000  290000000
   2      840    78661   358975     37931375917     37931734893        21347271      54961      77363     290000      69030     4    1400000   81435000  290000000  290000000
   2      840    78159   273882     37931734934     37932008816        21706287      79156      77363     290000      52953     4    1400000   81435000  290000000  290000000
   2      840    78163   280059     37932008824     37932288883        21980178      95269      77363     290000      43021     4    1400000   81435000  290000000  290000000
   2      840    78167   280019     37932288892     37932568912        22260245     105166      77363     290000      33049     4    1400000   81435000  290000000  290000000
   2      840    78160   280320     37932568920     37932849240        22540273     115308      77363     290000      23377     4    1400000   81435000  290000000  290000000
   2      840    78170   279601     37932849249     37933128849        22820602     124813      77363     290000      12987     4    1400000   81435000  290000000  290000000
   2      840    78176   279953     37933128858     37933408811        23100211     135246      77363     290000       2949     4    1400000   81435000  290000000  290000000
   2      840    78171   287074     37933408820     37933695894        23380173     145203      77363     290000         31     4    1400000   81435000  290000000  290000000
   2      840    78183   316008     37933695903     37934011911        23667256     122187      77363     290000      26048     4    1400000   81435000  290000000  290000000
   2      840    78167   263976     37934011920     37934275895        23983273     122146      77363     290000         33     4    1400000   81435000  290000000  290000000
   2      840    78168   290000     37934275904     37934565904        24247258     148093      77363     290000         41     4    1400000   81435000  290000000  290000000
   2      840    78168   289992     37934565913     37934855904        24537266     148199      77363     290000         42     4    1400000   81435000  290000000  290000000
   2      840    78167   289992     37934855913     37935145906        24827267     148193      77363     290000         43     4    1400000   81435000  290000000  290000000
   2      840    79579   289988     37935145915     37935435903        25117268     146198      77363     290000         41     4    1300000   81435000  290000000  290000000
   2      840    78175   352948     37935435912     37935788860        25407265     148092      77363     290000      62998     4    1400000   81435000  290000000  290000000
   2      840    78171   279866     37935788869     37936068734        25760222      85183      77363     290000      52872     4    1400000   81435000  290000000  290000000
   2      840    78151   310318     37936068743     37936379061        26040097      95621      77363     290000      73199     4    1400000   81435000  290000000  290000000
   2      840    78160   275828     37936379070     37936654898        26350423      74799      77363     290000      59036     4    1400000   81435000  290000000  290000000
   2      840    78170   279957     37936654907     37936934863        26626260      89140      77363     290000      49001     4    1400000   81435000  290000000  290000000
   2      840    78170   259981     37936934872     37937194853        26906225      99175      77363     290000      18990     4    1400000   81435000  290000000  290000000
   2      840    78171   273886     37937194861     37937468747        27166214     129192      77363     290000       2885     4    1400000   81435000  290000000  290000000
   2      840    81606   287141     37937468756     37937755896        27440109     141299      77363     290000         34     4    1400000   81435000  290000000  290000000
   2      840    78179   289989     37937755905     37938045895        27727259     148054      77363     290000         32     4    1400000   81435000  290000000  290000000
   2      840    78158   290000     37938045903     37938335903        28017257     148265      77363     290000         40     4    1400000   81435000  290000000  290000000
   2      840    78174   289992     37938335912     37938625904        28307265     148077      77363     290000         42     4    1400000   81435000  290000000  290000000
   2      840    78660   289960     37938625943     37938915903        28597296     144010      77363     290000         40     4    1400000   81435000  290000000  290000000
   2      840    78175   296041     37938915912     37939211952        28887265     121993      77363     290000       6090     4    1400000   81435000  290000000  290000000
   2      840    78165   283943     37939211961     37939495904        29183314     142138      77363     290000         41     4    1400000   81435000  290000000  290000000
   2      840    78167   352878     37939495913     37939848791        29467266     148177      77363     290000      62929     4    1400000   81435000  290000000  290000000
   2      840    81610   280028     37939848800     37940128828        29820153      81102      77363     290000      52965     4    1400000   81435000  290000000  290000000
   2      840    78166   279985     37940128836     37940408822        30100190      95307      77363     290000      42959     4    1400000   81435000  290000000  290000000
   2      840    78175   280025     37940408830     37940688855        30380183     105249      77363     290000      32993     4    1400000   81435000  290000000  290000000
   2      840    78171   280008     37940688864     37940968871        30660217     115210      77363     290000      23009     4    1400000   81435000  290000000  290000000
   2      840    78306   279995     37940968880     37941248875        30940233     121648      77363     290000      13013     4    1400000   81435000  290000000  290000000
   2      840    78189   305849     37941248884     37941554733        31220237     109158      77363     290000      28871     4    1400000   81435000  290000000  290000000
   2      840    78162   280186     37941554741     37941834928        31526095     119424      77363     290000      19065     4    1400000   81435000  290000000  290000000
   2      840    78175   279949     37941834936     37942114885        31806289     129095      77363     290000       9023     4    1400000   81435000  290000000  290000000
   2      840    78162   281013     37942114894     37942395906        32086247     139354      77363     290000         44     4    1400000   81435000  290000000  290000000
   2      840    78165   289997     37942395915     37942685912        32367268     148201      77363     290000         49     4    1400000   81435000  290000000  290000000
   2      840    78174   289973     37942685921     37942975894        32657274     148087      77363     290000         31     4    1400000   81435000  290000000  290000000
   2      840    78175   290001     37942975903     37943265903        32947256     148096      77363     290000         41     4    1400000   81435000  290000000  290000000
   2      840    78156   289991     37943265912     37943555904        33237265     148072      77363     290000         41     4    1400000   81435000  290000000  290000000
   2      840    78157   378960     37943555912     37943934872        33527265     148390      77363     290000      89009     4    1400000   81435000  290000000  290000000
   2      840    78173   279987     37943934880     37944214868        33906234      59123      77363     290000      79005     4    1400000   81435000  290000000  290000000
   2      840    78169   260047     37944214876     37944474923        34186230      69149      77363     290000      49061     4    1400000   81435000  290000000  290000000
   2      840    78180   274303     37944474931     37944749234        34446285      99203      77363     290000      33372     4    1400000   81435000  290000000  290000000
   2      840    78169   279618     37944749243     37945028861        34720596     114819      77363     290000      22998     4    1400000   81435000  290000000  290000000
   2      840    78167   279986     37945028869     37945308856        35000223     125229      77363     290000      12994     4    1400000   81435000  290000000  290000000
   2      840    78169   279949     37945308899     37945588849        35280253     135156      77363     290000       2986     4    1400000   81435000  290000000  290000000
   2      840    78157   287054     37945588857     37945875912        35560211     145347      77363     290000         47     4    1400000   81435000  290000000  290000000
   2      840    78379   289974     37945875921     37946165895        35847274     147654      77363     290000         33     4    1300000   81435000  290000000  290000000
   2      840    78176   290006     37946165904     37946455910        36137257     148087      77363     290000         47     4    1400000   81435000  290000000  290000000
   2      840    78192   296056     37946455918     37946751974        36427272     121986      77363     290000       6112     4    1400000   81435000  290000000  290000000
   2      840    78163   283921     37946751983     37947035904        36723336     142133      77363     290000         41     4    1400000   81435000  290000000  290000000
   2      840    80288   289989     37947035913     37947325903        37007267     145569      77363     290000         40     4    1300000   81435000  290000000  290000000
   2      840    78168   289992     37947325912     37947615904        37297265     148108      77363     290000         42     4    1400000   81435000  290000000  290000000
   2      840    78173   352873     37947615913     37947968787        37587266     148151      77363     290000      62924     4    1400000   81435000  290000000  290000000
   2      840    78166   283492     37947968796     37948252288        37940149      85296      77363     290000      56426     4    1400000   81435000  290000000  290000000
   2      840    78636   276550     37948252297     37948528848        38223651      91063      77363     290000      42985     4    1300000   81435000  290000000  290000000
   2      840    78170   306051     37948528857     37948834908        38500210     105204      77363     290000      59046     4    1400000   81435000  290000000  290000000
   2      840    78168   279873     37948834917     37949114790        38806270      89169      77363     290000      48928     4    1400000   81435000  290000000  290000000
   2      840    78158   280084     37949114798     37949394882        39086152      99250      77363     290000      39020     4    1400000   81435000  290000000  290000000
   2      840    81610   279963     37949394891     37949674855        39366245     105032      77363     290000      28992     4    1400000   81435000  290000000  290000000
   2      840    78170   261042     37949674863     37949935905        39646217     119203      77363     290000         43     4    1400000   81435000  290000000  290000000
   2      840    78157   289989     37949935914     37950225903        39907268     148285      77363     290000         41     4    1400000   81435000  290000000  290000000
   2      840    78173   289999     37950225912     37950515911        40197266     148103      77363     290000         49     4    1400000   81435000  290000000  290000000
   2      840    78650   289983     37950515920     37950805903        40487273     144158      77363     290000         41     4    1400000   81435000  290000000  290000000
   2      840    78170   289991     37950805912     37951095903        40777266     148042      77363     290000         41     4    1400000   81435000  290000000  290000000
   2      840    78154   290001     37951095912     37951385913        41067266     148404      77363     290000         51     4    1400000   81435000  290000000  290000000
   2      840    78178   368957     37951385923     37951754879        41357276     122021      77363     290000      79017     4    1400000   81435000  290000000  290000000
   2      840    81610   273934     37951754888     37952028822        41726241      65084      77363     290000      62960     4    1400000   81435000  290000000  290000000
   2      840    78174   279980     37952028831     37952308811        42000184      85178      77363     290000      52949     4    1400000   81435000  290000000  290000000
   2      840    78166   280006     37952308854     37952588860        42280207      95227      77363     290000      42998     4    1400000   81435000  290000000  290000000
   2      840    78164   279995     37952588869     37952868864        42560223     105247      77363     290000      33002     4    1400000   81435000  290000000  290000000
   2      840    78311   279997     37952868873     37953148870        42840227     111609      77363     290000      23008     4    1400000   81435000  290000000  290000000
   2      840    78163   279896     37953148880     37953428776        43120233     125435      77363     290000      12913     4    1400000   81435000  290000000  290000000
   2      840    78170   280055     37953428785     37953708840        43400138     135279      77363     290000       2977     4    1400000   81435000  290000000  290000000
   2      840    78173   287055     37953708848     37953995904        43680202     145213      77363     290000         41     4    1400000   81435000  290000000  290000000
   2      840    78687   299459     37953995913     37954295371        43967266     121459      77363     290000       9509     4    1400000   81435000  290000000  290000000
   2      840    78168   280525     37954295380     37954575906        44266733     138743      77363     290000         43     4    1400000   81435000  290000000  290000000
   2      840    78171   289979     37954575915     37954865894        44547268     148134      77363     290000         31     4    1400000   81435000  290000000  290000000
   2      840    78171   289993     37954865903     37955155896        44837256     148120      77363     290000         33     4    1400000   81435000  290000000  290000000
   2      840    78162   289999     37955155905     37955445903        45127258     148142      77363     290000         41     4    1400000   81435000  290000000  290000000
   2      840    78170   289991     37955445913     37955735903        45417266     148273      77363     290000         41     4    1400000   81435000  290000000  290000000
   2      840    78179   352905     37955735912     37956088818        45707266     148070      77363     290000      62955     4    1400000   81435000  290000000  290000000
   2      840    78162   280047     37956088827     37956368873        46060180      85285      77363     290000      53011     4    1400000   81435000  290000000  290000000
   2      840    78168   306361     37956368882     37956675244        46340236      95279      77363     290000      69382     4    1400000   81435000  290000000  290000000
   2      840    78159   279597     37956675253     37956954849        46646606      78800      77363     290000      58987     4    1400000   81435000  290000000  290000000
   2      840    78179   260056     37956954858     37957214914        46926211      89133      77363     290000      29052     4    1400000   81435000  290000000  290000000
   2      840    78172   273921     37957214923     37957488844        47186276     119123      77363     290000      12982     4    1400000   81435000  290000000  290000000
   2      840    78155   283331     37957488853     37957772184        47460206     135403      77363     290000       6321     4    1400000   81435000  290000000  290000000
   2      840    78647   283712     37957772193     37958055905        47743546     141139      77363     290000         43     4    1300000   81435000  290000000  290000000
   2      840    78171   289997     37958055914     37958345911        48027267     148079      77363     290000         49     4    1400000   81435000  290000000  290000000
   2      840    78176   289983     37958345920     37958635904        48317274     148058      77363     290000         41     4    1400000   81435000  290000000  290000000
   2      840    78166   290015     37958635913     37958925928        48607266     148313      77363     290000         64     4    1400000   81435000  290000000  290000000
   2      840    79932   305930     37958926006     37959231936        48897359     118035      77363     290000      16074     4    1100000   81435000  290000000  290000000
   2      840    78172   273959     37959231945     37959505904        49203298     132069      77363     290000         41     4    1400000   81435000  290000000  290000000
   2      840    78170   289991     37959505912     37959795903        49477266     148130      77363     290000         41     4    1400000   81435000  290000000  290000000
   2      840    78171   356231     37959795912     37960152144        49767266     148177      77363     290000      66281     4    1400000   81435000  290000000  290000000
   2      840    78642   276694     37960152153     37960428847        50123506      81216      77363     290000      52985     4    1300000   81435000  290000000  290000000
   2      840    78172   280011     37960428856     37960708867        50400209      95204      77363     290000      43004     4    1400000   81435000  290000000  290000000
   2      840    78167   279931     37960708876     37960988806        50680229     105276      77363     290000      32944     4    1400000   81435000  290000000  290000000
   2      840    78165   280014     37960988816     37961268830        50960169     115247      77363     290000      22968     4    1400000   81435000  290000000  290000000
   2      840    81607   306063     37961268839     37961574901        51240192     121045      77363     290000      39039     4    1400000   81435000  290000000  290000000
   2      840    78169   280008     37961574910     37961854919        51546264     109169      77363     290000      29056     4    1400000   81435000  290000000  290000000
   2      840    78161   279928     37961854927     37962134855        51826281     119063      77363     290000      18993     4    1400000   81435000  290000000  290000000
   2      840    78166   279901     37962134864     37962414765        52106217     129231      77363     290000       8903     4    1400000   81435000  290000000  290000000
   2      840    78648   281132     37962414774     37962695905        52386127     135181      77363     290000         43     4    1400000   81435000  290000000  290000000
   2      840    78173   289989     37962695914     37962985903        52667267     148072      77363     290000         41     4    1400000   81435000  290000000  290000000
   2      840    78166   289991     37962985912     37963275903        52957265     148341      77363     290000         41     4    1400000   81435000  290000000  290000000
   2      840    78171   289992     37963275913     37963565904        53247266     148073      77363     290000         42     4    1400000   81435000  290000000  290000000
   2      840    80490   289990     37963565914     37963855904        53537267     145648      77363     290000         41     4    1400000   81435000  290000000  290000000
   2      840    78186   378893     37963855913     37964234806        53827266      59009      77363     290000      88943     4    1400000   81435000  290000000  290000000
   2      840    78162   260114     37964234814     37964494928        54206168      59340      77363     290000      59066     4    1400000   81435000  290000000  290000000
   2      840    78172   273927     37964494937     37964768865        54466290      89089      77363     290000      43002     4    1400000   81435000  290000000  290000000
   2      840    78306   279991     37964768873     37965048864        54740227     101531      77363     290000      33002     4    1400000   81435000  290000000  290000000
   2      840    78158   279946     37965048873     37965328819        55020226     115382      77363     290000      22957     4    1400000   81435000  290000000  290000000
   2      840    78166   280057     37965328828     37965608884        55300181     125188      77363     290000      13022     4    1400000   81435000  290000000  290000000
   2      840    78167   279941     37965608893     37965888834        55580246     135205      77363     290000       2971     4    1400000   81435000  290000000  290000000
   2      840    78176   287032     37965888873     37966175905        55860226     145176      77363     290000         43     4    1400000   81435000  290000000  290000000
   2      840    78170   289991     37966175914     37966465905        56147267     148220      77363     290000         43     4    1400000   81435000  290000000  290000000
   2      840    78188   306019     37966465914     37966771934        56437268     122035      77363     290000      16071     4    1400000   81435000  290000000  290000000
   2      840    78170   273962     37966771943     37967045905        56743296     132068      77363     290000         42     4    1400000   81435000  290000000  290000000
   2      840    78163   289997     37967045914     37967335911        57017267     148225      77363     290000         48     4    1400000   81435000  290000000  290000000
   2      840    78167   289985     37967335919     37967625904        57307273     148158      77363     290000         42     4    1400000   81435000  290000000  290000000
   2      840    78164   289990     37967625914     37967915904        57597267     148170      77363     290000         41     4    1400000   81435000  290000000  290000000
   2      840    78174   352950     37967915913     37968268862        57887266     148026      77363     290000      63000     4    1400000   81435000  290000000  290000000
   2      840    78168   280277     37968268871     37968549148        58240224      85274      77363     290000      53286     4    1400000   81435000  290000000  290000000
   2      840    78164   279735     37968549157     37968828892        58520510      94942      77363     290000      43030     4    1400000   81435000  290000000  290000000
   2      840    78166   306004     37968828901     37969134905        58800254     105153      77363     290000      59042     4    1400000   81435000  290000000  290000000
   2      840    78169   279995     37969134913     37969414909        59106267      89173      77363     290000      49046     4    1400000   81435000  290000000  290000000
   2      840    78161   283931     37969414917     37969698848        59386271      99229      77363     290000      42986     4    1400000   81435000  290000000  290000000
   2      840    78171   256077     37969698856     37969954934        59670210     105168      77363     290000       9072     4    1400000   81435000  290000000  290000000
   2      840    78174   280951     37969954943     37970235894        59926296     139062      77363     290000         31     4    1400000   81435000  290000000  290000000
   2      840    78178   290001     37970235903     37970525904        60207256     148097      77363     290000         41     4    1400000   81435000  290000000  290000000
   2      840    78156   289998     37970525913     37970815911        60497266     148355      77363     290000         49     4    1400000   81435000  290000000  290000000
   2      840    81607   289984     37970815920     37971105903        60787273     143929      77363     290000         41     4    1400000   81435000  290000000  290000000
   2      840    78170   289999     37971105913     37971395912        61077266     148103      77363     290000         49     4    1400000   81435000  290000000  290000000
   2      840    78183   378930     37971395922     37971774852        61367275     122015      77363     290000      88989     4    1400000   81435000  290000000  290000000
   2      840    78150   201045     37971774860     37971975906        61746214     122188      77363     290000         43     4    1400000   81435000  290000000  290000000
   2      840    78663   352940     37971975915     37972328855        61947268     144073      77363     290000      62993     4    1400000   81435000  290000000  290000000
   2      840    78173   279952     37972328864     37972608815        62300217      85185      77363     290000      52953     4    1400000   81435000  290000000  290000000
   2      840    78151   279986     37972608853     37972888840        62580207      95370      77363     290000      42978     4    1400000   81435000  290000000  290000000
   2      840    78165   279990     37972888849     37973168839        62860202     105204      77363     290000      32976     4    1400000   81435000  290000000  290000000
   2      840    81605   279975     37973168848     37973448823        63140201     111080      77363     290000      22961     4    1400000   81435000  290000000  290000000
   2      840    78170   280025     37973448832     37973728857        63420185     125164      77363     290000      12994     4    1400000   81435000  290000000  290000000
   2      840    78165   279917     37973728865     37974008782        63700219     135295      77363     290000       2920     4    1400000   81435000  290000000  290000000
   2      840    78189   306117     37974008791     37974314908        63980145     119213      77363     290000      19046     4    1400000   81435000  290000000  290000000
   2      840    78634   279998     37974314917     37974594914        64286270     124892      77363     290000       9052     4    1400000   81435000  290000000  290000000
   2      840    78167   280983     37974594923     37974875906        64566277     139172      77363     290000         43     4    1400000   81435000  290000000  290000000
   2      840    78164   289979     37974875915     37975165894        64847268     148191      77363     290000         31     4    1400000   81435000  290000000  290000000
   2      840    78173   290002     37975165903     37975455905        65137256     148077      77363     290000         42     4    1400000   81435000  290000000  290000000
   2      840    80560   289997     37975455914     37975745910        65427267     145187      77363     290000         47     4    1400000   81435000  290000000  290000000
   2      840    78175   289985     37975745919     37976035904        65717272     148108      77363     290000         41     4    1400000   81435000  290000000  290000000
   2      840    78155   352958     37976035912     37976388871        66007266     148353      77363     290000      63008     4    1400000   81435000  290000000  290000000
   2      840    78171   305964     37976388880     37976694844        66360233      85178      77363     290000      78982     4    1400000   81435000  290000000  290000000
   2      840    78648   279989     37976694853     37976974842        66666206      65274      77363     290000      68980     4    1400000   81435000  290000000  290000000
   2      840    78167   260037     37976974850     37977234887        66946204      79252      77363     290000      39025     4    1400000   81435000  290000000  290000000
   2      840    78168   273936     37977234896     37977508832        67206249     109080      77363     290000      22970     4    1400000   81435000  290000000  290000000
   2      840    78167   280041     37977508841     37977788882        67480194     125238      77363     290000      13020     4    1400000   81435000  290000000  290000000
   2      840    78170   280302     37977788891     37978069192        67760244     135108      77363     290000       3330     4    1400000   81435000  290000000  290000000
   2      840    78152   286704     37978069201     37978355905        68040555     145132      77363     290000         43     4    1400000   81435000  290000000  290000000
   2      840    78178   289979     37978355915     37978645894        68327268     148052      77363     290000         31     4    1400000   81435000  290000000  290000000
   2      840    78172   290000     37978645903     37978935903        68617256     148158      77363     290000         40     4    1400000   81435000  290000000  290000000
   2      840    78167   316017     37978935912     37979251929        68907265     121991      77363     290000      26067     4    1400000   81435000  290000000  290000000
   2      840    78169   263967     37979251938     37979515905        69223291     122169      77363     290000         42     4    1400000   81435000  290000000  290000000
   2      840    78171   289968     37979515944     37979805911        69487297     148145      77363     290000         49     4    1400000   81435000  290000000  290000000
   2      840    78167   289991     37979805920     37980095911        69777273     148104      77363     290000         49     4    1400000   81435000  290000000  290000000
   2      840    78156   353341     37980095920     37980449261        70067273     148278      77363     290000      63399     4    1400000   81435000  290000000  290000000
   2      840    78174   279568     37980449271     37980728839        70420624      84750      77363     290000      52976     4    1400000   81435000  290000000  290000000
   2      840    78172   279982     37980728847     37981008830        70700201      95139      77363     290000      42967     4    1400000   81435000  290000000  290000000
   2      840    78173   280041     37981008838     37981288880        70980192     105180      77363     290000      33017     4    1400000   81435000  290000000  290000000
   2      840    78162   309993     37981288888     37981598881        71260241     115087      77363     290000      53019     4    1400000   81435000  290000000  290000000
   2      840    78160   276015     37981598890     37981874904        71570243      95059      77363     290000      39042     4    1400000   81435000  290000000  290000000
   2      840    78170   280005     37981874913     37982154917        71846266     109098      77363     290000      29055     4    1400000   81435000  290000000  290000000
   2      840    78169   279773     37982154926     37982434699        72126279     119158      77363     290000      18836     4    1400000   81435000  290000000  290000000
   2      840    78164   271205     37982434707     37982705913        72406061     129389      77363     290000         50     4    1400000   81435000  290000000  290000000
   2      840    81610   289982     37982705921     37982995904        72677275     143984      77363     290000         41     4    1400000   81435000  290000000  290000000
   2      840    78170   289982     37982995912     37983285894        72967266     148094      77363     290000         32     4    1400000   81435000  290000000  290000000
   2      840    78173   290000     37983285903     37983575904        73257257     148090      77363     290000         41     4    1400000   81435000  290000000  290000000
   2      840    78157   289991     37983575913     37983865904        73547266     148360      77363     290000         41     4    1400000   81435000  290000000  290000000
   2      840    78644   289997     37983865913     37984155910        73837266     143954      77363     290000         48     4    1400000   81435000  290000000  290000000
   2      840    78191   358985     37984155919     37984514904        74127272      59203      77363     290000      69042     4    1400000   81435000  290000000  290000000
   2      840    78160   273886     37984514913     37984788799        74486266      79072      77363     290000      52937     4    1400000   81435000  290000000  290000000
   2      840    78166   279948     37984788807     37985068755        74760161      95275      77363     290000      42893     4    1400000   81435000  290000000  290000000
   2      840    81601   280102     37985068764     37985348866        75040117     101276      77363     290000      33004     4    1400000   81435000  290000000  290000000
   2      840    78172   279948     37985348875     37985628823        75320228     115142      77363     290000      22961     4    1400000   81435000  290000000  290000000
   2      840    78152   279939     37985628832     37985908771        75600185     125396      77363     290000      12908     4    1400000   81435000  290000000  290000000
   2      840    78172   280074     37985908779     37986188853        75880132     135258      77363     290000       2991     4    1400000   81435000  290000000  290000000
   2      840    78318   287012     37986188893     37986475905        76160246     141479      77363     290000         42     4    1400000   81435000  290000000  290000000
   2      840    78194   316006     37986475914     37986791920        76447267     122076      77363     290000      26057     4    1400000   81435000  290000000  290000000
   2      840    78169   263968     37986791928     37987055896        76763282     122184      77363     290000         34     4    1400000   81435000  290000000  290000000
   2      840    78168   289990     37987055905     37987345894        77027258     148081      77363     290000         32     4    1400000   81435000  290000000  290000000
   2      840    78987   290009     37987345903     37987635912        77317256     147086      77363     290000         49     4    1400000   81435000  290000000  290000000
   2      840    78165   289983     37987635921     37987925904        77607274     148219      77363     290000         42     4    1400000   81435000  290000000  290000000
   2      840    78167   289991     37987925913     37988215904        77897266     148192      77363     290000         41     4    1400000   81435000  290000000  290000000
   2      840    78171   352873     37988215913     37988568786        78187266     148085      77363     290000      62924     4    1400000   81435000  290000000  290000000
   2      840    78287   280063     37988568794     37988848857        78540148      81836      77363     290000      52995     4    1400000   81435000  290000000  290000000
   2      840    78162   305937     37988848865     37989154802        78820219      95289      77363     290000      68940     4    1400000   81435000  290000000  290000000
   2      840    78170   280113     37989154811     37989434924        79126164      79275      77363     290000      59061     4    1400000   81435000  290000000  290000000
   2      840    78172   279933     37989434932     37989714865        79406285      89097      77363     290000      49003     4    1400000   81435000  290000000  290000000
   2      840    78397   261803     37989714874     37989976677        79686227      97786      77363     290000      20814     4    1400000   81435000  290000000  290000000
   2      840    78156   272164     37989976686     37990248850        79948039     127384      77363     290000       2988     4    1400000   81435000  290000000  290000000
   2      840    78170   287046     37990248859     37990535904        80220212     145158      77363     290000         42     4    1400000   81435000  290000000  290000000
   2      840    78170   289980     37990535914     37990825893        80507267     148092      77363     290000         31     4    1400000   81435000  290000000  290000000
   2      840    78169   290010     37990825902     37991115912        80797255     148097      77363     290000         49     4    1400000   81435000  290000000  290000000
   2      840    78164   289991     37991115921     37991405912        81087274     148140      77363     290000         49     4    1400000   81435000  290000000  290000000
   2      840    78172   289982     37991405921     37991695903        81377275     148100      77363     290000         41     4    1400000   81435000  290000000  290000000
   2      840    78169   296046     37991695912     37991991958        81667266     122060      77363     290000       6096     4    1400000   81435000  290000000  290000000
   2      840    78158   283938     37991991966     37992275904        81963320     142182      77363     290000         42     4    1400000   81435000  290000000  290000000
   2      840    78873   352921     37992275914     37992628834        82247267     147010      77363     290000      62972     4    1300000   81435000  290000000  290000000
   2      840    78158   279998     37992628843     37992908842        82600197      85127      77363     290000      52979     4    1400000   81435000  290000000  290000000
   2      840    78173   280047     37992908851     37993188897        82880204      95186      77363     290000      43035     4    1400000   81435000  290000000  290000000
   2      840    78158   285839     37993188939     37993474777        83160292     105304      77363     290000      38915     4    1400000   81435000  290000000  290000000
   2      840    78456   274095     37993474787     37993748882        83446140     108539      77363     290000      23020     4    1300000   81435000  290000000  290000000
   2      840    78172   279938     37993748891     37994028829        83720245     125143      77363     290000      12967     4    1400000   81435000  290000000  290000000
   2      840    78189   306007     37994028838     37994334845        84000191     109182      77363     290000      28982     4    1400000   81435000  290000000  290000000
   2      840    78165   279978     37994334853     37994614832        84306207     119240      77363     290000      18969     4    1400000   81435000  290000000  290000000
   2      840    81606   280024     37994614840     37994894864        84586194     125178      77363     290000       9002     4    1400000   81435000  290000000  290000000
   2      840    78174   281023     37994894873     37995175896        84866226     139129      77363     290000         33     4    1400000   81435000  290000000  290000000
   2      840    78167   290006     37995175904     37995465910        85147258     148103      77363     290000         48     4    1400000   81435000  290000000  290000000
   2      840    78165   289987     37995465919     37995755906        85437272     148273      77363     290000         43     4    1400000   81435000  290000000  290000000
   2      840    78649   289978     37995755915     37996045894        85727269     143951      77363     290000         31     4    1400000   81435000  290000000  290000000
   2      840    78168   290008     37996045903     37996335911        86017256     148186      77363     290000         49     4    1400000   81435000  290000000  290000000
   2      840    78163   378915     37996335920     37996714835        86307274     148122      77363     290000      88973     4    1400000   81435000  290000000  290000000
   2      840    78159   280023     37996714844     37996994868        86686198      59075      77363     290000      79005     4    1400000   81435000  290000000  290000000
   2      840    81610   260036     37996994877     37997254912        86966230      64974      77363     290000      49050     4    1400000   81435000  290000000  290000000
   2      840    78175   273820     37997254921     37997528741        87226274      99084      77363     290000      32879     4    1400000   81435000  290000000  290000000
   2      840    78154   280110     37997528750     37997808860        87500104     115491      77363     290000      22998     4    1400000   81435000  290000000  290000000
   2      840    78170   279976     37997808869     37998088845        87780222     125149      77363     290000      12983     4    1400000   81435000  290000000  290000000
   2      840    78288   280025     37998088854     37998368879        88060207     131789      77363     290000       3017     4    1400000   81435000  290000000  290000000
   2      840    78173   287024     37998368888     37998655912        88340242     145155      77363     290000         49     4    1400000   81435000  290000000  290000000
   2      840    78169   289982     37998655921     37998945903        88627274     148232      77363     290000         41     4    1400000   81435000  290000000  290000000
   2      840    78175   289991     37998945912     37999235903        88917265     148118      77363     290000         40     4    1400000   81435000  290000000  290000000
   2      840    80222   296053     37999235912     37999531965        89207265     119794      77363     290000       6103     4    1400000   81435000  290000000  290000000
   2      840    78160   283930     37999531974     37999815904        89503327     142148      77363     290000         41     4    1400000   81435000  290000000  290000000
   2      840    78173   289983     37999815912     38000105895        89787266     148137      77363     290000         32     4    1400000   81435000  290000000  290000000
   2      840    78167   289977     38000105935     38000395912        90077288     148072      77363     290000         49     4    1400000   81435000  290000000  290000000
   2      840    78170   352913     38000395920     38000748833        90367274     148075      77363     290000      62971     4    1400000   81435000  290000000  290000000
