#idx     perf      run   period           start             end          rel_st      slack c_duration   c_period     wu_lat   cpu       freq dl_runtime  dl_period dl_deadline
   2     1237   116950   179733     23479190678     23479370411         1743022      60548     113816     180000         45     5     200000  119807000  180000000  180000000
   2     1237   114974   179984     23479370421     23479550405         1922765      63895     113816     180000         39     4    1400000  119807000  180000000  180000000
   2     1237   114980   179996     23479550415     23479730410         2102758      63919     113816     180000         44     5    1400000  119807000  180000000  180000000
   2     1237   114968   179996     23479730420     23479910416         2282763      64003     113816     180000         50     4    1400000  119807000  180000000  180000000
   2     1237   114983   179990     23479910425     23480090415         2462768      63866     113816     180000         49     4    1400000  119807000  180000000  180000000
   2     1237   114962   179991     23480090424     23480270415         2642767      63850     113816     180000         49     4    1400000  119807000  180000000  180000000
   2     1237   117439   179990     23480270424     23480450414         2822767      60855     113816     180000         48     4    1400000  119807000  180000000  180000000
   2     1237   117388   180043     23480450424     23480630466         3002767      61050     113816     180000         79     4    1400000  119807000  180000000  180000000
   2     1237   115779   179940     23480630480     23480810420         3182823      62789     113816     180000         54     4     900000  119807000  180000000  180000000
   2     1237   114979   179982     23480810430     23480990411         3362773      63839     113816     180000         45     6    1400000  119807000  180000000  180000000
   2     1237   114979   179993     23480990420     23481170414         3542764      63889     113816     180000         47     4    1400000  119807000  180000000  180000000
   2     1237   114975   179992     23481170423     23481350415         3722766      63823     113816     180000         49     6    1400000  119807000  180000000  180000000
   2     1237   117405   179996     23481350424     23481530419         3902767      60610     113816     180000         53     6    1400000  119807000  180000000  180000000
   2     1237   115609   179986     23481530429     23481710415         4082772      62523     113816     180000         49     6    1400000  119807000  180000000  180000000
   2     1237   115646   179991     23481710424     23481890415         4262767      62451     113816     180000         49     6    1400000  119807000  180000000  180000000
   2     1237   115646   180054     23481890423     23482070477         4442767      62482     113816     180000        110     6    1400000  119807000  180000000  180000000
   2     1237   115165   179926     23482070487     23482250413         4622831      63359     113816     180000         47     5    1300000  119807000  180000000  180000000
   2     1237   114987   179991     23482250423     23482430414         4802766      63888     113816     180000         48     6    1400000  119807000  180000000  180000000
   2     1237   115204   179989     23482430423     23482610412         4982766      63345     113816     180000         46     5    1400000  119807000  180000000  180000000
   2     1237   115637   179994     23482610421     23482790415         5162765      62463     113816     180000         49     6    1400000  119807000  180000000  180000000
   2     1237   115629   179991     23482790424     23482970415         5342768      62661     113816     180000         49     6    1400000  119807000  180000000  180000000
   2     1237   115627   179992     23482970424     23483150416         5522768      62581     113816     180000         50     6    1400000  119807000  180000000  180000000
   2     1237   115640   179998     23483150425     23483330423         5702768      62560     113816     180000         57     6    1400000  119807000  180000000  180000000
   2     1237   115642   179934     23483330471     23483510406         5882815      62467     113816     180000         38     6    1400000  119807000  180000000  180000000
   2     1237   115190   179958     23483510455     23483690413         6062799      63290     113816     180000         47     6    1300000  119807000  180000000  180000000
   2     1237   114974   179994     23483690422     23483870417         6242766      63928     113816     180000         50     5    1400000  119807000  180000000  180000000
   2     1237   115206   179988     23483870426     23484050414         6422769      63271     113816     180000         48     6    1400000  119807000  180000000  180000000
   2     1237   115615   179999     23484050423     23484230422         6602767      62734     113816     180000         56     5    1400000  119807000  180000000  180000000
   2     1237   115632   179983     23484230431     23484410414         6782775      62526     113816     180000         48     5    1400000  119807000  180000000  180000000
   2     1237   115633   179991     23484410423     23484590414         6962766      62636     113816     180000         48     5    1400000  119807000  180000000  180000000
   2     1237   115634   179994     23484590424     23484770418         7142767      62583     113816     180000         52     5    1400000  119807000  180000000  180000000
   2     1237   117371   180067     23484770427     23484950494         7322770      60789     113816     180000        127     5    1400000  119807000  180000000  180000000
   2     1237   115399   179912     23484950504     23485130416         7502848      62990     113816     180000         50     4    1200000  119807000  180000000  180000000
   2     1237   114967   179989     23485130425     23485310415         7682769      63908     113816     180000         48     4    1400000  119807000  180000000  180000000
   2     1237   115409   179989     23485310424     23485490413         7862767      63133     113816     180000         47     5    1400000  119807000  180000000  180000000
   2     1237   115810   179994     23485490422     23485670416         8042765      62189     113816     180000         50     4    1400000  119807000  180000000  180000000
   2     1237   117476   179989     23485670425     23485850414         8222768      60425     113816     180000         48     4    1400000  119807000  180000000  180000000
   2     1237   117417   179992     23485850423     23486030415         8402766      60527     113816     180000         49     4    1400000  119807000  180000000  180000000
   2     1237   114989   179993     23486030424     23486210417         8582767      63899     113816     180000         51     4    1400000  119807000  180000000  180000000
   2     1237   114984   180051     23486210426     23486390477         8762769      63864     113816     180000        110     4    1400000  119807000  180000000  180000000
   2     1237   115314   179926     23486390487     23486570414         8942831      63182     113816     180000         47     6    1200000  119807000  180000000  180000000
   2     1237   114983   179989     23486570423     23486750412         9122766      63917     113816     180000         45     4    1400000  119807000  180000000  180000000
   2     1237   115206   179994     23486750421     23486930415         9302764      63248     113816     180000         49     6    1400000  119807000  180000000  180000000
   2     1237   115642   179991     23486930424     23487110415         9482767      62546     113816     180000         49     6    1400000  119807000  180000000  180000000
   2     1237   115642   179991     23487110424     23487290414         9662767      62524     113816     180000         48     6    1400000  119807000  180000000  180000000
   2     1237   115629   179999     23487290423     23487470422         9842767      62526     113816     180000         56     6    1400000  119807000  180000000  180000000
   2     1237   115640   179969     23487470431     23487650400        10022775      62464     113816     180000         34     6    1400000  119807000  180000000  180000000
   2     1237   115638   179964     23487650440     23487830405        10202784      62506     113816     180000         37     6    1400000  119807000  180000000  180000000
   2     1237   115169   179953     23487830453     23488010406        10382796      63375     113816     180000         40     6    1300000  119807000  180000000  180000000
   2     1237   114976   180001     23488010415     23488190416        10562758      63925     113816     180000         50     5    1400000  119807000  180000000  180000000
   2     1237   115174   179988     23488190425     23488370413        10742769      63711     113816     180000         47     5    1400000  119807000  180000000  180000000
   2     1237   114990   179997     23488370423     23488550419        10922766      63828     113816     180000         53     4    1400000  119807000  180000000  180000000
   2     1237   116321   179988     23488550428     23488730416        11102772      61890     113816     180000         50     4    1400000  119807000  180000000  180000000
   2     1237   115814   179990     23488730425     23488910415        11282768      62033     113816     180000         49     4    1400000  119807000  180000000  180000000
   2     1237   116376   179990     23488910425     23489090414        11462768      61629     113816     180000         48     4    1400000  119807000  180000000  180000000
   2     1237   116368   180064     23489090423     23489270488        11642767      61630     113816     180000        121     4    1400000  119807000  180000000  180000000
   2     1237   115669   179913     23489270500     23489450413        11822844      62666     113816     180000         47     4    1000000  119807000  180000000  180000000
   2     1237   114974   179992     23489450422     23489630413        12002765      63900     113816     180000         47     5    1400000  119807000  180000000  180000000
   2     1237   115314   179981     23489630423     23489810404        12182766      63043     113816     180000         37     4    1400000  119807000  180000000  180000000
   2     1237   115635   179994     23489810413     23489990407        12362756      62597     113816     180000         41     5    1400000  119807000  180000000  180000000
   2     1237   115631   179991     23489990416     23490170407        12542760      62648     113816     180000         41     5    1400000  119807000  180000000  180000000
   2     1237   114977   179991     23490170416     23490350407        12722760      63935     113816     180000         42     5    1400000  119807000  180000000  180000000
   2     1237   117377   179998     23490350416     23490530414        12902760      60778     113816     180000         48     5    1400000  119807000  180000000  180000000
   2     1237   116187   180033     23490530423     23490710456        13082767      62056     113816     180000         88     5    1400000  119807000  180000000  180000000
   2     1237   115664   179948     23490710469     23490890417        13262812      63179     113816     180000         51     6    1000000  119807000  180000000  180000000
   2     1237   114984   179987     23490890426     23491070413        13442769      63879     113816     180000         47     5    1400000  119807000  180000000  180000000
   2     1237   114995   179989     23491070422     23491250411        13622765      63866     113816     180000         44     4    1400000  119807000  180000000  180000000
   2     1237   114987   179979     23491250420     23491430399        13802763      63829     113816     180000         33     6    1400000  119807000  180000000  180000000
   2     1237   117520   180010     23491430408     23491610417        13982751      61413     113816     180000         51     6    1400000  119807000  180000000  180000000
   2     1237   114974   179981     23491610426     23491790407        14162770      63942     113816     180000         41     4    1400000  119807000  180000000  180000000
   2     1237   117505   179957     23491790451     23491970408        14342795      61381     113816     180000         42     5    1400000  119807000  180000000  180000000
   2     1237   117475   180023     23491970416     23492150440        14522760      61248     113816     180000         74     5    1400000  119807000  180000000  180000000
   2     1237   114974   179976     23492150449     23492330426        14702793      63878     113816     180000         60     7    1400000  119807000  180000000  180000000
   2     1237   114965   179979     23492330435     23492510414        14882778      63944     113816     180000         47     7    1400000  119807000  180000000  180000000
   2     1237   115994   179989     23492510423     23492690412        15062766      62773     113816     180000         46     6    1400000  119807000  180000000  180000000
   2     1237   114970   179993     23492690421     23492870414        15242764      63930     113816     180000         48     7    1400000  119807000  180000000  180000000
   2     1237   116273   179992     23492870423     23493050414        15422766      62719     113816     180000         48     7    1400000  119807000  180000000  180000000
   2     1237   115646   180002     23493050423     23493230425        15602766      63281     113816     180000         59     7    1400000  119807000  180000000  180000000
   2     1237   116241   179980     23493230434     23493410414        15782777      62651     113816     180000         48     7    1400000  119807000  180000000  180000000
   2     1237   116236   179999     23493410423     23493590422        15962766      62671     113816     180000         54     7    1400000  119807000  180000000  180000000
   2     1237   114970   179986     23493590431     23493770417        16142775      63935     113816     180000         51     7    1400000  119807000  180000000  180000000
   2     1237   114969   179979     23493770426     23493950405        16322769      63952     113816     180000         38     7    1400000  119807000  180000000  180000000
   2     1237   114986   179996     23493950414     23494130409        16502757      63899     113816     180000         43     5    1400000  119807000  180000000  180000000
   2     1237   114950   180001     23494130418     23494310419        16682761      64208     113816     180000         53     5    1400000  119807000  180000000  180000000
   2     1237   114976   179981     23494310428     23494490409        16862772      63886     113816     180000         43     5    1400000  119807000  180000000  180000000
   2     1237   115648   179990     23494490418     23494670408        17042761      63290     113816     180000         42     5    1400000  119807000  180000000  180000000
   2     1237   115655   179994     23494670417     23494850411        17222760      63265     113816     180000         45     5    1400000  119807000  180000000  180000000
   2     1237   115635   180050     23494850419     23495030469        17402763      63246     113816     180000        103     5    1400000  119807000  180000000  180000000
   2     1237   115337   179932     23495030480     23495210411        17582823      63232     113816     180000         45     4    1200000  119807000  180000000  180000000
   2     1237   114976   179992     23495210421     23495390413        17762764      63963     113816     180000         47     5    1400000  119807000  180000000  180000000
   2     1237   115227   179997     23495390422     23495570419        17942765      63436     113816     180000         53     4    1400000  119807000  180000000  180000000
   2     1237   115641   179997     23495570428     23495750425        18122772      63232     113816     180000         59     5    1400000  119807000  180000000  180000000
   2     1237   115644   179980     23495750434     23495930414        18302777      63279     113816     180000         48     5    1400000  119807000  180000000  180000000
   2     1237   117495   179991     23495930424     23496110414        18482767      61384     113816     180000         49     5    1400000  119807000  180000000  180000000
   2     1237   114987   179959     23496110455     23496290414        18662798      63884     113816     180000         48     5    1400000  119807000  180000000  180000000
   2     1237   114972   179999     23496290423     23496470422        18842767      63980     113816     180000         56     5    1400000  119807000  180000000  180000000
   2     1237   114980   179983     23496470431     23496650414        19022774      63961     113816     180000         48     5    1400000  119807000  180000000  180000000
   2     1237   114988   179994     23496650423     23496830417        19202766      63839     113816     180000         51     4    1400000  119807000  180000000  180000000
   2     1237   114972   179984     23496830426     23497010410        19382769      63994     113816     180000         44     4    1400000  119807000  180000000  180000000
   2     1237   117526   179995     23497010419     23497190414        19562762      61365     113816     180000         48     5    1400000  119807000  180000000  180000000
   2     1237   114975   179991     23497190423     23497370414        19742767      63932     113816     180000         48     5    1400000  119807000  180000000  180000000
   2     1237   114968   179991     23497370423     23497550414        19922766      63993     113816     180000         48     5    1400000  119807000  180000000  180000000
   2     1237   117512   179993     23497550423     23497730416        20102767      61386     113816     180000         50     5    1400000  119807000  180000000  180000000
   2     1237   114978   180018     23497730425     23497910443        20282768      63917     113816     180000         77     5    1400000  119807000  180000000  180000000
   2     1237   115362   179957     23497910454     23498090411        20462798      63384     113816     180000         45     6    1400000  119807000  180000000  180000000
   2     1237   114976   179992     23498090420     23498270412        20642764      63927     113816     180000         46     5    1400000  119807000  180000000  180000000
   2     1237   114987   179990     23498270421     23498450411        20822764      63859     113816     180000         45     6    1400000  119807000  180000000  180000000
   2     1237   114977   179995     23498450420     23498630416        21002763      63901     113816     180000         50     5    1400000  119807000  180000000  180000000
   2     1237   114977   179984     23498630424     23498810408        21182768      63957     113816     180000         42     5    1400000  119807000  180000000  180000000
   2     1237   114974   179997     23498810417     23498990414        21362761      63960     113816     180000         48     5    1400000  119807000  180000000  180000000
   2     1237   114975   179991     23498990423     23499170414        21542767      63943     113816     180000         48     5    1400000  119807000  180000000  180000000
   2     1237   114979   180009     23499170423     23499350432        21722766      63907     113816     180000         64     5    1400000  119807000  180000000  180000000
   2     1237   115693   179968     23499350445     23499530413        21902789      63175     113816     180000         47     5    1000000  119807000  180000000  180000000
   2     1237   114987   179991     23499530422     23499710413        22082765      63847     113816     180000         47     4    1400000  119807000  180000000  180000000
   2     1237   115168   180000     23499710422     23499890422        22262765      63804     113816     180000         56     5    1400000  119807000  180000000  180000000
   2     1237   115681   179985     23499890431     23500070416        22442774      62761     113816     180000         50     4    1400000  119807000  180000000  180000000
   2     1237   115679   179995     23500070425     23500250420        22622768      62806     113816     180000         54     4    1400000  119807000  180000000  180000000
   2     1237   115693   179953     23500250461     23500430414        22802804      62737     113816     180000         48     4    1400000  119807000  180000000  180000000
   2     1237   115683   179992     23500430423     23500610415        22982767      62772     113816     180000         49     4    1400000  119807000  180000000  180000000
   2     1237   115685   180000     23500610424     23500790424        23162768      62771     113816     180000         57     4    1400000  119807000  180000000  180000000
   2     1237   114983   179979     23500790433     23500970412        23342776      63875     113816     180000         46     4    1400000  119807000  180000000  180000000
   2     1237   114979   179993     23500970421     23501150414        23522764      63851     113816     180000         47     5    1400000  119807000  180000000  180000000
   2     1237   115227   179983     23501150423     23501330405        23702766      63450     113816     180000         39     4    1400000  119807000  180000000  180000000
   2     1237   115639   179983     23501330415     23501510398        23882758      63296     113816     180000         32     5    1400000  119807000  180000000  180000000
   2     1237   114953   179992     23501510407     23501690399        24062750      64128     113816     180000         33     5    1400000  119807000  180000000  180000000
   2     1237   115648   180000     23501690408     23501870408        24242751      63260     113816     180000         42     5    1400000  119807000  180000000  180000000
   2     1237   115628   179990     23501870417     23502050407        24422760      63278     113816     180000         41     5    1400000  119807000  180000000  180000000
   2     1237   115654   179997     23502050416     23502230413        24602760      63303     113816     180000         46     5    1400000  119807000  180000000  180000000
   2     1237   115167   179993     23502230423     23502410415        24782766      63764     113816     180000         49     5    1300000  119807000  180000000  180000000
   2     1237   114982   179993     23502410424     23502590417        24962768      63903     113816     180000         51     5    1400000  119807000  180000000  180000000
   2     1237   115314   179978     23502590427     23502770405        25142770      63131     113816     180000         38     4    1400000  119807000  180000000  180000000
   2     1237   115628   179994     23502770414     23502950407        25322757      62580     113816     180000         41     5    1400000  119807000  180000000  180000000
   2     1237   114990   180000     23502950417     23503130417        25502760      63895     113816     180000         51     5    1400000  119807000  180000000  180000000
   2     1237   114978   179984     23503130426     23503310409        25682769      63922     113816     180000         43     5    1400000  119807000  180000000  180000000
   2     1237   117398   179990     23503310418     23503490408        25862762      60746     113816     180000         42     5    1400000  119807000  180000000  180000000
   2     1237   117319   180017     23503490417     23503670434        26042760      60842     113816     180000         67     5    1400000  119807000  180000000  180000000
   2     1237   114973   179975     23503670443     23503850418        26222786      63904     113816     180000         52     7    1400000  119807000  180000000  180000000
   2     1237   114967   179976     23503850427     23504030403        26402770      63851     113816     180000         37     7    1400000  119807000  180000000  180000000
   2     1237   115319   179998     23504030412     23504210409        26582755      63619     113816     180000         43     7    1400000  119807000  180000000  180000000
   2     1237   115659   180005     23504210419     23504390424        26762762      63161     113816     180000         58     6    1400000  119807000  180000000  180000000
   2     1237   115657   179965     23504390433     23504570398        26942776      63139     113816     180000         32     6    1400000  119807000  180000000  180000000
   2     1237   115646   179977     23504570439     23504750416        27122783      63162     113816     180000         50     6    1400000  119807000  180000000  180000000
   2     1237   114983   180004     23504750426     23504930429        27302769      63835     113816     180000         63     6    1400000  119807000  180000000  180000000
   2     1237   117516   179986     23504930438     23505110425        27482782      61211     113816     180000         59     6    1400000  119807000  180000000  180000000
   2     1237   114990   179979     23505110434     23505290413        27662777      63806     113816     180000         46     6    1400000  119807000  180000000  180000000
   2     1237   114974   180003     23505290422     23505470425        27842765      63886     113816     180000         59     7    1400000  119807000  180000000  180000000
   2     1237   114971   179979     23505470433     23505650413        28022777      63933     113816     180000         46     7    1400000  119807000  180000000  180000000
   2     1237   114975   179994     23505650422     23505830416        28202765      63891     113816     180000         50     5    1400000  119807000  180000000  180000000
   2     1237   114973   179991     23505830425     23506010415        28382768      63982     113816     180000         49     5    1400000  119807000  180000000  180000000
   2     1237   117530   179990     23506010424     23506190414        28562768      61321     113816     180000         48     5    1400000  119807000  180000000  180000000
   2     1237   117438   179992     23506190423     23506370415        28742766      61445     113816     180000         49     5    1400000  119807000  180000000  180000000
   2     1237   117435   180004     23506370423     23506550427        28922767      61417     113816     180000         60     5    1400000  119807000  180000000  180000000
   2     1237   115660   179976     23506550441     23506730417        29102784      63305     113816     180000         51     5    1000000  119807000  180000000  180000000
   2     1237   114975   179971     23506730426     23506910397        29282769      63913     113816     180000         31     5    1400000  119807000  180000000  180000000
   2     1237   115214   180009     23506910406     23507090415        29462749      63505     113816     180000         49     4    1400000  119807000  180000000  180000000
   2     1237   114973   179996     23507090423     23507270420        29642767      63958     113816     180000         54     4    1400000  119807000  180000000  180000000
   2     1237   115682   179987     23507270429     23507450416        29822772      62752     113816     180000         50     4    1400000  119807000  180000000  180000000
   2     1237   115679   179982     23507450425     23507630407        30002768      62878     113816     180000         42     4    1400000  119807000  180000000  180000000
   2     1237   115690   180000     23507630416     23507810416        30182760      62746     113816     180000         50     4    1400000  119807000  180000000  180000000
   2     1237   115687   180025     23507810424     23507990449        30362768      62760     113816     180000         81     4    1400000  119807000  180000000  180000000
   2     1237   115329   179962     23507990460     23508170422        30542804      63510     113816     180000         56     5    1200000  119807000  180000000  180000000
   2     1237   114986   179983     23508170431     23508350414        30722775      63861     113816     180000         48     4    1400000  119807000  180000000  180000000
   2     1237   115180   179990     23508350423     23508530413        30902766      63712     113816     180000         47     5    1400000  119807000  180000000  180000000
   2     1237   115677   179992     23508530422     23508710414        31082766      62801     113816     180000         48     4    1400000  119807000  180000000  180000000
   2     1237   115669   179964     23508710454     23508890417        31262797      62775     113816     180000         51     4    1400000  119807000  180000000  180000000
   2     1237   117424   179988     23508890426     23509070415        31442770      60948     113816     180000         49     4    1400000  119807000  180000000  180000000
   2     1237   116231   179993     23509070423     23509250417        31622767      62169     113816     180000         51     4    1400000  119807000  180000000  180000000
   2     1237   115678   180005     23509250426     23509430431        31802769      62787     113816     180000         65     4    1400000  119807000  180000000  180000000
   2     1237   115186   179973     23509430442     23509610416        31982786      63431     113816     180000         49     4    1300000  119807000  180000000  180000000
   2     1237   114984   179989     23509610425     23509790414        32162768      63826     113816     180000         48     6    1400000  119807000  180000000  180000000
   2     1237   115366   179981     23509790423     23509970404        32342767      63522     113816     180000         38     6    1400000  119807000  180000000  180000000
   2     1237   115644   179996     23509970413     23510150409        32522756      63219     113816     180000         43     5    1400000  119807000  180000000  180000000
   2     1237   115639   179999     23510150418     23510330417        32702761      63293     113816     180000         51     5    1400000  119807000  180000000  180000000
   2     1237   116268   179983     23510330426     23510510409        32882770      62620     113816     180000         44     5    1400000  119807000  180000000  180000000
   2     1237   115637   179989     23510510418     23510690407        33062762      63303     113816     180000         41     5    1400000  119807000  180000000  180000000
   2     1237   115638   180005     23510690416     23510870422        33242759      63272     113816     180000         53     5    1400000  119807000  180000000  180000000
   2     1237   115357   179982     23510870432     23511050414        33422775      63520     113816     180000         48     5    1200000  119807000  180000000  180000000
   2     1237   114992   179983     23511050423     23511230406        33602766      63869     113816     180000         40     4    1400000  119807000  180000000  180000000
   2     1237   115173   179999     23511230415     23511410414        33782758      63650     113816     180000         48     5    1400000  119807000  180000000  180000000
   2     1237   115682   179992     23511410423     23511590415        33962766      62769     113816     180000         49     4    1400000  119807000  180000000  180000000
   2     1237   117428   179994     23511590424     23511770418        34142768      61000     113816     180000         52     4    1400000  119807000  180000000  180000000
   2     1237   116262   179991     23511770427     23511950418        34322770      62122     113816     180000         52     4    1400000  119807000  180000000  180000000
   2     1237   117397   179991     23511950427     23512130418        34502771      60943     113816     180000         52     4    1400000  119807000  180000000  180000000
   2     1237   114973   180008     23512130427     23512310435        34682770      63942     113816     180000         68     4    1400000  119807000  180000000  180000000
   2     1237   115634   179965     23512310448     23512490413        34862791      62944     113816     180000         46     4    1000000  119807000  180000000  180000000
   2     1237   114978   179988     23512490422     23512670410        35042765      63892     113816     180000         44     5    1400000  119807000  180000000  180000000
   2     1237   115198   179986     23512670419     23512850405        35222762      63613     113816     180000         39     4    1400000  119807000  180000000  180000000
   2     1237   115646   179993     23512850414     23513030407        35402757      63276     113816     180000         41     5    1400000  119807000  180000000  180000000
   2     1237   115637   179959     23513030448     23513210407        35582791      63284     113816     180000         41     5    1400000  119807000  180000000  180000000
   2     1237   115650   179991     23513210416     23513390407        35762759      63224     113816     180000         41     5    1400000  119807000  180000000  180000000
   2     1237   115640   179998     23513390417     23513570414        35942760      63253     113816     180000         48     5    1400000  119807000  180000000  180000000
   2     1237   115642   179991     23513570423     23513750414        36122767      63259     113816     180000         48     5    1400000  119807000  180000000  180000000
   2     1237   115159   179972     23513750426     23513930398        36302769      63792     113816     180000         32     5    1300000  119807000  180000000  180000000
   2     1237   114969   180001     23513930407     23514110407        36482750      63980     113816     180000         42     7    1400000  119807000  180000000  180000000
   2     1237   115169   180003     23514110416     23514290420        36662760      63737     113816     180000         54     7    1400000  119807000  180000000  180000000
   2     1237   114983   179998     23514290429     23514470427        36842772      63879     113816     180000         61     4    1400000  119807000  180000000  180000000
   2     1237   117482   179980     23514470436     23514650416        37022779      60880     113816     180000         50     4    1400000  119807000  180000000  180000000
   2     1237   117360   179990     23514650425     23514830414        37202768      61002     113816     180000         49     4    1400000  119807000  180000000  180000000
   2     1237   117388   179992     23514830423     23515010416        37382767      61092     113816     180000         50     4    1400000  119807000  180000000  180000000
   2     1237   117351   179999     23515010425     23515190424        37562768      60881     113816     180000         56     4    1400000  119807000  180000000  180000000
   2     1237   114973   179980     23515190433     23515370413        37742776      63971     113816     180000         47     4    1400000  119807000  180000000  180000000
   2     1237   114973   179988     23515370422     23515550410        37922766      63925     113816     180000         44     7    1400000  119807000  180000000  180000000
   2     1237   114976   179993     23515550420     23515730413        38102763      63943     113816     180000         47     4    1400000  119807000  180000000  180000000
   2     1237   114977   179993     23515730422     23515910415        38282765      63942     113816     180000         48     7    1400000  119807000  180000000  180000000
   2     1237   117511   179992     23515910423     23516090416        38462767      61346     113816     180000         50     7    1400000  119807000  180000000  180000000
   2     1237   117436   179991     23516090425     23516270416        38642768      61418     113816     180000         50     7    1400000  119807000  180000000  180000000
   2     1237   117444   179998     23516270425     23516450423        38822768      61458     113816     180000         57     7    1400000  119807000  180000000  180000000
   2     1237   117433   180000     23516450432     23516630432        39002775      61429     113816     180000         65     7    1400000  119807000  180000000  180000000
   2     1237   115684   179966     23516630445     23516810411        39182788      63142     113816     180000         45     7    1000000  119807000  180000000  180000000
   2     1237   114979   179994     23516810420     23516990414        39362763      63906     113816     180000         48     4    1400000  119807000  180000000  180000000
   2     1237   114968   179992     23516990423     23517170414        39542766      63986     113816     180000         48     7    1400000  119807000  180000000  180000000
   2     1237   117512   179962     23517170453     23517350415        39722796      61329     113816     180000         49     7    1400000  119807000  180000000  180000000
   2     1237   115631   179991     23517350424     23517530414        39902767      63263     113816     180000         49     7    1400000  119807000  180000000  180000000
   2     1237   115643   179994     23517530423     23517710417        40082767      62986     113816     180000         50     7    1400000  119807000  180000000  180000000
   2     1237   115628   179973     23517710427     23517890400        40262770      62620     113816     180000         34     7    1400000  119807000  180000000  180000000
   2     1237   115627   180047     23517890410     23518070456        40442753      62667     113816     180000         87     7    1400000  119807000  180000000  180000000
   2     1237   115157   179949     23518070466     23518250415        40622810      63421     113816     180000         49     7    1300000  119807000  180000000  180000000
   2     1237   114978   179987     23518250424     23518430412        40802768      63914     113816     180000         46     7    1400000  119807000  180000000  180000000
   2     1237   115211   179997     23518430421     23518610418        40982765      63252     113816     180000         52     6    1400000  119807000  180000000  180000000
   2     1237   115626   179987     23518610427     23518790415        41162771      62608     113816     180000         49     7    1400000  119807000  180000000  180000000
   2     1237   115633   180002     23518790424     23518970426        41342767      62606     113816     180000         60     7    1400000  119807000  180000000  180000000
   2     1237   117377   179979     23518970435     23519150414        41522779      60774     113816     180000         48     7    1400000  119807000  180000000  180000000
   2     1237   117314   179991     23519150423     23519330414        41702767      60877     113816     180000         48     7    1400000  119807000  180000000  180000000
   2     1237   116194   180061     23519330423     23519510484        41882766      62017     113816     180000        116     7    1400000  119807000  180000000  180000000
   2     1237   115606   179922     23519510496     23519690418        42062840      62915     113816     180000         52     7    1000000  119807000  180000000  180000000
   2     1237   114977   179986     23519690427     23519870413        42242770      63953     113816     180000         47     7    1400000  119807000  180000000  180000000
   2     1237   115208   179993     23519870422     23520050415        42422765      63257     113816     180000         50     6    1400000  119807000  180000000  180000000
   2     1237   115645   179990     23520050425     23520230415        42602768      62465     113816     180000         49     6    1400000  119807000  180000000  180000000
   2     1237   114980   179990     23520230424     23520410414        42782767      63862     113816     180000         48     6    1400000  119807000  180000000  180000000
   2     1237   115651   179999     23520410423     23520590422        42962767      62434     113816     180000         56     6    1400000  119807000  180000000  180000000
   2     1237   117360   179984     23520590431     23520770415        43142775      60712     113816     180000         49     6    1400000  119807000  180000000  180000000
   2     1237   116193   179996     23520770424     23520950420        43322768      61918     113816     180000         55     6    1400000  119807000  180000000  180000000
   2     1237   114979   179987     23520950430     23521130417        43502773      63801     113816     180000         51     6    1400000  119807000  180000000  180000000
   2     1237   114978   179995     23521130426     23521310421        43682769      63834     113816     180000         55     6    1400000  119807000  180000000  180000000
   2     1237   115302   179986     23521310430     23521490416        43862773      63132     113816     180000         50     4    1400000  119807000  180000000  180000000
   2     1237   114988   179948     23521490460     23521670408        44042803      63862     113816     180000         42     4    1400000  119807000  180000000  180000000
   2     1237   115822   179983     23521670417     23521850400        44222760      62253     113816     180000         34     4    1400000  119807000  180000000  180000000
   2     1237   115817   179999     23521850409     23522030408        44402752      62172     113816     180000         42     4    1400000  119807000  180000000  180000000
   2     1237   115817   180000     23522030417     23522210416        44582760      62178     113816     180000         50     4    1400000  119807000  180000000  180000000
   2     1237   115827   180052     23522210425     23522390478        44762769      62157     113816     180000        111     4    1400000  119807000  180000000  180000000
   2     1237   115322   179924     23522390488     23522570412        44942832      63218     113816     180000         46     5    1200000  119807000  180000000  180000000
   2     1237   114986   179989     23522570422     23522750411        45122765      63857     113816     180000         45     4    1400000  119807000  180000000  180000000
   2     1237   115890   179991     23522750420     23522930411        45302764      62717     113816     180000         45     5    1400000  119807000  180000000  180000000
   2     1237   115796   179995     23522930420     23523110415        45482764      62203     113816     180000         49     4    1400000  119807000  180000000  180000000
   2     1237   115818   179992     23523110424     23523290416        45662767      62185     113816     180000         50     4    1400000  119807000  180000000  180000000
   2     1237   115831   179989     23523290426     23523470414        45842769      62120     113816     180000         48     4    1400000  119807000  180000000  180000000
   2     1237   115822   179994     23523470424     23523650418        46022767      62160     113816     180000         52     4    1400000  119807000  180000000  180000000
   2     1237   115815   179977     23523650427     23523830405        46202771      62187     113816     180000         37     4    1400000  119807000  180000000  180000000
   2     1237   115445   179982     23523830415     23524010397        46382758      63016     113816     180000         31     4    1400000  119807000  180000000  180000000
   2     1237   114972   180010     23524010407     23524190416        46562750      63926     113816     180000         50     7    1400000  119807000  180000000  180000000
   2     1237   115195   179987     23524190425     23524370413        46742769      63371     113816     180000         46     7    1400000  119807000  180000000  180000000
   2     1237   114975   180001     23524370422     23524550422        46922765      63920     113816     180000         57     5    1400000  119807000  180000000  180000000
   2     1237   117514   179987     23524550431     23524730418        47102774      61378     113816     180000         52     5    1400000  119807000  180000000  180000000
   2     1237   116244   179988     23524730427     23524910414        47282770      62626     113816     180000         48     5    1400000  119807000  180000000  180000000
   2     1237   116235   179991     23524910423     23525090414        47462766      62665     113816     180000         48     5    1400000  119807000  180000000  180000000
   2     1237   117520   179997     23525090423     23525270421        47642767      61280     113816     180000         55     5    1400000  119807000  180000000  180000000
   2     1237   115162   179982     23525270432     23525450414        47822775      63662     113816     180000         48     5    1300000  119807000  180000000  180000000
   2     1237   114985   179990     23525450423     23525630413        48002766      63857     113816     180000         47     6    1400000  119807000  180000000  180000000
   2     1237   115181   179944     23525630452     23525810396        48182795      63679     113816     180000         30     5    1400000  119807000  180000000  180000000
   2     1237   116261   180014     23525810406     23525990420        48362749      62509     113816     180000         54     6    1400000  119807000  180000000  180000000
   2     1237   115633   179985     23525990429     23526170414        48542772      63124     113816     180000         48     6    1400000  119807000  180000000  180000000
   2     1237   115661   179991     23526170423     23526350414        48722767      63177     113816     180000         48     6    1400000  119807000  180000000  180000000
   2     1237   116267   179990     23526350424     23526530414        48902767      62296     113816     180000         48     6    1400000  119807000  180000000  180000000
   2     1237   116247   180023     23526530423     23526710447        49082767      62595     113816     180000         79     6    1400000  119807000  180000000  180000000
   2     1237   115328   179958     23526710458     23526890416        49262801      63504     113816     180000         50     7    1200000  119807000  180000000  180000000
   2     1237   114970   179990     23526890425     23527070415        49442768      63914     113816     180000         50     7    1400000  119807000  180000000  180000000
   2     1237   115182   179988     23527070424     23527250413        49622768      63703     113816     180000         46     7    1400000  119807000  180000000  180000000
   2     1237   117499   179981     23527250422     23527430402        49802765      61451     113816     180000         36     6    1400000  119807000  180000000  180000000
   2     1237   115645   179990     23527430411     23527610401        49982755      63168     113816     180000         35     6    1400000  119807000  180000000  180000000
   2     1237   116265   180004     23527610410     23527790414        50162754      62417     113816     180000         48     6    1400000  119807000  180000000  180000000
   2     1237   116246   179993     23527790423     23527970416        50342767      62622     113816     180000         50     6    1400000  119807000  180000000  180000000
   2     1237   114981   180022     23527970425     23528150447        50522768      63864     113816     180000         78     6    1400000  119807000  180000000  180000000
   2     1237   115676   179956     23528150461     23528330418        50702805      63159     113816     180000         52     6    1000000  119807000  180000000  180000000
   2     1237   114986   179985     23528330427     23528510412        50882770      63749     113816     180000         46     6    1400000  119807000  180000000  180000000
   2     1237   114979   179992     23528510421     23528690413        51062765      63917     113816     180000         47     4    1400000  119807000  180000000  180000000
   2     1237   114984   180001     23528690422     23528870423        51242765      63810     113816     180000         56     6    1400000  119807000  180000000  180000000
   2     1237   114985   179984     23528870432     23529050416        51422775      63811     113816     180000         50     6    1400000  119807000  180000000  180000000
   2     1237   116265   179990     23529050425     23529230414        51602768      62569     113816     180000         49     6    1400000  119807000  180000000  180000000
   2     1237   114983   179992     23529230423     23529410416        51782767      63873     113816     180000         50     6    1400000  119807000  180000000  180000000
   2     1237   117511   180042     23529410425     23529590467        51962768      61355     113816     180000        100     6    1400000  119807000  180000000  180000000
   2     1237   115673   179932     23529590480     23529770412        52142823      63089     113816     180000         46     6    1000000  119807000  180000000  180000000
   2     1237   114980   179987     23529770421     23529950408        52322764      63902     113816     180000         42     5    1400000  119807000  180000000  180000000
   2     1237   115157   179964     23529950447     23530130411        52502790      63853     113816     180000         45     5    1400000  119807000  180000000  180000000
   2     1237   116247   179996     23530130420     23530310416        52682764      62493     113816     180000         50     6    1400000  119807000  180000000  180000000
   2     1237   115645   179983     23530310425     23530490408        52862768      63095     113816     180000         42     6    1400000  119807000  180000000  180000000
   2     1237   115653   180003     23530490417     23530670420        53042760      63151     113816     180000         54     6    1400000  119807000  180000000  180000000
   2     1237   115642   179985     23530670429     23530850414        53222772      63108     113816     180000         48     6    1400000  119807000  180000000  180000000
   2     1237   115660   180041     23530850423     23531030464        53402767      63129     113816     180000         60     6    1400000  119807000  180000000  180000000
   2     1237   115179   179939     23531030474     23531210413        53582818      63254     113816     180000         47     6    1300000  119807000  180000000  180000000
   2     1237   114980   179990     23531210422     23531390412        53762766      63937     113816     180000         46     7    1400000  119807000  180000000  180000000
   2     1237   115238   179992     23531390421     23531570413        53942765      63060     113816     180000         47     6    1400000  119807000  180000000  180000000
   2     1237   115618   179984     23531570423     23531750407        54122766      62577     113816     180000         41     7    1400000  119807000  180000000  180000000
   2     1237   117359   179997     23531750417     23531930414        54302760      60712     113816     180000         49     7    1400000  119807000  180000000  180000000
   2     1237   117293   179994     23531930424     23532110418        54482767      60853     113816     180000         52     7    1400000  119807000  180000000  180000000
   2     1237   117298   179988     23532110427     23532290415        54662770      60893     113816     180000         49     7    1400000  119807000  180000000  180000000
   2     1237   117306   180038     23532290424     23532470462        54842767      60937     113816     180000         95     7    1400000  119807000  180000000  180000000
   2     1237   115598   179938     23532470475     23532650413        55022818      62749     113816     180000         47     7    1000000  119807000  180000000  180000000
   2     1237   114987   179992     23532650423     23532830415        55202766      63802     113816     180000         48     6    1400000  119807000  180000000  180000000
   2     1237   115188   180025     23532830424     23533010449        55382767      63375     113816     180000         83     6    1400000  119807000  180000000  180000000
   2     1237   114985   179955     23533010458     23533190413        55562802      63859     113816     180000         47     4    1400000  119807000  180000000  180000000
   2     1237   117523   179992     23533190423     23533370415        55742766      61252     113816     180000         49     6    1400000  119807000  180000000  180000000
   2     1237   117453   179992     23533370424     23533550416        55922767      61305     113816     180000         50     6    1400000  119807000  180000000  180000000
   2     1237   117456   179990     23533550425     23533730415        56102768      61337     113816     180000         49     6    1400000  119807000  180000000  180000000
   2     1237   117450   180011     23533730424     23533910435        56282767      61320     113816     180000         68     6    1400000  119807000  180000000  180000000
   2     1237   115684   179963     23533910449     23534090412        56462792      62991     113816     180000         46     6    1000000  119807000  180000000  180000000
   2     1237   114983   179990     23534090421     23534270411        56642764      63880     113816     180000         45     4    1400000  119807000  180000000  180000000
   2     1237   115188   179963     23534270451     23534450415        56822795      63645     113816     180000         49     6    1400000  119807000  180000000  180000000
   2     1237   115639   179998     23534450424     23534630422        57002768      63259     113816     180000         56     6    1400000  119807000  180000000  180000000
   2     1237   114987   179983     23534630432     23534810415        57182775      63813     113816     180000         49     6    1400000  119807000  180000000  180000000
   2     1237   115657   179993     23534810424     23534990416        57362767      63131     113816     180000         50     6    1400000  119807000  180000000  180000000
   2     1237   115657   179989     23534990426     23535170415        57542769      63153     113816     180000         49     6    1400000  119807000  180000000  180000000
   2     1237   115652   180021     23535170424     23535350445        57722767      63145     113816     180000         77     6    1400000  119807000  180000000  180000000
   2     1237   115338   179955     23535350458     23535530413        57902802      63367     113816     180000         47     6    1200000  119807000  180000000  180000000
   2     1237   114972   179974     23535530422     23535710396        58082766      63958     113816     180000         30     4    1400000  119807000  180000000  180000000
   2     1237   115194   180007     23535710405     23535890412        58262748      63598     113816     180000         45     6    1400000  119807000  180000000  180000000
   2     1237   115680   179994     23535890421     23536070415        58442764      62806     113816     180000         49     4    1400000  119807000  180000000  180000000
   2     1237   115683   179992     23536070424     23536250416        58622767      62759     113816     180000         50     4    1400000  119807000  180000000  180000000
   2     1237   115684   179992     23536250425     23536430417        58802769      62809     113816     180000         51     4    1400000  119807000  180000000  180000000
   2     1237   115683   179989     23536430426     23536610415        58982769      62786     113816     180000         49     4    1400000  119807000  180000000  180000000
   2     1237   115698   179998     23536610424     23536790421        59162767      62780     113816     180000         55     4    1400000  119807000  180000000  180000000
   2     1237   115190   179972     23536790432     23536970404        59342776      63473     113816     180000         38     4    1300000  119807000  180000000  180000000
   2     1237   114967   180009     23536970413     23537150421        59522756      63853     113816     180000         55     6    1400000  119807000  180000000  180000000
   2     1237   115226   179983     23537150430     23537330414        59702774      63427     113816     180000         48     4    1400000  119807000  180000000  180000000
   2     1237   115636   179991     23537330423     23537510414        59882766      63295     113816     180000         48     5    1400000  119807000  180000000  180000000
   2     1237   117489   179997     23537510423     23537690420        60062766      61308     113816     180000         54     5    1400000  119807000  180000000  180000000
   2     1237   115627   179985     23537690429     23537870414        60242773      63263     113816     180000         48     5    1400000  119807000  180000000  180000000
   2     1237   115649   179992     23537870423     23538050415        60422766      63359     113816     180000         49     5    1400000  119807000  180000000  180000000
   2     1237   115657   180034     23538050423     23538230457        60602767      63302     113816     180000         90     5    1400000  119807000  180000000  180000000
   2     1237   115171   179947     23538230466     23538410414        60782810      63367     113816     180000         47     5    1300000  119807000  180000000  180000000
