#idx     perf      run   period           start             end          rel_st      slack c_duration   c_period     wu_lat   cpu       freq dl_runtime  dl_period dl_deadline
   5     3347   311487   829919     83221638357     83222468276         2369707     181054     307990     830000         53     5    1200000  324201000  830000000  830000000
   5     3347   311185   829988     83222468285     83223298273         3199635     475367     307990     830000         50     7    1400000  324201000  830000000  830000000
   5     3347   335099   840871     83223298283     83224139154         4029632     -10932     307990     830000          0     6    1300000  324201000  830000000  830000000
   5     3347   335106   838176     83224139164     83224977339         4870513     -19117     307990     830000          0     6    1300000  324201000  830000000  830000000
   5     3347   329618   834738     83224977349     83225812087         5708698     -23865     307990     830000          0     4    1300000  324201000  830000000  830000000
   5     3347   347956   862864     83225812097     83226674961         6543446     -56739     307990     830000          0     5    1300000  324201000  830000000  830000000
   5     3347   363036   868696     83226674972     83227543668         7406321     -95446     307990     830000          0     4    1200000  324201000  830000000  830000000
   5     3347   363033   904387     83227543678     83228448066         8275027    -169844     307990     830000          0     6    1200000  324201000  830000000  830000000
   5     3347   362998   884007     83228448076     83229332083         9179425    -223862     307990     830000          0     5    1200000  324201000  830000000  830000000
   5     3347   363035   909498     83229332093     83230241591        10063443    -303370     307990     830000          0     7    1200000  324201000  830000000  830000000
   5     3347   345560   769109     83230241602     83231010711        10972951    -242489     307990     830000          0     7    1200000  324201000  830000000  830000000
   5     3347   357691   863385     83231010720     83231874106        11742070    -275884     307990     830000          0     5    1300000  324201000  830000000  830000000
   5     3347   339057  1085022     83231874116     83232959138        12605466    -530916     307990     830000          0     5    1200000  324201000  830000000  830000000
   5     3347   360155  1129674     83232959147     83234088821        13690497    -830600     307990     830000          0     5    1300000  324201000  830000000  830000000
   5     3347   360569   866610     83234088831     83234955441        14820181    -867219     307990     830000          0     7    1300000  324201000  830000000  830000000
   5     3347   364895   871744     83234955453     83235827197        15686802    -908975     307990     830000          0     6    1100000  324201000  830000000  830000000
   5     3347   355903   837338     83235827207     83236664545        16558556    -916323     307990     830000          0     5    1200000  324201000  830000000  830000000
   5     3347   359791   905110     83236664555     83237569665        17395904    -991443     307990     830000          0     5    1300000  324201000  830000000  830000000
   5     3347   363057   826800     83237569675     83238396475        18301024    -988253     307990     830000          0     7    1200000  324201000  830000000  830000000
   5     3347   363061   866989     83238396485     83239263474        19127835   -1025252     307990     830000          0     4    1200000  324201000  830000000  830000000
   5     3347   363089   869475     83239263484     83240132960        19994834   -1064738     307990     830000          0     7    1200000  324201000  830000000  830000000
   5     3347   352162   921553     83240132970     83241054522        20864319   -1156301     307990     830000          0     5    1200000  324201000  830000000  830000000
   5     3347   360502   882426     83241054532     83241936958        21785881   -1208736     307990     830000          0     5    1300000  324201000  830000000  830000000
   5     3347   350224   774361     83241937020     83242711382        22668370   -1153160     307990     830000          0     7    1000000  324201000  830000000  830000000
   5     3347   363047  1401066     83242711392     83244112458        23442741   -1724236     307990     830000          0     6    1200000  324201000  830000000  830000000
   5     3347   362963   843662     83244112468     83244956130        24843818   -1737908     307990     830000          0     5    1200000  324201000  830000000  830000000
   5     3347   363025   852352     83244956141     83245808492        25687490   -1760271     307990     830000          0     5    1200000  324201000  830000000  830000000
   5     3347   363053   889293     83245808503     83246697796        26539852   -1819574     307990     830000          0     5    1200000  324201000  830000000  830000000
   5     3347   363047   847058     83246697806     83247544864        27429155   -1836642     307990     830000          0     5    1200000  324201000  830000000  830000000
   5     3347   361433   914011     83247544874     83248458885        28276224   -1920664     307990     830000          0     5    1200000  324201000  830000000  830000000
   5     3347   353730   814038     83248458895     83249272933        29190244   -1904712     307990     830000          0     7    1300000  324201000  830000000  830000000
   5     3347   347387   853292     83249272944     83250126236        30004293   -1928014     307990     830000          0     6    1200000  324201000  830000000  830000000
   5     3347   369087   914787     83250126246     83251041033        30857596   -2012812     307990     830000          0     5    1200000  324201000  830000000  830000000
   5     3347   367719  1325606     83251041045     83252366651        31772394   -2508429     307990     830000          0     4    1200000  324201000  830000000  830000000
   5     3347   363018   866222     83252366661     83253232884        33098011   -2544662     307990     830000          0     4    1200000  324201000  830000000  830000000
   5     3347   357536   865932     83253232895     83254098826        33964244   -2580605     307990     830000          0     6    1200000  324201000  830000000  830000000
   5     3347   363030   914213     83254098837     83255013049        34830186   -2664828     307990     830000          0     6    1200000  324201000  830000000  830000000
   5     3347   362996  1172187     83255013060     83256185247        35744409   -3007025     307990     830000          0     5    1200000  324201000  830000000  830000000
   5     3347   358357   733769     83256185257     83256919026        36916607   -2910804     307990     830000          0     4    1200000  324201000  830000000  830000000
   5     3347   363019   695526     83256919037     83257614563        37650386   -2776341     307990     830000          0     4    1200000  324201000  830000000  830000000
   5     3347   353643   861061     83257614573     83258475634        38345922   -2807412     307990     830000          0     5    1200000  324201000  830000000  830000000
   5     3347   335079   826133     83258475644     83259301776        39206993   -2803555     307990     830000          0     5    1300000  324201000  830000000  830000000
   5     3347   359236   898418     83259301786     83260200203        40033135   -2871982     307990     830000          0     5    1300000  324201000  830000000  830000000
   5     3347   368510  1312083     83260200214     83261512296        40931563   -3354074     307990     830000          0     5    1200000  324201000  830000000  830000000
   5     3347   367921   864911     83261512309     83262377220        42243658   -3388998     307990     830000          0     7    1000000  324201000  830000000  830000000
   5     3347   363013   909081     83262377230     83263286311        43108580   -3468089     307990     830000          0     7    1200000  324201000  830000000  830000000
   5     3347   363033   866566     83263286322     83264152887        44017671   -3504665     307990     830000          0     7    1200000  324201000  830000000  830000000
   5     3347   363074   829703     83264152936     83264982639        44884285   -3504417     307990     830000          0     7    1200000  324201000  830000000  830000000
   5     3347   363082   871792     83264982649     83265854441        45713998   -3546219     307990     830000          0     5    1200000  324201000  830000000  830000000
   5     3347   363027   971739     83265854452     83266826191        46585801   -3687969     307990     830000          0     4    1200000  324201000  830000000  830000000
   5     3347   363021   807046     83266826201     83267633247        47557550   -3665025     307990     830000          0     5    1200000  324201000  830000000  830000000
   5     3347   363051  1332034     83267633257     83268965291        48364606   -4167069     307990     830000          0     6    1200000  324201000  830000000  830000000
   5     3347   363058   865878     83268965301     83269831179        49696650   -4202957     307990     830000          0     6    1200000  324201000  830000000  830000000
   5     3347   363043  1043108     83269831190     83270874298        50562539   -4416076     307990     830000          0     5    1200000  324201000  830000000  830000000
   5     3347   352839   884346     83270874308     83271758654        51605657   -4470432     307990     830000          0     4    1200000  324201000  830000000  830000000
   5     3347   361331   713520     83271758663     83272472183        52490013   -4353961     307990     830000          0     4    1300000  324201000  830000000  830000000
   5     3347   363060   825803     83272472194     83273297997        53203543   -4349775     307990     830000          0     5    1200000  324201000  830000000  830000000
   5     3347   363034   968715     83273298008     83274266723        54029357   -4488501     307990     830000          0     7    1200000  324201000  830000000  830000000
   5     3347   363021   810686     83274266733     83275077419        54998082   -4469197     307990     830000          0     7    1200000  324201000  830000000  830000000
   5     3347   363055   828437     83275077430     83275905866        55808779   -4467644     307990     830000          0     5    1200000  324201000  830000000  830000000
   5     3347   363054  1371671     83275905877     83277277548        56637226   -5009326     307990     830000          0     4    1200000  324201000  830000000  830000000
   5     3347   357718   898431     83277277558     83278175989        58008907   -5077767     307990     830000          0     4    1200000  324201000  830000000  830000000
   5     3347   362354   838052     83278175999     83279014050        58907348   -5085829     307990     830000          0     7    1300000  324201000  830000000  830000000
   5     3347   354342  1058042     83279014061     83280072103        59745410   -5313881     307990     830000          0     5    1200000  324201000  830000000  830000000
   5     3347   350705   690229     83280072113     83280762342        60803462   -5174120     307990     830000          0     5    1200000  324201000  830000000  830000000
   5     3347   363777   863483     83280762351     83281625834        61493700   -5207612     307990     830000          0     5    1300000  324201000  830000000  830000000
   5     3347   363031  1024375     83281625844     83282650219        62357193   -5401998     307990     830000          0     5    1200000  324201000  830000000  830000000
   5     3347   363058   879438     83282650230     83283529667        63381579   -5451446     307990     830000          0     6    1200000  324201000  830000000  830000000
   5     3347   363018   663913     83283529678     83284193591        64261027   -5285369     307990     830000          0     6    1200000  324201000  830000000  830000000
   5     3347   347229   890722     83284193601     83285084323        64924950   -5346101     307990     830000          0     4    1200000  324201000  830000000  830000000
   5     3347   362067  1361086     83285084369     83286445455        65815718   -5877233     307990     830000          0     4    1300000  324201000  830000000  830000000
   5     3347   363000   832516     83286445466     83287277982        67176815   -5879760     307990     830000          0     6    1200000  324201000  830000000  830000000
   5     3347   363046   866399     83287277992     83288144391        68009342   -5916169     307990     830000          0     6    1200000  324201000  830000000  830000000
   5     3347   362998   964805     83288144402     83289109207        68875751   -6050985     307990     830000          0     6    1200000  324201000  830000000  830000000
   5     3347   363071   774663     83289109217     83289883881        69840567   -5995659     307990     830000          0     6    1200000  324201000  830000000  830000000
   5     3347   346094   851576     83289883891     83290735467        70615240   -6017245     307990     830000          0     6    1200000  324201000  830000000  830000000
   5     3347   363024   893470     83290735476     83291628947        71466826   -6080725     307990     830000          0     6    1300000  324201000  830000000  830000000
   5     3347   363031   848281     83291628957     83292477238        72360306   -6099016     307990     830000          0     4    1200000  324201000  830000000  830000000
   5     3347   363066   900560     83292477249     83293377809        73208598   -6169587     307990     830000          0     5    1200000  324201000  830000000  830000000
   5     3347   348499  1324919     83293377819     83294702739        74109168   -6664517     307990     830000          0     7    1200000  324201000  830000000  830000000
   5     3347   337865   842938     83294702749     83295545687        75434098   -6677465     307990     830000          0     6    1300000  324201000  830000000  830000000
   5     3347   363045   870436     83295545698     83296416133        76277047   -6717912     307990     830000          0     6    1200000  324201000  830000000  830000000
   5     3347   363010   904349     83296416144     83297320493        77147493   -6792271     307990     830000          0     6    1200000  324201000  830000000  830000000
   5     3347   360806  1016036     83297320503     83298336539        78051853   -6978317     307990     830000          0     6    1200000  324201000  830000000  830000000
   5     3347   363036   672518     83298336549     83299009067        79067899   -6820845     307990     830000          0     4    1200000  324201000  830000000  830000000
   5     3347   363043   870472     83299009078     83299879550        79740427   -6861328     307990     830000          0     6    1200000  324201000  830000000  830000000
   5     3347   363060  1242167     83299879561     83301121728        80610910   -7273506     307990     830000          0     7    1200000  324201000  830000000  830000000
   5     3347   363042   786345     83301121738     83301908083        81853088   -7229861     307990     830000          0     6    1200000  324201000  830000000  830000000
   5     3347   363438  1084024     83301908093     83302992117        82639443   -7483895     307990     830000          0     7    1200000  324201000  830000000  830000000
   5     3347   363047   868563     83302992128     83303860691        83723477   -7522469     307990     830000          0     5    1200000  324201000  830000000  830000000
   5     3347   362978   911900     83303860702     83304772601        84592051   -7604380     307990     830000          0     5    1200000  324201000  830000000  830000000
   5     3347   363027   823380     83304772611     83305595992        85503961   -7597770     307990     830000          0     7    1200000  324201000  830000000  830000000
   5     3347   363062   870405     83305596002     83306466407        86327351   -7638186     307990     830000          0     5    1200000  324201000  830000000  830000000
   5     3347   381507   887485     83306466418     83307353903        87197767   -7695681     307990     830000          0     4    1200000  324201000  830000000  830000000
   5     3347   373226   878642     83307353959     83308232602        88085309   -7744380     307990     830000          0     5    1100000  324201000  830000000  830000000
   5     3347   363052   876364     83308232612     83309108977        88963962   -7790755     307990     830000          0     5    1200000  324201000  830000000  830000000
   5     3347   363081  1345767     83309108987     83310454754        89840336   -8306532     307990     830000          0     6    1200000  324201000  830000000  830000000
