#idx     perf      run   period           start             end          rel_st      slack c_duration   c_period     wu_lat   cpu       freq dl_runtime  dl_period dl_deadline
   3     3233   300496   830987    101850687217    101851518205         1165179     525902     297438     850000         42     5    1400000  313093000  850000000  850000000
   3     3233   300485   849990    101851518214    101852368205         1996176     546532     297438     850000         42     4    1400000  313093000  850000000  850000000
   3     3233   300526   850001    101852368214    101853218215         2846176     528988     297438     850000         52     5    1400000  313093000  850000000  850000000
   3     3233   300475   849987    101853218224    101854068211         3696186     546562     297438     850000         49     6    1400000  313093000  850000000  850000000
   3     3233   300476   849992    101854068220    101854918212         4546182     546765     297438     850000         50     6    1400000  313093000  850000000  850000000
   3     3233   300514   849991    101854918221    101855768212         5396183     537176     297438     850000         47     4    1400000  313093000  850000000  850000000
   3     3233   300475   849973    101855768222    101856618195         6246183     546932     297438     850000         33     6    1400000  313093000  850000000  850000000
   3     3233   300523   850007    101856618204    101857468210         7096166     490995     297438     850000         48     5    1400000  313093000  850000000  850000000
   3     3233   304667   849997    101857468219    101858318216         7946181     524175     297438     850000         54     6    1400000  313093000  850000000  850000000
   3     3233   300494   849969    101858318226    101859168195         8796188     506811     297438     850000         33     5    1400000  313093000  850000000  850000000
   3     3233   318674   855711    101859168204    101860023916         9646166      -5754     297438     850000          0     6    1400000  313093000  850000000  850000000
   3     3233   300503   883593    101860023925    101860907518        10501887     523368     297438     850000      39356     4    1400000  313093000  850000000  850000000
   3     3233   319071   816172    101860907527    101861723699        11385489      -5538     297438     850000          0     5    1300000  313093000  850000000  850000000
   3     3233   300519   844501    101861723709    101862568210        12201671     541078     297438     850000         48     5    1400000  313093000  850000000  850000000
   3     3233   300552   850012    101862568219    101863418231        13046181     413775     297438     850000         69     6    1400000  313093000  850000000  850000000
   3     3233   300508   849997    101863418240    101864268237        13896202     546391     297438     850000         75     6    1400000  313093000  850000000  850000000
   3     3233   300529   849968    101864268246    101865118214        14746208     490607     297438     850000         52     4    1400000  313093000  850000000  850000000
   3     3233   300526   849982    101865118223    101865968206        15596185     476494     297438     850000         42     4    1400000  313093000  850000000  850000000
   3     3233   300519   849981    101865968215    101866818196        16446177     546635     297438     850000         34     5    1400000  313093000  850000000  850000000
   3     3233   300523   850000    101866818205    101867668205        17296167     536445     297438     850000         43     5    1400000  313093000  850000000  850000000
   3     3233   300534   850029    101867668214    101868518242        18146175     546503     297438     850000         80     6    1400000  313093000  850000000  850000000
   3     3233   307130   849958    101868518251    101869368209        18996213     530681     297438     850000         47     5    1400000  313093000  850000000  850000000
   3     3233   300493   849987    101869368218    101870218205        19846180     546767     297438     850000         43     6    1400000  313093000  850000000  850000000
   3     3233   314760   867697    101870218253    101871085951        20696215     -17789     297438     850000          0     6    1400000  313093000  850000000  850000000
   3     3233   300480   832244    101871085960    101871918204        21563922     529136     297438     850000         42     4    1400000  313093000  850000000  850000000
   3     3233   300494   849984    101871918213    101872768197        22396175     529315     297438     850000         35     5    1400000  313093000  850000000  850000000
   3     3233   319376   856706    101872768206    101873624912        23246168      -6750     297438     850000          0     6    1400000  313093000  850000000  850000000
   3     3233   300521   843274    101873624920    101874468195        24102882     530533     297438     850000         32     5    1400000  313093000  850000000  850000000
   3     3233   300544   923662    101874468204    101875391866        24946165     434426     297438     850000      73703     5    1400000  313093000  850000000  850000000
   3     3233   300474   776336    101875391874    101876168210        25869836     473041     297438     850000         48     4    1400000  313093000  850000000  850000000
   3     3233   310899   849975    101876168220    101877018194        26646181     536002     297438     850000         32     6    1400000  313093000  850000000  850000000
   3     3233   308272   850012    101877018203    101877868215        27496165     254231     297438     850000         52     5    1400000  313093000  850000000  850000000
   3     3233   337029   870558    101877868225    101878738783        28346187     -20621     297438     850000          0     5    1300000  313093000  850000000  850000000
   3     3233   326903   865879    101878738793    101879604672        29216755     -36510     297438     850000          0     6    1300000  313093000  850000000  850000000
   3     3233   323622   860819    101879604681    101880465500        30082643     -47339     297438     850000          0     7    1300000  313093000  850000000  850000000
   3     3233   345597   884281    101880465512    101881349793        30943474     -81631     297438     850000          0     4    1300000  313093000  850000000  850000000
   3     3233   325268   876297    101881349807    101882226104        31827769    -107943     297438     850000          0     7    1200000  313093000  850000000  850000000
   3     3233   334258   906134    101882226115    101883132249        32704077    -164087     297438     850000          0     5    1300000  313093000  850000000  850000000
   3     3233   330883   889667    101883132259    101884021927        33610221    -203765     297438     850000          0     6    1300000  313093000  850000000  850000000
   3     3233   323587   786996    101884021937    101884808932        34499898    -140771     297438     850000          0     6    1300000  313093000  850000000  850000000
   3     3233   334101   874140    101884808941    101885683082        35286903    -164920     297438     850000          0     7    1300000  313093000  850000000  850000000
   3     3233   349832   886797    101885683093    101886569889        36161055    -201728     297438     850000          0     7    1300000  313093000  850000000  850000000
   3     3233   348913  1134214    101886569900    101887704114        37047861    -485953     297438     850000          0     4    1200000  313093000  850000000  850000000
   3     3233   346180   649545    101887704125    101888353669        38182086    -285508     297438     850000          0     5    1200000  313093000  850000000  850000000
   3     3233   333122   892326    101888353680    101889246006        38831641    -327845     297438     850000          0     7    1200000  313093000  850000000  850000000
   3     3233   332837  1382864    101889246016    101890628880        39723978    -860719     297438     850000          0     5    1200000  313093000  850000000  850000000
   3     3233   334519   874775    101890628891    101891503666        41106853    -885505     297438     850000          0     4    1200000  313093000  850000000  850000000
   3     3233   345680   883182    101891503719    101892386901        41981681    -918740     297438     850000          0     4    1300000  313093000  850000000  850000000
   3     3233   333364   868613    101892386912    101893255524        42864874    -937363     297438     850000          0     4    1200000  313093000  850000000  850000000
   3     3233   346274   882593    101893255534    101894138127        43733496    -969965     297438     850000          0     4    1300000  313093000  850000000  850000000
   3     3233   350562   913861    101894138137    101895051998        44616099   -1033837     297438     850000          0     4    1200000  313093000  850000000  850000000
   3     3233   340030   853787    101895052036    101895905823        45529998   -1037661     297438     850000          0     4    1200000  313093000  850000000  850000000
   3     3233   336899   872454    101895905833    101896778287        46383795   -1060125     297438     850000          0     6    1300000  313093000  850000000  850000000
   3     3233   350574  1013559    101896778298    101897791856        47256259   -1223695     297438     850000          0     4    1200000  313093000  850000000  850000000
   3     3233   331376   744927    101897791867    101898536794        48269829   -1118633     297438     850000          0     5    1200000  313093000  850000000  850000000
   3     3233   345306   920702    101898536804    101899457506        49014766   -1189345     297438     850000          0     4    1300000  313093000  850000000  850000000
   3     3233   325024   840005    101899457517    101900297522        49935479   -1179360     297438     850000          0     4    1200000  313093000  850000000  850000000
   3     3233   345133  1399524    101900297531    101901697055        50775493   -1728894     297438     850000          0     4    1300000  313093000  850000000  850000000
   3     3233   300529   836124    101901697065    101902533189        52175027   -1715028     297438     850000          0     4    1400000  313093000  850000000  850000000
   3     3233   306977   842695    101902533199    101903375894        53011161   -1707732     297438     850000          0     6    1400000  313093000  850000000  850000000
   3     3233   323655   860757    101903375903    101904236661        53853865   -1718499     297438     850000          0     7    1300000  313093000  850000000  850000000
   3     3233   323622   862199    101904236670    101905098869        54714632   -1730708     297438     850000          0     4    1300000  313093000  850000000  850000000
   3     3233   306168   843795    101905098879    101905942674        55576841   -1724513     297438     850000          0     5    1300000  313093000  850000000  850000000
   3     3233   326538   864093    101905942684    101906806777        56420646   -1738615     297438     850000          0     5    1300000  313093000  850000000  850000000
   3     3233   331203   920545    101906806787    101907727332        57284749   -1809170     297438     850000          0     7    1200000  313093000  850000000  850000000
   3     3233   343523   827515    101907727342    101908554857        58205304   -1786696     297438     850000          0     5    1200000  313093000  850000000  850000000
   3     3233   340904   878922    101908554867    101909433789        59032829   -1815628     297438     850000          0     4    1300000  313093000  850000000  850000000
   3     3233   339069   875287    101909433800    101910309087        59911762   -1840925     297438     850000          0     6    1200000  313093000  850000000  850000000
   3     3233   323617   861345    101910309097    101911170442        60787059   -1852280     297438     850000          0     4    1300000  313093000  850000000  850000000
   3     3233   336383   979083    101911170451    101912149534        61648413   -1981373     297438     850000          0     7    1300000  313093000  850000000  850000000
   3     3233   338844   779345    101912149579    101912928924        62627541   -1910763     297438     850000          0     4    1300000  313093000  850000000  850000000
   3     3233   333085   975740    101912928935    101913904674        63406897   -2036513     297438     850000          0     4    1200000  313093000  850000000  850000000
   3     3233   349552   771833    101913904684    101914676518        64382646   -1958356     297438     850000          0     5    1200000  313093000  850000000  850000000
   3     3233   325322   861597    101914676528    101915538126        65154490   -1969964     297438     850000          0     7    1200000  313093000  850000000  850000000
   3     3233   349178   926695    101915538135    101916464830        66016097   -2046669     297438     850000          0     5    1300000  313093000  850000000  850000000
   3     3233   335525  1367006    101916464841    101917831848        66942803   -2563686     297438     850000          0     4    1200000  313093000  850000000  850000000
   3     3233   333322   869443    101917831858    101918701300        68309820   -2583139     297438     850000          0     4    1200000  313093000  850000000  850000000
   3     3233   323624   860073    101918701310    101919561383        69179272   -2593222     297438     850000          0     7    1300000  313093000  850000000  850000000
   3     3233   338165   878583    101919561393    101920439977        70039355   -2621815     297438     850000          0     6    1300000  313093000  850000000  850000000
   3     3233   341716   895139    101920439987    101921335126        70917949   -2666965     297438     850000          0     4    1200000  313093000  850000000  850000000
   3     3233   325164   845415    101921335136    101922180551        71813098   -2662390     297438     850000          0     7    1300000  313093000  850000000  850000000
   3     3233   314880   852676    101922180561    101923033237        72658523   -2665076     297438     850000          0     6    1300000  313093000  850000000  850000000
   3     3233   320630   903628    101923033246    101923936874        73511208   -2718713     297438     850000          0     4    1400000  313093000  850000000  850000000
   3     3233   321055   856145    101923936884    101924793029        74414846   -2724868     297438     850000          0     7    1300000  313093000  850000000  850000000
   3     3233   313768   813598    101924793039    101925606637        75271001   -2688476     297438     850000          0     4    1300000  313093000  850000000  850000000
   3     3233   323932   854262    101925606646    101926460908        76084608   -2692746     297438     850000          0     7    1400000  313093000  850000000  850000000
   3     3233   345411   880557    101926460918    101927341475        76938880   -2723314     297438     850000          0     7    1200000  313093000  850000000  850000000
   3     3233   336344   894217    101927341486    101928235702        77819448   -2767541     297438     850000          0     4    1200000  313093000  850000000  850000000
   3     3233   344638   861293    101928235712    101929097004        78713674   -2778843     297438     850000          0     7    1300000  313093000  850000000  850000000
   3     3233   336287   933503    101929097015    101930030518        79574977   -2862356     297438     850000          0     6    1200000  313093000  850000000  850000000
   3     3233   334590   827960    101930030528    101930858488        80508490   -2840327     297438     850000          0     5    1200000  313093000  850000000  850000000
   3     3233   337092   859774    101930858499    101931718273        81336461   -2850111     297438     850000          0     7    1200000  313093000  850000000  850000000
   3     3233   314922   851311    101931718283    101932569593        82196244   -2851432     297438     850000          0     6    1300000  313093000  850000000  850000000
   3     3233   315930   850393    101932569603    101933419996        83047565   -2851835     297438     850000          0     4    1300000  313093000  850000000  850000000
   3     3233   311884   852244    101933420074    101934272318        83898036   -2854157     297438     850000          0     4    1400000  313093000  850000000  850000000
   3     3233   323599   857882    101934272328    101935130210        84750290   -2862049     297438     850000          0     6    1300000  313093000  850000000  850000000
   3     3233   347581  1429037    101935130220    101936559257        85608182   -3441096     297438     850000          0     5    1300000  313093000  850000000  850000000
   3     3233   346612   875399    101936559267    101937434665        87037229   -3466504     297438     850000          0     5    1300000  313093000  850000000  850000000
   3     3233   331686  1076259    101937434676    101938510935        87912637   -3692773     297438     850000          0     5    1200000  313093000  850000000  850000000
   3     3233   338502   667004    101938510945    101939177949        88988906   -3509787     297438     850000          0     7    1200000  313093000  850000000  850000000
   3     3233   350651   890528    101939177959    101940068487        89655921   -3550326     297438     850000          0     4    1200000  313093000  850000000  850000000
