#idx     perf      run   period           start             end          rel_st      slack c_duration   c_period     wu_lat   cpu       freq dl_runtime  dl_period dl_deadline
   4       66    17328   119394    141580587434    141580706828         5472094     101525       6116     120000         77     5     500000    8116000  120000000  120000000
   4       66    17328   119999    141580706853    141580826852         5591514     102131       6116     120000        102     5     500000    8116000  120000000  120000000
   4       66    17328   119974    141580826876    141580946850         5711536     102112       6116     120000        100     5     500000    8116000  120000000  120000000
   4       66    17334   119949    141580946874    141581066823         5831534     102067       6116     120000         73     5     500000    8116000  120000000  120000000
   4       66    17325   120007    141581066846    141581186853         5951506     102140       6116     120000        103     5     500000    8116000  120000000  120000000
   4       66    17326   119951    141581186876    141581306828         6071537     102119       6116     120000         77     5     500000    8116000  120000000  120000000
   4       66    17328   120180    141581306850    141581427030         6191510     102118       6116     120000        280     5     500000    8116000  120000000  120000000
   4       66    17325   119975    141581427053    141581547028         6311714     101974       6116     120000        277     5     500000    8116000  120000000  120000000
   4       66    17325   119950    141581547052    141581667002         6431712     101975       6116     120000        251     5     500000    8116000  120000000  120000000
   4       66    17327   120025    141581667025    141581787050         6551686     102016       6116     120000        299     5     500000    8116000  120000000  120000000
   4       66    17330   119939    141581787074    141581907013         6671735     101918       6116     120000        261     5     500000    8116000  120000000  120000000
   4       66    17326   119804    141581907037    141582026841         6791697     101984       6116     120000         91     5     500000    8116000  120000000  120000000
   4       66    17328   119975    141582026865    141582146840         6911525     102111       6116     120000         90     5     500000    8116000  120000000  120000000
   4       66    17331   120186    141582146863    141582267048         7031523     102107       6116     120000        298     5     500000    8116000  120000000  120000000
   4       66    17326   119782    141582267072    141582386854         7151732     101953       6116     120000        103     5     500000    8116000  120000000  120000000
   4       66    17328   119969    141582386878    141582506847         7271538     102100       6116     120000         96     5     500000    8116000  120000000  120000000
   4       66    17328   119956    141582506871    141582626826         7391531     102116       6116     120000         75     5     500000    8116000  120000000  120000000
   4       66    17330   120191    141582626849    141582747040         7511509     102127       6116     120000        289     5     500000    8116000  120000000  120000000
   4       66    17328   119967    141582747065    141582867032         7631725     101928       6116     120000        281     5     500000    8116000  120000000  120000000
   4       66    17326   120004    141582867055    141582987059         7751715     101957       6116     120000        309     5     500000    8116000  120000000  120000000
   4       66    17328   120049    141582987083    141583107132         7871743     101910       6116     120000        382     5     500000    8116000  120000000  120000000
   4       66    17329   119850    141583107156    141583227006         7991816     101860       6116     120000        255     5     500000    8116000  120000000  120000000
   4       66    17328   119818    141583227030    141583346848         8111690     101967       6116     120000         98     5     500000    8116000  120000000  120000000
   4       66    17332   119858    141583346972    141583466831         8231633     101951       6116     120000         79     5     500000    8116000  120000000  120000000
   4       66    17329   119998    141583466854    141583586852         8351514     102134       6116     120000        102     5     500000    8116000  120000000  120000000
   4       66    17327   119971    141583586875    141583706846         8471535     102134       6116     120000         95     5     500000    8116000  120000000  120000000
   4       66    17328   119952    141583706868    141583826821         8591529     102111       6116     120000         71     5     500000    8116000  120000000  120000000
   4       66    17325   120021    141583826843    141583946864         8711503     102164       6116     120000        114     5     500000    8116000  120000000  120000000
   4       66    17329   120148    141583946887    141584067035         8831547     102071       6116     120000        285     5     500000    8116000  120000000  120000000
   4       66    17325   119991    141584067058    141584187049         8951719     101937       6116     120000        298     5     500000    8116000  120000000  120000000
   4       66    17326   119944    141584187073    141584307017         9071733     101951       6116     120000        267     5     500000    8116000  120000000  120000000
   4       66    17328   119996    141584307040    141584427036         9191700     101967       6116     120000        286     5     500000    8116000  120000000  120000000
   4       66    17326   119982    141584427059    141584547041         9311720     101947       6116     120000        290     5     500000    8116000  120000000  120000000
   4       66    17328   119761    141584547065    141584666826         9431725     101935       6116     120000         77     5     500000    8116000  120000000  120000000
   4       66    17327   120020    141584666849    141584786869         9551509     102149       6116     120000        118     5     500000    8116000  120000000  120000000
   4       66    17327   119948    141584786893    141584906841         9671553     102106       6116     120000         90     5     500000    8116000  120000000  120000000
   4       66    17329   119963    141584906864    141585026828         9791524     102106       6116     120000         77     5     500000    8116000  120000000  120000000
   4       66    17325   119998    141585026851    141585146848         9911511     102149       6116     120000         98     5     500000    8116000  120000000  120000000
   4       66    17330   119979    141585146872    141585266851        10031533     102098       6116     120000        101     5     500000    8116000  120000000  120000000
   4       66    17326   120192    141585266875    141585387067        10151536     102117       6116     120000        317     5     500000    8116000  120000000  120000000
   4       66    17327   119921    141585387090    141585507012        10271751     101915       6116     120000        262     5     500000    8116000  120000000  120000000
   4       66    17325   120027    141585507035    141585627062        10391695     101989       6116     120000        311     5     500000    8116000  120000000  120000000
   4       66    17330   119955    141585627085    141585747040        10511745     101904       6116     120000        290     5     500000    8116000  120000000  120000000
   4       66    17328   119969    141585747064    141585867033        10631724     101931       6116     120000        282     5     500000    8116000  120000000  120000000
   4       66    17324   119805    141585867056    141585986862        10751717     101994       6116     120000        111     5     500000    8116000  120000000  120000000
   4       66    17331   119967    141585986885    141586106852        10871546     102086       6116     120000        102     5     500000    8116000  120000000  120000000
   4       66    17328   119956    141586106876    141586226832        10991536     102113       6116     120000         81     5     500000    8116000  120000000  120000000
   4       66    17326   119894    141586226948    141586346842        11111608     102045       6116     120000         92     5     500000    8116000  120000000  120000000
   4       66    17328   119981    141586346865    141586466846        11231525     102129       6116     120000         96     5     500000    8116000  120000000  120000000
   4       66    17329   119992    141586466869    141586586860        11351529     102120       6116     120000        110     5     500000    8116000  120000000  120000000
   4       66    17328   120125    141586586883    141586707009        11471544     102120       6116     120000        258     5     500000    8116000  120000000  120000000
   4       66    17326   120001    141586707032    141586827033        11591692     101991       6116     120000        281     5     500000    8116000  120000000  120000000
   4       66    17329   119957    141586827056    141586947013        11711716     101936       6116     120000        263     5     500000    8116000  120000000  120000000
   4       66    17328   119970    141586947036    141587067006        11831696     101979       6116     120000        256     5     500000    8116000  120000000  120000000
   4       66    17323   120020    141587067029    141587187049        11951689     102039       6116     120000        297     5     500000    8116000  120000000  120000000
   4       66    17330   119788    141587187072    141587306860        12071733     101915       6116     120000        110     5     500000    8116000  120000000  120000000
   4       66    17329   119945    141587306884    141587426829        12191544     102086       6116     120000         78     5     500000    8116000  120000000  120000000
   4       66    17326   119995    141587426851    141587546846        12311512     102161       6116     120000         95     5     500000    8116000  120000000  120000000
   4       66    17328   119971    141587546869    141587666840        12431530     102102       6116     120000         90     5     500000    8116000  120000000  120000000
   4       66    17331   120003    141587666864    141587786867        12551525     102100       6116     120000        117     5     500000    8116000  120000000  120000000
   4       66    17332   119951    141587786890    141587906842        12671551     102044       6116     120000         91     5     500000    8116000  120000000  120000000
   4       66    17327   120169    141587906864    141588027033        12791524     102094       6116     120000        283     5     500000    8116000  120000000  120000000
   4       66    17326   120002    141588027056    141588147058        12911716     101971       6116     120000        307     5     500000    8116000  120000000  120000000
   4       66    17330   119935    141588147082    141588267018        13031743     101884       6116     120000         82     5     500000    8116000  120000000  120000000
   4       66    17325   120004    141588267043    141588387047        13151703     101968       6116     120000        296     5     500000    8116000  120000000  120000000
   4       66    17327   119960    141588387070    141588507030        13271730     101947       6116     120000        279     5     500000    8116000  120000000  120000000
   4       66    17329   119774    141588507053    141588626828        13391714     101934       6116     120000         77     5     500000    8116000  120000000  120000000
   4       66    17326   119994    141588626850    141588746844        13511511     102166       6116     120000         94     5     500000    8116000  120000000  120000000
   4       66    17328   119954    141588746867    141588866821        13631527     102128       6116     120000         71     5     500000    8116000  120000000  120000000
   4       66    17326   120029    141588866845    141588986873        13751505     102151       6116     120000        123     5     500000    8116000  120000000  120000000
   4       66    17328   119881    141588986975    141589106855        13871635     102034       6116     120000        105     5     500000    8116000  120000000  120000000
   4       66    17328   119963    141589106878    141589226841        13991539     102110       6116     120000         91     5     500000    8116000  120000000  120000000
   4       66    17328   120176    141589226864    141589347040        14111524     102106       6116     120000        289     5     500000    8116000  120000000  120000000
   4       66    17332   119956    141589347064    141589467020        14231724     101918       6116     120000        270     5     500000    8116000  120000000  120000000
   4       66    17325   120011    141589467043    141589587054        14351703     101998       6116     120000        303     5     500000    8116000  120000000  120000000
   4       66    17326   119933    141589587078    141589707011        14471738     101948       6116     120000        261     5     500000    8116000  120000000  120000000
   4       66    17325   120000    141589707034    141589827034        14591694     101949       6116     120000        284     5     500000    8116000  120000000  120000000
   4       66    17327   119792    141589827057    141589946849        14711718     101975       6116     120000         99     5     500000    8116000  120000000  120000000
   4       66    17327   119978    141589946873    141590066850        14831533     102118       6116     120000        100     5     500000    8116000  120000000  120000000
   4       66    17329   119990    141590066874    141590186864        14951534     102124       6116     120000        114     5     500000    8116000  120000000  120000000
   4       66    17332   119934    141590186888    141590306822        15071548     102082       6116     120000         72     5     500000    8116000  120000000  120000000
   4       66    17329   120004    141590306846    141590426850        15191506     102118       6116     120000        100     5     500000    8116000  120000000  120000000
   4       66    17329   119949    141590426873    141590546823        15311534     102112       6116     120000         72     5     500000    8116000  120000000  120000000
   4       66    17331   120212    141590546846    141590667058        15431506     102090       6116     120000        308     5     500000    8116000  120000000  120000000
   4       66    17325   120053    141590667081    141590787134        15551742     101922       6116     120000        383     5     500000    8116000  120000000  120000000
   4       66    17324   119868    141590787157    141590907025        15671818     101853       6116     120000        275     5     500000    8116000  120000000  120000000
   4       66    17326   119973    141590907049    141591027022        15791709     101962       6116     120000         83     5     500000    8116000  120000000  120000000
   4       66    17328   120007    141591027045    141591147052        15911705     101951       6116     120000        301     5     500000    8116000  120000000  120000000
   4       66    17326   119775    141591147075    141591266851        16031736     101933       6116     120000        100     5     500000    8116000  120000000  120000000
   4       66    17330   119968    141591266874    141591386842        16151534     102098       6116     120000         92     5     500000    8116000  120000000  120000000
   4       66    17327   119986    141591386865    141591506851        16271525     102122       6116     120000        101     5     500000    8116000  120000000  120000000
   4       66    17328   120228    141591506873    141591627101        16391534     102105       6116     120000        351     5     500000    8116000  120000000  120000000
   4       66    17328   119713    141591627125    141591746838        16511785     101871       6116     120000         87     5     500000    8116000  120000000  120000000
   4       66    17332   119961    141591746861    141591866822        16631521     102112       6116     120000         72     5     500000    8116000  120000000  120000000
   4       66    17331   120119    141591866932    141591987050        16751592     102037       6116     120000        300     5     500000    8116000  120000000  120000000
   4       66    17329   119953    141591987073    141592107027        16871734     101913       6116     120000        277     5     500000    8116000  120000000  120000000
   4       66    17326   119954    141592107051    141592227004        16991711     101980       6116     120000        254     5     500000    8116000  120000000  120000000
   4       66    17326   120021    141592227027    141592347048        17111687     102007       6116     120000        297     5     500000    8116000  120000000  120000000
   4       66    17327   120044    141592347071    141592467114        17231731     101931       6116     120000        364     5     500000    8116000  120000000  120000000
   4       66    17326   119728    141592467137    141592586866        17351798     101865       6116     120000        115     5     500000    8116000  120000000  120000000
   4       66    17329   119939    141592586889    141592706828        17471550     102085       6116     120000         78     5     500000    8116000  120000000  120000000
   4       66    17333   119994    141592706851    141592826845        17591511     102091       6116     120000         95     5     500000    8116000  120000000  120000000
   4       66    17329   119976    141592826868    141592946844        17711529     102098       6116     120000         94     5     500000    8116000  120000000  120000000
   4       66    17328   119954    141592946868    141593066822        17831528     102110       6116     120000         70     5     500000    8116000  120000000  120000000
   4       66    17325   120000    141593066845    141593186844        17951505     102159       6116     120000         94     5     500000    8116000  120000000  120000000
   4       66    17327   120144    141593186868    141593307012        18071528     102148       6116     120000        261     5     500000    8116000  120000000  120000000
   4       66    18506   119983    141593307035    141593427017        18191695     100657       6116     120000        267     5     500000    8116000  120000000  120000000
   4       66    17327   119990    141593427040    141593547030        18311701     101958       6116     120000        280     5     500000    8116000  120000000  120000000
   4       66    17329   119978    141593547054    141593667032        18431714     101939       6116     120000        282     5     500000    8116000  120000000  120000000
   4       66    17325   120023    141593667056    141593787079        18551716     101975       6116     120000        328     5     500000    8116000  120000000  120000000
   4       66    17326   119727    141593787103    141593906830        18671763     101906       6116     120000         80     5     500000    8116000  120000000  120000000
   4       66    17325   120007    141593906853    141594026860        18791514     102150       6116     120000        110     5     500000    8116000  120000000  120000000
   4       66    17328   119953    141594026884    141594146837        18911544     102111       6116     120000         86     5     500000    8116000  120000000  120000000
   4       66    17331   119984    141594146860    141594266844        19031521     102105       6116     120000         94     5     500000    8116000  120000000  120000000
   4       66    17327   119990    141594266868    141594386858        19151528     102131       6116     120000        107     5     500000    8116000  120000000  120000000
   4       66    17331   119961    141594386881    141594506842        19271542     102065       6116     120000         91     5     500000    8116000  120000000  120000000
   4       66    17331   120152    141594506866    141594627017        19391526     102101       6116     120000        267     5     500000    8116000  120000000  120000000
   4       66    17326   119894    141594627118    141594747012        19511778     101923       6116     120000        261     5     500000    8116000  120000000  120000000
   4       66    17326   120020    141594747034    141594867055        19631695     101965       6116     120000        305     5     500000    8116000  120000000  120000000
   4       66    17326   119976    141594867080    141594987056        19751740     101932       6116     120000        305     5     500000    8116000  120000000  120000000
   4       66    17328   119937    141594987079    141595107016        19871739     101908       6116     120000        265     5     500000    8116000  120000000  120000000
   4       66    17326   119810    141595107039    141595226849        19991699     101973       6116     120000         99     5     500000    8116000  120000000  120000000
   4       66    17332   119977    141595226872    141595346849        20111533     102084       6116     120000         99     5     500000    8116000  120000000  120000000
   4       66    17331   119951    141595346872    141595466823        20231532     102094       6116     120000         73     5     500000    8116000  120000000  120000000
   4       66    17325   119993    141595466845    141595586838        20351506     102130       6116     120000         88     5     500000    8116000  120000000  120000000
   4       66    17328   119989    141595586861    141595706850        20471521     102107       6116     120000         99     5     500000    8116000  120000000  120000000
   4       66    17330   119959    141595706873    141595826832        20591534     102112       6116     120000         81     5     500000    8116000  120000000  120000000
   4       66    17325   120172    141595826855    141595947027        20711515     102146       6116     120000        276     5     500000    8116000  120000000  120000000
   4       66    17327   119979    141595947050    141596067028        20831710     101968       6116     120000        278     5     500000    8116000  120000000  120000000
   4       66    17328   120009    141596067052    141596187061        20951712     101952       6116     120000        310     5     500000    8116000  120000000  120000000
   4       66    17327   119923    141596187084    141596307007        21071744     101919       6116     120000        257     5     500000    8116000  120000000  120000000
   4       66    17326   119990    141596307029    141596427019        21191690     102016       6116     120000        269     5     500000    8116000  120000000  120000000
   4       66    17326   119819    141596427043    141596546862        21311703     101941       6116     120000        112     5     500000    8116000  120000000  120000000
   4       66    17333   119960    141596546886    141596666846        21431546     102049       6116     120000         96     5     500000    8116000  120000000  120000000
   4       66    17326   119992    141596666869    141596786861        21551529     102148       6116     120000        110     5     500000    8116000  120000000  120000000
   4       66    17328   119954    141596786884    141596906839        21671545     102115       6116     120000         88     5     500000    8116000  120000000  120000000
   4       66    17330   119963    141596906862    141597026825        21791523     102071       6116     120000         75     5     500000    8116000  120000000  120000000
   4       66    17327   119992    141597026847    141597146839        21911508     102149       6116     120000         88     5     500000    8116000  120000000  120000000
   4       66    17327   120171    141597146862    141597267033        22031522     102140       6116     120000        282     5     500000    8116000  120000000  120000000
   4       66    17326   120008    141597267056    141597387064        22151716     101951       6116     120000        313     5     500000    8116000  120000000  120000000
   4       66    17327   119926    141597387087    141597507013        22271748     101875       6116     120000        263     5     500000    8116000  120000000  120000000
   4       66    17325   119924    141597507115    141597627039        22391775     101880       6116     120000        289     5     500000    8116000  120000000  120000000
   4       66    17326   119988    141597627063    141597747050        22511723     101959       6116     120000        300     5     500000    8116000  120000000  120000000
   4       66    17334   119750    141597747074    141597866824        22631734     101876       6116     120000         73     5     500000    8116000  120000000  120000000
   4       66    17327   120012    141597866848    141597986860        22751508     102172       6116     120000        109     5     500000    8116000  120000000  120000000
   4       66    17325   119942    141597986883    141598106825        22871544     102105       6116     120000         75     5     500000    8116000  120000000  120000000
   4       66    17330   119988    141598106848    141598226836        22991509     102116       6116     120000         85     5     500000    8116000  120000000  120000000
   4       66    17327   119995    141598226859    141598346854        23111520     102137       6116     120000        104     5     500000    8116000  120000000  120000000
   4       66    17328   119970    141598346877    141598466846        23231537     102062       6116     120000         96     5     500000    8116000  120000000  120000000
   4       66    17327   120187    141598466870    141598587057        23351530     102102       6116     120000        306     5     500000    8116000  120000000  120000000
   4       66    17328   119926    141598587080    141598707006        23471740     101915       6116     120000        255     5     500000    8116000  120000000  120000000
   4       66    17326   120002    141598707029    141598827031        23591689     101991       6116     120000        280     5     500000    8116000  120000000  120000000
   4       66    17325   119957    141598827053    141598947011        23711714     101960       6116     120000        260     5     500000    8116000  120000000  120000000
   4       66    17328   120004    141598947034    141599067037        23831694     101970       6116     120000        287     5     500000    8116000  120000000  120000000
   4       66    17326   119790    141599067061    141599186851        23951721     101941       6116     120000        100     5     500000    8116000  120000000  120000000
   4       66    17327   119982    141599186874    141599306855        24071534     102117       6116     120000        105     5     500000    8116000  120000000  120000000
   4       66    17330   119947    141599306878    141599426826        24191539     102082       6116     120000         75     5     500000    8116000  120000000  120000000
   4       66    17332   120000    141599426849    141599546849        24311509     102123       6116     120000         98     5     500000    8116000  120000000  120000000
   4       66    17328   119975    141599546872    141599666846        24431532     102111       6116     120000         96     5     500000    8116000  120000000  120000000
   4       66    17328   119973    141599666870    141599786843        24551530     102078       6116     120000         93     5     500000    8116000  120000000  120000000
   4       66    17326   120159    141599786866    141599907025        24671527     102093       6116     120000        275     5     500000    8116000  120000000  120000000
   4       66    17327   119981    141599907048    141600027029        24791708     101961       6116     120000        279     5     500000    8116000  120000000  120000000
   4       66    17328   119989    141600027053    141600147041        24911713     101942       6116     120000        291     5     500000    8116000  120000000  120000000
   4       66    17330   119948    141600147065    141600267013        25031725     101910       6116     120000        262     5     500000    8116000  120000000  120000000
   4       66    17328   119967    141600267141    141600387109        25151802     101871       6116     120000        358     5     500000    8116000  120000000  120000000
   4       66    17326   119714    141600387133    141600506847        25271793     101866       6116     120000         96     5     500000    8116000  120000000  120000000
   4       66    17328   119955    141600506870    141600626825        25391530     102100       6116     120000         75     5     500000    8116000  120000000  120000000
   4       66    17326   120015    141600626847    141600746863        25511508     102179       6116     120000        112     5     500000    8116000  120000000  120000000
   4       66    17328   119958    141600746886    141600866844        25631546     102063       6116     120000         93     5     500000    8116000  120000000  120000000
   4       66    17329   120286    141600866866    141600987152        25751527     102127       6116     120000        402     5     500000    8116000  120000000  120000000
   4       66    17327   119668    141600987176    141601106844        25871836     101823       6116     120000         94     5     500000    8116000  120000000  120000000
   4       66    17330   120161    141601106866    141601227028        25991527     102118       6116     120000        277     5     500000    8116000  120000000  120000000
   4       66    17326   119979    141601227051    141601347031        26111712     101958       6116     120000        280     5     500000    8116000  120000000  120000000
   4       66    17329   119965    141601347055    141601467021        26231716     101936       6116     120000        267     5     500000    8116000  120000000  120000000
   4       66    17324   120060    141601467044    141601587104        26351704     101992       6116     120000        354     5     500000    8116000  120000000  120000000
   4       66    17326   119895    141601587128    141601707023        26471789     101893       6116     120000        273     5     500000    8116000  120000000  120000000
   4       66    17328   120043    141601707047    141601827090        26591707     101958       6116     120000        339     5     500000    8116000  120000000  120000000
   4       66    17328   119739    141601827112    141601946851        26711773     101919       6116     120000        101     5     500000    8116000  120000000  120000000
   4       66    17330   119977    141601946874    141602066851        26831534     102066       6116     120000        100     5     500000    8116000  120000000  120000000
   4       66    17328   119993    141602066874    141602186867        26951535     102109       6116     120000        117     5     500000    8116000  120000000  120000000
   4       66    17328   119939    141602186889    141602306828        27071550     102090       6116     120000         78     5     500000    8116000  120000000  120000000
   4       66    17328   120002    141602306850    141602426853        27191511     102105       6116     120000        103     5     500000    8116000  120000000  120000000
   4       66    17327   120164    141602426877    141602547041        27311537     102123       6116     120000        291     5     500000    8116000  120000000  120000000
   4       66    17332   120028    141602547064    141602667092        27431725     101900       6116     120000        342     5     500000    8116000  120000000  120000000
   4       66    17326   119913    141602667116    141602787029        27551776     101908       6116     120000        279     5     500000    8116000  120000000  120000000
   4       66    17329   119970    141602787052    141602907022        27671712     101905       6116     120000        272     5     500000    8116000  120000000  120000000
   4       66    17326   119973    141602907045    141603027018        27791706     101977       6116     120000        267     5     500000    8116000  120000000  120000000
   4       66    17325   119786    141603027041    141603146827        27911701     102000       6116     120000         76     5     500000    8116000  120000000  120000000
   4       66    17326   119921    141603146934    141603266855        28031594     102063       6116     120000        105     5     500000    8116000  120000000  120000000
   4       66    17328   119984    141603266878    141603386862        28151538     102132       6116     120000        111     5     500000    8116000  120000000  120000000
   4       66    17328   120141    141603386886    141603507027        28271546     102148       6116     120000        276     5     500000    8116000  120000000  120000000
   4       66    17326   119796    141603507050    141603626846        28391710     101984       6116     120000         97     5     500000    8116000  120000000  120000000
   4       66    17331   119974    141603626870    141603746843        28511530     102089       6116     120000         93     5     500000    8116000  120000000  120000000
   4       66    17331   120140    141603746867    141603867007        28631527     102108       6116     120000        257     5     500000    8116000  120000000  120000000
   4       66    17324   119998    141603867030    141603987028        28751690     101976       6116     120000        277     5     500000    8116000  120000000  120000000
   4       66    17326   119985    141603987051    141604107036        28871712     101956       6116     120000        286     5     500000    8116000  120000000  120000000
   4       66    17326   119963    141604107060    141604227023        28991720     101971       6116     120000        272     5     500000    8116000  120000000  120000000
   4       66    17327   120001    141604227046    141604347047        29111706     101972       6116     120000        296     5     500000    8116000  120000000  120000000
   4       66    18515   119775    141604347070    141604466846        29231731     100565       6116     120000         95     5     500000    8116000  120000000  120000000
   4       66    17330   119993    141604466869    141604586862        29351530     102082       6116     120000        112     5     500000    8116000  120000000  120000000
   4       66    17326   119964    141604586885    141604706849        29471546     102111       6116     120000         99     5     500000    8116000  120000000  120000000
   4       66    17326   119955    141604706873    141604826827        29591533     102143       6116     120000         77     5     500000    8116000  120000000  120000000
   4       66    17327   120012    141604826850    141604946862        29711510     102136       6116     120000        111     5     500000    8116000  120000000  120000000
   4       66    17332   119961    141604946885    141605066847        29831546     102047       6116     120000         96     5     500000    8116000  120000000  120000000
   4       66    17329   120178    141605066870    141605187048        29951531     102095       6116     120000        298     5     500000    8116000  120000000  120000000
   4       66    17327   119955    141605187072    141605307027        30071733     101960       6116     120000        277     5     500000    8116000  120000000  120000000
   4       66    17330   119971    141605307050    141605427021        30191711     101943       6116     120000        267     5     500000    8116000  120000000  120000000
   4       66    17324   119988    141605427044    141605547032        30311704     101979       6116     120000        281     5     500000    8116000  120000000  120000000
   4       66    17324   119967    141605547056    141605667023        30431717     101975       6116     120000        273     5     500000    8116000  120000000  120000000
   4       66    17327   119832    141605667047    141605786879        30551708     101967       6116     120000        129     5     500000    8116000  120000000  120000000
   4       66    17329   119938    141605786903    141605906841        30671563     102092       6116     120000         91     5     500000    8116000  120000000  120000000
   4       66    17329   119893    141605906944    141606026837        30791604     102033       6116     120000         86     5     500000    8116000  120000000  120000000
   4       66    17328   119989    141606026860    141606146849        30911521     102085       6116     120000         99     5     500000    8116000  120000000  120000000
   4       66    17334   119951    141606146874    141606266825        31031535     102057       6116     120000         75     5     500000    8116000  120000000  120000000
   4       66    17324   120014    141606266847    141606386861        31151508     102162       6116     120000        111     5     500000    8116000  120000000  120000000
   4       66    17330   120149    141606386884    141606507032        31271544     102093       6116     120000        282     5     500000    8116000  120000000  120000000
   4       66    17326   119969    141606507055    141606627025        31391716     101958       6116     120000        274     5     500000    8116000  120000000  120000000
   4       66    17323   119978    141606627048    141606747025        31511708     101999       6116     120000        275     5     500000    8116000  120000000  120000000
   4       66    17328   119973    141606747048    141606867021        31631709     101937       6116     120000        271     5     500000    8116000  120000000  120000000
   4       66    17327   120043    141606867044    141606987087        31751704     101961       6116     120000        336     5     500000    8116000  120000000  120000000
   4       66    17330   119720    141606987110    141607106830        31871770     101869       6116     120000         81     5     500000    8116000  120000000  120000000
   4       66    17325   119991    141607106854    141607226844        31991514     102157       6116     120000         94     5     500000    8116000  120000000  120000000
   4       66    17328   119961    141607226867    141607346828        32111528     102122       6116     120000         78     5     500000    8116000  120000000  120000000
   4       66    17332   120003    141607346851    141607466854        32231512     102092       6116     120000        104     5     500000    8116000  120000000  120000000
   4       66    17328   119976    141607466877    141607586853        32351537     102071       6116     120000        102     5     500000    8116000  120000000  120000000
   4       66    17330   119961    141607586875    141607706837        32471536     102119       6116     120000         86     5     500000    8116000  120000000  120000000
   4       66    17328   120157    141607706861    141607827018        32591521     102138       6116     120000        264     5     500000    8116000  120000000  120000000
   4       66    17593   119994    141607827041    141607947035        32711701     101462       6116     120000        284     5     500000    8116000  120000000  120000000
   4       66    17326   119975    141607947058    141608067033        32831719     101978       6116     120000        282     5     500000    8116000  120000000  120000000
   4       66    17328   119989    141608067056    141608187045        32951717     101951       6116     120000        295     5     500000    8116000  120000000  120000000
   4       66    17325   119976    141608187070    141608307046        33071731     101942       6116     120000        295     5     500000    8116000  120000000  120000000
   4       66    17326   119780    141608307069    141608426849        33191729     101951       6116     120000         98     5     500000    8116000  120000000  120000000
   4       66    17328   119980    141608426873    141608546853        33311533     102082       6116     120000        103     5     500000    8116000  120000000  120000000
   4       66    17330   119943    141608546879    141608666822        33431539     102098       6116     120000         72     5     500000    8116000  120000000  120000000
   4       66    17328   120017    141608666844    141608786861        33551505     102134       6116     120000        111     5     500000    8116000  120000000  120000000
   4       66    17329   119873    141608786968    141608906841        33671628     102021       6116     120000         91     5     500000    8116000  120000000  120000000
   4       66    17330   119960    141608906864    141609026824        33791525     102117       6116     120000         74     5     500000    8116000  120000000  120000000
   4       66    17324   120203    141609026848    141609147051        33911508     102154       6116     120000        301     5     500000    8116000  120000000  120000000
   4       66    17327   119968    141609147075    141609267043        34031735     101956       6116     120000        293     5     500000    8116000  120000000  120000000
   4       66    17328   119991    141609267066    141609387057        34151727     101941       6116     120000        307     5     500000    8116000  120000000  120000000
   4       66    17328   119930    141609387081    141609507010        34271741     101906       6116     120000        260     5     500000    8116000  120000000  120000000
   4       66    17328   120016    141609507034    141609627050        34391694     101935       6116     120000        299     5     500000    8116000  120000000  120000000
   4       66    17328   119777    141609627073    141609746850        34511733     101914       6116     120000         99     5     500000    8116000  120000000  120000000
   4       66    17333   119955    141609746873    141609866828        34631533     102087       6116     120000         77     5     500000    8116000  120000000  120000000
   4       66    17328   119999    141609866850    141609986849        34751510     102138       6116     120000         99     5     500000    8116000  120000000  120000000
   4       66    17328   119952    141609986872    141610106823        34871532     102136       6116     120000         73     5     500000    8116000  120000000  120000000
   4       66    17326   119983    141610106846    141610226829        34991507     102155       6116     120000         79     5     500000    8116000  120000000  120000000
   4       66    17328   119995    141610226852    141610346847        35111513     102105       6116     120000         96     5     500000    8116000  120000000  120000000
   4       66    17332   120160    141610346871    141610467031        35231531     102084       6116     120000        280     5     500000    8116000  120000000  120000000
   4       66    17326   120006    141610467054    141610587060        35351715     101965       6116     120000        310     5     500000    8116000  120000000  120000000
   4       66    17327   119927    141610587083    141610707010        35471744     101917       6116     120000        259     5     500000    8116000  120000000  120000000
   4       66    17327   120009    141610707032    141610827041        35591693     101995       6116     120000        290     5     500000    8116000  120000000  120000000
   4       66    17326   119975    141610827064    141610947040        35711725     101965       6116     120000        288     5     500000    8116000  120000000  120000000
   4       66    17332   119760    141610947065    141611066824        35831725     101898       6116     120000         74     5     500000    8116000  120000000  120000000
   4       66    17329   120339    141611066847    141611187187        35951508     102094       6116     120000        436     5     500000    8116000  120000000  120000000
   4       66    17330   119630    141611187211    141611306841        36071871     101780       6116     120000         90     5     500000    8116000  120000000  120000000
   4       66    17329   119962    141611306865    141611426827        36191525     102107       6116     120000         77     5     500000    8116000  120000000  120000000
   4       66    17324   119973    141611426849    141611546822        36311510     102157       6116     120000         71     5     500000    8116000  120000000  120000000
   4       66    17329   119918    141611546928    141611666846        36431589     102001       6116     120000         96     5     500000    8116000  120000000  120000000
   4       66    17326   120190    141611666870    141611787061        36551531     102100       6116     120000        310     5     500000    8116000  120000000  120000000
   4       66    17329   119930    141611787086    141611907016        36671747     101892       6116     120000        265     5     500000    8116000  120000000  120000000
   4       66    17325   119991    141611907039    141612027030        36791699     101992       6116     120000        279     5     500000    8116000  120000000  120000000
   4       66    17331   119953    141612027053    141612147006        36911713     101937       6116     120000        256     5     500000    8116000  120000000  120000000
   4       66    17329   119989    141612147029    141612267018        37031690     101975       6116     120000        268     5     500000    8116000  120000000  120000000
   4       66    17326   119790    141612267045    141612386835        37151706     101993       6116     120000         84     5     500000    8116000  120000000  120000000
   4       66    17328   119997    141612386858    141612506855        37271519     102119       6116     120000        105     5     500000    8116000  120000000  120000000
   4       66    17329   119950    141612506879    141612626828        37391539     102114       6116     120000         77     5     500000    8116000  120000000  120000000
   4       66    17328   120002    141612626851    141612746853        37511512     102171       6116     120000        103     5     500000    8116000  120000000  120000000
   4       66    17330   120151    141612746876    141612867027        37631536     102073       6116     120000        277     5     500000    8116000  120000000  120000000
   4       66    17333   119811    141612867050    141612986861        37751711     101907       6116     120000        111     5     500000    8116000  120000000  120000000
   4       66    17329   120117    141612986885    141613107003        37871546     102108       6116     120000        253     5     500000    8116000  120000000  120000000
   4       66    17327   120007    141613107025    141613227032        37991686     102010       6116     120000        281     5     500000    8116000  120000000  120000000
   4       66    17325   120001    141613227055    141613347057        38111716     101955       6116     120000        306     5     500000    8116000  120000000  120000000
   4       66    17331   119924    141613347082    141613467005        38231742     101919       6116     120000        255     5     500000    8116000  120000000  120000000
   4       66    17326   120016    141613467028    141613587045        38351689     102003       6116     120000        292     5     500000    8116000  120000000  120000000
   4       66    17326   119804    141613587068    141613706872        38471729     101950       6116     120000         87     5     500000    8116000  120000000  120000000
   4       66    17332   119939    141613706895    141613826835        38591556     102078       6116     120000         85     5     500000    8116000  120000000  120000000
   4       66    17327   119992    141613826858    141613946850        38711518     102135       6116     120000        100     5     500000    8116000  120000000  120000000
   4       66    17328   119957    141613946873    141614066830        38831534     102114       6116     120000         80     5     500000    8116000  120000000  120000000
   4       66    17327   120027    141614066853    141614186880        38951514     102141       6116     120000        129     5     500000    8116000  120000000  120000000
   4       66    17328   119921    141614186904    141614306825        39071565     102093       6116     120000         75     5     500000    8116000  120000000  120000000
   4       66    17325   120181    141614306849    141614427030        39191510     102093       6116     120000        280     5     500000    8116000  120000000  120000000
   4       66    17327   119895    141614427132    141614547027        39311793     101868       6116     120000        277     5     500000    8116000  120000000  120000000
   4       66    17333   119974    141614547050    141614667024        39431711     101896       6116     120000        274     5     500000    8116000  120000000  120000000
   4       66    17326   119995    141614667046    141614787041        39551707     101978       6116     120000        289     5     500000    8116000  120000000  120000000
   4       66    17328   119958    141614787065    141614907023        39671725     101956       6116     120000        272     5     500000    8116000  120000000  120000000
   4       66    17327   119793    141614907046    141615026840        39791707     101951       6116     120000         89     5     500000    8116000  120000000  120000000
   4       66    17326   119981    141615026862    141615146843        39911523     102157       6116     120000         93     5     500000    8116000  120000000  120000000
   4       66    17328   119973    141615146866    141615266839        40031527     102126       6116     120000         89     5     500000    8116000  120000000  120000000
   4       66    17328   120006    141615266862    141615386868        40151522     102116       6116     120000        118     5     500000    8116000  120000000  120000000
   4       66    17334   119955    141615386891    141615506847        40271552     102073       6116     120000         96     5     500000    8116000  120000000  120000000
   4       66    17329   119969    141615506869    141615626838        40391530     102138       6116     120000         88     5     500000    8116000  120000000  120000000
   4       66    17330   120148    141615626861    141615747009        40511521     102141       6116     120000        259     5     500000    8116000  120000000  120000000
   4       66    17330   120015    141615747032    141615867048        40631693     101948       6116     120000        297     5     500000    8116000  120000000  120000000
   4       66    17325   119973    141615867070    141615987044        40751731     101970       6116     120000        293     5     500000    8116000  120000000  120000000
   4       66    17328   119963    141615987067    141616107030        40871727     101961       6116     120000        279     5     500000    8116000  120000000  120000000
   4       66    17327   119976    141616107053    141616227029        40991713     101941       6116     120000        278     5     500000    8116000  120000000  120000000
   4       66    17332   119797    141616227053    141616346849        41111713     101923       6116     120000         99     5     500000    8116000  120000000  120000000
   4       66    17329   119979    141616346873    141616466852        41231533     102101       6116     120000        101     5     500000    8116000  120000000  120000000
   4       66    17327   119976    141616466875    141616586851        41351536     102110       6116     120000        101     5     500000    8116000  120000000  120000000
   4       66    17328   119964    141616586874    141616706838        41471535     102120       6116     120000         87     5     500000    8116000  120000000  120000000
   4       66    17328   119984    141616706861    141616826845        41591521     102125       6116     120000         94     5     500000    8116000  120000000  120000000
   4       66    17328   119974    141616826868    141616946842        41711528     102110       6116     120000         92     5     500000    8116000  120000000  120000000
   4       66    17332   120158    141616946865    141617067023        41831525     102087       6116     120000        273     5     500000    8116000  120000000  120000000
   4       66    17329   120013    141617067046    141617187059        41951707     101944       6116     120000        309     5     500000    8116000  120000000  120000000
   4       66    17326   119952    141617187083    141617307035        42071743     101929       6116     120000        285     5     500000    8116000  120000000  120000000
   4       66    17326   119863    141617307144    141617427007        42191805     101871       6116     120000        257     5     500000    8116000  120000000  120000000
   4       66    17326   120026    141617427030    141617547056        42311691     102000       6116     120000        306     5     500000    8116000  120000000  120000000
   4       66    17327   119773    141617547080    141617666853        42431740     101924       6116     120000        102     5     500000    8116000  120000000  120000000
   4       66    17328   119983    141617666876    141617786859        42551537     102097       6116     120000        109     5     500000    8116000  120000000  120000000
   4       66    17328   119960    141617786883    141617906843        42671543     102134       6116     120000         93     5     500000    8116000  120000000  120000000
   4       66    17333   119994    141617906865    141618026860        42791526     102071       6116     120000        109     5     500000    8116000  120000000  120000000
   4       66    17326   119939    141618026883    141618146822        42911543     102098       6116     120000         71     5     500000    8116000  120000000  120000000
   4       66    17330   119983    141618146845    141618266827        43031505     102095       6116     120000         77     5     500000    8116000  120000000  120000000
   4       66    21188   120235    141618266850    141618387085        43151510      97835       6116     120000        335     5     500000    8116000  120000000  120000000
   4       66    17328   119912    141618387109    141618507021        43271769     101909       6116     120000        271     5     500000    8116000  120000000  120000000
   4       66    17327   119961    141618507044    141618627006        43391705     101970       6116     120000        256     5     500000    8116000  120000000  120000000
   4       66    17326   119999    141618627028    141618747027        43511689     101992       6116     120000        276     5     500000    8116000  120000000  120000000
   4       66    17331   119986    141618747051    141618867037        43631711     101938       6116     120000        286     5     500000    8116000  120000000  120000000
   4       66    17327   119815    141618867061    141618986876        43751721     101936       6116     120000        126     5     500000    8116000  120000000  120000000
   4       66    17329   119930    141618986899    141619106830        43871560     102084       6116     120000         79     5     500000    8116000  120000000  120000000
   4       66    17327   119996    141619106853    141619226849        43991513     102100       6116     120000         99     5     500000    8116000  120000000  120000000
   4       66    17327   119977    141619226872    141619346849        44111533     102108       6116     120000         98     5     500000    8116000  120000000  120000000
   4       66    17330   119969    141619346872    141619466842        44231533     102075       6116     120000         92     5     500000    8116000  120000000  120000000
   4       66    17329   119985    141619466864    141619586849        44351525     102102       6116     120000         99     5     500000    8116000  120000000  120000000
   4       66    17333   120172    141619586872    141619707043        44471532     102104       6116     120000        293     5     500000    8116000  120000000  120000000
   4       66    17327   119968    141619707067    141619827035        44591727     101957       6116     120000        285     5     500000    8116000  120000000  120000000
   4       66    17325   119964    141619827060    141619947024        44711720     101976       6116     120000        272     5     500000    8116000  120000000  120000000
   4       66    17326   120020    141619947047    141620067067        44831707     101981       6116     120000        317     5     500000    8116000  120000000  120000000
   4       66    17326   119909    141620067169    141620187077        44951829     101860       6116     120000        327     5     500000    8116000  120000000  120000000
   4       66    17327   119723    141620187102    141620306825        45071762     101901       6116     120000         75     5     500000    8116000  120000000  120000000
   4       66    17327   119998    141620306848    141620426846        45191508     102133       6116     120000         96     5     500000    8116000  120000000  120000000
   4       66    17333   119980    141620426869    141620546849        45311529     102091       6116     120000         99     5     500000    8116000  120000000  120000000
   4       66    17332   119951    141620546872    141620666824        45431533     102101       6116     120000         74     5     500000    8116000  120000000  120000000
   4       66    17326   119989    141620666848    141620786837        45551508     102153       6116     120000         87     5     500000    8116000  120000000  120000000
   4       66    17329   119991    141620786861    141620906852        45671521     102112       6116     120000        102     5     500000    8116000  120000000  120000000
   4       66    17329   120132    141620906874    141621027006        45791535     102080       6116     120000        256     5     500000    8116000  120000000  120000000
   4       66    17327   119993    141621027030    141621147023        45911690     102003       6116     120000        272     5     500000    8116000  120000000  120000000
   4       66    18555   119982    141621147046    141621267028        46031706     100534       6116     120000        278     5     500000    8116000  120000000  120000000
   4       66    17331   120021    141621267051    141621387072        46151711     101926       6116     120000        320     5     500000    8116000  120000000  120000000
   4       66    17326   119924    141621387096    141621507021        46271757     101897       6116     120000        271     5     500000    8116000  120000000  120000000
   4       66    17326   119785    141621507044    141621626829        46391705     101938       6116     120000         79     5     500000    8116000  120000000  120000000
   4       66    17329   120012    141621626853    141621746865        46511513     102119       6116     120000        114     5     500000    8116000  120000000  120000000
   4       66    17330   119957    141621746888    141621866845        46631548     102074       6116     120000         95     5     500000    8116000  120000000  120000000
   4       66    17328   119986    141621866868    141621986854        46751528     102117       6116     120000        104     5     500000    8116000  120000000  120000000
   4       66    17328   119958    141621986878    141622106836        46871539     102107       6116     120000         85     5     500000    8116000  120000000  120000000
   4       66    17330   120167    141622106861    141622227028        46991521     102104       6116     120000        277     5     500000    8116000  120000000  120000000
   4       66    17326   119967    141622227051    141622347018        47111711     101956       6116     120000         84     5     500000    8116000  120000000  120000000
   4       66    17325   119968    141622347042    141622467009        47231702     101956       6116     120000        259     5     500000    8116000  120000000  120000000
   4       66    17327   120036    141622467033    141622587069        47351693     101980       6116     120000        318     5     500000    8116000  120000000  120000000
   4       66    17329   119908    141622587094    141622707002        47471754     101921       6116     120000        251     5     500000    8116000  120000000  120000000
   4       66    17325   120013    141622707025    141622827038        47591685     102024       6116     120000        288     5     500000    8116000  120000000  120000000
   4       66    17326   119788    141622827062    141622946849        47711722     101939       6116     120000         99     5     500000    8116000  120000000  120000000
   4       66    17336   120134    141622946949    141623067083        47831610     101945       6116     120000        333     5     500000    8116000  120000000  120000000
   4       66    17326   119741    141623067106    141623186847        47951767     101910       6116     120000         97     5     500000    8116000  120000000  120000000
   4       66    17327   119954    141623186871    141623306825        48071531     102111       6116     120000         74     5     500000    8116000  120000000  120000000
   4       66    17328   119989    141623306848    141623426837        48191509     102141       6116     120000         87     5     500000    8116000  120000000  120000000
   4       66    17327   119983    141623426860    141623546843        48311521     102149       6116     120000         93     5     500000    8116000  120000000  120000000
   4       66    17330   120162    141623546866    141623667027        48431526     102077       6116     120000        277     5     500000    8116000  120000000  120000000
   4       66    17327   120002    141623667051    141623787053        48551711     101960       6116     120000        302     5     500000    8116000  120000000  120000000
   4       66    17332   119930    141623787076    141623907006        48671737     101878       6116     120000        256     5     500000    8116000  120000000  120000000
   4       66    17326   119979    141623907029    141624027008        48791690     101990       6116     120000        258     5     500000    8116000  120000000  120000000
   4       66    17330   119991    141624027031    141624147022        48911692     101979       6116     120000        271     5     500000    8116000  120000000  120000000
   4       66    17329   119819    141624147046    141624266865        49031706     101946       6116     120000        114     5     500000    8116000  120000000  120000000
   4       66    17326   119973    141624266888    141624386861        49151548     102086       6116     120000        110     5     500000    8116000  120000000  120000000
   4       66    17328   119955    141624386885    141624506840        49271545     102110       6116     120000         89     5     500000    8116000  120000000  120000000
   4       66    17328   119962    141624506864    141624626825        49391524     102145       6116     120000         75     5     500000    8116000  120000000  120000000
   4       66    17331   119995    141624626848    141624746843        49511508     102103       6116     120000         93     5     500000    8116000  120000000  120000000
   4       66    17329   119975    141624746866    141624866840        49631526     102117       6116     120000         90     5     500000    8116000  120000000  120000000
   4       66    17330   120182    141624866864    141624987046        49751524     102135       6116     120000        295     5     500000    8116000  120000000  120000000
   4       66    17329   119983    141624987070    141625107053        49871730     101913       6116     120000        302     5     500000    8116000  120000000  120000000
   4       66    17326   119788    141625107077    141625226864        49991737     101961       6116     120000        112     5     500000    8116000  120000000  120000000
   4       66    21228   120146    141625226894    141625347040        50111555      97841       6116     120000        289     5     400000    8116000  120000000  120000000
   4       66    17331   119964    141625347063    141625467027        50231724     101906       6116     120000        276     5     500000    8116000  120000000  120000000
   4       66    17330   119811    141625467050    141625586861        50351710     101928       6116     120000        110     5     500000    8116000  120000000  120000000
   4       66    17328   119954    141625586884    141625706838        50471544     102111       6116     120000         88     5     500000    8116000  120000000  120000000
   4       66    17329   119883    141625706941    141625826824        50591601     102033       6116     120000         74     5     500000    8116000  120000000  120000000
   4       66    17329   120002    141625826846    141625946848        50711506     102129       6116     120000         98     5     500000    8116000  120000000  120000000
   4       66    17327   119972    141625946871    141626066844        50831532     102155       6116     120000         93     5     500000    8116000  120000000  120000000
   4       66    17329   119995    141626066867    141626186862        50951528     102094       6116     120000        112     5     500000    8116000  120000000  120000000
   4       66    17327   120120    141626186885    141626307005        51071545     102114       6116     120000        255     5     500000    8116000  120000000  120000000
   4       66    17329   119995    141626307028    141626427024        51191689     101975       6116     120000        273     5     500000    8116000  120000000  120000000
   4       66    17327   119979    141626427047    141626547026        51311707     101975       6116     120000        276     5     500000    8116000  120000000  120000000
   4       66    17330   119973    141626547050    141626667023        51431710     101946       6116     120000         82     5     500000    8116000  120000000  120000000
   4       66    17326   120001    141626667046    141626787047        51551706     101957       6116     120000        297     5     500000    8116000  120000000  120000000
   4       66    17325   119756    141626787071    141626906827        51671731     101924       6116     120000         77     5     500000    8116000  120000000  120000000
   4       66    17326   119973    141626906851    141627026824        51791511     102097       6116     120000         74     5     500000    8116000  120000000  120000000
   4       66    17326   120001    141627026847    141627146848        51911507     102109       6116     120000         97     5     500000    8116000  120000000  120000000
   4       66    17332   119970    141627146870    141627266840        52031531     102086       6116     120000         90     5     500000    8116000  120000000  120000000
   4       66    17328   120000    141627266864    141627386863        52151524     102145       6116     120000        113     5     500000    8116000  120000000  120000000
   4       66    17329   119956    141627386887    141627506842        52271547     102117       6116     120000         93     5     500000    8116000  120000000  120000000
   4       66    17329   120175    141627506866    141627627042        52391527     102112       6116     120000        291     5     500000    8116000  120000000  120000000
   4       66    17326   119968    141627627065    141627747033        52511725     101965       6116     120000        282     5     500000    8116000  120000000  120000000
   4       66    17330   119950    141627747056    141627867006        52631717     101942       6116     120000        255     5     500000    8116000  120000000  120000000
   4       66    17325   120034    141627867029    141627987063        52751689     102013       6116     120000        312     5     500000    8116000  120000000  120000000
   4       66    17329   119941    141627987086    141628107027        52871746     101910       6116     120000        277     5     500000    8116000  120000000  120000000
   4       66    17330   119780    141628107050    141628226829        52991710     101913       6116     120000         79     5     500000    8116000  120000000  120000000
   4       66    17327   119972    141628226852    141628346824        53111513     102162       6116     120000         74     5     500000    8116000  120000000  120000000
   4       66    17330   120013    141628346846    141628466860        53231507     102107       6116     120000        109     5     500000    8116000  120000000  120000000
   4       66    17329   119984    141628466883    141628586868        53351543     102081       6116     120000        117     5     500000    8116000  120000000  120000000
   4       66    17327   119854    141628586979    141628706833        53471639     102022       6116     120000         83     5     500000    8116000  120000000  120000000
   4       66    19218   119972    141628706855    141628826828        53591516     100047       6116     120000         77     5     500000    8116000  120000000  120000000
   4       66    17331   120174    141628826850    141628947025        53711511     102109       6116     120000        274     5     500000    8116000  120000000  120000000
   4       66    17330   119970    141628947048    141629067017        53831708     101901       6116     120000        263     5     500000    8116000  120000000  120000000
   4       66    17325   119983    141629067041    141629187024        53951701     101965       6116     120000        273     5     500000    8116000  120000000  120000000
   4       66    17326   119993    141629187046    141629307039        54071707     101971       6116     120000        289     5     500000    8116000  120000000  120000000
   4       66    17327   119953    141629307062    141629427016        54191723     101944       6116     120000        265     5     500000    8116000  120000000  120000000
   4       66    17327   119808    141629427038    141629546846        54311699     101972       6116     120000         96     5     500000    8116000  120000000  120000000
   4       66    17329   119979    141629546871    141629666849        54431531     102139       6116     120000         99     5     500000    8116000  120000000  120000000
   4       66    17332   120001    141629666873    141629786874        54551533     102102       6116     120000        123     5     500000    8116000  120000000  120000000
   4       66    17329   119932    141629786897    141629906829        54671558     102115       6116     120000         79     5     500000    8116000  120000000  120000000
   4       66    17325   119972    141629906853    141630026826        54791514     102117       6116     120000         75     5     500000    8116000  120000000  120000000
   4       66    17329   119998    141630026849    141630146847        54911510     102124       6116     120000         96     5     500000    8116000  120000000  120000000
   4       66    17333   120136    141630146871    141630267007        55031531     102091       6116     120000        256     5     500000    8116000  120000000  120000000
   4       66    17325   120012    141630267030    141630387042        55151690     102001       6116     120000        291     5     500000    8116000  120000000  120000000
   4       66    17326   119958    141630387065    141630507023        55271726     101963       6116     120000        273     5     500000    8116000  120000000  120000000
   4       66    17330   119963    141630507046    141630627009        55391707     101959       6116     120000        259     5     500000    8116000  120000000  120000000
   4       66    17328   120015    141630627032    141630747048        55511693     101994       6116     120000        297     5     500000    8116000  120000000  120000000
   4       66    17328   119771    141630747072    141630866843        55631732     101928       6116     120000         92     5     500000    8116000  120000000  120000000
   4       66    17328   120012    141630866866    141630986879        55751527     102121       6116     120000        128     5     500000    8116000  120000000  120000000
   4       66    17329   119930    141630986901    141631106831        55871562     102071       6116     120000         81     5     500000    8116000  120000000  120000000
   4       66    17327   119983    141631106854    141631226837        55991514     102088       6116     120000         87     5     500000    8116000  120000000  120000000
   4       66    17328   119989    141631226860    141631346849        56111521     102131       6116     120000         99     5     500000    8116000  120000000  120000000
   4       66    17335   119870    141631346953    141631466822        56231613     101988       6116     120000         73     5     500000    8116000  120000000  120000000
   4       66    17326   120213    141631466845    141631587058        56351506     102136       6116     120000        308     5     500000    8116000  120000000  120000000
   4       66    17326   119933    141631587081    141631707014        56471741     101948       6116     120000        264     5     500000    8116000  120000000  120000000
   4       66    17326   119986    141631707037    141631827023        56591697     101978       6116     120000        272     5     500000    8116000  120000000  120000000
   4       66    17327   120046    141631827046    141631947092        56711706     102006       6116     120000        341     5     500000    8116000  120000000  120000000
   4       66    17328   119930    141631947115    141632067045        56831776     101856       6116     120000        295     5     500000    8116000  120000000  120000000
   4       66    17326   119798    141632067069    141632186867        56951729     101965       6116     120000        117     5     500000    8116000  120000000  120000000
   4       66    17332   119957    141632186891    141632306847        57071551     102080       6116     120000         97     5     500000    8116000  120000000  120000000
   4       66    17329   120238    141632306871    141632427108        57191531     102140       6116     120000        358     5     500000    8116000  120000000  120000000
   4       66    17327   119699    141632427131    141632546831        57311792     101864       6116     120000         80     5     500000    8116000  120000000  120000000
   4       66    17331   119984    141632546853    141632666837        57431514     102105       6116     120000         87     5     500000    8116000  120000000  120000000
   4       66    17326   119995    141632666860    141632786855        57551520     102130       6116     120000        104     5     500000    8116000  120000000  120000000
   4       66    17328   120173    141632786878    141632907051        57671538     102101       6116     120000        301     5     500000    8116000  120000000  120000000
   4       66    17327   119937    141632907075    141633027012        57791735     101912       6116     120000        262     5     500000    8116000  120000000  120000000
   4       66    17332   119989    141633027035    141633147024        57911695     101947       6116     120000        273     5     500000    8116000  120000000  120000000
   4       66    17327   119981    141633147047    141633267027        58031707     101965       6116     120000        277     5     500000    8116000  120000000  120000000
   4       66    17328   120004    141633267050    141633387055        58151711     101935       6116     120000        304     5     500000    8116000  120000000  120000000
   4       66    17326   119780    141633387079    141633506859        58271739     101921       6116     120000        109     5     500000    8116000  120000000  120000000
   4       66    17329   119972    141633506882    141633626854        58391543     102117       6116     120000        104     5     500000    8116000  120000000  120000000
   4       66    17329   119971    141633626877    141633746848        58511538     102106       6116     120000         98     5     500000    8116000  120000000  120000000
   4       66    17333   119960    141633746871    141633866831        58631532     102053       6116     120000         81     5     500000    8116000  120000000  120000000
   4       66    17330   120000    141633866854    141633986854        58751514     102109       6116     120000        103     5     500000    8116000  120000000  120000000
   4       66    17329   120144    141633986877    141634107022        58871538     102111       6116     120000        272     5     500000    8116000  120000000  120000000
   4       66    17327   119976    141634107044    141634227021        58991705     101956       6116     120000        270     5     500000    8116000  120000000  120000000
   4       66    17326   119925    141634227141    141634347066        59111801     101885       6116     120000        316     5     500000    8116000  120000000  120000000
   4       66    17330   119946    141634347089    141634467036        59231750     101920       6116     120000        285     5     500000    8116000  120000000  120000000
   4       66    17325   119998    141634467059    141634587057        59351720     101960       6116     120000        307     5     500000    8116000  120000000  120000000
   4       66    17327   119951    141634587081    141634707032        59471741     101939       6116     120000        281     5     500000    8116000  120000000  120000000
   4       66    17330   119795    141634707054    141634826849        59591715     101956       6116     120000         99     5     500000    8116000  120000000  120000000
   4       66    17330   119977    141634826873    141634946850        59711533     102076       6116     120000         99     5     500000    8116000  120000000  120000000
   4       66    17332   119952    141634946873    141635066826        59831534     102097       6116     120000         76     5     500000    8116000  120000000  120000000
   4       66    17327   120013    141635066849    141635186861        59951509     102126       6116     120000        111     5     500000    8116000  120000000  120000000
   4       66    17329   119956    141635186888    141635306844        60071549     102095       6116     120000         93     5     500000    8116000  120000000  120000000
   4       66    17330   119964    141635306866    141635426830        60191527     102083       6116     120000         80     5     500000    8116000  120000000  120000000
   4       66    17327   120190    141635426853    141635547043        60311513     102146       6116     120000        292     5     500000    8116000  120000000  120000000
   4       66    17330   119983    141635547067    141635667050        60431727     101927       6116     120000        300     5     500000    8116000  120000000  120000000
   4       66    17326   119989    141635667074    141635787063        60551734     101947       6116     120000        312     5     500000    8116000  120000000  120000000
   4       66    17326   119938    141635787086    141635907024        60671746     101946       6116     120000        274     5     500000    8116000  120000000  120000000
   4       66    17327   120017    141635907047    141636027064        60791707     101999       6116     120000        313     5     500000    8116000  120000000  120000000
   4       66    17327   119765    141636027088    141636146853        60911748     101934       6116     120000        102     5     500000    8116000  120000000  120000000
   4       66    17332   119952    141636146876    141636266828        61031537     102042       6116     120000         77     5     500000    8116000  120000000  120000000
   4       66    17327   120005    141636266852    141636386856        61151512     102179       6116     120000        106     5     500000    8116000  120000000  120000000
   4       66    17329   119959    141636386880    141636506838        61271540     102126       6116     120000         87     5     500000    8116000  120000000  120000000
   4       66    17327   119970    141636506861    141636626831        61391522     102112       6116     120000         81     5     500000    8116000  120000000  120000000
   4       66    17328   119967    141636626854    141636746821        61511514     102129       6116     120000         70     5     500000    8116000  120000000  120000000
   4       66    17329   120185    141636746844    141636867028        61631504     102146       6116     120000        278     5     500000    8116000  120000000  120000000
   4       66    17327   119990    141636867053    141636987043        61751713     101979       6116     120000        292     5     500000    8116000  120000000  120000000
   4       66    17326   119863    141636987147    141637107010        61871807     101885       6116     120000        259     5     500000    8116000  120000000  120000000
   4       66    17326   119994    141637107033    141637227027        61991693     102000       6116     120000        276     5     500000    8116000  120000000  120000000
   4       66    17331   120001    141637227050    141637347051        62111710     101938       6116     120000        301     5     500000    8116000  120000000  120000000
   4       66    17330   119754    141637347075    141637466830        62231736     101890       6116     120000         78     5     500000    8116000  120000000  120000000
   4       66    17327   119987    141637466853    141637586840        62351513     102166       6116     120000         90     5     500000    8116000  120000000  120000000
   4       66    17329   119989    141637586863    141637706852        62471524     102106       6116     120000        102     5     500000    8116000  120000000  120000000
   4       66    17327   119954    141637706875    141637826828        62591535     102098       6116     120000         78     5     500000    8116000  120000000  120000000
   4       66    17325   119994    141637826850    141637946844        62711511     102157       6116     120000         95     5     500000    8116000  120000000  120000000
   4       66    17329   119980    141637946867    141638066847        62831527     102124       6116     120000         96     5     500000    8116000  120000000  120000000
   4       66    17333   120223    141638066872    141638187095        62951533     102072       6116     120000        344     5     500000    8116000  120000000  120000000
   4       66    17378   119901    141638187121    141638307022        63071781     101793       6116     120000        271     5     500000    8116000  120000000  120000000
   4       66    17330   119972    141638307047    141638427019        63191707     101896       6116     120000        268     5     500000    8116000  120000000  120000000
   4       66    17326   120010    141638427042    141638547052        63311702     101937       6116     120000        302     5     500000    8116000  120000000  120000000
   4       66    17328   119945    141638547076    141638667021        63431737     101925       6116     120000        270     5     500000    8116000  120000000  120000000
   4       66    17325   119814    141638667045    141638786859        63551705     101979       6116     120000        108     5     500000    8116000  120000000  120000000
   4       66    17329   119972    141638786882    141638906854        63671543     102101       6116     120000        104     5     500000    8116000  120000000  120000000
   4       66    17331   119956    141638906877    141639026833        63791537     102077       6116     120000         83     5     500000    8116000  120000000  120000000
   4       66    17328   119986    141639026857    141639146843        63911517     102134       6116     120000         93     5     500000    8116000  120000000  120000000
   4       66    17329   119964    141639146867    141639266831        64031527     102115       6116     120000         80     5     500000    8116000  120000000  120000000
   4       66    17328   120029    141639266854    141639386883        64151514     102095       6116     120000        132     5     500000    8116000  120000000  120000000
   4       66    17331   120103    141639386906    141639507009        64271567     102096       6116     120000        259     5     500000    8116000  120000000  120000000
   4       66    17326   120000    141639507032    141639627032        64391692     102016       6116     120000        282     5     500000    8116000  120000000  120000000
   4       66    17328   119957    141639627055    141639747012        64511716     101965       6116     120000        262     5     500000    8116000  120000000  120000000
