#idx     perf      run   period           start             end          rel_st      slack c_duration   c_period     wu_lat   cpu       freq dl_runtime  dl_period dl_deadline
   5       80     7514   156104     83420941333     83421097436         1177982     148412       7432     190000         42     5    1400000    9432000  190000000  190000000
   5       80     7513   190009     83421097445     83421287454         1334095     182303       7432     190000         60     5    1400000    9432000  190000000  190000000
   5       80     7515   205050     83421287463     83421492513         1524112     182270       7432     190000      15120     5    1400000    9432000  190000000  190000000
   5       80     7513   174919     83421492522     83421667441         1729171     167239       7432     190000         47     5    1400000    9432000  190000000  190000000
   5       80     7514   189986     83421667450     83421857436         1904099     182304       7432     190000         42     5    1400000    9432000  190000000  190000000
   5       80     7514   195057     83421857444     83422052502         2094094     182309       7432     190000       5108     5    1400000    9432000  190000000  190000000
   5       80     7515   184915     83422052510     83422237425         2289159     177228       7432     190000         31     5    1400000    9432000  190000000  190000000
   5       80     7513   190007     83422237434     83422427441         2474083     182318       7432     190000         47     5    1400000    9432000  190000000  190000000
   5       80     7518   193767     83422427450     83422621217         2664099     182279       7432     190000       3824     5    1400000    9432000  190000000  190000000
   5       80     7515   186220     83422621226     83422807446         2857875     178517       7432     190000         52     5    1400000    9432000  190000000  190000000
   5       80     7514   189969     83422807455     83422997424         3044104     182290       7432     190000         30     5    1400000    9432000  190000000  190000000
   5       80     7513   190007     83422997432     83423187440         3234082     182331       7432     190000         44     5    1400000    9432000  190000000  190000000
   5       80     7513   198638     83423187450     83423386088         3424099     182289       7432     190000       8694     5    1400000    9432000  190000000  190000000
   5       80     7514   206416     83423386097     83423592513         3622746     173642       7432     190000      25119     5    1400000    9432000  190000000  190000000
   5       80     7512   164914     83423592521     83423757435         3829170     157245       7432     190000         41     5    1400000    9432000  190000000  190000000
   5       80     7513   189999     83423757444     83423947443         3994093     182314       7432     190000         48     5    1400000    9432000  190000000  190000000
   5       80     7513   205173     83423947452     83424152624         4184101     182300       7432     190000      15231     5    1400000    9432000  190000000  190000000
   5       80     7530   174797     83424152633     83424327430         4389282     158454       7432     190000         36     5    1400000    9432000  190000000  190000000
   5       80     7514   189999     83424327438     83424517437         4564087     182311       7432     190000         43     5    1400000    9432000  190000000  190000000
   5       80     7515   195102     83424517445     83424712547         4754094     182285       7432     190000       5153     5    1400000    9432000  190000000  190000000
   5       80     7513   184870     83424712556     83424897426         4949205     177194       7432     190000         31     5    1400000    9432000  190000000  190000000
   5       80     7513   190012     83424897434     83425087446         5134083     182312       7432     190000         52     5    1400000    9432000  190000000  190000000
   5       80     7513   189972     83425087455     83425277427         5324104     182283       7432     190000         33     5    1400000    9432000  190000000  190000000
   5       80     7513   189953     83425277483     83425467436         5514132     182276       7432     190000         41     5    1400000    9432000  190000000  190000000
   5       80     7514   189987     83425467447     83425657434         5704096     182287       7432     190000         40     5    1400000    9432000  190000000  190000000
   5       80     7516   198678     83425657443     83425856121         5894092     182298       7432     190000       8727     5    1400000    9432000  190000000  190000000
   5       80     7510   181307     83425856130     83426037437         6092779     173657       7432     190000         43     5    1400000    9432000  190000000  190000000
   5       80     7515   223694     83426037446     83426261140         6274095     182295       7432     190000      33747     5    1400000    9432000  190000000  190000000
   5       80     7512   156288     83426261149     83426417437         6497798     148615       7432     190000         43     5    1400000    9432000  190000000  190000000
   5       80     7513   189983     83426417446     83426607429         6654095     182306       7432     190000         35     5    1400000    9432000  190000000  190000000
   5       80     7515   205132     83426607437     83426812570         6844087     182283       7432     190000      15176     5    1400000    9432000  190000000  190000000
   5       80     7514   174869     83426812579     83426987447         7049228     167167       7432     190000         53     5    1400000    9432000  190000000  190000000
   5       80     7515   189979     83426987456     83427177435         7224105     182273       7432     190000         41     5    1400000    9432000  190000000  190000000
   5       80     7513   195061     83427177443     83427372504         7414093     182307       7432     190000       5111     5    1400000    9432000  190000000  190000000
   5       80     7514   184912     83427372513     83427557425         7609162     177240       7432     190000         31     5    1400000    9432000  190000000  190000000
   5       80     7514   190026     83427557433     83427747459         7794082     182319       7432     190000         64     5    1400000    9432000  190000000  190000000
   5       80     7514   193708     83427747468     83427941176         7984117     182254       7432     190000       3782     5    1400000    9432000  190000000  190000000
   5       80     7515   186262     83427941184     83428127447         8177833     178555       7432     190000         53     5    1400000    9432000  190000000  190000000
   5       80     7515   198619     83428127456     83428326074         8364105     182268       7432     190000       8681     5    1400000    9432000  190000000  190000000
   5       80     7532   181363     83428326083     83428507446         8562732     148595       7432     190000         51     5    1400000    9432000  190000000  190000000
   5       80     7514   189983     83428507455     83428697437         8744104     182279       7432     190000         44     5    1400000    9432000  190000000  190000000
   5       80     7515   215077     83428697446     83428912523         8934095     182290       7432     190000      25129     5    1400000    9432000  190000000  190000000
   5       80     7513   164903     83428912532     83429077435         9149181     157214       7432     190000         41     5    1400000    9432000  190000000  190000000
   5       80     7513   189999     83429077443     83429267442         9314092     182292       7432     190000         48     5    1400000    9432000  190000000  190000000
   5       80     7514   205119     83429267451     83429472570         9504100     182307       7432     190000      15176     5    1400000    9432000  190000000  190000000
   5       80     7513   174867     83429472579     83429647446         9709228     167175       7432     190000         52     5    1400000    9432000  190000000  190000000
   5       80     7513   189992     83429647454     83429837446         9884103     182300       7432     190000         51     5    1400000    9432000  190000000  190000000
   5       80     7514   203703     83429837488     83430041191        10074137     182269       7432     190000      13797     5    1400000    9432000  190000000  190000000
   5       80     7513   176224     83430041200     83430217424        10277849     168549       7432     190000         30     5    1400000    9432000  190000000  190000000
   5       80     7512   189999     83430217433     83430407432        10454082     182331       7432     190000         37     5    1400000    9432000  190000000  190000000
   5       80     7516   189987     83430407442     83430597429        10644091     182304       7432     190000         35     5    1400000    9432000  190000000  190000000
   5       80     7513   198687     83430597438     83430796125        10834087     182311       7432     190000       8731     5    1400000    9432000  190000000  190000000
   5       80     7512   181300     83430796134     83430977434        11032783     173633       7432     190000         40     5    1400000    9432000  190000000  190000000
   5       80     7514   190006     83430977443     83431167449        11214092     182302       7432     190000         54     5    1400000    9432000  190000000  190000000
   5       80     7513   189979     83431167457     83431357436        11404107     182285       7432     190000         42     5    1400000    9432000  190000000  190000000
   5       80     7516   223695     83431357445     83431581140        11594094     182283       7432     190000      33746     5    1400000    9432000  190000000  190000000
   5       80     7512   156288     83431581148     83431737436        11817797     148612       7432     190000         42     5    1400000    9432000  190000000  190000000
   5       80     7512   189986     83431737445     83431927430        11974094     182302       7432     190000         35     5    1400000    9432000  190000000  190000000
   5       80     7516   205071     83431927439     83432132509        12164088     182293       7432     190000      15115     5    1400000    9432000  190000000  190000000
   5       80     7513   174924     83432132518     83432307441        12369167     167239       7432     190000         47     5    1400000    9432000  190000000  190000000
   5       80     7514   189984     83432307450     83432497434        12544099     182290       7432     190000         40     5    1400000    9432000  190000000  190000000
   5       80     7512   195137     83432497443     83432692579        12734092     182325       7432     190000       5186     5    1400000    9432000  190000000  190000000
   5       80     7513   184837     83432692588     83432877425        12929237     177160       7432     190000         31     5    1400000    9432000  190000000  190000000
   5       80     7513   190006     83432877434     83433067440        13114083     182332       7432     190000         46     5    1400000    9432000  190000000  190000000
   5       80     7514   198597     83433067449     83433266045        13304098     182305       7432     190000       8652     5    1400000    9432000  190000000  190000000
   5       80     7513   181388     83433266054     83433447441        13502703     173707       7432     190000         47     5    1400000    9432000  190000000  190000000
   5       80     7514   189984     83433447450     83433637434        13684099     182300       7432     190000         40     5    1400000    9432000  190000000  190000000
   5       80     7514   189986     83433637442     83433827429        13874091     182307       7432     190000         35     5    1400000    9432000  190000000  190000000
   5       80     7514   189989     83433827437     83434017426        14064086     182309       7432     190000         32     5    1400000    9432000  190000000  190000000
   5       80     7516   215095     83434017435     83434232529        14254084     182292       7432     190000      25136     5    1400000    9432000  190000000  190000000
   5       80     7513   164868     83434232567     83434397436        14469216     157179       7432     190000         42     5    1400000    9432000  190000000  190000000
   5       80     7515   189989     83434397444     83434587433        14634093     182301       7432     190000         39     5    1400000    9432000  190000000  190000000
   5       80     7514   205068     83434587441     83434792509        14824090     182308       7432     190000      15115     5    1400000    9432000  190000000  190000000
   5       80     7514   174911     83434792518     83434967428        15029167     167233       7432     190000         34     5    1400000    9432000  190000000  190000000
   5       80     7515   190001     83434967437     83435157438        15204086     182287       7432     190000         44     5    1400000    9432000  190000000  190000000
   5       80     7513   203757     83435157447     83435361204        15394096     182315       7432     190000      13810     5    1400000    9432000  190000000  190000000
   5       80     7513   176213     83435361212     83435537425        15597862     168548       7432     190000         32     5    1400000    9432000  190000000  190000000
   5       80     7515   198675     83435537434     83435736109        15774083     182305       7432     190000       8714     5    1400000    9432000  190000000  190000000
   5       80     7511   181308     83435736118     83435917425        15972767     173656       7432     190000         31     5    1400000    9432000  190000000  190000000
   5       80     7514   190014     83435917433     83436107447        16154083     182324       7432     190000         53     5    1400000    9432000  190000000  190000000
   5       80     7513   189978     83436107456     83436297434        16344105     182295       7432     190000         40     5    1400000    9432000  190000000  190000000
   5       80     7513   189998     83436297443     83436487440        16534092     182308       7432     190000         47     5    1400000    9432000  190000000  190000000
   5       80     7516   189990     83436487449     83436677439        16724098     182281       7432     190000         46     5    1400000    9432000  190000000  190000000
   5       80     7514   215146     83436677448     83436892594        16914097     182297       7432     190000      25200     5    1400000    9432000  190000000  190000000
   5       80     7532   164841     83436892602     83437057443        17129251     148482       7432     190000         49     5    1400000    9432000  190000000  190000000
   5       80     7513   189977     83437057452     83437247429        17294101     182296       7432     190000         35     5    1400000    9432000  190000000  190000000
   5       80     7513   205052     83437247437     83437452489        17484087     182302       7432     190000      15096     5    1400000    9432000  190000000  190000000
   5       80     7513   174947     83437452498     83437627445        17689147     167266       7432     190000         51     5    1400000    9432000  190000000  190000000
   5       80     7513   189972     83437627453     83437817425        17864103     182294       7432     190000         31     5    1400000    9432000  190000000  190000000
   5       80     7513   195094     83437817434     83438012528        18054083     182316       7432     190000       5134     5    1400000    9432000  190000000  190000000
   5       80     7515   193533     83438012536     83438206069        18249185     177191       7432     190000       8676     5    1400000    9432000  190000000  190000000
   5       80     7515   181363     83438206078     83438387441        18442727     173664       7432     190000         47     5    1400000    9432000  190000000  190000000
   5       80     7515   189974     83438387450     83438577424        18624099     182279       7432     190000         30     5    1400000    9432000  190000000  190000000
   5       80     7513   190021     83438577432     83438767454        18814081     182327       7432     190000         60     5    1400000    9432000  190000000  190000000
   5       80     7517   189929     83438767495     83438957424        19004144     182234       7432     190000         30     5    1400000    9432000  190000000  190000000
   5       80     7512   190027     83438957433     83439147460        19194082     182331       7432     190000         64     5    1400000    9432000  190000000  190000000
   5       80     7515   189966     83439147468     83439337435        19384118     182260       7432     190000         41     5    1400000    9432000  190000000  190000000
   5       80     7516   215092     83439337443     83439552535        19574092     182282       7432     190000      25141     5    1400000    9432000  190000000  190000000
   5       80     7512   164893     83439552543     83439717436        19789192     157222       7432     190000         42     5    1400000    9432000  190000000  190000000
   5       80     7513   189986     83439717445     83439907431        19954094     182309       7432     190000         36     5    1400000    9432000  190000000  190000000
   5       80     7512   205083     83439907440     83440112523        20144089     182314       7432     190000      15129     5    1400000    9432000  190000000  190000000
   5       80     7514   174902     83440112531     83440287434        20349180     167215       7432     190000         38     5    1400000    9432000  190000000  190000000
   5       80     7514   189991     83440287443     83440477434        20524093     182311       7432     190000         41     5    1400000    9432000  190000000  190000000
   5       80     7514   203829     83440477443     83440681272        20714092     182302       7432     190000      13879     5    1400000    9432000  190000000  190000000
   5       80     7513   176155     83440681281     83440857436        20917930     168470       7432     190000         42     5    1400000    9432000  190000000  190000000
   5       80     7513   189998     83440857445     83441047443        21094094     182306       7432     190000         49     5    1400000    9432000  190000000  190000000
   5       80     7513   189984     83441047452     83441237435        21284101     182294       7432     190000         42     5    1400000    9432000  190000000  190000000
   5       80     7515   190005     83441237444     83441427449        21474093     182306       7432     190000         53     5    1400000    9432000  190000000  190000000
   5       80     7515   189967     83441427458     83441617425        21664107     182275       7432     190000         31     5    1400000    9432000  190000000  190000000
   5       80     7514   190014     83441617434     83441807447        21854083     182306       7432     190000         53     5    1400000    9432000  190000000  190000000
   5       80     7516   189980     83441807456     83441997436        22044105     182268       7432     190000         42     5    1400000    9432000  190000000  190000000
   5       80     7515   215110     83441997444     83442212554        22234093     182295       7432     190000      25161     5    1400000    9432000  190000000  190000000
   5       80     7514   164873     83442212563     83442377435        22449212     157193       7432     190000         41     5    1400000    9432000  190000000  190000000
   5       80     7513   189994     83442377444     83442567438        22614093     182302       7432     190000         44     5    1400000    9432000  190000000  190000000
   5       80     7515   213822     83442567447     83442781269        22804096     182289       7432     190000      23875     5    1400000    9432000  190000000  190000000
   5       80     7513   166152     83442781277     83442947429        23017926     158474       7432     190000         35     5    1400000    9432000  190000000  190000000
   5       80     7513   198653     83442947438     83443146091        23184087     182313       7432     190000       8697     5    1400000    9432000  190000000  190000000
   5       80     7513   186397     83443146129     83443332526        23382778     173630       7432     190000       5132     5    1400000    9432000  190000000  190000000
   5       80     7513   184911     83443332534     83443517446        23569184     177219       7432     190000         52     5    1400000    9432000  190000000  190000000
   5       80     7515   189998     83443517455     83443707452        23754104     182284       7432     190000         58     5    1400000    9432000  190000000  190000000
   5       80     7515   189964     83443707462     83443897425        23944111     182265       7432     190000         31     5    1400000    9432000  190000000  190000000
   5       80     7512   190008     83443897434     83444087442        24134083     182335       7432     190000         48     5    1400000    9432000  190000000  190000000
   5       80     7514   189973     83444087451     83444277424        24324100     182283       7432     190000         30     5    1400000    9432000  190000000  190000000
   5       80     7514   189998     83444277433     83444467431        24514082     182316       7432     190000         37     5    1400000    9432000  190000000  190000000
   5       80     7514   189997     83444467440     83444657437        24704089     182312       7432     190000         43     5    1400000    9432000  190000000  190000000
   5       80     7515   215081     83444657446     83444872527        24894095     182298       7432     190000      25133     5    1400000    9432000  190000000  190000000
   5       80     7513   164900     83444872536     83445037436        25109185     157225       7432     190000         42     5    1400000    9432000  190000000  190000000
   5       80     7513   189988     83445037445     83445227433        25274094     182315       7432     190000         39     5    1400000    9432000  190000000  190000000
   5       80     7513   205105     83445227441     83445432546        25464090     182311       7432     190000      15152     5    1400000    9432000  190000000  190000000
   5       80     7513   183541     83445432555     83445616096        25669204     167198       7432     190000       8700     5    1400000    9432000  190000000  190000000
   5       80     7511   181334     83445616104     83445797438        25852753     173686       7432     190000         44     5    1400000    9432000  190000000  190000000
   5       80     7513   195141     83445797446     83445992588        26034096     182310       7432     190000       5194     5    1400000    9432000  190000000  190000000
   5       80     7531   184840     83445992596     83446177436        26229245     168483       7432     190000         42     5    1400000    9432000  190000000  190000000
   5       80     7513   189997     83446177444     83446367441        26414094     182315       7432     190000         47     5    1400000    9432000  190000000  190000000
   5       80     7515   189989     83446367450     83446557439        26604099     182282       7432     190000         45     5    1400000    9432000  190000000  190000000
   5       80     7513   189999     83446557448     83446747446        26794097     182315       7432     190000         52     5    1400000    9432000  190000000  190000000
   5       80     7515   189979     83446747455     83446937433        26984104     182269       7432     190000         39     5    1400000    9432000  190000000  190000000
   5       80     7514   189999     83446937441     83447127441        27174091     182304       7432     190000         47     5    1400000    9432000  190000000  190000000
   5       80     7514   189977     83447127449     83447317426        27364098     182309       7432     190000         32     5    1400000    9432000  190000000  190000000
   5       80     7515   215067     83447317435     83447532501        27554084     182302       7432     190000      25108     5    1400000    9432000  190000000  190000000
   5       80     7514   164920     83447532510     83447697430        27769159     157237       7432     190000         35     5    1400000    9432000  190000000  190000000
   5       80     7514   189968     83447697470     83447887438        27934120     182266       7432     190000         45     5    1400000    9432000  190000000  190000000
   5       80     7514   213680     83447887447     83448101128        28124096     182309       7432     190000      23734     5    1400000    9432000  190000000  190000000
   5       80     7512   166298     83448101136     83448267434        28337785     158623       7432     190000         40     5    1400000    9432000  190000000  190000000
   5       80     7513   189998     83448267443     83448457441        28504092     182295       7432     190000         47     5    1400000    9432000  190000000  190000000
   5       80     7514   195115     83448457449     83448652564        28694099     182301       7432     190000       5171     5    1400000    9432000  190000000  190000000
   5       80     7513   184863     83448652573     83448837436        28889222     177179       7432     190000         42     5    1400000    9432000  190000000  190000000
   5       80     7512   189995     83448837444     83449027439        29074093     182314       7432     190000         45     5    1400000    9432000  190000000  190000000
   5       80     7514   189988     83449027448     83449217436        29264097     182310       7432     190000         42     5    1400000    9432000  190000000  190000000
   5       80     7515   189997     83449217444     83449407441        29454093     182291       7432     190000         47     5    1400000    9432000  190000000  190000000
   5       80     7515   189985     83449407449     83449597434        29644098     182289       7432     190000         40     5    1400000    9432000  190000000  190000000
   5       80     7513   189987     83449597443     83449787430        29834092     182299       7432     190000         36     5    1400000    9432000  190000000  190000000
   5       80     7513   189993     83449787438     83449977431        30024088     182309       7432     190000         37     5    1400000    9432000  190000000  190000000
   5       80     7515   215085     83449977440     83450192525        30214089     182285       7432     190000      25131     5    1400000    9432000  190000000  190000000
   5       80     7513   164906     83450192534     83450357440        30429183     157218       7432     190000         46     5    1400000    9432000  190000000  190000000
   5       80     7513   198709     83450357448     83450556157        30594097     182309       7432     190000       8763     5    1400000    9432000  190000000  190000000
   5       80     7511   196350     83450556165     83450752516        30792815     173621       7432     190000      15122     5    1400000    9432000  190000000  190000000
   5       80     7512   174915     83450752524     83450927439        30989173     167234       7432     190000         45     5    1400000    9432000  190000000  190000000
   5       80     7514   189987     83450927448     83451117434        31164097     182293       7432     190000         40     5    1400000    9432000  190000000  190000000
   5       80     7514   195068     83451117443     83451312511        31354092     182300       7432     190000       5117     5    1400000    9432000  190000000  190000000
   5       80     7512   184917     83451312519     83451497436        31549168     177234       7432     190000         42     5    1400000    9432000  190000000  190000000
   5       80     7513   189994     83451497445     83451687439        31734094     182307       7432     190000         45     5    1400000    9432000  190000000  190000000
   5       80     7518   193751     83451687448     83451881198        31924097     182268       7432     190000       3805     5    1400000    9432000  190000000  190000000
   5       80     7513   186239     83451881207     83452067446        32117856     178542       7432     190000         52     5    1400000    9432000  190000000  190000000
   5       80     7513   189937     83452067487     83452257424        32304137     182252       7432     190000         30     5    1400000    9432000  190000000  190000000
   5       80     7513   190010     83452257433     83452447443        32494082     182314       7432     190000         48     5    1400000    9432000  190000000  190000000
   5       80     7515   189974     83452447452     83452637426        32684101     182296       7432     190000         32     5    1400000    9432000  190000000  190000000
   5       80     7514   215151     83452637435     83452852586        32874084     182315       7432     190000      25192     5    1400000    9432000  190000000  190000000
   5       80     7513   173474     83452852594     83453026068        33089244     157158       7432     190000       8674     5    1400000    9432000  190000000  190000000
   5       80     7514   181363     83453026077     83453207439        33262726     173671       7432     190000         45     5    1400000    9432000  190000000  190000000
   5       80     7513   213762     83453207448     83453421210        33444097     182292       7432     190000      23816     5    1400000    9432000  190000000  190000000
   5       80     7514   166231     83453421218     83453587449        33657868     158526       7432     190000         56     5    1400000    9432000  190000000  190000000
   5       80     7513   189976     83453587458     83453777434        33824107     182290       7432     190000         40     5    1400000    9432000  190000000  190000000
   5       80     7513   195052     83453777443     83453972494        34014092     182312       7432     190000       5101     5    1400000    9432000  190000000  190000000
   5       80     7513   184933     83453972503     83454157436        34209152     177248       7432     190000         42     5    1400000    9432000  190000000  190000000
   5       80     7515   190005     83454157445     83454347450        34394094     182280       7432     190000         56     5    1400000    9432000  190000000  190000000
   5       80     7513   189967     83454347459     83454537426        34584108     182279       7432     190000         32     5    1400000    9432000  190000000  190000000
   5       80     7514   190002     83454537434     83454727436        34774083     182313       7432     190000         42     5    1400000    9432000  190000000  190000000
   5       80     7514   189996     83454727445     83454917441        34964094     182303       7432     190000         47     5    1400000    9432000  190000000  190000000
   5       80     7513   189985     83454917449     83455107434        35154099     182295       7432     190000         39     5    1400000    9432000  190000000  190000000
   5       80     7514   189992     83455107443     83455297435        35344092     182301       7432     190000         41     5    1400000    9432000  190000000  190000000
   5       80     7516   223725     83455297443     83455521168        35534093     182283       7432     190000      33775     5    1400000    9432000  190000000  190000000
   5       80     7512   156248     83455521177     83455677425        35757826     148589       7432     190000         31     5    1400000    9432000  190000000  190000000
   5       80     7513   190009     83455677433     83455867443        35914083     182326       7432     190000         48     5    1400000    9432000  190000000  190000000
   5       80     7513   205071     83455867452     83456072522        36104101     182301       7432     190000      15129     5    1400000    9432000  190000000  190000000
   5       80     7515   174910     83456072531     83456247441        36309180     167215       7432     190000         47     5    1400000    9432000  190000000  190000000
   5       80     7514   189993     83456247449     83456437442        36484098     182288       7432     190000         47     5    1400000    9432000  190000000  190000000
   5       80     7514   195103     83456437451     83456632554        36674100     182298       7432     190000       5160     5    1400000    9432000  190000000  190000000
   5       80     7515   184830     83456632605     83456817435        36869254     177125       7432     190000         42     5    1400000    9432000  190000000  190000000
   5       80     7513   189988     83456817444     83457007432        37054093     182298       7432     190000         38     5    1400000    9432000  190000000  190000000
   5       80     7513   193773     83457007441     83457201214        37244090     182310       7432     190000       3820     5    1400000    9432000  190000000  190000000
   5       80     7514   186233     83457201222     83457387455        37437871     178528       7432     190000         61     5    1400000    9432000  190000000  190000000
   5       80     7515   189960     83457387464     83457577424        37624113     182269       7432     190000         30     5    1400000    9432000  190000000  190000000
   5       80     7515   190017     83457577432     83457767449        37814082     182309       7432     190000         55     5    1400000    9432000  190000000  190000000
   5       80     7515   198619     83457767458     83457966077        38004107     182274       7432     190000       8683     5    1400000    9432000  190000000  190000000
   5       80     7513   206458     83457966085     83458172543        38202734     173672       7432     190000      25149     5    1400000    9432000  190000000  190000000
   5       80     7514   164876     83458172551     83458337427        38409201     157205       7432     190000         34     5    1400000    9432000  190000000  190000000
   5       80     7513   190007     83458337436     83458527443        38574085     182328       7432     190000         49     5    1400000    9432000  190000000  190000000
   5       80     7514   205114     83458527452     83458732565        38764101     182289       7432     190000      15172     5    1400000    9432000  190000000  190000000
   5       80     7533   174876     83458732574     83458907450        38969223     158518       7432     190000         56     5    1400000    9432000  190000000  190000000
   5       80     7514   189977     83458907458     83459097436        39144108     182284       7432     190000         42     5    1400000    9432000  190000000  190000000
   5       80     7515   195042     83459097444     83459292486        39334094     182281       7432     190000       5092     5    1400000    9432000  190000000  190000000
   5       80     7513   184942     83459292494     83459477437        39529144     177259       7432     190000         43     5    1400000    9432000  190000000  190000000
   5       80     7513   189993     83459477445     83459667438        39714094     182307       7432     190000         42     5    1400000    9432000  190000000  190000000
   5       80     7513   189987     83459667448     83459857435        39904097     182289       7432     190000         41     5    1400000    9432000  190000000  190000000
   5       80     7514   189996     83459857443     83460047439        40094092     182307       7432     190000         44     5    1400000    9432000  190000000  190000000
   5       80     7520   189986     83460047448     83460237434        40284097     182260       7432     190000         40     5    1400000    9432000  190000000  190000000
   5       80     7513   198674     83460237443     83460436117        40474092     182316       7432     190000       8723     5    1400000    9432000  190000000  190000000
   5       80     7510   181312     83460436126     83460617437        40672775     173660       7432     190000         43     5    1400000    9432000  190000000  190000000
   5       80     7514   223731     83460617446     83460841177        40854095     182297       7432     190000      33783     5    1400000    9432000  190000000  190000000
   5       80     7512   156240     83460841185     83460997426        41077834     148577       7432     190000         32     5    1400000    9432000  190000000  190000000
   5       80     7513   189969     83460997472     83461187441        41234121     182282       7432     190000         47     5    1400000    9432000  190000000  190000000
   5       80     7513   205141     83461187450     83461392591        41424099     182300       7432     190000      15197     5    1400000    9432000  190000000  190000000
   5       80     7514   174842     83461392599     83461567441        41629248     167147       7432     190000         47     5    1400000    9432000  190000000  190000000
   5       80     7516   189985     83461567450     83461757434        41804099     182281       7432     190000         40     5    1400000    9432000  190000000  190000000
   5       80     7513   195092     83461757443     83461952535        41994092     182315       7432     190000       5142     5    1400000    9432000  190000000  190000000
   5       80     7513   184881     83461952544     83462137424        42189193     177202       7432     190000         30     5    1400000    9432000  190000000  190000000
   5       80     7513   190007     83462137433     83462327440        42374082     182330       7432     190000         47     5    1400000    9432000  190000000  190000000
   5       80     7514   193676     83462327449     83462521125        42564098     182296       7432     190000       3731     5    1400000    9432000  190000000  190000000
   5       80     7512   186309     83462521133     83462707442        42757783     178630       7432     190000         48     5    1400000    9432000  190000000  190000000
   5       80     7514   198630     83462707451     83462906081        42944100     182307       7432     190000       8687     5    1400000    9432000  190000000  190000000
   5       80     7542   181350     83462906089     83463087439        43142738     148563       7432     190000         45     5    1400000    9432000  190000000  190000000
   5       80     7513   189988     83463087447     83463277436        43324096     182303       7432     190000         42     5    1400000    9432000  190000000  190000000
   5       80     7515   215082     83463277444     83463492526        43514093     182290       7432     190000      25133     5    1400000    9432000  190000000  190000000
   5       80     7513   164890     83463492535     83463657424        43729184     157225       7432     190000         31     5    1400000    9432000  190000000  190000000
   5       80     7512   190005     83463657433     83463847438        43894082     182322       7432     190000         44     5    1400000    9432000  190000000  190000000
   5       80     7513   205073     83463847447     83464052519        44084096     182310       7432     190000      15126     5    1400000    9432000  190000000  190000000
   5       80     7512   174919     83464052528     83464227447        44289177     167237       7432     190000         53     5    1400000    9432000  190000000  190000000
   5       80     7516   189978     83464227456     83464417434        44464105     182276       7432     190000         40     5    1400000    9432000  190000000  190000000
   5       80     7513   203791     83464417442     83464621234        44654092     182315       7432     190000      13840     5    1400000    9432000  190000000  190000000
   5       80     7514   176194     83464621242     83464797436        44857891     168507       7432     190000         42     5    1400000    9432000  190000000  190000000
   5       80     7513   189984     83464797445     83464987428        45034094     182315       7432     190000         35     5    1400000    9432000  190000000  190000000
   5       80     7513   189989     83464987437     83465177426        45224086     182309       7432     190000         32     5    1400000    9432000  190000000  190000000
   5       80     7514   198659     83465177435     83465376093        45414084     182330       7432     190000       8699     5    1400000    9432000  190000000  190000000
   5       80     7512   181341     83465376102     83465557442        45612751     173669       7432     190000         48     5    1400000    9432000  190000000  190000000
   5       80     7515   189946     83465557483     83465747429        45794132     182256       7432     190000         34     5    1400000    9432000  190000000  190000000
   5       80     7513   189998     83465747438     83465937436        45984087     182319       7432     190000         42     5    1400000    9432000  190000000  190000000
   5       80     7515   223768     83465937444     83466161212        46174093     182294       7432     190000      33819     5    1400000    9432000  190000000  190000000
   5       80     7514   156207     83466161221     83466317428        46397870     148526       7432     190000         34     5    1400000    9432000  190000000  190000000
   5       80     7513   190017     83466317437     83466507454        46554086     182321       7432     190000         59     5    1400000    9432000  190000000  190000000
   5       80     7518   205013     83466507463     83466712476        46744112     182248       7432     190000      15082     5    1400000    9432000  190000000  190000000
   5       80     7513   174965     83466712484     83466887449        46949133     167272       7432     190000         55     5    1400000    9432000  190000000  190000000
   5       80     7516   189978     83466887457     83467077436        47124107     182273       7432     190000         42     5    1400000    9432000  190000000  190000000
   5       80     7515   195075     83467077444     83467272519        47314093     182308       7432     190000       5126     5    1400000    9432000  190000000  190000000
   5       80     7513   184898     83467272528     83467457425        47509177     177228       7432     190000         32     5    1400000    9432000  190000000  190000000
   5       80     7514   190011     83467457434     83467647444        47694083     182318       7432     190000         51     5    1400000    9432000  190000000  190000000
   5       80     7514   198622     83467647453     83467846075        47884102     182287       7432     190000       8681     5    1400000    9432000  190000000  190000000
   5       80     7514   181348     83467846083     83468027431        48082732     173654       7432     190000         37     5    1400000    9432000  190000000  190000000
   5       80     7516   189995     83468027440     83468217434        48264089     182314       7432     190000         40     5    1400000    9432000  190000000  190000000
   5       80     7513   190001     83468217443     83468407443        48454092     182315       7432     190000         50     5    1400000    9432000  190000000  190000000
   5       80     7517   189982     83468407452     83468597434        48644101     182275       7432     190000         40     5    1400000    9432000  190000000  190000000
   5       80     7515   215130     83468597443     83468812572        48834092     182298       7432     190000      25179     5    1400000    9432000  190000000  190000000
   5       80     7513   164856     83468812581     83468977437        49049230     157179       7432     190000         43     5    1400000    9432000  190000000  190000000
   5       80     7515   189996     83468977445     83469167441        49214094     182284       7432     190000         47     5    1400000    9432000  190000000  190000000
   5       80     7514   205095     83469167449     83469372544        49404098     182281       7432     190000      15151     5    1400000    9432000  190000000  190000000
   5       80     7514   174877     83469372553     83469547430        49609202     167177       7432     190000         36     5    1400000    9432000  190000000  190000000
   5       80     7513   189995     83469547439     83469737434        49784088     182315       7432     190000         40     5    1400000    9432000  190000000  190000000
   5       80     7514   203734     83469737443     83469941176        49974092     182305       7432     190000      13783     5    1400000    9432000  190000000  190000000
   5       80     7513   176227     83469941215     83470117443        50177864     168537       7432     190000         49     5    1400000    9432000  190000000  190000000
   5       80     7514   198674     83470117451     83470316125        50354100     182292       7432     190000       8731     5    1400000    9432000  190000000  190000000
   5       80     7512   181301     83470316133     83470497434        50552783     173635       7432     190000         41     5    1400000    9432000  190000000  190000000
   5       80     7513   189987     83470497443     83470687430        50734092     182304       7432     190000         35     5    1400000    9432000  190000000  190000000
   5       80     7514   189987     83470687438     83470877425        50924087     182293       7432     190000         31     5    1400000    9432000  190000000  190000000
   5       80     7514   190016     83470877434     83471067450        51114083     182309       7432     190000         56     5    1400000    9432000  190000000  190000000
   5       80     7516   189976     83471067459     83471257434        51304108     182274       7432     190000         40     5    1400000    9432000  190000000  190000000
   5       80     7515   215102     83471257443     83471472545        51494092     182283       7432     190000      25152     5    1400000    9432000  190000000  190000000
   5       80     7530   164882     83471472554     83471637436        51709203     148571       7432     190000         42     5    1400000    9432000  190000000  190000000
   5       80     7513   190001     83471637444     83471827445        51874093     182311       7432     190000         51     5    1400000    9432000  190000000  190000000
   5       80     7514   205068     83471827454     83472032522        52064103     182285       7432     190000      15128     5    1400000    9432000  190000000  190000000
   5       80     7512   174915     83472032531     83472207446        52269180     167214       7432     190000         51     5    1400000    9432000  190000000  190000000
   5       80     7515   189975     83472207454     83472397430        52444103     182281       7432     190000         36     5    1400000    9432000  190000000  190000000
   5       80     7515   195076     83472397438     83472592514        52634088     182310       7432     190000       5120     5    1400000    9432000  190000000  190000000
   5       80     7513   193562     83472592523     83472786084        52829172     177233       7432     190000       8691     5    1400000    9432000  190000000  190000000
   5       80     7513   181353     83472786093     83472967446        53022742     173665       7432     190000         51     5    1400000    9432000  190000000  190000000
   5       80     7514   189972     83472967456     83473157427        53204105     182295       7432     190000         33     5    1400000    9432000  190000000  190000000
   5       80     7513   190002     83473157436     83473347438        53394085     182315       7432     190000         42     5    1400000    9432000  190000000  190000000
   5       80     7514   189986     83473347447     83473537433        53584096     182283       7432     190000         39     5    1400000    9432000  190000000  190000000
   5       80     7513   189986     83473537442     83473727428        53774091     182313       7432     190000         34     5    1400000    9432000  190000000  190000000
   5       80     7514   190002     83473727436     83473917439        53964086     182308       7432     190000         45     5    1400000    9432000  190000000  190000000
   5       80     7516   215131     83473917447     83474132579        54154097     182276       7432     190000      25185     5    1400000    9432000  190000000  190000000
   5       80     7515   164849     83474132587     83474297437        54369236     157160       7432     190000         43     5    1400000    9432000  190000000  190000000
   5       80     7513   190003     83474297445     83474487449        54534094     182306       7432     190000         54     5    1400000    9432000  190000000  190000000
   5       80     7514   205059     83474487490     83474692549        54724139     182255       7432     190000      15155     5    1400000    9432000  190000000  190000000
   5       80     7513   174880     83474692557     83474867437        54929207     167200       7432     190000         42     5    1400000    9432000  190000000  190000000
   5       80     7513   189981     83474867446     83475057427        55104095     182305       7432     190000         33     5    1400000    9432000  190000000  190000000
   5       80     7514   203720     83475057435     83475261155        55294084     182310       7432     190000      13762     5    1400000    9432000  190000000  190000000
   5       80     7513   176273     83475261164     83475437437        55497813     168594       7432     190000         43     5    1400000    9432000  190000000  190000000
   5       80     7514   190009     83475437445     83475627454        55674094     182307       7432     190000         60     5    1400000    9432000  190000000  190000000
   5       80     7514   189967     83475627463     83475817430        55864112     182264       7432     190000         35     5    1400000    9432000  190000000  190000000
   5       80     7513   190005     83475817439     83476007444        56054088     182316       7432     190000         50     5    1400000    9432000  190000000  190000000
   5       80     7515   189981     83476007453     83476197434        56244102     182288       7432     190000         40     5    1400000    9432000  190000000  190000000
   5       80     7513   189990     83476197443     83476387433        56434092     182315       7432     190000         39     5    1400000    9432000  190000000  190000000
   5       80     7516   189998     83476387441     83476577439        56624090     182300       7432     190000         45     5    1400000    9432000  190000000  190000000
   5       80     7515   215101     83476577447     83476792549        56814096     182296       7432     190000      25155     5    1400000    9432000  190000000  190000000
   5       80     7513   164873     83476792557     83476957430        57029206     157200       7432     190000         36     5    1400000    9432000  190000000  190000000
   5       80     7513   190002     83476957439     83477147441        57194088     182307       7432     190000         47     5    1400000    9432000  190000000  190000000
   5       80     7513   213730     83477147449     83477361179        57384098     182303       7432     190000      23785     5    1400000    9432000  190000000  190000000
   5       80     7513   166252     83477361187     83477527440        57597837     158552       7432     190000         46     5    1400000    9432000  190000000  190000000
   5       80     7514   198599     83477527448     83477726047        57764097     182303       7432     190000       8653     5    1400000    9432000  190000000  190000000
   5       80     7512   186503     83477726055     83477912558        57962704     173707       7432     190000       5165     5    1400000    9432000  190000000  190000000
   5       80     7512   184871     83477912567     83478097437        58149216     177183       7432     190000         44     5    1400000    9432000  190000000  190000000
   5       80     7513   189999     83478097446     83478287445        58334095     182311       7432     190000         51     5    1400000    9432000  190000000  190000000
   5       80     7514   189984     83478287454     83478477438        58524103     182291       7432     190000         44     5    1400000    9432000  190000000  190000000
   5       80     7513   189998     83478477446     83478667444        58714095     182315       7432     190000         50     5    1400000    9432000  190000000  190000000
   5       80     7514   189982     83478667452     83478857434        58904101     182306       7432     190000         40     5    1400000    9432000  190000000  190000000
   5       80     7515   189989     83478857443     83479047432        59094092     182288       7432     190000         38     5    1400000    9432000  190000000  190000000
   5       80     7513   189967     83479047469     83479237436        59284119     182286       7432     190000         42     5    1400000    9432000  190000000  190000000
   5       80     7517   215032     83479237445     83479452477        59474094     182275       7432     190000      25083     5    1400000    9432000  190000000  190000000
   5       80     7513   164952     83479452485     83479617437        59689134     157279       7432     190000         43     5    1400000    9432000  190000000  190000000
   5       80     7513   189982     83479617446     83479807428        59854095     182307       7432     190000         34     5    1400000    9432000  190000000  190000000
   5       80     7513   205058     83479807436     83480012494        60044086     182321       7432     190000      15101     5    1400000    9432000  190000000  190000000
   5       80     7512   183637     83480012503     83480196140        60249152     167265       7432     190000       8747     5    1400000    9432000  190000000  190000000
