#idx     perf      run   period           start             end          rel_st      slack c_duration   c_period     wu_lat   cpu       freq dl_runtime  dl_period dl_deadline
   2       43     4044   169965     12861184874     12861354839          742506     165640       3996     170000         53     4    1400000    5996000  170000000  170000000
   2       43     4043   169989     12861354849     12861524838          912481     165794       3996     170000         52     4    1400000    5996000  170000000  170000000
   2       43     4043   169979     12861524848     12861694827         1082480     165798       3996     170000         41     4    1400000    5996000  170000000  170000000
   2       43     4043   169995     12861694836     12861864831         1252469     165805       3996     170000         45     4    1400000    5996000  170000000  170000000
   2       43     4043   169996     12861864840     12862034836         1422473     165805       3996     170000         50     4    1400000    5996000  170000000  170000000
   2       43     4043   169972     12862034846     12862204818         1592478     165785       3996     170000         31     4    1400000    5996000  170000000  170000000
   2       43     4042   170000     12862204826     12862374827         1762459     165824       3996     170000         40     4    1400000    5996000  170000000  170000000
   2       43     4042   169996     12862374835     12862544832         1932468     165804       3996     170000         45     4    1400000    5996000  170000000  170000000
   2       43     4043   169997     12862544840     12862714838         2102473     165804       3996     170000         52     4    1400000    5996000  170000000  170000000
   2       43     4043   169982     12862714846     12862884828         2272479     165800       3996     170000         42     4    1400000    5996000  170000000  170000000
   2       43     4043   169981     12862884837     12863054818         2442470     165808       3996     170000         32     4    1400000    5996000  170000000  170000000
   2       43     4042   170024     12863054827     12863224851         2612459     165822       3996     170000         65     4    1400000    5996000  170000000  170000000
   2       43     4043   169976     12863224860     12863394836         2782493     165776       3996     170000         50     4    1400000    5996000  170000000  170000000
   2       43     4043   169975     12863394845     12863564819         2952477     165798       3996     170000         33     4    1400000    5996000  170000000  170000000
   2       43     4044   170006     12863564828     12863734834         3122461     165804       3996     170000         48     4    1400000    5996000  170000000  170000000
   2       43     4042   169977     12863734843     12863904819         3292475     165802       3996     170000         33     4    1400000    5996000  170000000  170000000
   2       43     4042   169989     12863904828     12864074817         3462461     165822       3996     170000         31     4    1400000    5996000  170000000  170000000
   2       43     4042   170009     12864074826     12864244836         3632459     165821       3996     170000         49     4    1400000    5996000  170000000  170000000
   2       43     4042   169982     12864244845     12864414827         3802477     165800       3996     170000         41     4    1400000    5996000  170000000  170000000
   2       43     4042   170003     12864414836     12864584839         3972468     165809       3996     170000         53     4    1400000    5996000  170000000  170000000
   2       43     4043   169981     12864584848     12864754829         4142481     165796       3996     170000         43     4    1400000    5996000  170000000  170000000
   2       43     4042   169980     12864754838     12864924817         4312470     165810       3996     170000         31     4    1400000    5996000  170000000  170000000
   2       43     4042   169998     12864924826     12865094824         4482459     165818       3996     170000         37     4    1400000    5996000  170000000  170000000
   2       43     4042   169975     12865094874     12865264849         4652507     165764       3996     170000         63     4    1400000    5996000  170000000  170000000
   2       43     4043   169959     12865264858     12865434817         4822491     165771       3996     170000         31     4    1400000    5996000  170000000  170000000
   2       43     4042   170008     12865434827     12865604835         4992459     165822       3996     170000         49     4    1400000    5996000  170000000  170000000
   2       43     4043   169985     12865604843     12865774828         5162476     165801       3996     170000         42     4    1400000    5996000  170000000  170000000
   2       43     4043   169979     12865774837     12865944816         5332470     165807       3996     170000         30     4    1400000    5996000  170000000  170000000
   2       43     4042   170003     12865944826     12866114828         5502458     165825       3996     170000         42     4    1400000    5996000  170000000  170000000
   2       43     4043   170000     12866114837     12866284837         5672470     165805       3996     170000         51     4    1400000    5996000  170000000  170000000
   2       43     4043   169981     12866284846     12866454827         5842479     165792       3996     170000         41     4    1400000    5996000  170000000  170000000
   2       43     4043   169999     12866454836     12866624835         6012469     165797       3996     170000         49     4    1400000    5996000  170000000  170000000
   2       43     4043   169974     12866624843     12866794817         6182476     165803       3996     170000         31     4    1400000    5996000  170000000  170000000
   2       43     4042   170008     12866794826     12866964834         6352459     165821       3996     170000         48     4    1400000    5996000  170000000  170000000
   2       43     4043   169997     12866964843     12867134840         6522476     165794       3996     170000         54     4    1400000    5996000  170000000  170000000
   2       43     4043   169997     12867134849     12867304846         6692482     165784       3996     170000         60     4    1400000    5996000  170000000  170000000
   2       43     4043   169975     12867304855     12867474830         6862488     165786       3996     170000         44     4    1400000    5996000  170000000  170000000
   2       43     4042   169987     12867474839     12867644826         7032471     165806       3996     170000         40     4    1400000    5996000  170000000  170000000
   2       43     4043   169984     12867644835     12867814818         7202467     165806       3996     170000         32     4    1400000    5996000  170000000  170000000
   2       43     4043   170005     12867814827     12867984832         7372460     165822       3996     170000         46     4    1400000    5996000  170000000  170000000
   2       43     4043   169987     12867984841     12868154829         7542474     165788       3996     170000         42     4    1400000    5996000  170000000  170000000
   2       43     4042   169996     12868154837     12868324833         7712470     165804       3996     170000         47     4    1400000    5996000  170000000  170000000
   2       43     4042   169990     12868324842     12868494832         7882475     165805       3996     170000         46     4    1400000    5996000  170000000  170000000
   2       43     4043   169976     12868494841     12868664817         8052474     165803       3996     170000         30     4    1400000    5996000  170000000  170000000
   2       43     4044   170009     12868664825     12868834835         8222458     165809       3996     170000         48     4    1400000    5996000  170000000  170000000
   2       43     4043   169984     12868834844     12869004828         8392476     165800       3996     170000         41     4    1400000    5996000  170000000  170000000
   2       43     4043   170001     12869004837     12869174839         8562470     165802       3996     170000         52     4    1400000    5996000  170000000  170000000
   2       43     4043   169959     12869174879     12869344838         8732512     165753       3996     170000         52     4    1400000    5996000  170000000  170000000
   2       43     4043   169981     12869344847     12869514828         8902480     165782       3996     170000         42     4    1400000    5996000  170000000  170000000
   2       43     4044   169980     12869514836     12869684817         9072469     165790       3996     170000         31     4    1400000    5996000  170000000  170000000
   2       43     4042   170002     12869684825     12869854827         9242458     165826       3996     170000         41     4    1400000    5996000  170000000  170000000
   2       43     4042   170002     12869854836     12870024839         9412469     165810       3996     170000         53     4    1400000    5996000  170000000  170000000
   2       43     4043   169973     12870024848     12870194821         9582480     165791       3996     170000         35     4    1400000    5996000  170000000  170000000
   2       43     4042   170003     12870194830     12870364833         9752463     165813       3996     170000         47     4    1400000    5996000  170000000  170000000
   2       43     4042   169974     12870364842     12870534816         9922475     165812       3996     170000         30     4    1400000    5996000  170000000  170000000
   2       43     4042   170007     12870534825     12870704832        10092457     165820       3996     170000         46     4    1400000    5996000  170000000  170000000
   2       43     4042   169994     12870704841     12870874835        10262473     165804       3996     170000         48     4    1400000    5996000  170000000  170000000
   2       43     4046   169985     12870874844     12871044829        10432477     165756       3996     170000         43     4    1400000    5996000  170000000  170000000
   2       43     4042   170002     12871044838     12871214839        10602470     165791       3996     170000         53     4    1400000    5996000  170000000  170000000
   2       43     4043   170002     12871214849     12871384851        10772481     165791       3996     170000         65     4    1400000    5996000  170000000  170000000
   2       43     4044   169974     12871384860     12871554834        10942493     165766       3996     170000         48     4    1400000    5996000  170000000  170000000
   2       43     4043   169992     12871554843     12871724835        11112476     165798       3996     170000         49     4    1400000    5996000  170000000  170000000
   2       43     4043   169993     12871724844     12871894837        11282477     165797       3996     170000         51     4    1400000    5996000  170000000  170000000
   2       43     4043   169989     12871894846     12872064835        11452479     165799       3996     170000         48     4    1400000    5996000  170000000  170000000
   2       43     4043   169985     12872064844     12872234829        11622476     165795       3996     170000         43     4    1400000    5996000  170000000  170000000
   2       43     4042   169980     12872234838     12872404818        11792471     165802       3996     170000         32     4    1400000    5996000  170000000  170000000
   2       43     4042   170003     12872404827     12872574830        11962459     165818       3996     170000         43     4    1400000    5996000  170000000  170000000
   2       43     4042   169991     12872574838     12872744829        12132471     165806       3996     170000         43     4    1400000    5996000  170000000  170000000
   2       43     4045   170012     12872744838     12872914850        12302471     165790       3996     170000         64     4    1400000    5996000  170000000  170000000
   2       43     4043   169983     12872914859     12873084842        12472491     165776       3996     170000         56     4    1400000    5996000  170000000  170000000
   2       43     4045   169942     12873084888     12873254830        12642520     165749       3996     170000         44     4    1400000    5996000  170000000  170000000
   2       43     4042   169999     12873254839     12873424838        12812471     165807       3996     170000         52     4    1400000    5996000  170000000  170000000
   2       43     4044   169991     12873424847     12873594839        12982480     165783       3996     170000         52     4    1400000    5996000  170000000  170000000
   2       43     4042   169972     12873594847     12873764820        13152480     165797       3996     170000         33     4    1400000    5996000  170000000  170000000
   2       43     4044   170004     12873764828     12873934833        13322461     165803       3996     170000         47     4    1400000    5996000  170000000  170000000
   2       43     4043   169977     12873934842     12874104818        13492474     165807       3996     170000         32     4    1400000    5996000  170000000  170000000
   2       43     4042   169991     12874104827     12874274817        13662459     165824       3996     170000         31     4    1400000    5996000  170000000  170000000
   2       43     4042   170009     12874274826     12874444835        13832459     165821       3996     170000         49     4    1400000    5996000  170000000  170000000
   2       43     4042   169987     12874444844     12874614831        14002476     165802       3996     170000         45     4    1400000    5996000  170000000  170000000
   2       43     4043   169994     12874614840     12874784833        14172472     165806       3996     170000         47     4    1400000    5996000  170000000  170000000
   2       43     4043   169988     12874784842     12874954830        14342475     165800       3996     170000         44     4    1400000    5996000  170000000  170000000
   2       43     4043   169990     12874954839     12875124829        14512472     165805       3996     170000         43     4    1400000    5996000  170000000  170000000
   2       43     4042   169979     12875124838     12875294817        14682470     165810       3996     170000         31     4    1400000    5996000  170000000  170000000
   2       43     4042   170021     12875294826     12875464847        14852458     165828       3996     170000         61     4    1400000    5996000  170000000  170000000
   2       43     4043   169983     12875464856     12875634839        15022489     165776       3996     170000         53     4    1400000    5996000  170000000  170000000
   2       43     4043   169985     12875634848     12875804833        15192480     165799       3996     170000         47     4    1400000    5996000  170000000  170000000
   2       43     4043   169987     12875804842     12875974829        15362475     165806       3996     170000         42     4    1400000    5996000  170000000  170000000
   2       43     4043   169981     12875974838     12876144819        15532470     165803       3996     170000         32     4    1400000    5996000  170000000  170000000
   2       43     4042   170007     12876144827     12876314835        15702460     165817       3996     170000         48     4    1400000    5996000  170000000  170000000
   2       43     4043   169997     12876314843     12876484840        15872476     165798       3996     170000         54     4    1400000    5996000  170000000  170000000
   2       43     4042   169986     12876484849     12876654835        16042482     165794       3996     170000         49     4    1400000    5996000  170000000  170000000
   2       43     4042   170005     12876654844     12876824849        16212477     165800       3996     170000         63     4    1400000    5996000  170000000  170000000
   2       43     4043   169974     12876824858     12876994832        16382491     165775       3996     170000         46     4    1400000    5996000  170000000  170000000
   2       43     4043   169994     12876994841     12877164835        16552474     165804       3996     170000         49     4    1400000    5996000  170000000  170000000
   2       43     4043   169953     12877164874     12877334827        16722507     165765       3996     170000         41     4    1400000    5996000  170000000  170000000
   2       43     4043   170010     12877334836     12877504847        16892469     165805       3996     170000         61     4    1400000    5996000  170000000  170000000
   2       43     4043   169971     12877504856     12877674827        17062488     165780       3996     170000         40     4    1400000    5996000  170000000  170000000
   2       43     4043   170003     12877674835     12877844839        17232468     165804       3996     170000         52     4    1400000    5996000  170000000  170000000
   2       43     4043   169972     12877844847     12878014819        17402480     165788       3996     170000         33     4    1400000    5996000  170000000  170000000
   2       43     4042   170003     12878014828     12878184831        17572460     165812       3996     170000         45     4    1400000    5996000  170000000  170000000
   2       43     4042   169995     12878184840     12878354835        17742473     165801       3996     170000         49     4    1400000    5996000  170000000  170000000
   2       43     4043   169988     12878354843     12878524831        17912476     165801       3996     170000         45     4    1400000    5996000  170000000  170000000
   2       43     4043   169995     12878524840     12878694834        18082472     165807       3996     170000         48     4    1400000    5996000  170000000  170000000
   2       43     4042   169974     12878694843     12878864817        18252476     165799       3996     170000         31     4    1400000    5996000  170000000  170000000
   2       43     4044   170017     12878864826     12879034843        18422458     165807       3996     170000         57     4    1400000    5996000  170000000  170000000
   2       43     4043   169966     12879034852     12879204818        18592484     165784       3996     170000         31     4    1400000    5996000  170000000  170000000
   2       43     4041   170002     12879204827     12879374829        18762459     165832       3996     170000         43     4    1400000    5996000  170000000  170000000
   2       43     4043   170012     12879374838     12879544850        18932470     165803       3996     170000         64     4    1400000    5996000  170000000  170000000
   2       43     4043   169977     12879544859     12879714836        19102492     165781       3996     170000         50     4    1400000    5996000  170000000  170000000
   2       43     4043   169971     12879714845     12879884816        19272478     165801       3996     170000         30     4    1400000    5996000  170000000  170000000
   2       43     4042   170010     12879884825     12880054835        19442458     165825       3996     170000         49     4    1400000    5996000  170000000  170000000
   2       43     4043   169990     12880054844     12880224834        19612476     165793       3996     170000         48     4    1400000    5996000  170000000  170000000
   2       43     4043   169974     12880224843     12880394816        19782476     165800       3996     170000         30     4    1400000    5996000  170000000  170000000
   2       43     4042   170003     12880394825     12880564828        19952458     165826       3996     170000         42     4    1400000    5996000  170000000  170000000
   2       43     4043   169987     12880564837     12880734825        20122470     165795       3996     170000         38     4    1400000    5996000  170000000  170000000
   2       43     4043   169999     12880734833     12880904833        20292466     165810       3996     170000         46     4    1400000    5996000  170000000  170000000
   2       43     4043   169997     12880904841     12881074839        20462474     165802       3996     170000         52     4    1400000    5996000  170000000  170000000
   2       43     4043   169950     12881074877     12881244827        20632510     165766       3996     170000         41     4    1400000    5996000  170000000  170000000
   2       43     4043   169996     12881244836     12881414832        20802468     165803       3996     170000         45     4    1400000    5996000  170000000  170000000
   2       43     4043   170011     12881414841     12881584852        20972473     165807       3996     170000         66     4    1400000    5996000  170000000  170000000
   2       43     4044   169955     12881584861     12881754816        21142493     165771       3996     170000         30     4    1400000    5996000  170000000  170000000
   2       43     4042   170010     12881754825     12881924835        21312458     165821       3996     170000         49     4    1400000    5996000  170000000  170000000
   2       43     4043   169990     12881924844     12882094834        21482476     165800       3996     170000         48     4    1400000    5996000  170000000  170000000
   2       43     4043   169997     12882094842     12882264840        21652475     165803       3996     170000         53     4    1400000    5996000  170000000  170000000
   2       43     4043   169986     12882264849     12882434835        21822481     165795       3996     170000         49     4    1400000    5996000  170000000  170000000
   2       43     4042   169976     12882434843     12882604819        21992476     165801       3996     170000         33     4    1400000    5996000  170000000  170000000
   2       43     4042   170001     12882604828     12882774829        22162460     165821       3996     170000         43     4    1400000    5996000  170000000  170000000
   2       43     4043   169998     12882774838     12882944836        22332471     165807       3996     170000         50     4    1400000    5996000  170000000  170000000
   2       43     4043   169989     12882944845     12883114834        22502478     165796       3996     170000         48     4    1400000    5996000  170000000  170000000
   2       43     4043   169992     12883114843     12883284835        22672476     165806       3996     170000         49     4    1400000    5996000  170000000  170000000
   2       43     4043   169996     12883284844     12883454840        22842476     165803       3996     170000         53     4    1400000    5996000  170000000  170000000
   2       43     4043   170000     12883454848     12883624848        23012481     165796       3996     170000         62     4    1400000    5996000  170000000  170000000
   2       43     4044   169977     12883624858     12883794835        23182490     165774       3996     170000         49     4    1400000    5996000  170000000  170000000
   2       43     4043   169977     12883794844     12883964821        23352476     165797       3996     170000         35     4    1400000    5996000  170000000  170000000
   2       43     4044   170008     12883964829     12884134837        23522462     165791       3996     170000         51     4    1400000    5996000  170000000  170000000
   2       43     4043   169972     12884134846     12884304818        23692479     165800       3996     170000         32     4    1400000    5996000  170000000  170000000
   2       43     4042   169991     12884304827     12884474818        23862460     165828       3996     170000         32     4    1400000    5996000  170000000  170000000
   2       43     4042   170023     12884474827     12884644849        24032459     165821       3996     170000         63     4    1400000    5996000  170000000  170000000
   2       43     4042   169976     12884644858     12884814834        24202491     165780       3996     170000         48     4    1400000    5996000  170000000  170000000
   2       43     4043   170008     12884814843     12884984851        24372476     165808       3996     170000         65     4    1400000    5996000  170000000  170000000
   2       43     4043   169967     12884984861     12885154828        24542493     165772       3996     170000         42     4    1400000    5996000  170000000  170000000
   2       43     4042   169954     12885154868     12885324822        24712500     165771       3996     170000         36     4    1400000    5996000  170000000  170000000
   2       43     4044   169986     12885324831     12885494817        24882463     165797       3996     170000         31     4    1400000    5996000  170000000  170000000
   2       43     4042   170010     12885494826     12885664836        25052458     165827       3996     170000         49     4    1400000    5996000  170000000  170000000
   2       43     4043   169992     12885664845     12885834836        25222478     165796       3996     170000         50     4    1400000    5996000  170000000  170000000
   2       43     4043   169994     12885834845     12886004839        25392478     165796       3996     170000         53     4    1400000    5996000  170000000  170000000
   2       43     4042   169983     12886004848     12886174831        25562480     165799       3996     170000         45     4    1400000    5996000  170000000  170000000
   2       43     4043   169977     12886174840     12886344817        25732473     165807       3996     170000         31     4    1400000    5996000  170000000  170000000
   2       43     4042   170003     12886344825     12886514829        25902458     165828       3996     170000         42     4    1400000    5996000  170000000  170000000
   2       43     4043   170003     12886514837     12886684840        26072470     165804       3996     170000         54     4    1400000    5996000  170000000  170000000
   2       43     4043   169983     12886684849     12886854832        26242482     165786       3996     170000         45     4    1400000    5996000  170000000  170000000
   2       43     4043   169995     12886854841     12887024835        26412473     165793       3996     170000         49     4    1400000    5996000  170000000  170000000
   2       43     4043   169983     12887024844     12887194827        26582476     165802       3996     170000         41     4    1400000    5996000  170000000  170000000
   2       43     4043   169981     12887194836     12887364817        26752469     165803       3996     170000         31     4    1400000    5996000  170000000  170000000
   2       43     4043   170007     12887364826     12887534832        26922458     165820       3996     170000         46     4    1400000    5996000  170000000  170000000
   2       43     4043   170007     12887534842     12887704849        27092474     165791       3996     170000         62     4    1400000    5996000  170000000  170000000
   2       43     4043   169975     12887704858     12887874833        27262490     165777       3996     170000         47     4    1400000    5996000  170000000  170000000
   2       43     4043   169997     12887874842     12888044839        27432475     165792       3996     170000         53     4    1400000    5996000  170000000  170000000
   2       43     4043   169968     12888044848     12888214816        27602481     165797       3996     170000         30     4    1400000    5996000  170000000  170000000
   2       43     4042   170012     12888214825     12888384837        27772458     165826       3996     170000         51     4    1400000    5996000  170000000  170000000
   2       43     4043   170003     12888384846     12888554848        27942478     165796       3996     170000         62     4    1400000    5996000  170000000  170000000
   2       43     4043   169981     12888554857     12888724838        28112490     165770       3996     170000         52     4    1400000    5996000  170000000  170000000
   2       43     4042   169982     12888724847     12888894829        28282480     165798       3996     170000         43     4    1400000    5996000  170000000  170000000
   2       43     4042   169982     12888894838     12889064820        28452471     165803       3996     170000         34     4    1400000    5996000  170000000  170000000
   2       43     4045   169975     12889064860     12889234835        28622493     165754       3996     170000         49     4    1400000    5996000  170000000  170000000
   2       43     4044   169975     12889234844     12889404819        28792476     165795       3996     170000         32     4    1400000    5996000  170000000  170000000
   2       43     4042   170000     12889404828     12889574828        28962460     165824       3996     170000         42     4    1400000    5996000  170000000  170000000
   2       43     4043   170010     12889574837     12889744847        29132470     165802       3996     170000         61     4    1400000    5996000  170000000  170000000
   2       43     4043   169972     12889744856     12889914828        29302488     165778       3996     170000         42     4    1400000    5996000  170000000  170000000
   2       43     4043   169980     12889914836     12890084816        29472469     165804       3996     170000         30     4    1400000    5996000  170000000  170000000
   2       43     4042   170009     12890084825     12890254834        29642458     165825       3996     170000         48     4    1400000    5996000  170000000  170000000
   2       43     4043   169991     12890254843     12890424834        29812476     165806       3996     170000         48     4    1400000    5996000  170000000  170000000
   2       43     4044   169976     12890424843     12890594819        29982475     165796       3996     170000         33     4    1400000    5996000  170000000  170000000
   2       43     4042   170004     12890594828     12890764832        30152460     165815       3996     170000         45     4    1400000    5996000  170000000  170000000
   2       43     4043   169998     12890764840     12890934839        30322473     165804       3996     170000         52     4    1400000    5996000  170000000  170000000
   2       43     4043   169986     12890934848     12891104834        30492480     165791       3996     170000         47     4    1400000    5996000  170000000  170000000
   2       43     4043   169992     12891104842     12891274835        30662475     165802       3996     170000         48     4    1400000    5996000  170000000  170000000
   2       43     4043   169983     12891274843     12891444826        30832476     165804       3996     170000         40     4    1400000    5996000  170000000  170000000
   2       43     4043   170001     12891444835     12891614836        31002468     165808       3996     170000         50     4    1400000    5996000  170000000  170000000
   2       43     4043   170006     12891614845     12891784851        31172477     165787       3996     170000         65     4    1400000    5996000  170000000  170000000
   2       43     4044   169956     12891784860     12891954817        31342493     165781       3996     170000         31     4    1400000    5996000  170000000  170000000
   2       43     4042   170013     12891954826     12892124839        31512458     165825       3996     170000         52     4    1400000    5996000  170000000  170000000
   2       43     4042   169981     12892124847     12892294828        31682480     165799       3996     170000         42     4    1400000    5996000  170000000  170000000
   2       43     4042   170012     12892294837     12892464849        31852470     165807       3996     170000         62     4    1400000    5996000  170000000  170000000
   2       43     4043   169970     12892464858     12892634828        32022490     165777       3996     170000         42     4    1400000    5996000  170000000  170000000
   2       43     4042   170005     12892634837     12892804842        32192470     165808       3996     170000         56     4    1400000    5996000  170000000  170000000
   2       43     4043   169975     12892804851     12892974826        32362484     165790       3996     170000         40     4    1400000    5996000  170000000  170000000
   2       43     4043   170000     12892974835     12893144835        32532468     165807       3996     170000         48     4    1400000    5996000  170000000  170000000
   2       43     4046   169961     12893144874     12893314835        32702507     165680       3996     170000         49     4    1400000    5996000  170000000  170000000
   2       43     4043   169984     12893314844     12893484828        32872476     165803       3996     170000         42     4    1400000    5996000  170000000  170000000
   2       43     4043   169999     12893484837     12893654836        33042469     165791       3996     170000         50     4    1400000    5996000  170000000  170000000
   2       43     4042   169977     12893654844     12893824822        33212477     165799       3996     170000         35     4    1400000    5996000  170000000  170000000
   2       43     4043   170008     12893824831     12893994838        33382463     165811       3996     170000         52     4    1400000    5996000  170000000  170000000
   2       43     4043   169978     12893994847     12894164825        33552480     165795       3996     170000         38     4    1400000    5996000  170000000  170000000
   2       43     4044   170002     12894164834     12894334836        33722466     165794       3996     170000         49     4    1400000    5996000  170000000  170000000
   2       43     4042   169973     12894334844     12894504817        33892477     165797       3996     170000         31     4    1400000    5996000  170000000  170000000
   2       43     4042   169990     12894504826     12894674816        34062459     165824       3996     170000         30     4    1400000    5996000  170000000  170000000
   2       43     4042   170004     12894674826     12894844829        34232458     165824       3996     170000         43     4    1400000    5996000  170000000  170000000
   2       43     4043   169989     12894844838     12895014827        34402471     165801       3996     170000         41     4    1400000    5996000  170000000  170000000
   2       43     4044   169999     12895014836     12895184835        34572469     165792       3996     170000         49     4    1400000    5996000  170000000  170000000
   2       43     4043   169986     12895184844     12895354831        34742477     165801       3996     170000         45     4    1400000    5996000  170000000  170000000
   2       43     4042   169995     12895354840     12895524835        34912472     165795       3996     170000         49     4    1400000    5996000  170000000  170000000
   2       43     4043   169972     12895524844     12895694816        35082477     165788       3996     170000         30     4    1400000    5996000  170000000  170000000
   2       43     4042   170013     12895694825     12895864838        35252458     165823       3996     170000         52     4    1400000    5996000  170000000  170000000
   2       43     4043   169988     12895864848     12896034835        35422480     165783       3996     170000         49     4    1400000    5996000  170000000  170000000
   2       43     4043   169974     12896034844     12896204818        35592477     165802       3996     170000         32     4    1400000    5996000  170000000  170000000
   2       43     4042   170021     12896204827     12896374848        35762459     165814       3996     170000         62     4    1400000    5996000  170000000  170000000
   2       43     4042   169961     12896374857     12896544818        35932490     165781       3996     170000         32     4    1400000    5996000  170000000  170000000
   2       43     4044   170002     12896544826     12896714829        36102459     165816       3996     170000         42     4    1400000    5996000  170000000  170000000
   2       43     4042   170020     12896714837     12896884858        36272470     165804       3996     170000         72     4    1400000    5996000  170000000  170000000
   2       43     4042   169966     12896884867     12897054833        36442499     165767       3996     170000         46     4    1400000    5996000  170000000  170000000
   2       43     4043   169959     12897054873     12897224832        36612505     165770       3996     170000         45     4    1400000    5996000  170000000  170000000
   2       43     4043   169991     12897224840     12897394831        36782473     165806       3996     170000         45     4    1400000    5996000  170000000  170000000
   2       43     4043   169978     12897394840     12897564818        36952473     165805       3996     170000         32     4    1400000    5996000  170000000  170000000
   2       43     4042   170006     12897564827     12897734833        37122459     165817       3996     170000         46     4    1400000    5996000  170000000  170000000
   2       43     4043   169998     12897734842     12897904839        37292474     165801       3996     170000         53     4    1400000    5996000  170000000  170000000
   2       43     4043   169981     12897904848     12898074829        37462481     165795       3996     170000         43     4    1400000    5996000  170000000  170000000
   2       43     4042   169990     12898074838     12898244828        37632471     165806       3996     170000         42     4    1400000    5996000  170000000  170000000
   2       43     4043   169980     12898244837     12898414817        37802469     165803       3996     170000         31     4    1400000    5996000  170000000  170000000
   2       43     4042   170010     12898414826     12898584835        37972458     165831       3996     170000         49     4    1400000    5996000  170000000  170000000
   2       43     4043   169991     12898584844     12898754835        38142477     165807       3996     170000         49     4    1400000    5996000  170000000  170000000
   2       43     4043   169984     12898754844     12898924828        38312477     165802       3996     170000         42     4    1400000    5996000  170000000  170000000
   2       43     4043   169999     12898924837     12899094836        38482470     165806       3996     170000         50     4    1400000    5996000  170000000  170000000
   2       43     4042   169974     12899094845     12899264819        38652478     165805       3996     170000         33     4    1400000    5996000  170000000  170000000
   2       43     4044   170007     12899264828     12899434834        38822460     165805       3996     170000         48     4    1400000    5996000  170000000  170000000
   2       43     4044   169975     12899434843     12899604818        38992476     165794       3996     170000         32     4    1400000    5996000  170000000  170000000
   2       43     4043   170005     12899604827     12899774832        39162459     165818       3996     170000         46     4    1400000    5996000  170000000  170000000
   2       43     4043   170006     12899774841     12899944847        39332473     165805       3996     170000         60     4    1400000    5996000  170000000  170000000
   2       43     4044   169973     12899944856     12900114828        39502488     165772       3996     170000         42     4    1400000    5996000  170000000  170000000
   2       43     4042   169987     12900114838     12900284824        39672470     165804       3996     170000         37     4    1400000    5996000  170000000  170000000
   2       43     4045   169995     12900284833     12900454828        39842466     165799       3996     170000         41     4    1400000    5996000  170000000  170000000
   2       43     4043   170002     12900454837     12900624839        40012469     165811       3996     170000         52     4    1400000    5996000  170000000  170000000
   2       43     4043   169970     12900624847     12900794818        40182480     165799       3996     170000         32     4    1400000    5996000  170000000  170000000
   2       43     4042   170011     12900794827     12900964838        40352459     165824       3996     170000         52     4    1400000    5996000  170000000  170000000
   2       43     4043   169982     12900964847     12901134829        40522479     165781       3996     170000         43     4    1400000    5996000  170000000  170000000
   2       43     4044   169971     12901134867     12901304838        40692500     165757       3996     170000         52     4    1400000    5996000  170000000  170000000
   2       43     4043   169989     12901304847     12901474836        40862479     165801       3996     170000         49     4    1400000    5996000  170000000  170000000
   2       43     4042   169983     12901474845     12901644827        41032477     165794       3996     170000         41     4    1400000    5996000  170000000  170000000
   2       43     4043   169992     12901644836     12901814828        41202469     165805       3996     170000         42     4    1400000    5996000  170000000  170000000
   2       43     4043   170007     12901814837     12901984843        41372469     165794       3996     170000         57     4    1400000    5996000  170000000  170000000
   2       43     4043   169968     12901984852     12902154821        41542485     165780       3996     170000         34     4    1400000    5996000  170000000  170000000
   2       43     4044   170009     12902154829     12902324838        41712462     165808       3996     170000         52     4    1400000    5996000  170000000  170000000
   2       43     4043   169980     12902324847     12902494827        41882480     165802       3996     170000         41     4    1400000    5996000  170000000  170000000
   2       43     4043   170004     12902494836     12902664840        42052469     165807       3996     170000         54     4    1400000    5996000  170000000  170000000
   2       43     4043   169988     12902664849     12902834837        42222482     165795       3996     170000         51     4    1400000    5996000  170000000  170000000
   2       43     4043   169979     12902834847     12903004826        42392479     165789       3996     170000         40     4    1400000    5996000  170000000  170000000
   2       43     4043   169995     12903004835     12903174830        42562468     165807       3996     170000         44     4    1400000    5996000  170000000  170000000
   2       43     4042   169996     12903174839     12903344835        42732472     165809       3996     170000         49     4    1400000    5996000  170000000  170000000
   2       43     4043   169991     12903344844     12903514835        42902476     165803       3996     170000         49     4    1400000    5996000  170000000  170000000
   2       43     4045   169990     12903514844     12903684834        43072476     165790       3996     170000         47     4    1400000    5996000  170000000  170000000
   2       43     4042   169990     12903684843     12903854833        43242475     165806       3996     170000         47     4    1400000    5996000  170000000  170000000
   2       43     4042   169981     12903854842     12904024822        43412474     165804       3996     170000         36     4    1400000    5996000  170000000  170000000
   2       43     4042   170009     12904024831     12904194840        43582464     165808       3996     170000         54     4    1400000    5996000  170000000  170000000
   2       43     4043   169975     12904194849     12904364824        43752482     165786       3996     170000         38     4    1400000    5996000  170000000  170000000
   2       43     4045   170003     12904364833     12904534836        43922466     165786       3996     170000         50     4    1400000    5996000  170000000  170000000
   2       43     4043   169976     12904534845     12904704821        44092477     165797       3996     170000         35     4    1400000    5996000  170000000  170000000
   2       43     4042   170004     12904704830     12904874833        44262462     165823       3996     170000         47     4    1400000    5996000  170000000  170000000
   2       43     4043   169996     12904874842     12905044838        44432475     165801       3996     170000         52     4    1400000    5996000  170000000  170000000
   2       43     4043   169953     12905044878     12905214831        44602510     165770       3996     170000         45     4    1400000    5996000  170000000  170000000
   2       43     4045   169995     12905214840     12905384835        44772473     165792       3996     170000         49     4    1400000    5996000  170000000  170000000
   2       43     4043   169993     12905384844     12905554837        44942477     165802       3996     170000         51     4    1400000    5996000  170000000  170000000
   2       43     4043   169988     12905554846     12905724834        45112479     165796       3996     170000         48     4    1400000    5996000  170000000  170000000
   2       43     4043   169973     12905724843     12905894817        45282476     165795       3996     170000         30     4    1400000    5996000  170000000  170000000
   2       43     4042   170015     12905894825     12906064840        45452458     165828       3996     170000         54     4    1400000    5996000  170000000  170000000
   2       43     4043   169986     12906064849     12906234835        45622482     165786       3996     170000         49     4    1400000    5996000  170000000  170000000
   2       43     4043   169989     12906234844     12906404833        45792477     165808       3996     170000         47     4    1400000    5996000  170000000  170000000
   2       43     4042   169994     12906404842     12906574836        45962474     165797       3996     170000         49     4    1400000    5996000  170000000  170000000
   2       43     4043   169982     12906574845     12906744827        46132477     165800       3996     170000         41     4    1400000    5996000  170000000  170000000
   2       43     4043   169999     12906744836     12906914835        46302468     165797       3996     170000         49     4    1400000    5996000  170000000  170000000
   2       43     4042   169995     12906914843     12907084838        46472476     165803       3996     170000         52     4    1400000    5996000  170000000  170000000
   2       43     4044   169988     12907084847     12907254835        46642480     165791       3996     170000         49     4    1400000    5996000  170000000  170000000
   2       43     4042   169984     12907254844     12907424829        46812477     165790       3996     170000         43     4    1400000    5996000  170000000  170000000
   2       43     4043   169993     12907424838     12907594831        46982470     165804       3996     170000         45     4    1400000    5996000  170000000  170000000
   2       43     4045   169977     12907594840     12907764817        47152472     165778       3996     170000         30     4    1400000    5996000  170000000  170000000
   2       43     4043   170004     12907764825     12907934829        47322458     165820       3996     170000         43     4    1400000    5996000  170000000  170000000
   2       43     4042   170013     12907934838     12908104851        47492470     165803       3996     170000         64     4    1400000    5996000  170000000  170000000
   2       43     4044   169970     12908104860     12908274830        47662493     165754       3996     170000         44     4    1400000    5996000  170000000  170000000
   2       43     4043   169996     12908274839     12908444835        47832472     165791       3996     170000         49     4    1400000    5996000  170000000  170000000
   2       43     4043   169994     12908444844     12908614838        48002477     165793       3996     170000         52     4    1400000    5996000  170000000  170000000
   2       43     4043   169995     12908614848     12908784842        48172480     165788       3996     170000         56     4    1400000    5996000  170000000  170000000
   2       43     4043   169985     12908784851     12908954836        48342484     165787       3996     170000         49     4    1400000    5996000  170000000  170000000
   2       43     4042   169987     12908954845     12909124831        48512477     165794       3996     170000         45     4    1400000    5996000  170000000  170000000
   2       43     4043   169965     12909124871     12909294836        48682503     165776       3996     170000         50     4    1400000    5996000  170000000  170000000
   2       43     4042   169981     12909294845     12909464825        48852477     165801       3996     170000         39     4    1400000    5996000  170000000  170000000
   2       43     4044   169982     12909464834     12909634817        49022467     165795       3996     170000         30     4    1400000    5996000  170000000  170000000
   2       43     4042   169993     12909634825     12909804818        49192458     165821       3996     170000         32     4    1400000    5996000  170000000  170000000
   2       43     4042   170009     12909804828     12909974836        49362460     165822       3996     170000         50     4    1400000    5996000  170000000  170000000
   2       43     4043   170001     12909974845     12910144846        49532478     165795       3996     170000         59     4    1400000    5996000  170000000  170000000
   2       43     4043   169980     12910144855     12910314835        49702488     165788       3996     170000         49     4    1400000    5996000  170000000  170000000
   2       43     4043   169974     12910314844     12910484818        49872476     165801       3996     170000         31     4    1400000    5996000  170000000  170000000
   2       43     4042   170008     12910484826     12910654834        50042459     165828       3996     170000         48     4    1400000    5996000  170000000  170000000
   2       43     4044   169995     12910654843     12910824838        50212476     165795       3996     170000         52     4    1400000    5996000  170000000  170000000
   2       43     4043   169971     12910824847     12910994817        50382479     165799       3996     170000         31     4    1400000    5996000  170000000  170000000
   2       43     4042   170001     12910994826     12911164827        50552459     165822       3996     170000         40     4    1400000    5996000  170000000  170000000
   2       43     4043   169993     12911164836     12911334829        50722468     165813       3996     170000         43     4    1400000    5996000  170000000  170000000
   2       43     4043   169980     12911334838     12911504817        50892471     165798       3996     170000         31     4    1400000    5996000  170000000  170000000
   2       43     4042   170015     12911504826     12911674841        51062459     165824       3996     170000         54     4    1400000    5996000  170000000  170000000
   2       43     4047   169979     12911674854     12911844833        51232486     165731       3996     170000         45     4    1400000    5996000  170000000  170000000
   2       43     4045   170002     12911844846     12912014847        51402478     165774       3996     170000         60     4    1400000    5996000  170000000  170000000
   2       43     4083   169997     12912014858     12912184856        51572491     165471       3996     170000         69     4    1400000    5996000  170000000  170000000
   2       43     4048   169955     12912184866     12912354821        51742499     165701       3996     170000         35     4    1400000    5996000  170000000  170000000
   2       43     4046   170008     12912354831     12912524840        51912464     165789       3996     170000         53     4    1400000    5996000  170000000  170000000
   2       43     4043   170028     12912524851     12912694879        52082483     165774       3996     170000         92     4    1400000    5996000  170000000  170000000
   2       43     4047   169968     12912694891     12912864859        52252524     165707       3996     170000         72     4    1400000    5996000  170000000  170000000
   2       43     4047   169965     12912864873     12913034838        52422505     165731       3996     170000         51     4    1400000    5996000  170000000  170000000
   2       43     4044   169980     12913034848     12913204828        52592480     165784       3996     170000         41     4    1400000    5996000  170000000  170000000
   2       43     4043   169931     12913204889     12913374820        52762522     165747       3996     170000         33     4    1400000    5996000  170000000  170000000
   2       43     4043   170012     12913374830     12913544842        52932463     165811       3996     170000         55     4    1400000    5996000  170000000  170000000
   2       43     4044   169963     12913544854     12913714817        53102487     165772       3996     170000         31     4    1400000    5996000  170000000  170000000
   2       43     4042   170009     12913714826     12913884835        53272459     165829       3996     170000         48     4    1400000    5996000  170000000  170000000
   2       43     4043   169988     12913884844     12914054832        53442477     165790       3996     170000         46     4    1400000    5996000  170000000  170000000
   2       43     4045   169980     12914054841     12914224821        53612474     165794       3996     170000         34     4    1400000    5996000  170000000  170000000
   2       43     4042   169998     12914224831     12914394829        53782464     165807       3996     170000         43     4    1400000    5996000  170000000  170000000
   2       43     4043   169982     12914394839     12914564820        53952471     165801       3996     170000         34     4    1400000    5996000  170000000  170000000
   2       43     4045   170012     12914564829     12914734842        54122462     165788       3996     170000         55     4    1400000    5996000  170000000  170000000
   2       43     4043   169966     12914734851     12914904817        54292483     165791       3996     170000         30     4    1400000    5996000  170000000  170000000
   2       43     4042   170003     12914904825     12915074828        54462458     165824       3996     170000         41     4    1400000    5996000  170000000  170000000
   2       43     4043   169983     12915074837     12915244819        54632469     165795       3996     170000         33     4    1400000    5996000  170000000  170000000
   2       43     4042   170000     12915244828     12915414828        54802461     165825       3996     170000         41     4    1400000    5996000  170000000  170000000
   2       43     4043   170000     12915414837     12915584837        54972469     165810       3996     170000         51     4    1400000    5996000  170000000  170000000
   2       43     4043   169980     12915584846     12915754826        55142479     165801       3996     170000         40     4    1400000    5996000  170000000  170000000
   2       43     4044   170004     12915754835     12915924839        55312468     165806       3996     170000         52     4    1400000    5996000  170000000  170000000
   2       43     4043   169969     12915924848     12916094817        55482481     165779       3996     170000         31     4    1400000    5996000  170000000  170000000
   2       43     4042   170011     12916094826     12916264837        55652458     165828       3996     170000         50     4    1400000    5996000  170000000  170000000
   2       43     4043   169987     12916264846     12916434833        55822479     165786       3996     170000         47     4    1400000    5996000  170000000  170000000
   2       43     4043   169983     12916434843     12916604826        55992475     165801       3996     170000         40     4    1400000    5996000  170000000  170000000
   2       43     4042   169999     12916604835     12916774834        56162468     165810       3996     170000         48     4    1400000    5996000  170000000  170000000
   2       43     4043   169989     12916774843     12916944832        56332475     165800       3996     170000         45     4    1400000    5996000  170000000  170000000
   2       43     4045   169980     12916944841     12917114820        56502473     165777       3996     170000         34     4    1400000    5996000  170000000  170000000
   2       43     4042   169969     12917114869     12917284839        56672502     165772       3996     170000         53     4    1400000    5996000  170000000  170000000
   2       43     4043   169988     12917284848     12917454836        56842480     165796       3996     170000         50     4    1400000    5996000  170000000  170000000
   2       43     4044   169987     12917454845     12917624831        57012477     165793       3996     170000         45     4    1400000    5996000  170000000  170000000
   2       43     4043   169993     12917624841     12917794833        57182473     165807       3996     170000         47     4    1400000    5996000  170000000  170000000
   2       43     4043   169977     12917794842     12917964819        57352475     165794       3996     170000         33     4    1400000    5996000  170000000  170000000
   2       43     4043   170010     12917964827     12918134837        57522460     165823       3996     170000         51     4    1400000    5996000  170000000  170000000
   2       43     4042   169992     12918134846     12918304837        57692478     165801       3996     170000         51     4    1400000    5996000  170000000  170000000
   2       43     4044   169979     12918304846     12918474825        57862479     165785       3996     170000         39     4    1400000    5996000  170000000  170000000
   2       43     4043   169994     12918474834     12918644828        58032467     165807       3996     170000         41     4    1400000    5996000  170000000  170000000
   2       43     4043   169996     12918644837     12918814832        58202469     165807       3996     170000         46     4    1400000    5996000  170000000  170000000
   2       43     4043   169986     12918814841     12918984827        58372474     165815       3996     170000         41     4    1400000    5996000  170000000  170000000
   2       43     4043   169997     12918984836     12919154833        58542469     165799       3996     170000         47     4    1400000    5996000  170000000  170000000
   2       43     4043   169991     12919154842     12919324833        58712475     165798       3996     170000         47     4    1400000    5996000  170000000  170000000
   2       43     4042   169995     12919324842     12919494836        58882474     165801       3996     170000         50     4    1400000    5996000  170000000  170000000
   2       43     4043   169975     12919494845     12919664820        59052478     165803       3996     170000         34     4    1400000    5996000  170000000  170000000
   2       43     4044   169992     12919664829     12919834821        59222462     165793       3996     170000         34     4    1400000    5996000  170000000  170000000
   2       43     4043   169989     12919834830     12920004819        59392462     165813       3996     170000         33     4    1400000    5996000  170000000  170000000
   2       43     4044   170004     12920004828     12920174832        59562460     165818       3996     170000         45     4    1400000    5996000  170000000  170000000
   2       43     4042   169999     12920174841     12920344839        59732473     165806       3996     170000         53     4    1400000    5996000  170000000  170000000
   2       43     4043   169980     12920344848     12920514828        59902481     165783       3996     170000         42     4    1400000    5996000  170000000  170000000
