#idx     perf      run   period           start             end          rel_st      slack c_duration   c_period     wu_lat   cpu       freq dl_runtime  dl_period dl_deadline
  12      302    28105   140418    139279771323    139279911741         5633601      68731      27817     140000      43280     5    1400000   29817000  140000000  140000000
  12      302    28109    96745    139279911750    139280008495         5774028      68272      27817     140000         33     5    1400000   29817000  140000000  140000000
  12      302    28107   140000    139280008503    139280148504         5870781     111553      27817     140000         43     5    1400000   29817000  140000000  140000000
  12      302    28101   139984    139280148512    139280288496         6010790     111564      27817     140000         35     5    1400000   29817000  140000000  140000000
  12      302    28107   139998    139280288505    139280428503         6150783     111511      27817     140000         42     5    1400000   29817000  140000000  140000000
  12      302    28112   166985    139280428511    139280595496         6290789     111476      27817     140000      27035     5    1400000   29817000  140000000  140000000
  12      302    28103   120028    139280595504    139280715533         6457783      84587      27817     140000       7072     5    1400000   29817000  140000000  140000000
  12      302    28109   132952    139280715541    139280848493         6577819     104475      27817     140000         32     5    1400000   29817000  140000000  140000000
  12      302    28102   139993    139280848502    139280988494         6710780     111555      27817     140000         33     5    1400000   29817000  140000000  140000000
  12      302    28106   139996    139280988503    139281128500         6850781     111546      27817     140000         38     5    1400000   29817000  140000000  140000000
  12      302    28111   139989    139281128508    139281268498         6990787     111479      27817     140000         36     5    1400000   29817000  140000000  140000000
  12      302    28113   167033    139281268507    139281435540         7130785     111453      27817     140000      27079     5    1400000   29817000  140000000  140000000
  12      302    28111   132201    139281435549    139281567750         7297827      84484      27817     140000      19289     5    1400000   29817000  140000000  140000000
  12      302    28106   122989    139281567758    139281690746         7430036      92253      27817     140000       2286     5    1400000   29817000  140000000  140000000
  12      302    28109   137744    139281690755    139281828499         7553033     109264      27817     140000         38     5    1400000   29817000  140000000  140000000
  12      302    28105   139984    139281828508    139281968492         7690786     111517      27817     140000         31     5    1400000   29817000  140000000  140000000
  12      302    28109   140002    139281968500    139282108503         7830778     111499      27817     140000         41     5    1400000   29817000  140000000  140000000
  12      302    28109   166980    139282108511    139282275491         7970789     111479      27817     140000      27030     5    1400000   29817000  140000000  140000000
  12      302    28104   120039    139282275500    139282395539         8137778      84530      27817     140000       7078     5    1400000   29817000  140000000  140000000
  12      302    28107   132952    139282395548    139282528499         8257826     104484      27817     140000         38     5    1400000   29817000  140000000  140000000
  12      302    28107   139994    139282528508    139282668502         8390786     111546      27817     140000         41     5    1400000   29817000  140000000  140000000
  12      302    28107   139985    139282668511    139282808496         8530789     111515      27817     140000         35     5    1400000   29817000  140000000  140000000
  12      302    28108   140000    139282808505    139282948504         8670783     111496      27817     140000         43     5    1400000   29817000  140000000  140000000
  12      302    28112   166975    139282948548    139283115523         8810826     111390      27817     140000      27062     5    1400000   29817000  140000000  140000000
  12      302    28104   120074    139283115531    139283235605         8977809      84520      27817     140000       7145     5    1400000   29817000  140000000  140000000
  12      302    28134   152657    139283235614    139283388271         9097892      92179      27817     140000      19810     5    1400000   29817000  140000000  140000000
  12      302    28106   122433    139283388280    139283510713         9250558      91778      27817     140000       2252     5    1400000   29817000  140000000  140000000
  12      302    28107   137773    139283510721    139283648494         9372999     109331      27817     140000         33     5    1400000   29817000  140000000  140000000
  12      302    28109   139991    139283648503    139283788494         9510781     111498      27817     140000         33     5    1400000   29817000  140000000  140000000
  12      302    28108   167952    139283788503    139283956455         9650781     111493      27817     140000      27994     5    1400000   29817000  140000000  140000000
  12      302    29916   119064    139283956464    139284075528         9818742      81107      27817     140000       7067     5    1300000   29817000  140000000  140000000
  12      302    28105   132959    139284075537    139284208496         9937815     104505      27817     140000         35     5    1400000   29817000  140000000  140000000
  12      302    28107   139990    139284208504    139284348494        10070782     111506      27817     140000         33     5    1400000   29817000  140000000  140000000
  12      302    28106   139999    139284348503    139284488502        10210781     111553      27817     140000         40     5    1400000   29817000  140000000  140000000
  12      302    29619   139981    139284488513    139284628494        10350791     109110      27817     140000         33     5    1300000   29817000  140000000  140000000
  12      302    28111   167014    139284628503    139284795516        10490781     111485      27817     140000      27055     5    1400000   29817000  140000000  140000000
  12      302    28110   120019    139284795525    139284915544        10657803      84507      27817     140000       7083     5    1400000   29817000  140000000  140000000
  12      302    28108   132941    139284915553    139285048494        10777831     104478      27817     140000         33     5    1400000   29817000  140000000  140000000
  12      302    28121   152192    139285048503    139285200695        10910781      99365      27817     140000      12234     5    1400000   29817000  140000000  140000000
  12      302    28110   130036    139285200703    139285330739        11062981      99309      27817     140000       2279     5    1400000   29817000  140000000  140000000
  12      302    28109   137755    139285330748    139285468503        11193026     109233      27817     140000         42     5    1400000   29817000  140000000  140000000
  12      302    28112   166996    139285468512    139285635507        11330790     111452      27817     140000      27046     5    1400000   29817000  140000000  140000000
  12      302    28108   120019    139285635516    139285755535        11497794      84509      27817     140000       7074     6    1400000   29817000  140000000  140000000
  12      302    28107   132950    139285755544    139285888494        11617822     104407      27817     140000         33     6    1400000   29817000  140000000  140000000
  12      302    28107   139999    139285888503    139286028502        11750781     111516      27817     140000         41     6    1400000   29817000  140000000  140000000
  12      302    28106   140007    139286028511    139286168517        11890789     111517      27817     140000         56     6    1400000   29817000  140000000  140000000
  12      302    28112   139970    139286168526    139286308496        12030804     111448      27817     140000         35     6    1400000   29817000  140000000  140000000
  12      302    28132   167039    139286308538    139286475577        12170816      98376      27817     140000      27116     6    1400000   29817000  140000000  140000000
  12      302    28112   119962    139286475586    139286595547        12337864      84349      27817     140000       7087     6    1400000   29817000  140000000  140000000
  12      302    30483   132941    139286595556    139286728497        12457834     101081      27817     140000         35     6    1400000   29817000  140000000  140000000
  12      302    28114   140005    139286728506    139286868511        12590784     111471      27817     140000         50     6    1400000   29817000  140000000  140000000
  12      302    28108   152204    139286868520    139287020724        12730798     111458      27817     140000      12263     6    1400000   29817000  140000000  140000000
  12      302    28116   131241    139287020733    139287151974        12883011      99232      27817     140000       3513     6    1400000   29817000  140000000  140000000
  12      302    28143   163551    139287151982    139287315533        13014260      94827      27817     140000      27072     6    1400000   29817000  140000000  140000000
  12      302    28108   122281    139287315542    139287437823        13177820      84463      27817     140000       9362     6    1400000   29817000  140000000  140000000
  12      302    28102   130662    139287437831    139287568494        13300109     102222      27817     140000         33     6    1400000   29817000  140000000  140000000
  12      302    28102   139992    139287568502    139287708495        13430780     111549      27817     140000         34     6    1400000   29817000  140000000  140000000
  12      302    28108   139993    139287708504    139287848496        13570782     111513      27817     140000         35     6    1400000   29817000  140000000  140000000
  12      302    28111   139999    139287848505    139287988504        13710783     111456      27817     140000         43     6    1400000   29817000  140000000  140000000
  12      302    28115   167072    139287988513    139288155586        13850791     111433      27817     140000      27125     6    1400000   29817000  140000000  140000000
  12      302    28112   119966    139288155595    139288275561        14017873      84345      27817     140000       7099     6    1400000   29817000  140000000  140000000
  12      302    28105   132927    139288275569    139288408496        14137847     104467      27817     140000         35     6    1400000   29817000  140000000  140000000
  12      302    28106   139994    139288408505    139288548499        14270783     111523      27817     140000         37     6    1400000   29817000  140000000  140000000
  12      302    28109   139988    139288548508    139288688496        14410786     111482      27817     140000         35     6    1400000   29817000  140000000  140000000
  12      302    28108   152284    139288688504    139288840788        14550782     111468      27817     140000      12327     6    1400000   29817000  140000000  140000000
  12      302    28135   157069    139288840797    139288997866        14703075      72107      27817     140000      29405     6    1400000   29817000  140000000  140000000
  12      302    28104   129874    139288997874    139289127748        14860152      82135      27817     140000      19287     6    1400000   29817000  140000000  140000000
  12      302    28112   120738    139289127757    139289248494        14990035      92236      27817     140000         33     6    1400000   29817000  140000000  140000000
  12      302    29733   140013    139289248504    139289388517        15110782     109460      27817     140000         56     6    1400000   29817000  140000000  140000000
  12      302    28108   139973    139289388526    139289528499        15250804     111488      27817     140000         37     6    1400000   29817000  140000000  140000000
  12      302    28109   139958    139289528546    139289668504        15390824     111466      27817     140000         43     6    1400000   29817000  140000000  140000000
  12      302    28140   167045    139289668513    139289835558        15530791      98386      27817     140000      27097     6    1400000   29817000  140000000  140000000
  12      302    28120   120042    139289835566    139289955608        15697844      84405      27817     140000       7147     6    1400000   29817000  140000000  140000000
  12      302    28111   132876    139289955617    139290088493        15817895     104352      27817     140000         32     6    1400000   29817000  140000000  140000000
  12      302    28109   140015    139290088502    139290228517        15950780     111517      27817     140000         56     6    1400000   29817000  140000000  140000000
  12      302    28111   139971    139290228525    139290368497        16090804     111469      27817     140000         36     6    1400000   29817000  140000000  140000000
  12      302    28113   139996    139290368506    139290508502        16230784     111432      27817     140000         41     6    1400000   29817000  140000000  140000000
  12      302    28117   179213    139290508511    139290687724        16370789     111404      27817     140000      39263     6    1400000   29817000  140000000  140000000
  12      302    28113   120102    139290687733    139290807835        16550011      72244      27817     140000      19374     6    1400000   29817000  140000000  140000000
  12      302    28111   120653    139290807844    139290928497        16670122      92151      27817     140000         36     6    1400000   29817000  140000000  140000000
  12      302    28107   139995    139290928506    139291068500        16790784     111536      27817     140000         39     6    1400000   29817000  140000000  140000000
  12      302    28107   139994    139291068511    139291208504        16930789     111481      27817     140000         43     6    1400000   29817000  140000000  140000000
  12      302    28113   139982    139291208513    139291348495        17070791     111480      27817     140000         34     6    1400000   29817000  140000000  140000000
  12      302    28111   167036    139291348505    139291515540        17210783     111498      27817     140000      27079     6    1400000   29817000  140000000  140000000
  12      302    28107   120024    139291515549    139291635574        17377827      84463      27817     140000       7113     6    1400000   29817000  140000000  140000000
  12      302    28106   132928    139291635582    139291768510        17497860     104465      27817     140000         49     6    1400000   29817000  140000000  140000000
  12      302    28106   140002    139291768519    139291908521        17630797     111504      27817     140000         59     6    1400000   29817000  140000000  140000000
  12      302    28270   139979    139291908531    139292048511        17770810     111037      27817     140000         50     6    1300000   29817000  140000000  140000000
  12      302    28111   139974    139292048520    139292188494        17910798     111453      27817     140000         33     6    1400000   29817000  140000000  140000000
  12      302    28113   179244    139292188503    139292367747        18050781     111446      27817     140000      39286     6    1400000   29817000  140000000  140000000
  12      302    28109   121242    139292367755    139292488997        18230033      72261      27817     140000      20536     6    1400000   29817000  140000000  140000000
  12      302    28106   121748    139292489006    139292610753        18351284      90992      27817     140000       2293     6    1400000   29817000  140000000  140000000
  12      302    28110   137733    139292610762    139292748495        18473040     109268      27817     140000         34     6    1400000   29817000  140000000  140000000
  12      302    28105   139991    139292748504    139292888495        18610782     111538      27817     140000         34     6    1400000   29817000  140000000  140000000
  12      302    28109   139958    139292888536    139293028494        18750814     111463      27817     140000         33     6    1400000   29817000  140000000  140000000
  12      302    28134   167041    139293028503    139293195544        18890781      98414      27817     140000      27083     6    1400000   29817000  140000000  140000000
  12      302    28109   119981    139293195553    139293315534        19057831      84410      27817     140000       7073     6    1400000   29817000  140000000  140000000
  12      302    28106   132967    139293315543    139293448510        19177821     104502      27817     140000         49     6    1400000   29817000  140000000  140000000
  12      302    28104   139982    139293448518    139293588500        19310796     111545      27817     140000         39     6    1400000   29817000  140000000  140000000
  12      302    28105   140004    139293588509    139293728513        19450787     111491      27817     140000         51     6    1400000   29817000  140000000  140000000
  12      302    28113   139972    139293728522    139293868493        19590800     111454      27817     140000         32     6    1400000   29817000  140000000  140000000
  12      302    28110   168862    139293868502    139294037364        19730780     111437      27817     140000      28903     6    1400000   29817000  140000000  140000000
  12      302    28400   118217    139294037373    139294155590        19899651      81992      27817     140000       7129     6    1300000   29817000  140000000  140000000
  12      302    28111   145136    139294155599    139294300734        20017877     104346      27817     140000      12273     6    1400000   29817000  140000000  140000000
  12      302    28107   130001    139294300743    139294430743        20163021      99281      27817     140000       2283     6    1400000   29817000  140000000  140000000
  12      302    28108   137760    139294430752    139294568512        20293030     109259      27817     140000         50     6    1400000   29817000  140000000  140000000
  12      302    28304   139928    139294568567    139294708495        20430845     110929      27817     140000         34     6    1300000   29817000  140000000  140000000
  12      302    28132   167033    139294708504    139294875537        20570782      98431      27817     140000      27076     6    1400000   29817000  140000000  140000000
  12      302    28107   120005    139294875546    139294995551        20737824      84490      27817     140000       7090     6    1400000   29817000  140000000  140000000
  12      302    28104   132938    139294995559    139295128497        20857837     104479      27817     140000         36     6    1400000   29817000  140000000  140000000
  12      302    28109   140008    139295128506    139295268514        20990784     111510      27817     140000         52     6    1400000   29817000  140000000  140000000
  12      302    28110   139974    139295268522    139295408497        21130800     111462      27817     140000         35     6    1400000   29817000  140000000  140000000
  12      302    28111   139997    139295408505    139295548503        21270784     111502      27817     140000         42     6    1400000   29817000  140000000  140000000
  12      302    28117   166981    139295548512    139295715492        21410790     111435      27817     140000      27029     6    1400000   29817000  140000000  140000000
  12      302    28108   120056    139295715501    139295835557        21577779      84555      27817     140000       7096     7    1400000   29817000  140000000  140000000
  12      302    28195   132930    139295835566    139295968496        21697844     104323      27817     140000         34     7    1400000   29817000  140000000  140000000
  12      302    28109   152221    139295968505    139296120726        21830783     111509      27817     140000      12264     7    1400000   29817000  140000000  140000000
  12      302    28957   129911    139296120806    139296250717        21983084      97983      27817     140000       2256     7    1400000   29817000  140000000  140000000
  12      302    28107   137768    139296250726    139296388494        22113004     109309      27817     140000         33     7    1400000   29817000  140000000  140000000
  12      302    28112   166977    139296388503    139296555480        22250781     111465      27817     140000      27019     7    1400000   29817000  140000000  140000000
  12      302    28106   121095    139296555488    139296676584        22417766      84567      27817     140000       8123     7    1400000   29817000  140000000  140000000
  12      302    29143   131899    139296676594    139296808493        22538872     102118      27817     140000         32     7    1300000   29817000  140000000  140000000
  12      302    28105   140009    139296808501    139296948510        22670779     111561      27817     140000         49     7    1400000   29817000  140000000  140000000
  12      302    28105   139974    139296948519    139297088492        22810797     111532      27817     140000         31     7    1400000   29817000  140000000  140000000
  12      302    28105   140013    139297088501    139297228514        22950779     111537      27817     140000         52     7    1400000   29817000  140000000  140000000
  12      302    28116   167005    139297228524    139297395530        23090802      98408      27817     140000      27068     4    1400000   29817000  140000000  140000000
  12      302    28105   120152    139297395539    139297515691        23257817      84495      27817     140000       7229     4    1400000   29817000  140000000  140000000
  12      302    28111   132801    139297515700    139297648501        23377978     104265      27817     140000         39     4    1400000   29817000  140000000  140000000
  12      302    28171   139984    139297648514    139297788498        23510792     111364      27817     140000         36     4    1400000   29817000  140000000  140000000
  12      302    28113   152259    139297788508    139297940767        23650786     111484      27817     140000      12306     4    1400000   29817000  140000000  140000000
  12      302    28113   130043    139297940777    139298070820        23803055      99109      27817     140000       2358     4    1400000   29817000  140000000  140000000
  12      302    28109   164671    139298070830    139298235500        23933108     109158      27817     140000      27039     4    1400000   29817000  140000000  140000000
  12      302    28708   122209    139298235509    139298357718        24097787      83474      27817     140000       9258     4    1400000   29817000  140000000  140000000
  12      302    28106   130768    139298357726    139298488494        24220004     102332      27817     140000         33     7    1400000   29817000  140000000  140000000
  12      302    28102   140000    139298488503    139298628503        24350781     111550      27817     140000         41     7    1400000   29817000  140000000  140000000
  12      302    28109   139998    139298628512    139298768509        24490790     111529      27817     140000         48     7    1400000   29817000  140000000  140000000
  12      302    28969   139978    139298768518    139298908496        24630796     110101      27817     140000         34     7    1400000   29817000  140000000  140000000
  12      302    28131   166996    139298908505    139299075501        24770783      98464      27817     140000      27040     7    1400000   29817000  140000000  140000000
  12      302    28106   120017    139299075510    139299195527        24937788      84536      27817     140000       7067     7    1400000   29817000  140000000  140000000
  12      302    28103   133011    139299195536    139299328547        25057814     104524      27817     140000         84     7    1400000   29817000  140000000  140000000
  12      302    29227   139938    139299328558    139299468495        25190836     109630      27817     140000         34     7    1200000   29817000  140000000  140000000
  12      302    28108   139961    139299468541    139299608502        25330819     111462      27817     140000         41     7    1400000   29817000  140000000  140000000
  12      302    28107   152202    139299608512    139299760714        25470790     111491      27817     140000      12253     7    1400000   29817000  140000000  140000000
  12      302    28107   157027    139299760723    139299917750        25623001      99302      27817     140000      29289     7    1400000   29817000  140000000  140000000
  12      302    28107   129937    139299917759    139300047696        25780037      82305      27817     140000      19235     5    1400000   29817000  140000000  140000000
  12      302    28110   120795    139300047705    139300168500        25909983      92311      27817     140000         38     5    1400000   29817000  140000000  140000000
  12      302    28112   139988    139300168511    139300308499        26030789     111496      27817     140000         38     5    1400000   29817000  140000000  140000000
  12      302    28290   140003    139300308510    139300448513        26170788     111330      27817     140000         51     5    1400000   29817000  140000000  140000000
  12      302    28108   139970    139300448523    139300588493        26310801     111500      27817     140000         32     5    1400000   29817000  140000000  140000000
  12      302    28109   167008    139300588502    139300755510        26450780     111513      27817     140000      27049     5    1400000   29817000  140000000  140000000
  12      302    28108   119987    139300755518    139300875505        26617796      84513      27817     140000       7044     5    1400000   29817000  140000000  140000000
  12      302    28105   132998    139300875514    139301008512        26737792     104542      27817     140000         50     5    1400000   29817000  140000000  140000000
  12      302    28109   139972    139301008521    139301148493        26870799     111513      27817     140000         31     5    1400000   29817000  140000000  140000000
  12      302    28107   139994    139301148502    139301288496        27010780     111542      27817     140000         35     5    1400000   29817000  140000000  140000000
  12      302    28109   140003    139301288505    139301428508        27150783     111492      27817     140000         46     5    1400000   29817000  140000000  140000000
  12      302    28859   179249    139301428517    139301607767        27290795      94249      27817     140000      39305     5    1400000   29817000  140000000  140000000
  12      302    28108   119945    139301607776    139301727720        27470054      72248      27817     140000      19259     5    1400000   29817000  140000000  140000000
  12      302    28109   120765    139301727729    139301848494        27590007      92289      27817     140000         33     5    1400000   29817000  140000000  140000000
  12      302    28106   140001    139301848503    139301988504        27710781     111529      27817     140000         42     5    1400000   29817000  140000000  140000000
  12      302    28318   139954    139301988552    139302128506        27850830     110982      27817     140000         45     5    1300000   29817000  140000000  140000000
  12      302    28109   139989    139302128515    139302268504        27990793     111477      27817     140000         42     5    1400000   29817000  140000000  140000000
  12      302    28273   167027    139302268513    139302435539        28130791      98145      27817     140000      27078     5    1400000   29817000  140000000  140000000
  12      302    28111   124435    139302435550    139302559984        28297828      84485      27817     140000      11523     5    1400000   29817000  140000000  140000000
  12      302    28104   128503    139302559993    139302688496        28422271     100030      27817     140000         35     5    1400000   29817000  140000000  140000000
  12      302    28104   139961    139302688546    139302828507        28550824     111522      27817     140000         46     5    1400000   29817000  140000000  140000000
  12      302    28106   139978    139302828516    139302968494        28690794     111507      27817     140000         33     5    1400000   29817000  140000000  140000000
  12      302    28108   139995    139302968503    139303108497        28830781     111513      27817     140000         36     5    1400000   29817000  140000000  140000000
  12      302    28113   166985    139303108506    139303275491        28970784     111431      27817     140000      27030     5    1400000   29817000  140000000  140000000
  12      302    28105   132337    139303275500    139303407837        29137778      84549      27817     140000      19375     5    1400000   29817000  140000000  140000000
  12      302    28106   122874    139303407846    139303530719        29270124      92216      27817     140000       2259     5    1400000   29817000  140000000  140000000
  12      302    28104   137766    139303530728    139303668494        29393006     109331      27817     140000         33     5    1400000   29817000  140000000  140000000
  12      302    28104   139993    139303668502    139303808495        29530780     111559      27817     140000         34     5    1400000   29817000  140000000  140000000
  12      302    28112   139991    139303808504    139303948495        29670782     111532      27817     140000         33     5    1400000   29817000  140000000  140000000
  12      302    28131   169805    139303948504    139304118309        29810782      98452      27817     140000      29848     5    1400000   29817000  140000000  140000000
  12      302    28110   117210    139304118318    139304235528        29980596      81733      27817     140000       7067     5    1400000   29817000  140000000  140000000
  12      302    28106   132957    139304235536    139304368493        30097814     104529      27817     140000         32     5    1400000   29817000  140000000  140000000
  12      302    28104   140001    139304368502    139304508503        30230780     111578      27817     140000         42     5    1400000   29817000  140000000  140000000
  12      302    28106   139982    139304508512    139304648494        30370790     111539      27817     140000         32     5    1400000   29817000  140000000  140000000
  12      302    28109   139999    139304648503    139304788502        30510781     111517      27817     140000         41     5    1400000   29817000  140000000  140000000
  12      302    28109   167026    139304788511    139304955537        30650789     111461      27817     140000      27076     5    1400000   29817000  140000000  140000000
  12      302    28107   120077    139304955546    139305075622        30817824      84509      27817     140000       7161     5    1400000   29817000  140000000  140000000
  12      302    28111   145085    139305075631    139305220716        30937909     104341      27817     140000      12255     5    1400000   29817000  140000000  140000000
  12      302    28101   130016    139305220725    139305350742        31083004      99299      27817     140000       2281     5    1400000   29817000  140000000  140000000
  12      302    28110   137750    139305350750    139305488500        31213028     109263      27817     140000         39     5    1400000   29817000  140000000  140000000
  12      302    28112   140001    139305488509    139305628510        31350787     111491      27817     140000         49     5    1400000   29817000  140000000  140000000
  12      302    28109   167006    139305628518    139305795524        31490796     111456      27817     140000      27063     5    1400000   29817000  140000000  140000000
  12      302    28104   120108    139305795533    139305915642        31657811      84524      27817     140000       7180     5    1400000   29817000  140000000  140000000
  12      302    28108   132844    139305915651    139306048495        31777929     104344      27817     140000         34     5    1400000   29817000  140000000  140000000
  12      302    28105   139951    139306048562    139306188513        31910840     111444      27817     140000         52     5    1400000   29817000  140000000  140000000
  12      302    28107   139991    139306188522    139306328513        32050800     111515      27817     140000         52     5    1400000   29817000  140000000  140000000
  12      302    28110   139971    139306328523    139306468493        32190801     111472      27817     140000         32     5    1400000   29817000  140000000  140000000
  12      302    28114   167015    139306468502    139306635518        32330780     111505      27817     140000      27057     5    1400000   29817000  140000000  140000000
  12      302    28105   120017    139306635526    139306755544        32497804      84520      27817     140000       7083     5    1400000   29817000  140000000  140000000
  12      302    28113   132950    139306755552    139306888502        32617830     104478      27817     140000         41     5    1400000   29817000  140000000  140000000
  12      302    28107   152211    139306888511    139307040722        32750789     111488      27817     140000      12261     5    1400000   29817000  140000000  140000000
  12      302    28107   130066    139307040731    139307170796        32903009      99322      27817     140000       2336     5    1400000   29817000  140000000  140000000
  12      302    28105   137687    139307170806    139307308493        33033084     109263      27817     140000         32     5    1400000   29817000  140000000  140000000
  12      302    28107   167010    139307308501    139307475512        33170779     111519      27817     140000      27051     5    1400000   29817000  140000000  140000000
  12      302    28105   119975    139307475520    139307595495        33337798      84540      27817     140000       7034     5    1400000   29817000  140000000  140000000
  12      302    28105   132994    139307595503    139307728497        33457781     104566      27817     140000         36     5    1400000   29817000  140000000  140000000
  12      302    28107   139990    139307728506    139307868496        33590784     111562      27817     140000         35     5    1400000   29817000  140000000  140000000
  12      302    28103   140000    139307868505    139308008505        33730783     111555      27817     140000         44     5    1400000   29817000  140000000  140000000
  12      302    28111   139988    139308008514    139308148502        33870792     111505      27817     140000         41     5    1400000   29817000  140000000  140000000
  12      302    28107   166993    139308148512    139308315504        34010790     111511      27817     140000      27043     5    1400000   29817000  140000000  140000000
  12      302    29802   119986    139308315513    139308435499        34177791      82173      27817     140000       7037     5    1400000   29817000  140000000  140000000
  12      302    28109   132986    139308435507    139308568493        34297785     104527      27817     140000         32     5    1400000   29817000  140000000  140000000
  12      302    28108   139993    139308568502    139308708495        34430780     111524      27817     140000         34     5    1400000   29817000  140000000  140000000
  12      302    28105   152853    139308708504    139308861356        34570782     111516      27817     140000      12895     5    1400000   29817000  140000000  140000000
  12      302    30595   129374    139308861366    139308990740        34723644      95434      27817     140000       2280     5    1300000   29817000  140000000  140000000
  12      302    28109   164759    139308990749    139309155508        34853027     109243      27817     140000      27047     5    1400000   29817000  140000000  140000000
  12      302    28107   122278    139309155516    139309277794        35017794      84502      27817     140000       9333     5    1400000   29817000  140000000  140000000
  12      302    28108   131898    139309277836    139309409734        35140114     102226      27817     140000       1273     5    1400000   29817000  140000000  140000000
  12      302    28204   138767    139309409743    139309548510        35272021     110014      27817     140000         49     5    1300000   29817000  140000000  140000000
  12      302    28106   139982    139309548519    139309688502        35410797     111527      27817     140000         40     5    1400000   29817000  140000000  140000000
  12      302    28107   139999    139309688511    139309828510        35550789     111498      27817     140000         49     5    1400000   29817000  140000000  140000000
  12      302    28112   167009    139309828519    139309995528        35690797     111480      27817     140000      27067     5    1400000   29817000  140000000  140000000
  12      302    28108   119993    139309995536    139310115529        35857814      84484      27817     140000       7068     6    1400000   29817000  140000000  140000000
  12      302    28108   132957    139310115538    139310248494        35977816     104490      27817     140000         33     6    1400000   29817000  140000000  140000000
  12      302    28108   140001    139310248503    139310388504        36110781     111539      27817     140000         43     6    1400000   29817000  140000000  140000000
  12      302    28111   139986    139310388513    139310528500        36250791     111484      27817     140000         38     6    1400000   29817000  140000000  140000000
  12      302    28126   152252    139310528508    139310680761        36390786      99249      27817     140000      12300     6    1400000   29817000  140000000  140000000
  12      302    28135   157035    139310680770    139310837804        36543048      72123      27817     140000      29343     6    1400000   29817000  140000000  140000000
  12      302    28109   129934    139310837813    139310967747        36700091      82234      27817     140000      19286     6    1400000   29817000  140000000  140000000
  12      302    29569   120738    139310967756    139311088494        36830034      90455      27817     140000         33     6    1400000   29817000  140000000  140000000
  12      302    28106   140014    139311088502    139311228516        36950780     111548      27817     140000         55     6    1400000   29817000  140000000  140000000
  12      302    28108   139970    139311228525    139311368495        37090803     111446      27817     140000         34     6    1400000   29817000  140000000  140000000
  12      302    28109   140001    139311368504    139311508504        37230782     111495      27817     140000         43     6    1400000   29817000  140000000  140000000
  12      302    34084   166992    139311508514    139311675506        37370792     104559      27817     140000      27045     6    1400000   29817000  140000000  140000000
  12      302    28110   120092    139311675515    139311795607        37537793      84487      27817     140000       7146     6    1400000   29817000  140000000  140000000
  12      302    28107   132883    139311795615    139311928499        37657893     104407      27817     140000         38     6    1400000   29817000  140000000  140000000
  12      302    28107   140004    139311928508    139312068512        37790786     111516      27817     140000         51     6    1400000   29817000  140000000  140000000
  12      302    28108   139972    139312068521    139312208492        37930799     111497      27817     140000         31     6    1400000   29817000  140000000  140000000
  12      302    28116   140010    139312208501    139312348511        38070779     111453      27817     140000         49     6    1400000   29817000  140000000  140000000
  12      302    28128   179207    139312348520    139312527727        38210798      86113      27817     140000      39266     6    1400000   29817000  140000000  140000000
  12      302    28111   119968    139312527736    139312647704        38390014      72232      27817     140000      19243     6    1400000   29817000  140000000  140000000
  12      302    28112   120749    139312647745    139312768494        38510023      92282      27817     140000         33     4    1400000   29817000  140000000  140000000
  12      302    28104   139990    139312768503    139312908493        38630781     111551      27817     140000         32     4    1400000   29817000  140000000  140000000
  12      302    28104   140008    139312908502    139313048510        38770780     111535      27817     140000         49     4    1400000   29817000  140000000  140000000
  12      302    28109   139980    139313048519    139313188498        38910797     111488      27817     140000         37     4    1400000   29817000  140000000  140000000
  12      302    28109   167028    139313188507    139313355535        39050785     111509      27817     140000      27074     6    1400000   29817000  140000000  140000000
  12      302    28107   120027    139313355544    139313475571        39217822      84487      27817     140000       7110     6    1400000   29817000  140000000  140000000
  12      302    28115   132915    139313475579    139313608494        39337857     104405      27817     140000         33     6    1400000   29817000  140000000  140000000
  12      302    29234   140003    139313608503    139313748506        39470781     109790      27817     140000         45     6    1400000   29817000  140000000  140000000
  12      302    28108   139994    139313748515    139313888509        39610793     111511      27817     140000         48     4    1400000   29817000  140000000  140000000
  12      302    28109   139976    139313888518    139314028494        39750796     111476      27817     140000         33     4    1400000   29817000  140000000  140000000
  12      302    28114   180659    139314028503    139314209162        39890781     111481      27817     140000      40701     4    1400000   29817000  140000000  140000000
  12      302    28104   118586    139314209170    139314327756        40071448      70872      27817     140000      19296     4    1400000   29817000  140000000  140000000
  12      302    28107   122961    139314327765    139314450726        40190043      92257      27817     140000       2265     4    1400000   29817000  140000000  140000000
  12      302    28104   137758    139314450734    139314588492        40313012     109331      27817     140000         31     4    1400000   29817000  140000000  140000000
  12      302    28107   140013    139314588501    139314728514        40450779     111541      27817     140000         53     4    1400000   29817000  140000000  140000000
  12      302    28112   139970    139314728523    139314868493        40590801     111479      27817     140000         32     4    1400000   29817000  140000000  140000000
  12      302    28108   167004    139314868502    139315035506        40730780     111512      27817     140000      27046     4    1400000   29817000  140000000  140000000
  12      302    28105   120006    139315035515    139315155521        40897793      84566      27817     140000       7060     4    1400000   29817000  140000000  140000000
  12      302    28104   132961    139315155530    139315288491        41017808     104539      27817     140000         30     4    1400000   29817000  140000000  140000000
  12      302    28103   139997    139315288500    139315428497        41150778     111535      27817     140000         35     7    1400000   29817000  140000000  140000000
  12      302    28103   139996    139315428507    139315568502        41290785     111517      27817     140000         41     7    1400000   29817000  140000000  140000000
  12      302    28110   139981    139315568512    139315708493        41430790     111478      27817     140000         32     7    1400000   29817000  140000000  140000000
  12      302    28107   167024    139315708501    139315875525        41570779     111508      27817     140000      27064     7    1400000   29817000  140000000  140000000
  12      302    28104   119976    139315875569    139315995545        41737847      84493      27817     140000       7084     4    1400000   29817000  140000000  140000000
  12      302    28108   132962    139315995554    139316128515        41857832     104501      27817     140000         53     4    1400000   29817000  140000000  140000000
  12      302    28111   139987    139316128524    139316268511        41990802     111493      27817     140000         49     4    1400000   29817000  140000000  140000000
  12      302    30897   139975    139316268520    139316408495        42130798     107575      27817     140000         34     4    1400000   29817000  140000000  140000000
  12      302    28108   139990    139316408503    139316548493        42270781     111497      27817     140000         32     4    1400000   29817000  140000000  140000000
  12      302    28110   167020    139316548502    139316715522        42410780     111489      27817     140000      27061     4    1400000   29817000  140000000  140000000
  12      302    28106   120006    139316715530    139316835536        42577808      84523      27817     140000       7075     4    1400000   29817000  140000000  140000000
  12      302    28100   132964    139316835545    139316968508        42697823     104501      27817     140000         47     4    1400000   29817000  140000000  140000000
  12      302    28110   139994    139316968517    139317108512        42830795     111487      27817     140000         50     4    1400000   29817000  140000000  140000000
  12      302    28105   139981    139317108520    139317248501        42970798     111546      27817     140000         40     4    1400000   29817000  140000000  140000000
  12      302    28110   139985    139317248510    139317388494        43110788     111483      27817     140000         33     4    1400000   29817000  140000000  140000000
  12      302    28116   167029    139317388503    139317555532        43250781     111446      27817     140000      27071     4    1400000   29817000  140000000  140000000
  12      302    28107   120003    139317555541    139317675544        43417819      84509      27817     140000       7083     4    1400000   29817000  140000000  140000000
  12      302    28106   132942    139317675552    139317808494        43537830     104475      27817     140000         33     4    1400000   29817000  140000000  140000000
  12      302    28128   152229    139317808503    139317960732        43670781      99305      27817     140000      12271     4    1400000   29817000  140000000  140000000
  12      302    28107   129991    139317960741    139318090732        43823019      99299      27817     140000       2271     4    1400000   29817000  140000000  140000000
  12      302    28110   137756    139318090740    139318228496        43953018     109284      27817     140000         35     4    1400000   29817000  140000000  140000000
  12      302    28129   166985    139318228505    139318395490        44090783      98458      27817     140000      27029     4    1400000   29817000  140000000  140000000
  12      302    28106   120034    139318395498    139318515532        44257776      84571      27817     140000       7071     4    1400000   29817000  140000000  140000000
  12      302    28102   132954    139318515541    139318648494        44377819     104531      27817     140000         33     4    1400000   29817000  140000000  140000000
  12      302    28104   139991    139318648503    139318788494        44510781     111553      27817     140000         33     4    1400000   29817000  140000000  140000000
  12      302    28107   139997    139318788503    139318928500        44650781     111547      27817     140000         38     4    1400000   29817000  140000000  140000000
  12      302    29235   140000    139318928508    139319068509        44790786     109605      27817     140000         48     4    1400000   29817000  140000000  140000000
  12      302    28115   167074    139319068518    139319235591        44930796     111459      27817     140000      27131     4    1400000   29817000  140000000  140000000
  12      302    28110   119932    139319235629    139319355561        45097907      84324      27817     140000       7100     4    1400000   29817000  140000000  140000000
  12      302    28104   132922    139319355569    139319488491        45217847     104460      27817     140000         30     4    1400000   29817000  140000000  140000000
  12      302    28108   140005    139319488500    139319628505        45350778     111532      27817     140000         44     4    1400000   29817000  140000000  140000000
  12      302    28109   152192    139319628514    139319780707        45490792     111499      27817     140000      12246     4    1400000   29817000  140000000  140000000
  12      302    28110   130047    139319780715    139319910763        45642993      99286      27817     140000       2302     4    1400000   29817000  140000000  140000000
  12      302    28109   164713    139319910771    139320075484        45773049     109242      27817     140000      27024     4    1400000   29817000  140000000  140000000
  12      302    28106   122311    139320075493    139320197804        45937771      84550      27817     140000       9343     4    1400000   29817000  140000000  140000000
  12      302    28111   130687    139320197812    139320328499        46060090     102219      27817     140000         38     4    1400000   29817000  140000000  140000000
  12      302    28106   140002    139320328507    139320468509        46190785     111541      27817     140000         48     4    1400000   29817000  140000000  140000000
  12      302    28108   139975    139320468518    139320608493        46330796     111507      27817     140000         31     4    1400000   29817000  140000000  140000000
  12      302    28108   139993    139320608502    139320748495        46470780     111524      27817     140000         34     4    1400000   29817000  140000000  140000000
  12      302    28114   167004    139320748504    139320915508        46610782     111450      27817     140000      27047     4    1400000   29817000  140000000  140000000
  12      302    28108   120041    139320915517    139321035558        46777795      84513      27817     140000       7097     4    1400000   29817000  140000000  140000000
  12      302    29513   132929    139321035566    139321168495        46897844     102667      27817     140000         34     4    1400000   29817000  140000000  140000000
  12      302    28109   140007    139321168504    139321308511        47030782     111503      27817     140000         50     4    1400000   29817000  140000000  140000000
  12      302    28113   139972    139321308520    139321448492        47170798     111453      27817     140000         31     4    1400000   29817000  140000000  140000000
  12      302    28110   154839    139321448501    139321603340        47310779     111489      27817     140000      14879     4    1400000   29817000  140000000  140000000
  12      302    28135   154460    139321603349    139321757809        47465627      83607      27817     140000      29349     4    1400000   29817000  140000000  140000000
  12      302    28106   129922    139321757818    139321887740        47620096      82238      27817     140000      19279     4    1400000   29817000  140000000  140000000
  12      302    28106   120745    139321887749    139322008494        47750027      92291      27817     140000         33     4    1400000   29817000  140000000  140000000
  12      302    28102   139989    139322008503    139322148492        47870781     111585      27817     140000         31     4    1400000   29817000  140000000  140000000
  12      302    28106   140007    139322148501    139322288508        48010779     111526      27817     140000         47     4    1400000   29817000  140000000  140000000
  12      302    28111   139979    139322288517    139322428496        48150795     111483      27817     140000         35     4    1400000   29817000  140000000  140000000
  12      302    28134   167014    139322428505    139322595519        48290783      98460      27817     140000      27058     4    1400000   29817000  140000000  140000000
  12      302    28104   119953    139322595561    139322715514        48457839      84478      27817     140000       7053     4    1400000   29817000  140000000  140000000
  12      302    28104   132980    139322715523    139322848503        48577801     104545      27817     140000         42     4    1400000   29817000  140000000  140000000
  12      302    28105   139983    139322848512    139322988494        48710790     111526      27817     140000         33     4    1400000   29817000  140000000  140000000
  12      302    28108   139996    139322988503    139323128499        48850781     111528      27817     140000         38     4    1400000   29817000  140000000  140000000
  12      302    28114   139995    139323128508    139323268503        48990786     111446      27817     140000         42     4    1400000   29817000  140000000  140000000
  12      302    28113   179203    139323268512    139323447715        49130790     111451      27817     140000      39254     4    1400000   29817000  140000000  140000000
  12      302    28110   120030    139323447723    139323567753        49310001      72270      27817     140000      19293     4    1400000   29817000  140000000  140000000
  12      302    28108   120734    139323567762    139323688495        49430040      92273      27817     140000         34     4    1400000   29817000  140000000  140000000
  12      302    30085   139993    139323688504    139323828497        49550782     108760      27817     140000         36     4    1400000   29817000  140000000  140000000
  12      302    28106   139988    139323828505    139323968493        49690783     111566      27817     140000         32     4    1400000   29817000  140000000  140000000
  12      302    28109   139999    139323968502    139324108501        49830780     111509      27817     140000         40     4    1400000   29817000  140000000  140000000
  12      302    28109   167052    139324108510    139324275562        49970788     111488      27817     140000      27101     4    1400000   29817000  140000000  140000000
  12      302    28106   119938    139324275571    139324395509        50137849      84457      27817     140000       7048     4    1400000   29817000  140000000  140000000
  12      302    28102   132990    139324395518    139324528507        50257796     104540      27817     140000         46     4    1400000   29817000  140000000  140000000
  12      302    28107   139980    139324528516    139324668496        50390794     111484      27817     140000         35     4    1400000   29817000  140000000  140000000
  12      302    28104   140002    139324668505    139324808507        50530783     111507      27817     140000         46     4    1400000   29817000  140000000  140000000
  12      302    28109   139981    139324808516    139324948497        50670795     111530      27817     140000         36     7    1400000   29817000  140000000  140000000
  12      302    28110   179213    139324948506    139325127719        50810784     111471      27817     140000      39258     7    1400000   29817000  140000000  140000000
  12      302    28106   120013    139325127728    139325247740        50990006      72295      27817     140000      19279     7    1400000   29817000  140000000  140000000
  12      302    28109   122987    139325247749    139325370736        51110027      92267      27817     140000       2275     7    1400000   29817000  140000000  140000000
  12      302    28102   137752    139325370745    139325508496        51233023     109320      27817     140000         35     7    1400000   29817000  140000000  140000000
  12      302    28107   139991    139325508505    139325648495        51370783     111530      27817     140000         34     7    1400000   29817000  140000000  140000000
  12      302    28107   140000    139325648504    139325788504        51510782     111521      27817     140000         43     7    1400000   29817000  140000000  140000000
  12      302    28114   166934    139325788544    139325955478        51650822     111425      27817     140000      27017     7    1400000   29817000  140000000  140000000
  12      302    28108   120049    139325955487    139326075535        51817765      84580      27817     140000       7074     7    1400000   29817000  140000000  140000000
  12      302    28103   132950    139326075544    139326208494        51937822     104478      27817     140000         32     7    1400000   29817000  140000000  140000000
  12      302    28101   139993    139326208502    139326348495        52070780     111582      27817     140000         34     7    1400000   29817000  140000000  140000000
  12      302    29729   139989    139326348505    139326488494        52210783     109450      27817     140000         33     7    1400000   29817000  140000000  140000000
  12      302    28106   140000    139326488503    139326628503        52350781     111507      27817     140000         42     7    1400000   29817000  140000000  140000000
  12      302    28131   166998    139326628511    139326795510        52490789      98401      27817     140000      27049     7    1400000   29817000  140000000  140000000
  12      302    28104   122771    139326795518    139326918289        52657796      84530      27817     140000       9829     7    1400000   29817000  140000000  140000000
  12      302    28122   142410    139326918298    139327060709        52780576      89524      27817     140000      12248     7    1400000   29817000  140000000  140000000
  12      302    28104   130020    139327060717    139327190737        52922995      99337      27817     140000       2276     7    1400000   29817000  140000000  140000000
  12      302    28106   137753    139327190745    139327328499        53053023     109289      27817     140000         38     7    1400000   29817000  140000000  140000000
  12      302    28108   139991    139327328508    139327468499        53190786     111496      27817     140000         38     7    1400000   29817000  140000000  140000000
  12      302    28109   167025    139327468508    139327635533        53330786     111504      27817     140000      27073     6    1400000   29817000  140000000  140000000
  12      302    28106   120079    139327635542    139327755621        53497820      84501      27817     140000       7160     6    1400000   29817000  140000000  140000000
  12      302    28112   132865    139327755630    139327888495        53617908     104345      27817     140000         34     6    1400000   29817000  140000000  140000000
  12      302    28105   139999    139327888504    139328028503        53750782     111508      27817     140000         42     6    1400000   29817000  140000000  140000000
  12      302    28113   139998    139328028512    139328168510        53890790     111481      27817     140000         49     6    1400000   29817000  140000000  140000000
  12      302    28112   139977    139328168519    139328308496        54030797     111444      27817     140000         35     6    1400000   29817000  140000000  140000000
  12      302    28114   168597    139328308505    139328477102        54170783     111443      27817     140000      28641     6    1400000   29817000  140000000  140000000
  12      302    30064   118468    139328477113    139328595580        54339391      80548      27817     140000       7119     6    1200000   29817000  140000000  140000000
  12      302    28109   132908    139328595589    139328728497        54457867     104396      27817     140000         36     6    1400000   29817000  140000000  140000000
  12      302    28109   152242    139328728506    139328880748        54590784     111484      27817     140000      12286     6    1400000   29817000  140000000  140000000
  12      302    28109   129995    139328880756    139329010751        54743034      99263      27817     140000       2290     6    1400000   29817000  140000000  140000000
  12      302    28849   137736    139329010760    139329148495        54873038     107765      27817     140000         34     6    1400000   29817000  140000000  140000000
  12      302    28114   167004    139329148536    139329315539        55010814     111418      27817     140000      27078     6    1400000   29817000  140000000  140000000
  12      302    28103   120005    139329315548    139329435553        55177826      84478      27817     140000       7092     6    1400000   29817000  140000000  140000000
  12      302    28107   132933    139329435562    139329568495        55297840     104484      27817     140000         34     6    1400000   29817000  140000000  140000000
  12      302    28107   139989    139329568504    139329708493        55430782     111525      27817     140000         32     6    1400000   29817000  140000000  140000000
  12      302    28107   140002    139329708501    139329848504        55570779     111537      27817     140000         42     6    1400000   29817000  140000000  140000000
  12      302    28111   139983    139329848512    139329988495        55710790     111487      27817     140000         34     6    1400000   29817000  140000000  140000000
  12      302    28135   167024    139329988504    139330155528        55850782      98423      27817     140000      27067     6    1400000   29817000  140000000  140000000
  12      302    28109   119988    139330155537    139330275525        56017815      84519      27817     140000       7064     5    1400000   29817000  140000000  140000000
  12      302    28109   132962    139330275533    139330408495        56137811     104478      27817     140000         34     5    1400000   29817000  140000000  140000000
  12      302    28106   139992    139330408504    139330548496        56270782     111501      27817     140000         35     5    1400000   29817000  140000000  140000000
  12      302    28293   152222    139330548505    139330700728        56410783      98852      27817     140000      12267     5    1400000   29817000  140000000  140000000
  12      302    28111   130003    139330700737    139330830739        56563015      99252      27817     140000       2278     5    1400000   29817000  140000000  140000000
  12      302    28136   164768    139330830748    139330995516        56693026      96138      27817     140000      27055     5    1400000   29817000  140000000  140000000
  12      302    28106   122234    139330995524    139331117759        56857802      84498      27817     140000       9298     5    1400000   29817000  140000000  140000000
  12      302    30704   130735    139331117767    139331248502        56980045      98692      27817     140000         41     5    1400000   29817000  140000000  140000000
  12      302    28102   139985    139331248510    139331388495        57110788     111542      27817     140000         34     5    1400000   29817000  140000000  140000000
  12      302    28104   140011    139331388504    139331528515        57250782     111558      27817     140000         54     5    1400000   29817000  140000000  140000000
  12      302    28109   140027    139331528524    139331668551        57390802     111472      27817     140000         88     5    1400000   29817000  140000000  140000000
  12      302    28303   166973    139331668561    139331835534        57530839     110960      27817     140000      27073     5    1300000   29817000  140000000  140000000
  12      302    28127   119994    139331835543    139331955537        57697821      84405      27817     140000       7076     5    1400000   29817000  140000000  140000000
  12      302    28106   132959    139331955546    139332088505        57817824     104489      27817     140000         44     5    1400000   29817000  140000000  140000000
  12      302    28106   139994    139332088514    139332228508        57950792     111538      27817     140000         47     5    1400000   29817000  140000000  140000000
  12      302    28108   139979    139332228517    139332368496        58090795     111492      27817     140000         34     5    1400000   29817000  140000000  140000000
  12      302    28114   152180    139332368572    139332520752        58230850     111380      27817     140000      12291     5    1400000   29817000  140000000  140000000
  12      302    28137   157027    139332520761    139332677788        58383039      72229      27817     140000      29327     5    1400000   29817000  140000000  140000000
  12      302    28104   129957    139332677796    139332807753        58540074      82250      27817     140000      19292     5    1400000   29817000  140000000  140000000
  12      302    28110   120736    139332807761    139332928498        58670039      92258      27817     140000         37     5    1400000   29817000  140000000  140000000
  12      302    28109   139987    139332928506    139333068494        58790784     111539      27817     140000         33     5    1400000   29817000  140000000  140000000
  12      302    28104   139991    139333068503    139333208494        58930781     111580      27817     140000         32     5    1400000   29817000  140000000  140000000
  12      302    28111   140002    139333208502    139333348504        59070780     111511      27817     140000         43     5    1400000   29817000  140000000  140000000
  12      302    28137   166959    139333348513    139333515472        59210791      98364      27817     140000      27011     5    1400000   29817000  140000000  140000000
  12      302    28106   120069    139333515481    139333635550        59377759      84576      27817     140000       7089     5    1400000   29817000  140000000  140000000
  12      302    28108   132937    139333635558    139333768495        59497836     104462      27817     140000         34     5    1400000   29817000  140000000  140000000
  12      302    28109   139999    139333768504    139333908503        59630782     111539      27817     140000         42     5    1400000   29817000  140000000  140000000
  12      302    28107   139985    139333908512    139334048496        59770790     111503      27817     140000         35     5    1400000   29817000  140000000  140000000
  12      302    28112   140001    139334048505    139334188506        59910783     111482      27817     140000         44     5    1400000   29817000  140000000  140000000
  12      302    28130   179165    139334188515    139334367680        60050793      86197      27817     140000      39219     5    1400000   29817000  140000000  140000000
  12      302    28110   120047    139334367688    139334487735        60229966      72315      27817     140000      19274     5    1400000   29817000  140000000  140000000
  12      302    28107   120751    139334487744    139334608494        60350022      92259      27817     140000         33     5    1400000   29817000  140000000  140000000
  12      302    28105   139991    139334608503    139334748493        60470781     111552      27817     140000         32     5    1400000   29817000  140000000  140000000
  12      302    28105   139991    139334748503    139334888493        60610781     111540      27817     140000         32     5    1400000   29817000  140000000  140000000
  12      302    28106   139993    139334888502    139335028495        60750780     111494      27817     140000         34     5    1400000   29817000  140000000  140000000
  12      302    28108   167025    139335028504    139335195530        60890782     111485      27817     140000      27068     5    1400000   29817000  140000000  140000000
  12      302    28109   120002    139335195538    139335315540        61057816      84499      27817     140000       7079     5    1400000   29817000  140000000  140000000
  12      302    28109   132944    139335315549    139335448493        61177827     104495      27817     140000         32     5    1400000   29817000  140000000  140000000
  12      302    28110   140001    139335448502    139335588502        61310780     111538      27817     140000         41     5    1400000   29817000  140000000  140000000
  12      302    28109   139985    139335588511    139335728496        61450789     111490      27817     140000         35     5    1400000   29817000  140000000  140000000
  12      302    28111   139959    139335728544    139335868503        61590822     111462      27817     140000         42     5    1400000   29817000  140000000  140000000
  12      302    29970   179211    139335868511    139336047722        61730789     108896      27817     140000      39261     5    1400000   29817000  140000000  140000000
  12      302    28106   120120    139336047731    139336167851        61910009      72283      27817     140000      19390     5    1400000   29817000  140000000  140000000
  12      302    28108   122876    139336167860    139336290736        62030138      92160      27817     140000       2275     5    1400000   29817000  140000000  140000000
  12      302    28106   137757    139336290744    139336428502        62153022     109291      27817     140000         40     5    1400000   29817000  140000000  140000000
  12      302    28106   139994    139336428511    139336568504        62290789     111522      27817     140000         43     5    1400000   29817000  140000000  140000000
  12      302    28107   139982    139336568513    139336708495        62430791     111497      27817     140000         34     5    1400000   29817000  140000000  140000000
  12      302    28108   166993    139336708504    139336875497        62570782     111527      27817     140000      27036     5    1400000   29817000  140000000  140000000
  12      302    28105   120050    139336875505    139336995555        62737783      84557      27817     140000       7094     5    1400000   29817000  140000000  140000000
  12      302    28105   132945    139336995563    139337128509        62857841     104490      27817     140000         47     5    1400000   29817000  140000000  140000000
  12      302    28108   139978    139337128518    139337268495        62990796     111520      27817     140000         34     5    1400000   29817000  140000000  140000000
  12      302    28106   139999    139337268504    139337408502        63130782     111532      27817     140000         41     5    1400000   29817000  140000000  140000000
  12      302    28109   139982    139337408511    139337548493        63270789     111497      27817     140000         31     5    1400000   29817000  140000000  140000000
  12      302    28109   167059    139337548502    139337715560        63410780     111518      27817     140000      27100     6    1400000   29817000  140000000  140000000
  12      302    28104   119994    139337715570    139337835563        63577848      84485      27817     140000       7102     6    1400000   29817000  140000000  140000000
  12      302    28125   145145    139337835572    139337980717        63697850      92185      27817     140000      12256     6    1400000   29817000  140000000  140000000
  12      302    28287   129961    139337980725    139338110686        63843003      98760      27817     140000       2225     6    1400000   29817000  140000000  140000000
  12      302    28107   137800    139338110695    139338248495        63972973     109357      27817     140000         34     5    1400000   29817000  140000000  140000000
  12      302    28110   139989    139338248504    139338388493        64110782     111523      27817     140000         32     5    1400000   29817000  140000000  140000000
  12      302    28109   168835    139338388502    139338557336        64250780     111478      27817     140000      28875     5    1400000   29817000  140000000  140000000
  12      302    28398   118164    139338557345    139338675510        64419623      82092      27817     140000       7049     5    1300000   29817000  140000000  140000000
  12      302    28103   132986    139338675518    139338808504        64537796     104542      27817     140000         43     5    1400000   29817000  140000000  140000000
