#idx     perf      run   period           start             end          rel_st      slack c_duration   c_period     wu_lat   cpu       freq dl_runtime  dl_period dl_deadline
  12       63     5921   139926    123598086238    123598226164         1517700     133708       5852     140000         33     4    1400000    7852000  140000000  140000000
  12       63     5919   140000    123598226173    123598366173         1657635     133912       5852     140000         42     4    1400000    7852000  140000000  140000000
  12       63     5919   139980    123598366182    123598506162         1797644     133888       5852     140000         31     4    1400000    7852000  140000000  140000000
  12       63     5920   140012    123598506171    123598646183         1937633     133910       5852     140000         52     4    1400000    7852000  140000000  140000000
  12       63     5920   139971    123598646192    123598786163         2077654     133865       5852     140000         32     4    1400000    7852000  140000000  140000000
  12       63     5919   139989    123598786172    123598926161         2217634     133910       5852     140000         30     4    1400000    7852000  140000000  140000000
  12       63     5918   139995    123598926170    123599066165         2357632     133916       5852     140000         34     4    1400000    7852000  140000000  140000000
  12       63     5921   139990    123599066174    123599206164         2497636     133908       5852     140000         33     4    1400000    7852000  140000000  140000000
  12       63     5917   139989    123599206173    123599346161         2637635     133915       5852     140000         30     4    1400000    7852000  140000000  140000000
  12       63     5918   139998    123599346170    123599486168         2777632     133925       5852     140000         37     4    1400000    7852000  140000000  140000000
  12       63     5919   140005    123599486177    123599626182         2917639     133890       5852     140000         50     4    1400000    7852000  140000000  140000000
  12       63     5920   139994    123599626191    123599766185         3057653     133879       5852     140000         54     4    1400000    7852000  140000000  140000000
  12       63     5918   139990    123599766194    123599906184         3197656     133884       5852     140000         53     4    1400000    7852000  140000000  140000000
  12       63     5919   139971    123599906193    123600046164         3337655     133872       5852     140000         33     4    1400000    7852000  140000000  140000000
  12       63     5920   139990    123600046173    123600186163         3477635     133907       5852     140000         32     4    1400000    7852000  140000000  140000000
  12       63     5919   139993    123600186172    123600326164         3617634     133906       5852     140000         33     4    1400000    7852000  140000000  140000000
  12       63     5919   140020    123600326173    123600466193         3757635     133906       5852     140000         62     4    1400000    7852000  140000000  140000000
  12       63     5920   139964    123600466202    123600606166         3897664     133862       5852     140000         34     4    1400000    7852000  140000000  140000000
  12       63     5919   139991    123600606175    123600746166         4037637     133908       5852     140000         35     4    1400000    7852000  140000000  140000000
  12       63     5918   139995    123600746174    123600886169         4177636     133893       5852     140000         38     4    1400000    7852000  140000000  140000000
  12       63     5918   139996    123600886178    123601026175         4317640     133895       5852     140000         43     4    1400000    7852000  140000000  140000000
  12       63     5919   140022    123601026184    123601166206         4457646     133891       5852     140000         74     4    1400000    7852000  140000000  140000000
  12       63     5920   139947    123601166215    123601306162         4597677     133835       5852     140000         31     4    1400000    7852000  140000000  140000000
  12       63     5919   139955    123601306213    123601446168         4737676     133861       5852     140000         36     4    1400000    7852000  140000000  140000000
  12       63     5919   139989    123601446177    123601586166         4877639     133887       5852     140000         35     4    1400000    7852000  140000000  140000000
  12       63     5918   139991    123601586174    123601726165         5017637     133923       5852     140000         34     4    1400000    7852000  140000000  140000000
  12       63     5921   139987    123601726174    123601866161         5157636     133890       5852     140000         30     4    1400000    7852000  140000000  140000000
  12       63     5918   139997    123601866170    123602006167         5297632     133909       5852     140000         35     4    1400000    7852000  140000000  140000000
  12       63     5920   139986    123602006175    123602146161         5437638     133893       5852     140000         31     4    1400000    7852000  140000000  140000000
  12       63     5919   139994    123602146170    123602286164         5577632     133913       5852     140000         33     4    1400000    7852000  140000000  140000000
  12       63     5920   140011    123602286173    123602426183         5717635     133908       5852     140000         52     4    1400000    7852000  140000000  140000000
  12       63     5918   139975    123602426192    123602566167         5857654     133891       5852     140000         36     4    1400000    7852000  140000000  140000000
  12       63     5918   140015    123602566175    123602706191         5997638     133899       5852     140000         60     4    1400000    7852000  140000000  140000000
  12       63     5919   139966    123602706200    123602846166         6137662     133846       5852     140000         35     4    1400000    7852000  140000000  140000000
  12       63     5918   139999    123602846174    123602986174         6277637     133919       5852     140000         43     4    1400000    7852000  140000000  140000000
  12       63     5919   139991    123602986182    123603126173         6417644     133881       5852     140000         43     4    1400000    7852000  140000000  140000000
  12       63     5919   139987    123603126182    123603266169         6557644     133883       5852     140000         37     4    1400000    7852000  140000000  140000000
  12       63     5919   139987    123603266178    123603406165         6697640     133902       5852     140000         34     4    1400000    7852000  140000000  140000000
  12       63     5919   140009    123603406173    123603546182         6837635     133897       5852     140000         51     4    1400000    7852000  140000000  140000000
  12       63     5921   139987    123603546191    123603686177         6977653     133870       5852     140000         44     4    1400000    7852000  140000000  140000000
  12       63     5919   139977    123603686187    123603826164         7117649     133881       5852     140000         33     4    1400000    7852000  140000000  140000000
  12       63     5918   139990    123603826173    123603966163         7257635     133890       5852     140000         32     4    1400000    7852000  140000000  140000000
  12       63     5918   139994    123603966171    123604106166         7397634     133896       5852     140000         35     4    1400000    7852000  140000000  140000000
  12       63     5918   140025    123604106174    123604246199         7537636     133912       5852     140000         68     4    1400000    7852000  140000000  140000000
  12       63     5922   139956    123604246208    123604386164         7677670     133835       5852     140000         33     4    1400000    7852000  140000000  140000000
  12       63     5920   139988    123604386173    123604526161         7817635     133915       5852     140000         30     4    1400000    7852000  140000000  140000000
  12       63     5919   139993    123604526170    123604666163         7957632     133908       5852     140000         32     4    1400000    7852000  140000000  140000000
  12       63     5918   139977    123604666206    123604806183         8097668     133881       5852     140000         53     4    1400000    7852000  140000000  140000000
  12       63     5919   139972    123604806192    123604946164         8237654     133877       5852     140000         33     4    1400000    7852000  140000000  140000000
  12       63     5919   140011    123604946172    123605086183         8377634     133905       5852     140000         52     4    1400000    7852000  140000000  140000000
  12       63     5919   139979    123605086193    123605226172         8517655     133879       5852     140000         40     4    1400000    7852000  140000000  140000000
  12       63     5919   139988    123605226181    123605366170         8657643     133888       5852     140000         39     4    1400000    7852000  140000000  140000000
  12       63     5918   139984    123605366179    123605506163         8797641     133896       5852     140000         32     4    1400000    7852000  140000000  140000000
  12       63     5920   139997    123605506171    123605646168         8937634     133918       5852     140000         37     4    1400000    7852000  140000000  140000000
  12       63     5919   139991    123605646177    123605786168         9077640     133870       5852     140000         36     4    1400000    7852000  140000000  140000000
  12       63     5920   139990    123605786177    123605926167         9217639     133906       5852     140000         35     4    1400000    7852000  140000000  140000000
  12       63     5918   140005    123605926176    123606066181         9357638     133893       5852     140000         50     4    1400000    7852000  140000000  140000000
  12       63     5922   139971    123606066190    123606206161         9497652     133870       5852     140000         30     4    1400000    7852000  140000000  140000000
  12       63     5920   140009    123606206170    123606346179         9637632     133890       5852     140000         48     4    1400000    7852000  140000000  140000000
  12       63     5918   139984    123606346188    123606486171         9777650     133904       5852     140000         40     4    1400000    7852000  140000000  140000000
  12       63     5918   139982    123606486180    123606626162         9917643     133870       5852     140000         32     4    1400000    7852000  140000000  140000000
  12       63     5918   140012    123606626171    123606766183        10057633     133898       5852     140000         52     4    1400000    7852000  140000000  140000000
  12       63     5919   139973    123606766192    123606906164        10197654     133864       5852     140000         33     4    1400000    7852000  140000000  140000000
  12       63     5918   140010    123606906173    123607046182        10337635     133904       5852     140000         51     4    1400000    7852000  140000000  140000000
  12       63     5920   139974    123607046191    123607186165        10477654     133875       5852     140000         34     4    1400000    7852000  140000000  140000000
  12       63     5920   140022    123607186174    123607326196        10617636     133880       5852     140000         64     4    1400000    7852000  140000000  140000000
  12       63     5919   139957    123607326206    123607466162        10757668     133839       5852     140000         32     4    1400000    7852000  140000000  140000000
  12       63     5920   140003    123607466171    123607606174        10897633     133904       5852     140000         41     4    1400000    7852000  140000000  140000000
  12       63     5919   139977    123607606185    123607746162        11037648     133878       5852     140000         31     4    1400000    7852000  140000000  140000000
  12       63     5918   139995    123607746171    123607886166        11177633     133925       5852     140000         35     4    1400000    7852000  140000000  140000000
  12       63     5918   139961    123607886205    123608026166        11317667     133860       5852     140000         35     4    1400000    7852000  140000000  140000000
  12       63     5919   139999    123608026175    123608166174        11457637     133896       5852     140000         40     4    1400000    7852000  140000000  140000000
  12       63     5919   139997    123608166183    123608306180        11597646     133889       5852     140000         49     4    1400000    7852000  140000000  140000000
  12       63     5920   139978    123608306189    123608446168        11737652     133882       5852     140000         37     4    1400000    7852000  140000000  140000000
  12       63     5917   139990    123608446176    123608586166        11877638     133912       5852     140000         35     4    1400000    7852000  140000000  140000000
  12       63     5920   139997    123608586174    123608726171        12017637     133895       5852     140000         40     4    1400000    7852000  140000000  140000000
  12       63     5918   140005    123608726180    123608866185        12157642     133885       5852     140000         54     4    1400000    7852000  140000000  140000000
  12       63     5920   139972    123608866194    123609006166        12297656     133870       5852     140000         35     4    1400000    7852000  140000000  140000000
  12       63     5918   139991    123609006175    123609146166        12437637     133901       5852     140000         35     4    1400000    7852000  140000000  140000000
  12       63     5920   139998    123609146175    123609286172        12577637     133896       5852     140000         42     4    1400000    7852000  140000000  140000000
  12       63     5919   139998    123609286181    123609426179        12717643     133895       5852     140000         48     4    1400000    7852000  140000000  140000000
  12       63     5920   139975    123609426188    123609566163        12857650     133883       5852     140000         32     4    1400000    7852000  140000000  140000000
  12       63     5919   139991    123609566171    123609706162        12997634     133906       5852     140000         32     4    1400000    7852000  140000000  140000000
  12       63     5919   140008    123609706171    123609846179        13137633     133911       5852     140000         48     4    1400000    7852000  140000000  140000000
  12       63     5918   139981    123609846188    123609986169        13277650     133892       5852     140000         38     4    1400000    7852000  140000000  140000000
  12       63     5918   139995    123609986177    123610126173        13417640     133895       5852     140000         42     4    1400000    7852000  140000000  140000000
  12       63     5920   139981    123610126182    123610266162        13557644     133881       5852     140000         32     4    1400000    7852000  140000000  140000000
  12       63     5918   140018    123610266171    123610406189        13697633     133924       5852     140000         57     4    1400000    7852000  140000000  140000000
  12       63     5919   139965    123610406198    123610546163        13837660     133862       5852     140000         32     4    1400000    7852000  140000000  140000000
  12       63     5921   139995    123610546172    123610686167        13977634     133898       5852     140000         36     4    1400000    7852000  140000000  140000000
  12       63     5920   139992    123610686176    123610826168        14117638     133893       5852     140000         36     4    1400000    7852000  140000000  140000000
  12       63     5919   139989    123610826177    123610966166        14257639     133913       5852     140000         35     4    1400000    7852000  140000000  140000000
  12       63     5918   140009    123610966175    123611106184        14397637     133894       5852     140000         53     4    1400000    7852000  140000000  140000000
  12       63     5918   139991    123611106193    123611246184        14537655     133879       5852     140000         53     4    1400000    7852000  140000000  140000000
  12       63     5918   139953    123611246223    123611386177        14677685     133868       5852     140000         46     4    1400000    7852000  140000000  140000000
  12       63     5922   139984    123611386185    123611526169        14817647     133865       5852     140000         38     4    1400000    7852000  140000000  140000000
  12       63     5918   139993    123611526178    123611666171        14957640     133900       5852     140000         40     4    1400000    7852000  140000000  140000000
  12       63     5918   139981    123611666180    123611806161        15097642     133909       5852     140000         30     4    1400000    7852000  140000000  140000000
  12       63     5918   140011    123611806169    123611946181        15237632     133912       5852     140000         49     4    1400000    7852000  140000000  140000000
  12       63     5919   139982    123611946191    123612086172        15377653     133873       5852     140000         39     4    1400000    7852000  140000000  140000000
  12       63     5922   139981    123612086182    123612226164        15517645     133883       5852     140000         33     4    1400000    7852000  140000000  140000000
  12       63     5919   140000    123612226172    123612366172        15657634     133890       5852     140000         41     4    1400000    7852000  140000000  140000000
  12       63     5919   139997    123612366181    123612506178        15797643     133886       5852     140000         47     4    1400000    7852000  140000000  140000000
  12       63     5918   139997    123612506187    123612646183        15937649     133908       5852     140000         52     4    1400000    7852000  140000000  140000000
  12       63     5919   139971    123612646192    123612786163        16077654     133864       5852     140000         32     4    1400000    7852000  140000000  140000000
  12       63     5920   139991    123612786172    123612926163        16217634     133904       5852     140000         32     4    1400000    7852000  140000000  140000000
  12       63     5919   139989    123612926172    123613066161        16357634     133905       5852     140000         30     4    1400000    7852000  140000000  140000000
  12       63     5918   140019    123613066170    123613206189        16497632     133900       5852     140000         58     4    1400000    7852000  140000000  140000000
  12       63     5921   139964    123613206198    123613346162        16637660     133837       5852     140000         31     4    1400000    7852000  140000000  140000000
  12       63     5918   140018    123613346170    123613486188        16777633     133911       5852     140000         57     4    1400000    7852000  140000000  140000000
  12       63     5919   139967    123613486198    123613626166        16917660     133843       5852     140000         35     4    1400000    7852000  140000000  140000000
  12       63     5920   139998    123613626174    123613766172        17057636     133901       5852     140000         41     4    1400000    7852000  140000000  140000000
  12       63     5921   139983    123613766181    123613906164        17197643     133874       5852     140000         33     4    1400000    7852000  140000000  140000000
  12       63     5919   139997    123613906172    123614046169        17337634     133911       5852     140000         38     4    1400000    7852000  140000000  140000000
  12       63     5919   139995    123614046178    123614186173        17477640     133903       5852     140000         42     4    1400000    7852000  140000000  140000000
  12       63     5919   139985    123614186182    123614326167        17617644     133891       5852     140000         35     4    1400000    7852000  140000000  140000000
  12       63     5918   140008    123614326176    123614466184        17757638     133900       5852     140000         53     4    1400000    7852000  140000000  140000000
  12       63     5921   139935    123614466226    123614606161        17897689     133849       5852     140000         30     4    1400000    7852000  140000000  140000000
  12       63     5918   139996    123614606170    123614746165        18037632     133914       5852     140000         34     4    1400000    7852000  140000000  140000000
  12       63     5920   139997    123614746174    123614886171        18177636     133909       5852     140000         39     4    1400000    7852000  140000000  140000000
  12       63     5919   140004    123614886179    123615026184        18317641     133885       5852     140000         52     4    1400000    7852000  140000000  140000000
  12       63     5921   139969    123615026193    123615166161        18457655     133868       5852     140000         30     4    1400000    7852000  140000000  140000000
  12       63     5918   139993    123615166170    123615306163        18597632     133915       5852     140000         32     4    1400000    7852000  140000000  140000000
  12       63     5918   140000    123615306172    123615446172        18737634     133891       5852     140000         41     4    1400000    7852000  140000000  140000000
  12       63     5919   139981    123615446180    123615586162        18877643     133886       5852     140000         31     4    1400000    7852000  140000000  140000000
  12       63     5918   140013    123615586170    123615726183        19017632     133918       5852     140000         52     4    1400000    7852000  140000000  140000000
  12       63     5920   139969    123615726192    123615866162        19157654     133878       5852     140000         31     4    1400000    7852000  140000000  140000000
  12       63     5920   140017    123615866171    123616006187        19297633     133909       5852     140000         56     4    1400000    7852000  140000000  140000000
  12       63     5919   139966    123616006196    123616146162        19437658     133887       5852     140000         31     4    1400000    7852000  140000000  140000000
  12       63     5920   140012    123616146170    123616286183        19577633     133896       5852     140000         52     4    1400000    7852000  140000000  140000000
  12       63     5919   139969    123616286193    123616426161        19717655     133875       5852     140000         30     4    1400000    7852000  140000000  140000000
  12       63     5918   140037    123616426170    123616566207        19857632     133923       5852     140000         76     4    1400000    7852000  140000000  140000000
  12       63     5925   139949    123616566216    123616706165        19997678     133806       5852     140000         34     4    1400000    7852000  140000000  140000000
  12       63     5918   140000    123616706173    123616846173        20137635     133898       5852     140000         42     4    1400000    7852000  140000000  140000000
  12       63     5919   139980    123616846182    123616986162        20277644     133894       5852     140000         32     4    1400000    7852000  140000000  140000000
  12       63     5919   139997    123616986171    123617126168        20417633     133914       5852     140000         37     4    1400000    7852000  140000000  140000000
  12       63     5919   140003    123617126176    123617266179        20557638     133897       5852     140000         48     4    1400000    7852000  140000000  140000000
  12       63     5922   139973    123617266189    123617406162        20697651     133858       5852     140000         31     4    1400000    7852000  140000000  140000000
  12       63     5918   139992    123617406171    123617546163        20837633     133923       5852     140000         32     4    1400000    7852000  140000000  140000000
  12       63     5920   139996    123617546172    123617686167        20977634     133889       5852     140000         37     4    1400000    7852000  140000000  140000000
  12       63     5920   139995    123617686176    123617826171        21117638     133899       5852     140000         40     4    1400000    7852000  140000000  140000000
  12       63     5920   139949    123617826214    123617966163        21257676     133862       5852     140000         32     4    1400000    7852000  140000000  140000000
  12       63     5918   139998    123617966171    123618106170        21397634     133918       5852     140000         39     4    1400000    7852000  140000000  140000000
  12       63     5919   139998    123618106178    123618246176        21537640     133892       5852     140000         43     4    1400000    7852000  140000000  140000000
  12       63     5919   139988    123618246185    123618386173        21677647     133885       5852     140000         42     4    1400000    7852000  140000000  140000000
  12       63     5920   139990    123618386182    123618526172        21817644     133891       5852     140000         41     4    1400000    7852000  140000000  140000000
  12       63     5919   139985    123618526181    123618666165        21957643     133892       5852     140000         34     4    1400000    7852000  140000000  140000000
  12       63     5919   139996    123618666174    123618806170        22097636     133910       5852     140000         39     4    1400000    7852000  140000000  140000000
  12       63     5918   139983    123618806179    123618946162        22237641     133900       5852     140000         31     4    1400000    7852000  140000000  140000000
  12       63     5920   140010    123618946171    123619086181        22377633     133914       5852     140000         50     4    1400000    7852000  140000000  140000000
  12       63     5919   139974    123619086190    123619226164        22517652     133883       5852     140000         33     4    1400000    7852000  140000000  140000000
  12       63     5919   139998    123619226173    123619366170        22657635     133909       5852     140000         40     4    1400000    7852000  140000000  140000000
  12       63     5920   139997    123619366179    123619506176        22797641     133891       5852     140000         43     4    1400000    7852000  140000000  140000000
  12       63     5919   140004    123619506186    123619646190        22937648     133887       5852     140000         54     4    1400000    7852000  140000000  140000000
  12       63     5920   139978    123619646199    123619786177        23077661     133843       5852     140000         46     4    1400000    7852000  140000000  140000000
  12       63     5921   139993    123619786186    123619926179        23217648     133877       5852     140000         46     4    1400000    7852000  140000000  140000000
  12       63     5920   139995    123619926187    123620066182        23357649     133877       5852     140000         51     4    1400000    7852000  140000000  140000000
  12       63     5920   139973    123620066191    123620206164        23497653     133880       5852     140000         33     4    1400000    7852000  140000000  140000000
  12       63     5919   139990    123620206173    123620346163        23637635     133910       5852     140000         32     4    1400000    7852000  140000000  140000000
  12       63     5919   140008    123620346171    123620486180        23777634     133913       5852     140000         49     4    1400000    7852000  140000000  140000000
  12       63     5921   139984    123620486188    123620626173        23917651     133858       5852     140000         42     4    1400000    7852000  140000000  140000000
  12       63     5918   139984    123620626182    123620766166        24057644     133901       5852     140000         35     4    1400000    7852000  140000000  140000000
  12       63     5919   139988    123620766174    123620906162        24197636     133904       5852     140000         31     4    1400000    7852000  140000000  140000000
  12       63     5918   139996    123620906171    123621046167        24337633     133915       5852     140000         36     4    1400000    7852000  140000000  140000000
  12       63     5918   139959    123621046207    123621186166        24477669     133877       5852     140000         34     4    1400000    7852000  140000000  140000000
  12       63     5918   140004    123621186174    123621326178        24617636     133902       5852     140000         47     4    1400000    7852000  140000000  140000000
  12       63     5918   139976    123621326187    123621466162        24757649     133901       5852     140000         32     4    1400000    7852000  140000000  140000000
  12       63     5919   140013    123621466171    123621606184        24897633     133898       5852     140000         53     4    1400000    7852000  140000000  140000000
  12       63     5920   139972    123621606193    123621746165        25037655     133870       5852     140000         35     4    1400000    7852000  140000000  140000000
  12       63     5919   139992    123621746174    123621886166        25177636     133901       5852     140000         35     4    1400000    7852000  140000000  140000000
  12       63     5920   139995    123621886175    123622026169        25317637     133895       5852     140000         38     4    1400000    7852000  140000000  140000000
  12       63     5920   139990    123622026178    123622166168        25457641     133886       5852     140000         37     4    1400000    7852000  140000000  140000000
  12       63     5918   139983    123622166177    123622306161        25597639     133904       5852     140000         30     4    1400000    7852000  140000000  140000000
  12       63     5919   139994    123622306169    123622446163        25737632     133915       5852     140000         33     4    1400000    7852000  140000000  140000000
  12       63     5919   139989    123622446172    123622586161        25877634     133905       5852     140000         31     4    1400000    7852000  140000000  140000000
  12       63     5918   140040    123622586170    123622726210        26017632     133914       5852     140000         79     4    1400000    7852000  140000000  140000000
  12       63     5921   139952    123622726219    123622866171        26157681     133834       5852     140000         40     4    1400000    7852000  140000000  140000000
  12       63     5919   139983    123622866180    123623006163        26297642     133887       5852     140000         32     4    1400000    7852000  140000000  140000000
  12       63     5919   139999    123623006172    123623146171        26437634     133914       5852     140000         40     4    1400000    7852000  140000000  140000000
  12       63     5919   139991    123623146180    123623286171        26577642     133907       5852     140000         40     4    1400000    7852000  140000000  140000000
  12       63     5920   139995    123623286179    123623426174        26717641     133899       5852     140000         42     4    1400000    7852000  140000000  140000000
  12       63     5919   139987    123623426183    123623566169        26857645     133884       5852     140000         38     4    1400000    7852000  140000000  140000000
  12       63     5919   139983    123623566178    123623706161        26997640     133903       5852     140000         30     4    1400000    7852000  140000000  140000000
  12       63     5918   140000    123623706170    123623846170        27137632     133902       5852     140000         39     4    1400000    7852000  140000000  140000000
  12       63     5921   140003    123623846179    123623986182        27277641     133897       5852     140000         51     4    1400000    7852000  140000000  140000000
  12       63     5918   139975    123623986191    123624126166        27417653     133890       5852     140000         35     4    1400000    7852000  140000000  140000000
  12       63     5919   140014    123624126175    123624266189        27557637     133897       5852     140000         58     4    1400000    7852000  140000000  140000000
  12       63     5919   139973    123624266198    123624406172        27697661     133866       5852     140000         41     4    1400000    7852000  140000000  140000000
  12       63     5920   139949    123624406212    123624546161        27837674     133859       5852     140000         30     4    1400000    7852000  140000000  140000000
  12       63     5919   140012    123624546169    123624686182        27977632     133897       5852     140000         51     4    1400000    7852000  140000000  140000000
  12       63     5922   139970    123624686191    123624826161        28117653     133867       5852     140000         30     4    1400000    7852000  140000000  140000000
  12       63     5920   140017    123624826170    123624966187        28257632     133914       5852     140000         56     4    1400000    7852000  140000000  140000000
  12       63     5920   139967    123624966196    123625106163        28397658     133876       5852     140000         32     4    1400000    7852000  140000000  140000000
  12       63     5919   140000    123625106172    123625246172        28537634     133912       5852     140000         41     4    1400000    7852000  140000000  140000000
  12       63     5918   139984    123625246180    123625386165        28677643     133909       5852     140000         34     4    1400000    7852000  140000000  140000000
  12       63     5918   139991    123625386173    123625526164        28817635     133897       5852     140000         34     4    1400000    7852000  140000000  140000000
  12       63     5918   139988    123625526173    123625666161        28957636     133897       5852     140000         30     4    1400000    7852000  140000000  140000000
  12       63     5918   140038    123625666170    123625806208        29097632     133902       5852     140000         76     4    1400000    7852000  140000000  140000000
  12       63     5920   139957    123625806217    123625946174        29237679     133806       5852     140000         43     4    1400000    7852000  140000000  140000000
  12       63     5919   139991    123625946183    123626086174        29377645     133877       5852     140000         42     4    1400000    7852000  140000000  140000000
  12       63     5921   139979    123626086184    123626226164        29517647     133878       5852     140000         33     4    1400000    7852000  140000000  140000000
  12       63     5919   139989    123626226173    123626366161        29657635     133926       5852     140000         31     4    1400000    7852000  140000000  140000000
  12       63     5917   140003    123626366170    123626506173        29797632     133897       5852     140000         42     4    1400000    7852000  140000000  140000000
  12       63     5918   139993    123626506182    123626646175        29937644     133902       5852     140000         43     4    1400000    7852000  140000000  140000000
  12       63     5919   139980    123626646184    123626786164        30077646     133890       5852     140000         32     4    1400000    7852000  140000000  140000000
  12       63     5918   139991    123626786172    123626926163        30217634     133910       5852     140000         33     4    1400000    7852000  140000000  140000000
  12       63     5919   139990    123626926172    123627066162        30357634     133902       5852     140000         31     4    1400000    7852000  140000000  140000000
  12       63     5918   140006    123627066170    123627206176        30497632     133917       5852     140000         45     4    1400000    7852000  140000000  140000000
  12       63     5920   139986    123627206185    123627346171        30637647     133887       5852     140000         41     4    1400000    7852000  140000000  140000000
  12       63     5919   140009    123627346180    123627486189        30777643     133895       5852     140000         58     4    1400000    7852000  140000000  140000000
  12       63     5919   139962    123627486199    123627626161        30917661     133884       5852     140000         30     4    1400000    7852000  140000000  140000000
  12       63     5920   139959    123627626205    123627766164        31057667     133863       5852     140000         34     4    1400000    7852000  140000000  140000000
  12       63     5918   139990    123627766173    123627906163        31197635     133891       5852     140000         32     4    1400000    7852000  140000000  140000000
  12       63     5918   139992    123627906172    123628046163        31337634     133922       5852     140000         32     4    1400000    7852000  140000000  140000000
  12       63     5919   139991    123628046172    123628186164        31477634     133894       5852     140000         33     4    1400000    7852000  140000000  140000000
  12       63     5919   140008    123628186172    123628326180        31617634     133918       5852     140000         49     4    1400000    7852000  140000000  140000000
  12       63     5920   139975    123628326189    123628466164        31757651     133878       5852     140000         33     4    1400000    7852000  140000000  140000000
  12       63     5918   139990    123628466173    123628606163        31897635     133910       5852     140000         32     4    1400000    7852000  140000000  140000000
  12       63     5919   140001    123628606172    123628746173        32037634     133905       5852     140000         42     4    1400000    7852000  140000000  140000000
  12       63     5919   140007    123628746182    123628886188        32177644     133884       5852     140000         54     4    1400000    7852000  140000000  140000000
  12       63     5919   139973    123628886200    123629026173        32317663     133852       5852     140000         42     4    1400000    7852000  140000000  140000000
  12       63     5921   139984    123629026183    123629166167        32457645     133864       5852     140000         36     4    1400000    7852000  140000000  140000000
  12       63     5919   139998    123629166175    123629306173        32597637     133907       5852     140000         42     4    1400000    7852000  140000000  140000000
  12       63     5919   139987    123629306182    123629446169        32737644     133911       5852     140000         38     4    1400000    7852000  140000000  140000000
  12       63     5919   139986    123629446177    123629586163        32877639     133906       5852     140000         32     4    1400000    7852000  140000000  140000000
  12       63     5920   139991    123629586171    123629726163        33017634     133906       5852     140000         32     4    1400000    7852000  140000000  140000000
  12       63     5921   140006    123629726171    123629866177        33157634     133900       5852     140000         46     4    1400000    7852000  140000000  140000000
  12       63     5920   139991    123629866186    123630006177        33297648     133886       5852     140000         45     4    1400000    7852000  140000000  140000000
  12       63     5920   139975    123630006186    123630146162        33437649     133879       5852     140000         31     4    1400000    7852000  140000000  140000000
  12       63     5918   139996    123630146170    123630286166        33577633     133923       5852     140000         35     4    1400000    7852000  140000000  140000000
  12       63     5918   139992    123630286175    123630426167        33717638     133888       5852     140000         36     4    1400000    7852000  140000000  140000000
  12       63     5918   140004    123630426177    123630566181        33857639     133885       5852     140000         50     4    1400000    7852000  140000000  140000000
  12       63     5922   139974    123630566190    123630706164        33997652     133873       5852     140000         33     4    1400000    7852000  140000000  140000000
  12       63     5918   139994    123630706172    123630846166        34137634     133890       5852     140000         34     4    1400000    7852000  140000000  140000000
  12       63     5919   139987    123630846175    123630986162        34277637     133895       5852     140000         31     4    1400000    7852000  140000000  140000000
  12       63     5920   139964    123630986200    123631126164        34417663     133882       5852     140000         33     4    1400000    7852000  140000000  140000000
  12       63     5918   139992    123631126173    123631266164        34557635     133902       5852     140000         33     4    1400000    7852000  140000000  140000000
  12       63     5919   139994    123631266173    123631406167        34697635     133909       5852     140000         35     4    1400000    7852000  140000000  140000000
  12       63     5919   139988    123631406175    123631546164        34837638     133913       5852     140000         33     4    1400000    7852000  140000000  140000000
  12       63     5919   140019    123631546173    123631686191        34977635     133909       5852     140000         60     4    1400000    7852000  140000000  140000000
  12       63     5920   139980    123631686200    123631826180        35117662     133859       5852     140000         49     4    1400000    7852000  140000000  140000000
  12       63     5922   140003    123631826188    123631966191        35257650     133870       5852     140000         58     4    1400000    7852000  140000000  140000000
  12       63     5921   139962    123631966200    123632106163        35397663     133851       5852     140000         32     4    1400000    7852000  140000000  140000000
  12       63     5924   139996    123632106171    123632246167        35537633     133886       5852     140000         36     4    1400000    7852000  140000000  140000000
  12       63     5918   139998    123632246176    123632386174        35677638     133896       5852     140000         43     4    1400000    7852000  140000000  140000000
  12       63     5919   139982    123632386183    123632526165        35817645     133901       5852     140000         34     4    1400000    7852000  140000000  140000000
  12       63     5921   139998    123632526173    123632666171        35957635     133896       5852     140000         40     4    1400000    7852000  140000000  140000000
  12       63     5919   140001    123632666179    123632806180        36097641     133898       5852     140000         49     4    1400000    7852000  140000000  140000000
  12       63     5919   139974    123632806189    123632946163        36237651     133882       5852     140000         32     4    1400000    7852000  140000000  140000000
  12       63     5919   139996    123632946171    123633086167        36377633     133903       5852     140000         36     4    1400000    7852000  140000000  140000000
  12       63     5918   139985    123633086176    123633226161        36517638     133897       5852     140000         31     4    1400000    7852000  140000000  140000000
  12       63     5918   140017    123633226170    123633366188        36657632     133917       5852     140000         57     4    1400000    7852000  140000000  140000000
  12       63     5919   139971    123633366196    123633506168        36797658     133868       5852     140000         37     4    1400000    7852000  140000000  140000000
  12       63     5921   139985    123633506176    123633646162        36937639     133896       5852     140000         31     4    1400000    7852000  140000000  140000000
  12       63     5920   139999    123633646171    123633786170        37077633     133918       5852     140000         39     4    1400000    7852000  140000000  140000000
  12       63     5920   140010    123633786178    123633926188        37217640     133906       5852     140000         58     4    1400000    7852000  140000000  140000000
  12       63     5920   139966    123633926198    123634066164        37357660     133860       5852     140000         33     4    1400000    7852000  140000000  140000000
  12       63     5918   139990    123634066172    123634206163        37497635     133915       5852     140000         32     4    1400000    7852000  140000000  140000000
  12       63     5920   139973    123634206201    123634346175        37637663     133865       5852     140000         44     4    1400000    7852000  140000000  140000000
  12       63     5919   139989    123634346184    123634486173        37777646     133887       5852     140000         41     4    1400000    7852000  140000000  140000000
  12       63     5922   139981    123634486182    123634626162        37917644     133893       5852     140000         32     4    1400000    7852000  140000000  140000000
  12       63     5918   139993    123634626171    123634766164        38057633     133912       5852     140000         33     4    1400000    7852000  140000000  140000000
  12       63     5919   140008    123634766172    123634906180        38197634     133906       5852     140000         49     4    1400000    7852000  140000000  140000000
  12       63     5919   140003    123634906189    123635046191        38337651     133885       5852     140000         58     4    1400000    7852000  140000000  140000000
  12       63     5920   139971    123635046201    123635186172        38477663     133853       5852     140000         41     4    1400000    7852000  140000000  140000000
  12       63     5919   139985    123635186181    123635326166        38617643     133889       5852     140000         35     4    1400000    7852000  140000000  140000000
  12       63     5918   139988    123635326175    123635466163        38757637     133899       5852     140000         32     4    1400000    7852000  140000000  140000000
  12       63     5918   139996    123635466171    123635606167        38897633     133927       5852     140000         36     4    1400000    7852000  140000000  140000000
  12       63     5919   139987    123635606176    123635746163        39037638     133898       5852     140000         32     4    1400000    7852000  140000000  140000000
  12       63     5918   139997    123635746172    123635886168        39177634     133894       5852     140000         37     4    1400000    7852000  140000000  140000000
  12       63     5920   139986    123635886177    123636026163        39317639     133887       5852     140000         32     4    1400000    7852000  140000000  140000000
  12       63     5920   140014    123636026171    123636166186        39457633     133909       5852     140000         54     4    1400000    7852000  140000000  140000000
  12       63     5920   139969    123636166195    123636306164        39597657     133864       5852     140000         33     4    1400000    7852000  140000000  140000000
  12       63     5919   139999    123636306172    123636446172        39737634     133911       5852     140000         41     4    1400000    7852000  140000000  140000000
  12       63     5919   139994    123636446180    123636586174        39877642     133888       5852     140000         43     4    1400000    7852000  140000000  140000000
  12       63     5921   140004    123636586183    123636726187        40017645     133886       5852     140000         56     4    1400000    7852000  140000000  140000000
  12       63     5919   139967    123636726195    123636866162        40157657     133892       5852     140000         31     4    1400000    7852000  140000000  140000000
  12       63     5919   139990    123636866171    123637006161        40297633     133912       5852     140000         30     4    1400000    7852000  140000000  140000000
  12       63     5918   139999    123637006169    123637146168        40437632     133916       5852     140000         37     4    1400000    7852000  140000000  140000000
  12       63     5918   139992    123637146177    123637286169        40577639     133907       5852     140000         38     4    1400000    7852000  140000000  140000000
  12       63     5921   139987    123637286177    123637426164        40717639     133877       5852     140000         33     4    1400000    7852000  140000000  140000000
  12       63     5920   139990    123637426173    123637566163        40857635     133901       5852     140000         32     4    1400000    7852000  140000000  140000000
  12       63     5920   139961    123637566201    123637706162        40997663     133890       5852     140000         32     4    1400000    7852000  140000000  140000000
  12       63     5919   139997    123637706171    123637846169        41137633     133898       5852     140000         38     4    1400000    7852000  140000000  140000000
  12       63     5919   140012    123637846177    123637986189        41277639     133900       5852     140000         58     4    1400000    7852000  140000000  140000000
  12       63     5918   139993    123637986198    123638126191        41417660     133864       5852     140000         59     4    1400000    7852000  140000000  140000000
  12       63     5918   139972    123638126201    123638266173        41557663     133856       5852     140000         41     4    1400000    7852000  140000000  140000000
  12       63     5923   139995    123638266186    123638406181        41697648     133837       5852     140000         49     4    1400000    7852000  140000000  140000000
  12       63     5919   139978    123638406190    123638546167        41837652     133875       5852     140000         36     4    1400000    7852000  140000000  140000000
  12       63     5919   140006    123638546176    123638686182        41977638     133907       5852     140000         51     4    1400000    7852000  140000000  140000000
  12       63     5920   139972    123638686191    123638826163        42117653     133871       5852     140000         32     4    1400000    7852000  140000000  140000000
  12       63     5919   140007    123638826172    123638966178        42257634     133912       5852     140000         48     4    1400000    7852000  140000000  140000000
  12       63     5919   139974    123638966187    123639106161        42397650     133888       5852     140000         30     4    1400000    7852000  140000000  140000000
  12       63     5919   139993    123639106170    123639246163        42537632     133908       5852     140000         32     4    1400000    7852000  140000000  140000000
  12       63     5918   139990    123639246171    123639386161        42677633     133908       5852     140000         30     4    1400000    7852000  140000000  140000000
  12       63     5919   140003    123639386170    123639526173        42817632     133919       5852     140000         42     4    1400000    7852000  140000000  140000000
  12       63     5920   139985    123639526182    123639666167        42957644     133887       5852     140000         36     4    1400000    7852000  140000000  140000000
  12       63     5920   139986    123639666176    123639806162        43097638     133884       5852     140000         31     4    1400000    7852000  140000000  140000000
  12       63     5918   139997    123639806171    123639946168        43237633     133921       5852     140000         37     4    1400000    7852000  140000000  140000000
  12       63     5919   139995    123639946176    123640086171        43377638     133910       5852     140000         39     4    1400000    7852000  140000000  140000000
  12       63     5919   140000    123640086179    123640226180        43517642     133887       5852     140000         49     4    1400000    7852000  140000000  140000000
  12       63     5918   139974    123640226189    123640366163        43657651     133893       5852     140000         32     4    1400000    7852000  140000000  140000000
  12       63     5919   140002    123640366171    123640506174        43797634     133912       5852     140000         43     4    1400000    7852000  140000000  140000000
  12       63     5920   139992    123640506182    123640646174        43937644     133882       5852     140000         41     4    1400000    7852000  140000000  140000000
  12       63     5919   139981    123640646183    123640786164        44077645     133892       5852     140000         33     4    1400000    7852000  140000000  140000000
  12       63     5919   139999    123640786173    123640926172        44217635     133894       5852     140000         40     4    1400000    7852000  140000000  140000000
  12       63     5918   139950    123640926215    123641066165        44357677     133863       5852     140000         34     4    1400000    7852000  140000000  140000000
  12       63     5919   140022    123641066173    123641206196        44497635     133902       5852     140000         62     4    1400000    7852000  140000000  140000000
  12       63     5919   139974    123641206206    123641346180        44637668     133852       5852     140000         49     4    1400000    7852000  140000000  140000000
  12       63     5920   140003    123641346189    123641486191        44777651     133881       5852     140000         60     4    1400000    7852000  140000000  140000000
  12       63     5919   139965    123641486201    123641626166        44917663     133859       5852     140000         35     4    1400000    7852000  140000000  140000000
  12       63     5919   139995    123641626174    123641766169        45057637     133913       5852     140000         38     4    1400000    7852000  140000000  140000000
  12       63     5919   139985    123641766178    123641906164        45197641     133894       5852     140000         33     4    1400000    7852000  140000000  140000000
  12       63     5919   140007    123641906172    123642046179        45337634     133910       5852     140000         48     4    1400000    7852000  140000000  140000000
  12       63     5918   139977    123642046188    123642186165        45477650     133898       5852     140000         34     4    1400000    7852000  140000000  140000000
  12       63     5922   139994    123642186174    123642326168        45617636     133902       5852     140000         36     4    1400000    7852000  140000000  140000000
  12       63     5920   139985    123642326177    123642466161        45757639     133895       5852     140000         30     4    1400000    7852000  140000000  140000000
  12       63     5918   140003    123642466171    123642606173        45897633     133916       5852     140000         42     4    1400000    7852000  140000000  140000000
  12       63     5920   139987    123642606182    123642746169        46037644     133883       5852     140000         38     4    1400000    7852000  140000000  140000000
  12       63     5918   140002    123642746178    123642886180        46177640     133899       5852     140000         48     4    1400000    7852000  140000000  140000000
  12       63     5919   139983    123642886189    123643026172        46317651     133883       5852     140000         41     4    1400000    7852000  140000000  140000000
  12       63     5920   139981    123643026181    123643166162        46457643     133881       5852     140000         31     4    1400000    7852000  140000000  140000000
  12       63     5919   140015    123643166171    123643306186        46597633     133900       5852     140000         55     4    1400000    7852000  140000000  140000000
  12       63     5918   139975    123643306195    123643446170        46737657     133899       5852     140000         39     4    1400000    7852000  140000000  140000000
  12       63     5918   140001    123643446179    123643586180        46877641     133889       5852     140000         49     4    1400000    7852000  140000000  140000000
  12       63     5921   139974    123643586189    123643726163        47017651     133871       5852     140000         32     4    1400000    7852000  140000000  140000000
  12       63     6052   139990    123643726172    123643866161        47157634     132732       5852     140000         31     4    1400000    7852000  140000000  140000000
  12       63     5919   139997    123643866170    123644006167        47297632     133904       5852     140000         36     4    1400000    7852000  140000000  140000000
  12       63     5920   139996    123644006176    123644146172        47437638     133902       5852     140000         41     4    1400000    7852000  140000000  140000000
  12       63     5920   139969    123644146220    123644286189        47577682     133857       5852     140000         54     4    1400000    7852000  140000000  140000000
  12       63     5920   139961    123644286200    123644426161        47717663     133864       5852     140000         30     4    1400000    7852000  140000000  140000000
  12       63     5918   140006    123644426170    123644566176        47857632     133900       5852     140000         45     4    1400000    7852000  140000000  140000000
  12       63     5919   139979    123644566185    123644706164        47997647     133879       5852     140000         34     4    1400000    7852000  140000000  140000000
  12       63     5918   139990    123644706173    123644846163        48137635     133913       5852     140000         33     4    1400000    7852000  140000000  140000000
  12       63     5919   139991    123644846172    123644986162        48277634     133912       5852     140000         31     4    1400000    7852000  140000000  140000000
  12       63     5918   140011    123644986171    123645126182        48417633     133914       5852     140000         50     4    1400000    7852000  140000000  140000000
  12       63     5919   139971    123645126191    123645266162        48557653     133891       5852     140000         31     4    1400000    7852000  140000000  140000000
  12       63     5920   139999    123645266171    123645406170        48697633     133902       5852     140000         39     4    1400000    7852000  140000000  140000000
  12       63     5919   139983    123645406179    123645546161        48837641     133902       5852     140000         30     4    1400000    7852000  140000000  140000000
  12       63     5920   140002    123645546170    123645686172        48977632     133906       5852     140000         41     4    1400000    7852000  140000000  140000000
  12       63     5918   139996    123645686181    123645826176        49117643     133882       5852     140000         45     4    1400000    7852000  140000000  140000000
  12       63     5919   139985    123645826185    123645966170        49257647     133894       5852     140000         38     4    1400000    7852000  140000000  140000000
  12       63     5918   139984    123645966180    123646106164        49397642     133903       5852     140000         33     4    1400000    7852000  140000000  140000000
  12       63     5920   139993    123646106172    123646246166        49537635     133910       5852     140000         35     4    1400000    7852000  140000000  140000000
  12       63     5919   139998    123646246175    123646386173        49677637     133899       5852     140000         42     4    1400000    7852000  140000000  140000000
  12       63     5918   139980    123646386182    123646526161        49817644     133903       5852     140000         31     4    1400000    7852000  140000000  140000000
  12       63     5918   140005    123646526170    123646666176        49957632     133896       5852     140000         45     4    1400000    7852000  140000000  140000000
  12       63     5919   139985    123646666184    123646806169        50097647     133879       5852     140000         38     4    1400000    7852000  140000000  140000000
  12       63     5919   139983    123646806178    123646946161        50237640     133895       5852     140000         30     4    1400000    7852000  140000000  140000000
  12       63     5920   139995    123646946170    123647086164        50377632     133900       5852     140000         33     4    1400000    7852000  140000000  140000000
  12       63     5921   140010    123647086173    123647226184        50517635     133894       5852     140000         53     4    1400000    7852000  140000000  140000000
  12       63     5919   140015    123647226193    123647366207        50657655     133894       5852     140000         75     4    1400000    7852000  140000000  140000000
  12       63     5920   139945    123647366217    123647506162        50797679     133818       5852     140000         31     4    1400000    7852000  140000000  140000000
  12       63     5920   139972    123647506200    123647646173        50937663     133877       5852     140000         42     4    1400000    7852000  140000000  140000000
  12       63     5921   139983    123647646182    123647786165        51077644     133878       5852     140000         34     4    1400000    7852000  140000000  140000000
  12       63     5918   139992    123647786173    123647926165        51217636     133920       5852     140000         34     4    1400000    7852000  140000000  140000000
  12       63     5919   140009    123647926174    123648066183        51357636     133903       5852     140000         50     4    1400000    7852000  140000000  140000000
  12       63     5920   139970    123648066192    123648206162        51497654     133869       5852     140000         31     4    1400000    7852000  140000000  140000000
  12       63     5920   139995    123648206170    123648346166        51637633     133917       5852     140000         35     4    1400000    7852000  140000000  140000000
  12       63     5918   140021    123648346174    123648486195        51777637     133904       5852     140000         64     4    1400000    7852000  140000000  140000000
  12       63     5921   139961    123648486204    123648626165        51917666     133852       5852     140000         34     4    1400000    7852000  140000000  140000000
  12       63     5920   139989    123648626174    123648766163        52057636     133904       5852     140000         32     4    1400000    7852000  140000000  140000000
  12       63     5918   140004    123648766172    123648906176        52197634     133902       5852     140000         45     4    1400000    7852000  140000000  140000000
  12       63     5919   139989    123648906185    123649046174        52337647     133890       5852     140000         41     4    1400000    7852000  140000000  140000000
  12       63     5919   139981    123649046183    123649186163        52477645     133887       5852     140000         33     4    1400000    7852000  140000000  140000000
  12       63     5919   139990    123649186172    123649326163        52617634     133911       5852     140000         32     4    1400000    7852000  140000000  140000000
  12       63     5918   140002    123649326171    123649466174        52757633     133912       5852     140000         43     4    1400000    7852000  140000000  140000000
  12       63     5920   139981    123649466182    123649606163        52897645     133896       5852     140000         33     4    1400000    7852000  140000000  140000000
  12       63     5917   140000    123649606172    123649746172        53037634     133898       5852     140000         41     4    1400000    7852000  140000000  140000000
  12       63     5919   139992    123649746181    123649886173        53177643     133887       5852     140000         42     4    1400000    7852000  140000000  140000000
  12       63     5918   139981    123649886181    123650026163        53317643     133901       5852     140000         32     4    1400000    7852000  140000000  140000000
  12       63     5921   140002    123650026171    123650166173        53457634     133899       5852     140000         42     4    1400000    7852000  140000000  140000000
  12       63     5918   139982    123650166182    123650306164        53597644     133889       5852     140000         33     4    1400000    7852000  140000000  140000000
  12       63     5920   140030    123650306173    123650446203        53737635     133908       5852     140000         70     4    1400000    7852000  140000000  140000000
  12       63     5921   139950    123650446213    123650586163        53877675     133814       5852     140000         33     4    1400000    7852000  140000000  140000000
  12       63     5919   139996    123650586172    123650726168        54017634     133904       5852     140000         38     4    1400000    7852000  140000000  140000000
  12       63     5917   139960    123650726206    123650866166        54157668     133869       5852     140000         35     4    1400000    7852000  140000000  140000000
  12       63     5919   139991    123650866175    123651006166        54297637     133902       5852     140000         35     4    1400000    7852000  140000000  140000000
  12       63     5919   139988    123651006175    123651146163        54437637     133905       5852     140000         32     4    1400000    7852000  140000000  140000000
  12       63     5919   140009    123651146172    123651286180        54577634     133910       5852     140000         48     4    1400000    7852000  140000000  140000000
  12       63     5920   139974    123651286189    123651426164        54717651     133876       5852     140000         33     4    1400000    7852000  140000000  140000000
  12       63     5921   140001    123651426172    123651566173        54857634     133909       5852     140000         42     4    1400000    7852000  140000000  140000000
  12       63     5919   139989    123651566182    123651706171        54997644     133894       5852     140000         40     4    1400000    7852000  140000000  140000000
  12       63     5919   139988    123651706179    123651846168        55137642     133888       5852     140000         37     4    1400000    7852000  140000000  140000000
  12       63     5920   140009    123651846176    123651986185        55277638     133902       5852     140000         54     4    1400000    7852000  140000000  140000000
  12       63     5921   139971    123651986194    123652126165        55417656     133860       5852     140000         34     4    1400000    7852000  140000000  140000000
  12       63     5919   139989    123652126174    123652266163        55557636     133919       5852     140000         32     4    1400000    7852000  140000000  140000000
  12       63     5920   139993    123652266172    123652406164        55697634     133891       5852     140000         34     4    1400000    7852000  140000000  140000000
  12       63     5919   139988    123652406173    123652546161        55837635     133906       5852     140000         30     4    1400000    7852000  140000000  140000000
  12       63     5918   139998    123652546170    123652686168        55977632     133925       5852     140000         36     4    1400000    7852000  140000000  140000000
  12       63     5921   139994    123652686176    123652826170        56117638     133900       5852     140000         39     4    1400000    7852000  140000000  140000000
  12       63     5920   139990    123652826179    123652966168        56257641     133878       5852     140000         37     4    1400000    7852000  140000000  140000000
  12       63     5920   139987    123652966177    123653106164        56397639     133904       5852     140000         33     4    1400000    7852000  140000000  140000000
  12       63     5920   139992    123653106172    123653246164        56537634     133885       5852     140000         33     4    1400000    7852000  140000000  140000000
  12       63     5921   139990    123653246173    123653386163        56677635     133905       5852     140000         32     4    1400000    7852000  140000000  140000000
  12       63     5920   140026    123653386171    123653526198        56817634     133902       5852     140000         66     4    1400000    7852000  140000000  140000000
  12       63     5921   139961    123653526207    123653666168        56957670     133829       5852     140000         37     4    1400000    7852000  140000000  140000000
  12       63     5919   139987    123653666177    123653806163        57097639     133904       5852     140000         33     4    1400000    7852000  140000000  140000000
  12       63     5919   140002    123653806172    123653946174        57237634     133908       5852     140000         43     4    1400000    7852000  140000000  140000000
  12       63     5919   139985    123653946183    123654086168        57377645     133913       5852     140000         37     4    1400000    7852000  140000000  140000000
  12       63     5918   139956    123654086207    123654226163        57517669     133858       5852     140000         32     4    1400000    7852000  140000000  140000000
  12       63     5920   139990    123654226172    123654366162        57657634     133915       5852     140000         31     4    1400000    7852000  140000000  140000000
  12       63     5920   140018    123654366170    123654506188        57797632     133921       5852     140000         57     4    1400000    7852000  140000000  140000000
  12       63     5920   139989    123654506197    123654646186        57937659     133874       5852     140000         55     4    1400000    7852000  140000000  140000000
  12       63     5920   139976    123654646196    123654786171        58077658     133864       5852     140000         40     4    1400000    7852000  140000000  140000000
  12       63     5918   139985    123654786180    123654926165        58217642     133906       5852     140000         34     4    1400000    7852000  140000000  140000000
  12       63     5919   139998    123654926173    123655066171        58357635     133904       5852     140000         40     4    1400000    7852000  140000000  140000000
  12       63     5919   139994    123655066180    123655206173        58497642     133885       5852     140000         42     4    1400000    7852000  140000000  140000000
  12       63     5919   139998    123655206183    123655346181        58637645     133884       5852     140000         50     4    1400000    7852000  140000000  140000000
  12       63     5919   139979    123655346190    123655486169        58777652     133887       5852     140000         37     4    1400000    7852000  140000000  140000000
  12       63     5920   139997    123655486177    123655626174        58917639     133885       5852     140000         43     4    1400000    7852000  140000000  140000000
  12       63     5919   139983    123655626183    123655766165        59057645     133901       5852     140000         35     4    1400000    7852000  140000000  140000000
  12       63     5918   139988    123655766174    123655906161        59197636     133908       5852     140000         31     4    1400000    7852000  140000000  140000000
  12       63     5920   139997    123655906170    123656046167        59337632     133902       5852     140000         35     4    1400000    7852000  140000000  140000000
  12       63     5919   139986    123656046177    123656186163        59477639     133914       5852     140000         32     4    1400000    7852000  140000000  140000000
  12       63     5920   140022    123656186171    123656326193        59617633     133896       5852     140000         62     4    1400000    7852000  140000000  140000000
  12       63     5920   139962    123656326202    123656466164        59757664     133866       5852     140000         33     4    1400000    7852000  140000000  140000000
  12       63     5918   140040    123656466172    123656606212        59897634     133910       5852     140000         81     4    1400000    7852000  140000000  140000000
  12       63     5920   139943    123656606222    123656746164        60037684     133834       5852     140000         34     4    1400000    7852000  140000000  140000000
  12       63     5924   140012    123656746173    123656886185        60177635     133896       5852     140000         54     4    1400000    7852000  140000000  140000000
  12       63     5922   139968    123656886194    123657026162        60317656     133863       5852     140000         31     4    1400000    7852000  140000000  140000000
  12       63     5918   139994    123657026171    123657166165        60457633     133928       5852     140000         34     4    1400000    7852000  140000000  140000000
  12       63     5919   139990    123657166173    123657306163        60597636     133900       5852     140000         32     4    1400000    7852000  140000000  140000000
  12       63     5918   139967    123657306202    123657446169        60737665     133882       5852     140000         35     4    1400000    7852000  140000000  140000000
