#idx     perf      run   period           start             end          rel_st      slack c_duration   c_period     wu_lat   cpu       freq dl_runtime  dl_period dl_deadline
   6     1293   215732   630006    147684968064    147685598070         5594305     364438     119019     680000         42     7     800000  125284000  680000000  680000000
   6     1293   215561   685434    147685598085    147686283519         6224326     414395     119019     680000       5492     7     800000  125284000  680000000  680000000
   6     1293   217525   674554    147686283535    147686958089         6909776     382951     119019     680000         61     7     800000  125284000  680000000  680000000
   6     1293   214151   704053    147686958104    147687662157         7584345     388497     119019     680000      24129     7     800000  125284000  680000000  680000000
   6     1293   219379   655914    147687662171    147688318084         8288412     384419     119019     680000         55     7     800000  125284000  680000000  680000000
   6     1293   219654   679981    147688318104    147688998085         8944345     409333     119019     680000         57     7     800000  125284000  680000000  680000000
   6     1293   214801   679986    147688998100    147689678086         9624342     384026     119019     680000         58     7     800000  125284000  680000000  680000000
   6     1293   218889   712232    147689678104    147690390336        10304345     386711     119019     680000      32309     7     700000  125284000  680000000  680000000
   6     1293   214941   647745    147690390351    147691038096        11016592     382707     119019     680000         68     7     800000  125284000  680000000  680000000
   6     1293   215337   679986    147691038111    147691718096        11664352     414594     119019     680000         68     7     800000  125284000  680000000  680000000
   6     1293   215297   679979    147691718112    147692398091        12344353     388415     119019     680000         63     7     800000  125284000  680000000  680000000
   6     1293   218916   704090    147692398106    147693102197        13024347     386777     119019     680000      24169     7     800000  125284000  680000000  680000000
   6     1293   216082   664028    147693102211    147693766239        13728452     387744     119019     680000       8212     7     800000  125284000  680000000  680000000
   6     1293   216572   671830    147693766253    147694438083        14392495     401179     119019     680000         55     7     800000  125284000  680000000  680000000
   6     1293   218560   680002    147694438097    147695118100        15064339     384830     119019     680000         69     7     800000  125284000  680000000  680000000
   6     1293   216208   704150    147695118116    147695822267        15744358     390465     119019     680000      24239     7     700000  125284000  680000000  680000000
   6     1293   215554   655789    147695822281    147696478070        16448522     390421     119019     680000         42     7     800000  125284000  680000000  680000000
   6     1293   215340   679990    147696478085    147697158075        17104326     414714     119019     680000         46     7     800000  125284000  680000000  680000000
   6     1293   217098   679991    147697158090    147697838082        17784331     388776     119019     680000         53     7     800000  125284000  680000000  680000000
   6     1293   223278   704124    147697838097    147698542221        18464338     382476     119019     680000      24193     7     800000  125284000  680000000  680000000
   6     1293   215677   655842    147698542236    147699198078        19168477     385472     119019     680000         50     7     800000  125284000  680000000  680000000
   6     1293   216984   680004    147699198093    147699878097        19824334     413000     119019     680000         68     7     800000  125284000  680000000  680000000
   6     1293   220738   679971    147699878114    147700558084        20504355     385606     119019     680000         56     7     700000  125284000  680000000  680000000
   6     1293   216386   704084    147700558157    147701262241        21184398     372871     119019     680000      24213     7     800000  125284000  680000000  680000000
   6     1293   213702   655833    147701262255    147701918088        21888497     390495     119019     680000         60     7     800000  125284000  680000000  680000000
   6     1293   215824   688153    147701918104    147702606256        22544345     414238     119019     680000       8229     7     800000  125284000  680000000  680000000
   6     1293   218672   687297    147702606271    147703293568        23232512     378873     119019     680000      15540     7     800000  125284000  680000000  680000000
   6     1293   217827   688670    147703293582    147703982252        23919824     369741     119019     680000      24225     7     800000  125284000  680000000  680000000
   6     1293   214835   661229    147703982267    147704643496        24608508     385593     119019     680000       5469     7     800000  125284000  680000000  680000000
   6     1293   218100   674588    147704643511    147705318099        25269752     420743     119019     680000         70     7     800000  125284000  680000000  680000000
   6     1293   217176   686449    147705318116    147706004565        25944357     388617     119019     680000       6537     7     700000  125284000  680000000  680000000
   6     1293   214277   697670    147706004579    147706702249        26630820     385088     119019     680000      24221     7     800000  125284000  680000000  680000000
   6     1293   215747   655810    147706702263    147707358073        27328505     390196     119019     680000         45     7     800000  125284000  680000000  680000000
   6     1293   213163   680003    147707358088    147708038092        27984330     413940     119019     680000         64     7     800000  125284000  680000000  680000000
   6     1293   218821   679978    147708038107    147708718085        28664348     375258     119019     680000         57     7     800000  125284000  680000000  680000000
   6     1293   220280   706656    147708718100    147709424756        29344341     383029     119019     680000      26728     7     800000  125284000  680000000  680000000
   6     1293   215805   653320    147709424770    147710078091        30051011     385214     119019     680000         63     7     800000  125284000  680000000  680000000
   6     1293   220465   679969    147710078105    147710758074        30704346     409357     119019     680000         45     7     800000  125284000  680000000  680000000
   6     1293   217237   688159    147710758088    147711446247        31384330     388487     119019     680000       8219     7     800000  125284000  680000000  680000000
   6     1293   217734   696015    147711446261    147712142276        32072503     380054     119019     680000      24249     7     800000  125284000  680000000  680000000
   6     1293   212732   655779    147712142291    147712798070        32768532     389739     119019     680000         42     7     800000  125284000  680000000  680000000
   6     1293   215628   680003    147712798085    147713478087        33424326     414515     119019     680000         59     7     800000  125284000  680000000  680000000
   6     1293   219790   679979    147713478102    147714158081        34104343     383658     119019     680000         53     7     800000  125284000  680000000  680000000
   6     1293   216905   704092    147714158095    147714862188        34784337     383521     119019     680000      24160     7     800000  125284000  680000000  680000000
   6     1293   217665   655901    147714862202    147715518103        35488444     386436     119019     680000         74     7     800000  125284000  680000000  680000000
   6     1293   213498   679973    147715518121    147716198094        36144362     414542     119019     680000         65     7     700000  125284000  680000000  680000000
   6     1293   217600   679977    147716198108    147716878085        36824350     388167     119019     680000         57     7     800000  125284000  680000000  680000000
   6     1293   216678   704065    147716878155    147717582220        37504397     380280     119019     680000      24193     7     800000  125284000  680000000  680000000
   6     1293   215366   655853    147717582235    147718238088        38208476     390355     119019     680000         60     7     800000  125284000  680000000  680000000
   6     1293   219639   679983    147718238102    147718918085        38864344     409412     119019     680000         57     7     800000  125284000  680000000  680000000
   6     1293   219691   679992    147718918100    147719598092        39544342     368175     119019     680000         64     7     800000  125284000  680000000  680000000
   6     1293   221022   732392    147719598107    147720330499        40224349     384797     119019     680000      52471     7     800000  125284000  680000000  680000000
   6     1293   210003   627577    147720330513    147720958090        40956755     367509     119019     680000         61     7     800000  125284000  680000000  680000000
   6     1293   216375   695457    147720958105    147721653562        41584346     413544     119019     680000      15534     7     800000  125284000  680000000  680000000
   6     1293   217828   664500    147721653576    147722318076        42279817     372583     119019     680000         48     7     800000  125284000  680000000  680000000
   6     1293   217864   711460    147722318091    147723029551        42944332     387990     119019     680000      31523     7     800000  125284000  680000000  680000000
   6     1293   218543   648516    147723029565    147723678082        43655807     379921     119019     680000         53     7     800000  125284000  680000000  680000000
   6     1293   217196   679996    147723678096    147724358092        44304337     412407     119019     680000         65     7     800000  125284000  680000000  680000000
   6     1293   221667   679975    147724358107    147725038082        44984348     383824     119019     680000         53     7     800000  125284000  680000000  680000000
   6     1293   218517   712263    147725038096    147725750359        45664338     383915     119019     680000      32332     7     800000  125284000  680000000  680000000
   6     1293   215290   647711    147725750374    147726398085        46376615     382492     119019     680000         56     7     800000  125284000  680000000  680000000
   6     1293   214070   680004    147726398099    147727078103        47024341     414887     119019     680000         74     7     800000  125284000  680000000  680000000
   6     1293   213049   679977    147727078124    147727758101        47704365     391060     119019     680000         72     7     600000  125284000  680000000  680000000
   6     1293   217257   704119    147727758116    147728462235        48384357     388586     119019     680000      24207     7     800000  125284000  680000000  680000000
   6     1293   218226   663984    147728462249    147729126233        49088490     383780     119019     680000       8205     7     800000  125284000  680000000  680000000
   6     1293   219539   671849    147729126247    147729798096        49752488     375489     119019     680000         68     7     800000  125284000  680000000  680000000
   6     1293   217011   679986    147729798111    147730478097        50424353     387441     119019     680000         69     7     800000  125284000  680000000  680000000
   6     1293   219024   704089    147730478114    147731182203        51104355     386763     119019     680000      24175     7     700000  125284000  680000000  680000000
   6     1293   215796   655877    147731182217    147731838094        51808459     390179     119019     680000         66     7     800000  125284000  680000000  680000000
   6     1293   215484   679964    147731838109    147732518073        52464350     414636     119019     680000         45     7     800000  125284000  680000000  680000000
   6     1293   217065   679939    147732518142    147733198081        53144384     388599     119019     680000         53     7     800000  125284000  680000000  680000000
   6     1293   215930   707450    147733198096    147733905546        53824337     386174     119019     680000      27518     7     800000  125284000  680000000  680000000
   6     1293   216144   652510    147733905560    147734558070        54531801     384423     119019     680000         42     7     800000  125284000  680000000  680000000
   6     1293   216853   679999    147734558085    147735238083        55184326     410455     119019     680000         55     7     800000  125284000  680000000  680000000
   6     1293   222653   679981    147735238098    147735918079        55864340     383009     119019     680000         51     7     800000  125284000  680000000  680000000
   6     1293   215442   704081    147735918096    147736622177        56544338     388616     119019     680000      24149     7     700000  125284000  680000000  680000000
   6     1293   215587   655899    147736622191    147737278090        57248432     390304     119019     680000         62     7     800000  125284000  680000000  680000000
   6     1293   212337   688110    147737278104    147737966214        57904345     414432     119019     680000       8187     7     800000  125284000  680000000  680000000
   6     1293   215792   671862    147737966229    147738638090        58592470     381063     119019     680000         62     7     800000  125284000  680000000  680000000
   6     1293   218965   704109    147738638105    147739342214        59264346     367670     119019     680000      24187     7     800000  125284000  680000000  680000000
   6     1293   212654   671365    147739342229    147740013595        59968470     387507     119019     680000      15567     7     800000  125284000  680000000  680000000
   6     1293   218160   664478    147740013610    147740678088        60639851     411895     119019     680000         59     7     800000  125284000  680000000  680000000
   6     1293   221035   685410    147740678105    147741363515        61304346     384805     119019     680000       5488     7     700000  125284000  680000000  680000000
   6     1293   217355   698697    147741363530    147742062227        61989771     382787     119019     680000      24199     7     800000  125284000  680000000  680000000
   6     1293   215573   655837    147742062241    147742718078        62688483     390020     119019     680000         50     7     800000  125284000  680000000  680000000
   6     1293   215728   679988    147742718093    147743398081        63344334     414309     119019     680000         53     7     800000  125284000  680000000  680000000
   6     1293   217138   679990    147743398096    147744078086        64024337     376238     119019     680000         58     7     800000  125284000  680000000  680000000
