#idx     perf      run   period           start             end          rel_st      slack c_duration   c_period     wu_lat   cpu       freq dl_runtime  dl_period dl_deadline
   4      400    37252   139895     62026483559     62026623454          874322     100944      36868     150000       1286     5    1400000   38868000  150000000  150000000
   4      400    37254   148738     62026623464     62026772201         1014226     111033      36868     150000         32     5    1400000   38868000  150000000  150000000
   4      400    37245   149990     62026772210     62026922200         1162973     112335      36868     150000         31     5    1400000   38868000  150000000  150000000
   4      400    37245   149994     62026922208     62027072202         1312971     112337      36868     150000         33     5    1400000   38868000  150000000  150000000
   4      400    40138   150725     62027072212     62027222936         1462974       -768      36868     150000          0     5    1300000   38868000  150000000  150000000
   4      400    40113   149277     62027222946     62027372223         1613709        -55      36868     150000          0     5    1300000   38868000  150000000  150000000
   4      400    40126   150738     62027372233     62027522970         1762995       -802      36868     150000          0     5    1300000   38868000  150000000  150000000
   4      400    40420   153091     62027522980     62027676071         1913742      -3903      36868     150000          0     5    1300000   38868000  150000000  150000000
   4      400    43453   171903     62027676081     62027847984         2066844     -25816      36868     150000          0     5    1200000   38868000  150000000  150000000
   4      400    43475   136238     62027847994     62027984232         2238757     -12064      36868     150000          0     5    1200000   38868000  150000000  150000000
   4      400    43469   154128     62027984242     62028138371         2375005     -16203      36868     150000          0     5    1200000   38868000  150000000  150000000
   4      400    43471   156181     62028138380     62028294561         2529143     -22393      36868     150000          0     5    1200000   38868000  150000000  150000000
   4      400    43482   167339     62028294571     62028461910         2685333     -39742      36868     150000          0     5    1200000   38868000  150000000  150000000
   4      400    43461   171962     62028461920     62028633882         2852683     -61714      36868     150000          0     5    1200000   38868000  150000000  150000000
   4      400    43478   129259     62028633892     62028763152         3024655     -40984      36868     150000          0     5    1200000   38868000  150000000  150000000
   4      400    43482   262375     62028763162     62029025537         3153924    -153369      36868     150000          0     5    1200000   38868000  150000000  150000000
   4      400    43469   152169     62029025548     62029177716         3416310    -155548      36868     150000          0     5    1200000   38868000  150000000  150000000
   4      400    43456   175969     62029177727     62029353696         3568489    -181528      36868     150000          0     5    1200000   38868000  150000000  150000000
   4      400    43471   136191     62029353706     62029489896         3744468    -167728      36868     150000          0     5    1200000   38868000  150000000  150000000
   4      400    43474   154179     62029489907     62029644086         3880669    -171918      36868     150000          0     5    1200000   38868000  150000000  150000000
   4      400    43476   152168     62029644096     62029796264         4034858    -174096      36868     150000          0     5    1200000   38868000  150000000  150000000
   4      400    43466   158138     62029796275     62029954412         4187037    -182244      36868     150000          0     5    1200000   38868000  150000000  150000000
   4      400    43468   171934     62029954423     62030126357         4345185    -204189      36868     150000          0     5    1200000   38868000  150000000  150000000
   4      400    46946   249975     62030126406     62030376381         4517169    -304213      36868     150000          0     5    1200000   38868000  150000000  150000000
   4      400    47427   169986     62030376392     62030546378         4767155    -324210      36868     150000          0     5    1100000   38868000  150000000  150000000
   4      400    47411   159916     62030546389     62030706305         4937152    -334137      36868     150000          0     5    1100000   38868000  150000000  150000000
   4      400    44906   173401     62030706316     62030879717         5097078    -357549      36868     150000          0     5    1100000   38868000  150000000  150000000
   4      400    43469   124217     62030879728     62031003945         5270490    -331777      36868     150000          0     5    1200000   38868000  150000000  150000000
   4      400    43466   268365     62031003955     62031272320         5394718    -450152      36868     150000          0     5    1200000   38868000  150000000  150000000
   4      400    43846   154565     62031272331     62031426895         5663093    -454727      36868     150000          0     5    1200000   38868000  150000000  150000000
   4      400    47414   171931     62031426906     62031598838         5817669    -476669      36868     150000          0     5    1100000   38868000  150000000  150000000
   4      400    47427   142256     62031598848     62031741104         5989611    -468936      36868     150000          0     5    1100000   38868000  150000000  150000000
   4      400    47422   160198     62031741115     62031901313         6131878    -479145      36868     150000          0     5    1100000   38868000  150000000  150000000
   4      400    44348   155103     62031901324     62032056427         6292087    -484259      36868     150000          0     5    1100000   38868000  150000000  150000000
   4      400    43473   276200     62032056437     62032332637         6447200    -610469      36868     150000          0     5    1200000   38868000  150000000  150000000
   4      400    43475   144281     62032332647     62032476929         6723410    -604761      36868     150000          0     5    1200000   38868000  150000000  150000000
   4      400    44258   155012     62032476939     62032631951         6867701    -609783      36868     150000          0     5    1200000   38868000  150000000  150000000
   4      400    47398   171703     62032631962     62032803665         7022725    -631497      36868     150000          0     5    1100000   38868000  150000000  150000000
   4      400    47428   149462     62032803676     62032953139         7194439    -630970      36868     150000          0     5    1100000   38868000  150000000  150000000
   4      400    47407   187993     62032953150     62033141142         7343912    -668974      36868     150000          0     5    1100000   38868000  150000000  150000000
   4      400    45088   236177     62033141154     62033377330         7531916    -755162      36868     150000          0     5    1100000   38868000  150000000  150000000
   4      400    43470   154273     62033377341     62033531613         7768103    -759445      36868     150000          0     5    1200000   38868000  150000000  150000000
   4      400    43468   152282     62033531624     62033683905         7922386    -761737      36868     150000          0     5    1200000   38868000  150000000  150000000
   4      400    43459   175956     62033683916     62033859872         8074679    -787704      36868     150000          0     5    1200000   38868000  150000000  150000000
   4      400    47424   140316     62033859882     62034000198         8250645    -778030      36868     150000          0     5    1200000   38868000  150000000  150000000
   4      400    47415   158223     62034000209     62034158432         8390972    -786264      36868     150000          0     5    1100000   38868000  150000000  150000000
   4      400    47439   270691     62034158443     62034429134         8549206    -906966      36868     150000          0     5    1100000   38868000  150000000  150000000
   4      400    46331   170917     62034429190     62034600107         8819952    -927939      36868     150000          0     5    1100000   38868000  150000000  150000000
   4      400    43479   150009     62034600117     62034750126         8990880    -927958      36868     150000          0     5    1200000   38868000  150000000  150000000
   4      400    43459   155900     62034750136     62034906037         9140899    -933869      36868     150000          0     5    1200000   38868000  150000000  150000000
   4      400    43461   147873     62034906047     62035053920         9296810    -931752      36868     150000          0     5    1200000   38868000  150000000  150000000
   4      400    43465   148253     62035053930     62035202183         9444693    -930015      36868     150000          0     5    1200000   38868000  150000000  150000000
   4      400    43464   179923     62035202193     62035382117         9592956    -959949      36868     150000          0     5    1200000   38868000  150000000  150000000
   4      400    43493   242677     62035382127     62035624804         9772889   -1052636      36868     150000          0     5    1200000   38868000  150000000  150000000
   4      400    43892   152733     62035624814     62035777547        10015577   -1055379      36868     150000          0     5    1200000   38868000  150000000  150000000
   4      400    47419   162282     62035777558     62035939840        10168320   -1067672      36868     150000          0     5    1100000   38868000  150000000  150000000
   4      400    47412   175966     62035939851     62036115817        10330613   -1093649      36868     150000          0     5    1100000   38868000  150000000  150000000
   4      400    47429   138405     62036115828     62036254233        10506591   -1082065      36868     150000          0     5    1100000   38868000  150000000  150000000
   4      400    47443   270798     62036254245     62036525043        10645007   -1202875      36868     150000          0     5    1100000   38868000  150000000  150000000
   4      400    47420   160344     62036525054     62036685398        10915817   -1213230      36868     150000          0     5    1100000   38868000  150000000  150000000
   4      400    47405   183619     62036685409     62036869029        11076172   -1246860      36868     150000          0     5    1100000   38868000  150000000  150000000
   4      400    47423   143951     62036869039     62037012990        11259802   -1240822      36868     150000          0     5    1100000   38868000  150000000  150000000
   4      400    43463   148360     62037013002     62037161362        11403764   -1239194      36868     150000          0     5    1200000   38868000  150000000  150000000
   4      400    43470   261098     62037161372     62037422470        11552135   -1350302      36868     150000          0     5    1200000   38868000  150000000  150000000
   4      400    43456   183915     62037422480     62037606395        11813243   -1384227      36868     150000          0     5    1200000   38868000  150000000  150000000
   4      400    43475   126417     62037606405     62037732822        11997168   -1360654      36868     150000          0     5    1200000   38868000  150000000  150000000
   4      400    45684   154593     62037732833     62037887426        12123595   -1365257      36868     150000          0     5    1200000   38868000  150000000  150000000
   4      400    47424   158437     62037887437     62038045874        12278200   -1373706      36868     150000          0     5    1100000   38868000  150000000  150000000
   4      400    47421   160391     62038045885     62038206276        12436648   -1384108      36868     150000          0     5    1100000   38868000  150000000  150000000
   4      400    47435   268451     62038206287     62038474739        12597050   -1502571      36868     150000          0     5    1100000   38868000  150000000  150000000
   4      400    47425   158403     62038474791     62038633194        12865553   -1511026      36868     150000          0     5    1100000   38868000  150000000  150000000
   4      400    47423   160386     62038633205     62038793591        13023968   -1521423      36868     150000          0     5    1100000   38868000  150000000  150000000
   4      400    47421   173964     62038793602     62038967566        13184365   -1545398      36868     150000          0     5    1100000   38868000  150000000  150000000
   4      400    47415   256481     62038967577     62039224058        13358339   -1651889      36868     150000          0     5    1100000   38868000  150000000  150000000
   4      400    47423   156414     62039224070     62039380484        13614832   -1658316      36868     150000          0     5    1100000   38868000  150000000  150000000
   4      400    47421   158444     62039380495     62039538939        13771258   -1666771      36868     150000          0     5    1100000   38868000  150000000  150000000
   4      400    45535   154527     62039538950     62039693477        13929713   -1671309      36868     150000          0     5    1100000   38868000  150000000  150000000
   4      400    43456   179992     62039693487     62039873479        14084250   -1701311      36868     150000          0     5    1200000   38868000  150000000  150000000
   4      400    43471   132420     62039873489     62040005910        14264252   -1683741      36868     150000          0     5    1200000   38868000  150000000  150000000
   4      400    43470   154479     62040005920     62040160399        14396683   -1688231      36868     150000          0     5    1200000   38868000  150000000  150000000
   4      400    43483   262917     62040160409     62040423326        14551171   -1801158      36868     150000          0     5    1200000   38868000  150000000  150000000
   4      400    43458   175971     62040423336     62040599308        14814099   -1827140      36868     150000          0     5    1200000   38868000  150000000  150000000
   4      400    43480   134532     62040599318     62040733850        14990081   -1811682      36868     150000          0     5    1200000   38868000  150000000  150000000
   4      400    43472   156465     62040733860     62040890325        15124623   -1818157      36868     150000          0     5    1200000   38868000  150000000  150000000
   4      400    46919   169537     62040890335     62041059872        15281098   -1837704      36868     150000          0     5    1200000   38868000  150000000  150000000
   4      400    47407   155984     62041059884     62041215868        15450647   -1843700      36868     150000          0     5    1100000   38868000  150000000  150000000
   4      400    47431   260531     62041215879     62041476411        15606642   -1954243      36868     150000          0     5    1100000   38868000  150000000  150000000
   4      400    47420   158490     62041476422     62041634912        15867185   -1962744      36868     150000          0     5    1100000   38868000  150000000  150000000
   4      400    47420   156458     62041634924     62041791382        16025686   -1969214      36868     150000          0     5    1100000   38868000  150000000  150000000
   4      400    47424   158525     62041791393     62041949918        16182155   -1977750      36868     150000          0     5    1100000   38868000  150000000  150000000
   4      400    47407   272693     62041949929     62042222622        16340692   -2100454      36868     150000          0     5    1100000   38868000  150000000  150000000
   4      400    47428   156461     62042222633     62042379094        16613396   -2106926      36868     150000          0     5    1100000   38868000  150000000  150000000
   4      400    47423   158490     62042379105     62042537595        16769867   -2115427      36868     150000          0     5    1100000   38868000  150000000  150000000
   4      400    47424   160447     62042537606     62042698054        16928369   -2125886      36868     150000          0     5    1100000   38868000  150000000  150000000
   4      400    44598   169036     62042698113     62042867149        17088875   -2144981      36868     150000          0     5    1100000   38868000  150000000  150000000
   4      400    43479   140527     62042867160     62043007687        17257922   -2135519      36868     150000          0     5    1200000   38868000  150000000  150000000
   4      400    43488   278021     62043007697     62043285718        17398460   -2263550      36868     150000          0     5    1200000   38868000  150000000  150000000
   4      400    43983   147019     62043285728     62043432747        17676491   -2260579      36868     150000          0     5    1200000   38868000  150000000  150000000
   4      400    47415   187870     62043432758     62043620629        17823521   -2298460      36868     150000          0     5    1100000   38868000  150000000  150000000
   4      400    47420   126472     62043620640     62043747112        18011402   -2274944      36868     150000          0     5    1100000   38868000  150000000  150000000
   4      400    47423   156494     62043747123     62043903617        18137886   -2281449      36868     150000          0     5    1100000   38868000  150000000  150000000
   4      400    47444   271117     62043903628     62044174744        18294390   -2402576      36868     150000          0     5    1100000   38868000  150000000  150000000
   4      400    47408   175970     62044174755     62044350726        18565518   -2428558      36868     150000          0     5    1100000   38868000  150000000  150000000
   4      400    47425   140551     62044350737     62044491288        18741500   -2419120      36868     150000          0     5    1100000   38868000  150000000  150000000
   4      400    47418   158532     62044491299     62044649831        18882062   -2427663      36868     150000          0     5    1100000   38868000  150000000  150000000
   4      400    44305   157377     62044649842     62044807219        19040605   -2435051      36868     150000          0     5    1100000   38868000  150000000  150000000
   4      400    43471   284831     62044807229     62045092060        19197992   -2569892      36868     150000          0     5    1200000   38868000  150000000  150000000
   4      400    43474   134599     62045092070     62045226669        19482833   -2554501      36868     150000          0     5    1200000   38868000  150000000  150000000
   4      400    43460   171372     62045226679     62045398052        19617442   -2575884      36868     150000          0     5    1200000   38868000  150000000  150000000
   4      400    43458   139948     62045398062     62045538010        19788825   -2565843      36868     150000          0     5    1200000   38868000  150000000  150000000
   4      400    43471   152561     62045538021     62045690581        19928783   -2568413      36868     150000          0     5    1200000   38868000  150000000  150000000
   4      400    43451   183970     62045690591     62045874562        20081354   -2602393      36868     150000          0     5    1200000   38868000  150000000  150000000
   4      400    45865   127006     62045874572     62046001578        20265334   -2579410      36868     150000          0     5    1200000   38868000  150000000  150000000
   4      400    47438   271226     62046001589     62046272816        20392352   -2700648      36868     150000          0     5    1100000   38868000  150000000  150000000
   4      400    47422   158607     62046272827     62046431434        20663589   -2709266      36868     150000          0     5    1100000   38868000  150000000  150000000
   4      400    47415   171923     62046431446     62046603369        20822208   -2731201      36868     150000          0     5    1100000   38868000  150000000  150000000
   4      400    47428   142639     62046603380     62046746019        20994142   -2723851      36868     150000          0     5    1100000   38868000  150000000  150000000
   4      400    47425   160556     62046746067     62046906624        21136830   -2734455      36868     150000          0     5    1100000   38868000  150000000  150000000
   4      400    47434   271203     62046906635     62047177838        21297398   -2855670      36868     150000          0     5    1100000   38868000  150000000  150000000
   4      400    45184   181684     62047177849     62047359533        21568612   -2887365      36868     150000          0     5    1100000   38868000  150000000  150000000
   4      400    43461   143958     62047359544     62047503502        21750306   -2881334      36868     150000          0     5    1200000   38868000  150000000  150000000
   4      400    43462   139901     62047503512     62047643413        21894274   -2871245      36868     150000          0     5    1200000   38868000  150000000  150000000
   4      400    43476   152629     62047643423     62047796052        22034186   -2873884      36868     150000          0     5    1200000   38868000  150000000  150000000
   4      400    45986   157151     62047796062     62047953213        22186825   -2881045      36868     150000          0     5    1200000   38868000  150000000  150000000
   4      400    47428   270667     62047953224     62048223891        22343986   -3001723      36868     150000          0     5    1100000   38868000  150000000  150000000
   4      400    47426   156691     62048223902     62048380593        22614664   -3008425      36868     150000          0     5    1100000   38868000  150000000  150000000
   4      400    47426   158648     62048380605     62048539252        22771367   -3017084      36868     150000          0     5    1100000   38868000  150000000  150000000
   4      400    47423   160636     62048539263     62048699900        22930026   -3027731      36868     150000          0     5    1100000   38868000  150000000  150000000
   4      400    47406   171959     62048699911     62048871870        23090673   -3049702      36868     150000          0     5    1100000   38868000  150000000  150000000
   4      400    47447   255418     62048871881     62049127299        23262643   -3155131      36868     150000          0     5    1100000   38868000  150000000  150000000
   4      400    47425   160662     62049127310     62049287972        23518072   -3165804      36868     150000          0     5    1100000   38868000  150000000  150000000
   4      400    47426   174067     62049287983     62049462049        23678745   -3189881      36868     150000          0     5    1100000   38868000  150000000  150000000
   4      400    47413   171963     62049462060     62049634023        23852823   -3211855      36868     150000          0     5    1100000   38868000  150000000  150000000
   4      400    43946   132430     62049634034     62049766464        24024797   -3194296      36868     150000          0     5    1100000   38868000  150000000  150000000
   4      400    43485   259432     62049766474     62050025906        24157237   -3303738      36868     150000          0     5    1200000   38868000  150000000  150000000
   4      400    43470   152675     62050025916     62050178592        24416679   -3306424      36868     150000          0     5    1200000   38868000  150000000  150000000
   4      400    44406   180929     62050178602     62050359531        24569364   -3337362      36868     150000          0     5    1200000   38868000  150000000  150000000
   4      400    47424   132714     62050359541     62050492255        24750304   -3320087      36868     150000          0     5    1100000   38868000  150000000  150000000
   4      400    47418   158636     62050492266     62050650903        24883029   -3328735      36868     150000          0     5    1100000   38868000  150000000  150000000
   4      400    47420   271886     62050650914     62050922800        25041676   -3450631      36868     150000          0     5    1100000   38868000  150000000  150000000
   4      400    47410   171917     62050922810     62051094727        25313573   -3472559      36868     150000          0     5    1100000   38868000  150000000  150000000
   4      400    47432   146761     62051094777     62051241538        25485539   -3469370      36868     150000          0     5    1100000   38868000  150000000  150000000
   4      400    47421   156717     62051241549     62051398266        25632312   -3476098      36868     150000          0     5    1100000   38868000  150000000  150000000
   4      400    47424   170066     62051398277     62051568343        25789040   -3496175      36868     150000          0     5    1100000   38868000  150000000  150000000
   4      400    47420   291981     62051568354     62051860335        25959117   -3638167      36868     150000          0     5    1100000   38868000  150000000  150000000
   4      400    47419   124708     62051860346     62051985054        26251108   -3612886      36868     150000          0     5    1100000   38868000  150000000  150000000
   4      400    47422   158689     62051985065     62052143755        26375828   -3621586      36868     150000          0     5    1100000   38868000  150000000  150000000
   4      400    44812   158071     62052143766     62052301837        26534528   -3629669      36868     150000          0     5    1100000   38868000  150000000  150000000
   4      400    43469   154771     62052301847     62052456618        26692609   -3634450      36868     150000          0     5    1200000   38868000  150000000  150000000
   4      400    43461   167956     62052456628     62052624584        26847391   -3652416      36868     150000          0     5    1200000   38868000  150000000  150000000
   4      400    43794   251844     62052624594     62052876438        27015356   -3754270      36868     150000          0     5    1200000   38868000  150000000  150000000
   4      400    47419   158748     62052876449     62053035198        27267212   -3763029      36868     150000          0     5    1100000   38868000  150000000  150000000
   4      400    47418   156749     62053035208     62053191957        27425971   -3769789      36868     150000          0     5    1100000   38868000  150000000  150000000
   4      400    47409   176004     62053191968     62053367972        27582731   -3795804      36868     150000          0     5    1100000   38868000  150000000  150000000
   4      400    47426   254881     62053367983     62053622864        27758746   -3900696      36868     150000          0     5    1100000   38868000  150000000  150000000
   4      400    47416   171159     62053622876     62053794035        28013638   -3921867      36868     150000          0     5    1100000   38868000  150000000  150000000
   4      400    47420   143883     62053794046     62053937929        28184808   -3915761      36868     150000          0     5    1100000   38868000  150000000  150000000
   4      400    47403   183944     62053937940     62054121884        28328702   -3949716      36868     150000          0     5    1100000   38868000  150000000  150000000
   4      400    47423   134812     62054121895     62054256707        28512658   -3934539      36868     150000          0     5    1100000   38868000  150000000  150000000
   4      400    47439   267622     62054256718     62054524341        28647481   -4052173      36868     150000          0     5    1100000   38868000  150000000  150000000
   4      400    47425   160758     62054524352     62054685110        28915114   -4062942      36868     150000          0     5    1100000   38868000  150000000  150000000
   4      400    45677   174111     62054685121     62054859232        29075883   -4087064      36868     150000          0     5    1100000   38868000  150000000  150000000
   4      400    43482   136857     62054859243     62054996100        29250005   -4073932      36868     150000          0     5    1200000   38868000  150000000  150000000
   4      400    43479   154768     62054996111     62055150878        29386873   -4078710      36868     150000          0     5    1200000   38868000  150000000  150000000
   4      400    43467   152771     62055150926     62055303696        29541688   -4081528      36868     150000          0     5    1200000   38868000  150000000  150000000
   4      400    46688   282073     62055303706     62055585779        29694469   -4213611      36868     150000          0     5    1200000   38868000  150000000  150000000
   4      400    47427   146832     62055585790     62055732622        29976553   -4210454      36868     150000          0     5    1100000   38868000  150000000  150000000
   4      400    47417   175051     62055732634     62055907685        30123396   -4235517      36868     150000          0     5    1100000   38868000  150000000  150000000
   4      400    47413   143906     62055907695     62056051602        30298458   -4229434      36868     150000          0     5    1100000   38868000  150000000  150000000
   4      400    47423   156806     62056051613     62056208419        30442375   -4236251      36868     150000          0     5    1100000   38868000  150000000  150000000
   4      400    47431   268851     62056208430     62056477281        30599193   -4355113      36868     150000          0     5    1100000   38868000  150000000  150000000
   4      400    47426   158798     62056477293     62056636090        30868055   -4363922      36868     150000          0     5    1100000   38868000  150000000  150000000
   4      400    44362   157737     62056636101     62056793839        31026864   -4371671      36868     150000          0     5    1100000   38868000  150000000  150000000
   4      400    43472   154906     62056793849     62056948755        31184611   -4376587      36868     150000          0     5    1200000   38868000  150000000  150000000
   4      400    43455   167977     62056948765     62057116742        31339527   -4394574      36868     150000          0     5    1200000   38868000  150000000  150000000
   4      400    43476   138861     62057116752     62057255614        31507515   -4383445      36868     150000          0     5    1200000   38868000  150000000  150000000
   4      400    47044   271369     62057255624     62057526993        31646386   -4504825      36868     150000          0     5    1200000   38868000  150000000  150000000
   4      400    47426   156884     62057527004     62057683888        31917766   -4511720      36868     150000          0     5    1100000   38868000  150000000  150000000
   4      400    47412   188022     62057683899     62057871921        32074661   -4549753      36868     150000          0     5    1100000   38868000  150000000  150000000
   4      400    47417   139933     62057871932     62058011864        32262694   -4539696      36868     150000          0     5    1100000   38868000  150000000  150000000
   4      400    47415   261100     62058011876     62058272975        32402638   -4650807      36868     150000          0     5    1100000   38868000  150000000  150000000
   4      400    47420   158876     62058272986     62058431862        32663749   -4659694      36868     150000          0     5    1100000   38868000  150000000  150000000
   4      400    47415   183966     62058431873     62058615840        32822636   -4693672      36868     150000          0     5    1100000   38868000  150000000  150000000
   4      400    47428   130966     62058615850     62058746817        33006613   -4674648      36868     150000          0     5    1100000   38868000  150000000  150000000
   4      400    47427   160843     62058746828     62058907672        33137591   -4685504      36868     150000          0     5    1100000   38868000  150000000  150000000
   4      400    47226   267641     62058907683     62059175324        33298446   -4803156      36868     150000          0     5    1100000   38868000  150000000  150000000
   4      400    43448   167960     62059175335     62059343295        33566097   -4821127      36868     150000          0     5    1200000   38868000  150000000  150000000
   4      400    43480   140986     62059343305     62059484291        33734067   -4812122      36868     150000          0     5    1200000   38868000  150000000  150000000
   4      400    43468   154877     62059484341     62059639219        33875104   -4817051      36868     150000          0     5    1200000   38868000  150000000  150000000
   4      400    43479   156945     62059639229     62059796174        34029991   -4824006      36868     150000          0     5    1200000   38868000  150000000  150000000
   4      400    47088   173624     62059796184     62059969808        34186947   -4847640      36868     150000          0     5    1200000   38868000  150000000  150000000
   4      400    47414   258246     62059969820     62060228066        34360582   -4955898      36868     150000          0     5    1100000   38868000  150000000  150000000
   4      400    47426   152880     62060228078     62060380958        34618841   -4958790      36868     150000          0     5    1100000   38868000  150000000  150000000
   4      400    47422   158872     62060380969     62060539841        34771732   -4967673      36868     150000          0     5    1100000   38868000  150000000  150000000
   4      400    47425   160952     62060539852     62060700804        34930615   -4978636      36868     150000          0     5    1100000   38868000  150000000  150000000
   4      400    47409   179977     62060700815     62060880792        35091578   -5008623      36868     150000          0     5    1100000   38868000  150000000  150000000
   4      400    47439   247908     62060880803     62061128711        35271565   -5106543      36868     150000          0     5    1100000   38868000  150000000  150000000
   4      400    47424   156905     62061128722     62061285627        35519484   -5113459      36868     150000          0     5    1100000   38868000  150000000  150000000
   4      400    47426   158960     62061285639     62061444599        35676401   -5122431      36868     150000          0     5    1100000   38868000  150000000  150000000
   4      400    47414   175942     62061444610     62061620552        35835372   -5148384      36868     150000          0     5    1100000   38868000  150000000  150000000
   4      400    44085   139558     62061620563     62061760120        36011325   -5137952      36868     150000          0     5    1100000   38868000  150000000  150000000
   4      400    43488   263981     62061760131     62062024111        36150893   -5251943      36868     150000          0     5    1200000   38868000  150000000  150000000
   4      400    43458   170949     62062024121     62062195070        36414884   -5272902      36868     150000          0     5    1200000   38868000  150000000  150000000
   4      400    44459   172976     62062195080     62062368056        36585843   -5295888      36868     150000          0     5    1200000   38868000  150000000  150000000
   4      400    47419   124967     62062368067     62062493034        36758830   -5270866      36868     150000          0     5    1100000   38868000  150000000  150000000
   4      400    47419   159038     62062493045     62062652083        36883808   -5279915      36868     150000          0     5    1100000   38868000  150000000  150000000
   4      400    47421   270993     62062652094     62062923087        37042857   -5400919      36868     150000          0     5    1100000   38868000  150000000  150000000
   4      400    47411   171965     62062923098     62063095063        37313861   -5422895      36868     150000          0     5    1100000   38868000  150000000  150000000
   4      400    47433   143049     62063095074     62063238123        37485836   -5415955      36868     150000          0     5    1100000   38868000  150000000  150000000
   4      400    47419   160944     62063238134     62063399078        37628897   -5426910      36868     150000          0     5    1100000   38868000  150000000  150000000
   4      400    47418   158963     62063399089     62063558052        37789852   -5435884      36868     150000          0     5    1100000   38868000  150000000  150000000
   4      400    47427   281020     62063558101     62063839121        37948864   -5566953      36868     150000          0     5    1100000   38868000  150000000  150000000
   4      400    47430   145121     62063839132     62063984253        38229894   -5562085      36868     150000          0     5    1100000   38868000  150000000  150000000
   4      400    47425   173969     62063984264     62064158233        38375027   -5586065      36868     150000          0     5    1100000   38868000  150000000  150000000
   4      400    44923   153383     62064158244     62064311627        38549007   -5589459      36868     150000          0     5    1100000   38868000  150000000  150000000
   4      400    43454   147958     62064311637     62064459595        38702400   -5587427      36868     150000          0     5    1200000   38868000  150000000  150000000
   4      400    43456   175973     62064459605     62064635578        38850367   -5613410      36868     150000          0     5    1200000   38868000  150000000  150000000
   4      400    43721   240365     62064635589     62064875954        39026351   -5703785      36868     150000          0     5    1200000   38868000  150000000  150000000
   4      400    47425   159050     62064875965     62065035014        39266727   -5712846      36868     150000          0     5    1100000   38868000  150000000  150000000
   4      400    47420   157052     62065035025     62065192077        39425788   -5719909      36868     150000          0     5    1100000   38868000  150000000  150000000
   4      400    47421   171969     62065192088     62065364057        39582851   -5741889      36868     150000          0     5    1100000   38868000  150000000  150000000
   4      400    47425   145018     62065364068     62065509085        39754830   -5736917      36868     150000          0     5    1100000   38868000  150000000  150000000
   4      400    47439   268202     62065509097     62065777298        39899859   -5855130      36868     150000          0     5    1100000   38868000  150000000  150000000
   4      400    47426   159117     62065777309     62065936426        40168072   -5864258      36868     150000          0     5    1100000   38868000  150000000  150000000
   4      400    46301   174855     62065936437     62066111292        40327200   -5889124      36868     150000          0     5    1100000   38868000  150000000  150000000
   4      400    43475   154050     62066111302     62066265352        40502065   -5893184      36868     150000          0     5    1200000   38868000  150000000  150000000
   4      400    43458   155921     62066265363     62066421283        40656125   -5899115      36868     150000          0     5    1200000   38868000  150000000  150000000
   4      400    43470   139910     62066421293     62066561203        40812056   -5889035      36868     150000          0     5    1200000   38868000  150000000  150000000
   4      400    43681   297230     62066561213     62066858444        40951976   -6036275      36868     150000          0     5    1200000   38868000  150000000  150000000
   4      400    47430   125082     62066858454     62066983537        41249217   -6011369      36868     150000          0     5    1100000   38868000  150000000  150000000
   4      400    47424   159072     62066983548     62067142620        41374311   -6020452      36868     150000          0     5    1100000   38868000  150000000  150000000
   4      400    47422   157049     62067142631     62067299680        41533394   -6027512      36868     150000          0     5    1100000   38868000  150000000  150000000
   4      400    47425   159136     62067299691     62067458827        41690454   -6036659      36868     150000          0     5    1100000   38868000  150000000  150000000
   4      400    47433   271183     62067458838     62067730021        41849601   -6157852      36868     150000          0     5    1100000   38868000  150000000  150000000
   4      400    47424   157075     62067730032     62067887107        42120794   -6164939      36868     150000          0     5    1100000   38868000  150000000  150000000
   4      400    47427   159105     62067887156     62068046261        42277918   -6174093      36868     150000          0     5    1100000   38868000  150000000  150000000
   4      400    47427   161111     62068046272     62068207382        42437035   -6185214      36868     150000          0     5    1100000   38868000  150000000  150000000
   4      400    47418   279959     62068207393     62068487353        42598156   -6315185      36868     150000          0     5    1100000   38868000  150000000  150000000
   4      400    46481   151004     62068487364     62068638368        42878126   -6316200      36868     150000          0     5    1100000   38868000  150000000  150000000
   4      400    43471   149135     62068638378     62068787513        43029140   -6315345      36868     150000          0     5    1200000   38868000  150000000  150000000
   4      400    43470   155175     62068787523     62068942698        43178286   -6320530      36868     150000          0     5    1200000   38868000  150000000  150000000
   4      400    43454   188006     62068942708     62069130714        43333471   -6358546      36868     150000          0     5    1200000   38868000  150000000  150000000
   4      400    46231   125912     62069130724     62069256636        43521487   -6334467      36868     150000          0     5    1200000   38868000  150000000  150000000
   4      400    47441   268326     62069256647     62069524973        43647410   -6452805      36868     150000          0     5    1100000   38868000  150000000  150000000
   4      400    47418   157117     62069524984     62069682100        43915746   -6459932      36868     150000          0     5    1100000   38868000  150000000  150000000
   4      400    47415   175898     62069682111     62069858009        44072874   -6485841      36868     150000          0     5    1100000   38868000  150000000  150000000
   4      400    47427   141172     62069858019     62069999191        44248782   -6477023      36868     150000          0     5    1100000   38868000  150000000  150000000
   4      400    47427   159191     62069999203     62070158394        44389965   -6486225      36868     150000          0     5    1100000   38868000  150000000  150000000
   4      400    47446   272396     62070158405     62070430801        44549167   -6608633      36868     150000          0     5    1100000   38868000  150000000  150000000
   4      400    47408   186769     62070430812     62070617581        44821574   -6645412      36868     150000          0     5    1100000   38868000  150000000  150000000
   4      400    47419   127950     62070617591     62070745541        45008354   -6623373      36868     150000          0     5    1100000   38868000  150000000  150000000
   4      400    47422   161137     62070745552     62070906689        45136315   -6634521      36868     150000          0     5    1100000   38868000  150000000  150000000
   4      400    47444   268441     62070906700     62071175141        45297462   -6752973      36868     150000          0     5    1100000   38868000  150000000  150000000
   4      400    47414   175967     62071175152     62071351119        45565914   -6778950      36868     150000          0     5    1100000   38868000  150000000  150000000
   4      400    47428   141248     62071351129     62071492377        45741892   -6770209      36868     150000          0     5    1100000   38868000  150000000  150000000
   4      400    47417   159141     62071492388     62071651529        45883151   -6779361      36868     150000          0     5    1100000   38868000  150000000  150000000
   4      400    47425   157211     62071651540     62071808751        46042302   -6786582      36868     150000          0     5    1100000   38868000  150000000  150000000
   4      400    47425   287190     62071808762     62072095951        46199524   -6923783      36868     150000          0     5    1100000   38868000  150000000  150000000
   4      400    47431   143294     62072095999     62072239293        46486762   -6917125      36868     150000          0     5    1100000   38868000  150000000  150000000
   4      400    47431   157272     62072239304     62072396576        46630067   -6924408      36868     150000          0     5    1100000   38868000  150000000  150000000
   4      400    47417   170009     62072396587     62072566596        46787349   -6944428      36868     150000          0     5    1100000   38868000  150000000  150000000
   4      400    47411   291966     62072566607     62072858573        46957370   -7086405      36868     150000          0     5    1100000   38868000  150000000  150000000
   4      400    46550   124297     62072858583     62072982880        47249346   -7060712      36868     150000          0     5    1100000   38868000  150000000  150000000
   4      400    43477   155247     62072982891     62073138137        47373653   -7065969      36868     150000          0     5    1200000   38868000  150000000  150000000
   4      400    43474   153199     62073138148     62073291347        47528910   -7069179      36868     150000          0     5    1200000   38868000  150000000  150000000
   4      400    43469   155215     62073291357     62073446572        47682119   -7074404      36868     150000          0     5    1200000   38868000  150000000  150000000
   4      400    45847   178384     62073446581     62073624965        47837344   -7102797      36868     150000          0     5    1200000   38868000  150000000  150000000
   4      400    47442   248548     62073624976     62073873524        48015739   -7201356      36868     150000          0     5    1100000   38868000  150000000  150000000
   4      400    47426   159259     62073873536     62074032795        48264298   -7210627      36868     150000          0     5    1100000   38868000  150000000  150000000
   4      400    47423   157219     62074032806     62074190025        48423568   -7217857      36868     150000          0     5    1100000   38868000  150000000  150000000
   4      400    47413   175901     62074190036     62074365936        48580798   -7243768      36868     150000          0     5    1100000   38868000  150000000  150000000
   4      400    47429   141260     62074365947     62074507207        48756710   -7235039      36868     150000          0     5    1100000   38868000  150000000  150000000
   4      400    47437   286013     62074507218     62074793231        48897981   -7371063      36868     150000          0     5    1100000   38868000  150000000  150000000
   4      400    47406   147931     62074793242     62074941173        49184004   -7369005      36868     150000          0     5    1100000   38868000  150000000  150000000
   4      400    47404   179939     62074941184     62075121123        49331946   -7398955      36868     150000          0     5    1100000   38868000  150000000  150000000
   4      400    47420   131320     62075121134     62075252454        49511897   -7380286      36868     150000          0     5    1100000   38868000  150000000  150000000
   4      400    47437   272601     62075252465     62075525066        49643228   -7502898      36868     150000          0     5    1100000   38868000  150000000  150000000
   4      400    47423   157261     62075525077     62075682338        49915840   -7510169      36868     150000          0     5    1100000   38868000  150000000  150000000
   4      400    47413   171909     62075682348     62075854257        50073111   -7532089      36868     150000          0     5    1100000   38868000  150000000  150000000
   4      400    47425   145293     62075854268     62075999561        50245031   -7527393      36868     150000          0     5    1100000   38868000  150000000  150000000
   4      400    47425   159284     62075999572     62076158856        50390335   -7536688      36868     150000          0     5    1100000   38868000  150000000  150000000
   4      400    47433   268611     62076158867     62076427478        50549629   -7655310      36868     150000          0     5    1100000   38868000  150000000  150000000
   4      400    47424   175952     62076427525     62076603478        50818288   -7681310      36868     150000          0     5    1100000   38868000  150000000  150000000
   4      400    47422   158021     62076603489     62076761510        50994251   -7689342      36868     150000          0     5    1100000   38868000  150000000  150000000
   4      400    47409   155967     62076761521     62076917488        51152284   -7695320      36868     150000          0     5    1100000   38868000  150000000  150000000
   4      400    47444   257048     62076917499     62077174547        51308261   -7802379      36868     150000          0     5    1100000   38868000  150000000  150000000
   4      400    47400   191957     62077174558     62077366515        51565321   -7844347      36868     150000          0     5    1100000   38868000  150000000  150000000
   4      400    47425   125363     62077366526     62077491889        51757289   -7819721      36868     150000          0     5    1100000   38868000  150000000  150000000
   4      400    47426   159322     62077491900     62077651223        51882663   -7829055      36868     150000          0     5    1100000   38868000  150000000  150000000
   4      400    47431   157344     62077651234     62077808578        52041996   -7836409      36868     150000          0     5    1100000   38868000  150000000  150000000
   4      400    47106   287011     62077808588     62078095599        52199351   -7973431      36868     150000          0     5    1100000   38868000  150000000  150000000
   4      400    43478   135404     62078095610     62078231014        52486372   -7958846      36868     150000          0     5    1200000   38868000  150000000  150000000
   4      400    43471   157367     62078231024     62078388391        52621786   -7966223      36868     150000          0     5    1200000   38868000  150000000  150000000
   4      400    43471   151344     62078388401     62078539745        52779164   -7967577      36868     150000          0     5    1200000   38868000  150000000  150000000
   4      400    43478   157415     62078539755     62078697170        52930517   -7975002      36868     150000          0     5    1200000   38868000  150000000  150000000
   4      400    46790   183326     62078697182     62078880508        53087945   -8008340      36868     150000          0     5    1200000   38868000  150000000  150000000
   4      400    47427   244945     62078880519     62079125464        53271282   -8103296      36868     150000          0     5    1100000   38868000  150000000  150000000
   4      400    47429   157354     62079125475     62079282829        53516237   -8110661      36868     150000          0     5    1100000   38868000  150000000  150000000
   4      400    47426   159426     62079282840     62079442266        53673602   -8120097      36868     150000          0     5    1100000   38868000  150000000  150000000
   4      400    47413   187970     62079442276     62079630246        53833039   -8158078      36868     150000          0     5    1100000   38868000  150000000  150000000
   4      400    47431   127388     62079630257     62079757645        54021020   -8135476      36868     150000          0     5    1100000   38868000  150000000  150000000
   4      400    47449   268859     62079757656     62080026515        54148418   -8254347      36868     150000          0     5    1100000   38868000  150000000  150000000
   4      400    47424   161385     62080026526     62080187912        54417289   -8265744      36868     150000          0     5    1100000   38868000  150000000  150000000
   4      400    47421   175909     62080187923     62080363832        54578685   -8291664      36868     150000          0     5    1100000   38868000  150000000  150000000
   4      400    47430   141439     62080363843     62080505282        54754605   -8283114      36868     150000          0     5    1100000   38868000  150000000  150000000
   4      400    44021   155914     62080505293     62080661208        54896056   -8289040      36868     150000          0     5    1100000   38868000  150000000  150000000
   4      400    43490   264905     62080661255     62080926160        55052018   -8403992      36868     150000          0     5    1200000   38868000  150000000  150000000
   4      400    43468   182531     62080926170     62081108701        55316933   -8436533      36868     150000          0     5    1200000   38868000  150000000  150000000
   4      400    44596   133046     62081108711     62081241757        55499473   -8419589      36868     150000          0     5    1200000   38868000  150000000  150000000
   4      400    47419   153362     62081241768     62081395131        55632531   -8422962      36868     150000          0     5    1100000   38868000  150000000  150000000
   4      400    47420   159476     62081395141     62081554617        55785904   -8432449      36868     150000          0     5    1100000   38868000  150000000  150000000
   4      400    47431   289502     62081554628     62081844130        55945391   -8571962      36868     150000          0     5    1100000   38868000  150000000  150000000
   4      400    47421   137473     62081844141     62081981614        56234904   -8559446      36868     150000          0     5    1100000   38868000  150000000  150000000
   4      400    47422   159436     62081981626     62082141061        56372388   -8568893      36868     150000          0     5    1100000   38868000  150000000  150000000
   4      400    47430   157420     62082141072     62082298492        56531835   -8576324      36868     150000          0     5    1100000   38868000  150000000  150000000
   4      400    47423   159485     62082298503     62082457988        56689266   -8585820      36868     150000          0     5    1100000   38868000  150000000  150000000
   4      400    47436   267558     62082458000     62082725557        56848762   -8703389      36868     150000          0     5    1100000   38868000  150000000  150000000
   4      400    47424   161443     62082725569     62082887012        57116332   -8714844      36868     150000          0     5    1100000   38868000  150000000  150000000
   4      400    47443   173868     62082887026     62083060894        57277788   -8738726      36868     150000          0     5    1100000   38868000  150000000  150000000
   4      400    47429   155835     62083060905     62083216740        57451668   -8744571      36868     150000          0     5    1100000   38868000  150000000  150000000
   4      400    47416   257517     62083216752     62083474269        57607515   -8852101      36868     150000          0     5    1100000   38868000  150000000  150000000
   4      400    47425   159496     62083474280     62083633777        57865043   -8861609      36868     150000          0     5    1100000   38868000  150000000  150000000
   4      400    49175   159240     62083633788     62083793028        58024550   -8870859      36868     150000          0     5    1100000   38868000  150000000  150000000
   4      400    52170   164275     62083793042     62083957317        58183805   -8885149      36868     150000          0     5    1000000   38868000  150000000  150000000
   4      400    52177   272353     62083957329     62084229682        58348092   -9007514      36868     150000          0     5    1000000   38868000  150000000  150000000
   4      400    50516   160599     62084229695     62084390294        58620457   -9018126      36868     150000          0     5    1000000   38868000  150000000  150000000
   4      400    47428   159544     62084390305     62084549850        58781068   -9027681      36868     150000          0     5    1100000   38868000  150000000  150000000
   4      400    47421   161465     62084549861     62084711326        58940623   -9039158      36868     150000          0     5    1100000   38868000  150000000  150000000
   4      400    47427   269578     62084711337     62084980915        59102099   -9158746      36868     150000          0     5    1100000   38868000  150000000  150000000
   4      400    47428   169982     62084980985     62085150967        59371747   -9178799      36868     150000          0     5    1100000   38868000  150000000  150000000
   4      400    47414   155922     62085150979     62085306901        59541741   -9184733      36868     150000          0     5    1100000   38868000  150000000  150000000
   4      400    47431   149637     62085306911     62085456548        59697674   -9184380      36868     150000          0     5    1100000   38868000  150000000  150000000
   4      400    49054   269204     62085456559     62085725763        59847322   -9303595      36868     150000          0     5    1100000   38868000  150000000  150000000
   4      400    52160   162319     62085725775     62085888094        60116538   -9315926      36868     150000          0     5    1000000   38868000  150000000  150000000
   4      400    52168   164349     62085888106     62086052455        60278868   -9330286      36868     150000          0     5    1000000   38868000  150000000  150000000
   4      400    51921   286064     62086052466     62086338530        60443229   -9466362      36868     150000          0     5    1000000   38868000  150000000  150000000
   4      400    47433   149589     62086338541     62086488130        60729304   -9465962      36868     150000          0     5    1100000   38868000  150000000  150000000
   4      400    47418   155473     62086488142     62086643615        60878904   -9471447      36868     150000          0     5    1100000   38868000  150000000  150000000
   4      400    47423   161532     62086643626     62086805158        61034388   -9482990      36868     150000          0     5    1100000   38868000  150000000  150000000
   4      400    51097   291299     62086805169     62087096468        61195932   -9624299      36868     150000          0     5    1100000   38868000  150000000  150000000
   4      400    52176   154813     62087096480     62087251293        61487242   -9629125      36868     150000          0     5    1000000   38868000  150000000  150000000
   4      400    52151   168694     62087251305     62087419999        61642068   -9647831      36868     150000          0     5    1000000   38868000  150000000  150000000
   4      400    48152   256034     62087420043     62087676077        61810806   -9753909      36868     150000          0     5    1000000   38868000  150000000  150000000
   4      400    47414   187978     62087676088     62087864066        62066851   -9791898      36868     150000          0     5    1100000   38868000  150000000  150000000
   4      400    47428   125606     62087864078     62087989684        62254840   -9767515      36868     150000          0     5    1100000   38868000  150000000  150000000
   4      400    47540   159746     62087989695     62088149442        62380458   -9777273      36868     150000          0     5    1100000   38868000  150000000  150000000
   4      400    52183   275431     62088149453     62088424885        62540216   -9902716      36868     150000          0     5    1000000   38868000  150000000  150000000
   4      400    52150   176768     62088424896     62088601665        62815659   -9929496      36868     150000          0     5    1000000   38868000  150000000  150000000
   4      400    52171   148462     62088601677     62088750139        62992439   -9927971      36868     150000          0     5    1000000   38868000  150000000  150000000
   4      400    48327   274225     62088750152     62089024376        63140914  -10052208      36868     150000          0     5    1000000   38868000  150000000  150000000
   4      400    47425   157602     62089024388     62089181989        63415150  -10059821      36868     150000          0     5    1100000   38868000  150000000  150000000
   4      400    47404   188007     62089182000     62089370007        63572763  -10097839      36868     150000          0     5    1100000   38868000  150000000  150000000
   4      400    47418   139928     62089370018     62089509946        63760781  -10087778      36868     150000          0     5    1100000   38868000  150000000  150000000
   4      400    47415   151915     62089509997     62089661912        63900760  -10089744      36868     150000          0     5    1100000   38868000  150000000  150000000
   4      400    47437   265331     62089661923     62089927254        64052686  -10205085      36868     150000          0     5    1100000   38868000  150000000  150000000
   4      400    48521   189075     62089927264     62090116339        64318027  -10244171      36868     150000          0     5    1100000   38868000  150000000  150000000
   4      400    52171   132501     62090116351     62090248852        64507113  -10226684      36868     150000          0     5    1000000   38868000  150000000  150000000
   4      400    52163   274895     62090248864     62090523759        64639627  -10351591      36868     150000          0     5    1000000   38868000  150000000  150000000
   4      400    51048   161329     62090523771     62090685100        64914533  -10362931      36868     150000          0     5    1000000   38868000  150000000  150000000
   4      400    47403   175923     62090685110     62090861033        65075873  -10388865      36868     150000          0     5    1100000   38868000  150000000  150000000
   4      400    47430   141704     62090861044     62091002748        65251807  -10380580      36868     150000          0     5    1100000   38868000  150000000  150000000
   4      400    47430   271016     62091002760     62091273775        65393522  -10501607      36868     150000          0     5    1100000   38868000  150000000  150000000
   4      400    49569   176167     62091273786     62091449953        65664548  -10527785      36868     150000          0     5    1100000   38868000  150000000  150000000
   4      400    52153   176703     62091449965     62091626667        65840727  -10554499      36868     150000          0     5    1000000   38868000  150000000  150000000
   4      400    52161   247111     62091626679     62091873790        66017442  -10651622      36868     150000          0     5    1000000   38868000  150000000  150000000
   4      400    51217   159574     62091873802     62092033377        66264565  -10661209      36868     150000          0     5    1000000   38868000  150000000  150000000
   4      400    47420   161712     62092033388     62092195100        66424150  -10672932      36868     150000          0     5    1100000   38868000  150000000  150000000
   4      400    47410   179980     62092195111     62092375091        66585873  -10702923      36868     150000          0     5    1100000   38868000  150000000  150000000
   4      400    47435   248713     62092375102     62092623816        66765865  -10801646      36868     150000          0     5    1100000   38868000  150000000  150000000
   4      400    52162   162565     62092623828     62092786393        67014590  -10814225      36868     150000          0     5    1000000   38868000  150000000  150000000
   4      400    52169   164559     62092786404     62092950963        67177167  -10828795      36868     150000          0     5    1000000   38868000  150000000  150000000
   4      400    52150   272868     62092950975     62093223843        67341738  -10951675      36868     150000          0     5    1000000   38868000  150000000  150000000
   4      400    47425   157717     62093223854     62093381571        67614617  -10959403      36868     150000          0     5    1100000   38868000  150000000  150000000
   4      400    47422   173967     62093381582     62093555549        67772345  -10983381      36868     150000          0     5    1100000   38868000  150000000  150000000
   4      400    47411   155960     62093555560     62093711520        67946322  -10989352      36868     150000          0     5    1100000   38868000  150000000  150000000
   4      400    50926   262311     62093711531     62093973842        68102294  -11101674      36868     150000          0     5    1100000   38868000  150000000  150000000
   4      400    52170   160560     62093973894     62094134454        68364657  -11112286      36868     150000          0     5    1000000   38868000  150000000  150000000
   4      400    52169   166532     62094134466     62094300998        68525229  -11128830      36868     150000          0     5    1000000   38868000  150000000  150000000
   4      400    51215   291599     62094301010     62094592609        68691773  -11270441      36868     150000          0     5    1000000   38868000  150000000  150000000
   4      400    47432   139775     62094592620     62094732395        68983382  -11260227      36868     150000          0     5    1100000   38868000  150000000  150000000
   4      400    47424   157747     62094732406     62094890153        69123168  -11267985      36868     150000          0     5    1100000   38868000  150000000  150000000
   4      400    47429   159771     62094890163     62095049934        69280926  -11277766      36868     150000          0     5    1100000   38868000  150000000  150000000
   4      400    50776   286123     62095049945     62095336068        69440707  -11413899      36868     150000          0     5    1100000   38868000  150000000  150000000
   4      400    52170   150607     62095336079     62095486686        69726842  -11414518      36868     150000          0     5    1000000   38868000  150000000  150000000
   4      400    52172   174801     62095486698     62095661499        69877461  -11439331      36868     150000          0     5    1000000   38868000  150000000  150000000
   4      400    48707   161253     62095661511     62095822764        70052273  -11450595      36868     150000          0     5    1000000   38868000  150000000  150000000
   4      400    47419   287988     62095822774     62096110762        70213537  -11588594      36868     150000          0     5    1100000   38868000  150000000  150000000
   4      400    47431   127874     62096110772     62096238647        70501535  -11566479      36868     150000          0     5    1100000   38868000  150000000  150000000
   4      400    47424   157814     62096238658     62096396472        70629420  -11574304      36868     150000          0     5    1100000   38868000  150000000  150000000
   4      400    47422   159848     62096396483     62096556330        70787245  -11584162      36868     150000          0     5    1100000   38868000  150000000  150000000
   4      400    47428   285830     62096556341     62096842171        70947104  -11720003      36868     150000          0     5    1100000   38868000  150000000  150000000
   4      400    47420   141790     62096842182     62096983972        71232944  -11711804      36868     150000          0     5    1100000   38868000  150000000  150000000
   4      400    47424   155811     62096983983     62097139794        71374746  -11717626      36868     150000          0     5    1100000   38868000  150000000  150000000
   4      400    47425   161869     62097139805     62097301675        71530568  -11729507      36868     150000          0     5    1100000   38868000  150000000  150000000
   4      400    47434   155925     62097301685     62097457611        71692448  -11735443      36868     150000          0     5    1100000   38868000  150000000  150000000
   4      400    50749   275219     62097457622     62097732841        71848384  -11860673      36868     150000          0     5    1100000   38868000  150000000  150000000
   4      400    52153   170826     62097732853     62097903680        72123616  -11881511      36868     150000          0     5    1000000   38868000  150000000  150000000
   4      400    52153   160751     62097903692     62098064443        72294454  -11892275      36868     150000          0     5    1000000   38868000  150000000  150000000
   4      400    51172   297610     62098064455     62098362065        72455217  -12039897      36868     150000          0     5    1000000   38868000  150000000  150000000
   4      400    47431   129870     62098362076     62098491945        72752838  -12019777      36868     150000          0     5    1100000   38868000  150000000  150000000
   4      400    47419   155849     62098491994     62098647842        72882756  -12025674      36868     150000          0     5    1100000   38868000  150000000  150000000
   4      400    47423   161842     62098647853     62098809695        73038616  -12037527      36868     150000          0     5    1100000   38868000  150000000  150000000
   4      400    47433   283870     62098809706     62099093575        73200468  -12171407      36868     150000          0     5    1100000   38868000  150000000  150000000
   4      400    47424   143857     62099093586     62099237444        73484349  -12165275      36868     150000          0     5    1100000   38868000  150000000  150000000
   4      400    47423   157826     62099237455     62099395281        73628218  -12173113      36868     150000          0     5    1100000   38868000  150000000  150000000
   4      400    47423   159873     62099395291     62099555164        73786054  -12182996      36868     150000          0     5    1100000   38868000  150000000  150000000
   4      400    47430   301960     62099555175     62099857135        73945938  -12334967      36868     150000          0     5    1100000   38868000  150000000  150000000
   4      400    47416   139950     62099857146     62099997096        74247908  -12324928      36868     150000          0     5    1100000   38868000  150000000  150000000
   4      400    49100   145610     62099997107     62100142716        74387869  -12320548      36868     150000          0     5    1100000   38868000  150000000  150000000
   4      400    52161   162715     62100142728     62100305443        74533491  -12333275      36868     150000          0     5    1000000   38868000  150000000  150000000
   4      400    52174   304750     62100305454     62100610204        74696217  -12488036      36868     150000          0     5    1000000   38868000  150000000  150000000
   4      400    52175   132720     62100610215     62100742935        75000978  -12470767      36868     150000          0     5    1000000   38868000  150000000  150000000
   4      400    48142   158680     62100742947     62100901627        75133710  -12479459      36868     150000          0     5    1000000   38868000  150000000  150000000
   4      400    47413   272376     62100901638     62101174014        75292401  -12601846      36868     150000          0     5    1100000   38868000  150000000  150000000
   4      400    47406   171959     62101174025     62101345984        75564788  -12623816      36868     150000          0     5    1100000   38868000  150000000  150000000
   4      400    47427   145917     62101345995     62101491912        75736758  -12619744      36868     150000          0     5    1100000   38868000  150000000  150000000
   4      400    47416   155938     62101491923     62101647861        75882686  -12625693      36868     150000          0     5    1100000   38868000  150000000  150000000
   4      400    47434   161976     62101647872     62101809848        76038635  -12637680      36868     150000          0     5    1100000   38868000  150000000  150000000
   4      400    47793   298365     62101809859     62102108224        76200622  -12786056      36868     150000          0     5    1100000   38868000  150000000  150000000
   4      400    52151   136750     62102108236     62102244986        76498999  -12772817      36868     150000          0     5    1000000   38868000  150000000  150000000
   4      400    52165   158727     62102244998     62102403724        76635760  -12781556      36868     150000          0     5    1000000   38868000  150000000  150000000
   4      400    51777   274354     62102403736     62102678090        76794499  -12905922      36868     150000          0     5    1000000   38868000  150000000  150000000
   4      400    47406   179863     62102678101     62102857964        77068863  -12935796      36868     150000          0     5    1100000   38868000  150000000  150000000
   4      400    47423   137964     62102858012     62102995976        77248775  -12923808      36868     150000          0     5    1100000   38868000  150000000  150000000
   4      400    47397   159960     62102995988     62103155948        77386750  -12933780      36868     150000          0     5    1100000   38868000  150000000  150000000
   4      400    51364   273960     62103155959     62103429919        77546721  -13057750      36868     150000          0     5    1100000   38868000  150000000  150000000
   4      400    52154   176696     62103429930     62103606627        77820693  -13084458      36868     150000          0     5    1000000   38868000  150000000  150000000
   4      400    52150   148793     62103606639     62103755432        77997401  -13083264      36868     150000          0     5    1000000   38868000  150000000  150000000
   4      400    51161   273775     62103755444     62104029219        78146207  -13207051      36868     150000          0     5    1000000   38868000  150000000  150000000
   4      400    47410   169867     62104029230     62104199097        78419993  -13226929      36868     150000          0     5    1100000   38868000  150000000  150000000
   4      400    47404   175886     62104199108     62104374994        78589870  -13252826      36868     150000          0     5    1100000   38868000  150000000  150000000
   4      400    47418   129976     62104375005     62104504981        78765768  -13232813      36868     150000          0     5    1100000   38868000  150000000  150000000
   4      400    51492   274104     62104504992     62104779096        78895754  -13356927      36868     150000          0     5    1100000   38868000  150000000  150000000
   4      400    52169   164747     62104779108     62104943855        79169870  -13371687      36868     150000          0     5    1000000   38868000  150000000  150000000
   4      400    52154   176760     62104943867     62105120627        79334629  -13398459      36868     150000          0     5    1000000   38868000  150000000  150000000
   4      400    48103   254733     62105120639     62105375372        79511402  -13503204      36868     150000          0     5    1000000   38868000  150000000  150000000
   4      400    47423   159968     62105375383     62105535352        79766146  -13513184      36868     150000          0     5    1100000   38868000  150000000  150000000
   4      400    47419   158020     62105535362     62105693383        79926125  -13521215      36868     150000          0     5    1100000   38868000  150000000  150000000
   4      400    50314   178947     62105693394     62105872340        80084156  -13550172      36868     150000          0     5    1100000   38868000  150000000  150000000
   4      400    52186   254908     62105872352     62106127260        80263115  -13655092      36868     150000          0     5    1000000   38868000  150000000  150000000
   4      400    52167   178700     62106127272     62106305972        80518035  -13683804      36868     150000          0     5    1000000   38868000  150000000  150000000
   4      400    49383   149847     62106305984     62106455831        80696747  -13683663      36868     150000          0     5    1000000   38868000  150000000  150000000
   4      400    47409   268325     62106455842     62106724167        80846604  -13801999      36868     150000          0     5    1100000   38868000  150000000  150000000
   4      400    47423   158023     62106724178     62106882201        81114941  -13810033      36868     150000          0     5    1100000   38868000  150000000  150000000
   4      400    48820   157422     62106882212     62107039634        81272974  -13817465      36868     150000          0     5    1100000   38868000  150000000  150000000
   4      400    52163   166813     62107039646     62107206458        81430408  -13834290      36868     150000          0     5    1000000   38868000  150000000  150000000
   4      400    52173   274888     62107206470     62107481359        81597233  -13959190      36868     150000          0     5    1000000   38868000  150000000  150000000
   4      400    52166   160850     62107481413     62107642263        81872176  -13970095      36868     150000          0     5    1000000   38868000  150000000  150000000
   4      400    47421   158648     62107642276     62107800925        82033039  -13978756      36868     150000          0     5    1100000   38868000  150000000  150000000
   4      400    47426   160062     62107800935     62107960998        82191698  -13988830      36868     150000          0     5    1100000   38868000  150000000  150000000
   4      400    47434   268111     62107961009     62108229119        82351771  -14106951      36868     150000          0     5    1100000   38868000  150000000  150000000
   4      400    47422   173276     62108229131     62108402406        82619893  -14130238      36868     150000          0     5    1100000   38868000  150000000  150000000
   4      400    47417   147904     62108402417     62108550321        82793179  -14128153      36868     150000          0     5    1100000   38868000  150000000  150000000
   4      400    47427   154096     62108550331     62108704428        82941094  -14132260      36868     150000          0     5    1100000   38868000  150000000  150000000
   4      400    48644   271286     62108704439     62108975725        83095201  -14253557      36868     150000          0     5    1100000   38868000  150000000  150000000
   4      400    52171   164890     62108975737     62109140627        83366500  -14268459      36868     150000          0     5    1000000   38868000  150000000  150000000
   4      400    52163   162847     62109140639     62109303486        83531402  -14281318      36868     150000          0     5    1000000   38868000  150000000  150000000
   4      400    51774   288474     62109303498     62109591972        83694260  -14419804      36868     150000          0     5    1000000   38868000  150000000  150000000
   4      400    47427   144218     62109591983     62109736201        83982746  -14414033      36868     150000          0     5    1100000   38868000  150000000  150000000
   4      400    47422   158080     62109736213     62109894293        84126975  -14422125      36868     150000          0     5    1100000   38868000  150000000  150000000
   4      400    47427   160094     62109894304     62110054397        84285066  -14432229      36868     150000          0     5    1100000   38868000  150000000  150000000
   4      400    51229   301987     62110054408     62110356395        84445171  -14584227      36868     150000          0     5    1100000   38868000  150000000  150000000
   4      400    52158   148738     62110356406     62110505144        84747169  -14582976      36868     150000          0     5    1000000   38868000  150000000  150000000
   4      400    52168   150681     62110505156     62110655837        84895919  -14583668      36868     150000          0     5    1000000   38868000  150000000  150000000
   4      400    48154   268403     62110655848     62110924251        85046611  -14702083      36868     150000          0     5    1000000   38868000  150000000  150000000
   4      400    47418   191939     62110924261     62111116200        85315024  -14744032      36868     150000          0     5    1100000   38868000  150000000  150000000
   4      400    47424   124143     62111116211     62111240354        85506974  -14718186      36868     150000          0     5    1100000   38868000  150000000  150000000
   4      400    50219   164931     62111240365     62111405296        85631128  -14733128      36868     150000          0     5    1100000   38868000  150000000  150000000
   4      400    52181   271206     62111405308     62111676514        85796071  -14854346      36868     150000          0     5    1000000   38868000  150000000  150000000
   4      400    52149   176778     62111676526     62111853304        86067288  -14881136      36868     150000          0     5    1000000   38868000  150000000  150000000
   4      400    50962   149783     62111853358     62112003141        86244121  -14880973      36868     150000          0     5    1000000   38868000  150000000  150000000
   4      400    47421   271135     62112003153     62112274288        86393915  -15002120      36868     150000          0     5    1100000   38868000  150000000  150000000
   4      400    47420   156158     62112274299     62112430457        86665062  -15008289      36868     150000          0     5    1100000   38868000  150000000  150000000
   4      400    47412   185748     62112430468     62112616216        86821231  -15044048      36868     150000          0     5    1100000   38868000  150000000  150000000
   4      400    47412   135901     62112616227     62112752128        87006989  -15029960      36868     150000          0     5    1100000   38868000  150000000  150000000
   4      400    47420   154168     62112752139     62112906306        87142901  -15034138      36868     150000          0     5    1100000   38868000  150000000  150000000
   4      400    47443   270420     62112906317     62113176737        87297080  -15154569      36868     150000          0     5    1100000   38868000  150000000  150000000
   4      400    47412   179908     62113176748     62113356656        87567511  -15184488      36868     150000          0     5    1100000   38868000  150000000  150000000
   4      400    47425   138204     62113356667     62113494871        87747429  -15172703      36868     150000          0     5    1100000   38868000  150000000  150000000
   4      400    47426   160170     62113494883     62113655053        87885645  -15182885      36868     150000          0     5    1100000   38868000  150000000  150000000
   4      400    47425   269267     62113655064     62113924331        88045827  -15302163      36868     150000          0     5    1100000   38868000  150000000  150000000
   4      400    52161   176713     62113924343     62114101056        88315106  -15328887      36868     150000          0     5    1000000   38868000  150000000  150000000
   4      400    52167   149030     62114101067     62114250097        88491830  -15327929      36868     150000          0     5    1000000   38868000  150000000  150000000
   4      400    52085   275233     62114250110     62114525343        88640872  -15453175      36868     150000          0     5    1000000   38868000  150000000  150000000
   4      400    47404   169712     62114525354     62114695066        88916116  -15472897      36868     150000          0     5    1100000   38868000  150000000  150000000
   4      400    47409   175961     62114695077     62114871037        89085839  -15498869      36868     150000          0     5    1100000   38868000  150000000  150000000
   4      400    47427   130289     62114871048     62115001337        89261811  -15479169      36868     150000          0     5    1100000   38868000  150000000  150000000
   4      400    47424   156207     62115001348     62115157555        89392111  -15485387      36868     150000          0     5    1100000   38868000  150000000  150000000
   4      400    51953   275092     62115157566     62115432658        89548328  -15610490      36868     150000          0     5    1100000   38868000  150000000  150000000
   4      400    52152   180731     62115432670     62115613401        89823433  -15641233      36868     150000          0     5    1000000   38868000  150000000  150000000
   4      400    52168   145053     62115613413     62115758466        90004176  -15636298      36868     150000          0     5    1000000   38868000  150000000  150000000
