#idx     perf      run   period           start             end          rel_st      slack c_duration   c_period     wu_lat   cpu       freq dl_runtime  dl_period dl_deadline
   2      715    66477   199934     51014832592     51015032526          857917     132723      65803     200000         42     7    1400000   69267000  200000000  200000000
   2      715    66462   199989     51015032537     51015232525         1057861     133006      65803     200000         41     7    1400000   69267000  200000000  200000000
   2      715    66464   199990     51015232535     51015432525         1257860     132984      65803     200000         40     7    1400000   69267000  200000000  200000000
   2      715    66461   199994     51015432534     51015632528         1457859     133013      65803     200000         44     7    1400000   69267000  200000000  200000000
   2      715    66461   199997     51015632537     51015832534         1657862     133000      65803     200000         50     7    1400000   69267000  200000000  200000000
   2      715    66477   199982     51015832543     51016032524         1857868     132867      65803     200000         40     7    1400000   69267000  200000000  200000000
   2      715    66463   199993     51016032533     51016232526         2057858     132932      65803     200000         42     7    1400000   69267000  200000000  200000000
   2      715    66470   199990     51016232535     51016432525         2257860     132942      65803     200000         41     7    1400000   69267000  200000000  200000000
   2      715    66472   200000     51016432534     51016632534         2457859     132868      65803     200000         50     7    1400000   69267000  200000000  200000000
   2      715    66459   199991     51016632543     51016832534         2657868     132996      65803     200000         50     7    1400000   69267000  200000000  200000000
   2      715    66476   199995     51016832543     51017032538         2857867     132860      65803     200000         54     7    1400000   69267000  200000000  200000000
   2      715    66473   199991     51017032547     51017232538         3057871     132840      65803     200000         53     7    1400000   69267000  200000000  200000000
   2      715    66473   199982     51017232549     51017432531         3257874     132875      65803     200000         47     7    1400000   69267000  200000000  200000000
   2      715    66464   199994     51017432540     51017632535         3457865     132976      65803     200000         51     7    1400000   69267000  200000000  200000000
   2      715    66459   199989     51017632544     51017832532         3657869     133019      65803     200000         48     7    1400000   69267000  200000000  200000000
   2      715    66477   199989     51017832541     51018032531         3857866     132876      65803     200000         47     7    1400000   69267000  200000000  200000000
   2      715    66469   199998     51018032540     51018232538         4057865     132911      65803     200000         54     7    1400000   69267000  200000000  200000000
   2      715    66469   199984     51018232547     51018432531         4257872     132831      65803     200000         47     7    1400000   69267000  200000000  200000000
   2      715    66463   199992     51018432540     51018632532         4457865     132973      65803     200000         48     7    1400000   69267000  200000000  200000000
   2      715    66465   199990     51018632541     51018832531         4657866     132943      65803     200000         47     7    1400000   69267000  200000000  200000000
   2      715    66473   199986     51018832540     51019032526         4857865     132864      65803     200000         40     7    1400000   69267000  200000000  200000000
   2      715    66465   200003     51019032535     51019232538         5057860     132914      65803     200000         54     7    1400000   69267000  200000000  200000000
   2      715    66480   199977     51019232547     51019432524         5257872     132848      65803     200000         40     7    1400000   69267000  200000000  200000000
   2      715    66461   199961     51019432574     51019632535         5457899     132961      65803     200000         50     7    1400000   69267000  200000000  200000000
   2      715    66469   199979     51019632544     51019832524         5657869     132918      65803     200000         40     7    1400000   69267000  200000000  200000000
   2      715    66475   200003     51019832533     51020032536         5857858     132872      65803     200000         52     7    1400000   69267000  200000000  200000000
   2      715    66463   199979     51020032545     51020232524         6057869     132979      65803     200000         40     7    1400000   69267000  200000000  200000000
   2      715    66468   199992     51020232533     51020432525         6257857     132953      65803     200000         41     7    1400000   69267000  200000000  200000000
   2      715    66467   199990     51020432533     51020632524         6457858     132954      65803     200000         40     7    1400000   69267000  200000000  200000000
   2      715    66459   199991     51020632533     51020832524         6657857     133019      65803     200000         40     7    1400000   69267000  200000000  200000000
   2      715    66477   199991     51020832533     51021032524         6857858     132865      65803     200000         40     7    1400000   69267000  200000000  200000000
   2      715    66469   199991     51021032533     51021232524         7057858     132941      65803     200000         40     7    1400000   69267000  200000000  200000000
   2      715    66464   199999     51021232533     51021432532         7257857     132994      65803     200000         47     7    1400000   69267000  200000000  200000000
   2      715    66474   199994     51021432541     51021632535         7457865     132872      65803     200000         50     7    1400000   69267000  200000000  200000000
   2      715    66460   199982     51021632545     51021832526         7657869     133000      65803     200000         42     7    1400000   69267000  200000000  200000000
   2      715    66476   199993     51021832535     51022032528         7857860     132866      65803     200000         44     7    1400000   69267000  200000000  200000000
   2      715    66469   200012     51022032538     51022232550         8057862     132897      65803     200000         66     7    1400000   69267000  200000000  200000000
   2      715    66466   199972     51022232559     51022432531         8257884     132928      65803     200000         47     7    1400000   69267000  200000000  200000000
   2      715    66463   199995     51022432540     51022632535         8457865     132967      65803     200000         51     7    1400000   69267000  200000000  200000000
   2      715    66460   199990     51022632543     51022832533         8657868     132986      65803     200000         49     7    1400000   69267000  200000000  200000000
   2      715    66470   199989     51022832542     51023032531         8857867     132840      65803     200000         47     7    1400000   69267000  200000000  200000000
   2      715    66466   199990     51023032540     51023232530         9057865     132889      65803     200000         46     7    1400000   69267000  200000000  200000000
   2      715    66468   199993     51023232540     51023432532         9257864     132940      65803     200000         48     7    1400000   69267000  200000000  200000000
   2      715    66463   200000     51023432542     51023632542         9457866     132951      65803     200000         58     7    1400000   69267000  200000000  200000000
   2      715    66462   199979     51023632551     51023832530         9657876     132945      65803     200000         46     7    1400000   69267000  200000000  200000000
   2      715    66472   199992     51023832539     51024032531         9857864     132878      65803     200000         47     7    1400000   69267000  200000000  200000000
   2      715    66471   199995     51024032540     51024232536        10057865     132924      65803     200000         52     7    1400000   69267000  200000000  200000000
   2      715    66462   199953     51024232576     51024432529        10257901     132947      65803     200000         44     7    1400000   69267000  200000000  200000000
   2      715    66471   199989     51024432539     51024632527        10457863     132915      65803     200000         44     7    1400000   69267000  200000000  200000000
   2      715    66459   199997     51024632536     51024832533        10657861     133023      65803     200000         49     7    1400000   69267000  200000000  200000000
   2      715    66480   199987     51024832542     51025032530        10857867     132867      65803     200000         45     7    1400000   69267000  200000000  200000000
   2      715    66464   199986     51025032539     51025232525        11057864     132962      65803     200000         41     7    1400000   69267000  200000000  200000000
   2      715    66463   199993     51025232534     51025432527        11257859     132985      65803     200000         43     7    1400000   69267000  200000000  200000000
   2      715    66461   199992     51025432536     51025632527        11457860     133009      65803     200000         44     7    1400000   69267000  200000000  200000000
   2      715    66459   199995     51025632536     51025832531        11657861     133030      65803     200000         44     7    1400000   69267000  200000000  200000000
   2      715    66482   199983     51025832540     51026032523        11857865     132860      65803     200000         39     7    1400000   69267000  200000000  200000000
   2      715    66468   199992     51026032532     51026232524        12057857     132960      65803     200000         40     7    1400000   69267000  200000000  200000000
   2      715    66468   199992     51026232533     51026432525        12257858     132880      65803     200000         41     7    1400000   69267000  200000000  200000000
   2      715    66460   199992     51026432534     51026632526        12457859     133010      65803     200000         42     7    1400000   69267000  200000000  200000000
   2      715    66460   199992     51026632535     51026832528        12657860     132994      65803     200000         43     7    1400000   69267000  200000000  200000000
   2      715    66473   199986     51026832538     51027032524        12857862     132863      65803     200000         40     7    1400000   69267000  200000000  200000000
   2      715    66470   199991     51027032533     51027232524        13057857     132904      65803     200000         40     7    1400000   69267000  200000000  200000000
   2      715    66468   200000     51027232532     51027432533        13257857     132938      65803     200000         49     7    1400000   69267000  200000000  200000000
   2      715    66463   199985     51027432542     51027632528        13457867     132955      65803     200000         44     7    1400000   69267000  200000000  200000000
   2      715    66459   199990     51027632536     51027832527        13657861     133032      65803     200000         41     7    1400000   69267000  200000000  200000000
   2      715    66464   199991     51027832536     51028032527        13857861     132980      65803     200000         43     7    1400000   69267000  200000000  200000000
   2      715    66469   199993     51028032537     51028232530        14057862     132956      65803     200000         46     7    1400000   69267000  200000000  200000000
   2      715    66479   199994     51028232539     51028432533        14257864     132828      65803     200000         49     7    1400000   69267000  200000000  200000000
   2      715    66460   199981     51028432542     51028632524        14457867     133021      65803     200000         40     7    1400000   69267000  200000000  200000000
   2      715    66460   199993     51028632533     51028832525        14657857     133021      65803     200000         41     7    1400000   69267000  200000000  200000000
   2      715    66470   199960     51028832564     51029032524        14857889     132875      65803     200000         40     7    1400000   69267000  200000000  200000000
   2      715    66462   199999     51029032533     51029232532        15057858     133003      65803     200000         47     7    1400000   69267000  200000000  200000000
   2      715    66476   199986     51029232541     51029432527        15257866     132851      65803     200000         43     7    1400000   69267000  200000000  200000000
   2      715    66464   199994     51029432536     51029632530        15457861     132976      65803     200000         46     7    1400000   69267000  200000000  200000000
   2      715    66469   199985     51029632539     51029832524        15657864     132918      65803     200000         40     7    1400000   69267000  200000000  200000000
   2      715    66462   199990     51029832533     51030032523        15857858     133009      65803     200000         39     7    1400000   69267000  200000000  200000000
   2      715    66465   200005     51030032532     51030232538        16057857     132985      65803     200000         53     7    1400000   69267000  200000000  200000000
   2      715    66477   199980     51030232547     51030432527        16257872     132872      65803     200000         43     7    1400000   69267000  200000000  200000000
   2      715    66460   199990     51030432536     51030632526        16457860     132987      65803     200000         42     7    1400000   69267000  200000000  200000000
   2      715    66466   199998     51030632535     51030832533        16657859     132911      65803     200000         48     7    1400000   69267000  200000000  200000000
   2      715    66463   199982     51030832541     51031032523        16857866     132949      65803     200000         39     7    1400000   69267000  200000000  200000000
   2      715    66467   199991     51031032532     51031232523        17057857     132935      65803     200000         39     7    1400000   69267000  200000000  200000000
   2      715    66465   199994     51031232532     51031432526        17257857     132965      65803     200000         42     7    1400000   69267000  200000000  200000000
   2      715    66460   200000     51031432535     51031632535        17457860     132995      65803     200000         50     7    1400000   69267000  200000000  200000000
   2      715    66467   199989     51031632544     51031832533        17657869     132916      65803     200000         48     7    1400000   69267000  200000000  200000000
   2      715    66479   199981     51031832543     51032032524        17857867     132827      65803     200000         40     7    1400000   69267000  200000000  200000000
   2      715    66470   200002     51032032533     51032232535        18057858     132893      65803     200000         51     7    1400000   69267000  200000000  200000000
   2      715    66471   199988     51032232544     51032432532        18257869     132905      65803     200000         47     7    1400000   69267000  200000000  200000000
   2      715    66470   199989     51032432541     51032632530        18457866     132916      65803     200000         47     7    1400000   69267000  200000000  200000000
   2      715    66467   199984     51032632539     51032832524        18657864     132848      65803     200000         40     7    1400000   69267000  200000000  200000000
   2      715    66470   199999     51032832533     51033032532        18857857     132943      65803     200000         48     7    1400000   69267000  200000000  200000000
   2      715    66469   199983     51033032541     51033232524        19057866     132901      65803     200000         40     7    1400000   69267000  200000000  200000000
   2      715    66467   199995     51033232532     51033432527        19257857     132931      65803     200000         43     7    1400000   69267000  200000000  200000000
   2      715    66460   199988     51033432536     51033632523        19457861     133018      65803     200000         40     7    1400000   69267000  200000000  200000000
   2      715    66470   199958     51033632565     51033832524        19657890     132783      65803     200000         40     7    1400000   69267000  200000000  200000000
   2      715    66466   199997     51033832532     51034032529        19857857     132941      65803     200000         45     7    1400000   69267000  200000000  200000000
   2      715    66476   199986     51034032538     51034232524        20057863     132859      65803     200000         40     7    1400000   69267000  200000000  200000000
   2      715    66469   199994     51034232533     51034432527        20257857     132917      65803     200000         43     7    1400000   69267000  200000000  200000000
   2      715    66460   200013     51034432536     51034632548        20457861     132990      65803     200000         63     7    1400000   69267000  200000000  200000000
   2      715    66467   199970     51034632558     51034832527        20657882     132765      65803     200000         43     7    1400000   69267000  200000000  200000000
   2      715    66463   199987     51034832536     51035032524        20857861     132979      65803     200000         40     7    1400000   69267000  200000000  200000000
   2      715    66469   199996     51035032532     51035232529        21057857     132927      65803     200000         44     7    1400000   69267000  200000000  200000000
   2      715    66467   199989     51035232538     51035432528        21257863     132879      65803     200000         43     7    1400000   69267000  200000000  200000000
   2      715    66460   199996     51035432536     51035632532        21457861     132979      65803     200000         48     7    1400000   69267000  200000000  200000000
   2      715    66470   199985     51035632541     51035832526        21657866     132833      65803     200000         40     7    1400000   69267000  200000000  200000000
   2      715    66464   199989     51035832535     51036032523        21857860     132952      65803     200000         39     7    1400000   69267000  200000000  200000000
   2      715    66465   199992     51036032532     51036232524        22057857     132965      65803     200000         40     7    1400000   69267000  200000000  200000000
   2      715    66477   199997     51036232533     51036432530        22257858     132870      65803     200000         45     7    1400000   69267000  200000000  200000000
   2      715    66462   199984     51036432539     51036632523        22457864     132943      65803     200000         39     7    1400000   69267000  200000000  200000000
   2      715    66478   199995     51036632532     51036832527        22657857     132856      65803     200000         42     7    1400000   69267000  200000000  200000000
   2      715    66467   199995     51036832536     51037032531        22857861     132957      65803     200000         46     7    1400000   69267000  200000000  200000000
   2      715    66473   199987     51037032539     51037232526        23057864     132910      65803     200000         42     7    1400000   69267000  200000000  200000000
   2      715    66466   199989     51037232536     51037432525        23257861     132939      65803     200000         41     7    1400000   69267000  200000000  200000000
   2      715    66462   199992     51037432534     51037632526        23457859     133009      65803     200000         42     7    1400000   69267000  200000000  200000000
   2      715    66474   199988     51037632535     51037832524        23657860     132860      65803     200000         39     7    1400000   69267000  200000000  200000000
   2      715    66466   199991     51037832533     51038032523        23857857     132946      65803     200000         39     7    1400000   69267000  200000000  200000000
   2      715    66463   199991     51038032533     51038232524        24057858     132975      65803     200000         39     7    1400000   69267000  200000000  200000000
   2      715    66474   199963     51038232564     51038432527        24257888     132870      65803     200000         43     7    1400000   69267000  200000000  200000000
   2      715    66462   199995     51038432536     51038632530        24457860     132978      65803     200000         45     7    1400000   69267000  200000000  200000000
   2      715    66477   199988     51038632539     51038832528        24657864     132863      65803     200000         43     7    1400000   69267000  200000000  200000000
   2      715    66473   199989     51038832537     51039032527        24857862     132844      65803     200000         42     7    1400000   69267000  200000000  200000000
   2      715    66464   199988     51039032536     51039232524        25057861     132920      65803     200000         40     7    1400000   69267000  200000000  200000000
   2      715    66467   199991     51039232533     51039432524        25257857     132957      65803     200000         40     7    1400000   69267000  200000000  200000000
   2      715    66461   199994     51039432532     51039632526        25457857     133004      65803     200000         42     7    1400000   69267000  200000000  200000000
   2      715    66471   199998     51039632535     51039832533        25657860     132830      65803     200000         49     7    1400000   69267000  200000000  200000000
   2      715    66462   199981     51039832542     51040032523        25857867     132933      65803     200000         39     7    1400000   69267000  200000000  200000000
   2      715    66464   199992     51040032532     51040232524        26057857     132979      65803     200000         40     7    1400000   69267000  200000000  200000000
   2      715    66468   199995     51040232533     51040432527        26257858     132939      65803     200000         43     7    1400000   69267000  200000000  200000000
   2      715    66459   199987     51040432536     51040632523        26457861     133018      65803     200000         39     7    1400000   69267000  200000000  200000000
   2      715    66474   199991     51040632532     51040832524        26657857     132866      65803     200000         40     7    1400000   69267000  200000000  200000000
   2      715    66468   199998     51040832533     51041032531        26857857     132964      65803     200000         47     7    1400000   69267000  200000000  200000000
   2      715    66465   199996     51041032540     51041232535        27057864     132978      65803     200000         49     7    1400000   69267000  200000000  200000000
   2      715    66480   199982     51041232545     51041432527        27257870     132835      65803     200000         43     7    1400000   69267000  200000000  200000000
   2      715    66461   199993     51041432536     51041632529        27457861     132993      65803     200000         44     7    1400000   69267000  200000000  200000000
   2      715    66478   199986     51041632538     51041832524        27657863     132866      65803     200000         40     7    1400000   69267000  200000000  200000000
   2      715    66473   200000     51041832533     51042032533        27857857     132877      65803     200000         48     7    1400000   69267000  200000000  200000000
   2      715    66466   199993     51042032542     51042232535        28057867     132943      65803     200000         51     7    1400000   69267000  200000000  200000000
   2      715    66464   199982     51042232545     51042432527        28257869     132977      65803     200000         43     7    1400000   69267000  200000000  200000000
   2      715    66459   199987     51042432536     51042632523        28457861     133034      65803     200000         39     7    1400000   69267000  200000000  200000000
   2      715    66476   199991     51042632532     51042832524        28657857     132881      65803     200000         40     7    1400000   69267000  200000000  200000000
   2      715    66466   199991     51042832533     51043032524        28857857     132960      65803     200000         40     7    1400000   69267000  200000000  200000000
   2      715    66467   199960     51043032563     51043232524        29057888     132918      65803     200000         40     7    1400000   69267000  200000000  200000000
   2      715    66470   200002     51043232533     51043432534        29257857     132933      65803     200000         49     7    1400000   69267000  200000000  200000000
   2      715    66460   199984     51043432543     51043632527        29457868     132991      65803     200000         43     7    1400000   69267000  200000000  200000000
   2      715    66478   199986     51043632537     51043832523        29657862     132841      65803     200000         39     7    1400000   69267000  200000000  200000000
   2      715    66461   199992     51043832532     51044032524        29857857     133007      65803     200000         40     7    1400000   69267000  200000000  200000000
   2      715    66472   199991     51044032533     51044232524        30057858     132905      65803     200000         40     7    1400000   69267000  200000000  200000000
   2      715    66464   200004     51044232533     51044432537        30257857     132969      65803     200000         53     7    1400000   69267000  200000000  200000000
   2      715    66460   199978     51044432546     51044632524        30457871     132979      65803     200000         40     7    1400000   69267000  200000000  200000000
   2      715    66474   199992     51044632533     51044832525        30657858     132889      65803     200000         41     7    1400000   69267000  200000000  200000000
   2      715    66467   199989     51044832535     51045032524        30857859     132974      65803     200000         40     7    1400000   69267000  200000000  200000000
   2      715    66473   199990     51045032533     51045232523        31057858     132922      65803     200000         39     7    1400000   69267000  200000000  200000000
   2      715    66461   200003     51045232532     51045432535        31257857     132995      65803     200000         51     7    1400000   69267000  200000000  200000000
   2      715    66459   199991     51045432544     51045632535        31457869     132993      65803     200000         51     7    1400000   69267000  200000000  200000000
   2      715    66471   199981     51045632544     51045832525        31657869     132855      65803     200000         42     7    1400000   69267000  200000000  200000000
   2      715    66464   200015     51045832534     51046032549        31857859     132998      65803     200000         62     7    1400000   69267000  200000000  200000000
   2      715    66472   199972     51046032559     51046232532        32057884     132857      65803     200000         47     7    1400000   69267000  200000000  200000000
   2      715    66462   199994     51046232540     51046432535        32257865     132976      65803     200000         51     7    1400000   69267000  200000000  200000000
   2      715    66461   199990     51046432544     51046632533        32457869     132978      65803     200000         50     7    1400000   69267000  200000000  200000000
   2      715    66472   199989     51046632543     51046832532        32657867     132873      65803     200000         47     7    1400000   69267000  200000000  200000000
   2      715    66464   199986     51046832540     51047032526        32857865     132971      65803     200000         42     7    1400000   69267000  200000000  200000000
   2      715    66468   199999     51047032535     51047232534        33057860     132947      65803     200000         50     7    1400000   69267000  200000000  200000000
   2      715    66460   199988     51047232543     51047432531        33257868     133004      65803     200000         47     7    1400000   69267000  200000000  200000000
   2      715    66464   199991     51047432539     51047632531        33457864     132956      65803     200000         47     7    1400000   69267000  200000000  200000000
   2      715    66475   199964     51047632576     51047832540        33657900     132836      65803     200000         56     7    1400000   69267000  200000000  200000000
   2      715    66469   199982     51047832549     51048032531        33857874     132928      65803     200000         47     7    1400000   69267000  200000000  200000000
   2      715    66464   199991     51048032540     51048232531        34057865     132978      65803     200000         47     7    1400000   69267000  200000000  200000000
   2      715    66462   200001     51048232540     51048432541        34257865     132993      65803     200000         57     7    1400000   69267000  200000000  200000000
   2      715    66465   199981     51048432550     51048632531        34457875     132933      65803     200000         47     7    1400000   69267000  200000000  200000000
   2      715    66467   199999     51048632540     51048832539        34657865     132847      65803     200000         54     7    1400000   69267000  200000000  200000000
   2      715    66472   199985     51048832548     51049032532        34857872     132878      65803     200000         48     7    1400000   69267000  200000000  200000000
   2      715    66464   199994     51049032542     51049232535        35057867     132949      65803     200000         51     7    1400000   69267000  200000000  200000000
   2      715    66461   199986     51049232544     51049432531        35257869     132962      65803     200000         47     7    1400000   69267000  200000000  200000000
   2      715    66463   199993     51049432539     51049632532        35457864     132964      65803     200000         48     7    1400000   69267000  200000000  200000000
   2      715    66466   199983     51049632541     51049832524        35657866     132848      65803     200000         41     7    1400000   69267000  200000000  200000000
   2      715    66472   200015     51049832533     51050032549        35857858     132872      65803     200000         64     7    1400000   69267000  200000000  200000000
   2      715    66473   199975     51050032559     51050232534        36057883     132869      65803     200000         50     7    1400000   69267000  200000000  200000000
   2      715    66460   199991     51050232543     51050432534        36257868     133022      65803     200000         50     7    1400000   69267000  200000000  200000000
   2      715    66463   199988     51050432543     51050632531        36457868     132930      65803     200000         47     7    1400000   69267000  200000000  200000000
   2      715    66466   199990     51050632540     51050832530        36657865     132969      65803     200000         44     7    1400000   69267000  200000000  200000000
   2      715    66478   199991     51050832539     51051032530        36857864     132829      65803     200000         45     7    1400000   69267000  200000000  200000000
   2      715    66467   199986     51051032539     51051232525        37057864     132952      65803     200000         41     7    1400000   69267000  200000000  200000000
   2      715    66459   199991     51051232534     51051432525        37257858     133028      65803     200000         41     7    1400000   69267000  200000000  200000000
   2      715    66463   199991     51051432534     51051632524        37457858     132878      65803     200000         40     7    1400000   69267000  200000000  200000000
   2      715    66470   199996     51051632533     51051832529        37657858     132930      65803     200000         44     7    1400000   69267000  200000000  200000000
   2      715    66467   199986     51051832538     51052032524        37857863     132956      65803     200000         40     7    1400000   69267000  200000000  200000000
   2      715    66468   200009     51052032533     51052232542        38057858     132944      65803     200000         56     7    1400000   69267000  200000000  200000000
   2      715    66466   199981     51052232551     51052432532        38257876     132904      65803     200000         48     7    1400000   69267000  200000000  200000000
   2      715    66470   199948     51052432576     51052632524        38457900     132871      65803     200000         40     7    1400000   69267000  200000000  200000000
   2      715    66461   199992     51052632533     51052832525        38657858     132998      65803     200000         40     7    1400000   69267000  200000000  200000000
   2      715    66464   199992     51052832534     51053032525        38857858     132985      65803     200000         41     7    1400000   69267000  200000000  200000000
   2      715    66473   200000     51053032534     51053232535        39057859     132879      65803     200000         51     7    1400000   69267000  200000000  200000000
   2      715    66469   199988     51053232544     51053432532        39257868     132904      65803     200000         48     7    1400000   69267000  200000000  200000000
   2      715    66472   199991     51053432541     51053632531        39457866     132811      65803     200000         47     7    1400000   69267000  200000000  200000000
   2      715    66467   199990     51053632540     51053832531        39657865     132955      65803     200000         47     7    1400000   69267000  200000000  200000000
   2      715    66465   199991     51053832540     51054032531        39857865     132953      65803     200000         47     7    1400000   69267000  200000000  200000000
   2      715    66467   199991     51054032540     51054232531        40057864     132926      65803     200000         47     7    1400000   69267000  200000000  200000000
   2      715    66463   200005     51054232540     51054432545        40257864     132960      65803     200000         61     7    1400000   69267000  200000000  200000000
   2      715    66476   199977     51054432555     51054632532        40457879     132836      65803     200000         48     7    1400000   69267000  200000000  200000000
   2      715    66472   199990     51054632541     51054832532        40657866     132877      65803     200000         48     7    1400000   69267000  200000000  200000000
   2      715    66465   200002     51054832540     51055032542        40857865     132970      65803     200000         58     7    1400000   69267000  200000000  200000000
   2      715    66472   199983     51055032551     51055232535        41057876     132886      65803     200000         51     7    1400000   69267000  200000000  200000000
   2      715    66459   199990     51055232544     51055432534        41257868     133013      65803     200000         50     7    1400000   69267000  200000000  200000000
   2      715    66478   200003     51055432543     51055632545        41457867     132824      65803     200000         60     7    1400000   69267000  200000000  200000000
   2      715    66473   199977     51055632555     51055832532        41657880     132854      65803     200000         48     7    1400000   69267000  200000000  200000000
   2      715    66461   199984     51055832541     51056032525        41857866     133006      65803     200000         41     7    1400000   69267000  200000000  200000000
   2      715    66469   199996     51056032534     51056232530        42057859     132919      65803     200000         46     7    1400000   69267000  200000000  200000000
   2      715    66461   199989     51056232539     51056432528        42257864     132993      65803     200000         42     7    1400000   69267000  200000000  200000000
   2      715    66472   199992     51056432538     51056632530        42457863     132891      65803     200000         46     7    1400000   69267000  200000000  200000000
   2      715    66476   199995     51056632539     51056832534        42657863     132877      65803     200000         50     7    1400000   69267000  200000000  200000000
   2      715    66463   199974     51056832542     51057032516        42857867     132969      65803     200000         32     7    1400000   69267000  200000000  200000000
   2      715    66475   199970     51057032558     51057232528        43057883     132844      65803     200000         44     7    1400000   69267000  200000000  200000000
   2      715    66460   199987     51057232537     51057432524        43257862     133020      65803     200000         40     7    1400000   69267000  200000000  200000000
   2      715    66471   199991     51057432533     51057632524        43457858     132900      65803     200000         40     7    1400000   69267000  200000000  200000000
   2      715    66468   199991     51057632533     51057832524        43657858     132957      65803     200000         39     7    1400000   69267000  200000000  200000000
   2      715    66463   199997     51057832534     51058032531        43857859     132901      65803     200000         47     7    1400000   69267000  200000000  200000000
   2      715    66476   199987     51058032540     51058232527        44057865     132883      65803     200000         43     7    1400000   69267000  200000000  200000000
   2      715    66463   199988     51058232536     51058432524        44257861     132991      65803     200000         40     7    1400000   69267000  200000000  200000000
   2      715    66475   199991     51058432533     51058632524        44457858     132899      65803     200000         40     7    1400000   69267000  200000000  200000000
   2      715    66462   199997     51058632533     51058832530        44657858     133017      65803     200000         46     7    1400000   69267000  200000000  200000000
   2      715    66474   199992     51058832539     51059032530        44857864     132899      65803     200000         46     7    1400000   69267000  200000000  200000000
   2      715    66471   200002     51059032539     51059232541        45057864     132906      65803     200000         57     7    1400000   69267000  200000000  200000000
   2      715    66463   199975     51059232550     51059432525        45257875     132983      65803     200000         40     7    1400000   69267000  200000000  200000000
   2      715    66477   199990     51059432534     51059632524        45457859     132877      65803     200000         40     7    1400000   69267000  200000000  200000000
   2      715    66462   199991     51059632533     51059832525        45657858     133002      65803     200000         41     7    1400000   69267000  200000000  200000000
   2      715    66468   199991     51059832533     51060032524        45857858     132952      65803     200000         40     7    1400000   69267000  200000000  200000000
   2      715    66469   199991     51060032533     51060232524        46057858     132928      65803     200000         40     7    1400000   69267000  200000000  200000000
   2      715    66461   200000     51060232533     51060432533        46257858     133030      65803     200000         49     7    1400000   69267000  200000000  200000000
   2      715    66472   199982     51060432542     51060632524        46457867     132875      65803     200000         40     7    1400000   69267000  200000000  200000000
   2      715    66465   199991     51060632533     51060832524        46657858     132987      65803     200000         40     7    1400000   69267000  200000000  200000000
   2      715    66463   200006     51060832534     51061032540        46857858     132985      65803     200000         56     7    1400000   69267000  200000000  200000000
   2      715    66477   199985     51061032550     51061232534        47057875     132822      65803     200000         50     7    1400000   69267000  200000000  200000000
   2      715    66461   199982     51061232543     51061432526        47257868     132989      65803     200000         41     7    1400000   69267000  200000000  200000000
   2      715    66478   199997     51061432535     51061632531        47457859     132857      65803     200000         47     7    1400000   69267000  200000000  200000000
   2      715    66464   199994     51061632541     51061832534        47657865     132974      65803     200000         50     7    1400000   69267000  200000000  200000000
   2      715    66471   199952     51061832578     51062032531        47857903     132854      65803     200000         47     7    1400000   69267000  200000000  200000000
   2      715    66463   199994     51062032540     51062232534        48057865     132960      65803     200000         50     7    1400000   69267000  200000000  200000000
   2      715    66461   199986     51062232543     51062432530        48257868     132982      65803     200000         46     7    1400000   69267000  200000000  200000000
   2      715    66477   199985     51062432539     51062632524        48457864     132853      65803     200000         40     7    1400000   69267000  200000000  200000000
   2      715    66465   199998     51062632533     51062832531        48657858     132975      65803     200000         47     7    1400000   69267000  200000000  200000000
   2      715    66473   199984     51062832540     51063032524        48857865     132911      65803     200000         40     7    1400000   69267000  200000000  200000000
   2      715    66464   200002     51063032533     51063232534        49057857     132963      65803     200000         50     7    1400000   69267000  200000000  200000000
   2      715    66465   199981     51063232543     51063432524        49257868     132929      65803     200000         40     7    1400000   69267000  200000000  200000000
   2      715    66477   199991     51063432533     51063632524        49457857     132864      65803     200000         40     7    1400000   69267000  200000000  200000000
   2      715    66467   199993     51063632533     51063832526        49657858     132935      65803     200000         41     7    1400000   69267000  200000000  200000000
   2      715    66475   199990     51063832535     51064032524        49857859     132848      65803     200000         40     7    1400000   69267000  200000000  200000000
   2      715    66466   199995     51064032533     51064232529        50057858     132946      65803     200000         45     7    1400000   69267000  200000000  200000000
   2      715    66461   199979     51064232538     51064432517        50257862     132993      65803     200000         33     7    1400000   69267000  200000000  200000000
   2      715    66475   200000     51064432526     51064632526        50457851     132888      65803     200000         42     7    1400000   69267000  200000000  200000000
   2      715    66468   200001     51064632534     51064832536        50657859     132929      65803     200000         52     7    1400000   69267000  200000000  200000000
   2      715    66468   199987     51064832545     51065032532        50857869     132917      65803     200000         48     7    1400000   69267000  200000000  200000000
   2      715    66466   200002     51065032541     51065232544        51057866     132946      65803     200000         59     7    1400000   69267000  200000000  200000000
   2      715    66462   199987     51065232553     51065432540        51257877     132952      65803     200000         55     7    1400000   69267000  200000000  200000000
   2      715    66479   199984     51065432549     51065632532        51457873     132861      65803     200000         48     7    1400000   69267000  200000000  200000000
   2      715    66464   199995     51065632542     51065832537        51657866     132949      65803     200000         53     7    1400000   69267000  200000000  200000000
   2      715    66470   199986     51065832546     51066032531        51857871     132933      65803     200000         47     7    1400000   69267000  200000000  200000000
   2      715    66460   199991     51066032540     51066232531        52057865     133019      65803     200000         47     7    1400000   69267000  200000000  200000000
   2      715    66461   199993     51066232540     51066432533        52257865     132981      65803     200000         49     7    1400000   69267000  200000000  200000000
   2      715    66476   199966     51066432573     51066632539        52457898     132857      65803     200000         55     7    1400000   69267000  200000000  200000000
   2      715    66473   199983     51066632548     51066832531        52657873     132873      65803     200000         47     7    1400000   69267000  200000000  200000000
   2      715    66469   199991     51066832540     51067032531        52857865     132934      65803     200000         47     7    1400000   69267000  200000000  200000000
   2      715    66463   199983     51067032540     51067232524        53057865     132972      65803     200000         40     7    1400000   69267000  200000000  200000000
   2      715    66459   200000     51067232533     51067432533        53257857     133035      65803     200000         49     7    1400000   69267000  200000000  200000000
   2      715    66464   199987     51067432542     51067632529        53457867     132959      65803     200000         45     7    1400000   69267000  200000000  200000000
   2      715    66475   199984     51067632540     51067832524        53657865     132859      65803     200000         40     7    1400000   69267000  200000000  200000000
   2      715    66465   199994     51067832533     51068032527        53857858     132955      65803     200000         43     7    1400000   69267000  200000000  200000000
   2      715    66461   199995     51068032536     51068232530        54057860     132987      65803     200000         46     7    1400000   69267000  200000000  200000000
   2      715    66461   199991     51068232539     51068432530        54257864     133000      65803     200000         45     7    1400000   69267000  200000000  200000000
   2      715    66476   199984     51068432540     51068632524        54457864     132886      65803     200000         40     7    1400000   69267000  200000000  200000000
   2      715    66462   199991     51068632533     51068832524        54657858     133000      65803     200000         40     7    1400000   69267000  200000000  200000000
   2      715    66471   200002     51068832533     51069032536        54857858     132895      65803     200000         51     7    1400000   69267000  200000000  200000000
   2      715    66462   199997     51069032544     51069232541        55057869     132954      65803     200000         57     7    1400000   69267000  200000000  200000000
   2      715    66463   199981     51069232550     51069432531        55257875     132901      65803     200000         46     7    1400000   69267000  200000000  200000000
   2      715    66463   199991     51069432539     51069632531        55457864     132922      65803     200000         47     7    1400000   69267000  200000000  200000000
   2      715    66463   199999     51069632540     51069832539        55657865     132988      65803     200000         54     7    1400000   69267000  200000000  200000000
   2      715    66469   199994     51069832548     51070032542        55857873     132918      65803     200000         58     7    1400000   69267000  200000000  200000000
   2      715    66462   199983     51070032551     51070232534        56057876     132946      65803     200000         50     7    1400000   69267000  200000000  200000000
   2      715    66463   199992     51070232544     51070432535        56257868     132889      65803     200000         51     7    1400000   69267000  200000000  200000000
   2      715    66466   199986     51070432545     51070632531        56457869     132853      65803     200000         47     7    1400000   69267000  200000000  200000000
   2      715    66461   199991     51070632540     51070832531        56657865     133010      65803     200000         47     7    1400000   69267000  200000000  200000000
   2      715    66464   199991     51070832540     51071032531        56857865     132965      65803     200000         47     7    1400000   69267000  200000000  200000000
   2      715    66461   199994     51071032540     51071232534        57057865     132979      65803     200000         50     7    1400000   69267000  200000000  200000000
   2      715    66469   199958     51071232573     51071432531        57257898     132827      65803     200000         47     7    1400000   69267000  200000000  200000000
   2      715    66473   199991     51071432540     51071632531        57457865     132825      65803     200000         47     7    1400000   69267000  200000000  200000000
   2      715    66464   199992     51071632540     51071832532        57657865     132986      65803     200000         48     7    1400000   69267000  200000000  200000000
   2      715    66466   200002     51071832541     51072032543        57857866     132977      65803     200000         59     7    1400000   69267000  200000000  200000000
   2      715    66463   199982     51072032552     51072232534        58057877     132946      65803     200000         50     7    1400000   69267000  200000000  200000000
   2      715    66462   199995     51072232543     51072432538        58257868     132884      65803     200000         53     7    1400000   69267000  200000000  200000000
   2      715    66476   199986     51072432547     51072632532        58457872     132852      65803     200000         47     7    1400000   69267000  200000000  200000000
   2      715    66466   199982     51072632541     51072832524        58657866     132948      65803     200000         40     7    1400000   69267000  200000000  200000000
   2      715    66461   199997     51072832532     51073032529        58857857     133005      65803     200000         45     7    1400000   69267000  200000000  200000000
   2      715    66460   199989     51073032538     51073232527        59057863     133028      65803     200000         43     7    1400000   69267000  200000000  200000000
   2      715    66467   199987     51073232536     51073432523        59257861     132833      65803     200000         39     7    1400000   69267000  200000000  200000000
   2      715    66467   199992     51073432532     51073632524        59457857     132964      65803     200000         40     7    1400000   69267000  200000000  200000000
   2      715    66474   200000     51073632533     51073832533        59657858     132852      65803     200000         49     7    1400000   69267000  200000000  200000000
   2      715    66471   199991     51073832542     51074032533        59857866     132923      65803     200000         49     7    1400000   69267000  200000000  200000000
   2      715    66461   200005     51074032542     51074232548        60057867     132995      65803     200000         62     7    1400000   69267000  200000000  200000000
   2      715    66481   199967     51074232557     51074432524        60257881     132800      65803     200000         40     7    1400000   69267000  200000000  200000000
   2      715    66470   199991     51074432532     51074632523        60457857     132915      65803     200000         39     7    1400000   69267000  200000000  200000000
   2      715    66467   199998     51074632532     51074832530        60657857     132970      65803     200000         46     7    1400000   69267000  200000000  200000000
   2      715    66475   199985     51074832539     51075032524        60857864     132870      65803     200000         40     7    1400000   69267000  200000000  200000000
   2      715    66459   199991     51075032532     51075232523        61057857     133043      65803     200000         39     7    1400000   69267000  200000000  200000000
   2      715    66476   199993     51075232532     51075432526        61257857     132875      65803     200000         40     7    1400000   69267000  200000000  200000000
   2      715    66469   199988     51075432536     51075632524        61457861     132915      65803     200000         40     7    1400000   69267000  200000000  200000000
   2      715    66460   199992     51075632533     51075832525        61657858     133006      65803     200000         41     7    1400000   69267000  200000000  200000000
   2      715    66473   200002     51075832534     51076032536        61857859     132880      65803     200000         51     7    1400000   69267000  200000000  200000000
   2      715    66461   199958     51076032576     51076232533        62057901     132968      65803     200000         49     7    1400000   69267000  200000000  200000000
   2      715    66474   199992     51076232542     51076432535        62257867     132850      65803     200000         51     7    1400000   69267000  200000000  200000000
   2      715    66472   199979     51076432544     51076632523        62457869     132905      65803     200000         39     7    1400000   69267000  200000000  200000000
   2      715    66465   199993     51076632532     51076832525        62657857     132980      65803     200000         41     7    1400000   69267000  200000000  200000000
   2      715    66466   199990     51076832534     51077032524        62857859     132956      65803     200000         40     7    1400000   69267000  200000000  200000000
   2      715    66460   200004     51077032534     51077232537        63057858     133005      65803     200000         53     7    1400000   69267000  200000000  200000000
   2      715    66476   199978     51077232547     51077432525        63257871     132838      65803     200000         41     7    1400000   69267000  200000000  200000000
   2      715    66462   199991     51077432534     51077632524        63457859     132980      65803     200000         40     7    1400000   69267000  200000000  200000000
   2      715    66462   199992     51077632534     51077832526        63657858     133008      65803     200000         41     7    1400000   69267000  200000000  200000000
   2      715    66464   199993     51077832535     51078032528        63857859     132989      65803     200000         44     7    1400000   69267000  200000000  200000000
   2      715    66462   199991     51078032537     51078232527        64057861     132958      65803     200000         43     7    1400000   69267000  200000000  200000000
   2      715    66475   199997     51078232536     51078432533        64257861     132856      65803     200000         49     7    1400000   69267000  200000000  200000000
   2      715    66472   199980     51078432542     51078632522        64457867     132903      65803     200000         38     7    1400000   69267000  200000000  200000000
   2      715    66471   199991     51078632533     51078832525        64657858     132847      65803     200000         41     7    1400000   69267000  200000000  200000000
   2      715    66466   199991     51078832534     51079032524        64857859     132958      65803     200000         41     7    1400000   69267000  200000000  200000000
   2      715    66459   200000     51079032533     51079232534        65057858     133031      65803     200000         50     7    1400000   69267000  200000000  200000000
   2      715    66466   199991     51079232543     51079432534        65257868     132892      65803     200000         49     7    1400000   69267000  200000000  200000000
   2      715    66467   199989     51079432543     51079632532        65457868     132946      65803     200000         48     7    1400000   69267000  200000000  200000000
   2      715    66474   199988     51079632541     51079832528        65657865     132899      65803     200000         43     7    1400000   69267000  200000000  200000000
   2      715    66470   199986     51079832538     51080032525        65857863     132948      65803     200000         41     7    1400000   69267000  200000000  200000000
   2      715    66461   199990     51080032533     51080232523        66057858     133003      65803     200000         39     7    1400000   69267000  200000000  200000000
   2      715    66474   199992     51080232532     51080432524        66257857     132879      65803     200000         40     7    1400000   69267000  200000000  200000000
   2      715    66471   200000     51080432533     51080632533        66457858     132906      65803     200000         49     7    1400000   69267000  200000000  200000000
   2      715    66467   199960     51080632574     51080832534        66657899     132911      65803     200000         49     7    1400000   69267000  200000000  200000000
   2      715    66473   199992     51080832543     51081032536        66857868     132924      65803     200000         51     7    1400000   69267000  200000000  200000000
   2      715    66463   199986     51081032545     51081232531        67057870     132933      65803     200000         47     7    1400000   69267000  200000000  200000000
   2      715    66473   200001     51081232540     51081432541        67257865     132880      65803     200000         57     7    1400000   69267000  200000000  200000000
   2      715    66477   199982     51081432550     51081632532        67457875     132850      65803     200000         48     7    1400000   69267000  200000000  200000000
   2      715    66467   199999     51081632541     51081832540        67657866     132923      65803     200000         56     7    1400000   69267000  200000000  200000000
   2      715    66472   199985     51081832550     51082032534        67857874     132923      65803     200000         50     7    1400000   69267000  200000000  200000000
   2      715    66462   199981     51082032543     51082232524        68057868     132957      65803     200000         40     7    1400000   69267000  200000000  200000000
   2      715    66484   199990     51082232533     51082432524        68257858     132817      65803     200000         39     7    1400000   69267000  200000000  200000000
   2      715    66470   199993     51082432533     51082632526        68457857     132914      65803     200000         40     7    1400000   69267000  200000000  200000000
   2      715    66466   199996     51082632536     51082832532        68657860     132907      65803     200000         47     7    1400000   69267000  200000000  200000000
   2      715    66464   199991     51082832541     51083032532        68857866     132972      65803     200000         48     7    1400000   69267000  200000000  200000000
   2      715    66462   199985     51083032540     51083232525        69057865     132967      65803     200000         41     7    1400000   69267000  200000000  200000000
   2      715    66477   199990     51083232534     51083432524        69257859     132842      65803     200000         40     7    1400000   69267000  200000000  200000000
   2      715    66470   199992     51083432533     51083632524        69457857     132905      65803     200000         40     7    1400000   69267000  200000000  200000000
   2      715    66472   199991     51083632533     51083832524        69657858     132892      65803     200000         40     7    1400000   69267000  200000000  200000000
   2      715    66470   200002     51083832532     51084032534        69857857     132922      65803     200000         50     7    1400000   69267000  200000000  200000000
   2      715    66459   199980     51084032543     51084232524        70057868     133018      65803     200000         40     7    1400000   69267000  200000000  200000000
   2      715    66469   199995     51084232533     51084432528        70257858     132923      65803     200000         43     7    1400000   69267000  200000000  200000000
   2      715    66470   199995     51084432537     51084632532        70457862     132891      65803     200000         48     7    1400000   69267000  200000000  200000000
   2      715    66469   199983     51084632541     51084832524        70657866     132922      65803     200000         40     7    1400000   69267000  200000000  200000000
   2      715    66460   199994     51084832533     51085032526        70857858     132987      65803     200000         42     7    1400000   69267000  200000000  200000000
   2      715    66461   199995     51085032535     51085232530        71057860     133001      65803     200000         45     7    1400000   69267000  200000000  200000000
   2      715    66475   199984     51085232540     51085432524        71257865     132868      65803     200000         40     7    1400000   69267000  200000000  200000000
   2      715    66466   199965     51085432566     51085632532        71457891     132938      65803     200000         48     7    1400000   69267000  200000000  200000000
   2      715    66464   199990     51085632541     51085832531        71657866     132996      65803     200000         47     7    1400000   69267000  200000000  200000000
   2      715    66464   199994     51085832540     51086032534        71857864     132879      65803     200000         50     7    1400000   69267000  200000000  200000000
   2      715    66461   199994     51086032543     51086232537        72057868     132990      65803     200000         53     7    1400000   69267000  200000000  200000000
   2      715    66475   199986     51086232546     51086432532        72257871     132842      65803     200000         48     7    1400000   69267000  200000000  200000000
   2      715    66463   199995     51086432541     51086632537        72457866     132983      65803     200000         52     7    1400000   69267000  200000000  200000000
   2      715    66470   199996     51086632546     51086832542        72657870     132840      65803     200000         57     7    1400000   69267000  200000000  200000000
   2      715    66462   199983     51086832551     51087032534        72857876     132904      65803     200000         50     7    1400000   69267000  200000000  200000000
   2      715    66461   199981     51087032543     51087232524        73057867     132987      65803     200000         40     7    1400000   69267000  200000000  200000000
   2      715    66475   200008     51087232533     51087432541        73257857     132904      65803     200000         55     7    1400000   69267000  200000000  200000000
   2      715    66470   199974     51087432551     51087632525        73457875     132913      65803     200000         41     7    1400000   69267000  200000000  200000000
   2      715    66468   199989     51087632534     51087832523        73657859     132910      65803     200000         39     7    1400000   69267000  200000000  200000000
   2      715    66462   199995     51087832532     51088032527        73857857     132968      65803     200000         43     7    1400000   69267000  200000000  200000000
   2      715    66459   199990     51088032536     51088232526        74057860     133021      65803     200000         42     7    1400000   69267000  200000000  200000000
   2      715    66470   199989     51088232535     51088432524        74257860     132860      65803     200000         40     7    1400000   69267000  200000000  200000000
   2      715    66474   199998     51088432533     51088632531        74457858     132894      65803     200000         47     7    1400000   69267000  200000000  200000000
   2      715    66463   199994     51088632540     51088832534        74657865     132973      65803     200000         49     7    1400000   69267000  200000000  200000000
   2      715    66461   199985     51088832543     51089032528        74857868     132973      65803     200000         44     7    1400000   69267000  200000000  200000000
   2      715    66462   199985     51089032537     51089232522        75057862     132962      65803     200000         38     7    1400000   69267000  200000000  200000000
   2      715    66464   199994     51089232531     51089432525        75257856     132989      65803     200000         40     7    1400000   69267000  200000000  200000000
   2      715    66464   200004     51089432535     51089632539        75457860     132914      65803     200000         52     7    1400000   69267000  200000000  200000000
   2      715    66478   199975     51089632548     51089832524        75657873     132831      65803     200000         40     7    1400000   69267000  200000000  200000000
   2      715    66465   199995     51089832533     51090032528        75857857     132946      65803     200000         44     7    1400000   69267000  200000000  200000000
   2      715    66463   199964     51090032569     51090232532        76057893     132915      65803     200000         48     7    1400000   69267000  200000000  200000000
   2      715    66464   199982     51090232541     51090432523        76257866     132942      65803     200000         39     7    1400000   69267000  200000000  200000000
   2      715    66471   199992     51090432532     51090632524        76457857     132905      65803     200000         40     7    1400000   69267000  200000000  200000000
   2      715    66469   199991     51090632533     51090832524        76657857     132907      65803     200000         40     7    1400000   69267000  200000000  200000000
   2      715    66460   199994     51090832533     51091032527        76857857     133032      65803     200000         43     7    1400000   69267000  200000000  200000000
   2      715    66462   199988     51091032536     51091232523        77057860     132882      65803     200000         40     7    1400000   69267000  200000000  200000000
   2      715    66469   200000     51091232532     51091432532        77257857     132846      65803     200000         48     7    1400000   69267000  200000000  200000000
   2      715    66465   199997     51091432541     51091632538        77457866     132912      65803     200000         53     7    1400000   69267000  200000000  200000000
   2      715    66480   199986     51091632548     51091832534        77657873     132842      65803     200000         50     7    1400000   69267000  200000000  200000000
   2      715    66464   199981     51091832543     51092032524        77857868     132914      65803     200000         40     7    1400000   69267000  200000000  200000000
   2      715    66466   199992     51092032533     51092232525        78057857     132877      65803     200000         40     7    1400000   69267000  200000000  200000000
   2      715    66461   199988     51092232535     51092432523        78257860     132951      65803     200000         39     7    1400000   69267000  200000000  200000000
   2      715    66462   199991     51092432532     51092632523        78457857     133005      65803     200000         39     7    1400000   69267000  200000000  200000000
   2      715    66469   199995     51092632532     51092832527        78657857     132875      65803     200000         43     7    1400000   69267000  200000000  200000000
   2      715    66461   200009     51092832536     51093032545        78857861     132998      65803     200000         60     7    1400000   69267000  200000000  200000000
   2      715    66472   199977     51093032554     51093232531        79057879     132798      65803     200000         47     7    1400000   69267000  200000000  200000000
   2      715    66473   199991     51093232540     51093432531        79257865     132828      65803     200000         47     7    1400000   69267000  200000000  200000000
   2      715    66468   199984     51093432540     51093632524        79457865     132941      65803     200000         40     7    1400000   69267000  200000000  200000000
   2      715    66472   199995     51093632533     51093832527        79657858     132900      65803     200000         43     7    1400000   69267000  200000000  200000000
   2      715    66462   199996     51093832537     51094032533        79857861     132987      65803     200000         48     7    1400000   69267000  200000000  200000000
   2      715    66473   199972     51094032543     51094232515        80057867     132846      65803     200000         31     7    1400000   69267000  200000000  200000000
   2      715    66470   199992     51094232524     51094432516        80257849     132863      65803     200000         32     7    1400000   69267000  200000000  200000000
   2      715    66470   199999     51094432525     51094632524        80457850     132913      65803     200000         40     7    1400000   69267000  200000000  200000000
   2      715    66462   199994     51094632533     51094832527        80657858     132991      65803     200000         43     7    1400000   69267000  200000000  200000000
   2      715    66460   199966     51094832569     51095032535        80857893     133002      65803     200000         51     7    1400000   69267000  200000000  200000000
   2      715    66476   199988     51095032544     51095232532        81057869     132866      65803     200000         47     7    1400000   69267000  200000000  200000000
   2      715    66474   199983     51095232541     51095432524        81257866     132871      65803     200000         40     7    1400000   69267000  200000000  200000000
   2      715    66467   199992     51095432533     51095632525        81457858     132943      65803     200000         41     7    1400000   69267000  200000000  200000000
   2      715    66466   199993     51095632534     51095832527        81657859     132952      65803     200000         44     7    1400000   69267000  200000000  200000000
   2      715    66462   199995     51095832536     51096032531        81857861     132991      65803     200000         46     7    1400000   69267000  200000000  200000000
   2      715    66472   199995     51096032540     51096232534        82057865     132887      65803     200000         50     7    1400000   69267000  200000000  200000000
   2      715    66476   199986     51096232544     51096432530        82257868     132850      65803     200000         45     7    1400000   69267000  200000000  200000000
   2      715    66470   199986     51096432539     51096632524        82457864     132903      65803     200000         40     7    1400000   69267000  200000000  200000000
   2      715    66466   199991     51096632533     51096832525        82657858     132956      65803     200000         41     7    1400000   69267000  200000000  200000000
   2      715    66459   199982     51096832534     51097032515        82857858     133044      65803     200000         31     7    1400000   69267000  200000000  200000000
   2      715    66473   200000     51097032524     51097232525        83057849     132896      65803     200000         41     7    1400000   69267000  200000000  200000000
   2      715    66475   199998     51097232533     51097432531        83257858     132855      65803     200000         47     7    1400000   69267000  200000000  200000000
   2      715    66475   199995     51097432540     51097632535        83457865     132904      65803     200000         51     7    1400000   69267000  200000000  200000000
   2      715    66469   199988     51097632543     51097832531        83657868     132906      65803     200000         47     7    1400000   69267000  200000000  200000000
   2      715    66463   199991     51097832540     51098032531        83857865     132958      65803     200000         47     7    1400000   69267000  200000000  200000000
   2      715    66478   199991     51098032540     51098232531        84057865     132874      65803     200000         47     7    1400000   69267000  200000000  200000000
   2      715    66467   200001     51098232539     51098432540        84257864     132930      65803     200000         56     7    1400000   69267000  200000000  200000000
   2      715    66475   199981     51098432550     51098632531        84457874     132830      65803     200000         47     7    1400000   69267000  200000000  200000000
   2      715    66466   199999     51098632540     51098832539        84657865     132942      65803     200000         55     7    1400000   69267000  200000000  200000000
   2      715    66469   199984     51098832547     51099032531        84857872     132915      65803     200000         47     7    1400000   69267000  200000000  200000000
   2      715    66472   199984     51099032540     51099232524        85057864     132905      65803     200000         40     7    1400000   69267000  200000000  200000000
   2      715    66474   199991     51099232533     51099432524        85257858     132892      65803     200000         40     7    1400000   69267000  200000000  200000000
   2      715    66465   199959     51099432565     51099632524        85457890     132953      65803     200000         40     7    1400000   69267000  200000000  200000000
   2      715    66470   200000     51099632533     51099832533        85657858     132919      65803     200000         48     7    1400000   69267000  200000000  200000000
   2      715    66463   199981     51099832542     51100032523        85857867     132983      65803     200000         39     7    1400000   69267000  200000000  200000000
   2      715    66475   199991     51100032532     51100232524        86057857     132856      65803     200000         40     7    1400000   69267000  200000000  200000000
   2      715    66468   199991     51100232533     51100432524        86257857     132945      65803     200000         40     7    1400000   69267000  200000000  200000000
   2      715    66462   199997     51100432533     51100632530        86457858     133000      65803     200000         45     7    1400000   69267000  200000000  200000000
   2      715    66470   199985     51100632539     51100832524        86657864     132881      65803     200000         40     7    1400000   69267000  200000000  200000000
   2      715    66460   200001     51100832532     51101032534        86857857     132997      65803     200000         50     7    1400000   69267000  200000000  200000000
   2      715    66480   199984     51101032543     51101232527        87057868     132819      65803     200000         43     7    1400000   69267000  200000000  200000000
   2      715    66479   199990     51101232537     51101432526        87257862     132824      65803     200000         42     7    1400000   69267000  200000000  200000000
   2      715    66465   199988     51101432535     51101632523        87457860     132965      65803     200000         39     7    1400000   69267000  200000000  200000000
   2      715    66461   199995     51101632532     51101832527        87657857     133011      65803     200000         43     7    1400000   69267000  200000000  200000000
   2      715    66459   199988     51101832536     51102032523        87857861     133002      65803     200000         39     7    1400000   69267000  200000000  200000000
   2      715    66473   200001     51102032532     51102232533        88057857     132861      65803     200000         49     7    1400000   69267000  200000000  200000000
   2      715    66468   199981     51102232542     51102432523        88257867     132938      65803     200000         39     7    1400000   69267000  200000000  200000000
   2      715    66465   199991     51102432532     51102632523        88457857     132985      65803     200000         39     7    1400000   69267000  200000000  200000000
   2      715    66467   200002     51102632532     51102832535        88657857     132941      65803     200000         51     7    1400000   69267000  200000000  200000000
   2      715    66463   199980     51102832543     51103032523        88857868     132936      65803     200000         39     7    1400000   69267000  200000000  200000000
   2      715    66474   200002     51103032532     51103232534        89057857     132844      65803     200000         49     7    1400000   69267000  200000000  200000000
   2      715    66477   199983     51103232543     51103432526        89257868     132850      65803     200000         42     7    1400000   69267000  200000000  200000000
   2      715    66462   200000     51103432535     51103632535        89457860     133025      65803     200000         49     7    1400000   69267000  200000000  200000000
   2      715    66469   199984     51103632544     51103832527        89657869     132927      65803     200000         43     7    1400000   69267000  200000000  200000000
   2      715    66458   199990     51103832536     51104032526        89857861     133031      65803     200000         42     7    1400000   69267000  200000000  200000000
   2      715    66472   199989     51104032535     51104232524        90057859     132863      65803     200000         40     7    1400000   69267000  200000000  200000000
