#idx     perf      run   period           start             end          rel_st      slack c_duration   c_period     wu_lat   cpu       freq dl_runtime  dl_period dl_deadline
   4      433    40308   709965     15748869040     15749579004          764175     441927      39902     710000         53     5    1400000   42003000  710000000  710000000
   4      433    40312   709987     15749579014     15750289000         1474149     669198      39902     710000         48     7    1400000   42003000  710000000  710000000
   4      433    40314   713006     15750289010     15751002015         2184145     669218      39902     710000       3064     7    1400000   42003000  710000000  710000000
   4      433    40313   706969     15751002024     15751708993         2897160     666160      39902     710000         42     7    1400000   42003000  710000000  710000000
   4      433    40314   709991     15751709002     15752418993         3604138     669222      39902     710000         42     7    1400000   42003000  710000000  710000000
   4      433    40308   709993     15752419002     15753128994         4314137     669287      39902     710000         43     7    1400000   42003000  710000000  710000000
   4      433    40309   709999     15753129003     15753839002         5024139     669269      39902     710000         50     7    1400000   42003000  710000000  710000000
   4      433    40308   709981     15753839011     15754548992         5734146     669236      39902     710000         41     7    1400000   42003000  710000000  710000000
   4      433    40309   709993     15754549001     15755258994         6444136     669251      39902     710000         42     7    1400000   42003000  710000000  710000000
   4      433    40318   710018     15755259003     15755969021         7154138     669211      39902     710000         70     7    1400000   42003000  710000000  710000000
   4      433    40333   709969     15755969031     15756679000         7864166     636200      39902     710000         49     7    1400000   42003000  710000000  710000000
   4      433    40312   709993     15756679009     15757389003         8574145     669235      39902     710000         51     7    1400000   42003000  710000000  710000000
   4      433    40311   709985     15757389012     15758098997         9284147     669250      39902     710000         45     7    1400000   42003000  710000000  710000000
   4      433    40333   709987     15758099006     15758808993         9994141     636273      39902     710000         41     7    1400000   42003000  710000000  710000000
   4      433    40309   709993     15758809002     15759518994        10704137     669202      39902     710000         43     7    1400000   42003000  710000000  710000000
   4      433    40312   709998     15759519003     15760229002        11414139     669245      39902     710000         51     7    1400000   42003000  710000000  710000000
   4      433    40327   709984     15760229011     15760938994        12124146     669117      39902     710000         43     6    1400000   42003000  710000000  710000000
   4      433    40312   709989     15760939003     15761648992        12834139     669243      39902     710000         41     7    1400000   42003000  710000000  710000000
   4      433    40307   709993     15761649001     15762358994        13544137     669235      39902     710000         43     7    1400000   42003000  710000000  710000000
   4      433    40307   710019     15762359003     15763069022        14254138     669231      39902     710000         70     7    1400000   42003000  710000000  710000000
   4      433    40316   709969     15763069032     15763779001        14964167     669163      39902     710000         49     7    1400000   42003000  710000000  710000000
   4      433    40314   709990     15763779010     15764489000        15674146     669212      39902     710000         49     7    1400000   42003000  710000000  710000000
   4      433    40314   709984     15764489009     15765198993        16384144     669208      39902     710000         42     7    1400000   42003000  710000000  710000000
   4      433    40317   709954     15765199040     15765908994        17094176     669154      39902     710000         42     7    1400000   42003000  710000000  710000000
   4      433    40310   709991     15765909003     15766618994        17804138     669266      39902     710000         42     7    1400000   42003000  710000000  710000000
   4      433    40306   709984     15766619002     15767328986        18514138     669297      39902     710000         35     7    1400000   42003000  710000000  710000000
   4      433    40350   710005     15767328996     15768039001        19224131     621877      39902     710000         49     7    1400000   42003000  710000000  710000000
   4      433    40331   709982     15768039010     15768748992        19934145     669114      39902     710000         41     6    1400000   42003000  710000000  710000000
   4      433    40312   709995     15768749001     15769458996        20644136     669228      39902     710000         44     7    1400000   42003000  710000000  710000000
   4      433    40339   710036     15769459005     15770169040        21354140     621919      39902     710000         89     6    1400000   42003000  710000000  710000000
   4      433    40314   709950     15770169050     15770879000        22064185     669176      39902     710000         48     7    1400000   42003000  710000000  710000000
   4      433    40315   709985     15770879009     15771588994        22774144     669200      39902     710000         42     7    1400000   42003000  710000000  710000000
   4      433    40311   710002     15771589002     15772299005        23484138     669259      39902     710000         53     7    1400000   42003000  710000000  710000000
   4      433    40310   709988     15772299013     15773009002        24194149     669205      39902     710000         50     7    1400000   42003000  710000000  710000000
   4      433    40313   709983     15773009011     15773718994        24904147     669215      39902     710000         43     7    1400000   42003000  710000000  710000000
   4      433    40315   709990     15773719003     15774428993        25614138     669235      39902     710000         41     7    1400000   42003000  710000000  710000000
   4      433    40311   709991     15774429002     15775138993        26324137     669239      39902     710000         42     7    1400000   42003000  710000000  710000000
   4      433    40311   709990     15775139002     15775848993        27034138     669245      39902     710000         41     7    1400000   42003000  710000000  710000000
   4      433    40309   709991     15775849002     15776558992        27744137     669246      39902     710000         41     7    1400000   42003000  710000000  710000000
   4      433    40332   710018     15776559001     15777269019        28454137     636159      39902     710000         67     7    1400000   42003000  710000000  710000000
   4      433    40312   709972     15777269028     15777979000        29164164     669191      39902     710000         49     7    1400000   42003000  710000000  710000000
   4      433    40312   742928     15777979009     15778721938        29874145     669223      39902     710000      32986     7    1400000   42003000  710000000  710000000
   4      433    40311   677047     15778721947     15779398993        30617082     636316      39902     710000         42     7    1400000   42003000  710000000  710000000
   4      433    40315   709992     15779399002     15780108994        31294138     669215      39902     710000         42     7    1400000   42003000  710000000  710000000
   4      433    40306   709998     15780109003     15780819001        32004138     669258      39902     710000         49     7    1400000   42003000  710000000  710000000
   4      433    40309   709982     15780819010     15781528992        32714145     669276      39902     710000         41     5    1400000   42003000  710000000  710000000
   4      433    40340   709993     15781529001     15782238994        33424136     669074      39902     710000         42     5    1400000   42003000  710000000  710000000
   4      433    40310   709955     15782239038     15782948994        34134174     669206      39902     710000         42     7    1400000   42003000  710000000  710000000
   4      433    40309   709990     15782949002     15783658992        34844138     669250      39902     710000         40     7    1400000   42003000  710000000  710000000
   4      433    40313   710019     15783659001     15784369021        35554137     669240      39902     710000         69     7    1400000   42003000  710000000  710000000
   4      433    40314   709970     15784369030     15785079000        36264165     669178      39902     710000         49     7    1400000   42003000  710000000  710000000
   4      433    40316   709986     15785079009     15785788995        36974145     669228      39902     710000         44     7    1400000   42003000  710000000  710000000
   4      433    40329   709997     15785789004     15786499001        37684140     669190      39902     710000         50     7    1400000   42003000  710000000  710000000
   4      433    40311   709984     15786499010     15787208994        38394146     669214      39902     710000         42     7    1400000   42003000  710000000  710000000
   4      433    40313   709989     15787209003     15787918992        39104138     669234      39902     710000         40     7    1400000   42003000  710000000  710000000
   4      433    40326   709999     15787919001     15788629000        39814136     669124      39902     710000         49     7    1400000   42003000  710000000  710000000
   4      433    40329   709979     15788629009     15789338988        40524145     669126      39902     710000         36     6    1400000   42003000  710000000  710000000
   4      433    40327   709996     15789338997     15790048993        41234132     669142      39902     710000         42     6    1400000   42003000  710000000  710000000
   4      433    40310   709991     15790049002     15790758993        41944137     669226      39902     710000         41     5    1400000   42003000  710000000  710000000
   4      433    40328   757324     15790759002     15791516326        42654137     669172      39902     710000      47375     5    1400000   42003000  710000000  710000000
   4      433    40310   699928     15791516335     15792216263        43411471     621854      39902     710000      37312     6    1400000   42003000  710000000  710000000
   4      433    40316   699969     15792216272     15792916242        44111407     631944      39902     710000      27290     6    1400000   42003000  710000000  710000000
   4      433    40316   700033     15792916250     15793616284        44811386     641957      39902     710000      17332     6    1400000   42003000  710000000  710000000
   4      433    40315   692710     15793616293     15794309003        45511428     651886      39902     710000         52     6    1400000   42003000  710000000  710000000
   4      433    40310   709976     15794309012     15795018988        46204147     669185      39902     710000         37     5    1400000   42003000  710000000  710000000
   4      433    40317   710023     15795018997     15795729021        46914133     669210      39902     710000         69     5    1400000   42003000  710000000  710000000
   4      433    40340   709971     15795729030     15796439001        47624165     621845      39902     710000         49     6    1400000   42003000  710000000  710000000
   4      433    40336   709983     15796439010     15797148993        48334145     621860      39902     710000         41     6    1400000   42003000  710000000  710000000
   4      433    40336   709991     15797149002     15797858993        49044137     621935      39902     710000         41     6    1400000   42003000  710000000  710000000
   4      433    40337   757281     15797859002     15798616283        49754137     621855      39902     710000      47331     6    1400000   42003000  710000000  710000000
   4      433    40321   662663     15798616326     15799278988        50511461     621808      39902     710000         37     6    1400000   42003000  710000000  710000000
   4      433    40311   710009     15799278998     15799989007        51174133     669238      39902     710000         55     5    1400000   42003000  710000000  710000000
   4      433    40333   709987     15799989016     15800699002        51884151     669072      39902     710000         51     5    1400000   42003000  710000000  710000000
   4      433    40313   709971     15800699012     15801408983        52594147     669205      39902     710000         31     7    1400000   42003000  710000000  710000000
   4      433    40318   710003     15801408992     15802118995        53304127     669205      39902     710000         44     7    1400000   42003000  710000000  710000000
   4      433    40320   709988     15802119005     15802828993        54014140     669174      39902     710000         41     7    1400000   42003000  710000000  710000000
   4      433    40317   709999     15802829002     15803539001        54724137     669192      39902     710000         49     7    1400000   42003000  710000000  710000000
   4      433    40307   709982     15803539010     15804248993        55434146     669242      39902     710000         41     7    1400000   42003000  710000000  710000000
   4      433    40312   709992     15804249002     15804958993        56144137     669198      39902     710000         42     7    1400000   42003000  710000000  710000000
   4      433    40308   710021     15804959002     15805669023        56854138     669213      39902     710000         71     7    1400000   42003000  710000000  710000000
   4      433    40313   709968     15805669032     15806379000        57564168     669180      39902     710000         49     7    1400000   42003000  710000000  710000000
   4      433    40334   709984     15806379009     15807088994        58274145     636189      39902     710000         42     7    1400000   42003000  710000000  710000000
   4      433    40311   709992     15807089003     15807798995        58984138     669242      39902     710000         43     7    1400000   42003000  710000000  710000000
   4      433    40316   710018     15807799004     15808509022        59694139     669219      39902     710000         71     7    1400000   42003000  710000000  710000000
   4      433    40311   709962     15808509031     15809218993        60404167     669193      39902     710000         41     5    1400000   42003000  710000000  710000000
   4      433    40320   709992     15809219002     15809928994        61114138     669229      39902     710000         43     5    1400000   42003000  710000000  710000000
   4      433    40329   709994     15809929003     15810638997        61824139     669165      39902     710000         45     6    1400000   42003000  710000000  710000000
   4      433    40332   709988     15810639006     15811348993        62534141     669128      39902     710000         42     6    1400000   42003000  710000000  710000000
   4      433    40310   709990     15811349003     15812058992        63244138     669244      39902     710000         41     7    1400000   42003000  710000000  710000000
   4      433    40312   710015     15812059001     15812769017        63954137     669237      39902     710000         65     7    1400000   42003000  710000000  710000000
   4      433    40318   709974     15812769026     15813479000        64664161     669198      39902     710000         48     7    1400000   42003000  710000000  710000000
   4      433    40314   709994     15813479009     15814189002        65374144     669225      39902     710000         51     7    1400000   42003000  710000000  710000000
   4      433    40314   709981     15814189012     15814898993        66084148     669222      39902     710000         42     7    1400000   42003000  710000000  710000000
   4      433    40310   709991     15814899002     15815608994        66794138     669206      39902     710000         42     7    1400000   42003000  710000000  710000000
   4      433    40325   709954     15815609043     15816318997        67504179     669140      39902     710000         46     7    1400000   42003000  710000000  710000000
   4      433    40316   709987     15816319006     15817028994        68214142     669212      39902     710000         42     6    1400000   42003000  710000000  710000000
   4      433    40329   709997     15817029003     15817738999        68924138     669164      39902     710000         48     6    1400000   42003000  710000000  710000000
   4      433    40324   709983     15817739009     15818448992        69634144     669134      39902     710000         41     7    1400000   42003000  710000000  710000000
   4      433    40310   710033     15818449001     15819159034        70344137     669228      39902     710000         83     5    1400000   42003000  710000000  710000000
   4      433    40336   757230     15819159044     15819916274        71054179     669056      39902     710000      47323     6    1400000   42003000  710000000  710000000
   4      433    40311   662720     15819916283     15820579003        71811418     621912      39902     710000         52     6    1400000   42003000  710000000  710000000
   4      433    40315   709988     15820579013     15821289000        72474148     669211      39902     710000         49     7    1400000   42003000  710000000  710000000
   4      433    40312   709985     15821289009     15821998994        73184145     669227      39902     710000         43     7    1400000   42003000  710000000  710000000
   4      433    40314   709990     15821999003     15822708994        73894139     669222      39902     710000         42     7    1400000   42003000  710000000  710000000
   4      433    40309   709991     15822709003     15823418994        74604138     669275      39902     710000         42     7    1400000   42003000  710000000  710000000
   4      433    40307   709998     15823419003     15824129001        75314138     669289      39902     710000         50     7    1400000   42003000  710000000  710000000
   4      433    40312   709983     15824129010     15824838993        76024145     669203      39902     710000         42     7    1400000   42003000  710000000  710000000
   4      433    40312   709990     15824839002     15825548992        76734138     669221      39902     710000         40     7    1400000   42003000  710000000  710000000
   4      433    40310   709998     15825549001     15826258999        77444136     669235      39902     710000         47     7    1400000   42003000  710000000  710000000
   4      433    40310   710005     15826259008     15826969012        78154143     669217      39902     710000         60     7    1400000   42003000  710000000  710000000
   4      433    40326   709979     15826969021     15827679000        78864157     669101      39902     710000         49     7    1400000   42003000  710000000  710000000
   4      433    40312   709983     15827679009     15828388992        79574145     669218      39902     710000         41     5    1400000   42003000  710000000  710000000
   4      433    40327   732966     15828389001     15829121968        80284137     669149      39902     710000      23016     5    1400000   42003000  710000000  710000000
   4      433    40316   687018     15829121976     15829808994        81017112     646257      39902     710000         42     7    1400000   42003000  710000000  710000000
   4      433    40315   709991     15829809003     15830518994        81704139     669216      39902     710000         43     7    1400000   42003000  710000000  710000000
   4      433    40313   709980     15830519003     15831228983        82414138     669220      39902     710000         31     7    1400000   42003000  710000000  710000000
   4      433    40316   710000     15831228992     15831938992        83124127     669253      39902     710000         40     7    1400000   42003000  710000000  710000000
   4      433    40307   709955     15831939037     15832648992        83834172     669241      39902     710000         41     7    1400000   42003000  710000000  710000000
   4      433    40308   709999     15832649001     15833359000        84544137     669242      39902     710000         49     7    1400000   42003000  710000000  710000000
   4      433    40315   710011     15833359010     15834069021        85254145     669217      39902     710000         69     7    1400000   42003000  710000000  710000000
   4      433    40316   709970     15834069030     15834779000        85964166     669153      39902     710000         49     7    1400000   42003000  710000000  710000000
   4      433    40313   709991     15834779009     15835489000        86674145     669215      39902     710000         49     7    1400000   42003000  710000000  710000000
   4      433    40311   709991     15835489009     15836199001        87384145     669229      39902     710000         49     7    1400000   42003000  710000000  710000000
   4      433    40325   709984     15836199010     15836908993        88094145     669142      39902     710000         42     7    1400000   42003000  710000000  710000000
   4      433    40308   709991     15836909002     15837618994        88804138     669285      39902     710000         42     5    1400000   42003000  710000000  710000000
