#idx     perf      run   period           start             end          rel_st      slack c_duration   c_period     wu_lat   cpu       freq dl_runtime  dl_period dl_deadline
   3      403    52458   148903    130608634158    130608783061         3805101      77901      37087     220000      17927     5    1000000   39087000  220000000  220000000
   3      403    52462   202112    130608783073    130608985185         3954017     148990      37087     220000         52     5    1000000   39087000  220000000  220000000
   3      403    52476   220033    130608985197    130609205230         4156141     166898      37087     220000         95     5    1000000   39087000  220000000  220000000
   3      403    43895   219929    130609205244    130609425173         4376188     175514      37087     220000         41     7    1000000   39087000  220000000  220000000
   3      403    37462   220002    130609425182    130609645184         4596126     182136      37087     220000         51     7    1400000   39087000  220000000  220000000
   3      403    37470   219974    130609645193    130609865167         4816137     182066      37087     220000         34     7    1400000   39087000  220000000  220000000
   3      403    37642   220006    130609865176    130610085182         5036120     180754      37087     220000         49     7    1400000   39087000  220000000  220000000
   3      403    37467   219996    130610085191    130610305187         5256135     182116      37087     220000         54     4    1400000   39087000  220000000  220000000
   3      403    44001   219979    130610305198    130610525177         5476142     175357      37087     220000         44     4    1100000   39087000  220000000  220000000
   3      403    43713   220002    130610525187    130610745189         5696131     175781      37087     220000         55     7    1200000   39087000  220000000  220000000
   3      403    43716   219983    130610745201    130610965184         5916145     175749      37087     220000         51     7    1200000   39087000  220000000  220000000
   3      403    43714   219984    130610965195    130611185179         6136138     175716      37087     220000         45     7    1200000   39087000  220000000  220000000
   3      403    43730   219996    130611185189    130611405185         6356132     175709      37087     220000         52     7    1200000   39087000  220000000  220000000
   3      403    37476   219980    130611405194    130611625174         6576138     182010      37087     220000         41     6    1400000   39087000  220000000  220000000
   3      403    37481   220009    130611625183    130611845192         6796127     182016      37087     220000         58     6    1400000   39087000  220000000  220000000
   3      403    37479   219978    130611845201    130612065179         7016145     182033      37087     220000         45     4    1400000   39087000  220000000  220000000
   3      403    37465   220001    130612065187    130612285189         7236131     182139      37087     220000         55     4    1400000   39087000  220000000  220000000
   3      403    37477   219990    130612285198    130612505187         7456141     182029      37087     220000         54     4    1400000   39087000  220000000  220000000
   3      403    52467   219992    130612505200    130612725192         7676144     166816      37087     220000         56     4    1000000   39087000  220000000  220000000
   3      403    47706   238584    130612725203    130612963787         7896147     151368      37087     220000      18654     4    1100000   39087000  220000000  220000000
   3      403    43717   201369    130612963798    130613165167         8134741     157175      37087     220000         33     4    1200000   39087000  220000000  220000000
   3      403    43717   220003    130613165177    130613385180         8336121     175802      37087     220000         47     4    1200000   39087000  220000000  220000000
   3      403    43717   219989    130613385190    130613605179         8556134     175758      37087     220000         46     4    1200000   39087000  220000000  220000000
   3      403    40348   219944    130613605230    130613825174         8776174     179154      37087     220000         41     4    1300000   39087000  220000000  220000000
   3      403    40356   220002    130613825184    130614045185         8996127     179135      37087     220000         52     4    1300000   39087000  220000000  220000000
   3      403    38384   219984    130614045195    130614265179         9216139     181124      37087     220000         46     4    1300000   39087000  220000000  220000000
   3      403    37472   219995    130614265188    130614485183         9436132     182061      37087     220000         50     4    1400000   39087000  220000000  220000000
   3      403    37467   219982    130614485192    130614705174         9656136     182071      37087     220000         41     4    1400000   39087000  220000000  220000000
   3      403    37471   219992    130614705183    130614925175         9876127     182090      37087     220000         41     4    1400000   39087000  220000000  220000000
   3      403    37488   220061    130614925184    130615145246        10096128     182018      37087     220000        112     4    1400000   39087000  220000000  220000000
   3      403    37467   203145    130615162023    130615365168        10332967     165257      37087     220000         35     7    1400000   39087000  220000000  220000000
   3      403    37467   220006    130615365177    130615585183        10536121     182108      37087     220000         50     7    1400000   39087000  220000000  220000000
   3      403    37468   219982    130615585192    130615805174        10756135     182091      37087     220000         41     7    1400000   39087000  220000000  220000000
   3      403    37465   219997    130615805183    130616025180        10976127     182102      37087     220000         47     7    1400000   39087000  220000000  220000000
   3      403    37475   219997    130616025189    130616245186        11196133     182073      37087     220000         53     7    1400000   39087000  220000000  220000000
   3      403    37467   219979    130616245195    130616465174        11416139     182133      37087     220000         41     7    1400000   39087000  220000000  220000000
   3      403    37462   219996    130616465183    130616685178        11636126     182166      37087     220000         44     7    1400000   39087000  220000000  220000000
   3      403    37471   220001    130616685187    130616905188        11856131     182075      37087     220000         55     7    1400000   39087000  220000000  220000000
   3      403    37473   219971    130616905197    130617125168        12076140     182064      37087     220000         35     7    1400000   39087000  220000000  220000000
   3      403    37470   220023    130617125177    130617345200        12296121     182030      37087     220000         65     7    1400000   39087000  220000000  220000000
   3      403    52460   219965    130617345212    130617565177        12516156     166913      37087     220000         44     7    1000000   39087000  220000000  220000000
   3      403    43715   219989    130617565188    130617785176        12736131     175716      37087     220000         43     4    1200000   39087000  220000000  220000000
   3      403    43715   219995    130617785186    130618005182        12956130     175779      37087     220000         47     4    1200000   39087000  220000000  220000000
   3      403    43722   220026    130618005192    130618225218        13176136     175714      37087     220000         85     4    1200000   39087000  220000000  220000000
   3      403    40604   219992    130618225229    130618445221        13396173     178769      37087     220000         88     7    1200000   39087000  220000000  220000000
   3      403    37473   219945    130618445230    130618665176        13616174     182020      37087     220000         42     4    1400000   39087000  220000000  220000000
   3      403    37464   219996    130618665185    130618885180        13836128     182127      37087     220000         47     4    1400000   39087000  220000000  220000000
   3      403    37471   219953    130618885223    130619105176        14056166     182086      37087     220000         43     4    1400000   39087000  220000000  220000000
   3      403    37463   219992    130619105185    130619325177        14276128     182160      37087     220000         43     4    1400000   39087000  220000000  220000000
   3      403    43720   220009    130619325187    130619545195        14496130     175684      37087     220000         62     4    1200000   39087000  220000000  220000000
   3      403    43723   219977    130619545206    130619765183        14716150     175681      37087     220000         48     4    1200000   39087000  220000000  220000000
   3      403    40353   219988    130619765194    130619985181        14936137     179179      37087     220000         48     4    1300000   39087000  220000000  220000000
   3      403    40348   219994    130619985191    130620205185        15156135     179224      37087     220000         50     4    1300000   39087000  220000000  220000000
   3      403    40346   219995    130620205195    130620425190        15376139     179217      37087     220000         56     4    1300000   39087000  220000000  220000000
   3      403    37480   219997    130620425199    130620645197        15596143     182029      37087     220000         64     4    1400000   39087000  220000000  220000000
   3      403    37466   219962    130620645206    130620865167        15816149     182108      37087     220000         35     4    1400000   39087000  220000000  220000000
   3      403    37474   220010    130620865176    130621085186        16036120     182097      37087     220000         53     4    1400000   39087000  220000000  220000000
   3      403    37469   219984    130621085195    130621305179        16256139     182093      37087     220000         46     4    1400000   39087000  220000000  220000000
   3      403    37467   220003    130621305189    130621525192        16476133     182091      37087     220000         59     4    1400000   39087000  220000000  220000000
   3      403    43713   220015    130621525202    130621745218        16696146     175727      37087     220000         83     4    1200000   39087000  220000000  220000000
   3      403    43719   219953    130621745229    130621965182        16916173     175680      37087     220000         47     4    1200000   39087000  220000000  220000000
   3      403    40347   219990    130621965192    130622185182        17136135     179160      37087     220000         49     4    1300000   39087000  220000000  220000000
   3      403    40348   219983    130622185192    130622405175        17356135     179220      37087     220000         42     4    1300000   39087000  220000000  220000000
   3      403    40355   219991    130622405184    130622625176        17576128     179145      37087     220000         42     4    1300000   39087000  220000000  220000000
   3      403    40348   220000    130622625185    130622845185        17796128     179202      37087     220000         51     4    1300000   39087000  220000000  220000000
   3      403    38406   219972    130622845194    130623065167        18016138     181130      37087     220000         34     4    1300000   39087000  220000000  220000000
   3      403    37462   219999    130623065175    130623285174        18236119     182161      37087     220000         41     7    1400000   39087000  220000000  220000000
   3      403    37465   220000    130623285183    130623505183        18456126     182149      37087     220000         50     7    1400000   39087000  220000000  220000000
   3      403    37467   219982    130623505192    130623725175        18676136     182083      37087     220000         42     7    1400000   39087000  220000000  220000000
   3      403    37488   220011    130623725183    130623945194        18896127     182035      37087     220000         61     7    1400000   39087000  220000000  220000000
   3      403    37483   203750    130623961417    130624165167        19132360     165792      37087     220000         34     5    1400000   39087000  220000000  220000000
   3      403    37471   220009    130624165175    130624385184        19336119     182050      37087     220000         51     4    1400000   39087000  220000000  220000000
   3      403    37463   219982    130624385193    130624605174        19556136     182171      37087     220000         41     4    1400000   39087000  220000000  220000000
   3      403    37472   220001    130624605183    130624825184        19776127     182127      37087     220000         51     4    1400000   39087000  220000000  220000000
   3      403    37466   219989    130624825193    130625045182        19996137     182131      37087     220000         48     4    1400000   39087000  220000000  220000000
   3      403    43719   220005    130625045193    130625265198        20216137     175699      37087     220000         65     4    1200000   39087000  220000000  220000000
   3      403    43723   219967    130625265209    130625485176        20436152     175733      37087     220000         43     4    1200000   39087000  220000000  220000000
   3      403    43719   219990    130625485187    130625705176        20656130     175750      37087     220000         43     4    1200000   39087000  220000000  220000000
   3      403    40348   219997    130625705186    130625925183        20876130     179205      37087     220000         50     4    1300000   39087000  220000000  220000000
   3      403    39102   220007    130625925193    130626145200        21096136     180394      37087     220000         67     4    1300000   39087000  220000000  220000000
   3      403    37469   219989    130626145209    130626365198        21316153     182073      37087     220000         64     4    1400000   39087000  220000000  220000000
   3      403    37469   219980    130626365208    130626585188        21536151     182105      37087     220000         55     4    1400000   39087000  220000000  220000000
   3      403    37464   219979    130626585197    130626805175        21756140     182073      37087     220000         42     4    1400000   39087000  220000000  220000000
   3      403    37470   220004    130626805184    130627025188        21976128     182094      37087     220000         55     4    1400000   39087000  220000000  220000000
   3      403    47692   220051    130627025199    130627245250        22196143     171743      37087     220000        115     4    1100000   39087000  220000000  220000000
   3      403    38049   219922    130627245261    130627465183        22416204     181423      37087     220000         50     7    1200000   39087000  220000000  220000000
   3      403    37466   219988    130627465192    130627685180        22636136     182130      37087     220000         47     7    1400000   39087000  220000000  220000000
   3      403    37467   219992    130627685189    130627905181        22856133     182111      37087     220000         48     7    1400000   39087000  220000000  220000000
   3      403    37484   219991    130627905190    130628125181        23076133     182025      37087     220000         48     7    1400000   39087000  220000000  220000000
   3      403    37484   220036    130628125190    130628345226        23296133     181959      37087     220000         93     6    1400000   39087000  220000000  220000000
   3      403    37466   219941    130628345235    130628565176        23516179     181992      37087     220000         43     7    1400000   39087000  220000000  220000000
   3      403    37463   219989    130628565184    130628785174        23736128     182159      37087     220000         40     7    1400000   39087000  220000000  220000000
   3      403    37468   219991    130628785182    130629005174        23956126     182088      37087     220000         41     7    1400000   39087000  220000000  220000000
   3      403    37462   219994    130629005182    130629225176        24176126     182179      37087     220000         42     7    1400000   39087000  220000000  220000000
   3      403    37469   219979    130629225215    130629445195        24396159     182013      37087     220000         60     7    1400000   39087000  220000000  220000000
   3      403    40351   219963    130629445204    130629665167        24616148     179146      37087     220000         34     7    1300000   39087000  220000000  220000000
   3      403    40352   220000    130629665176    130629885176        24836120     179204      37087     220000         43     7    1300000   39087000  220000000  220000000
   3      403    40346   219990    130629885185    130630105175        25056129     179158      37087     220000         42     7    1300000   39087000  220000000  220000000
   3      403    40346   220010    130630105185    130630325195        25276128     179249      37087     220000         61     7    1300000   39087000  220000000  220000000
   3      403    52463   219991    130630325213    130630545203        25496156     166879      37087     220000         70     7    1300000   39087000  220000000  220000000
   3      403    40351   219972    130630545214    130630765186        25716157     179129      37087     220000         53     7    1300000   39087000  220000000  220000000
   3      403    40361   219993    130630765195    130630985188        25936139     179109      37087     220000         55     7    1300000   39087000  220000000  220000000
   3      403    40348   220002    130630985198    130631205200        26156142     179158      37087     220000         65     7    1300000   39087000  220000000  220000000
   3      403    40352   219987    130631205210    130631425198        26376154     179154      37087     220000         64     7    1300000   39087000  220000000  220000000
   3      403    47932   219996    130631425210    130631645206        26596154     171459      37087     220000         72     7    1000000   39087000  220000000  220000000
   3      403    47693   219971    130631645217    130631865188        26816161     171709      37087     220000         54     7    1100000   39087000  220000000  220000000
   3      403    40756   219978    130631865199    130632085176        27036143     178759      37087     220000         43     7    1100000   39087000  220000000  220000000
   3      403    37466   220008    130632085187    130632305195        27256130     182091      37087     220000         62     7    1400000   39087000  220000000  220000000
   3      403    37475   219962    130632305205    130632525166        27476148     182027      37087     220000         34     7    1400000   39087000  220000000  220000000
   3      403    37470   220026    130632525175    130632745201        27696119     182018      37087     220000         68     7    1400000   39087000  220000000  220000000
   3      403    37468   219974    130632745210    130632965185        27916154     182064      37087     220000         52     7    1400000   39087000  220000000  220000000
   3      403    40350   219980    130632965194    130633185174        28136138     179208      37087     220000         41     7    1300000   39087000  220000000  220000000
   3      403    40350   219992    130633185184    130633405176        28356128     179183      37087     220000         42     7    1300000   39087000  220000000  220000000
   3      403    37461   219996    130633405186    130633625182        28576130     182169      37087     220000         49     7    1400000   39087000  220000000  220000000
   3      403    37469   219987    130633625191    130633845178        28796135     182055      37087     220000         45     7    1400000   39087000  220000000  220000000
   3      403    37464   219982    130633845187    130634065169        29016131     182148      37087     220000         36     7    1400000   39087000  220000000  220000000
   3      403    37466   219998    130634065178    130634285176        29236122     182123      37087     220000         43     7    1400000   39087000  220000000  220000000
   3      403    37463   219963    130634285214    130634505177        29456158     182116      37087     220000         44     7    1400000   39087000  220000000  220000000
   3      403    43714   220006    130634505187    130634725193        29676131     175790      37087     220000         60     7    1200000   39087000  220000000  220000000
   3      403    43719   220004    130634725204    130634945208        29896147     175705      37087     220000         74     7    1200000   39087000  220000000  220000000
   3      403    43730   219948    130634945219    130635165166        30116162     166930      37087     220000         33     7    1200000   39087000  220000000  220000000
   3      403    43716   220001    130635165177    130635385178        30336120     175786      37087     220000         45     7    1200000   39087000  220000000  220000000
   3      403    52521   220009    130635385188    130635605197        30556132     166843      37087     220000         64     7    1200000   39087000  220000000  220000000
   3      403    52456   219957    130635605209    130635825166        30776153     166884      37087     220000         33     7    1000000   39087000  220000000  220000000
   3      403    43716   220012    130635825176    130636045188        30996119     175789      37087     220000         55     7    1200000   39087000  220000000  220000000
   3      403    43718   219982    130636045198    130636265180        31216142     175758      37087     220000         45     7    1200000   39087000  220000000  220000000
   3      403    43746   219979    130636265190    130636485169        31436134     175583      37087     220000         36     7    1200000   39087000  220000000  220000000
   3      403    43718   219988    130636485179    130636705168        31656123     175784      37087     220000         34     6    1200000   39087000  220000000  220000000
   3      403    42137   219997    130636705178    130636925174        31876121     177365      37087     220000         42     6    1200000   39087000  220000000  220000000
   3      403    37467   220005    130636925183    130637145188        32096126     182133      37087     220000         53     7    1400000   39087000  220000000  220000000
   3      403    37472   219985    130637145198    130637365182        32316141     182028      37087     220000         50     7    1400000   39087000  220000000  220000000
   3      403    37465   219985    130637365191    130637585177        32536135     182101      37087     220000         44     7    1400000   39087000  220000000  220000000
   3      403    37476   220047    130637585186    130637805233        32756129     182096      37087     220000         99     7    1400000   39087000  220000000  220000000
   3      403    38187   219928    130637805245    130638025173        32976189     181235      37087     220000         40     6    1000000   39087000  220000000  220000000
   3      403    37481   220017    130638025182    130638245199        33196126     182064      37087     220000         64     6    1400000   39087000  220000000  220000000
   3      403    37469   219985    130638245208    130638465192        33416151     181988      37087     220000         58     4    1400000   39087000  220000000  220000000
   3      403    37462   219985    130638465202    130638685187        33636146     182100      37087     220000         53     4    1400000   39087000  220000000  220000000
   3      403    37469   219984    130638685196    130638905180        33856140     182061      37087     220000         45     4    1400000   39087000  220000000  220000000
   3      403    40352   219992    130638905191    130639125183        34076134     179123      37087     220000         50     4    1300000   39087000  220000000  220000000
   3      403    40355   237143    130639125193    130639362336        34296137     179140      37087     220000      17204     4    1300000   39087000  220000000  220000000
   3      403    40347   202837    130639362346    130639565183        34533290     162067      37087     220000         50     4    1300000   39087000  220000000  220000000
   3      403    40351   219951    130639565226    130639785177        34736170     179135      37087     220000         44     4    1300000   39087000  220000000  220000000
   3      403    43980   219989    130639785187    130640005176        34956131     175481      37087     220000         43     4    1300000   39087000  220000000  220000000
   3      403    37462   219988    130640005185    130640225173        35176129     182154      37087     220000         40     7    1400000   39087000  220000000  220000000
   3      403    37466   220003    130640225182    130640445185        35396125     182130      37087     220000         52     7    1400000   39087000  220000000  220000000
   3      403    37485   219991    130640445195    130640665186        35616139     182014      37087     220000         53     7    1400000   39087000  220000000  220000000
   3      403    37471   219982    130640665196    130640885177        35836139     182047      37087     220000         44     4    1400000   39087000  220000000  220000000
   3      403    37463   219994    130640885187    130641105181        36056131     182161      37087     220000         46     4    1400000   39087000  220000000  220000000
   3      403    43709   219990    130641105192    130641325182        36276136     175813      37087     220000         49     4    1200000   39087000  220000000  220000000
   3      403    43719   219994    130641325192    130641545186        36496136     175667      37087     220000         53     4    1200000   39087000  220000000  220000000
   3      403    40356   219984    130641545196    130641765180        36716140     179109      37087     220000         47     4    1300000   39087000  220000000  220000000
   3      403    40349   220045    130641765190    130641985235        36936133     179197      37087     220000        102     4    1300000   39087000  220000000  220000000
   3      403    37678   219942    130641985244    130642205186        37156188     181781      37087     220000         53     6    1300000   39087000  220000000  220000000
   3      403    37472   219982    130642205195    130642425177        37376139     182038      37087     220000         44     6    1400000   39087000  220000000  220000000
   3      403    37479   220000    130642425186    130642645186        37596130     182045      37087     220000         50     6    1400000   39087000  220000000  220000000
   3      403    37470   219978    130642645195    130642865173        37816139     182083      37087     220000         40     4    1400000   39087000  220000000  220000000
   3      403    37471   219988    130642865182    130643085170        38036126     182100      37087     220000         36     4    1400000   39087000  220000000  220000000
   3      403    52471   220003    130643085182    130643305185        38256126     166869      37087     220000         51     4    1000000   39087000  220000000  220000000
   3      403    52467   219995    130643305197    130643525192        38476141     166823      37087     220000         58     4    1000000   39087000  220000000  220000000
   3      403    40375   220019    130643525202    130643745220        38696145     161900      37087     220000         87     4    1300000   39087000  220000000  220000000
   3      403    40354   219954    130643745230    130643965183        38916173     179132      37087     220000         50     7    1300000   39087000  220000000  220000000
   3      403    40349   219997    130643965192    130644185189        39136136     179215      37087     220000         55     7    1300000   39087000  220000000  220000000
   3      403    37467   219974    130644185198    130644405173        39356142     182051      37087     220000         40     7    1400000   39087000  220000000  220000000
   3      403    37465   219998    130644405182    130644625180        39576126     182136      37087     220000         47     7    1400000   39087000  220000000  220000000
   3      403    37485   219995    130644625224    130644845219        39796167     181996      37087     220000         86     7    1400000   39087000  220000000  220000000
   3      403    37473   219953    130644845228    130645065181        40016171     182020      37087     220000         48     4    1400000   39087000  220000000  220000000
   3      403    37466   219995    130645065190    130645285185        40236134     182146      37087     220000         50     4    1400000   39087000  220000000  220000000
   3      403    47688   219988    130645285196    130645505185        40456140     171711      37087     220000         51     4    1100000   39087000  220000000  220000000
   3      403    47688   219992    130645505195    130645725187        40676139     171749      37087     220000         54     4    1100000   39087000  220000000  220000000
   3      403    47690   220003    130645725198    130645945202        40896142     171772      37087     220000         69     4    1100000   39087000  220000000  220000000
   3      403    40360   219975    130645945212    130646165187        41116155     179093      37087     220000         54     4    1300000   39087000  220000000  220000000
   3      403    38376   219969    130646165197    130646385166        41336140     181059      37087     220000         33     4    1300000   39087000  220000000  220000000
   3      403    37469   220010    130646385174    130646605184        41556118     182101      37087     220000         51     6    1400000   39087000  220000000  220000000
   3      403    37473   219987    130646605193    130646825180        41776136     182057      37087     220000         47     6    1400000   39087000  220000000  220000000
   3      403    37484   220007    130646825189    130647045196        41996133     181996      37087     220000         63     6    1400000   39087000  220000000  220000000
   3      403    37471   219983    130647045206    130647265189        42216149     182079      37087     220000         55     4    1400000   39087000  220000000  220000000
   3      403    52473   219976    130647265202    130647485177        42436145     166797      37087     220000         44     4    1000000   39087000  220000000  220000000
   3      403    37463   219979    130647485187    130647705166        42656130     182149      37087     220000         33     4    1400000   39087000  220000000  220000000
   3      403    37473   220002    130647705175    130647925177        42876119     182088      37087     220000         43     4    1400000   39087000  220000000  220000000
   3      403    37469   220013    130647925187    130648145199        43096130     182029      37087     220000         66     4    1400000   39087000  220000000  220000000
   3      403    37478   219977    130648145209    130648365186        43316153     182036      37087     220000         53     4    1400000   39087000  220000000  220000000
   3      403    47687   219986    130648365198    130648585184        43536142     171804      37087     220000         51     4    1100000   39087000  220000000  220000000
   3      403    43710   219985    130648585194    130648805179        43756138     175804      37087     220000         45     4    1200000   39087000  220000000  220000000
   3      403    43519   219992    130648805189    130649025181        43976133     175937      37087     220000         48     4    1200000   39087000  220000000  220000000
   3      403    37487   220003    130649025190    130649245194        44196134     182005      37087     220000         61     5    1400000   39087000  220000000  220000000
   3      403    37470   219979    130649245203    130649465182        44416146     182098      37087     220000         49     4    1400000   39087000  220000000  220000000
   3      403    37474   219998    130649465191    130649685189        44636135     182076      37087     220000         56     4    1400000   39087000  220000000  220000000
   3      403    37472   219982    130649685198    130649905180        44856142     182101      37087     220000         45     4    1400000   39087000  220000000  220000000
   3      403    43711   219956    130649905227    130650125183        45076171     175770      37087     220000         49     4    1200000   39087000  220000000  220000000
   3      403    43726   219997    130650125194    130650345191        45296137     175743      37087     220000         56     4    1200000   39087000  220000000  220000000
   3      403    43723   219968    130650345201    130650565169        45516145     175601      37087     220000         36     4    1200000   39087000  220000000  220000000
   3      403    40356   220000    130650565178    130650785178        45736122     179095      37087     220000         44     4    1300000   39087000  220000000  220000000
   3      403    40347   219988    130650785188    130651005176        45956132     179211      37087     220000         42     4    1300000   39087000  220000000  220000000
   3      403    37469   219990    130651005187    130651225177        46176131     182030      37087     220000         43     4    1400000   39087000  220000000  220000000
   3      403    37464   220008    130651225185    130651445193        46396129     182157      37087     220000         60     4    1400000   39087000  220000000  220000000
   3      403    37480   219974    130651445202    130651665176        46616146     182004      37087     220000         43     4    1400000   39087000  220000000  220000000
   3      403    37468   219998    130651665185    130651885183        46836129     182094      37087     220000         50     4    1400000   39087000  220000000  220000000
   3      403    37468   219990    130651885193    130652105183        47056136     182123      37087     220000         49     4    1400000   39087000  220000000  220000000
   3      403    43714   219989    130652105193    130652325182        47276136     175815      37087     220000         48     4    1200000   39087000  220000000  220000000
   3      403    43720   220000    130652325193    130652545192        47496136     175703      37087     220000         58     4    1200000   39087000  220000000  220000000
   3      403    43723   219974    130652545203    130652765177        47716146     175716      37087     220000         44     4    1200000   39087000  220000000  220000000
   3      403    43712   219999    130652765187    130652985185        47936130     175768      37087     220000         51     4    1200000   39087000  220000000  220000000
   3      403    52457   220022    130652985198    130653205220        48156142     166887      37087     220000         86     4    1000000   39087000  220000000  220000000
   3      403    38044   219959    130653205232    130653425190        48376175     181424      37087     220000         56     6    1100000   39087000  220000000  220000000
   3      403    37482   219982    130653425199    130653645182        48596143     182005      37087     220000         49     6    1400000   39087000  220000000  220000000
   3      403    37469   219998    130653645191    130653865189        48816134     182092      37087     220000         56     7    1400000   39087000  220000000  220000000
   3      403    37471   219982    130653865198    130654085181        49036142     182076      37087     220000         48     7    1400000   39087000  220000000  220000000
   3      403    37463   219996    130654085189    130654305185        49256133     182157      37087     220000         52     7    1400000   39087000  220000000  220000000
   3      403    40384   219999    130654305195    130654525194        49476139     179042      37087     220000         61     7    1300000   39087000  220000000  220000000
   3      403    40367   282644    130654525204    130654807848        49696147     179089      37087     220000      62714     4    1300000   39087000  220000000  220000000
   3      403    37464   157325    130654807858    130654965183        49978801     119438      37087     220000         50     5    1400000   39087000  220000000  220000000
   3      403    37466   219962    130654965223    130655185185        50136167     182077      37087     220000         51     5    1400000   39087000  220000000  220000000
   3      403    37487   219982    130655185194    130655405176        50356138     181981      37087     220000         43     5    1400000   39087000  220000000  220000000
   3      403    37469   220000    130655405185    130655625184        50576128     182117      37087     220000         51     6    1400000   39087000  220000000  220000000
   3      403    37484   219992    130655625193    130655845185        50796137     181999      37087     220000         52     6    1400000   39087000  220000000  220000000
   3      403    47689   219988    130655845196    130656065185        51016140     171695      37087     220000         51     4    1100000   39087000  220000000  220000000
   3      403    47701   220029    130656065196    130656285225        51236140     171661      37087     220000         92     4    1100000   39087000  220000000  220000000
   3      403    40753   219940    130656285238    130656505178        51456182     178713      37087     220000         44     7    1100000   39087000  220000000  220000000
   3      403    40343   219987    130656505187    130656725174        51676131     179282      37087     220000         41     7    1300000   39087000  220000000  220000000
   3      403    40353   220020    130656725183    130656945203        51896127     179189      37087     220000         70     7    1300000   39087000  220000000  220000000
   3      403    40354   219971    130656945213    130657165184        52116156     179109      37087     220000         51     7    1300000   39087000  220000000  220000000
   3      403    40372   219981    130657165193    130657385174        52336137     179049      37087     220000         41     7    1300000   39087000  220000000  220000000
   3      403    40360   219991    130657385184    130657605175        52556128     179153      37087     220000         42     6    1300000   39087000  220000000  220000000
   3      403    40364   219994    130657605184    130657825178        52776128     179133      37087     220000         45     6    1300000   39087000  220000000  220000000
   3      403    40352   220011    130657825188    130658045199        52996131     179112      37087     220000         66     4    1300000   39087000  220000000  220000000
   3      403    40360   219974    130658045209    130658265183        53216152     179124      37087     220000         50     4    1300000   39087000  220000000  220000000
   3      403    40347   219989    130658265192    130658485181        53436136     179246      37087     220000         47     4    1300000   39087000  220000000  220000000
   3      403    52475   220005    130658485193    130658705198        53656136     166849      37087     220000         64     4    1000000   39087000  220000000  220000000
   3      403    52476   219977    130658705210    130658925187        53876154     166766      37087     220000         54     4    1000000   39087000  220000000  220000000
   3      403    47698   219984    130658925198    130659145182        54096142     171721      37087     220000         48     4    1100000   39087000  220000000  220000000
   3      403    47688   219984    130659145194    130659365178        54316138     171709      37087     220000         45     4    1100000   39087000  220000000  220000000
   3      403    47694   220001    130659365189    130659585191        54536133     171721      37087     220000         55     4    1100000   39087000  220000000  220000000
   3      403    47686   219980    130659585201    130659805182        54756145     171709      37087     220000         48     4    1100000   39087000  220000000  220000000
   3      403    47686   220034    130659805193    130660025227        54976137     171799      37087     220000         93     4    1100000   39087000  220000000  220000000
   3      403    42809   219951    130660025241    130660245191        55196184     176028      37087     220000         58     7     900000   39087000  220000000  220000000
   3      403    40355   219943    130660245233    130660465176        55416177     179134      37087     220000         43     4    1300000   39087000  220000000  220000000
   3      403    40349   219992    130660465185    130660685177        55636129     179162      37087     220000         44     4    1300000   39087000  220000000  220000000
   3      403    40344   220004    130660685187    130660905190        55856130     179274      37087     220000         57     4    1300000   39087000  220000000  220000000
   3      403    40359   219978    130660905200    130661125178        56076144     179149      37087     220000         45     4    1300000   39087000  220000000  220000000
   3      403    40698   220050    130661125189    130661345238        56296132     178780      37087     220000        106     4    1200000   39087000  220000000  220000000
   3      403    37471   219937    130661345246    130661565183        56516190     182005      37087     220000         49     4    1400000   39087000  220000000  220000000
   3      403    37470   219983    130661565192    130661785175        56736136     181979      37087     220000         42     4    1400000   39087000  220000000  220000000
   3      403    37463   219993    130661785185    130662005177        56956128     182141      37087     220000         44     4    1400000   39087000  220000000  220000000
   3      403    37464   219995    130662005186    130662225181        57176130     182158      37087     220000         48     4    1400000   39087000  220000000  220000000
   3      403    37471   219991    130662225190    130662445181        57396134     182092      37087     220000         48     4    1400000   39087000  220000000  220000000
   3      403    37470   220008    130662445190    130662665198        57616134     182114      37087     220000         64     4    1400000   39087000  220000000  220000000
   3      403    37466   219979    130662665207    130662885186        57836150     182105      37087     220000         53     4    1400000   39087000  220000000  220000000
   3      403    37471   219983    130662885195    130663105178        58056139     182087      37087     220000         44     4    1400000   39087000  220000000  220000000
   3      403    37469   219985    130663105188    130663325174        58276132     182089      37087     220000         41     4    1400000   39087000  220000000  220000000
   3      403    37472   220012    130663325183    130663545194        58496126     182094      37087     220000         61     4    1400000   39087000  220000000  220000000
   3      403    37473   219974    130663545204    130663765178        58716147     182062      37087     220000         45     4    1400000   39087000  220000000  220000000
   3      403    37469   219995    130663765186    130663985182        58936130     182100      37087     220000         49     4    1400000   39087000  220000000  220000000
   3      403    37461   219987    130663985190    130664205177        59156134     182177      37087     220000         44     4    1400000   39087000  220000000  220000000
   3      403    48557   220037    130664205186    130664425223        59376130     170790      37087     220000         89     4    1400000   39087000  220000000  220000000
   3      403    39294   219991    130664425234    130664645225        59596178     180101      37087     220000         90     6    1200000   39087000  220000000  220000000
   3      403    37471   219945    130664645234    130664865179        59816178     181990      37087     220000         46     4    1400000   39087000  220000000  220000000
   3      403    37466   219989    130664865188    130665085177        60036132     182105      37087     220000         44     4    1400000   39087000  220000000  220000000
   3      403    37467   219987    130665085186    130665305174        60256130     182123      37087     220000         41     4    1400000   39087000  220000000  220000000
   3      403    37472   219972    130665305213    130665525185        60476157     182075      37087     220000         50     4    1400000   39087000  220000000  220000000
   3      403    52466   242358    130665525197    130665767555        60696141     166798      37087     220000      22422     4    1000000   39087000  220000000  220000000
   3      403    52464   197612    130665767568    130665965179        60938511     144472      37087     220000         47     4    1000000   39087000  220000000  220000000
   3      403    37469   219993    130665965189    130666185181        61136132     182079      37087     220000         48     4    1400000   39087000  220000000  220000000
   3      403    37468   219991    130666185190    130666405181        61356134     182095      37087     220000         48     4    1400000   39087000  220000000  220000000
   3      403    37465   219990    130666405190    130666625181        61576134     182146      37087     220000         48     4    1400000   39087000  220000000  220000000
   3      403    37469   220015    130666625190    130666845205        61796134     182124      37087     220000         72     4    1400000   39087000  220000000  220000000
   3      403    37479   219981    130666845214    130667065195        62016158     182033      37087     220000         62     4    1400000   39087000  220000000  220000000
   3      403    52464   219978    130667065207    130667285185        62236151     166890      37087     220000         51     4    1000000   39087000  220000000  220000000
   3      403    52459   219983    130667285198    130667505181        62456141     166899      37087     220000         47     4    1000000   39087000  220000000  220000000
   3      403    47693   219995    130667505192    130667725187        62676135     171646      37087     220000         53     4    1100000   39087000  220000000  220000000
   3      403    47691   220023    130667725198    130667945221        62896141     171730      37087     220000         87     4    1100000   39087000  220000000  220000000
   3      403    47696   219946    130667945232    130668165178        63116176     171671      37087     220000         45     4    1100000   39087000  220000000  220000000
   3      403    37464   219996    130668165188    130668385184        63336132     182126      37087     220000         51     4    1400000   39087000  220000000  220000000
   3      403    37473   219986    130668385193    130668605179        63556137     182059      37087     220000         45     4    1400000   39087000  220000000  220000000
   3      403    37462   219995    130668605189    130668825184        63776133     182155      37087     220000         51     4    1400000   39087000  220000000  220000000
   3      403    37468   220001    130668825192    130669045193        63996136     182110      37087     220000         59     4    1400000   39087000  220000000  220000000
   3      403    41642   219973    130669045202    130669265176        64216146     177842      37087     220000         43     4    1400000   39087000  220000000  220000000
   3      403    43733   219991    130669265186    130669485177        64436129     175721      37087     220000         43     5    1200000   39087000  220000000  220000000
   3      403    43717   219988    130669485187    130669705175        64656130     175768      37087     220000         42     4    1200000   39087000  220000000  220000000
   3      403    37466   219987    130669705184    130669925171        64876128     182101      37087     220000         38     4    1400000   39087000  220000000  220000000
   3      403    37495   220037    130669925180    130670145216        65096123     182013      37087     220000         83     6    1400000   39087000  220000000  220000000
   3      403    37468   219946    130670145226    130670365171        65316169     182047      37087     220000         39     5    1400000   39087000  220000000  220000000
   3      403    37467   219996    130670365180    130670585176        65536124     182086      37087     220000         43     7    1400000   39087000  220000000  220000000
   3      403    43717   219950    130670585220    130670805170        65756164     175761      37087     220000         36     7    1200000   39087000  220000000  220000000
   3      403    43713   219988    130670805180    130671025167        65976123     175822      37087     220000         34     7    1200000   39087000  220000000  220000000
   3      403    43710   220014    130671025178    130671245191        66196121     175821      37087     220000         58     7    1200000   39087000  220000000  220000000
   3      403    37471   219977    130671245201    130671465178        66416144     182073      37087     220000         45     7    1400000   39087000  220000000  220000000
   3      403    37464   220012    130671465188    130671685200        66636132     182118      37087     220000         65     7    1400000   39087000  220000000  220000000
   3      403    37470   219963    130671685210    130671905173        66856154     182066      37087     220000         41     7    1400000   39087000  220000000  220000000
   3      403    37463   219997    130671905182    130672125179        67076126     182176      37087     220000         46     7    1400000   39087000  220000000  220000000
   3      403    37492   220008    130672125188    130672345197        67296132     182024      37087     220000         63     7    1400000   39087000  220000000  220000000
   3      403    37477   219962    130672345206    130672565168        67516150     182042      37087     220000         35     4    1400000   39087000  220000000  220000000
   3      403    37493   219990    130672565177    130672785167        67736121     181961      37087     220000         34     4    1400000   39087000  220000000  220000000
   3      403    37475   220001    130672785176    130673005177        67956120     182068      37087     220000         45     6    1400000   39087000  220000000  220000000
   3      403    37466   219996    130673005186    130673225182        68176130     182135      37087     220000         49     6    1400000   39087000  220000000  220000000
   3      403    38914   219989    130673225191    130673445180        68396135     180471      37087     220000         47     6    1400000   39087000  220000000  220000000
   3      403    40355   219989    130673445190    130673665179        68616133     179120      37087     220000         46     5    1300000   39087000  220000000  220000000
   3      403    40350   220004    130673665188    130673885192        68836132     179214      37087     220000         58     4    1300000   39087000  220000000  220000000
   3      403    40353   219964    130673885202    130674105167        69056146     179106      37087     220000         34     4    1300000   39087000  220000000  220000000
   3      403    40354   220003    130674105176    130674325180        69276120     179132      37087     220000         46     4    1300000   39087000  220000000  220000000
   3      403    40350   220032    130674325189    130674545220        69496133     179142      37087     220000         87     4    1300000   39087000  220000000  220000000
   3      403    43719   219953    130674545231    130674765183        69716175     175676      37087     220000         50     4    1200000   39087000  220000000  220000000
   3      403    43711   219984    130674765194    130674985177        69936137     175817      37087     220000         44     4    1200000   39087000  220000000  220000000
   3      403    40356   219993    130674985187    130675205179        70156130     179180      37087     220000         46     4    1300000   39087000  220000000  220000000
   3      403    40350   220046    130675205189    130675425234        70376132     179222      37087     220000        101     4    1300000   39087000  220000000  220000000
   3      403    37684   219949    130675425244    130675645193        70596187     181707      37087     220000         60     6    1300000   39087000  220000000  220000000
   3      403    37468   219990    130675645202    130675865192        70816146     182101      37087     220000         57     4    1400000   39087000  220000000  220000000
   3      403    37470   219947    130675865234    130676085181        71036178     182051      37087     220000         49     4    1400000   39087000  220000000  220000000
   3      403    37465   219986    130676085190    130676305177        71256134     182139      37087     220000         44     4    1400000   39087000  220000000  220000000
   3      403    37467   220000    130676305186    130676525186        71476129     182103      37087     220000         53     4    1400000   39087000  220000000  220000000
   3      403    37474   220002    130676525195    130676745197        71696139     182025      37087     220000         64     4    1400000   39087000  220000000  220000000
   3      403    37473   219961    130676745206    130676965167        71916150     182072      37087     220000         34     4    1400000   39087000  220000000  220000000
   3      403    37471   219998    130676965175    130677185173        72136119     182104      37087     220000         40     4    1400000   39087000  220000000  220000000
   3      403    37463   219998    130677185182    130677405180        72356125     182186      37087     220000         46     4    1400000   39087000  220000000  220000000
   3      403    42487   220007    130677405189    130677625196        72576132        -63      37087     220000          0     4    1400000   39087000  220000000  220000000
   3      403    37466   219995    130677625206    130677845201        72796150     182078      37087     220000         67     7    1400000   39087000  220000000  220000000
   3      403    37468   219974    130677845210    130678065184        73016154     182001      37087     220000         51     7    1400000   39087000  220000000  220000000
   3      403    37482   219981    130678065193    130678285174        73236137     182044      37087     220000         41     7    1400000   39087000  220000000  220000000
   3      403    37484   220039    130678285182    130678505222        73456126     182041      37087     220000         89     5    1400000   39087000  220000000  220000000
   3      403    37829   219952    130678505232    130678725184        73676176     181702      37087     220000         51     6    1200000   39087000  220000000  220000000
   3      403    37485   219995    130678725193    130678945187        73896136     182004      37087     220000         54     6    1400000   39087000  220000000  220000000
   3      403    37471   219981    130678945196    130679165177        74116140     182065      37087     220000         45     7    1400000   39087000  220000000  220000000
   3      403    37464   219989    130679165186    130679385176        74336130     182149      37087     220000         43     7    1400000   39087000  220000000  220000000
   3      403    37467   219998    130679385185    130679605183        74556129     182073      37087     220000         49     7    1400000   39087000  220000000  220000000
   3      403    40352   220006    130679605193    130679825199        74776137     179168      37087     220000         66     7    1300000   39087000  220000000  220000000
   3      403    40359   219976    130679825209    130680045185        74996153     179137      37087     220000         52     7    1300000   39087000  220000000  220000000
   3      403    40346   219996    130680045194    130680265190        75216138     179244      37087     220000         56     7    1300000   39087000  220000000  220000000
   3      403    37658   219980    130680265200    130680485180        75436144     181833      37087     220000         47     7    1300000   39087000  220000000  220000000
   3      403    37462   219985    130680485188    130680705173        75656132     182186      37087     220000         39     7    1400000   39087000  220000000  220000000
   3      403    37466   219985    130680705182    130680925167        75876126     182046      37087     220000         34     7    1400000   39087000  220000000  220000000
   3      403    37471   235972    130680925208    130681161180        76096152     182010      37087     220000      16047     7    1400000   39087000  220000000  220000000
   3      403    37470   203992    130681161188    130681365180        76332132     166111      37087     220000         47     7    1400000   39087000  220000000  220000000
   3      403    43707   219985    130681365190    130681585175        76536134     175851      37087     220000         42     7    1200000   39087000  220000000  220000000
   3      403    43712   219990    130681585185    130681805175        76756129     175794      37087     220000         42     7    1200000   39087000  220000000  220000000
   3      403    43710   219993    130681805185    130682025178        76976129     175844      37087     220000         45     7    1200000   39087000  220000000  220000000
   3      403    40347   219991    130682025187    130682245178        77196131     179214      37087     220000         45     7    1300000   39087000  220000000  220000000
   3      403    40368   219986    130682245189    130682465174        77416132     179062      37087     220000         41     7    1300000   39087000  220000000  220000000
   3      403    40366   220000    130682465184    130682685184        77636127     179093      37087     220000         51     5    1300000   39087000  220000000  220000000
   3      403    40350   219989    130682685193    130682905182        77856137     179169      37087     220000         49     6    1300000   39087000  220000000  220000000
   3      403    40395   219990    130682905192    130683125181        78076135     179105      37087     220000         48     6    1300000   39087000  220000000  220000000
   3      403    40352   220043    130683125191    130683345234        78296134     179181      37087     220000        101     4    1300000   39087000  220000000  220000000
   3      403    37657   219943    130683345244    130683565186        78516187     181849      37087     220000         53     5    1300000   39087000  220000000  220000000
   3      403    37466   219986    130683565195    130683785181        78736139     182115      37087     220000         48     4    1400000   39087000  220000000  220000000
   3      403    37468   219989    130683785190    130684005180        78956134     182065      37087     220000         46     4    1400000   39087000  220000000  220000000
   3      403    37467   219974    130684005190    130684225163        79176133     182093      37087     220000         31     4    1400000   39087000  220000000  220000000
   3      403    37468   220031    130684225173    130684445204        79396116     182109      37087     220000         69     4    1400000   39087000  220000000  220000000
   3      403    37478   219962    130684445213    130684665175        79616157     182026      37087     220000         42     4    1400000   39087000  220000000  220000000
   3      403    37466   219997    130684665184    130684885181        79836127     182143      37087     220000         48     4    1400000   39087000  220000000  220000000
   3      403    37471   219987    130684885190    130685105177        80056134     182091      37087     220000         44     4    1400000   39087000  220000000  220000000
   3      403    37468   219981    130685105186    130685325167        80276129     182121      37087     220000         34     4    1400000   39087000  220000000  220000000
   3      403    37476   220011    130685325176    130685545187        80496119     182049      37087     220000         53     4    1400000   39087000  220000000  220000000
   3      403    47686   220008    130685545198    130685765206        80716142     171655      37087     220000         70     4    1100000   39087000  220000000  220000000
   3      403    46424   219965    130685765217    130685985182        80936161     172914      37087     220000         47     4    1100000   39087000  220000000  220000000
   3      403    43721   219990    130685985192    130686205183        81156136     175767      37087     220000         49     6    1200000   39087000  220000000  220000000
   3      403    43727   219945    130686205232    130686425177        81376175     175706      37087     220000         43     6    1200000   39087000  220000000  220000000
   3      403    40357   219999    130686425186    130686645185        81596130     179129      37087     220000         52     4    1300000   39087000  220000000  220000000
   3      403    40347   219971    130686645195    130686865166        81816138     179134      37087     220000         33     4    1300000   39087000  220000000  220000000
   3      403    40349   220016    130686865175    130687085191        82036119     179187      37087     220000         57     4    1300000   39087000  220000000  220000000
   3      403    40350   219982    130687085200    130687305182        82256144     179094      37087     220000         49     4    1300000   39087000  220000000  220000000
   3      403    43525   219987    130687305192    130687525179        82476136     175889      37087     220000         46     4    1300000   39087000  220000000  220000000
   3      403    37468   220029    130687525188    130687745217        82696131     182091      37087     220000         84     4    1400000   39087000  220000000  220000000
   3      403    37476   219963    130687745226    130687965190        82916170     182001      37087     220000         57     4    1400000   39087000  220000000  220000000
   3      403    37467   219981    130687965199    130688185180        83136142     182089      37087     220000         46     4    1400000   39087000  220000000  220000000
   3      403    37471   219992    130688185189    130688405181        83356133     182038      37087     220000         48     4    1400000   39087000  220000000  220000000
   3      403    37462   219986    130688405190    130688625175        83576134     182179      37087     220000         41     4    1400000   39087000  220000000  220000000
   3      403    37467   219998    130688625185    130688845182        83796128     182102      37087     220000         50     4    1400000   39087000  220000000  220000000
   3      403    37467   219983    130688845191    130689065174        84016135     182113      37087     220000         41     4    1400000   39087000  220000000  220000000
   3      403    37461   219998    130689065183    130689285181        84236127     182181      37087     220000         48     4    1400000   39087000  220000000  220000000
   3      403    37465   219983    130689285190    130689505174        84456134     182076      37087     220000         41     4    1400000   39087000  220000000  220000000
   3      403    37465   220013    130689505182    130689725195        84676126     182151      37087     220000         62     4    1400000   39087000  220000000  220000000
   3      403    40696   220008    130689725206    130689945214        84896150     178701      37087     220000         81     4    1200000   39087000  220000000  220000000
   3      403    37476   219965    130689945224    130690165189        85116167     182027      37087     220000         56     4    1400000   39087000  220000000  220000000
   3      403    37469   219983    130690165197    130690385180        85336141     182078      37087     220000         47     4    1400000   39087000  220000000  220000000
   3      403    37461   219985    130690385189    130690605174        85556133     182189      37087     220000         41     4    1400000   39087000  220000000  220000000
   3      403    37478   220007    130690605183    130690825191        85776127     182021      37087     220000         55     4    1400000   39087000  220000000  220000000
   3      403    47689   219998    130690825202    130691045201        85996146     171671      37087     220000         67     4    1100000   39087000  220000000  220000000
   3      403    47696   219968    130691045212    130691265180        86216156     171719      37087     220000         47     4    1100000   39087000  220000000  220000000
   3      403    43714   219956    130691265226    130691485182        86436169     175730      37087     220000         47     4    1200000   39087000  220000000  220000000
   3      403    39079   219998    130691485192    130691705190        86656136     180392      37087     220000         56     4    1300000   39087000  220000000  220000000
   3      403    37468   219966    130691705200    130691925166        86876144     182083      37087     220000         34     7    1400000   39087000  220000000  220000000
   3      403    37474   220010    130691925175    130692145185        87096119     182019      37087     220000         51     7    1400000   39087000  220000000  220000000
   3      403    37467   219970    130692145195    130692365165        87316138     166089      37087     220000         32     7    1400000   39087000  220000000  220000000
   3      403    37466   220009    130692365173    130692585182        87536117     182115      37087     220000         47     7    1400000   39087000  220000000  220000000
   3      403    47691   219992    130692585194    130692805185        87756137     171711      37087     220000         52     7    1100000   39087000  220000000  220000000
   3      403    42306   219969    130692805196    130693025165        87976140     177232      37087     220000         33     7    1100000   39087000  220000000  220000000
   3      403    40352   220012    130693025175    130693245187        88196119     179193      37087     220000         54     7    1300000   39087000  220000000  220000000
   3      403    40347   219980    130693245196    130693465176        88416140     179254      37087     220000         43     7    1300000   39087000  220000000  220000000
   3      403    40355   219990    130693465186    130693685175        88636129     179168      37087     220000         42     7    1300000   39087000  220000000  220000000
   3      403    40348   219997    130693685185    130693905182        88856128     179255      37087     220000         47     7    1300000   39087000  220000000  220000000
   3      403    43716   219985    130693905192    130694125178        89076136     175676      37087     220000         44     7    1200000   39087000  220000000  220000000
   3      403    43714   220031    130694125188    130694345219        89296132     175749      37087     220000         86     7    1200000   39087000  220000000  220000000
   3      403    43713   219951    130694345229    130694565181        89516173     175635      37087     220000         47     7    1200000   39087000  220000000  220000000
   3      403    43710   219989    130694565190    130694785179        89736134     175799      37087     220000         46     7    1200000   39087000  220000000  220000000
   3      403    44136   219982    130694785189    130695005171        89956133     175354      37087     220000         38     7    1200000   39087000  220000000  220000000
   3      403    43715   220000    130695005182    130695225182        90176126     175747      37087     220000         47     7    1200000   39087000  220000000  220000000
   3      403    43717   219996    130695225193    130695445188        90396136     175818      37087     220000         55     7    1200000   39087000  220000000  220000000
   3      403    43623   219979    130695445199    130695665178        90616142     175822      37087     220000         45     7    1200000   39087000  220000000  220000000
   3      403    40350   219988    130695665188    130695885175        90836131     179199      37087     220000         42     7    1300000   39087000  220000000  220000000
   3      403    40350   219993    130695885185    130696105178        91056129     179232      37087     220000         45     7    1300000   39087000  220000000  220000000
   3      403    40354   219999    130696105188    130696325187        91276131     179124      37087     220000         53     7    1300000   39087000  220000000  220000000
   3      403    40349   220003    130696325198    130696545201        91496142     179140      37087     220000         68     7    1300000   39087000  220000000  220000000
   3      403    47694   219928    130696545251    130696765179        91716195     171672      37087     220000         45     7    1100000   39087000  220000000  220000000
   3      403    40346   219995    130696765189    130696985183        91936132     179200      37087     220000         50     7    1300000   39087000  220000000  220000000
   3      403    40348   219989    130696985192    130697205182        92156136     179210      37087     220000         49     7    1300000   39087000  220000000  220000000
   3      403    40354   219987    130697205191    130697425178        92376135     179180      37087     220000         45     7    1300000   39087000  220000000  220000000
   3      403    40345   220030    130697425187    130697645218        92596131     179229      37087     220000         85     7    1300000   39087000  220000000  220000000
