#idx     perf      run   period           start             end          rel_st      slack c_duration   c_period     wu_lat   cpu       freq dl_runtime  dl_period dl_deadline
  11       98     9113   159940     87681482522     87681642462         1162954     150545       9016     160000         33     4    1400000   11016000  160000000  160000000
  11       98     9112   159990     87681642472     87681802462         1322904     150714       9016     160000         33     4    1400000   11016000  160000000  160000000
  11       98     9112   160023     87681802471     87681962494         1482903     150709       9016     160000         64     4    1400000   11016000  160000000  160000000
  11       98     9114   159980     87681962504     87682122484         1642935     150650       9016     160000         55     4    1400000   11016000  160000000  160000000
  11       98     9112   159982     87682122493     87682282475         1802925     150699       9016     160000         46     4    1400000   11016000  160000000  160000000
  11       98     9113   159994     87682282485     87682442478         1962916     150676       9016     160000         49     4    1400000   11016000  160000000  160000000
  11       98     9112   159973     87682442488     87682602460         2122919     150678       9016     160000         32     4    1400000   11016000  160000000  160000000
  11       98     9112   176650     87682602469     87682779119         2282901     150720       9016     160000      16690     4    1400000   11016000  160000000  160000000
  11       98     9114   143348     87682779128     87682922476         2459559     134031       9016     160000         46     4    1400000   11016000  160000000  160000000
  11       98     9113   159994     87682922485     87683082479         2602916     150676       9016     160000         50     4    1400000   11016000  160000000  160000000
  11       98     9113   159982     87683082488     87683242470         2762920     150690       9016     160000         41     4    1400000   11016000  160000000  160000000
  11       98     9115   160002     87683242479     87683402481         2922911     150681       9016     160000         52     4    1400000   11016000  160000000  160000000
  11       98     9113   159979     87683402490     87683562469         3082922     150680       9016     160000         37     4    1400000   11016000  160000000  160000000
  11       98     9112   159996     87683562478     87683722474         3242910     150690       9016     160000         45     4    1400000   11016000  160000000  160000000
  11       98     9112   160009     87683722483     87683882491         3402915     150698       9016     160000         62     4    1400000   11016000  160000000  160000000
  11       98     9114   159981     87683882501     87684042481         3562932     150660       9016     160000         52     4    1400000   11016000  160000000  160000000
  11       98     9112   159975     87684042490     87684202465         3722922     150701       9016     160000         36     4    1400000   11016000  160000000  160000000
  11       98     9114   160001     87684202474     87684362475         3882905     150703       9016     160000         46     4    1400000   11016000  160000000  160000000
  11       98     9113   159987     87684362484     87684522471         4042915     150681       9016     160000         42     4    1400000   11016000  160000000  160000000
  11       98     9112   160011     87684522480     87684682491         4202911     150696       9016     160000         62     4    1400000   11016000  160000000  160000000
  11       98     9112   159991     87684682500     87684842491         4362932     150677       9016     160000         62     4    1400000   11016000  160000000  160000000
  11       98     9117   159974     87684842500     87685002475         4522932     150642       9016     160000         46     4    1400000   11016000  160000000  160000000
  11       98     9115   159979     87685002483     87685162462         4682915     150677       9016     160000         33     4    1400000   11016000  160000000  160000000
  11       98     9112   159967     87685162507     87685322474         4842939     150674       9016     160000         45     4    1400000   11016000  160000000  160000000
  11       98     9113   159998     87685322483     87685482481         5002915     150671       9016     160000         52     4    1400000   11016000  160000000  160000000
  11       98     9113   176690     87685482490     87685659179         5162922     150696       9016     160000      16751     4    1400000   11016000  160000000  160000000
  11       98     9117   143304     87685659188     87685802492         5339620     133955       9016     160000         63     4    1400000   11016000  160000000  160000000
  11       98     9115   159964     87685802501     87685962464         5482933     150658       9016     160000         36     4    1400000   11016000  160000000  160000000
  11       98     9113   159986     87685962473     87686122460         5642905     150711       9016     160000         30     4    1400000   11016000  160000000  160000000
  11       98     9111   160026     87686122468     87686282494         5802900     150723       9016     160000         65     4    1400000   11016000  160000000  160000000
  11       98     9115   159967     87686282504     87686442471         5962935     150662       9016     160000         42     4    1400000   11016000  160000000  160000000
  11       98     9113   160002     87686442480     87686602482         6122912     150688       9016     160000         53     4    1400000   11016000  160000000  160000000
  11       98     9113   160000     87686602491     87686762491         6282923     150688       9016     160000         62     4    1400000   11016000  160000000  160000000
  11       98     9112   159972     87686762500     87686922472         6442931     150659       9016     160000         43     4    1400000   11016000  160000000  160000000
  11       98     9112   176672     87686922481     87687099153         6602913     150695       9016     160000      16724     4    1400000   11016000  160000000  160000000
  11       98     9115   143338     87687099162     87687242499         6779593     133975       9016     160000         71     4    1400000   11016000  160000000  160000000
  11       98     9114   159953     87687242509     87687402462         6922940     150654       9016     160000         33     4    1400000   11016000  160000000  160000000
  11       98     9112   160002     87687402470     87687562473         7082902     150722       9016     160000         44     4    1400000   11016000  160000000  160000000
  11       98     9113   159996     87687562482     87687722478         7242913     150704       9016     160000         48     4    1400000   11016000  160000000  160000000
  11       98     9113   159982     87687722487     87687882469         7402918     150681       9016     160000         40     4    1400000   11016000  160000000  160000000
  11       98     9113   159983     87687882478     87688042461         7562910     150701       9016     160000         32     4    1400000   11016000  160000000  160000000
  11       98     9112   160027     87688042470     87688202497         7722901     150711       9016     160000         68     4    1400000   11016000  160000000  160000000
  11       98     9113   159972     87688202506     87688362478         7882937     150664       9016     160000         49     4    1400000   11016000  160000000  160000000
  11       98     9112   159979     87688362486     87688522465         8042918     150693       9016     160000         36     4    1400000   11016000  160000000  160000000
  11       98     9114   159998     87688522474     87688682472         8202906     150708       9016     160000         43     4    1400000   11016000  160000000  160000000
  11       98     9112   159982     87688682481     87688842463         8362913     150700       9016     160000         34     4    1400000   11016000  160000000  160000000
  11       98     9111   160008     87688842472     87689002480         8522903     150726       9016     160000         51     4    1400000   11016000  160000000  160000000
  11       98     9116   159978     87689002520     87689162498         8682952     150644       9016     160000         69     4    1400000   11016000  160000000  160000000
  11       98     9113   159970     87689162507     87689322477         8842939     150659       9016     160000         48     4    1400000   11016000  160000000  160000000
  11       98     9115   159997     87689322486     87689482483         9002918     150679       9016     160000         54     4    1400000   11016000  160000000  160000000
  11       98     9112   159979     87689482493     87689642471         9162924     150693       9016     160000         40     4    1400000   11016000  160000000  160000000
  11       98     9113   159986     87689642482     87689802468         9322913     150678       9016     160000         39     4    1400000   11016000  160000000  160000000
  11       98     9112   159985     87689802477     87689962462         9482908     150698       9016     160000         33     4    1400000   11016000  160000000  160000000
  11       98     9112   160023     87689962471     87690122494         9642903     150708       9016     160000         65     4    1400000   11016000  160000000  160000000
  11       98     9112   159980     87690122504     87690282484         9802935     150662       9016     160000         54     4    1400000   11016000  160000000  160000000
  11       98     9115   159972     87690282493     87690442465         9962925     150668       9016     160000         36     4    1400000   11016000  160000000  160000000
  11       98     9114   159998     87690442474     87690602472        10122906     150713       9016     160000         42     4    1400000   11016000  160000000  160000000
  11       98     9114   159995     87690602480     87690762475        10282912     150695       9016     160000         46     4    1400000   11016000  160000000  160000000
  11       98     9112   159994     87690762484     87690922478        10442916     150700       9016     160000         49     4    1400000   11016000  160000000  160000000
  11       98     9112   160008     87690922487     87691082495        10602918     150699       9016     160000         65     4    1400000   11016000  160000000  160000000
  11       98     9115   159973     87691082504     87691242478        10762936     150660       9016     160000         49     4    1400000   11016000  160000000  160000000
  11       98     9116   176665     87691242487     87691419151        10922919     150678       9016     160000      16723     4    1400000   11016000  160000000  160000000
  11       98     9116   143316     87691419160     87691562476        11099592     133987       9016     160000         47     4    1400000   11016000  160000000  160000000
  11       98     9115   159996     87691562485     87691722481        11242917     150672       9016     160000         52     4    1400000   11016000  160000000  160000000
  11       98     9112   159997     87691722490     87691882487        11402922     150688       9016     160000         58     4    1400000   11016000  160000000  160000000
  11       98     9112   159997     87691882496     87692042493        11562928     150682       9016     160000         64     4    1400000   11016000  160000000  160000000
  11       98     9112   159968     87692042503     87692202471        11722934     150664       9016     160000         41     4    1400000   11016000  160000000  160000000
  11       98     9113   159986     87692202480     87692362467        11882912     150689       9016     160000         37     4    1400000   11016000  160000000  160000000
  11       98     9113   160016     87692362476     87692522491        12042907     150703       9016     160000         62     4    1400000   11016000  160000000  160000000
  11       98     9114   159987     87692522500     87692682487        12202932     150651       9016     160000         58     4    1400000   11016000  160000000  160000000
  11       98     9116   159927     87692682534     87692842461        12362966     150629       9016     160000         32     4    1400000   11016000  160000000  160000000
  11       98     9112   160038     87692842470     87693002508        12522901     150719       9016     160000         79     4    1400000   11016000  160000000  160000000
  11       98     9114   159943     87693002517     87693162460        12682949     150640       9016     160000         31     4    1400000   11016000  160000000  160000000
  11       98     9112   159996     87693162468     87693322464        12842900     150730       9016     160000         35     4    1400000   11016000  160000000  160000000
  11       98     9112   160017     87693322473     87693482490        13002905     150709       9016     160000         61     4    1400000   11016000  160000000  160000000
  11       98     9113   159981     87693482499     87693642481        13162931     150677       9016     160000         52     4    1400000   11016000  160000000  160000000
  11       98     9112   159988     87693642490     87693802478        13322921     150701       9016     160000         49     4    1400000   11016000  160000000  160000000
  11       98     9112   159995     87693802487     87693962481        13482918     150691       9016     160000         49     4    1400000   11016000  160000000  160000000
  11       98     9114   159970     87693962491     87694122460        13642923     150680       9016     160000         32     4    1400000   11016000  160000000  160000000
  11       98     9113   160005     87694122469     87694282474        13802901     150716       9016     160000         45     4    1400000   11016000  160000000  160000000
  11       98     9116   160011     87694282483     87694442494        13962915     150684       9016     160000         65     4    1400000   11016000  160000000  160000000
  11       98     9113   159972     87694442503     87694602475        14122935     150667       9016     160000         46     4    1400000   11016000  160000000  160000000
  11       98     9114   159995     87694602484     87694762479        14282916     150684       9016     160000         50     4    1400000   11016000  160000000  160000000
  11       98     9114   159984     87694762488     87694922472        14442920     150682       9016     160000         43     4    1400000   11016000  160000000  160000000
  11       98     9112   159992     87694922481     87695082473        14602913     150683       9016     160000         44     4    1400000   11016000  160000000  160000000
  11       98     9114   159991     87695082482     87695242473        14762914     150689       9016     160000         44     4    1400000   11016000  160000000  160000000
  11       98     9114   160007     87695242482     87695402489        14922914     150698       9016     160000         60     4    1400000   11016000  160000000  160000000
  11       98     9113   159983     87695402498     87695562481        15082930     150662       9016     160000         52     4    1400000   11016000  160000000  160000000
  11       98     9115   159975     87695562490     87695722466        15242922     150678       9016     160000         37     4    1400000   11016000  160000000  160000000
  11       98     9111   160007     87695722474     87695882482        15402906     150724       9016     160000         50     4    1400000   11016000  160000000  160000000
  11       98     9112   159975     87695882490     87696042465        15562922     150686       9016     160000         36     4    1400000   11016000  160000000  160000000
  11       98     9112   160007     87696042474     87696202481        15722906     150699       9016     160000         52     4    1400000   11016000  160000000  160000000
  11       98     9112   159999     87696202490     87696362489        15882922     150696       9016     160000         60     4    1400000   11016000  160000000  160000000
  11       98     9113   159984     87696362498     87696522482        16042930     150650       9016     160000         53     4    1400000   11016000  160000000  160000000
  11       98     9112   159944     87696522521     87696682465        16202952     150655       9016     160000         35     4    1400000   11016000  160000000  160000000
  11       98     9114   160002     87696682474     87696842476        16362906     150708       9016     160000         47     4    1400000   11016000  160000000  160000000
  11       98     9112   159978     87696842484     87697002462        16522916     150689       9016     160000         33     4    1400000   11016000  160000000  160000000
  11       98     9113   159993     87697002471     87697162464        16682903     150704       9016     160000         35     4    1400000   11016000  160000000  160000000
  11       98     9112   160016     87697162473     87697322489        16842905     150714       9016     160000         60     4    1400000   11016000  160000000  160000000
  11       98     9113   159989     87697322498     87697482486        17002930     150651       9016     160000         57     4    1400000   11016000  160000000  160000000
  11       98     9112   159965     87697482496     87697642460        17162927     150690       9016     160000         32     4    1400000   11016000  160000000  160000000
  11       98     9113   160009     87697642469     87697802478        17322901     150707       9016     160000         48     4    1400000   11016000  160000000  160000000
  11       98     9113   159973     87697802487     87697962460        17482919     150679       9016     160000         31     4    1400000   11016000  160000000  160000000
  11       98     9113   160005     87697962469     87698122475        17642901     150703       9016     160000         45     4    1400000   11016000  160000000  160000000
  11       98     9112   160003     87698122484     87698282487        17802915     150692       9016     160000         58     4    1400000   11016000  160000000  160000000
  11       98     9113   159968     87698282496     87698442464        17962928     150667       9016     160000         36     4    1400000   11016000  160000000  160000000
  11       98     9114   159988     87698442473     87698602461        18122905     150709       9016     160000         32     4    1400000   11016000  160000000  160000000
  11       98     9113   160037     87698602470     87698762507        18282901     150708       9016     160000         78     4    1400000   11016000  160000000  160000000
  11       98     9114   159963     87698762516     87698922479        18442948     150639       9016     160000         49     4    1400000   11016000  160000000  160000000
  11       98     9112   159992     87698922488     87699082479        18602919     150692       9016     160000         50     4    1400000   11016000  160000000  160000000
  11       98     9113   159997     87699082489     87699242485        18762920     150687       9016     160000         56     4    1400000   11016000  160000000  160000000
  11       98     9115   159968     87699242495     87699402463        18922927     150652       9016     160000         35     4    1400000   11016000  160000000  160000000
  11       98     9111   159990     87699402472     87699562462        19082904     150720       9016     160000         33     4    1400000   11016000  160000000  160000000
  11       98     9112   160013     87699562471     87699722484        19242903     150709       9016     160000         55     4    1400000   11016000  160000000  160000000
  11       98     9114   159995     87699722494     87699882489        19402926     150671       9016     160000         60     4    1400000   11016000  160000000  160000000
  11       98     9114   176621     87699882497     87700059119        19562929     150679       9016     160000      16690     4    1400000   11016000  160000000  160000000
  11       98     9116   143347     87700059127     87700202474        19739559     134031       9016     160000         45     4    1400000   11016000  160000000  160000000
  11       98     9112   159944     87700202518     87700362462        19882950     150657       9016     160000         34     4    1400000   11016000  160000000  160000000
  11       98     9113   160010     87700362471     87700522481        20042903     150705       9016     160000         53     4    1400000   11016000  160000000  160000000
  11       98     9112   160004     87700522490     87700682494        20202922     150675       9016     160000         65     4    1400000   11016000  160000000  160000000
  11       98     9113   159971     87700682503     87700842474        20362935     150656       9016     160000         45     4    1400000   11016000  160000000  160000000
  11       98     9112   159998     87700842483     87701002481        20522915     150712       9016     160000         52     4    1400000   11016000  160000000  160000000
  11       98     9116   159981     87701002490     87701162471        20682922     150679       9016     160000         42     4    1400000   11016000  160000000  160000000
  11       98     9113   159984     87701162480     87701322464        20842912     150682       9016     160000         35     4    1400000   11016000  160000000  160000000
  11       98     9112   159994     87701322473     87701482467        21002905     150710       9016     160000         38     4    1400000   11016000  160000000  160000000
  11       98     9112   160019     87701482475     87701642494        21162907     150708       9016     160000         65     4    1400000   11016000  160000000  160000000
  11       98     9114   159969     87701642503     87701802472        21322935     150663       9016     160000         43     4    1400000   11016000  160000000  160000000
  11       98     9113   159987     87701802481     87701962467        21482913     150695       9016     160000         38     4    1400000   11016000  160000000  160000000
  11       98     9114   159996     87701962476     87702122472        21642908     150704       9016     160000         43     4    1400000   11016000  160000000  160000000
  11       98     9113   159988     87702122482     87702282470        21802914     150687       9016     160000         40     4    1400000   11016000  160000000  160000000
  11       98     9114   159991     87702282480     87702442471        21962912     150685       9016     160000         42     4    1400000   11016000  160000000  160000000
  11       98     9115   160010     87702442480     87702602490        22122911     150687       9016     160000         61     4    1400000   11016000  160000000  160000000
  11       98     9114   159972     87702602499     87702762471        22282930     150666       9016     160000         42     4    1400000   11016000  160000000  160000000
  11       98     9111   176651     87702762479     87702939131        22442911     150715       9016     160000      16702     4    1400000   11016000  160000000  160000000
  11       98     9116   143334     87702939140     87703082473        22619572     133996       9016     160000         43     4    1400000   11016000  160000000  160000000
  11       98     9112   160002     87703082482     87703242485        22762914     150677       9016     160000         56     4    1400000   11016000  160000000  160000000
  11       98     9112   159984     87703242494     87703402478        22922926     150677       9016     160000         49     4    1400000   11016000  160000000  160000000
  11       98     9114   160004     87703402487     87703562491        23082919     150690       9016     160000         62     4    1400000   11016000  160000000  160000000
  11       98     9113   159977     87703562500     87703722477        23242932     150669       9016     160000         48     4    1400000   11016000  160000000  160000000
  11       98     9114   159983     87703722487     87703882470        23402918     150683       9016     160000         41     4    1400000   11016000  160000000  160000000
  11       98     9112   159994     87703882478     87704042472        23562910     150692       9016     160000         43     4    1400000   11016000  160000000  160000000
  11       98     9112   159966     87704042515     87704202481        23722946     150636       9016     160000         52     4    1400000   11016000  160000000  160000000
  11       98     9114   176647     87704202490     87704379137        23882921     150691       9016     160000      16708     4    1400000   11016000  160000000  160000000
  11       98     9116   143354     87704379145     87704522499        24059577     134002       9016     160000         71     4    1400000   11016000  160000000  160000000
  11       98     9114   159957     87704522509     87704682465        24202940     150656       9016     160000         36     4    1400000   11016000  160000000  160000000
  11       98     9113   159988     87704682474     87704842463        24362906     150694       9016     160000         34     4    1400000   11016000  160000000  160000000
  11       98     9112   160024     87704842472     87705002496        24522904     150719       9016     160000         67     4    1400000   11016000  160000000  160000000
  11       98     9113   159976     87705002505     87705162481        24682937     150655       9016     160000         52     4    1400000   11016000  160000000  160000000
  11       98     9114   159981     87705162490     87705322471        24842922     150682       9016     160000         42     4    1400000   11016000  160000000  160000000
  11       98     9113   160005     87705322480     87705482485        25002912     150692       9016     160000         55     4    1400000   11016000  160000000  160000000
  11       98     9113   159965     87705482494     87705642459        25162926     150666       9016     160000         31     4    1400000   11016000  160000000  160000000
  11       98     9112   176723     87705642468     87705819191        25322900     150716       9016     160000      16763     4    1400000   11016000  160000000  160000000
  11       98     9115   143294     87705819200     87705962494        25499631     133937       9016     160000         65     4    1400000   11016000  160000000  160000000
  11       98     9114   159978     87705962503     87706122481        25642935     150662       9016     160000         52     4    1400000   11016000  160000000  160000000
  11       98     9112   159995     87706122489     87706282484        25802921     150691       9016     160000         55     4    1400000   11016000  160000000  160000000
  11       98     9115   159984     87706282494     87706442478        25962925     150659       9016     160000         48     4    1400000   11016000  160000000  160000000
  11       98     9112   159974     87706442488     87706602461        26122919     150685       9016     160000         33     4    1400000   11016000  160000000  160000000
  11       98     9113   160006     87706602470     87706762475        26282902     150716       9016     160000         46     4    1400000   11016000  160000000  160000000
  11       98     9112   160014     87706762484     87706922498        26442916     150697       9016     160000         69     4    1400000   11016000  160000000  160000000
  11       98     9115   159982     87706922507     87707082489        26602939     150650       9016     160000         60     4    1400000   11016000  160000000  160000000
  11       98     9114   159965     87707082498     87707242463        26762930     150672       9016     160000         34     4    1400000   11016000  160000000  160000000
  11       98     9113   160005     87707242472     87707402477        26922903     150713       9016     160000         48     4    1400000   11016000  160000000  160000000
  11       98     9113   159974     87707402486     87707562460        27082918     150696       9016     160000         31     4    1400000   11016000  160000000  160000000
  11       98     9111   160006     87707562468     87707722474        27242900     150729       9016     160000         45     4    1400000   11016000  160000000  160000000
  11       98     9112   159983     87707722514     87707882497        27402946     150660       9016     160000         68     4    1400000   11016000  160000000  160000000
  11       98     9113   159975     87707882506     87708042481        27562938     150649       9016     160000         53     4    1400000   11016000  160000000  160000000
  11       98     9113   159970     87708042490     87708202461        27722922     150678       9016     160000         32     4    1400000   11016000  160000000  160000000
  11       98     9111   160010     87708202469     87708362479        27882901     150733       9016     160000         51     4    1400000   11016000  160000000  160000000
  11       98     9112   159976     87708362488     87708522464        28042920     150666       9016     160000         35     4    1400000   11016000  160000000  160000000
  11       98     9112   176700     87708522473     87708699173        28202905     150704       9016     160000      16745     4    1400000   11016000  160000000  160000000
  11       98     9117   143303     87708699182     87708842485        28379614     133964       9016     160000         56     4    1400000   11016000  160000000  160000000
  11       98     9113   159987     87708842494     87709002481        28522926     150674       9016     160000         52     4    1400000   11016000  160000000  160000000
  11       98     9113   159969     87709002490     87709162459        28682922     150687       9016     160000         30     4    1400000   11016000  160000000  160000000
  11       98     9111   160011     87709162468     87709322479        28842900     150731       9016     160000         49     4    1400000   11016000  160000000  160000000
  11       98     9113   159987     87709322488     87709482475        29002920     150691       9016     160000         46     4    1400000   11016000  160000000  160000000
  11       98     9113   159999     87709482484     87709642483        29162915     150693       9016     160000         54     4    1400000   11016000  160000000  160000000
  11       98     9113   159993     87709642492     87709802485        29322924     150687       9016     160000         56     4    1400000   11016000  160000000  160000000
  11       98     9115   159990     87709802494     87709962485        29482926     150664       9016     160000         56     4    1400000   11016000  160000000  160000000
  11       98     9116   176610     87709962493     87710139103        29642925     150670       9016     160000      16674     4    1400000   11016000  160000000  160000000
  11       98     9116   143392     87710139112     87710282504        29819544     134025       9016     160000         75     4    1400000   11016000  160000000  160000000
  11       98     9114   159958     87710282513     87710442471        29962945     150643       9016     160000         42     4    1400000   11016000  160000000  160000000
  11       98     9113   160004     87710442480     87710602485        30122912     150690       9016     160000         56     4    1400000   11016000  160000000  160000000
  11       98     9113   159993     87710602494     87710762487        30282926     150675       9016     160000         58     4    1400000   11016000  160000000  160000000
  11       98     9113   159967     87710762496     87710922463        30442928     150677       9016     160000         34     4    1400000   11016000  160000000  160000000
  11       98     9111   159994     87710922472     87711082465        30602904     150723       9016     160000         35     4    1400000   11016000  160000000  160000000
  11       98     9114   160016     87711082474     87711242490        30762906     150696       9016     160000         61     4    1400000   11016000  160000000  160000000
  11       98     9116   159985     87711242499     87711402484        30922931     150648       9016     160000         55     4    1400000   11016000  160000000  160000000
  11       98     9113   176639     87711402493     87711579132        31082924     150677       9016     160000      16703     4    1400000   11016000  160000000  160000000
  11       98     9114   143318     87711579175     87711722494        31259607     133981       9016     160000         65     4    1400000   11016000  160000000  160000000
  11       98     9114   159967     87711722503     87711882470        31402935     150637       9016     160000         42     4    1400000   11016000  160000000  160000000
  11       98     9112   159982     87711882479     87712042461        31562911     150697       9016     160000         33     4    1400000   11016000  160000000  160000000
  11       98     9112   160020     87712042470     87712202490        31722902     150712       9016     160000         61     4    1400000   11016000  160000000  160000000
  11       98     9112   159972     87712202499     87712362471        31882931     150673       9016     160000         42     4    1400000   11016000  160000000  160000000
  11       98     9113   160000     87712362480     87712522480        32042912     150696       9016     160000         51     4    1400000   11016000  160000000  160000000
  11       98     9112   159983     87712522489     87712682472        32202921     150685       9016     160000         42     4    1400000   11016000  160000000  160000000
  11       98     9113   159983     87712682481     87712842464        32362912     150689       9016     160000         35     4    1400000   11016000  160000000  160000000
  11       98     9112   159989     87712842472     87713002461        32522904     150706       9016     160000         32     4    1400000   11016000  160000000  160000000
  11       98     9114   160033     87713002470     87713162503        32682902     150714       9016     160000         74     4    1400000   11016000  160000000  160000000
  11       98     9116   159958     87713162513     87713322470        32842944     150653       9016     160000         41     4    1400000   11016000  160000000  160000000
  11       98     9112   159991     87713322479     87713482470        33002911     150709       9016     160000         41     4    1400000   11016000  160000000  160000000
  11       98     9115   159997     87713482479     87713642476        33162911     150675       9016     160000         44     4    1400000   11016000  160000000  160000000
  11       98     9113   159980     87713642485     87713802465        33322917     150684       9016     160000         36     4    1400000   11016000  160000000  160000000
  11       98     9112   159996     87713802474     87713962470        33482906     150699       9016     160000         41     4    1400000   11016000  160000000  160000000
  11       98     9114   160010     87713962479     87714122489        33642911     150702       9016     160000         59     4    1400000   11016000  160000000  160000000
  11       98     9115   159983     87714122498     87714282482        33802930     150672       9016     160000         53     4    1400000   11016000  160000000  160000000
  11       98     9114   176636     87714282490     87714459127        33962922     150688       9016     160000      16698     4    1400000   11016000  160000000  160000000
  11       98     9115   143344     87714459135     87714602480        34139567     134012       9016     160000         50     4    1400000   11016000  160000000  160000000
  11       98     9114   159998     87714602489     87714762487        34282921     150680       9016     160000         58     4    1400000   11016000  160000000  160000000
  11       98     9112   159975     87714762495     87714922470        34442927     150678       9016     160000         42     4    1400000   11016000  160000000  160000000
  11       98     9111   160019     87714922479     87715082498        34602911     150711       9016     160000         68     4    1400000   11016000  160000000  160000000
  11       98     9115   159964     87715082507     87715242471        34762939     150665       9016     160000         42     4    1400000   11016000  160000000  160000000
  11       98     9113   159954     87715242510     87715402464        34922942     150651       9016     160000         35     4    1400000   11016000  160000000  160000000
  11       98     9112   159996     87715402473     87715562469        35082905     150720       9016     160000         40     4    1400000   11016000  160000000  160000000
  11       98     9112   159989     87715562479     87715722467        35242911     150695       9016     160000         39     4    1400000   11016000  160000000  160000000
  11       98     9116   176694     87715722476     87715899170        35402908     150694       9016     160000      16742     4    1400000   11016000  160000000  160000000
  11       98     9117   143310     87715899179     87716042489        35579611     133958       9016     160000         60     4    1400000   11016000  160000000  160000000
  11       98     9116   159962     87716042499     87716202461        35722930     150644       9016     160000         32     4    1400000   11016000  160000000  160000000
  11       98     9111   159997     87716202469     87716362466        35882901     150716       9016     160000         37     4    1400000   11016000  160000000  160000000
  11       98     9111   159999     87716362475     87716522474        36042906     150694       9016     160000         45     4    1400000   11016000  160000000  160000000
  11       98     9112   160003     87716522483     87716682485        36202914     150670       9016     160000         56     4    1400000   11016000  160000000  160000000
  11       98     9114   159997     87716682495     87716842491        36362926     150669       9016     160000         62     4    1400000   11016000  160000000  160000000
  11       98     9113   159991     87716842500     87717002491        36522932     150657       9016     160000         63     4    1400000   11016000  160000000  160000000
  11       98     9112   159960     87717002500     87717162461        36682932     150670       9016     160000         32     4    1400000   11016000  160000000  160000000
  11       98     9113   176671     87717162469     87717339140        36842901     150716       9016     160000      16711     4    1400000   11016000  160000000  160000000
  11       98     9113   143341     87717339149     87717482490        37019581     134014       9016     160000         59     4    1400000   11016000  160000000  160000000
  11       98     9115   159982     87717482499     87717642481        37162931     150650       9016     160000         52     4    1400000   11016000  160000000  160000000
  11       98     9112   159987     87717642491     87717802478        37322922     150698       9016     160000         49     4    1400000   11016000  160000000  160000000
  11       98     9114   160005     87717802487     87717962492        37482918     150686       9016     160000         63     4    1400000   11016000  160000000  160000000
  11       98     9113   159959     87717962501     87718122460        37642933     150664       9016     160000         31     4    1400000   11016000  160000000  160000000
  11       98     9111   159998     87718122468     87718282467        37802900     150729       9016     160000         38     4    1400000   11016000  160000000  160000000
  11       98     9112   160014     87718282476     87718442489        37962907     150698       9016     160000         60     4    1400000   11016000  160000000  160000000
  11       98     9117   159967     87718442498     87718602465        38122930     150652       9016     160000         36     4    1400000   11016000  160000000  160000000
  11       98     9112   159987     87718602474     87718762461        38282906     150702       9016     160000         32     4    1400000   11016000  160000000  160000000
  11       98     9112   160006     87718762470     87718922476        38442902     150708       9016     160000         47     4    1400000   11016000  160000000  160000000
  11       98     9114   159979     87718922485     87719082463        38602917     150683       9016     160000         35     4    1400000   11016000  160000000  160000000
  11       98     9118   159980     87719082501     87719242481        38762933     150667       9016     160000         52     4    1400000   11016000  160000000  160000000
  11       98     9113   160004     87719242491     87719402494        38922922     150686       9016     160000         65     4    1400000   11016000  160000000  160000000
  11       98     9114   159981     87719402504     87719562485        39082936     150649       9016     160000         56     4    1400000   11016000  160000000  160000000
  11       98     9112   159984     87719562495     87719722478        39242926     150684       9016     160000         49     4    1400000   11016000  160000000  160000000
  11       98     9113   159985     87719722487     87719882472        39402919     150695       9016     160000         43     4    1400000   11016000  160000000  160000000
  11       98     9113   159979     87719882481     87720042460        39562913     150688       9016     160000         32     4    1400000   11016000  160000000  160000000
  11       98     9112   176694     87720042469     87720219163        39722901     150708       9016     160000      16734     4    1400000   11016000  160000000  160000000
  11       98     9117   143319     87720219172     87720362491        39899604     133974       9016     160000         61     4    1400000   11016000  160000000  160000000
  11       98     9114   159975     87720362500     87720522475        40042931     150668       9016     160000         46     4    1400000   11016000  160000000  160000000
  11       98     9113   159985     87720522484     87720682469        40202916     150688       9016     160000         39     4    1400000   11016000  160000000  160000000
  11       98     9112   160002     87720682478     87720842479        40362909     150699       9016     160000         50     4    1400000   11016000  160000000  160000000
  11       98     9116   159992     87720842488     87721002480        40522920     150675       9016     160000         52     4    1400000   11016000  160000000  160000000
  11       98     9113   159992     87721002489     87721162482        40682921     150681       9016     160000         53     4    1400000   11016000  160000000  160000000
  11       98     9113   159995     87721162491     87721322486        40842922     150690       9016     160000         57     4    1400000   11016000  160000000  160000000
  11       98     9114   159998     87721322495     87721482493        41002927     150682       9016     160000         64     4    1400000   11016000  160000000  160000000
  11       98     9113   159959     87721482502     87721642461        41162933     150677       9016     160000         32     4    1400000   11016000  160000000  160000000
  11       98     9112   160006     87721642470     87721802476        41322902     150727       9016     160000         47     4    1400000   11016000  160000000  160000000
  11       98     9114   159993     87721802485     87721962478        41482917     150691       9016     160000         49     4    1400000   11016000  160000000  160000000
  11       98     9114   159993     87721962488     87722122481        41642920     150684       9016     160000         52     4    1400000   11016000  160000000  160000000
  11       98     9112   160000     87722122490     87722282490        41802922     150698       9016     160000         60     4    1400000   11016000  160000000  160000000
  11       98     9114   159967     87722282500     87722442466        41962931     150660       9016     160000         38     4    1400000   11016000  160000000  160000000
  11       98     9114   159984     87722442475     87722602460        42122907     150712       9016     160000         31     4    1400000   11016000  160000000  160000000
  11       98     9114   160007     87722602468     87722762475        42282900     150714       9016     160000         46     4    1400000   11016000  160000000  160000000
  11       98     9114   159951     87722762520     87722922470        42442952     150664       9016     160000         42     4    1400000   11016000  160000000  160000000
  11       98     9112   176679     87722922479     87723099158        42602911     150716       9016     160000      16729     4    1400000   11016000  160000000  160000000
  11       98     9117   143318     87723099167     87723242485        42779599     133978       9016     160000         56     4    1400000   11016000  160000000  160000000
  11       98     9116   159970     87723242494     87723402464        42922926     150670       9016     160000         35     4    1400000   11016000  160000000  160000000
  11       98     9113   159987     87723402473     87723562460        43082905     150709       9016     160000         31     4    1400000   11016000  160000000  160000000
  11       98     9112   160018     87723562469     87723722487        43242901     150725       9016     160000         58     4    1400000   11016000  160000000  160000000
  11       98     9118   159986     87723722496     87723882482        43402928     150667       9016     160000         53     4    1400000   11016000  160000000  160000000
  11       98     9113   159990     87723882491     87724042481        43562923     150692       9016     160000         52     4    1400000   11016000  160000000  160000000
  11       98     9112   160011     87724042490     87724202501        43722922     150685       9016     160000         72     4    1400000   11016000  160000000  160000000
  11       98     9114   159968     87724202510     87724362478        43882942     150657       9016     160000         49     4    1400000   11016000  160000000  160000000
  11       98     9112   159972     87724362487     87724522459        44042919     150694       9016     160000         30     4    1400000   11016000  160000000  160000000
  11       98     9112   160027     87724522467     87724682494        44202899     150708       9016     160000         65     4    1400000   11016000  160000000  160000000
  11       98     9113   159967     87724682503     87724842470        44362935     150662       9016     160000         41     4    1400000   11016000  160000000  160000000
  11       98     9112   160002     87724842479     87725002481        44522911     150701       9016     160000         52     4    1400000   11016000  160000000  160000000
  11       98     9112   159982     87725002491     87725162473        44682923     150684       9016     160000         44     4    1400000   11016000  160000000  160000000
  11       98     9113   159981     87725162483     87725322464        44842915     150681       9016     160000         35     4    1400000   11016000  160000000  160000000
  11       98     9111   160013     87725322472     87725482485        45002904     150717       9016     160000         56     4    1400000   11016000  160000000  160000000
  11       98     9113   160008     87725482494     87725642502        45162926     150682       9016     160000         73     4    1400000   11016000  160000000  160000000
  11       98     9113   159966     87725642512     87725802478        45322943     150655       9016     160000         49     4    1400000   11016000  160000000  160000000
  11       98     9112   176697     87725802487     87725979184        45482919     150688       9016     160000      16755     4    1400000   11016000  160000000  160000000
  11       98     9118   143286     87725979192     87726122479        45659624     133922       9016     160000         49     4    1400000   11016000  160000000  160000000
  11       98     9114   159982     87726122488     87726282469        45802919     150690       9016     160000         40     4    1400000   11016000  160000000  160000000
  11       98     9112   159994     87726282478     87726442472        45962910     150705       9016     160000         43     4    1400000   11016000  160000000  160000000
  11       98     9114   160013     87726442481     87726602494        46122913     150695       9016     160000         64     4    1400000   11016000  160000000  160000000
  11       98     9114   159935     87726602536     87726762471        46282968     150617       9016     160000         42     4    1400000   11016000  160000000  160000000
  11       98     9114   159986     87726762480     87726922466        46442912     150690       9016     160000         36     4    1400000   11016000  160000000  160000000
  11       98     9111   159995     87726922474     87727082469        46602906     150729       9016     160000         40     4    1400000   11016000  160000000  160000000
  11       98     9113   160008     87727082478     87727242486        46762910     150690       9016     160000         57     4    1400000   11016000  160000000  160000000
  11       98     9112   159966     87727242495     87727402461        46922927     150688       9016     160000         32     4    1400000   11016000  160000000  160000000
  11       98     9111   160035     87727402470     87727562505        47082901     150715       9016     160000         75     4    1400000   11016000  160000000  160000000
  11       98     9114   159963     87727562514     87727722477        47242946     150650       9016     160000         48     4    1400000   11016000  160000000  160000000
  11       98     9115   159984     87727722486     87727882470        47402918     150676       9016     160000         41     4    1400000   11016000  160000000  160000000
  11       98     9112   159992     87727882479     87728042471        47562910     150688       9016     160000         41     4    1400000   11016000  160000000  160000000
  11       98     9112   159995     87728042480     87728202475        47722912     150685       9016     160000         46     4    1400000   11016000  160000000  160000000
  11       98     9112   159988     87728202484     87728362472        47882916     150694       9016     160000         43     4    1400000   11016000  160000000  160000000
  11       98     9112   160018     87728362481     87728522499        48042913     150713       9016     160000         70     4    1400000   11016000  160000000  160000000
  11       98     9112   159959     87728522508     87728682467        48202940     150658       9016     160000         38     4    1400000   11016000  160000000  160000000
  11       98     9113   176632     87728682476     87728859109        48362908     150694       9016     160000      16680     4    1400000   11016000  160000000  160000000
  11       98     9116   143378     87728859117     87729002496        48539549     134011       9016     160000         65     4    1400000   11016000  160000000  160000000
  11       98     9113   159970     87729002505     87729162475        48682937     150661       9016     160000         46     4    1400000   11016000  160000000  160000000
  11       98     9113   159997     87729162484     87729322481        48842916     150693       9016     160000         52     4    1400000   11016000  160000000  160000000
  11       98     9113   160000     87729322490     87729482490        49002922     150685       9016     160000         61     4    1400000   11016000  160000000  160000000
  11       98     9113   159960     87729482500     87729642460        49162931     150669       9016     160000         31     4    1400000   11016000  160000000  160000000
  11       98     9111   159995     87729642469     87729802463        49322900     150730       9016     160000         35     4    1400000   11016000  160000000  160000000
  11       98     9112   160019     87729802472     87729962491        49482904     150695       9016     160000         62     4    1400000   11016000  160000000  160000000
  11       98     9115   159981     87729962500     87730122481        49642932     150639       9016     160000         53     4    1400000   11016000  160000000  160000000
  11       98     9113   176642     87730122491     87730299132        49802922     150681       9016     160000      16704     4    1400000   11016000  160000000  160000000
  11       98     9116   143338     87730299141     87730442479        49979573     134007       9016     160000         48     4    1400000   11016000  160000000  160000000
  11       98     9112   159941     87730442521     87730602461        50122952     150651       9016     160000         32     4    1400000   11016000  160000000  160000000
  11       98     9112   159996     87730602470     87730762465        50282902     150719       9016     160000         37     4    1400000   11016000  160000000  160000000
  11       98     9113   160009     87730762474     87730922483        50442906     150705       9016     160000         54     4    1400000   11016000  160000000  160000000
  11       98     9113   160003     87730922492     87731082495        50602924     150672       9016     160000         66     4    1400000   11016000  160000000  160000000
  11       98     9115   159966     87731082504     87731242471        50762936     150662       9016     160000         42     4    1400000   11016000  160000000  160000000
  11       98     9113   160002     87731242480     87731402482        50922912     150705       9016     160000         51     4    1400000   11016000  160000000  160000000
  11       98     9114   159970     87731402491     87731562461        51082923     150674       9016     160000         32     4    1400000   11016000  160000000  160000000
  11       98     9114   176663     87731562469     87731739132        51242901     150718       9016     160000      16704     4    1400000   11016000  160000000  160000000
  11       98     9114   143354     87731739141     87731882495        51419573     134004       9016     160000         65     4    1400000   11016000  160000000  160000000
  11       98     9116   159969     87731882504     87732042473        51562936     150651       9016     160000         44     4    1400000   11016000  160000000  160000000
  11       98     9112   159997     87732042482     87732202479        51722914     150691       9016     160000         50     4    1400000   11016000  160000000  160000000
  11       98     9114   159988     87732202488     87732362476        51882920     150682       9016     160000         47     4    1400000   11016000  160000000  160000000
  11       98     9112   159974     87732362485     87732522459        52042917     150687       9016     160000         31     4    1400000   11016000  160000000  160000000
  11       98     9111   160015     87732522468     87732682484        52202900     150710       9016     160000         55     4    1400000   11016000  160000000  160000000
  11       98     9113   159993     87732682493     87732842486        52362924     150678       9016     160000         57     4    1400000   11016000  160000000  160000000
  11       98     9114   159980     87732842495     87733002475        52522927     150679       9016     160000         46     4    1400000   11016000  160000000  160000000
  11       98     9114   159980     87733002484     87733162464        52682915     150698       9016     160000         35     4    1400000   11016000  160000000  160000000
  11       98     9112   160011     87733162472     87733322484        52842904     150709       9016     160000         54     4    1400000   11016000  160000000  160000000
  11       98     9114   159991     87733322492     87733482484        53002924     150667       9016     160000         55     4    1400000   11016000  160000000  160000000
  11       98     9114   159980     87733482492     87733642473        53162924     150687       9016     160000         44     4    1400000   11016000  160000000  160000000
  11       98     9112   160011     87733642482     87733802492        53322913     150708       9016     160000         63     4    1400000   11016000  160000000  160000000
  11       98     9113   159978     87733802502     87733962480        53482933     150654       9016     160000         51     4    1400000   11016000  160000000  160000000
  11       98     9112   159971     87733962489     87734122460        53642921     150693       9016     160000         31     4    1400000   11016000  160000000  160000000
  11       98     9112   159976     87734122497     87734282473        53802929     150699       9016     160000         44     4    1400000   11016000  160000000  160000000
  11       98     9112   159980     87734282482     87734442462        53962914     150676       9016     160000         33     4    1400000   11016000  160000000  160000000
  11       98     9112   159993     87734442470     87734602464        54122902     150709       9016     160000         35     4    1400000   11016000  160000000  160000000
  11       98     9112   160027     87734602472     87734762499        54282904     150706       9016     160000         70     4    1400000   11016000  160000000  160000000
  11       98     9113   159956     87734762508     87734922464        54442940     150645       9016     160000         36     4    1400000   11016000  160000000  160000000
  11       98     9114   160006     87734922473     87735082479        54602905     150710       9016     160000         49     4    1400000   11016000  160000000  160000000
  11       98     9112   160005     87735082490     87735242494        54762921     150681       9016     160000         65     4    1400000   11016000  160000000  160000000
  11       98     9113   159968     87735242503     87735402471        54922935     150659       9016     160000         42     4    1400000   11016000  160000000  160000000
  11       98     9112   160006     87735402480     87735562486        55082912     150711       9016     160000         57     4    1400000   11016000  160000000  160000000
  11       98     9113   159995     87735562495     87735722490        55242927     150669       9016     160000         62     4    1400000   11016000  160000000  160000000
  11       98     9113   159979     87735722500     87735882478        55402931     150673       9016     160000         49     4    1400000   11016000  160000000  160000000
  11       98     9113   159973     87735882488     87736042461        55562919     150687       9016     160000         32     4    1400000   11016000  160000000  160000000
  11       98     9112   160034     87736042469     87736202503        55722901     150724       9016     160000         74     4    1400000   11016000  160000000  160000000
  11       98     9116   159949     87736202513     87736362461        55882944     150641       9016     160000         33     4    1400000   11016000  160000000  160000000
  11       98     9112   160011     87736362470     87736522481        56042902     150713       9016     160000         52     4    1400000   11016000  160000000  160000000
  11       98     9113   159981     87736522490     87736682471        56202922     150691       9016     160000         41     4    1400000   11016000  160000000  160000000
  11       98     9112   159980     87736682482     87736842462        56362913     150695       9016     160000         33     4    1400000   11016000  160000000  160000000
  11       98     9111   159990     87736842471     87737002461        56522903     150727       9016     160000         33     4    1400000   11016000  160000000  160000000
  11       98     9112   160027     87737002470     87737162497        56682902     150711       9016     160000         68     4    1400000   11016000  160000000  160000000
  11       98     9114   159955     87737162506     87737322461        56842938     150669       9016     160000         32     4    1400000   11016000  160000000  160000000
  11       98     9113   176690     87737322470     87737499160        57002902     150708       9016     160000      16731     4    1400000   11016000  160000000  160000000
  11       98     9114   143309     87737499168     87737642477        57179600     133997       9016     160000         48     4    1400000   11016000  160000000  160000000
  11       98     9113   159979     87737642486     87737802465        57322918     150677       9016     160000         36     4    1400000   11016000  160000000  160000000
  11       98     9112   159998     87737802474     87737962471        57482906     150699       9016     160000         43     4    1400000   11016000  160000000  160000000
  11       98     9112   159990     87737962510     87738122500        57642941     150671       9016     160000         70     4    1400000   11016000  160000000  160000000
  11       98     9112   159976     87738122508     87738282484        57802940     150649       9016     160000         55     4    1400000   11016000  160000000  160000000
  11       98     9115   159991     87738282493     87738442484        57962925     150665       9016     160000         55     4    1400000   11016000  160000000  160000000
  11       98     9114   159978     87738442493     87738602471        58122925     150671       9016     160000         42     4    1400000   11016000  160000000  160000000
  11       98     9112   159983     87738602481     87738762465        58282913     150700       9016     160000         36     4    1400000   11016000  160000000  160000000
  11       98     9113   159988     87738762473     87738922461        58442905     150708       9016     160000         32     4    1400000   11016000  160000000  160000000
  11       98     9111   160032     87738922470     87739082502        58602902     150724       9016     160000         72     4    1400000   11016000  160000000  160000000
  11       98     9112   159960     87739082511     87739242471        58762943     150661       9016     160000         42     4    1400000   11016000  160000000  160000000
  11       98     9112   159985     87739242480     87739402465        58922912     150693       9016     160000         36     4    1400000   11016000  160000000  160000000
  11       98     9112   160000     87739402474     87739562474        59082906     150708       9016     160000         44     4    1400000   11016000  160000000  160000000
  11       98     9115   160002     87739562482     87739722485        59242914     150684       9016     160000         56     4    1400000   11016000  160000000  160000000
  11       98     9113   159990     87739722494     87739882483        59402926     150675       9016     160000         55     4    1400000   11016000  160000000  160000000
  11       98     9112   159998     87739882492     87740042490        59562924     150688       9016     160000         61     4    1400000   11016000  160000000  160000000
  11       98     9113   159971     87740042500     87740202471        59722932     150672       9016     160000         42     4    1400000   11016000  160000000  160000000
  11       98     9113   176601     87740202480     87740379081        59882912     150703       9016     160000      16652     4    1400000   11016000  160000000  160000000
  11       98     9117   143399     87740379090     87740522488        60059521     134047       9016     160000         58     4    1400000   11016000  160000000  160000000
  11       98     9114   159981     87740522497     87740682478        60202929     150672       9016     160000         49     4    1400000   11016000  160000000  160000000
  11       98     9112   159991     87740682487     87740842478        60362919     150688       9016     160000         49     4    1400000   11016000  160000000  160000000
