#idx     perf      run   period           start             end          rel_st      slack c_duration   c_period     wu_lat   cpu       freq dl_runtime  dl_period dl_deadline
   2     5700   529843   835521     60640618548     60641454070          907854     301345     524479     860000         43     4    1400000  552084000  860000000  860000000
   2     5700   529835   859998     60641454079     60642314076         1743384     325693     524479     860000         49     4    1400000  552084000  860000000  860000000
   2     5700   529781   859990     60642314085     60643174076         2603391     326021     524479     860000         48     4    1400000  552084000  860000000  860000000
   2     5700   529738   859988     60643174085     60644034072         3463390     326109     524479     860000         45     4    1400000  552084000  860000000  860000000
   2     5700   529734   859996     60644034081     60644894077         4323387     325861     524479     860000         50     5    1400000  552084000  860000000  860000000
   2     5700   529735   859982     60644894087     60645754069         5183393     325782     524479     860000         42     5    1400000  552084000  860000000  860000000
   2     5700   529723   859999     60645754079     60646614078         6043384     325932     524479     860000         50     5    1400000  552084000  860000000  860000000
   2     5700   529740   859988     60646614087     60647474075         6903392     213093     524479     860000         48     5    1400000  552084000  860000000  860000000
   2     5700   529787   859985     60647474084     60648334069         7763389     326046     524479     860000         42     4    1400000  552084000  860000000  860000000
   2     5700   529748   859991     60648334078     60649194069         8623383     325746     524479     860000         42     4    1400000  552084000  860000000  860000000
   2     5700   529721   860005     60649194078     60650054083         9483384     326065     524479     860000         55     5    1400000  552084000  860000000  860000000
   2     5700   529746   859980     60650054092     60650914072        10343398     325745     524479     860000         45     5    1400000  552084000  860000000  860000000
   2     5700   529735   859994     60650914081     60651774075        11203387     325743     524479     860000         48     5    1400000  552084000  860000000  860000000
   2     5700   529730   859983     60651774084     60652634067        12063390     218308     524479     860000         40     5    1400000  552084000  860000000  860000000
   2     5700   529747   859999     60652634076     60653494076        12923382     326034     524479     860000         48     4    1400000  552084000  860000000  860000000
   2     5700   529778   859992     60653494085     60654354077        13783390     325938     524479     860000         49     4    1400000  552084000  860000000  860000000
   2     5700   529755   859982     60654354085     60655214068        14643391     326093     524479     860000         40     6    1400000  552084000  860000000  860000000
   2     5700   529723   859990     60655214077     60656074067        15503382     326171     524479     860000         40     5    1400000  552084000  860000000  860000000
   2     5700   529716   859995     60656074076     60656934071        16363382     326140     524479     860000         44     5    1400000  552084000  860000000  860000000
   2     5700   529832   859993     60656934080     60657794073        17223385     325480     524479     860000         46     5    1400000  552084000  860000000  860000000
   2     5700   529736   860005     60657794082     60658654087        18083387     202924     524479     860000         59     5    1400000  552084000  860000000  860000000
   2     5700   529896   859971     60658654096     60659514067        18943401     325606     524479     860000         40     6    1400000  552084000  860000000  860000000
   2     5700   529785   859996     60659514076     60660374072        19803382     325557     524479     860000         45     6    1400000  552084000  860000000  860000000
   2     5700   529706   859958     60660374121     60661234079        20663426     326190     524479     860000         51     5    1400000  552084000  860000000  860000000
   2     5700   529728   859988     60661234088     60662094076        21523394     326035     524479     860000         49     5    1400000  552084000  860000000  860000000
   2     5700   529744   859990     60662094085     60662954075        22383391     325760     524479     860000         48     4    1400000  552084000  860000000  860000000
   2     5700   529744   859992     60662954084     60663814076        23243390     325685     524479     860000         49     5    1400000  552084000  860000000  860000000
   2     5700   529735   859993     60663814085     60664674078        24103390     325768     524479     860000         48     5    1400000  552084000  860000000  860000000
   2     5700   529769   859988     60664674087     60665534076        24963393     312302     524479     860000         48     5    1400000  552084000  860000000  860000000
   2     5700   529790   859997     60665534084     60666394081        25823390     325545     524479     860000         54     4    1400000  552084000  860000000  860000000
   2     5700   529723   859988     60666394091     60667254079        26683396     326110     524479     860000         52     5    1400000  552084000  860000000  860000000
   2     5700   529741   859981     60667254088     60668114068        27543393     325881     524479     860000         41     5    1400000  552084000  860000000  860000000
   2     5700   529736   859999     60668114077     60668974077        28403383     325865     524479     860000         47     5    1400000  552084000  860000000  860000000
   2     5700   529742   859986     60668974086     60669834072        29263391     325754     524479     860000         45     5    1400000  552084000  860000000  860000000
   2     5700   529741   859995     60669834080     60670694075        30123386      63135     524479     860000         48     5    1400000  552084000  860000000  860000000
   2     5700   529745   859977     60670694084     60671554062        30983390     326163     524479     860000         34     5    1400000  552084000  860000000  860000000
   2     5700   529779   859998     60671554071     60672414068        31843376     325591     524479     860000         41     6    1400000  552084000  860000000  860000000
   2     5700   529712   859998     60672414077     60673274075        32703383     326187     524479     860000         48     5    1400000  552084000  860000000  860000000
   2     5700   529713   859987     60673274084     60674134071        33563390     326240     524479     860000         44     5    1400000  552084000  860000000  860000000
   2     5700   529721   859987     60674134080     60674994067        34423386     326026     524479     860000         40     5    1400000  552084000  860000000  860000000
   2     5700   529731   859999     60674994076     60675854075        35283382     325691     524479     860000         48     5    1400000  552084000  860000000  860000000
   2     5700   529762   859994     60675854084     60676714078        36143389     325978     524479     860000         51     5    1400000  552084000  860000000  860000000
   2     5700   529779   859984     60676714088     60677574072        37003393     325769     524479     860000         45     4    1400000  552084000  860000000  860000000
   2     5700   529752   860004     60677574081     60678434086        37863387     271676     524479     860000         58     6    1400000  552084000  860000000  860000000
   2     5700   529770   859986     60678434095     60679294081        38723400     326039     524479     860000         54     6    1400000  552084000  860000000  860000000
   2     5700   529739   859980     60679294091     60680154071        39583396     325928     524479     860000         44     5    1400000  552084000  860000000  860000000
   2     5700   529735   859983     60680154080     60681014063        40443385     325842     524479     860000         36     5    1400000  552084000  860000000  860000000
   2     5700   529748   859974     60681014107     60681874081        41303413     325937     524479     860000         54     4    1400000  552084000  860000000  860000000
   2     5700   529880   859977     60681874090     60682734067        42163395     325365     524479     860000         39     4    1400000  552084000  860000000  860000000
   2     5700   529862   859993     60682734076     60683594069        43023381     325506     524479     860000         41     6    1400000  552084000  860000000  860000000
   2     5700   529775   859996     60683594077     60684454073        43883383     326060     524479     860000         46     5    1400000  552084000  860000000  860000000
   2     5700   529727   859986     60684454082     60685314068        44743388     325906     524479     860000         41     5    1400000  552084000  860000000  860000000
   2     5700   529725   859995     60685314077     60686174072        45603382     326080     524479     860000         44     5    1400000  552084000  860000000  860000000
   2     5700   529730   859995     60686174081     60687034076        46463386     325758     524479     860000         49     5    1400000  552084000  860000000  860000000
   2     5700   529747   859994     60687034085     60687894079        47323391     248074     524479     860000         50     5    1400000  552084000  860000000  860000000
   2     5700   529747   859978     60687894088     60688754067        48183394     246118     524479     860000         39     6    1400000  552084000  860000000  860000000
   2     5700   529750   860002     60688754076     60689614077        49043381     326073     524479     860000         50     4    1400000  552084000  860000000  860000000
   2     5700   529781   859981     60689614086     60690474067        49903392     325712     524479     860000         40     4    1400000  552084000  860000000  860000000
   2     5700   529718   859999     60690474077     60691334075        50763382     326106     524479     860000         48     5    1400000  552084000  860000000  860000000
   2     5700   529736   860001     60691334084     60692194085        51623390     325811     524479     860000         58     5    1400000  552084000  860000000  860000000
   2     5700   529740   859977     60692194094     60693054071        52483399     325669     524479     860000         44     5    1400000  552084000  860000000  860000000
   2     5700   529731   859996     60693054080     60693914076        53343385     325760     524479     860000         48     5    1400000  552084000  860000000  860000000
   2     5700   529845   860012     60693914085     60694774096        54203390     325758     524479     860000         69     4    1400000  552084000  860000000  860000000
   2     5700   529763   859963     60694774106     60695634069        55063411     326061     524479     860000         42     6    1400000  552084000  860000000  860000000
   2     5700   529718   859990     60695634078     60696494068        55923384     326210     524479     860000         41     5    1400000  552084000  860000000  860000000
   2     5700   529736   860001     60696494077     60697354078        56783382     325959     524479     860000         49     5    1400000  552084000  860000000  860000000
   2     5700   529732   859981     60697354087     60698214068        57643392     325922     524479     860000         41     5    1400000  552084000  860000000  860000000
   2     5700   529734   859994     60698214077     60699074071        58503383     325758     524479     860000         44     5    1400000  552084000  860000000  860000000
   2     5700   529734   859996     60699074080     60699934076        59363385     202989     524479     860000         49     5    1400000  552084000  860000000  860000000
   2     5700   529842   860000     60699934085     60700794085        60223390     325730     524479     860000         58     4    1400000  552084000  860000000  860000000
   2     5700   529739   859948     60700794129     60701654077        61083434     326052     524479     860000         50     4    1400000  552084000  860000000  860000000
   2     5700   529718   859987     60701654086     60702514072        61943391     326119     524479     860000         45     5    1400000  552084000  860000000  860000000
   2     5700   529736   860000     60702514081     60703374081        62803387     325735     524479     860000         54     5    1400000  552084000  860000000  860000000
   2     5700   529720   859970     60703374090     60704234060        63663395     325880     524479     860000         33     5    1400000  552084000  860000000  860000000
   2     5700   529735   860018     60704234069     60705094087        64523374     325994     524479     860000         59     5    1400000  552084000  860000000  860000000
   2     5700   529732   859966     60705094096     60705954062        65383402     325863     524479     860000         35     5    1400000  552084000  860000000  860000000
   2     5700   529807   897885     60705954071     60706851956        66243377     325855     524479     860000      37929     6    1400000  552084000  860000000  860000000
   2     5700   529748   822110     60706851965     60707674075        67141270     288299     524479     860000         48     6    1400000  552084000  860000000  860000000
   2     5700   529820   859988     60707674084     60708534072        67963390     325474     524479     860000         45     4    1400000  552084000  860000000  860000000
   2     5700   529729   859991     60708534081     60709394072        68823386     325806     524479     860000         45     5    1400000  552084000  860000000  860000000
   2     5700   529719   859987     60709394081     60710254068        69683387     326054     524479     860000         41     5    1400000  552084000  860000000  860000000
   2     5700   529737   859986     60710254077     60711114063        70543382     325540     524479     860000         36     5    1400000  552084000  860000000  860000000
   2     5700   529850   859996     60711114072     60711974068        71403378     325601     524479     860000         41     6    1400000  552084000  860000000  860000000
   2     5700   529816   860006     60711974077     60712834083        72263383     306489     524479     860000         56     4    1400000  552084000  860000000  860000000
   2     5700   529758   859977     60712834092     60713694068        73123397     325943     524479     860000         41     4    1400000  552084000  860000000  860000000
   2     5700   529731   859999     60713694077     60714554076        73983383     326173     524479     860000         49     5    1400000  552084000  860000000  860000000
   2     5700   529722   859983     60714554085     60715414068        74843390     325866     524479     860000         40     5    1400000  552084000  860000000  860000000
   2     5700   529730   860006     60715414077     60716274082        75703382     288134     524479     860000         55     5    1400000  552084000  860000000  860000000
   2     5700   529854   859978     60716274091     60717134069        76563397     325534     524479     860000         42     7    1400000  552084000  860000000  860000000
   2     5700   529848   860006     60717134078     60717994084        77423383     325506     524479     860000         55     4    1400000  552084000  860000000  860000000
   2     5700   529814   859989     60717994094     60718854083        78283399     301684     524479     860000         56     4    1400000  552084000  860000000  860000000
   2     5700   529730   859977     60718854092     60719714069        79143398     326299     524479     860000         42     4    1400000  552084000  860000000  860000000
   2     5700   529734   860003     60719714078     60720574081        80003383     325810     524479     860000         53     5    1400000  552084000  860000000  860000000
   2     5700   529746   859980     60720574090     60721434070        80863396     325893     524479     860000         43     5    1400000  552084000  860000000  860000000
   2     5700   529740   859963     60721434114     60722294077        81723419     325640     524479     860000         50     5    1400000  552084000  860000000  860000000
   2     5700   529716   859990     60722294086     60723154076        82583391      63464     524479     860000         49     5    1400000  552084000  860000000  860000000
   2     5700   529819   859977     60723154085     60724014063        83443391     325985     524479     860000         36     4    1400000  552084000  860000000  860000000
   2     5700   529794   860011     60724014072     60724874083        84303377     325728     524479     860000         55     4    1400000  552084000  860000000  860000000
   2     5700   529712   877710     60724874092     60725751802        85163397     326206     524479     860000      17775     5    1400000  552084000  860000000  860000000
   2     5700   529730   842268     60725751811     60726594079        86041116     308151     524479     860000         52     5    1400000  552084000  860000000  860000000
   2     5700   529731   859987     60726594088     60727454076        86883394     325764     524479     860000         48     5    1400000  552084000  860000000  860000000
   2     5700   529727   859987     60727454085     60728314072        87743390     325826     524479     860000         45     5    1400000  552084000  860000000  860000000
   2     5700   529732   859996     60728314081     60729174077        88603386     325860     524479     860000         50     5    1400000  552084000  860000000  860000000
   2     5700   529810   859990     60729174086     60730034077        89463392     301505     524479     860000         49     4    1400000  552084000  860000000  860000000
