#idx     perf      run   period           start             end          rel_st      slack c_duration   c_period     wu_lat   cpu       freq dl_runtime  dl_period dl_deadline
   4     2410   284504   882785     31997914889     31998797673         1796402     372313     221808     930000         54     5    1400000  233483000  930000000  930000000
   4     2410   286589   929972     31998797684     31999727657         2679197     360680     221808     930000         38     5    1100000  233483000  930000000  930000000
   4     2410   285792   955859     31999727668     32000683527         3609181     417576     221808     930000      25908     5    1100000  233483000  930000000  930000000
   4     2410   286865   959933     32000683537     32001643471         4565050     390348     221808     930000      55852     5    1100000  233483000  930000000  930000000
   4     2410   286884   874185     32001643482     32002517667         5524995     360468     221808     930000         48     5    1100000  233483000  930000000  930000000
   4     2410   286897   929988     32002517678     32003447666         6399191     360339     221808     930000         47     5    1100000  233483000  930000000  930000000
   4     2410   286883   955815     32003447677     32004403492         7329190     416013     221808     930000      25873     5    1100000  233483000  930000000  930000000
   4     2410   286894   960755     32004403503     32005364257         8285016     390194     221808     930000      56638     5    1100000  233483000  930000000  930000000
   4     2410   286847   873398     32005364269     32006237668         9245782     360334     221808     930000         48     5    1000000  233483000  930000000  930000000
   4     2410   286908   930227     32006237679     32007167906        10119192     360113     221808     930000        285     5    1100000  233483000  930000000  930000000
   4     2410   287151   955792     32007167923     32008123715        11049436     416203     221808     930000      26096     5     700000  233483000  930000000  930000000
   4     2410   285818   959705     32008123726     32009083431        12005239     391742     221808     930000      55812     5    1100000  233483000  930000000  930000000
   4     2410   286872   874232     32009083442     32009957674        12964955     360282     221808     930000         54     5    1100000  233483000  930000000  930000000
   4     2410   286900   929972     32009957685     32010887657        13839198     360687     221808     930000         38     5    1100000  233483000  930000000  930000000
   4     2410   286871   955754     32010887668     32011843422        14769181     416224     221808     930000      25803     5    1100000  233483000  930000000  930000000
   4     2410   286874   959926     32011843433     32012803359        15724946     390737     221808     930000      55740     5    1100000  233483000  930000000  930000000
   4     2410   286889   874301     32012803370     32013677671        16684883     360753     221808     930000         52     5    1100000  233483000  930000000  930000000
   4     2410   286889   929985     32013677682     32014607666        17559195     360850     221808     930000         47     5    1100000  233483000  930000000  930000000
   4     2410   286885   956537     32014607678     32015564215        18489191     416028     221808     930000      26596     5    1100000  233483000  930000000  930000000
   4     2410   286871   960281     32015564227     32016524508        19445740     390293     221808     930000      56889     5    1000000  233483000  930000000  930000000
   4     2410   285800   873148     32016524519     32017397667        20406032     360743     221808     930000         48     5    1100000  233483000  930000000  930000000
   4     2410   286586   929989     32017397678     32018327667        21279191     360587     221808     930000         48     5    1100000  233483000  930000000  930000000
   4     2410   285813   955802     32018327678     32019283480        22209191     417816     221808     930000      25861     5    1100000  233483000  930000000  930000000
   4     2410   286965   959909     32019283540     32020243448        23165053     388621     221808     930000      55829     5    1100000  233483000  930000000  930000000
   4     2410   286882   874216     32020243459     32021117675        24124972     360218     221808     930000         56     5    1100000  233483000  930000000  930000000
   4     2410   286904   929980     32021117686     32022047666        24999199     360308     221808     930000         47     5    1100000  233483000  930000000  930000000
   4     2410   286903   955766     32022047677     32023003443        25929190     416282     221808     930000      25824     5    1100000  233483000  930000000  930000000
   4     2410   286896   960711     32023003455     32023964166        26884968     390451     221808     930000      56547     5    1100000  233483000  930000000  930000000
   4     2410   286885   873489     32023964178     32024837667        27845691     360721     221808     930000         47     5    1000000  233483000  930000000  930000000
   4     2410   286893   930225     32024837678     32025767903        28719191     360198     221808     930000        282     5    1100000  233483000  930000000  930000000
   4     2410   287164   955808     32025767921     32026723729        29649434     416174     221808     930000      26110     5     700000  233483000  930000000  930000000
   4     2410   285800   959711     32026723740     32027683451        30605253     391614     221808     930000      55832     5    1100000  233483000  930000000  930000000
   4     2410   286888   874194     32027683462     32028557657        31564975     360469     221808     930000         37     5    1100000  233483000  930000000  930000000
   4     2410   286882   929993     32028557667     32029487661        32439180     360171     221808     930000         41     5    1100000  233483000  930000000  930000000
   4     2410   287327   955780     32029487672     32030443452        33369185     414932     221808     930000      25833     5    1100000  233483000  930000000  930000000
   4     2410   286889   959954     32030443463     32031403417        34324976     390732     221808     930000      55798     5    1100000  233483000  930000000  930000000
   4     2410   286881   874239     32031403428     32032277667        35284941     360301     221808     930000         48     5    1100000  233483000  930000000  930000000
   4     2410   286897   929988     32032277678     32033207666        36159191     360254     221808     930000         47     5    1100000  233483000  930000000  930000000
   4     2410   286879   956478     32033207678     32034164156        37089190     416596     221808     930000      26537     5    1100000  233483000  930000000  930000000
   4     2410   286870   960313     32034164168     32035124481        38045681     390263     221808     930000      56862     5    1000000  233483000  930000000  930000000
   4     2410   285787   873176     32035124492     32035997668        39006005     360669     221808     930000         49     5    1100000  233483000  930000000  930000000
   4     2410   286581   929987     32035997679     32036927666        39879192     360736     221808     930000         47     5    1100000  233483000  930000000  930000000
   4     2410   285803   955756     32036927677     32037883433        40809190     417689     221808     930000      25814     5    1100000  233483000  930000000  930000000
   4     2410   286884   959969     32037883445     32038843413        41764958     390494     221808     930000      55794     5    1100000  233483000  930000000  930000000
   4     2410   286881   874243     32038843424     32039717667        42724937     360383     221808     930000         48     5    1100000  233483000  930000000  930000000
   4     2410   286923   929999     32039717679     32040647678        43599192     360593     221808     930000         59     5    1100000  233483000  930000000  930000000
   4     2410   286892   955749     32040647689     32041603438        44529202     416156     221808     930000      25819     5    1100000  233483000  930000000  930000000
   4     2410   286894   960736     32041603493     32042564229        45485006     390286     221808     930000      56610     5    1100000  233483000  930000000  930000000
   4     2410   286877   873432     32042564241     32043437673        46445754     360199     221808     930000         54     5    1000000  233483000  930000000  930000000
   4     2410   286886   930159     32043437684     32044367843        47319197     360416     221808     930000        223     5    1100000  233483000  930000000  930000000
   4     2410   287206   955876     32044367860     32045323736        48249373     416227     221808     930000      26117     5     700000  233483000  930000000  930000000
   4     2410   285818   959707     32045323747     32046283454        49205260     391705     221808     930000      55835     5    1100000  233483000  930000000  930000000
   4     2410   286870   874202     32046283465     32047157667        50164978     360426     221808     930000         48     5    1100000  233483000  930000000  930000000
   4     2410   286887   929979     32047157678     32048087657        51039191     360282     221808     930000         38     5    1100000  233483000  930000000  930000000
   4     2410   286876   955800     32048087668     32049043468        51969181     416308     221808     930000      25849     5    1100000  233483000  930000000  930000000
   4     2410   286894   959932     32049043479     32050003411        52924992     390309     221808     930000      55792     5    1100000  233483000  930000000  930000000
   4     2410   286866   874246     32050003421     32050877667        53884934     360272     221808     930000         48     5    1100000  233483000  930000000  930000000
   4     2410   286900   929979     32050877678     32051807657        54759191     360364     221808     930000         38     5    1100000  233483000  930000000  930000000
   4     2410   286885   956508     32051807669     32052764177        55689182     416347     221808     930000      26558     5    1100000  233483000  930000000  930000000
   4     2410   286877   960227     32052764189     32053724417        56645702     390193     221808     930000      56798     5    1000000  233483000  930000000  930000000
   4     2410   285800   873239     32053724427     32054597667        57605940     360968     221808     930000         47     5    1100000  233483000  930000000  930000000
   4     2410   286578   929988     32054597678     32055527666        58479191     361001     221808     930000         47     5    1100000  233483000  930000000  930000000
   4     2410   285801   955781     32055527677     32056483459        59409190     417571     221808     930000      25840     5    1100000  233483000  930000000  930000000
